[2025-01-20T20:31:38.239+0000] {local_task_job_runner.py:123} INFO - ::group::Pre task execution logs
[2025-01-20T20:31:38.259+0000] {taskinstance.py:2613} INFO - Dependencies all met for dep_context=non-requeueable deps ti=<TaskInstance: DAG_AWS_PIPELINE.extract_articles manual__2025-01-20T20:31:34.572622+00:00 [queued]>
[2025-01-20T20:31:38.266+0000] {taskinstance.py:2613} INFO - Dependencies all met for dep_context=requeueable deps ti=<TaskInstance: DAG_AWS_PIPELINE.extract_articles manual__2025-01-20T20:31:34.572622+00:00 [queued]>
[2025-01-20T20:31:38.267+0000] {taskinstance.py:2866} INFO - Starting attempt 1 of 2
[2025-01-20T20:31:38.281+0000] {taskinstance.py:2889} INFO - Executing <Task(PythonOperator): extract_articles> on 2025-01-20 20:31:34.572622+00:00
[2025-01-20T20:31:38.290+0000] {warnings.py:112} WARNING - /home/***/.local/lib/python3.12/site-packages/***/task/task_runner/standard_task_runner.py:70: DeprecationWarning: This process (pid=6331) is multi-threaded, use of fork() may lead to deadlocks in the child.
  pid = os.fork()

[2025-01-20T20:31:38.291+0000] {standard_task_runner.py:72} INFO - Started process 6337 to run task
[2025-01-20T20:31:38.292+0000] {standard_task_runner.py:104} INFO - Running: ['***', 'tasks', 'run', 'DAG_AWS_PIPELINE', 'extract_articles', 'manual__2025-01-20T20:31:34.572622+00:00', '--job-id', '272', '--raw', '--subdir', 'DAGS_FOLDER/Ingesta_aws.py', '--cfg-path', '/tmp/tmpc6jm7pco']
[2025-01-20T20:31:38.292+0000] {standard_task_runner.py:105} INFO - Job 272: Subtask extract_articles
[2025-01-20T20:31:38.333+0000] {task_command.py:467} INFO - Running <TaskInstance: DAG_AWS_PIPELINE.extract_articles manual__2025-01-20T20:31:34.572622+00:00 [running]> on host 59ff16f1d4fb
[2025-01-20T20:31:38.413+0000] {taskinstance.py:3132} INFO - Exporting env vars: AIRFLOW_CTX_DAG_OWNER='Wilfrido Rondon' AIRFLOW_CTX_DAG_ID='DAG_AWS_PIPELINE' AIRFLOW_CTX_TASK_ID='extract_articles' AIRFLOW_CTX_EXECUTION_DATE='2025-01-20T20:31:34.572622+00:00' AIRFLOW_CTX_TRY_NUMBER='1' AIRFLOW_CTX_DAG_RUN_ID='manual__2025-01-20T20:31:34.572622+00:00'
[2025-01-20T20:31:38.416+0000] {logging_mixin.py:190} INFO - Task instance is in running state
[2025-01-20T20:31:38.416+0000] {logging_mixin.py:190} INFO -  Previous state of the Task instance: queued
[2025-01-20T20:31:38.416+0000] {logging_mixin.py:190} INFO - Current task name:extract_articles state:running start_date:2025-01-20 20:31:38.260051+00:00
[2025-01-20T20:31:38.417+0000] {logging_mixin.py:190} INFO - Dag name:DAG_AWS_PIPELINE and current dag run status:running
[2025-01-20T20:31:38.417+0000] {taskinstance.py:731} INFO - ::endgroup::
[2025-01-20T20:31:38.418+0000] {Ingesta_aws.py:34} INFO - Recuperando página 1...
[2025-01-20T20:31:39.070+0000] {Ingesta_aws.py:44} INFO - Artículos recuperados: 10, total acumulado: 10
[2025-01-20T20:31:39.070+0000] {Ingesta_aws.py:34} INFO - Recuperando página 2...
[2025-01-20T20:31:39.777+0000] {Ingesta_aws.py:44} INFO - Artículos recuperados: 10, total acumulado: 20
[2025-01-20T20:31:39.778+0000] {Ingesta_aws.py:34} INFO - Recuperando página 3...
[2025-01-20T20:31:40.231+0000] {Ingesta_aws.py:44} INFO - Artículos recuperados: 10, total acumulado: 30
[2025-01-20T20:31:40.232+0000] {Ingesta_aws.py:34} INFO - Recuperando página 4...
[2025-01-20T20:31:40.706+0000] {Ingesta_aws.py:44} INFO - Artículos recuperados: 10, total acumulado: 40
[2025-01-20T20:31:40.706+0000] {Ingesta_aws.py:34} INFO - Recuperando página 5...
[2025-01-20T20:31:41.165+0000] {Ingesta_aws.py:44} INFO - Artículos recuperados: 10, total acumulado: 50
[2025-01-20T20:31:41.166+0000] {Ingesta_aws.py:34} INFO - Recuperando página 6...
[2025-01-20T20:31:41.620+0000] {Ingesta_aws.py:44} INFO - Artículos recuperados: 10, total acumulado: 60
[2025-01-20T20:31:41.620+0000] {Ingesta_aws.py:34} INFO - Recuperando página 7...
[2025-01-20T20:31:42.159+0000] {Ingesta_aws.py:44} INFO - Artículos recuperados: 10, total acumulado: 70
[2025-01-20T20:31:42.159+0000] {Ingesta_aws.py:34} INFO - Recuperando página 8...
[2025-01-20T20:31:42.619+0000] {Ingesta_aws.py:44} INFO - Artículos recuperados: 10, total acumulado: 80
[2025-01-20T20:31:42.620+0000] {Ingesta_aws.py:34} INFO - Recuperando página 9...
[2025-01-20T20:31:43.031+0000] {Ingesta_aws.py:44} INFO - Artículos recuperados: 10, total acumulado: 90
[2025-01-20T20:31:43.031+0000] {Ingesta_aws.py:34} INFO - Recuperando página 10...
[2025-01-20T20:31:43.559+0000] {Ingesta_aws.py:44} INFO - Artículos recuperados: 10, total acumulado: 100
[2025-01-20T20:31:43.560+0000] {Ingesta_aws.py:56} INFO - Transformando los datos a CSV...
[2025-01-20T20:31:43.567+0000] {Ingesta_aws.py:63} INFO - CSV guardado temporalmente en: /tmp/articulos.csv
[2025-01-20T20:31:43.568+0000] {python.py:240} INFO - Done. Returned value was: /tmp/articulos.csv
[2025-01-20T20:31:43.592+0000] {taskinstance.py:340} INFO - ::group::Post task execution logs
[2025-01-20T20:31:43.592+0000] {taskinstance.py:352} INFO - Marking task as SUCCESS. dag_id=DAG_AWS_PIPELINE, task_id=extract_articles, run_id=manual__2025-01-20T20:31:34.572622+00:00, execution_date=20250120T203134, start_date=20250120T203138, end_date=20250120T203143
[2025-01-20T20:31:43.604+0000] {logging_mixin.py:190} INFO - Task instance in success state
[2025-01-20T20:31:43.604+0000] {logging_mixin.py:190} INFO -  Previous state of the Task instance: running
[2025-01-20T20:31:43.605+0000] {logging_mixin.py:190} INFO - Dag name:DAG_AWS_PIPELINE queued_at:2025-01-20 20:31:34.591383+00:00
[2025-01-20T20:31:43.605+0000] {logging_mixin.py:190} INFO - Task hostname:59ff16f1d4fb operator:PythonOperator
[2025-01-20T20:31:43.642+0000] {local_task_job_runner.py:266} INFO - Task exited with return code 0
[2025-01-20T20:31:43.669+0000] {taskinstance.py:3895} INFO - 1 downstream tasks scheduled from follow-on schedule check
[2025-01-20T20:31:43.671+0000] {local_task_job_runner.py:245} INFO - ::endgroup::
