[2025-01-20T20:57:23.817+0000] {local_task_job_runner.py:123} INFO - ::group::Pre task execution logs
[2025-01-20T20:57:23.836+0000] {taskinstance.py:2613} INFO - Dependencies all met for dep_context=non-requeueable deps ti=<TaskInstance: DAG_AWS_PIPELINE.extract_events manual__2025-01-20T20:57:20.129247+00:00 [queued]>
[2025-01-20T20:57:23.845+0000] {taskinstance.py:2613} INFO - Dependencies all met for dep_context=requeueable deps ti=<TaskInstance: DAG_AWS_PIPELINE.extract_events manual__2025-01-20T20:57:20.129247+00:00 [queued]>
[2025-01-20T20:57:23.845+0000] {taskinstance.py:2866} INFO - Starting attempt 1 of 2
[2025-01-20T20:57:23.860+0000] {taskinstance.py:2889} INFO - Executing <Task(PythonOperator): extract_events> on 2025-01-20 20:57:20.129247+00:00
[2025-01-20T20:57:23.868+0000] {warnings.py:112} WARNING - /home/***/.local/lib/python3.12/site-packages/***/task/task_runner/standard_task_runner.py:70: DeprecationWarning: This process (pid=362) is multi-threaded, use of fork() may lead to deadlocks in the child.
  pid = os.fork()

[2025-01-20T20:57:23.870+0000] {standard_task_runner.py:72} INFO - Started process 367 to run task
[2025-01-20T20:57:23.871+0000] {standard_task_runner.py:104} INFO - Running: ['***', 'tasks', 'run', 'DAG_AWS_PIPELINE', 'extract_events', 'manual__2025-01-20T20:57:20.129247+00:00', '--job-id', '306', '--raw', '--subdir', 'DAGS_FOLDER/Ingesta_aws.py', '--cfg-path', '/tmp/tmp21lmkg2t']
[2025-01-20T20:57:23.872+0000] {standard_task_runner.py:105} INFO - Job 306: Subtask extract_events
[2025-01-20T20:57:23.924+0000] {task_command.py:467} INFO - Running <TaskInstance: DAG_AWS_PIPELINE.extract_events manual__2025-01-20T20:57:20.129247+00:00 [running]> on host 59ff16f1d4fb
[2025-01-20T20:57:24.018+0000] {taskinstance.py:3132} INFO - Exporting env vars: AIRFLOW_CTX_DAG_OWNER='Wilfrido Rondon' AIRFLOW_CTX_DAG_ID='DAG_AWS_PIPELINE' AIRFLOW_CTX_TASK_ID='extract_events' AIRFLOW_CTX_EXECUTION_DATE='2025-01-20T20:57:20.129247+00:00' AIRFLOW_CTX_TRY_NUMBER='1' AIRFLOW_CTX_DAG_RUN_ID='manual__2025-01-20T20:57:20.129247+00:00'
[2025-01-20T20:57:24.020+0000] {logging_mixin.py:190} INFO - Task instance is in running state
[2025-01-20T20:57:24.021+0000] {logging_mixin.py:190} INFO -  Previous state of the Task instance: queued
[2025-01-20T20:57:24.021+0000] {logging_mixin.py:190} INFO - Current task name:extract_events state:running start_date:2025-01-20 20:57:23.836847+00:00
[2025-01-20T20:57:24.021+0000] {logging_mixin.py:190} INFO - Dag name:DAG_AWS_PIPELINE and current dag run status:running
[2025-01-20T20:57:24.021+0000] {taskinstance.py:731} INFO - ::endgroup::
[2025-01-20T20:57:24.022+0000] {Ingesta_aws.py:119} INFO - Recuperando página 1...
[2025-01-20T20:57:24.350+0000] {Ingesta_aws.py:137} ERROR - Error al recuperar los datos. Código de estado: 404
[2025-01-20T20:57:24.351+0000] {Ingesta_aws.py:141} INFO - Transformando los datos a CSV...
[2025-01-20T20:57:24.357+0000] {Ingesta_aws.py:148} INFO - CSV guardado temporalmente en: /tmp/reports.csv
[2025-01-20T20:57:24.358+0000] {python.py:240} INFO - Done. Returned value was: /tmp/reports.csv
[2025-01-20T20:57:24.383+0000] {taskinstance.py:340} INFO - ::group::Post task execution logs
[2025-01-20T20:57:24.384+0000] {taskinstance.py:352} INFO - Marking task as SUCCESS. dag_id=DAG_AWS_PIPELINE, task_id=extract_events, run_id=manual__2025-01-20T20:57:20.129247+00:00, execution_date=20250120T205720, start_date=20250120T205723, end_date=20250120T205724
[2025-01-20T20:57:24.395+0000] {logging_mixin.py:190} INFO - Task instance in success state
[2025-01-20T20:57:24.396+0000] {logging_mixin.py:190} INFO -  Previous state of the Task instance: running
[2025-01-20T20:57:24.396+0000] {logging_mixin.py:190} INFO - Dag name:DAG_AWS_PIPELINE queued_at:2025-01-20 20:57:20.144157+00:00
[2025-01-20T20:57:24.396+0000] {logging_mixin.py:190} INFO - Task hostname:59ff16f1d4fb operator:PythonOperator
[2025-01-20T20:57:24.431+0000] {local_task_job_runner.py:266} INFO - Task exited with return code 0
[2025-01-20T20:57:24.459+0000] {taskinstance.py:3895} INFO - 1 downstream tasks scheduled from follow-on schedule check
[2025-01-20T20:57:24.462+0000] {local_task_job_runner.py:245} INFO - ::endgroup::
