[2025-01-17T22:43:53.854+0000] {local_task_job_runner.py:123} INFO - ::group::Pre task execution logs
[2025-01-17T22:43:53.877+0000] {taskinstance.py:2613} INFO - Dependencies all met for dep_context=non-requeueable deps ti=<TaskInstance: spaceflight_data_ingest_v2.fetch_articles manual__2025-01-17T22:31:21.802767+00:00 [queued]>
[2025-01-17T22:43:53.889+0000] {taskinstance.py:2613} INFO - Dependencies all met for dep_context=requeueable deps ti=<TaskInstance: spaceflight_data_ingest_v2.fetch_articles manual__2025-01-17T22:31:21.802767+00:00 [queued]>
[2025-01-17T22:43:53.889+0000] {taskinstance.py:2866} INFO - Starting attempt 2 of 2
[2025-01-17T22:43:53.907+0000] {taskinstance.py:2889} INFO - Executing <Task(PythonOperator): fetch_articles> on 2025-01-17 22:31:21.802767+00:00
[2025-01-17T22:43:53.920+0000] {warnings.py:112} WARNING - /home/***/.local/lib/python3.12/site-packages/***/task/task_runner/standard_task_runner.py:70: DeprecationWarning: This process (pid=897) is multi-threaded, use of fork() may lead to deadlocks in the child.
  pid = os.fork()

[2025-01-17T22:43:53.923+0000] {standard_task_runner.py:72} INFO - Started process 899 to run task
[2025-01-17T22:43:53.923+0000] {standard_task_runner.py:104} INFO - Running: ['***', 'tasks', 'run', 'spaceflight_data_ingest_v2', 'fetch_articles', 'manual__2025-01-17T22:31:21.802767+00:00', '--job-id', '110', '--raw', '--subdir', 'DAGS_FOLDER/spaceflight_data_ingest_v2.py', '--cfg-path', '/tmp/tmpq6_y0jxr']
[2025-01-17T22:43:53.924+0000] {standard_task_runner.py:105} INFO - Job 110: Subtask fetch_articles
[2025-01-17T22:43:54.002+0000] {task_command.py:467} INFO - Running <TaskInstance: spaceflight_data_ingest_v2.fetch_articles manual__2025-01-17T22:31:21.802767+00:00 [running]> on host 59ff16f1d4fb
[2025-01-17T22:43:54.410+0000] {taskinstance.py:3132} INFO - Exporting env vars: AIRFLOW_CTX_DAG_OWNER='***' AIRFLOW_CTX_DAG_ID='spaceflight_data_ingest_v2' AIRFLOW_CTX_TASK_ID='fetch_articles' AIRFLOW_CTX_EXECUTION_DATE='2025-01-17T22:31:21.802767+00:00' AIRFLOW_CTX_TRY_NUMBER='2' AIRFLOW_CTX_DAG_RUN_ID='manual__2025-01-17T22:31:21.802767+00:00'
[2025-01-17T22:43:54.411+0000] {logging_mixin.py:190} INFO - Task instance is in running state
[2025-01-17T22:43:54.411+0000] {logging_mixin.py:190} INFO -  Previous state of the Task instance: queued
[2025-01-17T22:43:54.412+0000] {logging_mixin.py:190} INFO - Current task name:fetch_articles state:running start_date:2025-01-17 22:43:53.878290+00:00
[2025-01-17T22:43:54.412+0000] {logging_mixin.py:190} INFO - Dag name:spaceflight_data_ingest_v2 and current dag run status:running
[2025-01-17T22:43:54.412+0000] {taskinstance.py:731} INFO - ::endgroup::
[2025-01-17T22:43:54.771+0000] {spaceflight_data_ingest_v2.py:77} ERROR - Error en la solicitud: 'id'
[2025-01-17T22:43:54.772+0000] {spaceflight_data_ingest_v2.py:81} INFO - Reintentando... intento 1/5
[2025-01-17T22:43:59.773+0000] {spaceflight_data_ingest_v2.py:81} INFO - Reintentando... intento 2/5
[2025-01-17T22:44:04.775+0000] {spaceflight_data_ingest_v2.py:81} INFO - Reintentando... intento 3/5
[2025-01-17T22:44:07.050+0000] {spaceflight_data_ingest_v2.py:81} INFO - Reintentando... intento 4/5
[2025-01-17T22:44:12.051+0000] {spaceflight_data_ingest_v2.py:81} INFO - Reintentando... intento 5/5
[2025-01-17T22:44:17.364+0000] {spaceflight_data_ingest_v2.py:56} WARNING - Articles duplicado omitido: 28698
[2025-01-17T22:44:17.365+0000] {spaceflight_data_ingest_v2.py:56} WARNING - Articles duplicado omitido: 28696
[2025-01-17T22:44:17.365+0000] {spaceflight_data_ingest_v2.py:56} WARNING - Articles duplicado omitido: 28697
[2025-01-17T22:44:17.365+0000] {spaceflight_data_ingest_v2.py:56} WARNING - Articles duplicado omitido: 28695
[2025-01-17T22:44:17.366+0000] {spaceflight_data_ingest_v2.py:56} WARNING - Articles duplicado omitido: 28694
[2025-01-17T22:44:17.366+0000] {spaceflight_data_ingest_v2.py:56} WARNING - Articles duplicado omitido: 28693
[2025-01-17T22:44:17.366+0000] {spaceflight_data_ingest_v2.py:56} WARNING - Articles duplicado omitido: 28692
[2025-01-17T22:44:17.367+0000] {spaceflight_data_ingest_v2.py:56} WARNING - Articles duplicado omitido: 28691
[2025-01-17T22:44:17.367+0000] {spaceflight_data_ingest_v2.py:56} WARNING - Articles duplicado omitido: 28690
[2025-01-17T22:44:17.367+0000] {spaceflight_data_ingest_v2.py:56} WARNING - Articles duplicado omitido: 28689
[2025-01-17T22:44:17.739+0000] {spaceflight_data_ingest_v2.py:77} ERROR - Error en la solicitud: 'id'
[2025-01-17T22:44:17.740+0000] {spaceflight_data_ingest_v2.py:81} INFO - Reintentando... intento 1/5
[2025-01-17T22:44:22.742+0000] {spaceflight_data_ingest_v2.py:81} INFO - Reintentando... intento 2/5
[2025-01-17T22:44:27.744+0000] {spaceflight_data_ingest_v2.py:81} INFO - Reintentando... intento 3/5
[2025-01-17T22:44:32.746+0000] {spaceflight_data_ingest_v2.py:81} INFO - Reintentando... intento 4/5
[2025-01-17T22:44:35.073+0000] {spaceflight_data_ingest_v2.py:81} INFO - Reintentando... intento 5/5
[2025-01-17T22:44:40.363+0000] {spaceflight_data_ingest_v2.py:56} WARNING - Articles duplicado omitido: 28687
[2025-01-17T22:44:40.363+0000] {spaceflight_data_ingest_v2.py:56} WARNING - Articles duplicado omitido: 28688
[2025-01-17T22:44:40.364+0000] {spaceflight_data_ingest_v2.py:56} WARNING - Articles duplicado omitido: 28686
[2025-01-17T22:44:40.364+0000] {spaceflight_data_ingest_v2.py:56} WARNING - Articles duplicado omitido: 28684
[2025-01-17T22:44:40.365+0000] {spaceflight_data_ingest_v2.py:56} WARNING - Articles duplicado omitido: 28685
[2025-01-17T22:44:40.365+0000] {spaceflight_data_ingest_v2.py:56} WARNING - Articles duplicado omitido: 28683
[2025-01-17T22:44:40.365+0000] {spaceflight_data_ingest_v2.py:56} WARNING - Articles duplicado omitido: 28682
[2025-01-17T22:44:40.365+0000] {spaceflight_data_ingest_v2.py:56} WARNING - Articles duplicado omitido: 28681
[2025-01-17T22:44:40.365+0000] {spaceflight_data_ingest_v2.py:56} WARNING - Articles duplicado omitido: 28680
[2025-01-17T22:44:40.366+0000] {spaceflight_data_ingest_v2.py:56} WARNING - Articles duplicado omitido: 28678
[2025-01-17T22:44:40.657+0000] {spaceflight_data_ingest_v2.py:77} ERROR - Error en la solicitud: 'id'
[2025-01-17T22:44:40.657+0000] {spaceflight_data_ingest_v2.py:81} INFO - Reintentando... intento 1/5
[2025-01-17T22:44:45.658+0000] {spaceflight_data_ingest_v2.py:81} INFO - Reintentando... intento 2/5
[2025-01-17T22:44:50.660+0000] {spaceflight_data_ingest_v2.py:81} INFO - Reintentando... intento 3/5
[2025-01-17T22:44:55.662+0000] {spaceflight_data_ingest_v2.py:81} INFO - Reintentando... intento 4/5
[2025-01-17T22:45:00.664+0000] {spaceflight_data_ingest_v2.py:81} INFO - Reintentando... intento 5/5
[2025-01-17T22:45:03.479+0000] {spaceflight_data_ingest_v2.py:56} WARNING - Articles duplicado omitido: 28679
[2025-01-17T22:45:03.479+0000] {spaceflight_data_ingest_v2.py:56} WARNING - Articles duplicado omitido: 28677
[2025-01-17T22:45:03.479+0000] {spaceflight_data_ingest_v2.py:56} WARNING - Articles duplicado omitido: 28676
[2025-01-17T22:45:03.480+0000] {spaceflight_data_ingest_v2.py:56} WARNING - Articles duplicado omitido: 28675
[2025-01-17T22:45:03.480+0000] {spaceflight_data_ingest_v2.py:56} WARNING - Articles duplicado omitido: 28674
[2025-01-17T22:45:03.480+0000] {spaceflight_data_ingest_v2.py:56} WARNING - Articles duplicado omitido: 28673
[2025-01-17T22:45:03.480+0000] {spaceflight_data_ingest_v2.py:56} WARNING - Articles duplicado omitido: 28671
[2025-01-17T22:45:03.481+0000] {spaceflight_data_ingest_v2.py:56} WARNING - Articles duplicado omitido: 28672
[2025-01-17T22:45:03.481+0000] {spaceflight_data_ingest_v2.py:56} WARNING - Articles duplicado omitido: 28669
[2025-01-17T22:45:03.481+0000] {spaceflight_data_ingest_v2.py:56} WARNING - Articles duplicado omitido: 28668
[2025-01-17T22:45:03.853+0000] {spaceflight_data_ingest_v2.py:77} ERROR - Error en la solicitud: 'id'
[2025-01-17T22:45:03.854+0000] {spaceflight_data_ingest_v2.py:81} INFO - Reintentando... intento 1/5
[2025-01-17T22:45:08.855+0000] {spaceflight_data_ingest_v2.py:81} INFO - Reintentando... intento 2/5
[2025-01-17T22:45:13.856+0000] {spaceflight_data_ingest_v2.py:81} INFO - Reintentando... intento 3/5
[2025-01-17T22:45:18.857+0000] {spaceflight_data_ingest_v2.py:81} INFO - Reintentando... intento 4/5
[2025-01-17T22:45:23.858+0000] {spaceflight_data_ingest_v2.py:81} INFO - Reintentando... intento 5/5
[2025-01-17T22:45:29.228+0000] {spaceflight_data_ingest_v2.py:56} WARNING - Articles duplicado omitido: 28670
[2025-01-17T22:45:29.228+0000] {spaceflight_data_ingest_v2.py:56} WARNING - Articles duplicado omitido: 28667
[2025-01-17T22:45:29.228+0000] {spaceflight_data_ingest_v2.py:56} WARNING - Articles duplicado omitido: 28666
[2025-01-17T22:45:29.229+0000] {spaceflight_data_ingest_v2.py:56} WARNING - Articles duplicado omitido: 28664
[2025-01-17T22:45:29.229+0000] {spaceflight_data_ingest_v2.py:56} WARNING - Articles duplicado omitido: 28662
[2025-01-17T22:45:29.229+0000] {spaceflight_data_ingest_v2.py:56} WARNING - Articles duplicado omitido: 28665
[2025-01-17T22:45:29.229+0000] {spaceflight_data_ingest_v2.py:56} WARNING - Articles duplicado omitido: 28663
[2025-01-17T22:45:29.229+0000] {spaceflight_data_ingest_v2.py:56} WARNING - Articles duplicado omitido: 28660
[2025-01-17T22:45:29.229+0000] {spaceflight_data_ingest_v2.py:56} WARNING - Articles duplicado omitido: 28661
[2025-01-17T22:45:29.230+0000] {spaceflight_data_ingest_v2.py:56} WARNING - Articles duplicado omitido: 28659
[2025-01-17T22:45:29.528+0000] {spaceflight_data_ingest_v2.py:77} ERROR - Error en la solicitud: 'id'
[2025-01-17T22:45:29.528+0000] {spaceflight_data_ingest_v2.py:81} INFO - Reintentando... intento 1/5
[2025-01-17T22:45:31.845+0000] {spaceflight_data_ingest_v2.py:81} INFO - Reintentando... intento 2/5
[2025-01-17T22:45:36.846+0000] {spaceflight_data_ingest_v2.py:81} INFO - Reintentando... intento 3/5
[2025-01-17T22:45:41.847+0000] {spaceflight_data_ingest_v2.py:81} INFO - Reintentando... intento 4/5
[2025-01-17T22:45:46.852+0000] {spaceflight_data_ingest_v2.py:81} INFO - Reintentando... intento 5/5
[2025-01-17T22:45:52.432+0000] {spaceflight_data_ingest_v2.py:56} WARNING - Articles duplicado omitido: 28658
[2025-01-17T22:45:52.433+0000] {spaceflight_data_ingest_v2.py:56} WARNING - Articles duplicado omitido: 28657
[2025-01-17T22:45:52.433+0000] {spaceflight_data_ingest_v2.py:56} WARNING - Articles duplicado omitido: 28656
[2025-01-17T22:45:52.433+0000] {spaceflight_data_ingest_v2.py:56} WARNING - Articles duplicado omitido: 28654
[2025-01-17T22:45:52.433+0000] {spaceflight_data_ingest_v2.py:56} WARNING - Articles duplicado omitido: 28655
[2025-01-17T22:45:52.434+0000] {spaceflight_data_ingest_v2.py:56} WARNING - Articles duplicado omitido: 28653
[2025-01-17T22:45:52.434+0000] {spaceflight_data_ingest_v2.py:56} WARNING - Articles duplicado omitido: 28652
[2025-01-17T22:45:52.434+0000] {spaceflight_data_ingest_v2.py:56} WARNING - Articles duplicado omitido: 28651
[2025-01-17T22:45:52.434+0000] {spaceflight_data_ingest_v2.py:56} WARNING - Articles duplicado omitido: 28650
[2025-01-17T22:45:52.434+0000] {spaceflight_data_ingest_v2.py:56} WARNING - Articles duplicado omitido: 28649
[2025-01-17T22:45:52.435+0000] {python.py:240} INFO - Done. Returned value was: None
[2025-01-17T22:45:52.449+0000] {taskinstance.py:340} INFO - ::group::Post task execution logs
[2025-01-17T22:45:52.450+0000] {taskinstance.py:352} INFO - Marking task as SUCCESS. dag_id=spaceflight_data_ingest_v2, task_id=fetch_articles, run_id=manual__2025-01-17T22:31:21.802767+00:00, execution_date=20250117T223121, start_date=20250117T224353, end_date=20250117T224552
[2025-01-17T22:45:52.464+0000] {logging_mixin.py:190} INFO - Task instance in success state
[2025-01-17T22:45:52.464+0000] {logging_mixin.py:190} INFO -  Previous state of the Task instance: running
[2025-01-17T22:45:52.464+0000] {logging_mixin.py:190} INFO - Dag name:spaceflight_data_ingest_v2 queued_at:2025-01-17 22:31:21.816157+00:00
[2025-01-17T22:45:52.465+0000] {logging_mixin.py:190} INFO - Task hostname:59ff16f1d4fb operator:PythonOperator
[2025-01-17T22:45:52.496+0000] {local_task_job_runner.py:266} INFO - Task exited with return code 0
[2025-01-17T22:45:52.746+0000] {taskinstance.py:3895} INFO - 1 downstream tasks scheduled from follow-on schedule check
[2025-01-17T22:45:52.748+0000] {local_task_job_runner.py:245} INFO - ::endgroup::
