[2025-01-19T04:13:16.158+0000] {local_task_job_runner.py:123} INFO - ::group::Pre task execution logs
[2025-01-19T04:13:16.180+0000] {taskinstance.py:2613} INFO - Dependencies all met for dep_context=non-requeueable deps ti=<TaskInstance: spaceflight_data_ingest_v2.fetch_events manual__2025-01-17T22:31:21.802767+00:00 [queued]>
[2025-01-19T04:13:16.190+0000] {taskinstance.py:2613} INFO - Dependencies all met for dep_context=requeueable deps ti=<TaskInstance: spaceflight_data_ingest_v2.fetch_events manual__2025-01-17T22:31:21.802767+00:00 [queued]>
[2025-01-19T04:13:16.190+0000] {taskinstance.py:2866} INFO - Starting attempt 2 of 2
[2025-01-19T04:13:16.208+0000] {taskinstance.py:2889} INFO - Executing <Task(PythonOperator): fetch_events> on 2025-01-17 22:31:21.802767+00:00
[2025-01-19T04:13:16.217+0000] {warnings.py:112} WARNING - /home/***/.local/lib/python3.12/site-packages/***/task/task_runner/standard_task_runner.py:70: DeprecationWarning: This process (pid=198) is multi-threaded, use of fork() may lead to deadlocks in the child.
  pid = os.fork()

[2025-01-19T04:13:16.219+0000] {standard_task_runner.py:72} INFO - Started process 211 to run task
[2025-01-19T04:13:16.220+0000] {standard_task_runner.py:104} INFO - Running: ['***', 'tasks', 'run', 'spaceflight_data_ingest_v2', 'fetch_events', 'manual__2025-01-17T22:31:21.802767+00:00', '--job-id', '140', '--raw', '--subdir', 'DAGS_FOLDER/spaceflight_data_ingest_v2.py', '--cfg-path', '/tmp/tmpi2s6e314']
[2025-01-19T04:13:16.221+0000] {standard_task_runner.py:105} INFO - Job 140: Subtask fetch_events
[2025-01-19T04:13:16.270+0000] {task_command.py:467} INFO - Running <TaskInstance: spaceflight_data_ingest_v2.fetch_events manual__2025-01-17T22:31:21.802767+00:00 [running]> on host 59ff16f1d4fb
[2025-01-19T04:13:16.656+0000] {taskinstance.py:3132} INFO - Exporting env vars: AIRFLOW_CTX_DAG_OWNER='***' AIRFLOW_CTX_DAG_ID='spaceflight_data_ingest_v2' AIRFLOW_CTX_TASK_ID='fetch_events' AIRFLOW_CTX_EXECUTION_DATE='2025-01-17T22:31:21.802767+00:00' AIRFLOW_CTX_TRY_NUMBER='2' AIRFLOW_CTX_DAG_RUN_ID='manual__2025-01-17T22:31:21.802767+00:00'
[2025-01-19T04:13:16.657+0000] {logging_mixin.py:190} INFO - Task instance is in running state
[2025-01-19T04:13:16.657+0000] {logging_mixin.py:190} INFO -  Previous state of the Task instance: queued
[2025-01-19T04:13:16.657+0000] {logging_mixin.py:190} INFO - Current task name:fetch_events state:running start_date:2025-01-19 04:13:16.180723+00:00
[2025-01-19T04:13:16.658+0000] {logging_mixin.py:190} INFO - Dag name:spaceflight_data_ingest_v2 and current dag run status:running
[2025-01-19T04:13:16.658+0000] {taskinstance.py:731} INFO - ::endgroup::
[2025-01-19T04:13:18.248+0000] {spaceflight_data_ingest_v2.py:74} ERROR - Error al obtener events: 404
[2025-01-19T04:14:14.586+0000] {spaceflight_data_ingest_v2.py:74} ERROR - Error al obtener events: 404
[2025-01-19T04:15:11.058+0000] {spaceflight_data_ingest_v2.py:74} ERROR - Error al obtener events: 404
[2025-01-19T04:16:07.639+0000] {spaceflight_data_ingest_v2.py:74} ERROR - Error al obtener events: 404
[2025-01-19T04:17:03.938+0000] {spaceflight_data_ingest_v2.py:74} ERROR - Error al obtener events: 404
[2025-01-19T04:18:00.079+0000] {spaceflight_data_ingest_v2.py:74} ERROR - Error al obtener events: 404
[2025-01-19T04:18:56.275+0000] {spaceflight_data_ingest_v2.py:74} ERROR - Error al obtener events: 404
[2025-01-19T04:19:52.636+0000] {spaceflight_data_ingest_v2.py:74} ERROR - Error al obtener events: 404
[2025-01-19T04:20:48.780+0000] {spaceflight_data_ingest_v2.py:74} ERROR - Error al obtener events: 404
[2025-01-19T04:21:44.410+0000] {spaceflight_data_ingest_v2.py:74} ERROR - Error al obtener events: 404
[2025-01-19T04:22:38.978+0000] {spaceflight_data_ingest_v2.py:74} ERROR - Error al obtener events: 404
[2025-01-19T04:23:34.971+0000] {spaceflight_data_ingest_v2.py:74} ERROR - Error al obtener events: 404
[2025-01-19T04:24:30.959+0000] {spaceflight_data_ingest_v2.py:74} ERROR - Error al obtener events: 404
[2025-01-19T04:25:26.959+0000] {spaceflight_data_ingest_v2.py:74} ERROR - Error al obtener events: 404
[2025-01-19T04:26:22.854+0000] {spaceflight_data_ingest_v2.py:74} ERROR - Error al obtener events: 404
[2025-01-19T04:27:18.934+0000] {spaceflight_data_ingest_v2.py:74} ERROR - Error al obtener events: 404
[2025-01-19T04:28:14.942+0000] {spaceflight_data_ingest_v2.py:74} ERROR - Error al obtener events: 404
[2025-01-19T04:29:10.978+0000] {spaceflight_data_ingest_v2.py:74} ERROR - Error al obtener events: 404
[2025-01-19T04:30:06.610+0000] {spaceflight_data_ingest_v2.py:74} ERROR - Error al obtener events: 404
[2025-01-19T04:31:02.405+0000] {spaceflight_data_ingest_v2.py:74} ERROR - Error al obtener events: 404
[2025-01-19T04:31:58.281+0000] {spaceflight_data_ingest_v2.py:74} ERROR - Error al obtener events: 404
[2025-01-19T04:32:53.616+0000] {spaceflight_data_ingest_v2.py:74} ERROR - Error al obtener events: 404
[2025-01-19T04:33:49.122+0000] {spaceflight_data_ingest_v2.py:74} ERROR - Error al obtener events: 404
[2025-01-19T04:34:44.683+0000] {spaceflight_data_ingest_v2.py:74} ERROR - Error al obtener events: 404
[2025-01-19T04:35:40.239+0000] {spaceflight_data_ingest_v2.py:74} ERROR - Error al obtener events: 404
[2025-01-19T04:36:35.851+0000] {spaceflight_data_ingest_v2.py:74} ERROR - Error al obtener events: 404
[2025-01-19T04:37:31.540+0000] {spaceflight_data_ingest_v2.py:74} ERROR - Error al obtener events: 404
[2025-01-19T04:38:27.111+0000] {spaceflight_data_ingest_v2.py:74} ERROR - Error al obtener events: 404
[2025-01-19T04:39:22.471+0000] {spaceflight_data_ingest_v2.py:74} ERROR - Error al obtener events: 404
[2025-01-19T04:40:17.793+0000] {spaceflight_data_ingest_v2.py:74} ERROR - Error al obtener events: 404
[2025-01-19T04:41:13.192+0000] {spaceflight_data_ingest_v2.py:74} ERROR - Error al obtener events: 404
[2025-01-19T04:42:08.555+0000] {spaceflight_data_ingest_v2.py:74} ERROR - Error al obtener events: 404
[2025-01-19T04:43:03.863+0000] {spaceflight_data_ingest_v2.py:74} ERROR - Error al obtener events: 404
[2025-01-19T04:43:59.107+0000] {spaceflight_data_ingest_v2.py:74} ERROR - Error al obtener events: 404
[2025-01-19T04:44:54.279+0000] {spaceflight_data_ingest_v2.py:74} ERROR - Error al obtener events: 404
[2025-01-19T04:45:49.783+0000] {spaceflight_data_ingest_v2.py:74} ERROR - Error al obtener events: 404
[2025-01-19T04:46:45.146+0000] {spaceflight_data_ingest_v2.py:74} ERROR - Error al obtener events: 404
[2025-01-19T04:47:40.433+0000] {spaceflight_data_ingest_v2.py:74} ERROR - Error al obtener events: 404
[2025-01-19T04:48:36.147+0000] {spaceflight_data_ingest_v2.py:74} ERROR - Error al obtener events: 404
[2025-01-19T04:49:31.319+0000] {spaceflight_data_ingest_v2.py:74} ERROR - Error al obtener events: 404
[2025-01-19T04:50:26.348+0000] {spaceflight_data_ingest_v2.py:74} ERROR - Error al obtener events: 404
[2025-01-19T04:51:21.609+0000] {spaceflight_data_ingest_v2.py:74} ERROR - Error al obtener events: 404
[2025-01-19T04:52:16.750+0000] {spaceflight_data_ingest_v2.py:74} ERROR - Error al obtener events: 404
[2025-01-19T04:53:11.962+0000] {spaceflight_data_ingest_v2.py:74} ERROR - Error al obtener events: 404
[2025-01-19T04:54:07.058+0000] {spaceflight_data_ingest_v2.py:74} ERROR - Error al obtener events: 404
[2025-01-19T04:55:02.232+0000] {spaceflight_data_ingest_v2.py:74} ERROR - Error al obtener events: 404
[2025-01-19T04:55:57.511+0000] {spaceflight_data_ingest_v2.py:74} ERROR - Error al obtener events: 404
[2025-01-19T04:56:52.627+0000] {spaceflight_data_ingest_v2.py:74} ERROR - Error al obtener events: 404
[2025-01-19T04:57:47.693+0000] {spaceflight_data_ingest_v2.py:74} ERROR - Error al obtener events: 404
[2025-01-19T04:58:42.935+0000] {spaceflight_data_ingest_v2.py:74} ERROR - Error al obtener events: 404
[2025-01-19T04:59:37.930+0000] {spaceflight_data_ingest_v2.py:74} ERROR - Error al obtener events: 404
[2025-01-19T05:00:32.873+0000] {spaceflight_data_ingest_v2.py:74} ERROR - Error al obtener events: 404
[2025-01-19T05:01:27.959+0000] {spaceflight_data_ingest_v2.py:74} ERROR - Error al obtener events: 404
[2025-01-19T05:02:22.949+0000] {spaceflight_data_ingest_v2.py:74} ERROR - Error al obtener events: 404
[2025-01-19T05:03:17.971+0000] {spaceflight_data_ingest_v2.py:74} ERROR - Error al obtener events: 404
[2025-01-19T05:04:13.026+0000] {spaceflight_data_ingest_v2.py:74} ERROR - Error al obtener events: 404
[2025-01-19T05:05:08.095+0000] {spaceflight_data_ingest_v2.py:74} ERROR - Error al obtener events: 404
[2025-01-19T05:06:03.258+0000] {spaceflight_data_ingest_v2.py:74} ERROR - Error al obtener events: 404
[2025-01-19T05:06:58.048+0000] {spaceflight_data_ingest_v2.py:74} ERROR - Error al obtener events: 404
[2025-01-19T05:07:53.023+0000] {spaceflight_data_ingest_v2.py:74} ERROR - Error al obtener events: 404
[2025-01-19T05:08:47.982+0000] {spaceflight_data_ingest_v2.py:74} ERROR - Error al obtener events: 404
[2025-01-19T05:09:43.067+0000] {spaceflight_data_ingest_v2.py:74} ERROR - Error al obtener events: 404
[2025-01-19T05:10:38.004+0000] {spaceflight_data_ingest_v2.py:74} ERROR - Error al obtener events: 404
[2025-01-19T05:11:32.958+0000] {spaceflight_data_ingest_v2.py:74} ERROR - Error al obtener events: 404
[2025-01-19T05:12:27.969+0000] {spaceflight_data_ingest_v2.py:74} ERROR - Error al obtener events: 404
[2025-01-19T05:13:22.902+0000] {spaceflight_data_ingest_v2.py:74} ERROR - Error al obtener events: 404
[2025-01-19T05:14:17.858+0000] {spaceflight_data_ingest_v2.py:74} ERROR - Error al obtener events: 404
[2025-01-19T05:15:12.697+0000] {spaceflight_data_ingest_v2.py:74} ERROR - Error al obtener events: 404
[2025-01-19T05:16:07.824+0000] {spaceflight_data_ingest_v2.py:74} ERROR - Error al obtener events: 404
[2025-01-19T05:17:02.750+0000] {spaceflight_data_ingest_v2.py:74} ERROR - Error al obtener events: 404
[2025-01-19T05:17:57.633+0000] {spaceflight_data_ingest_v2.py:74} ERROR - Error al obtener events: 404
[2025-01-19T05:18:52.582+0000] {spaceflight_data_ingest_v2.py:74} ERROR - Error al obtener events: 404
[2025-01-19T05:19:47.490+0000] {spaceflight_data_ingest_v2.py:74} ERROR - Error al obtener events: 404
[2025-01-19T05:20:42.415+0000] {spaceflight_data_ingest_v2.py:74} ERROR - Error al obtener events: 404
[2025-01-19T05:21:37.372+0000] {spaceflight_data_ingest_v2.py:74} ERROR - Error al obtener events: 404
[2025-01-19T05:22:32.260+0000] {spaceflight_data_ingest_v2.py:74} ERROR - Error al obtener events: 404
[2025-01-19T05:23:27.221+0000] {spaceflight_data_ingest_v2.py:74} ERROR - Error al obtener events: 404
[2025-01-19T05:24:22.095+0000] {spaceflight_data_ingest_v2.py:74} ERROR - Error al obtener events: 404
[2025-01-19T05:25:17.024+0000] {spaceflight_data_ingest_v2.py:74} ERROR - Error al obtener events: 404
[2025-01-19T05:26:12.130+0000] {spaceflight_data_ingest_v2.py:74} ERROR - Error al obtener events: 404
[2025-01-19T05:27:07.075+0000] {spaceflight_data_ingest_v2.py:74} ERROR - Error al obtener events: 404
[2025-01-19T05:28:01.933+0000] {spaceflight_data_ingest_v2.py:74} ERROR - Error al obtener events: 404
[2025-01-19T05:28:56.937+0000] {spaceflight_data_ingest_v2.py:74} ERROR - Error al obtener events: 404
[2025-01-19T05:29:51.881+0000] {spaceflight_data_ingest_v2.py:74} ERROR - Error al obtener events: 404
[2025-01-19T05:30:46.723+0000] {spaceflight_data_ingest_v2.py:74} ERROR - Error al obtener events: 404
[2025-01-19T05:31:41.624+0000] {spaceflight_data_ingest_v2.py:74} ERROR - Error al obtener events: 404
[2025-01-19T05:32:36.513+0000] {spaceflight_data_ingest_v2.py:74} ERROR - Error al obtener events: 404
[2025-01-19T05:33:31.508+0000] {spaceflight_data_ingest_v2.py:74} ERROR - Error al obtener events: 404
[2025-01-19T05:34:26.369+0000] {spaceflight_data_ingest_v2.py:74} ERROR - Error al obtener events: 404
[2025-01-19T05:35:21.294+0000] {spaceflight_data_ingest_v2.py:74} ERROR - Error al obtener events: 404
[2025-01-19T05:36:16.410+0000] {spaceflight_data_ingest_v2.py:74} ERROR - Error al obtener events: 404
[2025-01-19T05:37:11.335+0000] {spaceflight_data_ingest_v2.py:74} ERROR - Error al obtener events: 404
[2025-01-19T05:38:03.501+0000] {spaceflight_data_ingest_v2.py:74} ERROR - Error al obtener events: 404
[2025-01-19T05:38:58.460+0000] {spaceflight_data_ingest_v2.py:74} ERROR - Error al obtener events: 404
[2025-01-19T05:39:53.284+0000] {spaceflight_data_ingest_v2.py:74} ERROR - Error al obtener events: 404
[2025-01-19T05:40:48.181+0000] {spaceflight_data_ingest_v2.py:74} ERROR - Error al obtener events: 404
[2025-01-19T05:41:43.161+0000] {spaceflight_data_ingest_v2.py:74} ERROR - Error al obtener events: 404
[2025-01-19T05:42:38.185+0000] {spaceflight_data_ingest_v2.py:74} ERROR - Error al obtener events: 404
[2025-01-19T05:43:33.135+0000] {spaceflight_data_ingest_v2.py:74} ERROR - Error al obtener events: 404
[2025-01-19T05:44:28.051+0000] {spaceflight_data_ingest_v2.py:74} ERROR - Error al obtener events: 404
[2025-01-19T05:45:22.926+0000] {spaceflight_data_ingest_v2.py:74} ERROR - Error al obtener events: 404
[2025-01-19T05:46:18.069+0000] {spaceflight_data_ingest_v2.py:74} ERROR - Error al obtener events: 404
[2025-01-19T05:47:12.988+0000] {spaceflight_data_ingest_v2.py:74} ERROR - Error al obtener events: 404
[2025-01-19T05:48:07.848+0000] {spaceflight_data_ingest_v2.py:74} ERROR - Error al obtener events: 404
[2025-01-19T12:39:37.589+0000] {job.py:229} INFO - Heartbeat recovered after 24683.29 seconds
[2025-01-19T12:40:23.715+0000] {spaceflight_data_ingest_v2.py:74} ERROR - Error al obtener events: 404
[2025-01-19T12:41:21.227+0000] {spaceflight_data_ingest_v2.py:74} ERROR - Error al obtener events: 404
[2025-01-19T12:42:17.406+0000] {spaceflight_data_ingest_v2.py:74} ERROR - Error al obtener events: 404
[2025-01-19T12:43:13.414+0000] {spaceflight_data_ingest_v2.py:74} ERROR - Error al obtener events: 404
[2025-01-19T12:44:09.689+0000] {spaceflight_data_ingest_v2.py:74} ERROR - Error al obtener events: 404
[2025-01-19T12:45:06.339+0000] {spaceflight_data_ingest_v2.py:74} ERROR - Error al obtener events: 404
[2025-01-19T12:46:02.454+0000] {spaceflight_data_ingest_v2.py:74} ERROR - Error al obtener events: 404
[2025-01-19T12:46:58.701+0000] {spaceflight_data_ingest_v2.py:74} ERROR - Error al obtener events: 404
[2025-01-19T12:47:54.864+0000] {spaceflight_data_ingest_v2.py:74} ERROR - Error al obtener events: 404
[2025-01-19T12:48:51.032+0000] {spaceflight_data_ingest_v2.py:74} ERROR - Error al obtener events: 404
[2025-01-19T12:49:48.175+0000] {spaceflight_data_ingest_v2.py:74} ERROR - Error al obtener events: 404
[2025-01-19T12:50:44.243+0000] {spaceflight_data_ingest_v2.py:74} ERROR - Error al obtener events: 404
[2025-01-19T12:51:40.285+0000] {spaceflight_data_ingest_v2.py:74} ERROR - Error al obtener events: 404
[2025-01-19T12:52:35.929+0000] {spaceflight_data_ingest_v2.py:74} ERROR - Error al obtener events: 404
[2025-01-19T12:53:31.932+0000] {spaceflight_data_ingest_v2.py:74} ERROR - Error al obtener events: 404
[2025-01-19T12:54:27.494+0000] {spaceflight_data_ingest_v2.py:74} ERROR - Error al obtener events: 404
[2025-01-19T12:55:22.990+0000] {spaceflight_data_ingest_v2.py:74} ERROR - Error al obtener events: 404
[2025-01-19T12:56:18.564+0000] {spaceflight_data_ingest_v2.py:74} ERROR - Error al obtener events: 404
[2025-01-19T12:57:14.193+0000] {spaceflight_data_ingest_v2.py:74} ERROR - Error al obtener events: 404
[2025-01-19T12:58:09.591+0000] {spaceflight_data_ingest_v2.py:74} ERROR - Error al obtener events: 404
[2025-01-19T12:59:04.984+0000] {spaceflight_data_ingest_v2.py:74} ERROR - Error al obtener events: 404
[2025-01-19T13:00:00.579+0000] {spaceflight_data_ingest_v2.py:74} ERROR - Error al obtener events: 404
[2025-01-19T13:00:55.946+0000] {spaceflight_data_ingest_v2.py:74} ERROR - Error al obtener events: 404
[2025-01-19T13:01:51.257+0000] {spaceflight_data_ingest_v2.py:74} ERROR - Error al obtener events: 404
[2025-01-19T13:02:46.614+0000] {spaceflight_data_ingest_v2.py:74} ERROR - Error al obtener events: 404
[2025-01-19T13:03:41.809+0000] {spaceflight_data_ingest_v2.py:74} ERROR - Error al obtener events: 404
[2025-01-19T13:04:37.035+0000] {spaceflight_data_ingest_v2.py:74} ERROR - Error al obtener events: 404
[2025-01-19T13:05:32.276+0000] {spaceflight_data_ingest_v2.py:74} ERROR - Error al obtener events: 404
[2025-01-19T13:06:27.407+0000] {spaceflight_data_ingest_v2.py:74} ERROR - Error al obtener events: 404
[2025-01-19T13:07:22.567+0000] {spaceflight_data_ingest_v2.py:74} ERROR - Error al obtener events: 404
[2025-01-19T13:08:17.750+0000] {spaceflight_data_ingest_v2.py:74} ERROR - Error al obtener events: 404
[2025-01-19T13:09:12.888+0000] {spaceflight_data_ingest_v2.py:74} ERROR - Error al obtener events: 404
[2025-01-19T13:10:08.070+0000] {spaceflight_data_ingest_v2.py:74} ERROR - Error al obtener events: 404
[2025-01-19T13:11:03.177+0000] {spaceflight_data_ingest_v2.py:74} ERROR - Error al obtener events: 404
[2025-01-19T13:11:58.066+0000] {spaceflight_data_ingest_v2.py:74} ERROR - Error al obtener events: 404
[2025-01-19T13:12:53.094+0000] {spaceflight_data_ingest_v2.py:74} ERROR - Error al obtener events: 404
[2025-01-19T13:13:48.126+0000] {spaceflight_data_ingest_v2.py:74} ERROR - Error al obtener events: 404
[2025-01-19T13:14:43.158+0000] {spaceflight_data_ingest_v2.py:74} ERROR - Error al obtener events: 404
[2025-01-19T13:15:38.117+0000] {spaceflight_data_ingest_v2.py:74} ERROR - Error al obtener events: 404
[2025-01-19T13:16:33.315+0000] {spaceflight_data_ingest_v2.py:74} ERROR - Error al obtener events: 404
[2025-01-19T13:17:28.313+0000] {spaceflight_data_ingest_v2.py:74} ERROR - Error al obtener events: 404
[2025-01-19T13:18:23.225+0000] {spaceflight_data_ingest_v2.py:74} ERROR - Error al obtener events: 404
[2025-01-19T13:19:18.138+0000] {spaceflight_data_ingest_v2.py:74} ERROR - Error al obtener events: 404
[2025-01-19T13:20:13.152+0000] {spaceflight_data_ingest_v2.py:74} ERROR - Error al obtener events: 404
[2025-01-19T13:21:08.111+0000] {spaceflight_data_ingest_v2.py:74} ERROR - Error al obtener events: 404
[2025-01-19T13:22:02.990+0000] {spaceflight_data_ingest_v2.py:74} ERROR - Error al obtener events: 404
[2025-01-19T13:22:57.780+0000] {spaceflight_data_ingest_v2.py:74} ERROR - Error al obtener events: 404
[2025-01-19T13:23:52.553+0000] {spaceflight_data_ingest_v2.py:74} ERROR - Error al obtener events: 404
[2025-01-19T13:24:47.393+0000] {spaceflight_data_ingest_v2.py:74} ERROR - Error al obtener events: 404
[2025-01-19T13:25:42.270+0000] {spaceflight_data_ingest_v2.py:74} ERROR - Error al obtener events: 404
[2025-01-19T13:26:37.137+0000] {spaceflight_data_ingest_v2.py:74} ERROR - Error al obtener events: 404
[2025-01-19T13:27:32.017+0000] {spaceflight_data_ingest_v2.py:74} ERROR - Error al obtener events: 404
[2025-01-19T13:28:26.885+0000] {spaceflight_data_ingest_v2.py:74} ERROR - Error al obtener events: 404
[2025-01-19T13:29:21.765+0000] {spaceflight_data_ingest_v2.py:74} ERROR - Error al obtener events: 404
[2025-01-19T13:30:16.841+0000] {spaceflight_data_ingest_v2.py:74} ERROR - Error al obtener events: 404
[2025-01-19T13:31:11.686+0000] {spaceflight_data_ingest_v2.py:74} ERROR - Error al obtener events: 404
[2025-01-19T13:32:06.601+0000] {spaceflight_data_ingest_v2.py:74} ERROR - Error al obtener events: 404
[2025-01-19T13:33:01.488+0000] {spaceflight_data_ingest_v2.py:74} ERROR - Error al obtener events: 404
[2025-01-19T13:33:56.383+0000] {spaceflight_data_ingest_v2.py:74} ERROR - Error al obtener events: 404
[2025-01-19T13:34:51.185+0000] {spaceflight_data_ingest_v2.py:74} ERROR - Error al obtener events: 404
[2025-01-19T13:35:45.980+0000] {spaceflight_data_ingest_v2.py:74} ERROR - Error al obtener events: 404
[2025-01-19T13:36:40.821+0000] {spaceflight_data_ingest_v2.py:74} ERROR - Error al obtener events: 404
[2025-01-19T13:37:35.752+0000] {spaceflight_data_ingest_v2.py:74} ERROR - Error al obtener events: 404
[2025-01-19T13:38:30.625+0000] {spaceflight_data_ingest_v2.py:74} ERROR - Error al obtener events: 404
[2025-01-19T13:39:25.332+0000] {spaceflight_data_ingest_v2.py:74} ERROR - Error al obtener events: 404
[2025-01-19T13:40:20.236+0000] {spaceflight_data_ingest_v2.py:74} ERROR - Error al obtener events: 404
[2025-01-19T13:41:15.133+0000] {spaceflight_data_ingest_v2.py:74} ERROR - Error al obtener events: 404
[2025-01-19T13:42:24.242+0000] {spaceflight_data_ingest_v2.py:74} ERROR - Error al obtener events: 404
[2025-01-19T13:43:19.113+0000] {spaceflight_data_ingest_v2.py:74} ERROR - Error al obtener events: 404
[2025-01-19T13:45:52.851+0000] {spaceflight_data_ingest_v2.py:74} ERROR - Error al obtener events: 524
[2025-01-19T13:46:47.709+0000] {spaceflight_data_ingest_v2.py:74} ERROR - Error al obtener events: 404
[2025-01-19T13:47:42.597+0000] {spaceflight_data_ingest_v2.py:74} ERROR - Error al obtener events: 404
[2025-01-19T13:48:37.689+0000] {spaceflight_data_ingest_v2.py:74} ERROR - Error al obtener events: 404
[2025-01-19T13:49:32.548+0000] {spaceflight_data_ingest_v2.py:74} ERROR - Error al obtener events: 404
[2025-01-19T13:50:27.406+0000] {spaceflight_data_ingest_v2.py:74} ERROR - Error al obtener events: 404
[2025-01-19T13:51:22.299+0000] {spaceflight_data_ingest_v2.py:74} ERROR - Error al obtener events: 404
[2025-01-19T13:52:17.008+0000] {spaceflight_data_ingest_v2.py:74} ERROR - Error al obtener events: 404
[2025-01-19T13:53:11.854+0000] {spaceflight_data_ingest_v2.py:74} ERROR - Error al obtener events: 404
[2025-01-19T13:54:06.772+0000] {spaceflight_data_ingest_v2.py:74} ERROR - Error al obtener events: 404
[2025-01-19T13:55:01.484+0000] {spaceflight_data_ingest_v2.py:74} ERROR - Error al obtener events: 404
[2025-01-19T13:55:56.374+0000] {spaceflight_data_ingest_v2.py:74} ERROR - Error al obtener events: 404
[2025-01-19T13:56:51.237+0000] {spaceflight_data_ingest_v2.py:74} ERROR - Error al obtener events: 404
[2025-01-19T13:57:46.115+0000] {spaceflight_data_ingest_v2.py:74} ERROR - Error al obtener events: 404
[2025-01-19T13:58:40.993+0000] {spaceflight_data_ingest_v2.py:74} ERROR - Error al obtener events: 404
[2025-01-19T13:59:35.794+0000] {spaceflight_data_ingest_v2.py:74} ERROR - Error al obtener events: 404
[2025-01-19T14:00:30.676+0000] {spaceflight_data_ingest_v2.py:74} ERROR - Error al obtener events: 404
[2025-01-19T14:01:25.591+0000] {spaceflight_data_ingest_v2.py:74} ERROR - Error al obtener events: 404
[2025-01-19T14:02:20.451+0000] {spaceflight_data_ingest_v2.py:74} ERROR - Error al obtener events: 404
[2025-01-19T14:03:15.320+0000] {spaceflight_data_ingest_v2.py:74} ERROR - Error al obtener events: 404
[2025-01-19T14:04:10.286+0000] {spaceflight_data_ingest_v2.py:74} ERROR - Error al obtener events: 404
[2025-01-19T14:05:05.177+0000] {spaceflight_data_ingest_v2.py:74} ERROR - Error al obtener events: 404
[2025-01-19T14:06:00.056+0000] {spaceflight_data_ingest_v2.py:74} ERROR - Error al obtener events: 404
[2025-01-19T14:06:54.962+0000] {spaceflight_data_ingest_v2.py:74} ERROR - Error al obtener events: 404
[2025-01-19T14:07:49.814+0000] {spaceflight_data_ingest_v2.py:74} ERROR - Error al obtener events: 404
[2025-01-19T14:08:44.740+0000] {spaceflight_data_ingest_v2.py:74} ERROR - Error al obtener events: 404
[2025-01-19T14:09:39.770+0000] {spaceflight_data_ingest_v2.py:74} ERROR - Error al obtener events: 404
[2025-01-19T14:10:34.637+0000] {spaceflight_data_ingest_v2.py:74} ERROR - Error al obtener events: 404
[2025-01-19T14:11:29.373+0000] {spaceflight_data_ingest_v2.py:74} ERROR - Error al obtener events: 404
[2025-01-19T14:12:30.818+0000] {spaceflight_data_ingest_v2.py:74} ERROR - Error al obtener events: 404
[2025-01-19T14:13:33.175+0000] {spaceflight_data_ingest_v2.py:74} ERROR - Error al obtener events: 404
[2025-01-19T14:14:36.390+0000] {spaceflight_data_ingest_v2.py:74} ERROR - Error al obtener events: 404
[2025-01-19T14:15:37.945+0000] {spaceflight_data_ingest_v2.py:74} ERROR - Error al obtener events: 404
[2025-01-19T14:16:39.803+0000] {spaceflight_data_ingest_v2.py:74} ERROR - Error al obtener events: 404
[2025-01-19T14:17:54.952+0000] {spaceflight_data_ingest_v2.py:74} ERROR - Error al obtener events: 404
[2025-01-19T14:18:49.835+0000] {spaceflight_data_ingest_v2.py:74} ERROR - Error al obtener events: 404
[2025-01-19T14:19:52.538+0000] {spaceflight_data_ingest_v2.py:74} ERROR - Error al obtener events: 404
[2025-01-19T14:21:16.187+0000] {spaceflight_data_ingest_v2.py:74} ERROR - Error al obtener events: 404
[2025-01-19T14:22:30.143+0000] {spaceflight_data_ingest_v2.py:74} ERROR - Error al obtener events: 404
[2025-01-19T14:23:57.799+0000] {spaceflight_data_ingest_v2.py:74} ERROR - Error al obtener events: 404
[2025-01-19T14:25:21.910+0000] {spaceflight_data_ingest_v2.py:74} ERROR - Error al obtener events: 404
[2025-01-19T14:26:51.652+0000] {spaceflight_data_ingest_v2.py:74} ERROR - Error al obtener events: 404
[2025-01-19T14:27:46.518+0000] {spaceflight_data_ingest_v2.py:74} ERROR - Error al obtener events: 404
[2025-01-19T14:28:41.403+0000] {spaceflight_data_ingest_v2.py:74} ERROR - Error al obtener events: 404
[2025-01-19T14:29:36.298+0000] {spaceflight_data_ingest_v2.py:74} ERROR - Error al obtener events: 404
[2025-01-19T14:30:31.167+0000] {spaceflight_data_ingest_v2.py:74} ERROR - Error al obtener events: 404
[2025-01-19T14:31:26.121+0000] {spaceflight_data_ingest_v2.py:74} ERROR - Error al obtener events: 404
[2025-01-19T14:32:21.010+0000] {spaceflight_data_ingest_v2.py:74} ERROR - Error al obtener events: 404
[2025-01-19T14:33:15.891+0000] {spaceflight_data_ingest_v2.py:74} ERROR - Error al obtener events: 404
[2025-01-19T14:34:10.748+0000] {spaceflight_data_ingest_v2.py:74} ERROR - Error al obtener events: 404
[2025-01-19T14:35:05.628+0000] {spaceflight_data_ingest_v2.py:74} ERROR - Error al obtener events: 404
[2025-01-19T14:36:00.483+0000] {spaceflight_data_ingest_v2.py:74} ERROR - Error al obtener events: 404
[2025-01-19T14:36:55.318+0000] {spaceflight_data_ingest_v2.py:74} ERROR - Error al obtener events: 404
[2025-01-19T14:37:50.082+0000] {spaceflight_data_ingest_v2.py:74} ERROR - Error al obtener events: 404
[2025-01-19T14:38:44.947+0000] {spaceflight_data_ingest_v2.py:74} ERROR - Error al obtener events: 404
[2025-01-19T14:39:39.802+0000] {spaceflight_data_ingest_v2.py:74} ERROR - Error al obtener events: 404
[2025-01-19T14:40:34.537+0000] {spaceflight_data_ingest_v2.py:74} ERROR - Error al obtener events: 404
[2025-01-19T14:41:29.521+0000] {spaceflight_data_ingest_v2.py:74} ERROR - Error al obtener events: 404
[2025-01-19T14:42:24.392+0000] {spaceflight_data_ingest_v2.py:74} ERROR - Error al obtener events: 404
[2025-01-19T14:43:19.263+0000] {spaceflight_data_ingest_v2.py:74} ERROR - Error al obtener events: 404
[2025-01-19T14:44:14.061+0000] {spaceflight_data_ingest_v2.py:74} ERROR - Error al obtener events: 404
[2025-01-19T14:45:08.782+0000] {spaceflight_data_ingest_v2.py:74} ERROR - Error al obtener events: 404
[2025-01-19T14:46:03.642+0000] {spaceflight_data_ingest_v2.py:74} ERROR - Error al obtener events: 404
[2025-01-19T14:46:58.403+0000] {spaceflight_data_ingest_v2.py:74} ERROR - Error al obtener events: 404
[2025-01-19T14:47:53.271+0000] {spaceflight_data_ingest_v2.py:74} ERROR - Error al obtener events: 404
[2025-01-19T14:48:48.170+0000] {spaceflight_data_ingest_v2.py:74} ERROR - Error al obtener events: 404
[2025-01-19T14:49:43.065+0000] {spaceflight_data_ingest_v2.py:74} ERROR - Error al obtener events: 404
[2025-01-19T14:50:37.934+0000] {spaceflight_data_ingest_v2.py:74} ERROR - Error al obtener events: 404
[2025-01-19T14:51:32.824+0000] {spaceflight_data_ingest_v2.py:74} ERROR - Error al obtener events: 404
[2025-01-19T14:52:27.711+0000] {spaceflight_data_ingest_v2.py:74} ERROR - Error al obtener events: 404
[2025-01-19T14:53:22.594+0000] {spaceflight_data_ingest_v2.py:74} ERROR - Error al obtener events: 404
[2025-01-19T14:54:17.490+0000] {spaceflight_data_ingest_v2.py:74} ERROR - Error al obtener events: 404
[2025-01-19T14:55:12.377+0000] {spaceflight_data_ingest_v2.py:74} ERROR - Error al obtener events: 404
[2025-01-19T14:56:07.261+0000] {spaceflight_data_ingest_v2.py:74} ERROR - Error al obtener events: 404
[2025-01-19T14:57:02.054+0000] {spaceflight_data_ingest_v2.py:74} ERROR - Error al obtener events: 404
[2025-01-19T14:57:56.942+0000] {spaceflight_data_ingest_v2.py:74} ERROR - Error al obtener events: 404
[2025-01-19T14:58:51.828+0000] {spaceflight_data_ingest_v2.py:74} ERROR - Error al obtener events: 404
[2025-01-19T14:59:46.708+0000] {spaceflight_data_ingest_v2.py:74} ERROR - Error al obtener events: 404
[2025-01-19T15:00:41.591+0000] {spaceflight_data_ingest_v2.py:74} ERROR - Error al obtener events: 404
[2025-01-19T15:01:36.493+0000] {spaceflight_data_ingest_v2.py:74} ERROR - Error al obtener events: 404
[2025-01-19T15:02:31.279+0000] {spaceflight_data_ingest_v2.py:74} ERROR - Error al obtener events: 404
[2025-01-19T15:03:26.034+0000] {spaceflight_data_ingest_v2.py:74} ERROR - Error al obtener events: 404
[2025-01-19T15:04:20.827+0000] {spaceflight_data_ingest_v2.py:74} ERROR - Error al obtener events: 404
[2025-01-19T15:05:15.697+0000] {spaceflight_data_ingest_v2.py:74} ERROR - Error al obtener events: 404
[2025-01-19T15:06:10.581+0000] {spaceflight_data_ingest_v2.py:74} ERROR - Error al obtener events: 404
[2025-01-19T15:07:05.460+0000] {spaceflight_data_ingest_v2.py:74} ERROR - Error al obtener events: 404
[2025-01-19T15:08:01.321+0000] {spaceflight_data_ingest_v2.py:74} ERROR - Error al obtener events: 404
[2025-01-19T15:08:56.021+0000] {spaceflight_data_ingest_v2.py:74} ERROR - Error al obtener events: 404
[2025-01-19T15:09:50.738+0000] {spaceflight_data_ingest_v2.py:74} ERROR - Error al obtener events: 404
[2025-01-19T15:10:45.700+0000] {spaceflight_data_ingest_v2.py:74} ERROR - Error al obtener events: 404
[2025-01-19T15:11:40.714+0000] {spaceflight_data_ingest_v2.py:74} ERROR - Error al obtener events: 404
[2025-01-19T15:12:35.648+0000] {spaceflight_data_ingest_v2.py:74} ERROR - Error al obtener events: 404
[2025-01-19T15:13:30.354+0000] {spaceflight_data_ingest_v2.py:74} ERROR - Error al obtener events: 404
[2025-01-19T15:14:25.197+0000] {spaceflight_data_ingest_v2.py:74} ERROR - Error al obtener events: 404
[2025-01-19T15:15:19.899+0000] {spaceflight_data_ingest_v2.py:74} ERROR - Error al obtener events: 404
[2025-01-19T15:16:14.608+0000] {spaceflight_data_ingest_v2.py:74} ERROR - Error al obtener events: 404
[2025-01-19T15:17:09.750+0000] {spaceflight_data_ingest_v2.py:74} ERROR - Error al obtener events: 404
[2025-01-19T15:18:05.004+0000] {spaceflight_data_ingest_v2.py:74} ERROR - Error al obtener events: 404
[2025-01-19T15:18:59.710+0000] {spaceflight_data_ingest_v2.py:74} ERROR - Error al obtener events: 404
[2025-01-19T15:19:54.413+0000] {spaceflight_data_ingest_v2.py:74} ERROR - Error al obtener events: 404
[2025-01-19T15:20:49.116+0000] {spaceflight_data_ingest_v2.py:74} ERROR - Error al obtener events: 404
[2025-01-19T15:21:43.830+0000] {spaceflight_data_ingest_v2.py:74} ERROR - Error al obtener events: 404
[2025-01-19T15:22:38.533+0000] {spaceflight_data_ingest_v2.py:74} ERROR - Error al obtener events: 404
[2025-01-19T15:23:33.236+0000] {spaceflight_data_ingest_v2.py:74} ERROR - Error al obtener events: 404
[2025-01-19T15:24:27.944+0000] {spaceflight_data_ingest_v2.py:74} ERROR - Error al obtener events: 404
[2025-01-19T15:25:20.262+0000] {spaceflight_data_ingest_v2.py:74} ERROR - Error al obtener events: 404
[2025-01-19T15:26:15.424+0000] {spaceflight_data_ingest_v2.py:74} ERROR - Error al obtener events: 404
[2025-01-19T15:27:10.373+0000] {spaceflight_data_ingest_v2.py:74} ERROR - Error al obtener events: 404
[2025-01-19T15:28:06.147+0000] {spaceflight_data_ingest_v2.py:74} ERROR - Error al obtener events: 404
[2025-01-19T15:30:42.642+0000] {spaceflight_data_ingest_v2.py:74} ERROR - Error al obtener events: 524
[2025-01-19T15:32:03.298+0000] {spaceflight_data_ingest_v2.py:74} ERROR - Error al obtener events: 520
[2025-01-19T15:32:58.089+0000] {spaceflight_data_ingest_v2.py:74} ERROR - Error al obtener events: 404
[2025-01-19T15:33:52.975+0000] {spaceflight_data_ingest_v2.py:74} ERROR - Error al obtener events: 404
[2025-01-19T15:34:47.765+0000] {spaceflight_data_ingest_v2.py:74} ERROR - Error al obtener events: 404
[2025-01-19T15:35:42.616+0000] {spaceflight_data_ingest_v2.py:74} ERROR - Error al obtener events: 404
[2025-01-19T15:36:37.357+0000] {spaceflight_data_ingest_v2.py:74} ERROR - Error al obtener events: 404
[2025-01-19T15:37:32.063+0000] {spaceflight_data_ingest_v2.py:74} ERROR - Error al obtener events: 404
[2025-01-19T15:38:26.776+0000] {spaceflight_data_ingest_v2.py:74} ERROR - Error al obtener events: 404
[2025-01-19T15:39:21.519+0000] {spaceflight_data_ingest_v2.py:74} ERROR - Error al obtener events: 404
[2025-01-19T15:40:16.266+0000] {spaceflight_data_ingest_v2.py:74} ERROR - Error al obtener events: 404
[2025-01-19T15:41:10.994+0000] {spaceflight_data_ingest_v2.py:74} ERROR - Error al obtener events: 404
[2025-01-19T15:42:05.738+0000] {spaceflight_data_ingest_v2.py:74} ERROR - Error al obtener events: 404
[2025-01-19T15:43:00.643+0000] {spaceflight_data_ingest_v2.py:74} ERROR - Error al obtener events: 404
[2025-01-19T15:43:55.526+0000] {spaceflight_data_ingest_v2.py:74} ERROR - Error al obtener events: 404
[2025-01-19T15:44:50.418+0000] {spaceflight_data_ingest_v2.py:74} ERROR - Error al obtener events: 404
[2025-01-19T15:45:45.332+0000] {spaceflight_data_ingest_v2.py:74} ERROR - Error al obtener events: 404
[2025-01-19T15:46:40.190+0000] {spaceflight_data_ingest_v2.py:74} ERROR - Error al obtener events: 404
[2025-01-19T15:47:35.065+0000] {spaceflight_data_ingest_v2.py:74} ERROR - Error al obtener events: 404
[2025-01-19T15:48:29.910+0000] {spaceflight_data_ingest_v2.py:74} ERROR - Error al obtener events: 404
[2025-01-19T15:49:24.782+0000] {spaceflight_data_ingest_v2.py:74} ERROR - Error al obtener events: 404
[2025-01-19T15:50:19.639+0000] {spaceflight_data_ingest_v2.py:74} ERROR - Error al obtener events: 404
[2025-01-19T15:51:14.458+0000] {spaceflight_data_ingest_v2.py:74} ERROR - Error al obtener events: 404
[2025-01-19T15:52:09.370+0000] {spaceflight_data_ingest_v2.py:74} ERROR - Error al obtener events: 404
[2025-01-19T15:53:04.261+0000] {spaceflight_data_ingest_v2.py:74} ERROR - Error al obtener events: 404
[2025-01-19T15:53:59.136+0000] {spaceflight_data_ingest_v2.py:74} ERROR - Error al obtener events: 404
[2025-01-19T15:54:54.016+0000] {spaceflight_data_ingest_v2.py:74} ERROR - Error al obtener events: 404
[2025-01-19T15:55:48.803+0000] {spaceflight_data_ingest_v2.py:74} ERROR - Error al obtener events: 404
[2025-01-19T15:56:43.548+0000] {spaceflight_data_ingest_v2.py:74} ERROR - Error al obtener events: 404
[2025-01-19T15:57:38.289+0000] {spaceflight_data_ingest_v2.py:74} ERROR - Error al obtener events: 404
[2025-01-19T16:00:12.134+0000] {spaceflight_data_ingest_v2.py:74} ERROR - Error al obtener events: 524
[2025-01-19T16:01:07.147+0000] {spaceflight_data_ingest_v2.py:74} ERROR - Error al obtener events: 404
[2025-01-19T16:02:02.052+0000] {spaceflight_data_ingest_v2.py:74} ERROR - Error al obtener events: 404
[2025-01-19T16:02:57.134+0000] {spaceflight_data_ingest_v2.py:74} ERROR - Error al obtener events: 404
[2025-01-19T16:03:52.373+0000] {spaceflight_data_ingest_v2.py:74} ERROR - Error al obtener events: 404
[2025-01-19T16:04:47.078+0000] {spaceflight_data_ingest_v2.py:74} ERROR - Error al obtener events: 404
[2025-01-19T16:05:42.720+0000] {spaceflight_data_ingest_v2.py:74} ERROR - Error al obtener events: 404
[2025-01-19T16:06:37.662+0000] {spaceflight_data_ingest_v2.py:74} ERROR - Error al obtener events: 404
[2025-01-19T16:07:32.576+0000] {spaceflight_data_ingest_v2.py:74} ERROR - Error al obtener events: 404
[2025-01-19T16:08:27.443+0000] {spaceflight_data_ingest_v2.py:74} ERROR - Error al obtener events: 404
[2025-01-19T16:09:22.542+0000] {spaceflight_data_ingest_v2.py:74} ERROR - Error al obtener events: 404
[2025-01-19T16:10:17.381+0000] {spaceflight_data_ingest_v2.py:74} ERROR - Error al obtener events: 404
[2025-01-19T16:11:12.261+0000] {spaceflight_data_ingest_v2.py:74} ERROR - Error al obtener events: 404
[2025-01-19T16:12:07.118+0000] {spaceflight_data_ingest_v2.py:74} ERROR - Error al obtener events: 404
[2025-01-19T16:13:01.984+0000] {spaceflight_data_ingest_v2.py:74} ERROR - Error al obtener events: 404
[2025-01-19T16:13:56.868+0000] {spaceflight_data_ingest_v2.py:74} ERROR - Error al obtener events: 404
[2025-01-19T16:14:51.737+0000] {spaceflight_data_ingest_v2.py:74} ERROR - Error al obtener events: 404
[2025-01-19T16:15:46.480+0000] {spaceflight_data_ingest_v2.py:74} ERROR - Error al obtener events: 404
[2025-01-19T16:16:41.399+0000] {spaceflight_data_ingest_v2.py:74} ERROR - Error al obtener events: 404
[2025-01-19T16:17:36.128+0000] {spaceflight_data_ingest_v2.py:74} ERROR - Error al obtener events: 404
[2025-01-19T16:18:31.037+0000] {spaceflight_data_ingest_v2.py:74} ERROR - Error al obtener events: 404
[2025-01-19T16:19:25.953+0000] {spaceflight_data_ingest_v2.py:74} ERROR - Error al obtener events: 404
[2025-01-19T16:20:20.847+0000] {spaceflight_data_ingest_v2.py:74} ERROR - Error al obtener events: 404
[2025-01-19T16:21:15.766+0000] {spaceflight_data_ingest_v2.py:74} ERROR - Error al obtener events: 404
[2025-01-19T16:22:10.666+0000] {spaceflight_data_ingest_v2.py:74} ERROR - Error al obtener events: 404
[2025-01-19T16:23:05.737+0000] {spaceflight_data_ingest_v2.py:74} ERROR - Error al obtener events: 404
[2025-01-19T16:24:01.030+0000] {spaceflight_data_ingest_v2.py:74} ERROR - Error al obtener events: 404
[2025-01-19T16:24:55.747+0000] {spaceflight_data_ingest_v2.py:74} ERROR - Error al obtener events: 404
[2025-01-19T16:25:48.064+0000] {spaceflight_data_ingest_v2.py:74} ERROR - Error al obtener events: 404
[2025-01-19T16:26:43.304+0000] {spaceflight_data_ingest_v2.py:74} ERROR - Error al obtener events: 404
[2025-01-19T16:27:38.081+0000] {spaceflight_data_ingest_v2.py:74} ERROR - Error al obtener events: 404
[2025-01-19T16:28:32.796+0000] {spaceflight_data_ingest_v2.py:74} ERROR - Error al obtener events: 404
[2025-01-19T16:29:27.657+0000] {spaceflight_data_ingest_v2.py:74} ERROR - Error al obtener events: 404
[2025-01-19T16:30:22.389+0000] {spaceflight_data_ingest_v2.py:74} ERROR - Error al obtener events: 404
[2025-01-19T16:31:17.115+0000] {spaceflight_data_ingest_v2.py:74} ERROR - Error al obtener events: 404
[2025-01-19T16:32:11.914+0000] {spaceflight_data_ingest_v2.py:74} ERROR - Error al obtener events: 404
[2025-01-19T16:33:06.945+0000] {spaceflight_data_ingest_v2.py:74} ERROR - Error al obtener events: 404
[2025-01-19T16:34:01.916+0000] {spaceflight_data_ingest_v2.py:74} ERROR - Error al obtener events: 404
[2025-01-19T16:34:56.799+0000] {spaceflight_data_ingest_v2.py:74} ERROR - Error al obtener events: 404
[2025-01-19T16:35:51.555+0000] {spaceflight_data_ingest_v2.py:74} ERROR - Error al obtener events: 404
[2025-01-19T16:36:46.424+0000] {spaceflight_data_ingest_v2.py:74} ERROR - Error al obtener events: 404
[2025-01-19T16:37:41.302+0000] {spaceflight_data_ingest_v2.py:74} ERROR - Error al obtener events: 404
[2025-01-19T16:38:36.097+0000] {spaceflight_data_ingest_v2.py:74} ERROR - Error al obtener events: 404
[2025-01-19T16:39:30.970+0000] {spaceflight_data_ingest_v2.py:74} ERROR - Error al obtener events: 404
[2025-01-19T16:40:25.879+0000] {spaceflight_data_ingest_v2.py:74} ERROR - Error al obtener events: 404
[2025-01-19T16:41:20.690+0000] {spaceflight_data_ingest_v2.py:74} ERROR - Error al obtener events: 404
[2025-01-19T16:42:15.560+0000] {spaceflight_data_ingest_v2.py:74} ERROR - Error al obtener events: 404
[2025-01-19T16:43:10.642+0000] {spaceflight_data_ingest_v2.py:74} ERROR - Error al obtener events: 404
[2025-01-19T16:44:05.430+0000] {spaceflight_data_ingest_v2.py:74} ERROR - Error al obtener events: 404
[2025-01-19T16:45:00.211+0000] {spaceflight_data_ingest_v2.py:74} ERROR - Error al obtener events: 404
[2025-01-19T16:45:55.172+0000] {spaceflight_data_ingest_v2.py:74} ERROR - Error al obtener events: 404
[2025-01-19T16:46:50.050+0000] {spaceflight_data_ingest_v2.py:74} ERROR - Error al obtener events: 404
[2025-01-19T16:47:44.768+0000] {spaceflight_data_ingest_v2.py:74} ERROR - Error al obtener events: 404
[2025-01-19T16:48:39.647+0000] {spaceflight_data_ingest_v2.py:74} ERROR - Error al obtener events: 404
[2025-01-19T16:49:34.537+0000] {spaceflight_data_ingest_v2.py:74} ERROR - Error al obtener events: 404
[2025-01-19T16:50:29.309+0000] {spaceflight_data_ingest_v2.py:74} ERROR - Error al obtener events: 404
[2025-01-19T16:51:24.198+0000] {spaceflight_data_ingest_v2.py:74} ERROR - Error al obtener events: 404
[2025-01-19T16:52:19.079+0000] {spaceflight_data_ingest_v2.py:74} ERROR - Error al obtener events: 404
[2025-01-19T16:53:13.967+0000] {spaceflight_data_ingest_v2.py:74} ERROR - Error al obtener events: 404
[2025-01-19T16:54:08.546+0000] {spaceflight_data_ingest_v2.py:74} ERROR - Error al obtener events: 404
[2025-01-19T16:55:03.461+0000] {spaceflight_data_ingest_v2.py:74} ERROR - Error al obtener events: 404
[2025-01-19T16:55:58.376+0000] {spaceflight_data_ingest_v2.py:74} ERROR - Error al obtener events: 404
[2025-01-19T16:56:53.225+0000] {spaceflight_data_ingest_v2.py:74} ERROR - Error al obtener events: 404
[2025-01-19T16:57:48.258+0000] {spaceflight_data_ingest_v2.py:74} ERROR - Error al obtener events: 404
[2025-01-19T16:58:43.175+0000] {spaceflight_data_ingest_v2.py:74} ERROR - Error al obtener events: 404
[2025-01-19T16:59:37.978+0000] {spaceflight_data_ingest_v2.py:74} ERROR - Error al obtener events: 404
[2025-01-19T17:00:32.727+0000] {spaceflight_data_ingest_v2.py:74} ERROR - Error al obtener events: 404
[2025-01-19T17:01:27.660+0000] {spaceflight_data_ingest_v2.py:74} ERROR - Error al obtener events: 404
[2025-01-19T17:02:22.518+0000] {spaceflight_data_ingest_v2.py:74} ERROR - Error al obtener events: 404
[2025-01-19T17:03:17.411+0000] {spaceflight_data_ingest_v2.py:74} ERROR - Error al obtener events: 404
[2025-01-19T17:04:12.332+0000] {spaceflight_data_ingest_v2.py:74} ERROR - Error al obtener events: 404
[2025-01-19T17:05:07.196+0000] {spaceflight_data_ingest_v2.py:74} ERROR - Error al obtener events: 404
[2025-01-19T17:06:02.127+0000] {spaceflight_data_ingest_v2.py:74} ERROR - Error al obtener events: 404
[2025-01-19T17:06:57.003+0000] {spaceflight_data_ingest_v2.py:74} ERROR - Error al obtener events: 404
[2025-01-19T17:07:51.888+0000] {spaceflight_data_ingest_v2.py:74} ERROR - Error al obtener events: 404
[2025-01-19T17:08:46.754+0000] {spaceflight_data_ingest_v2.py:74} ERROR - Error al obtener events: 404
[2025-01-19T17:09:41.477+0000] {spaceflight_data_ingest_v2.py:74} ERROR - Error al obtener events: 404
[2025-01-19T17:10:36.242+0000] {spaceflight_data_ingest_v2.py:74} ERROR - Error al obtener events: 404
[2025-01-19T17:11:31.112+0000] {spaceflight_data_ingest_v2.py:74} ERROR - Error al obtener events: 404
[2025-01-19T17:12:26.233+0000] {spaceflight_data_ingest_v2.py:74} ERROR - Error al obtener events: 404
[2025-01-19T17:13:21.308+0000] {spaceflight_data_ingest_v2.py:74} ERROR - Error al obtener events: 404
[2025-01-19T17:14:16.284+0000] {spaceflight_data_ingest_v2.py:74} ERROR - Error al obtener events: 404
[2025-01-19T17:15:11.260+0000] {spaceflight_data_ingest_v2.py:74} ERROR - Error al obtener events: 404
[2025-01-19T17:16:05.966+0000] {spaceflight_data_ingest_v2.py:74} ERROR - Error al obtener events: 404
[2025-01-19T17:17:00.858+0000] {spaceflight_data_ingest_v2.py:74} ERROR - Error al obtener events: 404
[2025-01-19T17:17:55.721+0000] {spaceflight_data_ingest_v2.py:74} ERROR - Error al obtener events: 404
[2025-01-19T17:18:50.599+0000] {spaceflight_data_ingest_v2.py:74} ERROR - Error al obtener events: 404
[2025-01-19T17:19:45.485+0000] {spaceflight_data_ingest_v2.py:74} ERROR - Error al obtener events: 404
[2025-01-19T17:20:40.365+0000] {spaceflight_data_ingest_v2.py:74} ERROR - Error al obtener events: 404
[2025-01-19T17:21:35.362+0000] {spaceflight_data_ingest_v2.py:74} ERROR - Error al obtener events: 404
[2025-01-19T17:22:30.278+0000] {spaceflight_data_ingest_v2.py:74} ERROR - Error al obtener events: 404
[2025-01-19T17:23:25.344+0000] {spaceflight_data_ingest_v2.py:74} ERROR - Error al obtener events: 404
[2025-01-19T17:24:20.209+0000] {spaceflight_data_ingest_v2.py:74} ERROR - Error al obtener events: 404
[2025-01-19T17:25:15.075+0000] {spaceflight_data_ingest_v2.py:74} ERROR - Error al obtener events: 404
[2025-01-19T17:26:09.971+0000] {spaceflight_data_ingest_v2.py:74} ERROR - Error al obtener events: 404
[2025-01-19T17:27:04.915+0000] {spaceflight_data_ingest_v2.py:74} ERROR - Error al obtener events: 404
[2025-01-19T17:27:59.992+0000] {spaceflight_data_ingest_v2.py:74} ERROR - Error al obtener events: 404
[2025-01-19T17:28:54.915+0000] {spaceflight_data_ingest_v2.py:74} ERROR - Error al obtener events: 404
[2025-01-19T17:29:49.724+0000] {spaceflight_data_ingest_v2.py:74} ERROR - Error al obtener events: 404
[2025-01-19T17:30:44.620+0000] {spaceflight_data_ingest_v2.py:74} ERROR - Error al obtener events: 404
[2025-01-19T17:31:39.339+0000] {spaceflight_data_ingest_v2.py:74} ERROR - Error al obtener events: 404
[2025-01-19T17:32:34.239+0000] {spaceflight_data_ingest_v2.py:74} ERROR - Error al obtener events: 404
[2025-01-19T17:33:29.130+0000] {spaceflight_data_ingest_v2.py:74} ERROR - Error al obtener events: 404
[2025-01-19T17:34:24.042+0000] {spaceflight_data_ingest_v2.py:74} ERROR - Error al obtener events: 404
[2025-01-19T17:35:18.921+0000] {spaceflight_data_ingest_v2.py:74} ERROR - Error al obtener events: 404
[2025-01-19T17:36:13.794+0000] {spaceflight_data_ingest_v2.py:74} ERROR - Error al obtener events: 404
[2025-01-19T17:37:08.697+0000] {spaceflight_data_ingest_v2.py:74} ERROR - Error al obtener events: 404
[2025-01-19T17:38:03.570+0000] {spaceflight_data_ingest_v2.py:74} ERROR - Error al obtener events: 404
[2025-01-19T17:38:58.534+0000] {spaceflight_data_ingest_v2.py:74} ERROR - Error al obtener events: 404
[2025-01-19T17:39:53.387+0000] {spaceflight_data_ingest_v2.py:74} ERROR - Error al obtener events: 404
[2025-01-19T17:40:48.270+0000] {spaceflight_data_ingest_v2.py:74} ERROR - Error al obtener events: 404
[2025-01-19T17:41:43.181+0000] {spaceflight_data_ingest_v2.py:74} ERROR - Error al obtener events: 404
[2025-01-19T17:42:37.987+0000] {spaceflight_data_ingest_v2.py:74} ERROR - Error al obtener events: 404
[2025-01-19T17:43:33.875+0000] {spaceflight_data_ingest_v2.py:74} ERROR - Error al obtener events: 404
[2025-01-19T17:44:28.743+0000] {spaceflight_data_ingest_v2.py:74} ERROR - Error al obtener events: 404
[2025-01-19T17:45:23.454+0000] {spaceflight_data_ingest_v2.py:74} ERROR - Error al obtener events: 404
[2025-01-19T17:46:15.615+0000] {spaceflight_data_ingest_v2.py:74} ERROR - Error al obtener events: 404
[2025-01-19T17:47:10.403+0000] {spaceflight_data_ingest_v2.py:74} ERROR - Error al obtener events: 404
[2025-01-19T17:48:05.317+0000] {spaceflight_data_ingest_v2.py:74} ERROR - Error al obtener events: 404
[2025-01-19T17:49:00.180+0000] {spaceflight_data_ingest_v2.py:74} ERROR - Error al obtener events: 404
[2025-01-19T17:49:55.069+0000] {spaceflight_data_ingest_v2.py:74} ERROR - Error al obtener events: 404
[2025-01-19T17:50:49.947+0000] {spaceflight_data_ingest_v2.py:74} ERROR - Error al obtener events: 404
[2025-01-19T17:51:44.889+0000] {spaceflight_data_ingest_v2.py:74} ERROR - Error al obtener events: 404
[2025-01-19T17:52:39.739+0000] {spaceflight_data_ingest_v2.py:74} ERROR - Error al obtener events: 404
[2025-01-19T17:53:34.588+0000] {spaceflight_data_ingest_v2.py:74} ERROR - Error al obtener events: 404
[2025-01-19T17:54:29.425+0000] {spaceflight_data_ingest_v2.py:74} ERROR - Error al obtener events: 404
[2025-01-19T17:55:24.322+0000] {spaceflight_data_ingest_v2.py:74} ERROR - Error al obtener events: 404
[2025-01-19T17:56:19.238+0000] {spaceflight_data_ingest_v2.py:74} ERROR - Error al obtener events: 404
[2025-01-19T17:57:14.120+0000] {spaceflight_data_ingest_v2.py:74} ERROR - Error al obtener events: 404
[2025-01-19T17:58:09.015+0000] {spaceflight_data_ingest_v2.py:74} ERROR - Error al obtener events: 404
[2025-01-19T17:59:03.874+0000] {spaceflight_data_ingest_v2.py:74} ERROR - Error al obtener events: 404
[2025-01-19T17:59:58.664+0000] {spaceflight_data_ingest_v2.py:74} ERROR - Error al obtener events: 404
[2025-01-19T18:00:53.599+0000] {spaceflight_data_ingest_v2.py:74} ERROR - Error al obtener events: 404
[2025-01-19T18:01:48.485+0000] {spaceflight_data_ingest_v2.py:74} ERROR - Error al obtener events: 404
[2025-01-19T18:02:43.469+0000] {spaceflight_data_ingest_v2.py:74} ERROR - Error al obtener events: 404
[2025-01-19T18:03:38.380+0000] {spaceflight_data_ingest_v2.py:74} ERROR - Error al obtener events: 404
[2025-01-19T18:04:33.201+0000] {spaceflight_data_ingest_v2.py:74} ERROR - Error al obtener events: 404
[2025-01-19T18:05:28.075+0000] {spaceflight_data_ingest_v2.py:74} ERROR - Error al obtener events: 404
[2025-01-19T18:06:22.945+0000] {spaceflight_data_ingest_v2.py:74} ERROR - Error al obtener events: 404
[2025-01-19T18:07:17.841+0000] {spaceflight_data_ingest_v2.py:74} ERROR - Error al obtener events: 404
[2025-01-19T18:08:12.716+0000] {spaceflight_data_ingest_v2.py:74} ERROR - Error al obtener events: 404
[2025-01-19T18:09:07.512+0000] {spaceflight_data_ingest_v2.py:74} ERROR - Error al obtener events: 404
[2025-01-19T18:10:02.497+0000] {spaceflight_data_ingest_v2.py:74} ERROR - Error al obtener events: 404
[2025-01-19T18:10:57.306+0000] {spaceflight_data_ingest_v2.py:74} ERROR - Error al obtener events: 404
[2025-01-19T18:11:52.208+0000] {spaceflight_data_ingest_v2.py:74} ERROR - Error al obtener events: 404
[2025-01-19T18:12:47.187+0000] {spaceflight_data_ingest_v2.py:74} ERROR - Error al obtener events: 404
[2025-01-19T18:13:42.379+0000] {spaceflight_data_ingest_v2.py:74} ERROR - Error al obtener events: 404
[2025-01-19T18:14:37.253+0000] {spaceflight_data_ingest_v2.py:74} ERROR - Error al obtener events: 404
[2025-01-19T18:15:32.135+0000] {spaceflight_data_ingest_v2.py:74} ERROR - Error al obtener events: 404
[2025-01-19T18:16:27.022+0000] {spaceflight_data_ingest_v2.py:74} ERROR - Error al obtener events: 404
[2025-01-19T18:17:21.902+0000] {spaceflight_data_ingest_v2.py:74} ERROR - Error al obtener events: 404
[2025-01-19T18:18:16.816+0000] {spaceflight_data_ingest_v2.py:74} ERROR - Error al obtener events: 404
[2025-01-19T18:19:11.687+0000] {spaceflight_data_ingest_v2.py:74} ERROR - Error al obtener events: 404
[2025-01-19T18:20:06.594+0000] {spaceflight_data_ingest_v2.py:74} ERROR - Error al obtener events: 404
[2025-01-19T18:21:01.337+0000] {spaceflight_data_ingest_v2.py:74} ERROR - Error al obtener events: 404
[2025-01-19T18:21:56.010+0000] {spaceflight_data_ingest_v2.py:74} ERROR - Error al obtener events: 404
[2025-01-19T18:22:50.994+0000] {spaceflight_data_ingest_v2.py:74} ERROR - Error al obtener events: 404
[2025-01-19T18:23:46.104+0000] {spaceflight_data_ingest_v2.py:74} ERROR - Error al obtener events: 404
[2025-01-19T18:24:40.968+0000] {spaceflight_data_ingest_v2.py:74} ERROR - Error al obtener events: 404
[2025-01-19T18:25:35.851+0000] {spaceflight_data_ingest_v2.py:74} ERROR - Error al obtener events: 404
[2025-01-19T18:26:30.720+0000] {spaceflight_data_ingest_v2.py:74} ERROR - Error al obtener events: 404
[2025-01-19T18:27:25.349+0000] {spaceflight_data_ingest_v2.py:74} ERROR - Error al obtener events: 404
[2025-01-19T18:28:20.539+0000] {spaceflight_data_ingest_v2.py:74} ERROR - Error al obtener events: 404
[2025-01-19T18:29:15.425+0000] {spaceflight_data_ingest_v2.py:74} ERROR - Error al obtener events: 404
[2025-01-19T18:30:10.342+0000] {spaceflight_data_ingest_v2.py:74} ERROR - Error al obtener events: 404
[2025-01-19T18:31:05.345+0000] {spaceflight_data_ingest_v2.py:74} ERROR - Error al obtener events: 404
[2025-01-19T18:32:00.262+0000] {spaceflight_data_ingest_v2.py:74} ERROR - Error al obtener events: 404
[2025-01-19T18:32:54.980+0000] {spaceflight_data_ingest_v2.py:74} ERROR - Error al obtener events: 404
[2025-01-19T18:33:49.974+0000] {spaceflight_data_ingest_v2.py:74} ERROR - Error al obtener events: 404
[2025-01-19T18:34:44.894+0000] {spaceflight_data_ingest_v2.py:74} ERROR - Error al obtener events: 404
[2025-01-19T18:35:39.748+0000] {spaceflight_data_ingest_v2.py:74} ERROR - Error al obtener events: 404
[2025-01-19T18:36:34.627+0000] {spaceflight_data_ingest_v2.py:74} ERROR - Error al obtener events: 404
[2025-01-19T18:37:29.529+0000] {spaceflight_data_ingest_v2.py:74} ERROR - Error al obtener events: 404
[2025-01-19T18:38:24.474+0000] {spaceflight_data_ingest_v2.py:74} ERROR - Error al obtener events: 404
[2025-01-19T18:39:19.363+0000] {spaceflight_data_ingest_v2.py:74} ERROR - Error al obtener events: 404
[2025-01-19T18:40:14.252+0000] {spaceflight_data_ingest_v2.py:74} ERROR - Error al obtener events: 404
[2025-01-19T18:41:07.769+0000] {spaceflight_data_ingest_v2.py:74} ERROR - Error al obtener events: 404
[2025-01-19T18:42:04.010+0000] {spaceflight_data_ingest_v2.py:74} ERROR - Error al obtener events: 404
[2025-01-19T18:42:58.926+0000] {spaceflight_data_ingest_v2.py:74} ERROR - Error al obtener events: 404
[2025-01-19T18:43:54.066+0000] {spaceflight_data_ingest_v2.py:74} ERROR - Error al obtener events: 404
[2025-01-19T18:44:48.989+0000] {spaceflight_data_ingest_v2.py:74} ERROR - Error al obtener events: 404
[2025-01-19T18:45:43.781+0000] {spaceflight_data_ingest_v2.py:74} ERROR - Error al obtener events: 404
[2025-01-19T18:46:38.676+0000] {spaceflight_data_ingest_v2.py:74} ERROR - Error al obtener events: 404
[2025-01-19T18:47:33.555+0000] {spaceflight_data_ingest_v2.py:74} ERROR - Error al obtener events: 404
[2025-01-19T18:48:28.464+0000] {spaceflight_data_ingest_v2.py:74} ERROR - Error al obtener events: 404
[2025-01-19T18:49:23.356+0000] {spaceflight_data_ingest_v2.py:74} ERROR - Error al obtener events: 404
[2025-01-19T18:50:18.228+0000] {spaceflight_data_ingest_v2.py:74} ERROR - Error al obtener events: 404
[2025-01-19T18:51:13.102+0000] {spaceflight_data_ingest_v2.py:74} ERROR - Error al obtener events: 404
[2025-01-19T18:52:07.914+0000] {spaceflight_data_ingest_v2.py:74} ERROR - Error al obtener events: 404
[2025-01-19T18:53:02.938+0000] {spaceflight_data_ingest_v2.py:74} ERROR - Error al obtener events: 404
[2025-01-19T18:53:58.075+0000] {spaceflight_data_ingest_v2.py:74} ERROR - Error al obtener events: 404
[2025-01-19T18:54:52.943+0000] {spaceflight_data_ingest_v2.py:74} ERROR - Error al obtener events: 404
[2025-01-19T18:55:47.750+0000] {spaceflight_data_ingest_v2.py:74} ERROR - Error al obtener events: 404
[2025-01-19T18:56:42.624+0000] {spaceflight_data_ingest_v2.py:74} ERROR - Error al obtener events: 404
[2025-01-19T18:57:37.515+0000] {spaceflight_data_ingest_v2.py:74} ERROR - Error al obtener events: 404
[2025-01-19T18:58:32.404+0000] {spaceflight_data_ingest_v2.py:74} ERROR - Error al obtener events: 404
[2025-01-19T18:59:27.295+0000] {spaceflight_data_ingest_v2.py:74} ERROR - Error al obtener events: 404
[2025-01-19T19:00:22.241+0000] {spaceflight_data_ingest_v2.py:74} ERROR - Error al obtener events: 404
[2025-01-19T19:01:17.136+0000] {spaceflight_data_ingest_v2.py:74} ERROR - Error al obtener events: 404
[2025-01-19T19:02:12.039+0000] {spaceflight_data_ingest_v2.py:74} ERROR - Error al obtener events: 404
[2025-01-19T19:03:06.923+0000] {spaceflight_data_ingest_v2.py:74} ERROR - Error al obtener events: 404
[2025-01-19T19:04:02.016+0000] {spaceflight_data_ingest_v2.py:74} ERROR - Error al obtener events: 404
[2025-01-19T19:04:57.316+0000] {spaceflight_data_ingest_v2.py:74} ERROR - Error al obtener events: 404
[2025-01-19T19:05:49.300+0000] {spaceflight_data_ingest_v2.py:74} ERROR - Error al obtener events: 404
[2025-01-19T19:06:44.173+0000] {spaceflight_data_ingest_v2.py:74} ERROR - Error al obtener events: 404
[2025-01-19T19:07:39.054+0000] {spaceflight_data_ingest_v2.py:74} ERROR - Error al obtener events: 404
[2025-01-19T19:08:33.796+0000] {spaceflight_data_ingest_v2.py:74} ERROR - Error al obtener events: 404
[2025-01-19T19:09:28.679+0000] {spaceflight_data_ingest_v2.py:74} ERROR - Error al obtener events: 404
[2025-01-19T19:10:23.544+0000] {spaceflight_data_ingest_v2.py:74} ERROR - Error al obtener events: 404
[2025-01-19T19:11:18.405+0000] {spaceflight_data_ingest_v2.py:74} ERROR - Error al obtener events: 404
[2025-01-19T19:12:13.378+0000] {spaceflight_data_ingest_v2.py:74} ERROR - Error al obtener events: 404
[2025-01-19T19:13:08.274+0000] {spaceflight_data_ingest_v2.py:74} ERROR - Error al obtener events: 404
[2025-01-19T19:14:03.410+0000] {spaceflight_data_ingest_v2.py:74} ERROR - Error al obtener events: 404
[2025-01-19T19:14:58.366+0000] {spaceflight_data_ingest_v2.py:74} ERROR - Error al obtener events: 404
[2025-01-19T19:15:53.203+0000] {spaceflight_data_ingest_v2.py:74} ERROR - Error al obtener events: 404
[2025-01-19T19:16:47.963+0000] {spaceflight_data_ingest_v2.py:74} ERROR - Error al obtener events: 404
[2025-01-19T19:17:42.837+0000] {spaceflight_data_ingest_v2.py:74} ERROR - Error al obtener events: 404
[2025-01-19T19:18:37.717+0000] {spaceflight_data_ingest_v2.py:74} ERROR - Error al obtener events: 404
[2025-01-19T19:19:32.554+0000] {spaceflight_data_ingest_v2.py:74} ERROR - Error al obtener events: 404
[2025-01-19T19:20:27.439+0000] {spaceflight_data_ingest_v2.py:74} ERROR - Error al obtener events: 404
[2025-01-19T19:21:22.315+0000] {spaceflight_data_ingest_v2.py:74} ERROR - Error al obtener events: 404
[2025-01-19T19:22:17.233+0000] {spaceflight_data_ingest_v2.py:74} ERROR - Error al obtener events: 404
[2025-01-19T19:23:12.117+0000] {spaceflight_data_ingest_v2.py:74} ERROR - Error al obtener events: 404
[2025-01-19T19:24:07.191+0000] {spaceflight_data_ingest_v2.py:74} ERROR - Error al obtener events: 404
[2025-01-19T19:25:02.069+0000] {spaceflight_data_ingest_v2.py:74} ERROR - Error al obtener events: 404
[2025-01-19T19:25:56.939+0000] {spaceflight_data_ingest_v2.py:74} ERROR - Error al obtener events: 404
[2025-01-19T19:26:51.823+0000] {spaceflight_data_ingest_v2.py:74} ERROR - Error al obtener events: 404
[2025-01-19T19:27:46.688+0000] {spaceflight_data_ingest_v2.py:74} ERROR - Error al obtener events: 404
[2025-01-19T19:28:41.618+0000] {spaceflight_data_ingest_v2.py:74} ERROR - Error al obtener events: 404
[2025-01-19T19:29:36.537+0000] {spaceflight_data_ingest_v2.py:74} ERROR - Error al obtener events: 404
[2025-01-19T19:30:31.437+0000] {spaceflight_data_ingest_v2.py:74} ERROR - Error al obtener events: 404
[2025-01-19T19:31:26.268+0000] {spaceflight_data_ingest_v2.py:74} ERROR - Error al obtener events: 404
[2025-01-19T19:32:21.136+0000] {spaceflight_data_ingest_v2.py:74} ERROR - Error al obtener events: 404
[2025-01-19T19:33:16.026+0000] {spaceflight_data_ingest_v2.py:74} ERROR - Error al obtener events: 404
[2025-01-19T19:34:11.136+0000] {spaceflight_data_ingest_v2.py:74} ERROR - Error al obtener events: 404
[2025-01-19T19:35:06.062+0000] {spaceflight_data_ingest_v2.py:74} ERROR - Error al obtener events: 404
[2025-01-19T19:36:00.955+0000] {spaceflight_data_ingest_v2.py:74} ERROR - Error al obtener events: 404
[2025-01-19T19:36:55.931+0000] {spaceflight_data_ingest_v2.py:74} ERROR - Error al obtener events: 404
[2025-01-19T19:37:50.898+0000] {spaceflight_data_ingest_v2.py:74} ERROR - Error al obtener events: 404
[2025-01-19T19:38:45.783+0000] {spaceflight_data_ingest_v2.py:74} ERROR - Error al obtener events: 404
[2025-01-19T19:39:40.669+0000] {spaceflight_data_ingest_v2.py:74} ERROR - Error al obtener events: 404
[2025-01-19T19:40:35.533+0000] {spaceflight_data_ingest_v2.py:74} ERROR - Error al obtener events: 404
[2025-01-19T19:41:30.456+0000] {spaceflight_data_ingest_v2.py:74} ERROR - Error al obtener events: 404
[2025-01-19T19:42:25.353+0000] {spaceflight_data_ingest_v2.py:74} ERROR - Error al obtener events: 404
[2025-01-19T19:43:20.250+0000] {spaceflight_data_ingest_v2.py:74} ERROR - Error al obtener events: 404
[2025-01-19T19:44:15.330+0000] {spaceflight_data_ingest_v2.py:74} ERROR - Error al obtener events: 404
[2025-01-19T19:45:10.239+0000] {spaceflight_data_ingest_v2.py:74} ERROR - Error al obtener events: 404
[2025-01-19T19:46:05.185+0000] {spaceflight_data_ingest_v2.py:74} ERROR - Error al obtener events: 404
[2025-01-19T19:47:00.070+0000] {spaceflight_data_ingest_v2.py:74} ERROR - Error al obtener events: 404
[2025-01-19T19:47:54.966+0000] {spaceflight_data_ingest_v2.py:74} ERROR - Error al obtener events: 404
[2025-01-19T19:48:49.691+0000] {spaceflight_data_ingest_v2.py:74} ERROR - Error al obtener events: 404
[2025-01-19T19:49:44.466+0000] {spaceflight_data_ingest_v2.py:74} ERROR - Error al obtener events: 404
[2025-01-19T19:50:39.352+0000] {spaceflight_data_ingest_v2.py:74} ERROR - Error al obtener events: 404
[2025-01-19T19:51:34.265+0000] {spaceflight_data_ingest_v2.py:74} ERROR - Error al obtener events: 404
[2025-01-19T19:52:29.179+0000] {spaceflight_data_ingest_v2.py:74} ERROR - Error al obtener events: 404
[2025-01-19T19:53:23.982+0000] {spaceflight_data_ingest_v2.py:74} ERROR - Error al obtener events: 404
[2025-01-19T19:54:19.076+0000] {spaceflight_data_ingest_v2.py:74} ERROR - Error al obtener events: 404
[2025-01-19T19:55:13.997+0000] {spaceflight_data_ingest_v2.py:74} ERROR - Error al obtener events: 404
[2025-01-19T19:56:08.892+0000] {spaceflight_data_ingest_v2.py:74} ERROR - Error al obtener events: 404
[2025-01-19T19:57:03.783+0000] {spaceflight_data_ingest_v2.py:74} ERROR - Error al obtener events: 404
[2025-01-19T19:57:58.725+0000] {spaceflight_data_ingest_v2.py:74} ERROR - Error al obtener events: 404
[2025-01-19T19:58:53.629+0000] {spaceflight_data_ingest_v2.py:74} ERROR - Error al obtener events: 404
[2025-01-19T19:59:48.728+0000] {spaceflight_data_ingest_v2.py:74} ERROR - Error al obtener events: 404
[2025-01-19T20:00:43.636+0000] {spaceflight_data_ingest_v2.py:74} ERROR - Error al obtener events: 404
[2025-01-19T20:01:38.599+0000] {spaceflight_data_ingest_v2.py:74} ERROR - Error al obtener events: 404
[2025-01-19T20:02:33.498+0000] {spaceflight_data_ingest_v2.py:74} ERROR - Error al obtener events: 404
[2025-01-19T20:03:28.406+0000] {spaceflight_data_ingest_v2.py:74} ERROR - Error al obtener events: 404
[2025-01-19T20:04:23.315+0000] {spaceflight_data_ingest_v2.py:74} ERROR - Error al obtener events: 404
[2025-01-19T20:05:18.200+0000] {spaceflight_data_ingest_v2.py:74} ERROR - Error al obtener events: 404
[2025-01-19T20:06:13.078+0000] {spaceflight_data_ingest_v2.py:74} ERROR - Error al obtener events: 404
[2025-01-19T20:07:08.038+0000] {spaceflight_data_ingest_v2.py:74} ERROR - Error al obtener events: 404
[2025-01-19T20:08:02.827+0000] {spaceflight_data_ingest_v2.py:74} ERROR - Error al obtener events: 404
[2025-01-19T20:08:57.715+0000] {spaceflight_data_ingest_v2.py:74} ERROR - Error al obtener events: 404
[2025-01-19T20:09:52.646+0000] {spaceflight_data_ingest_v2.py:74} ERROR - Error al obtener events: 404
[2025-01-19T20:10:47.538+0000] {spaceflight_data_ingest_v2.py:74} ERROR - Error al obtener events: 404
[2025-01-19T20:11:42.424+0000] {spaceflight_data_ingest_v2.py:74} ERROR - Error al obtener events: 404
[2025-01-19T20:12:37.295+0000] {spaceflight_data_ingest_v2.py:74} ERROR - Error al obtener events: 404
[2025-01-19T20:13:32.036+0000] {spaceflight_data_ingest_v2.py:74} ERROR - Error al obtener events: 404
[2025-01-19T20:14:26.938+0000] {spaceflight_data_ingest_v2.py:74} ERROR - Error al obtener events: 404
[2025-01-19T20:15:22.064+0000] {spaceflight_data_ingest_v2.py:74} ERROR - Error al obtener events: 404
[2025-01-19T20:16:16.957+0000] {spaceflight_data_ingest_v2.py:74} ERROR - Error al obtener events: 404
[2025-01-19T20:17:11.836+0000] {spaceflight_data_ingest_v2.py:74} ERROR - Error al obtener events: 404
[2025-01-19T20:18:06.674+0000] {spaceflight_data_ingest_v2.py:74} ERROR - Error al obtener events: 404
[2025-01-19T20:19:01.470+0000] {spaceflight_data_ingest_v2.py:74} ERROR - Error al obtener events: 404
[2025-01-19T20:19:56.369+0000] {spaceflight_data_ingest_v2.py:74} ERROR - Error al obtener events: 404
[2025-01-19T20:20:51.371+0000] {spaceflight_data_ingest_v2.py:74} ERROR - Error al obtener events: 404
[2025-01-19T20:21:46.133+0000] {spaceflight_data_ingest_v2.py:74} ERROR - Error al obtener events: 404
[2025-01-19T20:22:41.034+0000] {spaceflight_data_ingest_v2.py:74} ERROR - Error al obtener events: 404
[2025-01-19T20:23:33.269+0000] {spaceflight_data_ingest_v2.py:74} ERROR - Error al obtener events: 404
[2025-01-19T20:24:28.158+0000] {spaceflight_data_ingest_v2.py:74} ERROR - Error al obtener events: 404
[2025-01-19T20:25:23.036+0000] {spaceflight_data_ingest_v2.py:74} ERROR - Error al obtener events: 404
[2025-01-19T20:26:18.117+0000] {spaceflight_data_ingest_v2.py:74} ERROR - Error al obtener events: 404
[2025-01-19T20:27:13.012+0000] {spaceflight_data_ingest_v2.py:74} ERROR - Error al obtener events: 404
[2025-01-19T20:28:07.910+0000] {spaceflight_data_ingest_v2.py:74} ERROR - Error al obtener events: 404
[2025-01-19T20:29:02.810+0000] {spaceflight_data_ingest_v2.py:74} ERROR - Error al obtener events: 404
[2025-01-19T20:29:57.691+0000] {spaceflight_data_ingest_v2.py:74} ERROR - Error al obtener events: 404
[2025-01-19T20:30:52.584+0000] {spaceflight_data_ingest_v2.py:74} ERROR - Error al obtener events: 404
[2025-01-19T20:31:47.670+0000] {spaceflight_data_ingest_v2.py:74} ERROR - Error al obtener events: 404
[2025-01-19T20:32:42.575+0000] {spaceflight_data_ingest_v2.py:74} ERROR - Error al obtener events: 404
[2025-01-19T20:33:37.294+0000] {spaceflight_data_ingest_v2.py:74} ERROR - Error al obtener events: 404
[2025-01-19T20:34:32.011+0000] {spaceflight_data_ingest_v2.py:74} ERROR - Error al obtener events: 404
[2025-01-19T20:35:26.901+0000] {spaceflight_data_ingest_v2.py:74} ERROR - Error al obtener events: 404
[2025-01-19T20:36:21.761+0000] {spaceflight_data_ingest_v2.py:74} ERROR - Error al obtener events: 404
[2025-01-19T20:37:16.677+0000] {spaceflight_data_ingest_v2.py:74} ERROR - Error al obtener events: 404
[2025-01-19T20:39:53.255+0000] {spaceflight_data_ingest_v2.py:74} ERROR - Error al obtener events: 524
[2025-01-19T20:40:48.448+0000] {spaceflight_data_ingest_v2.py:74} ERROR - Error al obtener events: 404
[2025-01-19T20:41:43.514+0000] {spaceflight_data_ingest_v2.py:74} ERROR - Error al obtener events: 404
[2025-01-19T20:42:38.518+0000] {spaceflight_data_ingest_v2.py:74} ERROR - Error al obtener events: 404
[2025-01-19T20:43:33.409+0000] {spaceflight_data_ingest_v2.py:74} ERROR - Error al obtener events: 404
[2025-01-19T20:44:28.296+0000] {spaceflight_data_ingest_v2.py:74} ERROR - Error al obtener events: 404
[2025-01-19T20:45:23.191+0000] {spaceflight_data_ingest_v2.py:74} ERROR - Error al obtener events: 404
[2025-01-19T20:46:18.033+0000] {spaceflight_data_ingest_v2.py:74} ERROR - Error al obtener events: 404
[2025-01-19T20:47:12.903+0000] {spaceflight_data_ingest_v2.py:74} ERROR - Error al obtener events: 404
[2025-01-19T20:48:07.796+0000] {spaceflight_data_ingest_v2.py:74} ERROR - Error al obtener events: 404
[2025-01-19T20:49:02.670+0000] {spaceflight_data_ingest_v2.py:74} ERROR - Error al obtener events: 404
[2025-01-19T20:49:58.392+0000] {spaceflight_data_ingest_v2.py:74} ERROR - Error al obtener events: 404
[2025-01-19T20:50:49.787+0000] {spaceflight_data_ingest_v2.py:74} ERROR - Error al obtener events: 404
[2025-01-19T20:51:44.576+0000] {spaceflight_data_ingest_v2.py:74} ERROR - Error al obtener events: 404
[2025-01-19T20:52:39.472+0000] {spaceflight_data_ingest_v2.py:74} ERROR - Error al obtener events: 404
[2025-01-19T20:53:34.433+0000] {spaceflight_data_ingest_v2.py:74} ERROR - Error al obtener events: 404
[2025-01-19T20:54:29.315+0000] {spaceflight_data_ingest_v2.py:74} ERROR - Error al obtener events: 404
[2025-01-19T20:55:24.181+0000] {spaceflight_data_ingest_v2.py:74} ERROR - Error al obtener events: 404
[2025-01-19T20:56:19.057+0000] {spaceflight_data_ingest_v2.py:74} ERROR - Error al obtener events: 404
[2025-01-19T20:57:13.981+0000] {spaceflight_data_ingest_v2.py:74} ERROR - Error al obtener events: 404
[2025-01-19T20:58:09.066+0000] {spaceflight_data_ingest_v2.py:74} ERROR - Error al obtener events: 404
[2025-01-19T20:59:03.803+0000] {spaceflight_data_ingest_v2.py:74} ERROR - Error al obtener events: 404
[2025-01-19T20:59:58.620+0000] {spaceflight_data_ingest_v2.py:74} ERROR - Error al obtener events: 404
[2025-01-19T21:00:53.498+0000] {spaceflight_data_ingest_v2.py:74} ERROR - Error al obtener events: 404
[2025-01-19T21:01:48.380+0000] {spaceflight_data_ingest_v2.py:74} ERROR - Error al obtener events: 404
[2025-01-19T21:02:43.262+0000] {spaceflight_data_ingest_v2.py:74} ERROR - Error al obtener events: 404
[2025-01-19T21:03:38.058+0000] {spaceflight_data_ingest_v2.py:74} ERROR - Error al obtener events: 404
[2025-01-19T21:04:32.940+0000] {spaceflight_data_ingest_v2.py:74} ERROR - Error al obtener events: 404
[2025-01-19T21:05:27.824+0000] {spaceflight_data_ingest_v2.py:74} ERROR - Error al obtener events: 404
[2025-01-19T21:06:22.707+0000] {spaceflight_data_ingest_v2.py:74} ERROR - Error al obtener events: 404
[2025-01-19T21:07:17.499+0000] {spaceflight_data_ingest_v2.py:74} ERROR - Error al obtener events: 404
[2025-01-19T21:08:12.503+0000] {spaceflight_data_ingest_v2.py:74} ERROR - Error al obtener events: 404
[2025-01-19T21:09:10.910+0000] {spaceflight_data_ingest_v2.py:74} ERROR - Error al obtener events: 404
[2025-01-19T21:10:02.223+0000] {spaceflight_data_ingest_v2.py:74} ERROR - Error al obtener events: 404
[2025-01-19T21:10:57.209+0000] {spaceflight_data_ingest_v2.py:74} ERROR - Error al obtener events: 404
[2025-01-19T21:11:52.092+0000] {spaceflight_data_ingest_v2.py:74} ERROR - Error al obtener events: 404
[2025-01-19T21:12:46.884+0000] {spaceflight_data_ingest_v2.py:74} ERROR - Error al obtener events: 404
[2025-01-19T21:13:41.608+0000] {spaceflight_data_ingest_v2.py:74} ERROR - Error al obtener events: 404
[2025-01-19T21:14:36.514+0000] {spaceflight_data_ingest_v2.py:74} ERROR - Error al obtener events: 404
[2025-01-19T21:15:31.246+0000] {spaceflight_data_ingest_v2.py:74} ERROR - Error al obtener events: 404
[2025-01-19T21:16:26.124+0000] {spaceflight_data_ingest_v2.py:74} ERROR - Error al obtener events: 404
[2025-01-19T21:17:21.009+0000] {spaceflight_data_ingest_v2.py:74} ERROR - Error al obtener events: 404
[2025-01-19T21:18:16.076+0000] {spaceflight_data_ingest_v2.py:74} ERROR - Error al obtener events: 404
[2025-01-19T21:19:10.992+0000] {spaceflight_data_ingest_v2.py:74} ERROR - Error al obtener events: 404
[2025-01-19T21:20:05.840+0000] {spaceflight_data_ingest_v2.py:74} ERROR - Error al obtener events: 404
[2025-01-19T21:21:00.674+0000] {spaceflight_data_ingest_v2.py:74} ERROR - Error al obtener events: 404
[2025-01-19T21:21:55.608+0000] {spaceflight_data_ingest_v2.py:74} ERROR - Error al obtener events: 404
[2025-01-19T21:22:50.484+0000] {spaceflight_data_ingest_v2.py:74} ERROR - Error al obtener events: 404
[2025-01-19T21:23:45.389+0000] {spaceflight_data_ingest_v2.py:74} ERROR - Error al obtener events: 404
[2025-01-19T21:24:40.297+0000] {spaceflight_data_ingest_v2.py:74} ERROR - Error al obtener events: 404
[2025-01-19T21:25:35.107+0000] {spaceflight_data_ingest_v2.py:74} ERROR - Error al obtener events: 404
[2025-01-19T21:26:30.031+0000] {spaceflight_data_ingest_v2.py:74} ERROR - Error al obtener events: 404
[2025-01-19T21:27:24.832+0000] {spaceflight_data_ingest_v2.py:74} ERROR - Error al obtener events: 404
[2025-01-19T21:28:19.916+0000] {spaceflight_data_ingest_v2.py:74} ERROR - Error al obtener events: 404
[2025-01-19T21:29:14.705+0000] {spaceflight_data_ingest_v2.py:74} ERROR - Error al obtener events: 404
[2025-01-19T21:30:09.446+0000] {spaceflight_data_ingest_v2.py:74} ERROR - Error al obtener events: 404
[2025-01-19T21:31:04.330+0000] {spaceflight_data_ingest_v2.py:74} ERROR - Error al obtener events: 404
[2025-01-19T21:31:59.241+0000] {spaceflight_data_ingest_v2.py:74} ERROR - Error al obtener events: 404
[2025-01-19T21:32:54.199+0000] {spaceflight_data_ingest_v2.py:74} ERROR - Error al obtener events: 404
[2025-01-19T21:33:49.070+0000] {spaceflight_data_ingest_v2.py:74} ERROR - Error al obtener events: 404
[2025-01-19T21:34:44.063+0000] {spaceflight_data_ingest_v2.py:74} ERROR - Error al obtener events: 404
[2025-01-19T21:35:38.919+0000] {spaceflight_data_ingest_v2.py:74} ERROR - Error al obtener events: 404
[2025-01-19T21:36:33.696+0000] {spaceflight_data_ingest_v2.py:74} ERROR - Error al obtener events: 404
[2025-01-19T21:37:28.563+0000] {spaceflight_data_ingest_v2.py:74} ERROR - Error al obtener events: 404
[2025-01-19T21:38:23.623+0000] {spaceflight_data_ingest_v2.py:74} ERROR - Error al obtener events: 404
[2025-01-19T21:39:18.660+0000] {spaceflight_data_ingest_v2.py:74} ERROR - Error al obtener events: 404
[2025-01-19T21:40:13.550+0000] {spaceflight_data_ingest_v2.py:74} ERROR - Error al obtener events: 404
[2025-01-19T21:41:08.535+0000] {spaceflight_data_ingest_v2.py:74} ERROR - Error al obtener events: 404
[2025-01-19T21:42:03.423+0000] {spaceflight_data_ingest_v2.py:74} ERROR - Error al obtener events: 404
[2025-01-19T21:42:58.221+0000] {spaceflight_data_ingest_v2.py:74} ERROR - Error al obtener events: 404
[2025-01-19T21:43:53.119+0000] {spaceflight_data_ingest_v2.py:74} ERROR - Error al obtener events: 404
[2025-01-19T21:44:47.988+0000] {spaceflight_data_ingest_v2.py:74} ERROR - Error al obtener events: 404
[2025-01-19T21:45:42.727+0000] {spaceflight_data_ingest_v2.py:74} ERROR - Error al obtener events: 404
[2025-01-19T21:46:37.526+0000] {spaceflight_data_ingest_v2.py:74} ERROR - Error al obtener events: 404
[2025-01-19T21:47:32.313+0000] {spaceflight_data_ingest_v2.py:74} ERROR - Error al obtener events: 404
[2025-01-19T21:48:27.386+0000] {spaceflight_data_ingest_v2.py:74} ERROR - Error al obtener events: 404
[2025-01-19T21:49:22.286+0000] {spaceflight_data_ingest_v2.py:74} ERROR - Error al obtener events: 404
[2025-01-19T21:50:17.165+0000] {spaceflight_data_ingest_v2.py:74} ERROR - Error al obtener events: 404
[2025-01-19T21:51:12.047+0000] {spaceflight_data_ingest_v2.py:74} ERROR - Error al obtener events: 404
[2025-01-19T21:52:06.925+0000] {spaceflight_data_ingest_v2.py:74} ERROR - Error al obtener events: 404
[2025-01-19T21:53:01.814+0000] {spaceflight_data_ingest_v2.py:74} ERROR - Error al obtener events: 404
[2025-01-19T21:53:56.713+0000] {spaceflight_data_ingest_v2.py:74} ERROR - Error al obtener events: 404
[2025-01-19T21:54:51.583+0000] {spaceflight_data_ingest_v2.py:74} ERROR - Error al obtener events: 404
[2025-01-19T21:55:46.472+0000] {spaceflight_data_ingest_v2.py:74} ERROR - Error al obtener events: 404
[2025-01-19T21:56:41.420+0000] {spaceflight_data_ingest_v2.py:74} ERROR - Error al obtener events: 404
[2025-01-19T21:57:36.304+0000] {spaceflight_data_ingest_v2.py:74} ERROR - Error al obtener events: 404
[2025-01-19T21:58:31.389+0000] {spaceflight_data_ingest_v2.py:74} ERROR - Error al obtener events: 404
[2025-01-19T21:59:26.107+0000] {spaceflight_data_ingest_v2.py:74} ERROR - Error al obtener events: 404
[2025-01-19T22:00:20.889+0000] {spaceflight_data_ingest_v2.py:74} ERROR - Error al obtener events: 404
[2025-01-19T22:01:15.799+0000] {spaceflight_data_ingest_v2.py:74} ERROR - Error al obtener events: 404
[2025-01-19T22:02:11.098+0000] {spaceflight_data_ingest_v2.py:74} ERROR - Error al obtener events: 404
[2025-01-19T22:03:05.899+0000] {spaceflight_data_ingest_v2.py:74} ERROR - Error al obtener events: 404
[2025-01-19T22:04:00.776+0000] {spaceflight_data_ingest_v2.py:74} ERROR - Error al obtener events: 404
[2025-01-19T22:04:55.675+0000] {spaceflight_data_ingest_v2.py:74} ERROR - Error al obtener events: 404
[2025-01-19T22:05:50.583+0000] {spaceflight_data_ingest_v2.py:74} ERROR - Error al obtener events: 404
[2025-01-19T22:06:45.424+0000] {spaceflight_data_ingest_v2.py:74} ERROR - Error al obtener events: 404
[2025-01-19T22:07:40.188+0000] {spaceflight_data_ingest_v2.py:74} ERROR - Error al obtener events: 404
[2025-01-19T22:08:35.260+0000] {spaceflight_data_ingest_v2.py:74} ERROR - Error al obtener events: 404
[2025-01-19T22:09:30.134+0000] {spaceflight_data_ingest_v2.py:74} ERROR - Error al obtener events: 404
[2025-01-19T22:10:24.851+0000] {spaceflight_data_ingest_v2.py:74} ERROR - Error al obtener events: 404
[2025-01-19T22:11:19.671+0000] {spaceflight_data_ingest_v2.py:74} ERROR - Error al obtener events: 404
[2025-01-19T22:12:15.625+0000] {spaceflight_data_ingest_v2.py:74} ERROR - Error al obtener events: 404
[2025-01-19T22:13:06.740+0000] {spaceflight_data_ingest_v2.py:74} ERROR - Error al obtener events: 404
[2025-01-19T22:14:01.616+0000] {spaceflight_data_ingest_v2.py:74} ERROR - Error al obtener events: 404
[2025-01-19T22:14:56.515+0000] {spaceflight_data_ingest_v2.py:74} ERROR - Error al obtener events: 404
[2025-01-19T22:15:51.287+0000] {spaceflight_data_ingest_v2.py:74} ERROR - Error al obtener events: 404
[2025-01-20T13:11:57.153+0000] {local_task_job_runner.py:123} INFO - ::group::Pre task execution logs
[2025-01-20T13:11:57.169+0000] {taskinstance.py:2603} INFO - Dependencies not met for <TaskInstance: spaceflight_data_ingest_v2.fetch_events manual__2025-01-17T22:31:21.802767+00:00 [running]>, dependency 'Task Instance State' FAILED: Task is in the 'running' state.
[2025-01-20T13:11:57.180+0000] {taskinstance.py:2603} INFO - Dependencies not met for <TaskInstance: spaceflight_data_ingest_v2.fetch_events manual__2025-01-17T22:31:21.802767+00:00 [running]>, dependency 'Task Instance Not Running' FAILED: Task is in the running state
[2025-01-20T13:11:57.185+0000] {local_task_job_runner.py:166} INFO - Task is not able to be run
