[2025-01-21T14:27:47.104+0000] {local_task_job_runner.py:123} INFO - ::group::Pre task execution logs
[2025-01-21T14:27:47.119+0000] {taskinstance.py:2613} INFO - Dependencies all met for dep_context=non-requeueable deps ti=<TaskInstance: DAG_AWS_PIPELINE.Execute_procedure_Redshift manual__2025-01-21T14:21:09.316245+00:00 [queued]>
[2025-01-21T14:27:47.127+0000] {taskinstance.py:2613} INFO - Dependencies all met for dep_context=requeueable deps ti=<TaskInstance: DAG_AWS_PIPELINE.Execute_procedure_Redshift manual__2025-01-21T14:21:09.316245+00:00 [queued]>
[2025-01-21T14:27:47.127+0000] {taskinstance.py:2866} INFO - Starting attempt 1 of 2
[2025-01-21T14:27:47.140+0000] {taskinstance.py:2889} INFO - Executing <Task(RedshiftDataOperator): Execute_procedure_Redshift> on 2025-01-21 14:21:09.316245+00:00
[2025-01-21T14:27:47.148+0000] {warnings.py:112} WARNING - /home/***/.local/lib/python3.12/site-packages/***/task/task_runner/standard_task_runner.py:70: DeprecationWarning: This process (pid=387) is multi-threaded, use of fork() may lead to deadlocks in the child.
  pid = os.fork()

[2025-01-21T14:27:47.149+0000] {standard_task_runner.py:72} INFO - Started process 389 to run task
[2025-01-21T14:27:47.150+0000] {standard_task_runner.py:104} INFO - Running: ['***', 'tasks', 'run', 'DAG_AWS_PIPELINE', 'Execute_procedure_Redshift', 'manual__2025-01-21T14:21:09.316245+00:00', '--job-id', '358', '--raw', '--subdir', 'DAGS_FOLDER/Ingesta_aws.py', '--cfg-path', '/tmp/tmpo_u4b7oo']
[2025-01-21T14:27:47.150+0000] {standard_task_runner.py:105} INFO - Job 358: Subtask Execute_procedure_Redshift
[2025-01-21T14:27:47.188+0000] {task_command.py:467} INFO - Running <TaskInstance: DAG_AWS_PIPELINE.Execute_procedure_Redshift manual__2025-01-21T14:21:09.316245+00:00 [running]> on host 59ff16f1d4fb
[2025-01-21T14:27:47.263+0000] {taskinstance.py:3132} INFO - Exporting env vars: AIRFLOW_CTX_DAG_OWNER='Wilfrido Rondon' AIRFLOW_CTX_DAG_ID='DAG_AWS_PIPELINE' AIRFLOW_CTX_TASK_ID='Execute_procedure_Redshift' AIRFLOW_CTX_EXECUTION_DATE='2025-01-21T14:21:09.316245+00:00' AIRFLOW_CTX_TRY_NUMBER='1' AIRFLOW_CTX_DAG_RUN_ID='manual__2025-01-21T14:21:09.316245+00:00'
[2025-01-21T14:27:47.264+0000] {logging_mixin.py:190} INFO - Task instance is in running state
[2025-01-21T14:27:47.264+0000] {logging_mixin.py:190} INFO -  Previous state of the Task instance: queued
[2025-01-21T14:27:47.264+0000] {logging_mixin.py:190} INFO - Current task name:Execute_procedure_Redshift state:running start_date:2025-01-21 14:27:47.120164+00:00
[2025-01-21T14:27:47.265+0000] {logging_mixin.py:190} INFO - Dag name:DAG_AWS_PIPELINE and current dag run status:running
[2025-01-21T14:27:47.265+0000] {taskinstance.py:731} INFO - ::endgroup::
[2025-01-21T14:27:47.265+0000] {redshift_data.py:135} INFO - Executing statement: CALL public.load_data_from_s3();
[2025-01-21T14:27:47.272+0000] {base.py:84} INFO - Retrieving connection 'aws_conn'
[2025-01-21T14:27:47.273+0000] {connection_wrapper.py:325} INFO - AWS Connection (conn_id='aws_conn', conn_type='aws') credentials retrieved from login and password.
[2025-01-21T14:27:48.234+0000] {redshift_data.py:163} INFO - Polling statement bafbf408-ec3d-483c-8204-b57447d4751c
[2025-01-21T14:27:48.313+0000] {redshift_data.py:192} INFO - Query status: PICKED
[2025-01-21T14:27:58.339+0000] {redshift_data.py:163} INFO - Polling statement bafbf408-ec3d-483c-8204-b57447d4751c
[2025-01-21T14:27:58.420+0000] {redshift_data.py:192} INFO - Query status: STARTED
[2025-01-21T14:28:08.421+0000] {redshift_data.py:163} INFO - Polling statement bafbf408-ec3d-483c-8204-b57447d4751c
[2025-01-21T14:28:08.515+0000] {redshift_data.py:181} INFO - Processed 0 rows
[2025-01-21T14:28:08.623+0000] {taskinstance.py:340} INFO - ::group::Post task execution logs
[2025-01-21T14:28:08.624+0000] {taskinstance.py:352} INFO - Marking task as SUCCESS. dag_id=DAG_AWS_PIPELINE, task_id=Execute_procedure_Redshift, run_id=manual__2025-01-21T14:21:09.316245+00:00, execution_date=20250121T142109, start_date=20250121T142747, end_date=20250121T142808
[2025-01-21T14:28:08.635+0000] {logging_mixin.py:190} INFO - Task instance in success state
[2025-01-21T14:28:08.636+0000] {logging_mixin.py:190} INFO -  Previous state of the Task instance: running
[2025-01-21T14:28:08.636+0000] {logging_mixin.py:190} INFO - Dag name:DAG_AWS_PIPELINE queued_at:2025-01-21 14:21:09.479395+00:00
[2025-01-21T14:28:08.636+0000] {logging_mixin.py:190} INFO - Task hostname:59ff16f1d4fb operator:RedshiftDataOperator
[2025-01-21T14:28:08.673+0000] {local_task_job_runner.py:266} INFO - Task exited with return code 0
[2025-01-21T14:28:08.689+0000] {taskinstance.py:3895} INFO - 0 downstream tasks scheduled from follow-on schedule check
[2025-01-21T14:28:08.692+0000] {local_task_job_runner.py:245} INFO - ::endgroup::
