[2025-01-20T22:59:28.367+0000] {local_task_job_runner.py:123} INFO - ::group::Pre task execution logs
[2025-01-20T22:59:28.385+0000] {taskinstance.py:2613} INFO - Dependencies all met for dep_context=non-requeueable deps ti=<TaskInstance: DAG_AWS_PIPELINE.extract_articles manual__2025-01-20T22:59:25.087692+00:00 [queued]>
[2025-01-20T22:59:28.395+0000] {taskinstance.py:2613} INFO - Dependencies all met for dep_context=requeueable deps ti=<TaskInstance: DAG_AWS_PIPELINE.extract_articles manual__2025-01-20T22:59:25.087692+00:00 [queued]>
[2025-01-20T22:59:28.396+0000] {taskinstance.py:2866} INFO - Starting attempt 1 of 2
[2025-01-20T22:59:28.412+0000] {taskinstance.py:2889} INFO - Executing <Task(PythonOperator): extract_articles> on 2025-01-20 22:59:25.087692+00:00
[2025-01-20T22:59:28.421+0000] {warnings.py:112} WARNING - /home/***/.local/lib/python3.12/site-packages/***/task/task_runner/standard_task_runner.py:70: DeprecationWarning: This process (pid=2104) is multi-threaded, use of fork() may lead to deadlocks in the child.
  pid = os.fork()

[2025-01-20T22:59:28.422+0000] {standard_task_runner.py:72} INFO - Started process 2113 to run task
[2025-01-20T22:59:28.423+0000] {standard_task_runner.py:104} INFO - Running: ['***', 'tasks', 'run', 'DAG_AWS_PIPELINE', 'extract_articles', 'manual__2025-01-20T22:59:25.087692+00:00', '--job-id', '314', '--raw', '--subdir', 'DAGS_FOLDER/Ingesta_aws.py', '--cfg-path', '/tmp/tmp_yoqu40f']
[2025-01-20T22:59:28.424+0000] {standard_task_runner.py:105} INFO - Job 314: Subtask extract_articles
[2025-01-20T22:59:28.478+0000] {task_command.py:467} INFO - Running <TaskInstance: DAG_AWS_PIPELINE.extract_articles manual__2025-01-20T22:59:25.087692+00:00 [running]> on host 59ff16f1d4fb
[2025-01-20T22:59:28.581+0000] {taskinstance.py:3132} INFO - Exporting env vars: AIRFLOW_CTX_DAG_OWNER='Wilfrido Rondon' AIRFLOW_CTX_DAG_ID='DAG_AWS_PIPELINE' AIRFLOW_CTX_TASK_ID='extract_articles' AIRFLOW_CTX_EXECUTION_DATE='2025-01-20T22:59:25.087692+00:00' AIRFLOW_CTX_TRY_NUMBER='1' AIRFLOW_CTX_DAG_RUN_ID='manual__2025-01-20T22:59:25.087692+00:00'
[2025-01-20T22:59:28.582+0000] {logging_mixin.py:190} INFO - Task instance is in running state
[2025-01-20T22:59:28.583+0000] {logging_mixin.py:190} INFO -  Previous state of the Task instance: queued
[2025-01-20T22:59:28.583+0000] {logging_mixin.py:190} INFO - Current task name:extract_articles state:running start_date:2025-01-20 22:59:28.386263+00:00
[2025-01-20T22:59:28.583+0000] {logging_mixin.py:190} INFO - Dag name:DAG_AWS_PIPELINE and current dag run status:running
[2025-01-20T22:59:28.583+0000] {taskinstance.py:731} INFO - ::endgroup::
[2025-01-20T22:59:28.584+0000] {Ingesta_aws.py:34} INFO - Recuperando página 1...
[2025-01-20T22:59:26.689+0000] {Ingesta_aws.py:44} INFO - Artículos recuperados: 10, total acumulado: 10
[2025-01-20T22:59:26.690+0000] {Ingesta_aws.py:34} INFO - Recuperando página 2...
[2025-01-20T22:59:27.151+0000] {Ingesta_aws.py:44} INFO - Artículos recuperados: 10, total acumulado: 20
[2025-01-20T22:59:27.152+0000] {Ingesta_aws.py:34} INFO - Recuperando página 3...
[2025-01-20T22:59:27.681+0000] {Ingesta_aws.py:44} INFO - Artículos recuperados: 10, total acumulado: 30
[2025-01-20T22:59:27.682+0000] {Ingesta_aws.py:34} INFO - Recuperando página 4...
[2025-01-20T22:59:28.110+0000] {Ingesta_aws.py:44} INFO - Artículos recuperados: 10, total acumulado: 40
[2025-01-20T22:59:28.111+0000] {Ingesta_aws.py:34} INFO - Recuperando página 5...
[2025-01-20T22:59:28.593+0000] {Ingesta_aws.py:44} INFO - Artículos recuperados: 10, total acumulado: 50
[2025-01-20T22:59:28.593+0000] {Ingesta_aws.py:34} INFO - Recuperando página 6...
[2025-01-20T22:59:29.048+0000] {Ingesta_aws.py:44} INFO - Artículos recuperados: 10, total acumulado: 60
[2025-01-20T22:59:29.048+0000] {Ingesta_aws.py:34} INFO - Recuperando página 7...
[2025-01-20T22:59:29.565+0000] {Ingesta_aws.py:44} INFO - Artículos recuperados: 10, total acumulado: 70
[2025-01-20T22:59:29.566+0000] {Ingesta_aws.py:34} INFO - Recuperando página 8...
[2025-01-20T22:59:30.274+0000] {Ingesta_aws.py:44} INFO - Artículos recuperados: 10, total acumulado: 80
[2025-01-20T22:59:30.275+0000] {Ingesta_aws.py:34} INFO - Recuperando página 9...
[2025-01-20T22:59:30.641+0000] {Ingesta_aws.py:44} INFO - Artículos recuperados: 10, total acumulado: 90
[2025-01-20T22:59:30.641+0000] {Ingesta_aws.py:34} INFO - Recuperando página 10...
[2025-01-20T22:59:31.192+0000] {Ingesta_aws.py:44} INFO - Artículos recuperados: 10, total acumulado: 100
[2025-01-20T22:59:31.192+0000] {Ingesta_aws.py:56} INFO - Transformando los datos a CSV...
[2025-01-20T22:59:31.199+0000] {Ingesta_aws.py:63} INFO - CSV guardado temporalmente en: /tmp/articulos.csv
[2025-01-20T22:59:31.200+0000] {python.py:240} INFO - Done. Returned value was: /tmp/articulos.csv
[2025-01-20T22:59:31.224+0000] {taskinstance.py:340} INFO - ::group::Post task execution logs
[2025-01-20T22:59:31.225+0000] {taskinstance.py:352} INFO - Marking task as SUCCESS. dag_id=DAG_AWS_PIPELINE, task_id=extract_articles, run_id=manual__2025-01-20T22:59:25.087692+00:00, execution_date=20250120T225925, start_date=20250120T225928, end_date=20250120T225931
[2025-01-20T22:59:31.235+0000] {logging_mixin.py:190} INFO - Task instance in success state
[2025-01-20T22:59:31.236+0000] {logging_mixin.py:190} INFO -  Previous state of the Task instance: running
[2025-01-20T22:59:31.236+0000] {logging_mixin.py:190} INFO - Dag name:DAG_AWS_PIPELINE queued_at:2025-01-20 22:59:25.106081+00:00
[2025-01-20T22:59:31.237+0000] {logging_mixin.py:190} INFO - Task hostname:59ff16f1d4fb operator:PythonOperator
[2025-01-20T22:59:33.322+0000] {local_task_job_runner.py:266} INFO - Task exited with return code 0
[2025-01-20T22:59:33.343+0000] {taskinstance.py:3895} INFO - 0 downstream tasks scheduled from follow-on schedule check
[2025-01-20T22:59:33.346+0000] {local_task_job_runner.py:245} INFO - ::endgroup::
