[2025-01-19T16:00:29.463+0000] {local_task_job_runner.py:123} INFO - ::group::Pre task execution logs
[2025-01-19T16:00:29.481+0000] {taskinstance.py:2613} INFO - Dependencies all met for dep_context=non-requeueable deps ti=<TaskInstance: DAG_AWS_PIPELINE.extract_blogs manual__2025-01-19T16:00:26.182094+00:00 [queued]>
[2025-01-19T16:00:29.665+0000] {taskinstance.py:2613} INFO - Dependencies all met for dep_context=requeueable deps ti=<TaskInstance: DAG_AWS_PIPELINE.extract_blogs manual__2025-01-19T16:00:26.182094+00:00 [queued]>
[2025-01-19T16:00:29.665+0000] {taskinstance.py:2866} INFO - Starting attempt 1 of 2
[2025-01-19T16:00:29.679+0000] {taskinstance.py:2889} INFO - Executing <Task(PythonOperator): extract_blogs> on 2025-01-19 16:00:26.182094+00:00
[2025-01-19T16:00:29.688+0000] {warnings.py:112} WARNING - /home/***/.local/lib/python3.12/site-packages/***/task/task_runner/standard_task_runner.py:70: DeprecationWarning: This process (pid=4497) is multi-threaded, use of fork() may lead to deadlocks in the child.
  pid = os.fork()

[2025-01-19T16:00:29.690+0000] {standard_task_runner.py:72} INFO - Started process 4504 to run task
[2025-01-19T16:00:29.690+0000] {standard_task_runner.py:104} INFO - Running: ['***', 'tasks', 'run', 'DAG_AWS_PIPELINE', 'extract_blogs', 'manual__2025-01-19T16:00:26.182094+00:00', '--job-id', '173', '--raw', '--subdir', 'DAGS_FOLDER/Ingesta_aws.py', '--cfg-path', '/tmp/tmps8yuaebp']
[2025-01-19T16:00:29.691+0000] {standard_task_runner.py:105} INFO - Job 173: Subtask extract_blogs
[2025-01-19T16:00:29.733+0000] {task_command.py:467} INFO - Running <TaskInstance: DAG_AWS_PIPELINE.extract_blogs manual__2025-01-19T16:00:26.182094+00:00 [running]> on host 59ff16f1d4fb
[2025-01-19T16:00:29.814+0000] {taskinstance.py:3132} INFO - Exporting env vars: AIRFLOW_CTX_DAG_OWNER='Wilfrido Rondon' AIRFLOW_CTX_DAG_ID='DAG_AWS_PIPELINE' AIRFLOW_CTX_TASK_ID='extract_blogs' AIRFLOW_CTX_EXECUTION_DATE='2025-01-19T16:00:26.182094+00:00' AIRFLOW_CTX_TRY_NUMBER='1' AIRFLOW_CTX_DAG_RUN_ID='manual__2025-01-19T16:00:26.182094+00:00'
[2025-01-19T16:00:29.815+0000] {logging_mixin.py:190} INFO - Task instance is in running state
[2025-01-19T16:00:29.816+0000] {logging_mixin.py:190} INFO -  Previous state of the Task instance: queued
[2025-01-19T16:00:29.816+0000] {logging_mixin.py:190} INFO - Current task name:extract_blogs state:running start_date:2025-01-19 16:00:29.482164+00:00
[2025-01-19T16:00:29.816+0000] {logging_mixin.py:190} INFO - Dag name:DAG_AWS_PIPELINE and current dag run status:running
[2025-01-19T16:00:29.817+0000] {taskinstance.py:731} INFO - ::endgroup::
[2025-01-19T16:00:29.817+0000] {Ingesta_aws.py:71} INFO - Recuperando página 1...
[2025-01-19T16:00:30.136+0000] {Ingesta_aws.py:81} INFO - Blogs recuperados: 10, total acumulado: 10
[2025-01-19T16:00:30.136+0000] {Ingesta_aws.py:71} INFO - Recuperando página 2...
[2025-01-19T16:01:30.232+0000] {Ingesta_aws.py:89} ERROR - Error al recuperar los datos. Código de estado: 520
[2025-01-19T16:01:30.233+0000] {Ingesta_aws.py:93} INFO - Transformando los datos a CSV...
[2025-01-19T16:01:30.241+0000] {Ingesta_aws.py:100} INFO - CSV guardado temporalmente en: /tmp/blogs.csv
[2025-01-19T16:01:30.241+0000] {python.py:240} INFO - Done. Returned value was: /tmp/blogs.csv
[2025-01-19T16:01:30.267+0000] {taskinstance.py:340} INFO - ::group::Post task execution logs
[2025-01-19T16:01:30.267+0000] {taskinstance.py:352} INFO - Marking task as SUCCESS. dag_id=DAG_AWS_PIPELINE, task_id=extract_blogs, run_id=manual__2025-01-19T16:00:26.182094+00:00, execution_date=20250119T160026, start_date=20250119T160029, end_date=20250119T160130
[2025-01-19T16:01:30.280+0000] {logging_mixin.py:190} INFO - Task instance in success state
[2025-01-19T16:01:30.280+0000] {logging_mixin.py:190} INFO -  Previous state of the Task instance: running
[2025-01-19T16:01:30.280+0000] {logging_mixin.py:190} INFO - Dag name:DAG_AWS_PIPELINE queued_at:2025-01-19 16:00:26.196819+00:00
[2025-01-19T16:01:30.281+0000] {logging_mixin.py:190} INFO - Task hostname:59ff16f1d4fb operator:PythonOperator
[2025-01-19T16:01:30.294+0000] {local_task_job_runner.py:266} INFO - Task exited with return code 0
[2025-01-19T16:01:30.320+0000] {taskinstance.py:3895} INFO - 1 downstream tasks scheduled from follow-on schedule check
[2025-01-19T16:01:30.324+0000] {local_task_job_runner.py:245} INFO - ::endgroup::
