[2025-01-19T04:12:45.975+0000] {local_task_job_runner.py:123} INFO - ::group::Pre task execution logs
[2025-01-19T04:12:45.996+0000] {taskinstance.py:2613} INFO - Dependencies all met for dep_context=non-requeueable deps ti=<TaskInstance: spaceflight_data_ingest_v2.fetch_events manual__2025-01-17T22:38:43.399336+00:00 [queued]>
[2025-01-19T04:12:46.004+0000] {taskinstance.py:2613} INFO - Dependencies all met for dep_context=requeueable deps ti=<TaskInstance: spaceflight_data_ingest_v2.fetch_events manual__2025-01-17T22:38:43.399336+00:00 [queued]>
[2025-01-19T04:12:46.004+0000] {taskinstance.py:2866} INFO - Starting attempt 2 of 2
[2025-01-19T04:12:46.192+0000] {taskinstance.py:2889} INFO - Executing <Task(PythonOperator): fetch_events> on 2025-01-17 22:38:43.399336+00:00
[2025-01-19T04:12:46.201+0000] {warnings.py:112} WARNING - /home/***/.local/lib/python3.12/site-packages/***/task/task_runner/standard_task_runner.py:70: DeprecationWarning: This process (pid=194) is multi-threaded, use of fork() may lead to deadlocks in the child.
  pid = os.fork()

[2025-01-19T04:12:46.202+0000] {standard_task_runner.py:72} INFO - Started process 196 to run task
[2025-01-19T04:12:46.203+0000] {standard_task_runner.py:104} INFO - Running: ['***', 'tasks', 'run', 'spaceflight_data_ingest_v2', 'fetch_events', 'manual__2025-01-17T22:38:43.399336+00:00', '--job-id', '139', '--raw', '--subdir', 'DAGS_FOLDER/spaceflight_data_ingest_v2.py', '--cfg-path', '/tmp/tmphe66m8fi']
[2025-01-19T04:12:46.204+0000] {standard_task_runner.py:105} INFO - Job 139: Subtask fetch_events
[2025-01-19T04:12:46.253+0000] {task_command.py:467} INFO - Running <TaskInstance: spaceflight_data_ingest_v2.fetch_events manual__2025-01-17T22:38:43.399336+00:00 [running]> on host 59ff16f1d4fb
[2025-01-19T04:12:46.346+0000] {taskinstance.py:3132} INFO - Exporting env vars: AIRFLOW_CTX_DAG_OWNER='***' AIRFLOW_CTX_DAG_ID='spaceflight_data_ingest_v2' AIRFLOW_CTX_TASK_ID='fetch_events' AIRFLOW_CTX_EXECUTION_DATE='2025-01-17T22:38:43.399336+00:00' AIRFLOW_CTX_TRY_NUMBER='2' AIRFLOW_CTX_DAG_RUN_ID='manual__2025-01-17T22:38:43.399336+00:00'
[2025-01-19T04:12:46.348+0000] {logging_mixin.py:190} INFO - Task instance is in running state
[2025-01-19T04:12:46.348+0000] {logging_mixin.py:190} INFO -  Previous state of the Task instance: queued
[2025-01-19T04:12:46.348+0000] {logging_mixin.py:190} INFO - Current task name:fetch_events state:running start_date:2025-01-19 04:12:45.997149+00:00
[2025-01-19T04:12:46.348+0000] {logging_mixin.py:190} INFO - Dag name:spaceflight_data_ingest_v2 and current dag run status:running
[2025-01-19T04:12:46.349+0000] {taskinstance.py:731} INFO - ::endgroup::
[2025-01-19T04:12:46.715+0000] {spaceflight_data_ingest_v2.py:74} ERROR - Error al obtener events: 404
[2025-01-19T04:13:43.032+0000] {spaceflight_data_ingest_v2.py:74} ERROR - Error al obtener events: 404
[2025-01-19T04:14:39.519+0000] {spaceflight_data_ingest_v2.py:74} ERROR - Error al obtener events: 404
[2025-01-19T04:15:35.959+0000] {spaceflight_data_ingest_v2.py:74} ERROR - Error al obtener events: 404
[2025-01-19T04:16:32.584+0000] {spaceflight_data_ingest_v2.py:74} ERROR - Error al obtener events: 404
[2025-01-19T04:17:28.726+0000] {spaceflight_data_ingest_v2.py:74} ERROR - Error al obtener events: 404
[2025-01-19T04:18:24.926+0000] {spaceflight_data_ingest_v2.py:74} ERROR - Error al obtener events: 404
[2025-01-19T04:19:21.276+0000] {spaceflight_data_ingest_v2.py:74} ERROR - Error al obtener events: 404
[2025-01-19T04:20:17.508+0000] {spaceflight_data_ingest_v2.py:74} ERROR - Error al obtener events: 404
[2025-01-19T04:21:13.063+0000] {spaceflight_data_ingest_v2.py:74} ERROR - Error al obtener events: 404
[2025-01-19T04:22:09.635+0000] {spaceflight_data_ingest_v2.py:74} ERROR - Error al obtener events: 404
[2025-01-19T04:23:05.686+0000] {spaceflight_data_ingest_v2.py:74} ERROR - Error al obtener events: 404
[2025-01-19T04:24:01.698+0000] {spaceflight_data_ingest_v2.py:74} ERROR - Error al obtener events: 404
[2025-01-19T04:24:57.629+0000] {spaceflight_data_ingest_v2.py:74} ERROR - Error al obtener events: 404
[2025-01-19T04:25:53.590+0000] {spaceflight_data_ingest_v2.py:74} ERROR - Error al obtener events: 404
[2025-01-19T04:26:49.523+0000] {spaceflight_data_ingest_v2.py:74} ERROR - Error al obtener events: 404
[2025-01-19T04:27:45.518+0000] {spaceflight_data_ingest_v2.py:74} ERROR - Error al obtener events: 404
[2025-01-19T04:28:41.502+0000] {spaceflight_data_ingest_v2.py:74} ERROR - Error al obtener events: 404
[2025-01-19T04:29:37.465+0000] {spaceflight_data_ingest_v2.py:74} ERROR - Error al obtener events: 404
[2025-01-19T04:30:33.232+0000] {spaceflight_data_ingest_v2.py:74} ERROR - Error al obtener events: 404
[2025-01-19T04:31:26.801+0000] {spaceflight_data_ingest_v2.py:74} ERROR - Error al obtener events: 404
[2025-01-19T04:32:22.447+0000] {spaceflight_data_ingest_v2.py:74} ERROR - Error al obtener events: 404
[2025-01-19T04:33:18.215+0000] {spaceflight_data_ingest_v2.py:74} ERROR - Error al obtener events: 404
[2025-01-19T04:34:13.728+0000] {spaceflight_data_ingest_v2.py:74} ERROR - Error al obtener events: 404
[2025-01-19T04:35:09.365+0000] {spaceflight_data_ingest_v2.py:74} ERROR - Error al obtener events: 404
[2025-01-19T04:36:04.870+0000] {spaceflight_data_ingest_v2.py:74} ERROR - Error al obtener events: 404
[2025-01-19T04:37:00.334+0000] {spaceflight_data_ingest_v2.py:74} ERROR - Error al obtener events: 404
[2025-01-19T04:37:55.796+0000] {spaceflight_data_ingest_v2.py:74} ERROR - Error al obtener events: 404
[2025-01-19T04:38:51.433+0000] {spaceflight_data_ingest_v2.py:74} ERROR - Error al obtener events: 404
[2025-01-19T04:39:46.905+0000] {spaceflight_data_ingest_v2.py:74} ERROR - Error al obtener events: 404
[2025-01-19T04:40:42.356+0000] {spaceflight_data_ingest_v2.py:74} ERROR - Error al obtener events: 404
[2025-01-19T04:41:37.646+0000] {spaceflight_data_ingest_v2.py:74} ERROR - Error al obtener events: 404
[2025-01-19T04:42:33.032+0000] {spaceflight_data_ingest_v2.py:74} ERROR - Error al obtener events: 404
[2025-01-19T04:43:28.714+0000] {spaceflight_data_ingest_v2.py:74} ERROR - Error al obtener events: 404
[2025-01-19T04:44:23.955+0000] {spaceflight_data_ingest_v2.py:74} ERROR - Error al obtener events: 404
[2025-01-19T04:45:19.308+0000] {spaceflight_data_ingest_v2.py:74} ERROR - Error al obtener events: 404
[2025-01-19T04:46:14.561+0000] {spaceflight_data_ingest_v2.py:74} ERROR - Error al obtener events: 404
[2025-01-19T04:47:09.945+0000] {spaceflight_data_ingest_v2.py:74} ERROR - Error al obtener events: 404
[2025-01-19T04:48:05.094+0000] {spaceflight_data_ingest_v2.py:74} ERROR - Error al obtener events: 404
[2025-01-19T04:49:00.309+0000] {spaceflight_data_ingest_v2.py:74} ERROR - Error al obtener events: 404
[2025-01-19T04:49:55.478+0000] {spaceflight_data_ingest_v2.py:74} ERROR - Error al obtener events: 404
[2025-01-19T04:50:51.188+0000] {spaceflight_data_ingest_v2.py:74} ERROR - Error al obtener events: 404
[2025-01-19T04:51:46.387+0000] {spaceflight_data_ingest_v2.py:74} ERROR - Error al obtener events: 404
[2025-01-19T04:52:41.534+0000] {spaceflight_data_ingest_v2.py:74} ERROR - Error al obtener events: 404
[2025-01-19T04:53:37.018+0000] {spaceflight_data_ingest_v2.py:74} ERROR - Error al obtener events: 404
[2025-01-19T04:54:32.333+0000] {spaceflight_data_ingest_v2.py:74} ERROR - Error al obtener events: 404
[2025-01-19T04:55:27.485+0000] {spaceflight_data_ingest_v2.py:74} ERROR - Error al obtener events: 404
[2025-01-19T04:56:22.613+0000] {spaceflight_data_ingest_v2.py:74} ERROR - Error al obtener events: 404
[2025-01-19T04:57:17.755+0000] {spaceflight_data_ingest_v2.py:74} ERROR - Error al obtener events: 404
[2025-01-19T04:58:12.932+0000] {spaceflight_data_ingest_v2.py:74} ERROR - Error al obtener events: 404
[2025-01-19T04:59:08.012+0000] {spaceflight_data_ingest_v2.py:74} ERROR - Error al obtener events: 404
[2025-01-19T05:00:03.410+0000] {spaceflight_data_ingest_v2.py:74} ERROR - Error al obtener events: 404
[2025-01-19T05:00:58.607+0000] {spaceflight_data_ingest_v2.py:74} ERROR - Error al obtener events: 404
[2025-01-19T05:01:53.605+0000] {spaceflight_data_ingest_v2.py:74} ERROR - Error al obtener events: 404
[2025-01-19T05:02:48.844+0000] {spaceflight_data_ingest_v2.py:74} ERROR - Error al obtener events: 404
[2025-01-19T05:03:43.924+0000] {spaceflight_data_ingest_v2.py:74} ERROR - Error al obtener events: 404
[2025-01-19T05:04:39.099+0000] {spaceflight_data_ingest_v2.py:74} ERROR - Error al obtener events: 404
[2025-01-19T05:05:33.922+0000] {spaceflight_data_ingest_v2.py:74} ERROR - Error al obtener events: 404
[2025-01-19T05:06:28.866+0000] {spaceflight_data_ingest_v2.py:74} ERROR - Error al obtener events: 404
[2025-01-19T05:07:23.734+0000] {spaceflight_data_ingest_v2.py:74} ERROR - Error al obtener events: 404
[2025-01-19T05:08:18.622+0000] {spaceflight_data_ingest_v2.py:74} ERROR - Error al obtener events: 404
[2025-01-19T05:09:13.565+0000] {spaceflight_data_ingest_v2.py:74} ERROR - Error al obtener events: 404
[2025-01-19T05:10:08.574+0000] {spaceflight_data_ingest_v2.py:74} ERROR - Error al obtener events: 404
[2025-01-19T05:11:03.693+0000] {spaceflight_data_ingest_v2.py:74} ERROR - Error al obtener events: 404
[2025-01-19T05:11:58.691+0000] {spaceflight_data_ingest_v2.py:74} ERROR - Error al obtener events: 404
[2025-01-19T05:12:53.613+0000] {spaceflight_data_ingest_v2.py:74} ERROR - Error al obtener events: 404
[2025-01-19T05:13:48.583+0000] {spaceflight_data_ingest_v2.py:74} ERROR - Error al obtener events: 404
[2025-01-19T05:14:43.557+0000] {spaceflight_data_ingest_v2.py:74} ERROR - Error al obtener events: 404
[2025-01-19T05:15:38.540+0000] {spaceflight_data_ingest_v2.py:74} ERROR - Error al obtener events: 404
[2025-01-19T05:16:34.704+0000] {spaceflight_data_ingest_v2.py:74} ERROR - Error al obtener events: 404
[2025-01-19T05:17:29.746+0000] {spaceflight_data_ingest_v2.py:74} ERROR - Error al obtener events: 404
[2025-01-19T05:18:24.659+0000] {spaceflight_data_ingest_v2.py:74} ERROR - Error al obtener events: 404
[2025-01-19T05:19:19.609+0000] {spaceflight_data_ingest_v2.py:74} ERROR - Error al obtener events: 404
[2025-01-19T05:20:14.539+0000] {spaceflight_data_ingest_v2.py:74} ERROR - Error al obtener events: 404
[2025-01-19T05:21:09.690+0000] {spaceflight_data_ingest_v2.py:74} ERROR - Error al obtener events: 404
[2025-01-19T05:22:04.513+0000] {spaceflight_data_ingest_v2.py:74} ERROR - Error al obtener events: 404
[2025-01-19T05:22:59.275+0000] {spaceflight_data_ingest_v2.py:74} ERROR - Error al obtener events: 404
[2025-01-19T05:23:54.440+0000] {spaceflight_data_ingest_v2.py:74} ERROR - Error al obtener events: 404
[2025-01-19T05:24:49.393+0000] {spaceflight_data_ingest_v2.py:74} ERROR - Error al obtener events: 404
[2025-01-19T05:25:44.286+0000] {spaceflight_data_ingest_v2.py:74} ERROR - Error al obtener events: 404
[2025-01-19T05:26:39.429+0000] {spaceflight_data_ingest_v2.py:74} ERROR - Error al obtener events: 404
[2025-01-19T05:27:34.363+0000] {spaceflight_data_ingest_v2.py:74} ERROR - Error al obtener events: 404
[2025-01-19T05:28:29.250+0000] {spaceflight_data_ingest_v2.py:74} ERROR - Error al obtener events: 404
[2025-01-19T05:29:24.076+0000] {spaceflight_data_ingest_v2.py:74} ERROR - Error al obtener events: 404
[2025-01-19T05:30:18.949+0000] {spaceflight_data_ingest_v2.py:74} ERROR - Error al obtener events: 404
[2025-01-19T05:31:14.102+0000] {spaceflight_data_ingest_v2.py:74} ERROR - Error al obtener events: 404
[2025-01-19T05:32:09.061+0000] {spaceflight_data_ingest_v2.py:74} ERROR - Error al obtener events: 404
[2025-01-19T05:33:04.044+0000] {spaceflight_data_ingest_v2.py:74} ERROR - Error al obtener events: 404
[2025-01-19T05:33:59.169+0000] {spaceflight_data_ingest_v2.py:74} ERROR - Error al obtener events: 404
[2025-01-19T05:34:54.081+0000] {spaceflight_data_ingest_v2.py:74} ERROR - Error al obtener events: 404
[2025-01-19T05:35:49.141+0000] {spaceflight_data_ingest_v2.py:74} ERROR - Error al obtener events: 404
[2025-01-19T05:36:44.058+0000] {spaceflight_data_ingest_v2.py:74} ERROR - Error al obtener events: 404
[2025-01-19T05:37:36.182+0000] {spaceflight_data_ingest_v2.py:74} ERROR - Error al obtener events: 404
[2025-01-19T05:38:31.158+0000] {spaceflight_data_ingest_v2.py:74} ERROR - Error al obtener events: 404
[2025-01-19T05:39:25.858+0000] {spaceflight_data_ingest_v2.py:74} ERROR - Error al obtener events: 404
[2025-01-19T05:40:20.639+0000] {spaceflight_data_ingest_v2.py:74} ERROR - Error al obtener events: 404
[2025-01-19T05:41:15.745+0000] {spaceflight_data_ingest_v2.py:74} ERROR - Error al obtener events: 404
[2025-01-19T05:42:10.667+0000] {spaceflight_data_ingest_v2.py:74} ERROR - Error al obtener events: 404
[2025-01-19T05:43:05.522+0000] {spaceflight_data_ingest_v2.py:74} ERROR - Error al obtener events: 404
[2025-01-19T05:44:00.655+0000] {spaceflight_data_ingest_v2.py:74} ERROR - Error al obtener events: 404
[2025-01-19T05:44:55.585+0000] {spaceflight_data_ingest_v2.py:74} ERROR - Error al obtener events: 404
[2025-01-19T05:45:50.528+0000] {spaceflight_data_ingest_v2.py:74} ERROR - Error al obtener events: 404
[2025-01-19T05:46:45.365+0000] {spaceflight_data_ingest_v2.py:74} ERROR - Error al obtener events: 404
[2025-01-19T05:47:40.275+0000] {spaceflight_data_ingest_v2.py:74} ERROR - Error al obtener events: 404
[2025-01-19T12:39:36.761+0000] {job.py:229} INFO - Heartbeat recovered after 24683.36 seconds
[2025-01-19T12:39:53.041+0000] {spaceflight_data_ingest_v2.py:74} ERROR - Error al obtener events: 404
[2025-01-19T12:40:51.866+0000] {spaceflight_data_ingest_v2.py:74} ERROR - Error al obtener events: 404
[2025-01-19T12:41:48.432+0000] {spaceflight_data_ingest_v2.py:74} ERROR - Error al obtener events: 404
[2025-01-19T12:42:44.532+0000] {spaceflight_data_ingest_v2.py:74} ERROR - Error al obtener events: 404
[2025-01-19T12:43:40.782+0000] {spaceflight_data_ingest_v2.py:74} ERROR - Error al obtener events: 404
[2025-01-19T12:44:36.930+0000] {spaceflight_data_ingest_v2.py:74} ERROR - Error al obtener events: 404
[2025-01-19T12:45:33.062+0000] {spaceflight_data_ingest_v2.py:74} ERROR - Error al obtener events: 404
[2025-01-19T12:46:29.275+0000] {spaceflight_data_ingest_v2.py:74} ERROR - Error al obtener events: 404
[2025-01-19T12:47:25.522+0000] {spaceflight_data_ingest_v2.py:74} ERROR - Error al obtener events: 404
[2025-01-19T12:48:21.679+0000] {spaceflight_data_ingest_v2.py:74} ERROR - Error al obtener events: 404
[2025-01-19T12:49:17.848+0000] {spaceflight_data_ingest_v2.py:74} ERROR - Error al obtener events: 404
[2025-01-19T12:50:14.041+0000] {spaceflight_data_ingest_v2.py:74} ERROR - Error al obtener events: 404
[2025-01-19T12:51:10.197+0000] {spaceflight_data_ingest_v2.py:74} ERROR - Error al obtener events: 404
[2025-01-19T12:52:06.389+0000] {spaceflight_data_ingest_v2.py:74} ERROR - Error al obtener events: 404
[2025-01-19T12:53:01.817+0000] {spaceflight_data_ingest_v2.py:74} ERROR - Error al obtener events: 404
[2025-01-19T12:53:57.692+0000] {spaceflight_data_ingest_v2.py:74} ERROR - Error al obtener events: 404
[2025-01-19T12:54:53.282+0000] {spaceflight_data_ingest_v2.py:74} ERROR - Error al obtener events: 404
[2025-01-19T12:55:48.791+0000] {spaceflight_data_ingest_v2.py:74} ERROR - Error al obtener events: 404
[2025-01-19T12:56:44.249+0000] {spaceflight_data_ingest_v2.py:74} ERROR - Error al obtener events: 404
[2025-01-19T12:57:39.696+0000] {spaceflight_data_ingest_v2.py:74} ERROR - Error al obtener events: 404
[2025-01-19T12:58:35.098+0000] {spaceflight_data_ingest_v2.py:74} ERROR - Error al obtener events: 404
[2025-01-19T12:59:30.581+0000] {spaceflight_data_ingest_v2.py:74} ERROR - Error al obtener events: 404
[2025-01-19T13:00:26.045+0000] {spaceflight_data_ingest_v2.py:74} ERROR - Error al obtener events: 404
[2025-01-19T13:01:21.428+0000] {spaceflight_data_ingest_v2.py:74} ERROR - Error al obtener events: 404
[2025-01-19T13:02:16.708+0000] {spaceflight_data_ingest_v2.py:74} ERROR - Error al obtener events: 404
[2025-01-19T13:03:11.958+0000] {spaceflight_data_ingest_v2.py:74} ERROR - Error al obtener events: 404
[2025-01-19T13:04:07.225+0000] {spaceflight_data_ingest_v2.py:74} ERROR - Error al obtener events: 404
[2025-01-19T13:05:03.065+0000] {spaceflight_data_ingest_v2.py:74} ERROR - Error al obtener events: 404
[2025-01-19T13:05:58.093+0000] {spaceflight_data_ingest_v2.py:74} ERROR - Error al obtener events: 404
[2025-01-19T13:06:53.278+0000] {spaceflight_data_ingest_v2.py:74} ERROR - Error al obtener events: 404
[2025-01-19T13:07:48.667+0000] {spaceflight_data_ingest_v2.py:74} ERROR - Error al obtener events: 404
[2025-01-19T13:08:43.794+0000] {spaceflight_data_ingest_v2.py:74} ERROR - Error al obtener events: 404
[2025-01-19T13:09:38.925+0000] {spaceflight_data_ingest_v2.py:74} ERROR - Error al obtener events: 404
[2025-01-19T13:10:34.058+0000] {spaceflight_data_ingest_v2.py:74} ERROR - Error al obtener events: 404
[2025-01-19T13:11:29.090+0000] {spaceflight_data_ingest_v2.py:74} ERROR - Error al obtener events: 404
[2025-01-19T13:12:24.155+0000] {spaceflight_data_ingest_v2.py:74} ERROR - Error al obtener events: 404
[2025-01-19T13:13:19.225+0000] {spaceflight_data_ingest_v2.py:74} ERROR - Error al obtener events: 404
[2025-01-19T13:14:14.163+0000] {spaceflight_data_ingest_v2.py:74} ERROR - Error al obtener events: 404
[2025-01-19T13:15:09.327+0000] {spaceflight_data_ingest_v2.py:74} ERROR - Error al obtener events: 404
[2025-01-19T13:16:04.220+0000] {spaceflight_data_ingest_v2.py:74} ERROR - Error al obtener events: 404
[2025-01-19T13:16:59.195+0000] {spaceflight_data_ingest_v2.py:74} ERROR - Error al obtener events: 404
[2025-01-19T13:17:54.195+0000] {spaceflight_data_ingest_v2.py:74} ERROR - Error al obtener events: 404
[2025-01-19T13:18:49.082+0000] {spaceflight_data_ingest_v2.py:74} ERROR - Error al obtener events: 404
[2025-01-19T13:19:44.051+0000] {spaceflight_data_ingest_v2.py:74} ERROR - Error al obtener events: 404
[2025-01-19T13:20:38.937+0000] {spaceflight_data_ingest_v2.py:74} ERROR - Error al obtener events: 404
[2025-01-19T13:21:33.842+0000] {spaceflight_data_ingest_v2.py:74} ERROR - Error al obtener events: 404
[2025-01-19T13:22:28.726+0000] {spaceflight_data_ingest_v2.py:74} ERROR - Error al obtener events: 404
[2025-01-19T13:23:23.591+0000] {spaceflight_data_ingest_v2.py:74} ERROR - Error al obtener events: 404
[2025-01-19T13:24:18.438+0000] {spaceflight_data_ingest_v2.py:74} ERROR - Error al obtener events: 404
[2025-01-19T13:25:13.581+0000] {spaceflight_data_ingest_v2.py:74} ERROR - Error al obtener events: 404
[2025-01-19T13:26:08.302+0000] {spaceflight_data_ingest_v2.py:74} ERROR - Error al obtener events: 404
[2025-01-19T13:27:03.165+0000] {spaceflight_data_ingest_v2.py:74} ERROR - Error al obtener events: 404
[2025-01-19T13:27:58.020+0000] {spaceflight_data_ingest_v2.py:74} ERROR - Error al obtener events: 404
[2025-01-19T13:28:52.892+0000] {spaceflight_data_ingest_v2.py:74} ERROR - Error al obtener events: 404
[2025-01-19T13:29:47.600+0000] {spaceflight_data_ingest_v2.py:74} ERROR - Error al obtener events: 404
[2025-01-19T13:30:42.312+0000] {spaceflight_data_ingest_v2.py:74} ERROR - Error al obtener events: 404
[2025-01-19T13:31:37.205+0000] {spaceflight_data_ingest_v2.py:74} ERROR - Error al obtener events: 404
[2025-01-19T13:32:32.066+0000] {spaceflight_data_ingest_v2.py:74} ERROR - Error al obtener events: 404
[2025-01-19T13:33:26.924+0000] {spaceflight_data_ingest_v2.py:74} ERROR - Error al obtener events: 404
[2025-01-19T13:34:21.797+0000] {spaceflight_data_ingest_v2.py:74} ERROR - Error al obtener events: 404
[2025-01-19T13:35:16.681+0000] {spaceflight_data_ingest_v2.py:74} ERROR - Error al obtener events: 404
[2025-01-19T13:36:11.556+0000] {spaceflight_data_ingest_v2.py:74} ERROR - Error al obtener events: 404
[2025-01-19T13:37:06.420+0000] {spaceflight_data_ingest_v2.py:74} ERROR - Error al obtener events: 404
[2025-01-19T13:38:01.200+0000] {spaceflight_data_ingest_v2.py:74} ERROR - Error al obtener events: 404
[2025-01-19T13:38:56.072+0000] {spaceflight_data_ingest_v2.py:74} ERROR - Error al obtener events: 404
[2025-01-19T13:39:50.960+0000] {spaceflight_data_ingest_v2.py:74} ERROR - Error al obtener events: 404
[2025-01-19T13:40:45.938+0000] {spaceflight_data_ingest_v2.py:74} ERROR - Error al obtener events: 404
[2025-01-19T13:41:40.805+0000] {spaceflight_data_ingest_v2.py:74} ERROR - Error al obtener events: 404
[2025-01-19T13:42:35.674+0000] {spaceflight_data_ingest_v2.py:74} ERROR - Error al obtener events: 404
[2025-01-19T13:43:30.554+0000] {spaceflight_data_ingest_v2.py:74} ERROR - Error al obtener events: 404
[2025-01-19T13:44:25.450+0000] {spaceflight_data_ingest_v2.py:74} ERROR - Error al obtener events: 404
[2025-01-19T13:45:20.335+0000] {spaceflight_data_ingest_v2.py:74} ERROR - Error al obtener events: 404
[2025-01-19T13:46:15.206+0000] {spaceflight_data_ingest_v2.py:74} ERROR - Error al obtener events: 404
[2025-01-19T13:47:10.088+0000] {spaceflight_data_ingest_v2.py:74} ERROR - Error al obtener events: 404
[2025-01-19T13:48:04.875+0000] {spaceflight_data_ingest_v2.py:74} ERROR - Error al obtener events: 404
[2025-01-19T13:48:59.660+0000] {spaceflight_data_ingest_v2.py:74} ERROR - Error al obtener events: 404
[2025-01-19T13:49:54.511+0000] {spaceflight_data_ingest_v2.py:74} ERROR - Error al obtener events: 404
[2025-01-19T13:50:46.781+0000] {spaceflight_data_ingest_v2.py:74} ERROR - Error al obtener events: 404
[2025-01-19T13:51:41.652+0000] {spaceflight_data_ingest_v2.py:74} ERROR - Error al obtener events: 404
[2025-01-19T13:52:37.354+0000] {spaceflight_data_ingest_v2.py:74} ERROR - Error al obtener events: 404
[2025-01-19T13:53:32.140+0000] {spaceflight_data_ingest_v2.py:74} ERROR - Error al obtener events: 404
[2025-01-19T13:54:26.983+0000] {spaceflight_data_ingest_v2.py:74} ERROR - Error al obtener events: 404
[2025-01-19T13:55:21.871+0000] {spaceflight_data_ingest_v2.py:74} ERROR - Error al obtener events: 404
[2025-01-19T13:56:16.672+0000] {spaceflight_data_ingest_v2.py:74} ERROR - Error al obtener events: 404
[2025-01-19T13:57:11.546+0000] {spaceflight_data_ingest_v2.py:74} ERROR - Error al obtener events: 404
[2025-01-19T13:58:06.459+0000] {spaceflight_data_ingest_v2.py:74} ERROR - Error al obtener events: 404
[2025-01-19T13:59:01.276+0000] {spaceflight_data_ingest_v2.py:74} ERROR - Error al obtener events: 404
[2025-01-19T13:59:56.150+0000] {spaceflight_data_ingest_v2.py:74} ERROR - Error al obtener events: 404
[2025-01-19T14:00:51.229+0000] {spaceflight_data_ingest_v2.py:74} ERROR - Error al obtener events: 404
[2025-01-19T14:01:46.019+0000] {spaceflight_data_ingest_v2.py:74} ERROR - Error al obtener events: 404
[2025-01-19T14:02:40.879+0000] {spaceflight_data_ingest_v2.py:74} ERROR - Error al obtener events: 404
[2025-01-19T14:03:35.687+0000] {spaceflight_data_ingest_v2.py:74} ERROR - Error al obtener events: 404
[2025-01-19T14:04:30.545+0000] {spaceflight_data_ingest_v2.py:74} ERROR - Error al obtener events: 404
[2025-01-19T14:05:25.435+0000] {spaceflight_data_ingest_v2.py:74} ERROR - Error al obtener events: 404
[2025-01-19T14:06:20.299+0000] {spaceflight_data_ingest_v2.py:74} ERROR - Error al obtener events: 404
[2025-01-19T14:07:15.175+0000] {spaceflight_data_ingest_v2.py:74} ERROR - Error al obtener events: 404
[2025-01-19T14:08:09.963+0000] {spaceflight_data_ingest_v2.py:74} ERROR - Error al obtener events: 404
[2025-01-19T14:09:04.774+0000] {spaceflight_data_ingest_v2.py:74} ERROR - Error al obtener events: 404
[2025-01-19T14:09:59.491+0000] {spaceflight_data_ingest_v2.py:74} ERROR - Error al obtener events: 404
[2025-01-19T14:10:54.392+0000] {spaceflight_data_ingest_v2.py:74} ERROR - Error al obtener events: 404
[2025-01-19T14:11:49.245+0000] {spaceflight_data_ingest_v2.py:74} ERROR - Error al obtener events: 404
[2025-01-19T14:12:44.020+0000] {spaceflight_data_ingest_v2.py:74} ERROR - Error al obtener events: 404
[2025-01-19T14:13:47.275+0000] {spaceflight_data_ingest_v2.py:74} ERROR - Error al obtener events: 404
[2025-01-19T14:14:50.093+0000] {spaceflight_data_ingest_v2.py:74} ERROR - Error al obtener events: 404
[2025-01-19T14:16:02.993+0000] {spaceflight_data_ingest_v2.py:74} ERROR - Error al obtener events: 404
[2025-01-19T14:17:08.882+0000] {spaceflight_data_ingest_v2.py:74} ERROR - Error al obtener events: 404
[2025-01-19T14:18:03.990+0000] {spaceflight_data_ingest_v2.py:74} ERROR - Error al obtener events: 404
[2025-01-19T14:18:58.870+0000] {spaceflight_data_ingest_v2.py:74} ERROR - Error al obtener events: 404
[2025-01-19T14:19:59.037+0000] {spaceflight_data_ingest_v2.py:74} ERROR - Error al obtener events: 404
[2025-01-19T14:21:22.806+0000] {spaceflight_data_ingest_v2.py:74} ERROR - Error al obtener events: 404
[2025-01-19T14:22:38.487+0000] {spaceflight_data_ingest_v2.py:74} ERROR - Error al obtener events: 404
[2025-01-19T14:24:04.122+0000] {spaceflight_data_ingest_v2.py:74} ERROR - Error al obtener events: 404
[2025-01-19T14:25:03.663+0000] {spaceflight_data_ingest_v2.py:74} ERROR - Error al obtener events: 404
[2025-01-19T14:25:59.801+0000] {spaceflight_data_ingest_v2.py:74} ERROR - Error al obtener events: 404
[2025-01-19T14:26:54.897+0000] {spaceflight_data_ingest_v2.py:74} ERROR - Error al obtener events: 404
[2025-01-19T14:28:02.072+0000] {spaceflight_data_ingest_v2.py:74} ERROR - Error al obtener events: 404
[2025-01-19T14:28:56.979+0000] {spaceflight_data_ingest_v2.py:74} ERROR - Error al obtener events: 404
[2025-01-19T14:29:51.865+0000] {spaceflight_data_ingest_v2.py:74} ERROR - Error al obtener events: 404
[2025-01-19T14:30:46.716+0000] {spaceflight_data_ingest_v2.py:74} ERROR - Error al obtener events: 404
[2025-01-19T14:31:41.575+0000] {spaceflight_data_ingest_v2.py:74} ERROR - Error al obtener events: 404
[2025-01-19T14:32:36.379+0000] {spaceflight_data_ingest_v2.py:74} ERROR - Error al obtener events: 404
[2025-01-19T14:33:31.244+0000] {spaceflight_data_ingest_v2.py:74} ERROR - Error al obtener events: 404
[2025-01-19T14:34:26.099+0000] {spaceflight_data_ingest_v2.py:74} ERROR - Error al obtener events: 404
[2025-01-19T14:35:20.958+0000] {spaceflight_data_ingest_v2.py:74} ERROR - Error al obtener events: 404
[2025-01-19T14:36:15.803+0000] {spaceflight_data_ingest_v2.py:74} ERROR - Error al obtener events: 404
[2025-01-19T14:37:10.670+0000] {spaceflight_data_ingest_v2.py:74} ERROR - Error al obtener events: 404
[2025-01-19T14:38:05.426+0000] {spaceflight_data_ingest_v2.py:74} ERROR - Error al obtener events: 404
[2025-01-19T14:39:00.279+0000] {spaceflight_data_ingest_v2.py:74} ERROR - Error al obtener events: 404
[2025-01-19T14:39:54.616+0000] {spaceflight_data_ingest_v2.py:74} ERROR - Error al obtener events: 404
[2025-01-19T14:40:47.280+0000] {spaceflight_data_ingest_v2.py:74} ERROR - Error al obtener events: 404
[2025-01-19T14:41:42.157+0000] {spaceflight_data_ingest_v2.py:74} ERROR - Error al obtener events: 404
[2025-01-19T14:42:36.942+0000] {spaceflight_data_ingest_v2.py:74} ERROR - Error al obtener events: 404
[2025-01-19T14:43:31.789+0000] {spaceflight_data_ingest_v2.py:74} ERROR - Error al obtener events: 404
[2025-01-19T14:44:26.658+0000] {spaceflight_data_ingest_v2.py:74} ERROR - Error al obtener events: 404
[2025-01-19T14:45:21.505+0000] {spaceflight_data_ingest_v2.py:74} ERROR - Error al obtener events: 404
[2025-01-19T14:46:16.391+0000] {spaceflight_data_ingest_v2.py:74} ERROR - Error al obtener events: 404
[2025-01-19T14:47:11.281+0000] {spaceflight_data_ingest_v2.py:74} ERROR - Error al obtener events: 404
[2025-01-19T14:48:06.148+0000] {spaceflight_data_ingest_v2.py:74} ERROR - Error al obtener events: 404
[2025-01-19T14:49:01.019+0000] {spaceflight_data_ingest_v2.py:74} ERROR - Error al obtener events: 404
[2025-01-19T14:49:55.888+0000] {spaceflight_data_ingest_v2.py:74} ERROR - Error al obtener events: 404
[2025-01-19T14:50:50.752+0000] {spaceflight_data_ingest_v2.py:74} ERROR - Error al obtener events: 404
[2025-01-19T14:51:45.456+0000] {spaceflight_data_ingest_v2.py:74} ERROR - Error al obtener events: 404
[2025-01-19T14:52:40.199+0000] {spaceflight_data_ingest_v2.py:74} ERROR - Error al obtener events: 404
[2025-01-19T14:53:34.918+0000] {spaceflight_data_ingest_v2.py:74} ERROR - Error al obtener events: 404
[2025-01-19T14:54:29.779+0000] {spaceflight_data_ingest_v2.py:74} ERROR - Error al obtener events: 404
[2025-01-19T14:55:24.676+0000] {spaceflight_data_ingest_v2.py:74} ERROR - Error al obtener events: 404
[2025-01-19T14:56:19.593+0000] {spaceflight_data_ingest_v2.py:74} ERROR - Error al obtener events: 404
[2025-01-19T14:57:14.460+0000] {spaceflight_data_ingest_v2.py:74} ERROR - Error al obtener events: 404
[2025-01-19T14:58:09.313+0000] {spaceflight_data_ingest_v2.py:74} ERROR - Error al obtener events: 404
[2025-01-19T14:59:06.302+0000] {spaceflight_data_ingest_v2.py:74} ERROR - Error al obtener events: 404
[2025-01-19T14:59:58.818+0000] {spaceflight_data_ingest_v2.py:74} ERROR - Error al obtener events: 404
[2025-01-19T15:00:53.693+0000] {spaceflight_data_ingest_v2.py:74} ERROR - Error al obtener events: 404
[2025-01-19T15:01:48.558+0000] {spaceflight_data_ingest_v2.py:74} ERROR - Error al obtener events: 404
[2025-01-19T15:02:43.265+0000] {spaceflight_data_ingest_v2.py:74} ERROR - Error al obtener events: 404
[2025-01-19T15:03:38.124+0000] {spaceflight_data_ingest_v2.py:74} ERROR - Error al obtener events: 404
[2025-01-19T15:04:32.990+0000] {spaceflight_data_ingest_v2.py:74} ERROR - Error al obtener events: 404
[2025-01-19T15:05:27.785+0000] {spaceflight_data_ingest_v2.py:74} ERROR - Error al obtener events: 404
[2025-01-19T15:06:22.674+0000] {spaceflight_data_ingest_v2.py:74} ERROR - Error al obtener events: 404
[2025-01-19T15:07:17.502+0000] {spaceflight_data_ingest_v2.py:74} ERROR - Error al obtener events: 404
[2025-01-19T15:08:12.230+0000] {spaceflight_data_ingest_v2.py:74} ERROR - Error al obtener events: 404
[2025-01-19T15:09:06.988+0000] {spaceflight_data_ingest_v2.py:74} ERROR - Error al obtener events: 404
[2025-01-19T15:10:01.687+0000] {spaceflight_data_ingest_v2.py:74} ERROR - Error al obtener events: 404
[2025-01-19T15:10:56.383+0000] {spaceflight_data_ingest_v2.py:74} ERROR - Error al obtener events: 404
[2025-01-19T15:11:51.089+0000] {spaceflight_data_ingest_v2.py:74} ERROR - Error al obtener events: 404
[2025-01-19T15:12:45.815+0000] {spaceflight_data_ingest_v2.py:74} ERROR - Error al obtener events: 404
[2025-01-19T15:13:40.516+0000] {spaceflight_data_ingest_v2.py:74} ERROR - Error al obtener events: 404
[2025-01-19T15:14:35.248+0000] {spaceflight_data_ingest_v2.py:74} ERROR - Error al obtener events: 404
[2025-01-19T15:15:30.331+0000] {spaceflight_data_ingest_v2.py:74} ERROR - Error al obtener events: 404
[2025-01-19T15:16:25.292+0000] {spaceflight_data_ingest_v2.py:74} ERROR - Error al obtener events: 404
[2025-01-19T15:17:20.495+0000] {spaceflight_data_ingest_v2.py:74} ERROR - Error al obtener events: 404
[2025-01-19T15:18:15.226+0000] {spaceflight_data_ingest_v2.py:74} ERROR - Error al obtener events: 404
[2025-01-19T15:19:09.930+0000] {spaceflight_data_ingest_v2.py:74} ERROR - Error al obtener events: 404
[2025-01-19T15:20:04.637+0000] {spaceflight_data_ingest_v2.py:74} ERROR - Error al obtener events: 404
[2025-01-19T15:20:59.654+0000] {spaceflight_data_ingest_v2.py:74} ERROR - Error al obtener events: 404
[2025-01-19T15:21:55.767+0000] {spaceflight_data_ingest_v2.py:74} ERROR - Error al obtener events: 404
[2025-01-19T15:22:50.471+0000] {spaceflight_data_ingest_v2.py:74} ERROR - Error al obtener events: 404
[2025-01-19T15:23:45.551+0000] {spaceflight_data_ingest_v2.py:74} ERROR - Error al obtener events: 404
[2025-01-19T15:24:41.135+0000] {spaceflight_data_ingest_v2.py:74} ERROR - Error al obtener events: 404
[2025-01-19T15:25:36.108+0000] {spaceflight_data_ingest_v2.py:74} ERROR - Error al obtener events: 404
[2025-01-19T15:26:30.928+0000] {spaceflight_data_ingest_v2.py:74} ERROR - Error al obtener events: 404
[2025-01-19T15:27:25.870+0000] {spaceflight_data_ingest_v2.py:74} ERROR - Error al obtener events: 404
[2025-01-19T15:28:20.657+0000] {spaceflight_data_ingest_v2.py:74} ERROR - Error al obtener events: 404
[2025-01-19T15:29:36.847+0000] {spaceflight_data_ingest_v2.py:74} ERROR - Error al obtener events: 520
[2025-01-19T15:32:03.295+0000] {spaceflight_data_ingest_v2.py:74} ERROR - Error al obtener events: 520
[2025-01-19T15:32:58.184+0000] {spaceflight_data_ingest_v2.py:74} ERROR - Error al obtener events: 404
[2025-01-19T15:33:52.901+0000] {spaceflight_data_ingest_v2.py:74} ERROR - Error al obtener events: 404
[2025-01-19T15:34:47.631+0000] {spaceflight_data_ingest_v2.py:74} ERROR - Error al obtener events: 404
[2025-01-19T15:35:42.510+0000] {spaceflight_data_ingest_v2.py:74} ERROR - Error al obtener events: 404
[2025-01-19T15:36:37.300+0000] {spaceflight_data_ingest_v2.py:74} ERROR - Error al obtener events: 404
[2025-01-19T15:37:32.187+0000] {spaceflight_data_ingest_v2.py:74} ERROR - Error al obtener events: 404
[2025-01-19T15:38:26.898+0000] {spaceflight_data_ingest_v2.py:74} ERROR - Error al obtener events: 404
[2025-01-19T15:39:21.679+0000] {spaceflight_data_ingest_v2.py:74} ERROR - Error al obtener events: 404
[2025-01-19T15:40:16.565+0000] {spaceflight_data_ingest_v2.py:74} ERROR - Error al obtener events: 404
[2025-01-19T15:41:11.270+0000] {spaceflight_data_ingest_v2.py:74} ERROR - Error al obtener events: 404
[2025-01-19T15:42:05.981+0000] {spaceflight_data_ingest_v2.py:74} ERROR - Error al obtener events: 404
[2025-01-19T15:43:00.704+0000] {spaceflight_data_ingest_v2.py:74} ERROR - Error al obtener events: 404
[2025-01-19T15:43:55.561+0000] {spaceflight_data_ingest_v2.py:74} ERROR - Error al obtener events: 404
[2025-01-19T15:44:50.456+0000] {spaceflight_data_ingest_v2.py:74} ERROR - Error al obtener events: 404
[2025-01-19T15:45:45.176+0000] {spaceflight_data_ingest_v2.py:74} ERROR - Error al obtener events: 404
[2025-01-19T15:46:40.002+0000] {spaceflight_data_ingest_v2.py:74} ERROR - Error al obtener events: 404
[2025-01-19T15:47:34.989+0000] {spaceflight_data_ingest_v2.py:74} ERROR - Error al obtener events: 404
[2025-01-19T15:48:29.858+0000] {spaceflight_data_ingest_v2.py:74} ERROR - Error al obtener events: 404
[2025-01-19T15:49:24.579+0000] {spaceflight_data_ingest_v2.py:74} ERROR - Error al obtener events: 404
[2025-01-19T15:50:19.443+0000] {spaceflight_data_ingest_v2.py:74} ERROR - Error al obtener events: 404
[2025-01-19T15:51:14.124+0000] {spaceflight_data_ingest_v2.py:74} ERROR - Error al obtener events: 404
[2025-01-19T15:52:08.909+0000] {spaceflight_data_ingest_v2.py:74} ERROR - Error al obtener events: 404
[2025-01-19T15:53:03.772+0000] {spaceflight_data_ingest_v2.py:74} ERROR - Error al obtener events: 404
[2025-01-19T15:53:58.655+0000] {spaceflight_data_ingest_v2.py:74} ERROR - Error al obtener events: 404
[2025-01-19T15:54:53.526+0000] {spaceflight_data_ingest_v2.py:74} ERROR - Error al obtener events: 404
[2025-01-19T15:55:48.304+0000] {spaceflight_data_ingest_v2.py:74} ERROR - Error al obtener events: 404
[2025-01-19T15:56:44.687+0000] {spaceflight_data_ingest_v2.py:74} ERROR - Error al obtener events: 404
[2025-01-19T15:57:36.824+0000] {spaceflight_data_ingest_v2.py:74} ERROR - Error al obtener events: 404
[2025-01-19T15:58:31.704+0000] {spaceflight_data_ingest_v2.py:74} ERROR - Error al obtener events: 404
[2025-01-19T16:01:08.190+0000] {spaceflight_data_ingest_v2.py:74} ERROR - Error al obtener events: 524
[2025-01-19T16:02:02.970+0000] {spaceflight_data_ingest_v2.py:74} ERROR - Error al obtener events: 404
[2025-01-19T16:02:57.697+0000] {spaceflight_data_ingest_v2.py:74} ERROR - Error al obtener events: 404
[2025-01-19T16:03:52.582+0000] {spaceflight_data_ingest_v2.py:74} ERROR - Error al obtener events: 404
[2025-01-19T16:04:47.295+0000] {spaceflight_data_ingest_v2.py:74} ERROR - Error al obtener events: 404
[2025-01-19T16:05:42.720+0000] {spaceflight_data_ingest_v2.py:74} ERROR - Error al obtener events: 404
[2025-01-19T16:06:37.489+0000] {spaceflight_data_ingest_v2.py:74} ERROR - Error al obtener events: 404
[2025-01-19T16:07:32.398+0000] {spaceflight_data_ingest_v2.py:74} ERROR - Error al obtener events: 404
[2025-01-19T16:08:27.256+0000] {spaceflight_data_ingest_v2.py:74} ERROR - Error al obtener events: 404
[2025-01-19T16:09:22.390+0000] {spaceflight_data_ingest_v2.py:74} ERROR - Error al obtener events: 404
[2025-01-19T16:10:17.144+0000] {spaceflight_data_ingest_v2.py:74} ERROR - Error al obtener events: 404
[2025-01-19T16:11:12.036+0000] {spaceflight_data_ingest_v2.py:74} ERROR - Error al obtener events: 404
[2025-01-19T16:12:06.918+0000] {spaceflight_data_ingest_v2.py:74} ERROR - Error al obtener events: 404
[2025-01-19T16:13:01.944+0000] {spaceflight_data_ingest_v2.py:74} ERROR - Error al obtener events: 404
[2025-01-19T16:13:56.670+0000] {spaceflight_data_ingest_v2.py:74} ERROR - Error al obtener events: 404
[2025-01-19T16:14:51.543+0000] {spaceflight_data_ingest_v2.py:74} ERROR - Error al obtener events: 404
[2025-01-19T16:15:46.478+0000] {spaceflight_data_ingest_v2.py:74} ERROR - Error al obtener events: 404
[2025-01-19T16:16:41.388+0000] {spaceflight_data_ingest_v2.py:74} ERROR - Error al obtener events: 404
[2025-01-19T16:17:36.275+0000] {spaceflight_data_ingest_v2.py:74} ERROR - Error al obtener events: 404
[2025-01-19T16:18:31.145+0000] {spaceflight_data_ingest_v2.py:74} ERROR - Error al obtener events: 404
[2025-01-19T16:19:26.018+0000] {spaceflight_data_ingest_v2.py:74} ERROR - Error al obtener events: 404
[2025-01-19T16:20:20.915+0000] {spaceflight_data_ingest_v2.py:74} ERROR - Error al obtener events: 404
[2025-01-19T16:21:15.769+0000] {spaceflight_data_ingest_v2.py:74} ERROR - Error al obtener events: 404
[2025-01-19T16:22:10.665+0000] {spaceflight_data_ingest_v2.py:74} ERROR - Error al obtener events: 404
[2025-01-19T16:23:05.735+0000] {spaceflight_data_ingest_v2.py:74} ERROR - Error al obtener events: 404
[2025-01-19T16:24:00.614+0000] {spaceflight_data_ingest_v2.py:74} ERROR - Error al obtener events: 404
[2025-01-19T16:24:55.491+0000] {spaceflight_data_ingest_v2.py:74} ERROR - Error al obtener events: 404
[2025-01-19T16:25:50.352+0000] {spaceflight_data_ingest_v2.py:74} ERROR - Error al obtener events: 404
[2025-01-19T16:26:42.856+0000] {spaceflight_data_ingest_v2.py:74} ERROR - Error al obtener events: 404
[2025-01-19T16:27:37.528+0000] {spaceflight_data_ingest_v2.py:74} ERROR - Error al obtener events: 404
[2025-01-19T16:28:32.397+0000] {spaceflight_data_ingest_v2.py:74} ERROR - Error al obtener events: 404
[2025-01-19T16:29:27.280+0000] {spaceflight_data_ingest_v2.py:74} ERROR - Error al obtener events: 404
[2025-01-19T16:30:22.091+0000] {spaceflight_data_ingest_v2.py:74} ERROR - Error al obtener events: 404
[2025-01-19T16:31:16.965+0000] {spaceflight_data_ingest_v2.py:74} ERROR - Error al obtener events: 404
[2025-01-19T16:32:11.914+0000] {spaceflight_data_ingest_v2.py:74} ERROR - Error al obtener events: 404
[2025-01-19T16:33:06.948+0000] {spaceflight_data_ingest_v2.py:74} ERROR - Error al obtener events: 404
[2025-01-19T16:34:01.786+0000] {spaceflight_data_ingest_v2.py:74} ERROR - Error al obtener events: 404
[2025-01-19T16:34:56.588+0000] {spaceflight_data_ingest_v2.py:74} ERROR - Error al obtener events: 404
[2025-01-19T16:35:51.526+0000] {spaceflight_data_ingest_v2.py:74} ERROR - Error al obtener events: 404
[2025-01-19T16:36:46.390+0000] {spaceflight_data_ingest_v2.py:74} ERROR - Error al obtener events: 404
[2025-01-19T16:37:41.125+0000] {spaceflight_data_ingest_v2.py:74} ERROR - Error al obtener events: 404
[2025-01-19T16:38:36.043+0000] {spaceflight_data_ingest_v2.py:74} ERROR - Error al obtener events: 404
[2025-01-19T16:39:30.913+0000] {spaceflight_data_ingest_v2.py:74} ERROR - Error al obtener events: 404
[2025-01-19T16:40:25.913+0000] {spaceflight_data_ingest_v2.py:74} ERROR - Error al obtener events: 404
[2025-01-19T16:41:21.648+0000] {spaceflight_data_ingest_v2.py:74} ERROR - Error al obtener events: 404
[2025-01-19T16:42:16.390+0000] {spaceflight_data_ingest_v2.py:74} ERROR - Error al obtener events: 404
[2025-01-19T16:43:11.256+0000] {spaceflight_data_ingest_v2.py:74} ERROR - Error al obtener events: 404
[2025-01-19T16:44:06.126+0000] {spaceflight_data_ingest_v2.py:74} ERROR - Error al obtener events: 404
[2025-01-19T16:45:01.000+0000] {spaceflight_data_ingest_v2.py:74} ERROR - Error al obtener events: 404
[2025-01-19T16:45:55.881+0000] {spaceflight_data_ingest_v2.py:74} ERROR - Error al obtener events: 404
[2025-01-19T16:46:50.758+0000] {spaceflight_data_ingest_v2.py:74} ERROR - Error al obtener events: 404
[2025-01-19T16:47:45.634+0000] {spaceflight_data_ingest_v2.py:74} ERROR - Error al obtener events: 404
[2025-01-19T16:48:40.606+0000] {spaceflight_data_ingest_v2.py:74} ERROR - Error al obtener events: 404
[2025-01-19T16:49:35.427+0000] {spaceflight_data_ingest_v2.py:74} ERROR - Error al obtener events: 404
[2025-01-19T16:50:30.320+0000] {spaceflight_data_ingest_v2.py:74} ERROR - Error al obtener events: 404
[2025-01-19T16:51:25.199+0000] {spaceflight_data_ingest_v2.py:74} ERROR - Error al obtener events: 404
[2025-01-19T16:52:20.091+0000] {spaceflight_data_ingest_v2.py:74} ERROR - Error al obtener events: 404
[2025-01-19T16:53:14.878+0000] {spaceflight_data_ingest_v2.py:74} ERROR - Error al obtener events: 404
[2025-01-19T16:54:09.623+0000] {spaceflight_data_ingest_v2.py:74} ERROR - Error al obtener events: 404
[2025-01-19T16:55:04.664+0000] {spaceflight_data_ingest_v2.py:74} ERROR - Error al obtener events: 404
[2025-01-19T16:55:59.586+0000] {spaceflight_data_ingest_v2.py:74} ERROR - Error al obtener events: 404
[2025-01-19T16:56:54.436+0000] {spaceflight_data_ingest_v2.py:74} ERROR - Error al obtener events: 404
[2025-01-19T16:57:49.324+0000] {spaceflight_data_ingest_v2.py:74} ERROR - Error al obtener events: 404
[2025-01-19T16:58:44.994+0000] {spaceflight_data_ingest_v2.py:74} ERROR - Error al obtener events: 404
[2025-01-19T16:59:39.882+0000] {spaceflight_data_ingest_v2.py:74} ERROR - Error al obtener events: 404
[2025-01-19T17:00:34.672+0000] {spaceflight_data_ingest_v2.py:74} ERROR - Error al obtener events: 404
[2025-01-19T17:01:29.394+0000] {spaceflight_data_ingest_v2.py:74} ERROR - Error al obtener events: 404
[2025-01-19T17:02:24.274+0000] {spaceflight_data_ingest_v2.py:74} ERROR - Error al obtener events: 404
[2025-01-19T17:03:19.068+0000] {spaceflight_data_ingest_v2.py:74} ERROR - Error al obtener events: 404
[2025-01-19T17:04:13.964+0000] {spaceflight_data_ingest_v2.py:74} ERROR - Error al obtener events: 404
[2025-01-19T17:05:08.863+0000] {spaceflight_data_ingest_v2.py:74} ERROR - Error al obtener events: 404
[2025-01-19T17:06:03.755+0000] {spaceflight_data_ingest_v2.py:74} ERROR - Error al obtener events: 404
[2025-01-19T17:06:58.631+0000] {spaceflight_data_ingest_v2.py:74} ERROR - Error al obtener events: 404
[2025-01-19T17:07:53.482+0000] {spaceflight_data_ingest_v2.py:74} ERROR - Error al obtener events: 404
[2025-01-19T17:08:48.413+0000] {spaceflight_data_ingest_v2.py:74} ERROR - Error al obtener events: 404
[2025-01-19T17:09:43.293+0000] {spaceflight_data_ingest_v2.py:74} ERROR - Error al obtener events: 404
[2025-01-19T17:10:39.058+0000] {spaceflight_data_ingest_v2.py:74} ERROR - Error al obtener events: 404
[2025-01-19T17:11:33.942+0000] {spaceflight_data_ingest_v2.py:74} ERROR - Error al obtener events: 404
[2025-01-19T17:12:28.806+0000] {spaceflight_data_ingest_v2.py:74} ERROR - Error al obtener events: 404
[2025-01-19T17:13:23.724+0000] {spaceflight_data_ingest_v2.py:74} ERROR - Error al obtener events: 404
[2025-01-19T17:14:18.446+0000] {spaceflight_data_ingest_v2.py:74} ERROR - Error al obtener events: 404
[2025-01-19T17:15:13.321+0000] {spaceflight_data_ingest_v2.py:74} ERROR - Error al obtener events: 404
[2025-01-19T17:16:08.037+0000] {spaceflight_data_ingest_v2.py:74} ERROR - Error al obtener events: 404
[2025-01-19T17:17:02.912+0000] {spaceflight_data_ingest_v2.py:74} ERROR - Error al obtener events: 404
[2025-01-19T17:17:57.799+0000] {spaceflight_data_ingest_v2.py:74} ERROR - Error al obtener events: 404
[2025-01-19T17:18:52.720+0000] {spaceflight_data_ingest_v2.py:74} ERROR - Error al obtener events: 404
[2025-01-19T17:19:47.611+0000] {spaceflight_data_ingest_v2.py:74} ERROR - Error al obtener events: 404
[2025-01-19T17:20:42.506+0000] {spaceflight_data_ingest_v2.py:74} ERROR - Error al obtener events: 404
[2025-01-19T17:21:37.216+0000] {spaceflight_data_ingest_v2.py:74} ERROR - Error al obtener events: 404
[2025-01-19T17:22:32.114+0000] {spaceflight_data_ingest_v2.py:74} ERROR - Error al obtener events: 404
[2025-01-19T17:23:27.116+0000] {spaceflight_data_ingest_v2.py:74} ERROR - Error al obtener events: 404
[2025-01-19T17:24:21.992+0000] {spaceflight_data_ingest_v2.py:74} ERROR - Error al obtener events: 404
[2025-01-19T17:25:16.832+0000] {spaceflight_data_ingest_v2.py:74} ERROR - Error al obtener events: 404
[2025-01-19T17:26:11.577+0000] {spaceflight_data_ingest_v2.py:74} ERROR - Error al obtener events: 404
[2025-01-19T17:27:06.475+0000] {spaceflight_data_ingest_v2.py:74} ERROR - Error al obtener events: 404
[2025-01-19T17:28:01.231+0000] {spaceflight_data_ingest_v2.py:74} ERROR - Error al obtener events: 404
[2025-01-19T17:28:56.304+0000] {spaceflight_data_ingest_v2.py:74} ERROR - Error al obtener events: 404
[2025-01-19T17:29:51.168+0000] {spaceflight_data_ingest_v2.py:74} ERROR - Error al obtener events: 404
[2025-01-19T17:30:46.459+0000] {spaceflight_data_ingest_v2.py:74} ERROR - Error al obtener events: 404
[2025-01-19T17:31:41.335+0000] {spaceflight_data_ingest_v2.py:74} ERROR - Error al obtener events: 404
[2025-01-19T17:32:36.236+0000] {spaceflight_data_ingest_v2.py:74} ERROR - Error al obtener events: 404
[2025-01-19T17:33:31.116+0000] {spaceflight_data_ingest_v2.py:74} ERROR - Error al obtener events: 404
[2025-01-19T17:34:25.829+0000] {spaceflight_data_ingest_v2.py:74} ERROR - Error al obtener events: 404
[2025-01-19T17:35:20.824+0000] {spaceflight_data_ingest_v2.py:74} ERROR - Error al obtener events: 404
[2025-01-19T17:36:15.876+0000] {spaceflight_data_ingest_v2.py:74} ERROR - Error al obtener events: 404
[2025-01-19T17:37:10.755+0000] {spaceflight_data_ingest_v2.py:74} ERROR - Error al obtener events: 404
[2025-01-19T17:38:05.641+0000] {spaceflight_data_ingest_v2.py:74} ERROR - Error al obtener events: 404
[2025-01-19T17:39:00.493+0000] {spaceflight_data_ingest_v2.py:74} ERROR - Error al obtener events: 404
[2025-01-19T17:39:55.371+0000] {spaceflight_data_ingest_v2.py:74} ERROR - Error al obtener events: 404
[2025-01-19T17:40:50.231+0000] {spaceflight_data_ingest_v2.py:74} ERROR - Error al obtener events: 404
[2025-01-19T17:41:45.121+0000] {spaceflight_data_ingest_v2.py:74} ERROR - Error al obtener events: 404
[2025-01-19T17:42:40.126+0000] {spaceflight_data_ingest_v2.py:74} ERROR - Error al obtener events: 404
[2025-01-19T17:43:32.171+0000] {spaceflight_data_ingest_v2.py:74} ERROR - Error al obtener events: 404
[2025-01-19T17:44:27.048+0000] {spaceflight_data_ingest_v2.py:74} ERROR - Error al obtener events: 404
[2025-01-19T17:45:21.927+0000] {spaceflight_data_ingest_v2.py:74} ERROR - Error al obtener events: 404
[2025-01-19T17:46:16.815+0000] {spaceflight_data_ingest_v2.py:74} ERROR - Error al obtener events: 404
[2025-01-19T17:47:11.696+0000] {spaceflight_data_ingest_v2.py:74} ERROR - Error al obtener events: 404
[2025-01-19T17:48:06.601+0000] {spaceflight_data_ingest_v2.py:74} ERROR - Error al obtener events: 404
[2025-01-19T17:49:01.514+0000] {spaceflight_data_ingest_v2.py:74} ERROR - Error al obtener events: 404
[2025-01-19T17:49:57.278+0000] {spaceflight_data_ingest_v2.py:74} ERROR - Error al obtener events: 404
[2025-01-19T17:50:52.152+0000] {spaceflight_data_ingest_v2.py:74} ERROR - Error al obtener events: 404
[2025-01-19T17:51:47.023+0000] {spaceflight_data_ingest_v2.py:74} ERROR - Error al obtener events: 404
[2025-01-19T17:52:41.870+0000] {spaceflight_data_ingest_v2.py:74} ERROR - Error al obtener events: 404
[2025-01-19T17:53:36.750+0000] {spaceflight_data_ingest_v2.py:74} ERROR - Error al obtener events: 404
[2025-01-19T17:54:31.624+0000] {spaceflight_data_ingest_v2.py:74} ERROR - Error al obtener events: 404
[2025-01-19T17:55:26.494+0000] {spaceflight_data_ingest_v2.py:74} ERROR - Error al obtener events: 404
[2025-01-19T17:56:21.383+0000] {spaceflight_data_ingest_v2.py:74} ERROR - Error al obtener events: 404
[2025-01-19T17:57:16.268+0000] {spaceflight_data_ingest_v2.py:74} ERROR - Error al obtener events: 404
[2025-01-19T17:58:11.659+0000] {spaceflight_data_ingest_v2.py:74} ERROR - Error al obtener events: 404
[2025-01-19T17:59:06.361+0000] {spaceflight_data_ingest_v2.py:74} ERROR - Error al obtener events: 404
[2025-01-19T18:00:01.247+0000] {spaceflight_data_ingest_v2.py:74} ERROR - Error al obtener events: 404
[2025-01-19T18:00:56.154+0000] {spaceflight_data_ingest_v2.py:74} ERROR - Error al obtener events: 404
[2025-01-19T18:01:51.059+0000] {spaceflight_data_ingest_v2.py:74} ERROR - Error al obtener events: 404
[2025-01-19T18:02:45.782+0000] {spaceflight_data_ingest_v2.py:74} ERROR - Error al obtener events: 404
[2025-01-19T18:03:40.835+0000] {spaceflight_data_ingest_v2.py:74} ERROR - Error al obtener events: 404
[2025-01-19T18:04:37.775+0000] {spaceflight_data_ingest_v2.py:74} ERROR - Error al obtener events: 404
[2025-01-19T18:05:32.661+0000] {spaceflight_data_ingest_v2.py:74} ERROR - Error al obtener events: 404
[2025-01-19T18:06:27.556+0000] {spaceflight_data_ingest_v2.py:74} ERROR - Error al obtener events: 404
[2025-01-19T18:07:22.399+0000] {spaceflight_data_ingest_v2.py:74} ERROR - Error al obtener events: 404
[2025-01-19T18:08:17.196+0000] {spaceflight_data_ingest_v2.py:74} ERROR - Error al obtener events: 404
[2025-01-19T18:09:12.000+0000] {spaceflight_data_ingest_v2.py:74} ERROR - Error al obtener events: 404
[2025-01-19T18:10:06.881+0000] {spaceflight_data_ingest_v2.py:74} ERROR - Error al obtener events: 404
[2025-01-19T18:11:01.789+0000] {spaceflight_data_ingest_v2.py:74} ERROR - Error al obtener events: 404
[2025-01-19T18:11:56.809+0000] {spaceflight_data_ingest_v2.py:74} ERROR - Error al obtener events: 404
[2025-01-19T18:12:51.688+0000] {spaceflight_data_ingest_v2.py:74} ERROR - Error al obtener events: 404
[2025-01-19T18:13:46.598+0000] {spaceflight_data_ingest_v2.py:74} ERROR - Error al obtener events: 404
[2025-01-19T18:14:41.589+0000] {spaceflight_data_ingest_v2.py:74} ERROR - Error al obtener events: 404
[2025-01-19T18:15:36.504+0000] {spaceflight_data_ingest_v2.py:74} ERROR - Error al obtener events: 404
[2025-01-19T18:16:31.258+0000] {spaceflight_data_ingest_v2.py:74} ERROR - Error al obtener events: 404
[2025-01-19T18:17:26.128+0000] {spaceflight_data_ingest_v2.py:74} ERROR - Error al obtener events: 404
[2025-01-19T18:20:00.146+0000] {spaceflight_data_ingest_v2.py:74} ERROR - Error al obtener events: 524
[2025-01-19T18:20:55.038+0000] {spaceflight_data_ingest_v2.py:74} ERROR - Error al obtener events: 404
[2025-01-19T18:21:49.907+0000] {spaceflight_data_ingest_v2.py:74} ERROR - Error al obtener events: 404
[2025-01-19T18:22:44.764+0000] {spaceflight_data_ingest_v2.py:74} ERROR - Error al obtener events: 404
[2025-01-19T18:23:39.693+0000] {spaceflight_data_ingest_v2.py:74} ERROR - Error al obtener events: 404
[2025-01-19T18:24:34.560+0000] {spaceflight_data_ingest_v2.py:74} ERROR - Error al obtener events: 404
[2025-01-19T18:25:29.702+0000] {spaceflight_data_ingest_v2.py:74} ERROR - Error al obtener events: 404
[2025-01-19T18:26:24.426+0000] {spaceflight_data_ingest_v2.py:74} ERROR - Error al obtener events: 404
[2025-01-19T18:27:20.335+0000] {spaceflight_data_ingest_v2.py:74} ERROR - Error al obtener events: 404
[2025-01-19T18:28:15.531+0000] {spaceflight_data_ingest_v2.py:74} ERROR - Error al obtener events: 404
[2025-01-19T18:29:10.240+0000] {spaceflight_data_ingest_v2.py:74} ERROR - Error al obtener events: 404
[2025-01-19T18:30:36.317+0000] {spaceflight_data_ingest_v2.py:74} ERROR - Error al obtener events: 404
[2025-01-19T18:31:31.202+0000] {spaceflight_data_ingest_v2.py:74} ERROR - Error al obtener events: 404
[2025-01-19T18:32:26.089+0000] {spaceflight_data_ingest_v2.py:74} ERROR - Error al obtener events: 404
[2025-01-19T18:33:20.875+0000] {spaceflight_data_ingest_v2.py:74} ERROR - Error al obtener events: 404
[2025-01-19T18:34:15.745+0000] {spaceflight_data_ingest_v2.py:74} ERROR - Error al obtener events: 404
[2025-01-19T18:35:11.225+0000] {spaceflight_data_ingest_v2.py:74} ERROR - Error al obtener events: 404
[2025-01-19T18:36:05.907+0000] {spaceflight_data_ingest_v2.py:74} ERROR - Error al obtener events: 404
[2025-01-19T18:37:00.778+0000] {spaceflight_data_ingest_v2.py:74} ERROR - Error al obtener events: 404
[2025-01-19T18:37:55.655+0000] {spaceflight_data_ingest_v2.py:74} ERROR - Error al obtener events: 404
[2025-01-19T18:38:50.545+0000] {spaceflight_data_ingest_v2.py:74} ERROR - Error al obtener events: 404
[2025-01-19T18:39:45.402+0000] {spaceflight_data_ingest_v2.py:74} ERROR - Error al obtener events: 404
[2025-01-19T18:40:40.424+0000] {spaceflight_data_ingest_v2.py:74} ERROR - Error al obtener events: 404
[2025-01-19T18:41:35.214+0000] {spaceflight_data_ingest_v2.py:74} ERROR - Error al obtener events: 404
[2025-01-19T18:42:30.110+0000] {spaceflight_data_ingest_v2.py:74} ERROR - Error al obtener events: 404
[2025-01-19T18:43:24.822+0000] {spaceflight_data_ingest_v2.py:74} ERROR - Error al obtener events: 404
[2025-01-19T18:44:19.686+0000] {spaceflight_data_ingest_v2.py:74} ERROR - Error al obtener events: 404
[2025-01-19T18:45:14.627+0000] {spaceflight_data_ingest_v2.py:74} ERROR - Error al obtener events: 404
[2025-01-19T18:46:09.499+0000] {spaceflight_data_ingest_v2.py:74} ERROR - Error al obtener events: 404
[2025-01-19T18:47:04.308+0000] {spaceflight_data_ingest_v2.py:74} ERROR - Error al obtener events: 404
[2025-01-19T18:47:59.276+0000] {spaceflight_data_ingest_v2.py:74} ERROR - Error al obtener events: 404
[2025-01-19T18:48:54.420+0000] {spaceflight_data_ingest_v2.py:74} ERROR - Error al obtener events: 404
[2025-01-19T18:49:49.282+0000] {spaceflight_data_ingest_v2.py:74} ERROR - Error al obtener events: 404
[2025-01-19T18:50:44.152+0000] {spaceflight_data_ingest_v2.py:74} ERROR - Error al obtener events: 404
[2025-01-19T18:51:39.064+0000] {spaceflight_data_ingest_v2.py:74} ERROR - Error al obtener events: 404
[2025-01-19T18:52:34.047+0000] {spaceflight_data_ingest_v2.py:74} ERROR - Error al obtener events: 404
[2025-01-19T18:53:28.921+0000] {spaceflight_data_ingest_v2.py:74} ERROR - Error al obtener events: 404
[2025-01-19T18:54:23.817+0000] {spaceflight_data_ingest_v2.py:74} ERROR - Error al obtener events: 404
[2025-01-19T18:55:18.602+0000] {spaceflight_data_ingest_v2.py:74} ERROR - Error al obtener events: 404
[2025-01-19T18:56:13.459+0000] {spaceflight_data_ingest_v2.py:74} ERROR - Error al obtener events: 404
[2025-01-19T18:57:08.355+0000] {spaceflight_data_ingest_v2.py:74} ERROR - Error al obtener events: 404
[2025-01-19T18:58:03.226+0000] {spaceflight_data_ingest_v2.py:74} ERROR - Error al obtener events: 404
[2025-01-19T18:58:58.331+0000] {spaceflight_data_ingest_v2.py:74} ERROR - Error al obtener events: 404
[2025-01-19T18:59:53.166+0000] {spaceflight_data_ingest_v2.py:74} ERROR - Error al obtener events: 404
[2025-01-19T19:00:47.977+0000] {spaceflight_data_ingest_v2.py:74} ERROR - Error al obtener events: 404
[2025-01-19T19:01:42.870+0000] {spaceflight_data_ingest_v2.py:74} ERROR - Error al obtener events: 404
[2025-01-19T19:02:37.757+0000] {spaceflight_data_ingest_v2.py:74} ERROR - Error al obtener events: 404
[2025-01-19T19:03:32.611+0000] {spaceflight_data_ingest_v2.py:74} ERROR - Error al obtener events: 404
[2025-01-19T19:04:28.597+0000] {spaceflight_data_ingest_v2.py:74} ERROR - Error al obtener events: 404
[2025-01-19T19:05:23.479+0000] {spaceflight_data_ingest_v2.py:74} ERROR - Error al obtener events: 404
[2025-01-19T19:06:18.572+0000] {spaceflight_data_ingest_v2.py:74} ERROR - Error al obtener events: 404
[2025-01-19T19:07:10.703+0000] {spaceflight_data_ingest_v2.py:74} ERROR - Error al obtener events: 404
[2025-01-19T19:08:05.515+0000] {spaceflight_data_ingest_v2.py:74} ERROR - Error al obtener events: 404
[2025-01-19T19:09:00.381+0000] {spaceflight_data_ingest_v2.py:74} ERROR - Error al obtener events: 404
[2025-01-19T19:09:55.170+0000] {spaceflight_data_ingest_v2.py:74} ERROR - Error al obtener events: 404
[2025-01-19T19:10:50.053+0000] {spaceflight_data_ingest_v2.py:74} ERROR - Error al obtener events: 404
[2025-01-19T19:11:45.070+0000] {spaceflight_data_ingest_v2.py:74} ERROR - Error al obtener events: 404
[2025-01-19T19:12:39.964+0000] {spaceflight_data_ingest_v2.py:74} ERROR - Error al obtener events: 404
[2025-01-19T19:13:34.821+0000] {spaceflight_data_ingest_v2.py:74} ERROR - Error al obtener events: 404
[2025-01-19T19:14:29.706+0000] {spaceflight_data_ingest_v2.py:74} ERROR - Error al obtener events: 404
[2025-01-19T19:15:24.564+0000] {spaceflight_data_ingest_v2.py:74} ERROR - Error al obtener events: 404
[2025-01-19T19:16:19.388+0000] {spaceflight_data_ingest_v2.py:74} ERROR - Error al obtener events: 404
[2025-01-19T19:17:14.185+0000] {spaceflight_data_ingest_v2.py:74} ERROR - Error al obtener events: 404
[2025-01-19T19:18:09.035+0000] {spaceflight_data_ingest_v2.py:74} ERROR - Error al obtener events: 404
[2025-01-19T19:19:03.747+0000] {spaceflight_data_ingest_v2.py:74} ERROR - Error al obtener events: 404
[2025-01-19T19:21:40.245+0000] {spaceflight_data_ingest_v2.py:74} ERROR - Error al obtener events: 524
[2025-01-19T19:22:35.692+0000] {spaceflight_data_ingest_v2.py:74} ERROR - Error al obtener events: 404
[2025-01-19T19:23:30.562+0000] {spaceflight_data_ingest_v2.py:74} ERROR - Error al obtener events: 404
[2025-01-19T19:24:25.432+0000] {spaceflight_data_ingest_v2.py:74} ERROR - Error al obtener events: 404
[2025-01-19T19:25:20.301+0000] {spaceflight_data_ingest_v2.py:74} ERROR - Error al obtener events: 404
[2025-01-19T19:26:15.165+0000] {spaceflight_data_ingest_v2.py:74} ERROR - Error al obtener events: 404
[2025-01-19T19:27:10.051+0000] {spaceflight_data_ingest_v2.py:74} ERROR - Error al obtener events: 404
[2025-01-19T19:28:04.849+0000] {spaceflight_data_ingest_v2.py:74} ERROR - Error al obtener events: 404
[2025-01-19T19:28:59.715+0000] {spaceflight_data_ingest_v2.py:74} ERROR - Error al obtener events: 404
[2025-01-19T19:29:54.576+0000] {spaceflight_data_ingest_v2.py:74} ERROR - Error al obtener events: 404
[2025-01-19T19:30:49.469+0000] {spaceflight_data_ingest_v2.py:74} ERROR - Error al obtener events: 404
[2025-01-19T19:31:44.380+0000] {spaceflight_data_ingest_v2.py:74} ERROR - Error al obtener events: 404
[2025-01-19T19:32:39.161+0000] {spaceflight_data_ingest_v2.py:74} ERROR - Error al obtener events: 404
[2025-01-19T19:33:34.045+0000] {spaceflight_data_ingest_v2.py:74} ERROR - Error al obtener events: 404
[2025-01-19T19:34:28.769+0000] {spaceflight_data_ingest_v2.py:74} ERROR - Error al obtener events: 404
[2025-01-19T19:35:23.521+0000] {spaceflight_data_ingest_v2.py:74} ERROR - Error al obtener events: 404
[2025-01-19T19:36:18.370+0000] {spaceflight_data_ingest_v2.py:74} ERROR - Error al obtener events: 404
[2025-01-19T19:37:13.255+0000] {spaceflight_data_ingest_v2.py:74} ERROR - Error al obtener events: 404
[2025-01-19T19:38:08.651+0000] {spaceflight_data_ingest_v2.py:74} ERROR - Error al obtener events: 404
[2025-01-19T19:39:00.233+0000] {spaceflight_data_ingest_v2.py:74} ERROR - Error al obtener events: 404
[2025-01-19T19:39:55.110+0000] {spaceflight_data_ingest_v2.py:74} ERROR - Error al obtener events: 404
[2025-01-19T19:40:49.988+0000] {spaceflight_data_ingest_v2.py:74} ERROR - Error al obtener events: 404
[2025-01-19T19:41:44.869+0000] {spaceflight_data_ingest_v2.py:74} ERROR - Error al obtener events: 404
[2025-01-19T19:42:39.768+0000] {spaceflight_data_ingest_v2.py:74} ERROR - Error al obtener events: 404
[2025-01-19T19:43:34.655+0000] {spaceflight_data_ingest_v2.py:74} ERROR - Error al obtener events: 404
[2025-01-19T19:44:29.517+0000] {spaceflight_data_ingest_v2.py:74} ERROR - Error al obtener events: 404
[2025-01-19T19:45:24.382+0000] {spaceflight_data_ingest_v2.py:74} ERROR - Error al obtener events: 404
[2025-01-19T19:46:19.238+0000] {spaceflight_data_ingest_v2.py:74} ERROR - Error al obtener events: 404
[2025-01-19T19:47:14.103+0000] {spaceflight_data_ingest_v2.py:74} ERROR - Error al obtener events: 404
[2025-01-19T19:48:08.976+0000] {spaceflight_data_ingest_v2.py:74} ERROR - Error al obtener events: 404
[2025-01-19T19:49:03.788+0000] {spaceflight_data_ingest_v2.py:74} ERROR - Error al obtener events: 404
[2025-01-19T19:49:58.831+0000] {spaceflight_data_ingest_v2.py:74} ERROR - Error al obtener events: 404
[2025-01-19T19:50:53.693+0000] {spaceflight_data_ingest_v2.py:74} ERROR - Error al obtener events: 404
[2025-01-19T19:51:48.605+0000] {spaceflight_data_ingest_v2.py:74} ERROR - Error al obtener events: 404
[2025-01-19T19:52:43.468+0000] {spaceflight_data_ingest_v2.py:74} ERROR - Error al obtener events: 404
[2025-01-19T19:53:38.413+0000] {spaceflight_data_ingest_v2.py:74} ERROR - Error al obtener events: 404
[2025-01-19T19:54:33.488+0000] {spaceflight_data_ingest_v2.py:74} ERROR - Error al obtener events: 404
[2025-01-19T19:55:28.399+0000] {spaceflight_data_ingest_v2.py:74} ERROR - Error al obtener events: 404
[2025-01-19T19:56:23.197+0000] {spaceflight_data_ingest_v2.py:74} ERROR - Error al obtener events: 404
[2025-01-19T19:57:18.018+0000] {spaceflight_data_ingest_v2.py:74} ERROR - Error al obtener events: 404
[2025-01-19T19:58:12.911+0000] {spaceflight_data_ingest_v2.py:74} ERROR - Error al obtener events: 404
[2025-01-19T19:59:07.880+0000] {spaceflight_data_ingest_v2.py:74} ERROR - Error al obtener events: 404
[2025-01-19T20:00:02.625+0000] {spaceflight_data_ingest_v2.py:74} ERROR - Error al obtener events: 404
[2025-01-19T20:00:57.480+0000] {spaceflight_data_ingest_v2.py:74} ERROR - Error al obtener events: 404
[2025-01-19T20:01:52.339+0000] {spaceflight_data_ingest_v2.py:74} ERROR - Error al obtener events: 404
[2025-01-19T20:02:47.221+0000] {spaceflight_data_ingest_v2.py:74} ERROR - Error al obtener events: 404
[2025-01-19T20:03:42.162+0000] {spaceflight_data_ingest_v2.py:74} ERROR - Error al obtener events: 404
[2025-01-19T20:04:36.886+0000] {spaceflight_data_ingest_v2.py:74} ERROR - Error al obtener events: 404
[2025-01-19T20:05:31.620+0000] {spaceflight_data_ingest_v2.py:74} ERROR - Error al obtener events: 404
[2025-01-19T20:06:26.596+0000] {spaceflight_data_ingest_v2.py:74} ERROR - Error al obtener events: 404
[2025-01-19T20:07:21.456+0000] {spaceflight_data_ingest_v2.py:74} ERROR - Error al obtener events: 404
[2025-01-19T20:08:16.319+0000] {spaceflight_data_ingest_v2.py:74} ERROR - Error al obtener events: 404
[2025-01-19T20:09:11.213+0000] {spaceflight_data_ingest_v2.py:74} ERROR - Error al obtener events: 404
[2025-01-19T20:10:06.077+0000] {spaceflight_data_ingest_v2.py:74} ERROR - Error al obtener events: 404
[2025-01-19T20:11:00.934+0000] {spaceflight_data_ingest_v2.py:74} ERROR - Error al obtener events: 404
[2025-01-19T20:11:55.847+0000] {spaceflight_data_ingest_v2.py:74} ERROR - Error al obtener events: 404
[2025-01-19T20:12:50.628+0000] {spaceflight_data_ingest_v2.py:74} ERROR - Error al obtener events: 404
[2025-01-19T20:13:45.569+0000] {spaceflight_data_ingest_v2.py:74} ERROR - Error al obtener events: 404
[2025-01-19T20:14:40.372+0000] {spaceflight_data_ingest_v2.py:74} ERROR - Error al obtener events: 404
[2025-01-19T20:15:35.276+0000] {spaceflight_data_ingest_v2.py:74} ERROR - Error al obtener events: 404
[2025-01-19T20:16:30.142+0000] {spaceflight_data_ingest_v2.py:74} ERROR - Error al obtener events: 404
[2025-01-19T20:17:25.009+0000] {spaceflight_data_ingest_v2.py:74} ERROR - Error al obtener events: 404
[2025-01-19T20:18:19.837+0000] {spaceflight_data_ingest_v2.py:74} ERROR - Error al obtener events: 404
[2025-01-19T20:19:14.691+0000] {spaceflight_data_ingest_v2.py:74} ERROR - Error al obtener events: 404
[2025-01-19T20:20:09.603+0000] {spaceflight_data_ingest_v2.py:74} ERROR - Error al obtener events: 404
[2025-01-19T20:21:04.424+0000] {spaceflight_data_ingest_v2.py:74} ERROR - Error al obtener events: 404
[2025-01-19T20:21:59.322+0000] {spaceflight_data_ingest_v2.py:74} ERROR - Error al obtener events: 404
[2025-01-19T20:22:54.051+0000] {spaceflight_data_ingest_v2.py:74} ERROR - Error al obtener events: 404
[2025-01-19T20:23:48.927+0000] {spaceflight_data_ingest_v2.py:74} ERROR - Error al obtener events: 404
[2025-01-19T20:24:43.810+0000] {spaceflight_data_ingest_v2.py:74} ERROR - Error al obtener events: 404
[2025-01-19T20:25:38.687+0000] {spaceflight_data_ingest_v2.py:74} ERROR - Error al obtener events: 404
[2025-01-19T20:26:33.549+0000] {spaceflight_data_ingest_v2.py:74} ERROR - Error al obtener events: 404
[2025-01-19T20:27:28.422+0000] {spaceflight_data_ingest_v2.py:74} ERROR - Error al obtener events: 404
[2025-01-19T20:28:23.295+0000] {spaceflight_data_ingest_v2.py:74} ERROR - Error al obtener events: 404
[2025-01-19T20:29:18.126+0000] {spaceflight_data_ingest_v2.py:74} ERROR - Error al obtener events: 404
[2025-01-19T20:30:13.001+0000] {spaceflight_data_ingest_v2.py:74} ERROR - Error al obtener events: 404
[2025-01-19T20:31:07.883+0000] {spaceflight_data_ingest_v2.py:74} ERROR - Error al obtener events: 404
[2025-01-19T20:32:02.672+0000] {spaceflight_data_ingest_v2.py:74} ERROR - Error al obtener events: 404
[2025-01-19T20:32:57.547+0000] {spaceflight_data_ingest_v2.py:74} ERROR - Error al obtener events: 404
[2025-01-19T20:33:52.419+0000] {spaceflight_data_ingest_v2.py:74} ERROR - Error al obtener events: 404
[2025-01-19T20:34:47.291+0000] {spaceflight_data_ingest_v2.py:74} ERROR - Error al obtener events: 404
[2025-01-19T20:35:42.183+0000] {spaceflight_data_ingest_v2.py:74} ERROR - Error al obtener events: 404
[2025-01-19T20:36:37.056+0000] {spaceflight_data_ingest_v2.py:74} ERROR - Error al obtener events: 404
[2025-01-19T20:37:31.934+0000] {spaceflight_data_ingest_v2.py:74} ERROR - Error al obtener events: 404
[2025-01-19T20:38:26.791+0000] {spaceflight_data_ingest_v2.py:74} ERROR - Error al obtener events: 404
[2025-01-19T20:39:21.521+0000] {spaceflight_data_ingest_v2.py:74} ERROR - Error al obtener events: 404
[2025-01-19T20:40:16.421+0000] {spaceflight_data_ingest_v2.py:74} ERROR - Error al obtener events: 404
[2025-01-19T20:41:11.293+0000] {spaceflight_data_ingest_v2.py:74} ERROR - Error al obtener events: 404
[2025-01-19T20:42:06.195+0000] {spaceflight_data_ingest_v2.py:74} ERROR - Error al obtener events: 404
[2025-01-19T20:43:01.064+0000] {spaceflight_data_ingest_v2.py:74} ERROR - Error al obtener events: 404
[2025-01-19T20:43:55.893+0000] {spaceflight_data_ingest_v2.py:74} ERROR - Error al obtener events: 404
[2025-01-19T20:44:50.756+0000] {spaceflight_data_ingest_v2.py:74} ERROR - Error al obtener events: 404
[2025-01-19T20:45:45.644+0000] {spaceflight_data_ingest_v2.py:74} ERROR - Error al obtener events: 404
[2025-01-19T20:46:40.505+0000] {spaceflight_data_ingest_v2.py:74} ERROR - Error al obtener events: 404
[2025-01-19T20:47:35.373+0000] {spaceflight_data_ingest_v2.py:74} ERROR - Error al obtener events: 404
[2025-01-19T20:48:30.258+0000] {spaceflight_data_ingest_v2.py:74} ERROR - Error al obtener events: 404
[2025-01-19T20:49:25.022+0000] {spaceflight_data_ingest_v2.py:74} ERROR - Error al obtener events: 404
[2025-01-19T20:50:19.900+0000] {spaceflight_data_ingest_v2.py:74} ERROR - Error al obtener events: 404
[2025-01-19T20:51:14.792+0000] {spaceflight_data_ingest_v2.py:74} ERROR - Error al obtener events: 404
[2025-01-19T20:52:09.674+0000] {spaceflight_data_ingest_v2.py:74} ERROR - Error al obtener events: 404
[2025-01-19T20:53:04.593+0000] {spaceflight_data_ingest_v2.py:74} ERROR - Error al obtener events: 404
[2025-01-19T20:53:59.516+0000] {spaceflight_data_ingest_v2.py:74} ERROR - Error al obtener events: 404
[2025-01-19T20:54:54.401+0000] {spaceflight_data_ingest_v2.py:74} ERROR - Error al obtener events: 404
[2025-01-19T20:55:49.359+0000] {spaceflight_data_ingest_v2.py:74} ERROR - Error al obtener events: 404
[2025-01-19T20:56:44.232+0000] {spaceflight_data_ingest_v2.py:74} ERROR - Error al obtener events: 404
[2025-01-19T20:57:39.156+0000] {spaceflight_data_ingest_v2.py:74} ERROR - Error al obtener events: 404
[2025-01-19T20:58:34.067+0000] {spaceflight_data_ingest_v2.py:74} ERROR - Error al obtener events: 404
[2025-01-19T20:59:28.928+0000] {spaceflight_data_ingest_v2.py:74} ERROR - Error al obtener events: 404
[2025-01-19T21:00:23.810+0000] {spaceflight_data_ingest_v2.py:74} ERROR - Error al obtener events: 404
[2025-01-19T21:01:18.618+0000] {spaceflight_data_ingest_v2.py:74} ERROR - Error al obtener events: 404
[2025-01-19T21:02:14.957+0000] {spaceflight_data_ingest_v2.py:74} ERROR - Error al obtener events: 404
[2025-01-19T21:03:06.271+0000] {spaceflight_data_ingest_v2.py:74} ERROR - Error al obtener events: 404
[2025-01-19T21:04:01.166+0000] {spaceflight_data_ingest_v2.py:74} ERROR - Error al obtener events: 404
[2025-01-19T21:04:56.091+0000] {spaceflight_data_ingest_v2.py:74} ERROR - Error al obtener events: 404
[2025-01-19T21:05:50.990+0000] {spaceflight_data_ingest_v2.py:74} ERROR - Error al obtener events: 404
[2025-01-19T21:06:45.852+0000] {spaceflight_data_ingest_v2.py:74} ERROR - Error al obtener events: 404
[2025-01-19T21:07:40.739+0000] {spaceflight_data_ingest_v2.py:74} ERROR - Error al obtener events: 404
[2025-01-19T21:08:35.652+0000] {spaceflight_data_ingest_v2.py:74} ERROR - Error al obtener events: 404
[2025-01-19T21:09:30.519+0000] {spaceflight_data_ingest_v2.py:74} ERROR - Error al obtener events: 404
[2025-01-19T21:10:25.411+0000] {spaceflight_data_ingest_v2.py:74} ERROR - Error al obtener events: 404
[2025-01-19T21:11:20.140+0000] {spaceflight_data_ingest_v2.py:74} ERROR - Error al obtener events: 404
[2025-01-19T21:12:15.022+0000] {spaceflight_data_ingest_v2.py:74} ERROR - Error al obtener events: 404
[2025-01-19T21:13:09.912+0000] {spaceflight_data_ingest_v2.py:74} ERROR - Error al obtener events: 404
[2025-01-19T21:14:04.838+0000] {spaceflight_data_ingest_v2.py:74} ERROR - Error al obtener events: 404
[2025-01-19T21:14:59.690+0000] {spaceflight_data_ingest_v2.py:74} ERROR - Error al obtener events: 404
[2025-01-19T21:15:54.557+0000] {spaceflight_data_ingest_v2.py:74} ERROR - Error al obtener events: 404
[2025-01-19T21:16:49.427+0000] {spaceflight_data_ingest_v2.py:74} ERROR - Error al obtener events: 404
[2025-01-19T21:17:44.296+0000] {spaceflight_data_ingest_v2.py:74} ERROR - Error al obtener events: 404
[2025-01-19T21:18:39.181+0000] {spaceflight_data_ingest_v2.py:74} ERROR - Error al obtener events: 404
[2025-01-19T21:19:34.051+0000] {spaceflight_data_ingest_v2.py:74} ERROR - Error al obtener events: 404
[2025-01-19T21:20:28.951+0000] {spaceflight_data_ingest_v2.py:74} ERROR - Error al obtener events: 404
[2025-01-19T21:21:23.667+0000] {spaceflight_data_ingest_v2.py:74} ERROR - Error al obtener events: 404
[2025-01-19T21:22:18.529+0000] {spaceflight_data_ingest_v2.py:74} ERROR - Error al obtener events: 404
[2025-01-19T21:23:13.237+0000] {spaceflight_data_ingest_v2.py:74} ERROR - Error al obtener events: 404
[2025-01-19T21:24:08.093+0000] {spaceflight_data_ingest_v2.py:74} ERROR - Error al obtener events: 404
[2025-01-19T21:25:02.969+0000] {spaceflight_data_ingest_v2.py:74} ERROR - Error al obtener events: 404
[2025-01-19T21:25:58.086+0000] {spaceflight_data_ingest_v2.py:74} ERROR - Error al obtener events: 404
[2025-01-19T21:26:52.959+0000] {spaceflight_data_ingest_v2.py:74} ERROR - Error al obtener events: 404
[2025-01-19T21:27:47.837+0000] {spaceflight_data_ingest_v2.py:74} ERROR - Error al obtener events: 404
[2025-01-19T21:28:42.682+0000] {spaceflight_data_ingest_v2.py:74} ERROR - Error al obtener events: 404
[2025-01-19T21:29:37.551+0000] {spaceflight_data_ingest_v2.py:74} ERROR - Error al obtener events: 404
[2025-01-19T21:30:32.440+0000] {spaceflight_data_ingest_v2.py:74} ERROR - Error al obtener events: 404
[2025-01-19T21:31:27.245+0000] {spaceflight_data_ingest_v2.py:74} ERROR - Error al obtener events: 404
[2025-01-19T21:32:22.287+0000] {spaceflight_data_ingest_v2.py:74} ERROR - Error al obtener events: 404
[2025-01-19T21:33:17.174+0000] {spaceflight_data_ingest_v2.py:74} ERROR - Error al obtener events: 404
[2025-01-19T21:34:12.078+0000] {spaceflight_data_ingest_v2.py:74} ERROR - Error al obtener events: 404
[2025-01-19T21:35:06.975+0000] {spaceflight_data_ingest_v2.py:74} ERROR - Error al obtener events: 404
[2025-01-19T21:36:01.860+0000] {spaceflight_data_ingest_v2.py:74} ERROR - Error al obtener events: 404
[2025-01-19T21:36:56.771+0000] {spaceflight_data_ingest_v2.py:74} ERROR - Error al obtener events: 404
[2025-01-19T21:37:51.612+0000] {spaceflight_data_ingest_v2.py:74} ERROR - Error al obtener events: 404
[2025-01-19T21:38:46.554+0000] {spaceflight_data_ingest_v2.py:74} ERROR - Error al obtener events: 404
[2025-01-19T21:39:41.207+0000] {spaceflight_data_ingest_v2.py:74} ERROR - Error al obtener events: 404
[2025-01-19T21:40:36.144+0000] {spaceflight_data_ingest_v2.py:74} ERROR - Error al obtener events: 404
[2025-01-19T21:41:30.929+0000] {spaceflight_data_ingest_v2.py:74} ERROR - Error al obtener events: 404
[2025-01-19T21:42:25.842+0000] {spaceflight_data_ingest_v2.py:74} ERROR - Error al obtener events: 404
[2025-01-19T21:43:20.555+0000] {spaceflight_data_ingest_v2.py:74} ERROR - Error al obtener events: 404
[2025-01-19T21:44:15.356+0000] {spaceflight_data_ingest_v2.py:74} ERROR - Error al obtener events: 404
[2025-01-19T21:45:10.307+0000] {spaceflight_data_ingest_v2.py:74} ERROR - Error al obtener events: 404
[2025-01-19T21:46:05.175+0000] {spaceflight_data_ingest_v2.py:74} ERROR - Error al obtener events: 404
[2025-01-19T21:47:00.074+0000] {spaceflight_data_ingest_v2.py:74} ERROR - Error al obtener events: 404
[2025-01-19T21:47:54.867+0000] {spaceflight_data_ingest_v2.py:74} ERROR - Error al obtener events: 404
[2025-01-19T21:48:49.755+0000] {spaceflight_data_ingest_v2.py:74} ERROR - Error al obtener events: 404
[2025-01-19T21:49:44.445+0000] {spaceflight_data_ingest_v2.py:74} ERROR - Error al obtener events: 404
[2025-01-19T21:50:39.340+0000] {spaceflight_data_ingest_v2.py:74} ERROR - Error al obtener events: 404
[2025-01-19T21:51:34.211+0000] {spaceflight_data_ingest_v2.py:74} ERROR - Error al obtener events: 404
[2025-01-19T21:52:29.019+0000] {spaceflight_data_ingest_v2.py:74} ERROR - Error al obtener events: 404
[2025-01-19T21:53:23.874+0000] {spaceflight_data_ingest_v2.py:74} ERROR - Error al obtener events: 404
[2025-01-19T21:54:18.779+0000] {spaceflight_data_ingest_v2.py:74} ERROR - Error al obtener events: 404
[2025-01-19T21:55:13.584+0000] {spaceflight_data_ingest_v2.py:74} ERROR - Error al obtener events: 404
[2025-01-19T21:56:08.487+0000] {spaceflight_data_ingest_v2.py:74} ERROR - Error al obtener events: 404
[2025-01-19T21:57:03.398+0000] {spaceflight_data_ingest_v2.py:74} ERROR - Error al obtener events: 404
[2025-01-19T21:57:58.282+0000] {spaceflight_data_ingest_v2.py:74} ERROR - Error al obtener events: 404
[2025-01-19T21:58:53.135+0000] {spaceflight_data_ingest_v2.py:74} ERROR - Error al obtener events: 404
[2025-01-19T21:59:48.031+0000] {spaceflight_data_ingest_v2.py:74} ERROR - Error al obtener events: 404
[2025-01-19T22:00:42.785+0000] {spaceflight_data_ingest_v2.py:74} ERROR - Error al obtener events: 404
[2025-01-19T22:01:37.666+0000] {spaceflight_data_ingest_v2.py:74} ERROR - Error al obtener events: 404
[2025-01-19T22:02:32.457+0000] {spaceflight_data_ingest_v2.py:74} ERROR - Error al obtener events: 404
[2025-01-19T22:03:27.207+0000] {spaceflight_data_ingest_v2.py:74} ERROR - Error al obtener events: 404
[2025-01-19T22:04:22.080+0000] {spaceflight_data_ingest_v2.py:74} ERROR - Error al obtener events: 404
[2025-01-19T22:05:16.964+0000] {spaceflight_data_ingest_v2.py:74} ERROR - Error al obtener events: 404
[2025-01-19T22:06:11.838+0000] {spaceflight_data_ingest_v2.py:74} ERROR - Error al obtener events: 404
[2025-01-19T22:07:06.715+0000] {spaceflight_data_ingest_v2.py:74} ERROR - Error al obtener events: 404
[2025-01-19T22:08:01.581+0000] {spaceflight_data_ingest_v2.py:74} ERROR - Error al obtener events: 404
[2025-01-19T22:08:56.588+0000] {spaceflight_data_ingest_v2.py:74} ERROR - Error al obtener events: 404
[2025-01-19T22:09:51.460+0000] {spaceflight_data_ingest_v2.py:74} ERROR - Error al obtener events: 404
[2025-01-19T22:10:46.270+0000] {spaceflight_data_ingest_v2.py:74} ERROR - Error al obtener events: 404
[2025-01-19T22:11:41.161+0000] {spaceflight_data_ingest_v2.py:74} ERROR - Error al obtener events: 404
[2025-01-19T22:12:36.073+0000] {spaceflight_data_ingest_v2.py:74} ERROR - Error al obtener events: 404
[2025-01-19T22:13:30.889+0000] {spaceflight_data_ingest_v2.py:74} ERROR - Error al obtener events: 404
[2025-01-19T22:14:25.656+0000] {spaceflight_data_ingest_v2.py:74} ERROR - Error al obtener events: 404
[2025-01-19T22:15:20.556+0000] {spaceflight_data_ingest_v2.py:74} ERROR - Error al obtener events: 404
[2025-01-19T22:16:15.442+0000] {spaceflight_data_ingest_v2.py:74} ERROR - Error al obtener events: 404
[2025-01-20T13:11:57.146+0000] {local_task_job_runner.py:123} INFO - ::group::Pre task execution logs
[2025-01-20T13:11:57.161+0000] {taskinstance.py:2603} INFO - Dependencies not met for <TaskInstance: spaceflight_data_ingest_v2.fetch_events manual__2025-01-17T22:38:43.399336+00:00 [running]>, dependency 'Task Instance State' FAILED: Task is in the 'running' state.
[2025-01-20T13:11:57.172+0000] {taskinstance.py:2603} INFO - Dependencies not met for <TaskInstance: spaceflight_data_ingest_v2.fetch_events manual__2025-01-17T22:38:43.399336+00:00 [running]>, dependency 'Task Instance Not Running' FAILED: Task is in the running state
[2025-01-20T13:11:57.177+0000] {local_task_job_runner.py:166} INFO - Task is not able to be run
