[2025-01-19T21:50:51.677+0000] {local_task_job_runner.py:123} INFO - ::group::Pre task execution logs
[2025-01-19T21:50:51.695+0000] {taskinstance.py:2613} INFO - Dependencies all met for dep_context=non-requeueable deps ti=<TaskInstance: DAG_AWS_PIPELINE.extract_blogs manual__2025-01-19T21:50:47.062984+00:00 [queued]>
[2025-01-19T21:50:51.890+0000] {taskinstance.py:2613} INFO - Dependencies all met for dep_context=requeueable deps ti=<TaskInstance: DAG_AWS_PIPELINE.extract_blogs manual__2025-01-19T21:50:47.062984+00:00 [queued]>
[2025-01-19T21:50:51.890+0000] {taskinstance.py:2866} INFO - Starting attempt 1 of 2
[2025-01-19T21:50:51.918+0000] {taskinstance.py:2889} INFO - Executing <Task(PythonOperator): extract_blogs> on 2025-01-19 21:50:47.062984+00:00
[2025-01-19T21:50:51.928+0000] {warnings.py:112} WARNING - /home/***/.local/lib/python3.12/site-packages/***/task/task_runner/standard_task_runner.py:70: DeprecationWarning: This process (pid=9665) is multi-threaded, use of fork() may lead to deadlocks in the child.
  pid = os.fork()

[2025-01-19T21:50:51.930+0000] {standard_task_runner.py:72} INFO - Started process 9671 to run task
[2025-01-19T21:50:51.930+0000] {standard_task_runner.py:104} INFO - Running: ['***', 'tasks', 'run', 'DAG_AWS_PIPELINE', 'extract_blogs', 'manual__2025-01-19T21:50:47.062984+00:00', '--job-id', '211', '--raw', '--subdir', 'DAGS_FOLDER/Ingesta_aws.py', '--cfg-path', '/tmp/tmpgjtx421o']
[2025-01-19T21:50:51.930+0000] {standard_task_runner.py:105} INFO - Job 211: Subtask extract_blogs
[2025-01-19T21:50:51.982+0000] {task_command.py:467} INFO - Running <TaskInstance: DAG_AWS_PIPELINE.extract_blogs manual__2025-01-19T21:50:47.062984+00:00 [running]> on host 59ff16f1d4fb
[2025-01-19T21:50:52.077+0000] {taskinstance.py:3132} INFO - Exporting env vars: AIRFLOW_CTX_DAG_OWNER='Wilfrido Rondon' AIRFLOW_CTX_DAG_ID='DAG_AWS_PIPELINE' AIRFLOW_CTX_TASK_ID='extract_blogs' AIRFLOW_CTX_EXECUTION_DATE='2025-01-19T21:50:47.062984+00:00' AIRFLOW_CTX_TRY_NUMBER='1' AIRFLOW_CTX_DAG_RUN_ID='manual__2025-01-19T21:50:47.062984+00:00'
[2025-01-19T21:50:52.078+0000] {logging_mixin.py:190} INFO - Task instance is in running state
[2025-01-19T21:50:52.079+0000] {logging_mixin.py:190} INFO -  Previous state of the Task instance: queued
[2025-01-19T21:50:52.079+0000] {logging_mixin.py:190} INFO - Current task name:extract_blogs state:running start_date:2025-01-19 21:50:51.696200+00:00
[2025-01-19T21:50:52.079+0000] {logging_mixin.py:190} INFO - Dag name:DAG_AWS_PIPELINE and current dag run status:running
[2025-01-19T21:50:52.080+0000] {taskinstance.py:731} INFO - ::endgroup::
[2025-01-19T21:50:52.081+0000] {Ingesta_aws.py:72} INFO - Recuperando página 1...
[2025-01-19T21:50:52.486+0000] {Ingesta_aws.py:82} INFO - Blogs recuperados: 10, total acumulado: 10
[2025-01-19T21:50:52.486+0000] {Ingesta_aws.py:72} INFO - Recuperando página 2...
[2025-01-19T21:50:50.172+0000] {Ingesta_aws.py:82} INFO - Blogs recuperados: 10, total acumulado: 20
[2025-01-19T21:50:50.172+0000] {Ingesta_aws.py:72} INFO - Recuperando página 3...
[2025-01-19T21:50:50.590+0000] {Ingesta_aws.py:82} INFO - Blogs recuperados: 10, total acumulado: 30
[2025-01-19T21:50:50.590+0000] {Ingesta_aws.py:72} INFO - Recuperando página 4...
[2025-01-19T21:50:51.034+0000] {Ingesta_aws.py:82} INFO - Blogs recuperados: 10, total acumulado: 40
[2025-01-19T21:50:51.034+0000] {Ingesta_aws.py:72} INFO - Recuperando página 5...
[2025-01-19T21:50:51.405+0000] {Ingesta_aws.py:82} INFO - Blogs recuperados: 10, total acumulado: 50
[2025-01-19T21:50:51.406+0000] {Ingesta_aws.py:72} INFO - Recuperando página 6...
[2025-01-19T21:50:51.804+0000] {Ingesta_aws.py:82} INFO - Blogs recuperados: 10, total acumulado: 60
[2025-01-19T21:50:51.805+0000] {Ingesta_aws.py:72} INFO - Recuperando página 7...
[2025-01-19T21:50:52.234+0000] {Ingesta_aws.py:82} INFO - Blogs recuperados: 10, total acumulado: 70
[2025-01-19T21:50:52.234+0000] {Ingesta_aws.py:72} INFO - Recuperando página 8...
[2025-01-19T21:50:52.684+0000] {Ingesta_aws.py:82} INFO - Blogs recuperados: 10, total acumulado: 80
[2025-01-19T21:50:52.685+0000] {Ingesta_aws.py:72} INFO - Recuperando página 9...
[2025-01-19T21:50:53.093+0000] {Ingesta_aws.py:82} INFO - Blogs recuperados: 10, total acumulado: 90
[2025-01-19T21:50:53.094+0000] {Ingesta_aws.py:72} INFO - Recuperando página 10...
[2025-01-19T21:50:53.378+0000] {Ingesta_aws.py:82} INFO - Blogs recuperados: 10, total acumulado: 100
[2025-01-19T21:50:53.379+0000] {Ingesta_aws.py:94} INFO - Transformando los datos a CSV...
[2025-01-19T21:50:53.390+0000] {Ingesta_aws.py:101} INFO - CSV guardado temporalmente en: /tmp/blogs.csv
[2025-01-19T21:50:53.391+0000] {python.py:240} INFO - Done. Returned value was: /tmp/blogs.csv
[2025-01-19T21:50:53.420+0000] {taskinstance.py:340} INFO - ::group::Post task execution logs
[2025-01-19T21:50:53.421+0000] {taskinstance.py:352} INFO - Marking task as SUCCESS. dag_id=DAG_AWS_PIPELINE, task_id=extract_blogs, run_id=manual__2025-01-19T21:50:47.062984+00:00, execution_date=20250119T215047, start_date=20250119T215051, end_date=20250119T215053
[2025-01-19T21:50:53.434+0000] {logging_mixin.py:190} INFO - Task instance in success state
[2025-01-19T21:50:53.434+0000] {logging_mixin.py:190} INFO -  Previous state of the Task instance: running
[2025-01-19T21:50:53.434+0000] {logging_mixin.py:190} INFO - Dag name:DAG_AWS_PIPELINE queued_at:2025-01-19 21:50:47.077787+00:00
[2025-01-19T21:50:53.435+0000] {logging_mixin.py:190} INFO - Task hostname:59ff16f1d4fb operator:PythonOperator
[2025-01-19T21:50:53.477+0000] {local_task_job_runner.py:266} INFO - Task exited with return code 0
[2025-01-19T21:50:53.510+0000] {taskinstance.py:3895} INFO - 1 downstream tasks scheduled from follow-on schedule check
[2025-01-19T21:50:53.514+0000] {local_task_job_runner.py:245} INFO - ::endgroup::
