[2025-01-19T16:00:29.497+0000] {local_task_job_runner.py:123} INFO - ::group::Pre task execution logs
[2025-01-19T16:00:29.514+0000] {taskinstance.py:2613} INFO - Dependencies all met for dep_context=non-requeueable deps ti=<TaskInstance: DAG_AWS_PIPELINE.extract_articles manual__2025-01-19T16:00:26.182094+00:00 [queued]>
[2025-01-19T16:00:29.522+0000] {taskinstance.py:2613} INFO - Dependencies all met for dep_context=requeueable deps ti=<TaskInstance: DAG_AWS_PIPELINE.extract_articles manual__2025-01-19T16:00:26.182094+00:00 [queued]>
[2025-01-19T16:00:29.523+0000] {taskinstance.py:2866} INFO - Starting attempt 1 of 2
[2025-01-19T16:00:29.713+0000] {taskinstance.py:2889} INFO - Executing <Task(PythonOperator): extract_articles> on 2025-01-19 16:00:26.182094+00:00
[2025-01-19T16:00:29.722+0000] {warnings.py:112} WARNING - /home/***/.local/lib/python3.12/site-packages/***/task/task_runner/standard_task_runner.py:70: DeprecationWarning: This process (pid=4496) is multi-threaded, use of fork() may lead to deadlocks in the child.
  pid = os.fork()

[2025-01-19T16:00:29.723+0000] {standard_task_runner.py:72} INFO - Started process 4506 to run task
[2025-01-19T16:00:29.723+0000] {standard_task_runner.py:104} INFO - Running: ['***', 'tasks', 'run', 'DAG_AWS_PIPELINE', 'extract_articles', 'manual__2025-01-19T16:00:26.182094+00:00', '--job-id', '174', '--raw', '--subdir', 'DAGS_FOLDER/Ingesta_aws.py', '--cfg-path', '/tmp/tmp2l44s6bh']
[2025-01-19T16:00:29.724+0000] {standard_task_runner.py:105} INFO - Job 174: Subtask extract_articles
[2025-01-19T16:00:29.764+0000] {task_command.py:467} INFO - Running <TaskInstance: DAG_AWS_PIPELINE.extract_articles manual__2025-01-19T16:00:26.182094+00:00 [running]> on host 59ff16f1d4fb
[2025-01-19T16:00:29.852+0000] {taskinstance.py:3132} INFO - Exporting env vars: AIRFLOW_CTX_DAG_OWNER='Wilfrido Rondon' AIRFLOW_CTX_DAG_ID='DAG_AWS_PIPELINE' AIRFLOW_CTX_TASK_ID='extract_articles' AIRFLOW_CTX_EXECUTION_DATE='2025-01-19T16:00:26.182094+00:00' AIRFLOW_CTX_TRY_NUMBER='1' AIRFLOW_CTX_DAG_RUN_ID='manual__2025-01-19T16:00:26.182094+00:00'
[2025-01-19T16:00:29.853+0000] {logging_mixin.py:190} INFO - Task instance is in running state
[2025-01-19T16:00:29.854+0000] {logging_mixin.py:190} INFO -  Previous state of the Task instance: queued
[2025-01-19T16:00:29.854+0000] {logging_mixin.py:190} INFO - Current task name:extract_articles state:running start_date:2025-01-19 16:00:29.515037+00:00
[2025-01-19T16:00:29.854+0000] {logging_mixin.py:190} INFO - Dag name:DAG_AWS_PIPELINE and current dag run status:running
[2025-01-19T16:00:29.854+0000] {taskinstance.py:731} INFO - ::endgroup::
[2025-01-19T16:00:29.855+0000] {Ingesta_aws.py:30} INFO - Recuperando página 1...
[2025-01-19T16:00:30.320+0000] {Ingesta_aws.py:40} INFO - Artículos recuperados: 10, total acumulado: 10
[2025-01-19T16:00:30.320+0000] {Ingesta_aws.py:30} INFO - Recuperando página 2...
[2025-01-19T16:00:30.791+0000] {Ingesta_aws.py:40} INFO - Artículos recuperados: 10, total acumulado: 20
[2025-01-19T16:00:30.791+0000] {Ingesta_aws.py:30} INFO - Recuperando página 3...
[2025-01-19T16:00:31.402+0000] {Ingesta_aws.py:40} INFO - Artículos recuperados: 10, total acumulado: 30
[2025-01-19T16:00:31.402+0000] {Ingesta_aws.py:30} INFO - Recuperando página 4...
[2025-01-19T16:00:32.068+0000] {Ingesta_aws.py:40} INFO - Artículos recuperados: 10, total acumulado: 40
[2025-01-19T16:00:32.068+0000] {Ingesta_aws.py:30} INFO - Recuperando página 5...
[2025-01-19T16:00:32.518+0000] {Ingesta_aws.py:40} INFO - Artículos recuperados: 10, total acumulado: 50
[2025-01-19T16:00:32.519+0000] {Ingesta_aws.py:30} INFO - Recuperando página 6...
[2025-01-19T16:02:11.762+0000] {Ingesta_aws.py:48} ERROR - Error al recuperar los datos. Código de estado: 524
[2025-01-19T16:02:11.763+0000] {Ingesta_aws.py:52} INFO - Transformando los datos a CSV...
[2025-01-19T16:02:11.769+0000] {Ingesta_aws.py:59} INFO - CSV guardado temporalmente en: /tmp/articulos.csv
[2025-01-19T16:02:11.770+0000] {python.py:240} INFO - Done. Returned value was: /tmp/articulos.csv
[2025-01-19T16:02:11.797+0000] {taskinstance.py:340} INFO - ::group::Post task execution logs
[2025-01-19T16:02:11.797+0000] {taskinstance.py:352} INFO - Marking task as SUCCESS. dag_id=DAG_AWS_PIPELINE, task_id=extract_articles, run_id=manual__2025-01-19T16:00:26.182094+00:00, execution_date=20250119T160026, start_date=20250119T160029, end_date=20250119T160211
[2025-01-19T16:02:11.809+0000] {logging_mixin.py:190} INFO - Task instance in success state
[2025-01-19T16:02:11.810+0000] {logging_mixin.py:190} INFO -  Previous state of the Task instance: running
[2025-01-19T16:02:11.810+0000] {logging_mixin.py:190} INFO - Dag name:DAG_AWS_PIPELINE queued_at:2025-01-19 16:00:26.196819+00:00
[2025-01-19T16:02:11.810+0000] {logging_mixin.py:190} INFO - Task hostname:59ff16f1d4fb operator:PythonOperator
[2025-01-19T16:02:11.852+0000] {local_task_job_runner.py:266} INFO - Task exited with return code 0
[2025-01-19T16:02:11.879+0000] {taskinstance.py:3895} INFO - 1 downstream tasks scheduled from follow-on schedule check
[2025-01-19T16:02:11.883+0000] {local_task_job_runner.py:245} INFO - ::endgroup::
