[2025-01-20T19:08:07.385+0000] {local_task_job_runner.py:123} INFO - ::group::Pre task execution logs
[2025-01-20T19:08:07.402+0000] {taskinstance.py:2613} INFO - Dependencies all met for dep_context=non-requeueable deps ti=<TaskInstance: DAG_AWS_PIPELINE.transf_articles manual__2025-01-20T19:07:56.749170+00:00 [queued]>
[2025-01-20T19:08:07.410+0000] {taskinstance.py:2613} INFO - Dependencies all met for dep_context=requeueable deps ti=<TaskInstance: DAG_AWS_PIPELINE.transf_articles manual__2025-01-20T19:07:56.749170+00:00 [queued]>
[2025-01-20T19:08:07.411+0000] {taskinstance.py:2866} INFO - Starting attempt 1 of 2
[2025-01-20T19:08:07.424+0000] {taskinstance.py:2889} INFO - Executing <Task(LocalFilesystemToS3Operator): transf_articles> on 2025-01-20 19:07:56.749170+00:00
[2025-01-20T19:08:07.433+0000] {warnings.py:112} WARNING - /home/***/.local/lib/python3.12/site-packages/***/task/task_runner/standard_task_runner.py:70: DeprecationWarning: This process (pid=5101) is multi-threaded, use of fork() may lead to deadlocks in the child.
  pid = os.fork()

[2025-01-20T19:08:07.434+0000] {standard_task_runner.py:72} INFO - Started process 5105 to run task
[2025-01-20T19:08:07.435+0000] {standard_task_runner.py:104} INFO - Running: ['***', 'tasks', 'run', 'DAG_AWS_PIPELINE', 'transf_articles', 'manual__2025-01-20T19:07:56.749170+00:00', '--job-id', '260', '--raw', '--subdir', 'DAGS_FOLDER/Ingesta_aws.py', '--cfg-path', '/tmp/tmpei560ffh']
[2025-01-20T19:08:07.436+0000] {standard_task_runner.py:105} INFO - Job 260: Subtask transf_articles
[2025-01-20T19:08:07.475+0000] {task_command.py:467} INFO - Running <TaskInstance: DAG_AWS_PIPELINE.transf_articles manual__2025-01-20T19:07:56.749170+00:00 [running]> on host 59ff16f1d4fb
[2025-01-20T19:08:07.557+0000] {taskinstance.py:3132} INFO - Exporting env vars: AIRFLOW_CTX_DAG_OWNER='Wilfrido Rondon' AIRFLOW_CTX_DAG_ID='DAG_AWS_PIPELINE' AIRFLOW_CTX_TASK_ID='transf_articles' AIRFLOW_CTX_EXECUTION_DATE='2025-01-20T19:07:56.749170+00:00' AIRFLOW_CTX_TRY_NUMBER='1' AIRFLOW_CTX_DAG_RUN_ID='manual__2025-01-20T19:07:56.749170+00:00'
[2025-01-20T19:08:07.558+0000] {logging_mixin.py:190} INFO - Task instance is in running state
[2025-01-20T19:08:07.558+0000] {logging_mixin.py:190} INFO -  Previous state of the Task instance: queued
[2025-01-20T19:08:07.558+0000] {logging_mixin.py:190} INFO - Current task name:transf_articles state:running start_date:2025-01-20 19:08:07.402949+00:00
[2025-01-20T19:08:07.558+0000] {logging_mixin.py:190} INFO - Dag name:DAG_AWS_PIPELINE and current dag run status:running
[2025-01-20T19:08:07.559+0000] {taskinstance.py:731} INFO - ::endgroup::
[2025-01-20T19:08:07.569+0000] {base.py:84} INFO - Retrieving connection 'aws_conn'
[2025-01-20T19:08:07.569+0000] {connection_wrapper.py:325} INFO - AWS Connection (conn_id='aws_conn', conn_type='aws') credentials retrieved from login and password.
[2025-01-20T19:08:08.726+0000] {hook.py:208} WARNING - Data lineage tracking is disabled. Register a hook lineage reader to start tracking hook lineage.
[2025-01-20T19:08:08.740+0000] {taskinstance.py:340} INFO - ::group::Post task execution logs
[2025-01-20T19:08:08.740+0000] {taskinstance.py:352} INFO - Marking task as SUCCESS. dag_id=DAG_AWS_PIPELINE, task_id=transf_articles, run_id=manual__2025-01-20T19:07:56.749170+00:00, execution_date=20250120T190756, start_date=20250120T190807, end_date=20250120T190808
[2025-01-20T19:08:08.752+0000] {logging_mixin.py:190} INFO - Task instance in success state
[2025-01-20T19:08:08.753+0000] {logging_mixin.py:190} INFO -  Previous state of the Task instance: running
[2025-01-20T19:08:08.753+0000] {logging_mixin.py:190} INFO - Dag name:DAG_AWS_PIPELINE queued_at:2025-01-20 19:07:56.763149+00:00
[2025-01-20T19:08:08.754+0000] {logging_mixin.py:190} INFO - Task hostname:59ff16f1d4fb operator:LocalFilesystemToS3Operator
[2025-01-20T19:08:08.797+0000] {local_task_job_runner.py:266} INFO - Task exited with return code 0
[2025-01-20T19:08:08.836+0000] {taskinstance.py:3895} INFO - 1 downstream tasks scheduled from follow-on schedule check
[2025-01-20T19:08:08.838+0000] {local_task_job_runner.py:245} INFO - ::endgroup::
