[2025-01-21T00:59:09.807+0000] {local_task_job_runner.py:123} INFO - ::group::Pre task execution logs
[2025-01-21T00:59:09.823+0000] {taskinstance.py:2613} INFO - Dependencies all met for dep_context=non-requeueable deps ti=<TaskInstance: DAG_AWS_PIPELINE.glue_sparkJob manual__2025-01-21T00:56:57.787071+00:00 [queued]>
[2025-01-21T00:59:09.832+0000] {taskinstance.py:2613} INFO - Dependencies all met for dep_context=requeueable deps ti=<TaskInstance: DAG_AWS_PIPELINE.glue_sparkJob manual__2025-01-21T00:56:57.787071+00:00 [queued]>
[2025-01-21T00:59:09.832+0000] {taskinstance.py:2866} INFO - Starting attempt 2 of 2
[2025-01-21T00:59:09.846+0000] {taskinstance.py:2889} INFO - Executing <Task(GlueJobOperator): glue_sparkJob> on 2025-01-21 00:56:57.787071+00:00
[2025-01-21T00:59:09.855+0000] {warnings.py:112} WARNING - /home/***/.local/lib/python3.12/site-packages/***/task/task_runner/standard_task_runner.py:70: DeprecationWarning: This process (pid=3878) is multi-threaded, use of fork() may lead to deadlocks in the child.
  pid = os.fork()

[2025-01-21T00:59:09.856+0000] {standard_task_runner.py:72} INFO - Started process 3880 to run task
[2025-01-21T00:59:09.857+0000] {standard_task_runner.py:104} INFO - Running: ['***', 'tasks', 'run', 'DAG_AWS_PIPELINE', 'glue_sparkJob', 'manual__2025-01-21T00:56:57.787071+00:00', '--job-id', '328', '--raw', '--subdir', 'DAGS_FOLDER/Ingesta_aws.py', '--cfg-path', '/tmp/tmpdu080dts']
[2025-01-21T00:59:09.858+0000] {standard_task_runner.py:105} INFO - Job 328: Subtask glue_sparkJob
[2025-01-21T00:59:09.897+0000] {task_command.py:467} INFO - Running <TaskInstance: DAG_AWS_PIPELINE.glue_sparkJob manual__2025-01-21T00:56:57.787071+00:00 [running]> on host 59ff16f1d4fb
[2025-01-21T00:59:09.976+0000] {taskinstance.py:3132} INFO - Exporting env vars: AIRFLOW_CTX_DAG_OWNER='Wilfrido Rondon' AIRFLOW_CTX_DAG_ID='DAG_AWS_PIPELINE' AIRFLOW_CTX_TASK_ID='glue_sparkJob' AIRFLOW_CTX_EXECUTION_DATE='2025-01-21T00:56:57.787071+00:00' AIRFLOW_CTX_TRY_NUMBER='2' AIRFLOW_CTX_DAG_RUN_ID='manual__2025-01-21T00:56:57.787071+00:00'
[2025-01-21T00:59:09.977+0000] {logging_mixin.py:190} INFO - Task instance is in running state
[2025-01-21T00:59:09.977+0000] {logging_mixin.py:190} INFO -  Previous state of the Task instance: queued
[2025-01-21T00:59:09.977+0000] {logging_mixin.py:190} INFO - Current task name:glue_sparkJob state:running start_date:2025-01-21 00:59:09.823706+00:00
[2025-01-21T00:59:09.978+0000] {logging_mixin.py:190} INFO - Dag name:DAG_AWS_PIPELINE and current dag run status:running
[2025-01-21T00:59:09.978+0000] {taskinstance.py:731} INFO - ::endgroup::
[2025-01-21T00:59:09.978+0000] {glue.py:195} INFO - Initializing AWS Glue Job: JoSpaceFligthV2. Wait for completion: True
[2025-01-21T00:59:09.978+0000] {glue.py:369} INFO - Checking if job already exists: JoSpaceFligthV2
[2025-01-21T00:59:09.987+0000] {base.py:84} INFO - Retrieving connection 'aws_conn'
[2025-01-21T00:59:09.987+0000] {connection_wrapper.py:325} INFO - AWS Connection (conn_id='aws_conn', conn_type='aws') credentials retrieved from login and password.
[2025-01-21T00:59:10.967+0000] {glue.py:216} INFO - You can monitor this Glue Job run at: https://console.aws.amazon.com/gluestudio/home?region=us-east-2#/job/JoSpaceFligthV2/run/jr_fdbb83ab6cc6459f2c5d62c27efa03c6a0e5e927c18568b4248d83f8ded9d4a2
[2025-01-21T00:59:11.069+0000] {glue.py:352} INFO - Polling for AWS Glue Job JoSpaceFligthV2 current run state with status RUNNING
[2025-01-21T00:59:17.185+0000] {glue.py:352} INFO - Polling for AWS Glue Job JoSpaceFligthV2 current run state with status RUNNING
[2025-01-21T00:59:23.304+0000] {glue.py:352} INFO - Polling for AWS Glue Job JoSpaceFligthV2 current run state with status RUNNING
[2025-01-21T00:59:29.412+0000] {glue.py:352} INFO - Polling for AWS Glue Job JoSpaceFligthV2 current run state with status RUNNING
[2025-01-21T00:59:32.822+0000] {glue.py:352} INFO - Polling for AWS Glue Job JoSpaceFligthV2 current run state with status RUNNING
[2025-01-21T00:59:38.936+0000] {glue.py:352} INFO - Polling for AWS Glue Job JoSpaceFligthV2 current run state with status RUNNING
[2025-01-21T00:59:45.053+0000] {glue.py:352} INFO - Polling for AWS Glue Job JoSpaceFligthV2 current run state with status RUNNING
[2025-01-21T00:59:51.165+0000] {glue.py:352} INFO - Polling for AWS Glue Job JoSpaceFligthV2 current run state with status RUNNING
[2025-01-21T00:59:57.279+0000] {glue.py:352} INFO - Polling for AWS Glue Job JoSpaceFligthV2 current run state with status RUNNING
[2025-01-21T01:00:01.067+0000] {glue.py:352} INFO - Polling for AWS Glue Job JoSpaceFligthV2 current run state with status RUNNING
[2025-01-21T01:00:07.189+0000] {glue.py:352} INFO - Polling for AWS Glue Job JoSpaceFligthV2 current run state with status RUNNING
[2025-01-21T01:00:13.307+0000] {glue.py:352} INFO - Polling for AWS Glue Job JoSpaceFligthV2 current run state with status RUNNING
[2025-01-21T01:00:19.429+0000] {glue.py:352} INFO - Polling for AWS Glue Job JoSpaceFligthV2 current run state with status RUNNING
[2025-01-21T01:00:25.535+0000] {glue.py:352} INFO - Polling for AWS Glue Job JoSpaceFligthV2 current run state with status RUNNING
[2025-01-21T01:00:31.804+0000] {glue.py:352} INFO - Polling for AWS Glue Job JoSpaceFligthV2 current run state with status RUNNING
[2025-01-21T01:00:37.928+0000] {glue.py:352} INFO - Polling for AWS Glue Job JoSpaceFligthV2 current run state with status RUNNING
[2025-01-21T01:00:44.040+0000] {glue.py:352} INFO - Polling for AWS Glue Job JoSpaceFligthV2 current run state with status RUNNING
[2025-01-21T01:00:50.189+0000] {glue.py:352} INFO - Polling for AWS Glue Job JoSpaceFligthV2 current run state with status RUNNING
[2025-01-21T01:00:56.286+0000] {glue.py:352} INFO - Polling for AWS Glue Job JoSpaceFligthV2 current run state with status RUNNING
[2025-01-21T01:01:01.126+0000] {glue.py:352} INFO - Polling for AWS Glue Job JoSpaceFligthV2 current run state with status RUNNING
[2025-01-21T01:01:07.229+0000] {glue.py:352} INFO - Polling for AWS Glue Job JoSpaceFligthV2 current run state with status RUNNING
[2025-01-21T01:01:13.325+0000] {glue.py:352} INFO - Polling for AWS Glue Job JoSpaceFligthV2 current run state with status RUNNING
[2025-01-21T01:01:19.440+0000] {glue.py:352} INFO - Polling for AWS Glue Job JoSpaceFligthV2 current run state with status RUNNING
[2025-01-21T01:01:25.545+0000] {glue.py:352} INFO - Polling for AWS Glue Job JoSpaceFligthV2 current run state with status RUNNING
[2025-01-21T01:01:30.875+0000] {glue.py:352} INFO - Polling for AWS Glue Job JoSpaceFligthV2 current run state with status RUNNING
[2025-01-21T01:01:36.958+0000] {glue.py:352} INFO - Polling for AWS Glue Job JoSpaceFligthV2 current run state with status RUNNING
[2025-01-21T01:01:43.066+0000] {glue.py:352} INFO - Polling for AWS Glue Job JoSpaceFligthV2 current run state with status RUNNING
[2025-01-21T01:01:49.145+0000] {glue.py:345} INFO - Exiting Job jr_fdbb83ab6cc6459f2c5d62c27efa03c6a0e5e927c18568b4248d83f8ded9d4a2 Run State: SUCCEEDED
[2025-01-21T01:01:49.146+0000] {glue.py:233} INFO - AWS Glue Job: JoSpaceFligthV2 status: SUCCEEDED. Run Id: jr_fdbb83ab6cc6459f2c5d62c27efa03c6a0e5e927c18568b4248d83f8ded9d4a2
[2025-01-21T01:01:49.169+0000] {taskinstance.py:340} INFO - ::group::Post task execution logs
[2025-01-21T01:01:49.170+0000] {taskinstance.py:352} INFO - Marking task as SUCCESS. dag_id=DAG_AWS_PIPELINE, task_id=glue_sparkJob, run_id=manual__2025-01-21T00:56:57.787071+00:00, execution_date=20250121T005657, start_date=20250121T005909, end_date=20250121T010149
[2025-01-21T01:01:49.182+0000] {logging_mixin.py:190} INFO - Task instance in success state
[2025-01-21T01:01:49.182+0000] {logging_mixin.py:190} INFO -  Previous state of the Task instance: running
[2025-01-21T01:01:49.182+0000] {logging_mixin.py:190} INFO - Dag name:DAG_AWS_PIPELINE queued_at:2025-01-21 00:56:57.801244+00:00
[2025-01-21T01:01:49.182+0000] {logging_mixin.py:190} INFO - Task hostname:59ff16f1d4fb operator:GlueJobOperator
[2025-01-21T01:01:49.210+0000] {local_task_job_runner.py:266} INFO - Task exited with return code 0
[2025-01-21T01:01:49.236+0000] {taskinstance.py:3895} INFO - 1 downstream tasks scheduled from follow-on schedule check
[2025-01-21T01:01:49.239+0000] {local_task_job_runner.py:245} INFO - ::endgroup::
