[2025-01-19T16:03:15.159+0000] {local_task_job_runner.py:123} INFO - ::group::Pre task execution logs
[2025-01-19T16:03:15.177+0000] {taskinstance.py:2613} INFO - Dependencies all met for dep_context=non-requeueable deps ti=<TaskInstance: DAG_AWS_PIPELINE.extract_blogs manual__2025-01-19T16:00:45.201533+00:00 [queued]>
[2025-01-19T16:03:15.191+0000] {taskinstance.py:2613} INFO - Dependencies all met for dep_context=requeueable deps ti=<TaskInstance: DAG_AWS_PIPELINE.extract_blogs manual__2025-01-19T16:00:45.201533+00:00 [queued]>
[2025-01-19T16:03:15.191+0000] {taskinstance.py:2866} INFO - Starting attempt 2 of 2
[2025-01-19T16:03:15.404+0000] {taskinstance.py:2889} INFO - Executing <Task(PythonOperator): extract_blogs> on 2025-01-19 16:00:45.201533+00:00
[2025-01-19T16:03:15.412+0000] {warnings.py:112} WARNING - /home/***/.local/lib/python3.12/site-packages/***/task/task_runner/standard_task_runner.py:70: DeprecationWarning: This process (pid=4604) is multi-threaded, use of fork() may lead to deadlocks in the child.
  pid = os.fork()

[2025-01-19T16:03:15.414+0000] {standard_task_runner.py:72} INFO - Started process 4617 to run task
[2025-01-19T16:03:15.415+0000] {standard_task_runner.py:104} INFO - Running: ['***', 'tasks', 'run', 'DAG_AWS_PIPELINE', 'extract_blogs', 'manual__2025-01-19T16:00:45.201533+00:00', '--job-id', '187', '--raw', '--subdir', 'DAGS_FOLDER/Ingesta_aws.py', '--cfg-path', '/tmp/tmphmi8_q5u']
[2025-01-19T16:03:15.416+0000] {standard_task_runner.py:105} INFO - Job 187: Subtask extract_blogs
[2025-01-19T16:03:15.465+0000] {task_command.py:467} INFO - Running <TaskInstance: DAG_AWS_PIPELINE.extract_blogs manual__2025-01-19T16:00:45.201533+00:00 [running]> on host 59ff16f1d4fb
[2025-01-19T16:03:15.555+0000] {taskinstance.py:3132} INFO - Exporting env vars: AIRFLOW_CTX_DAG_OWNER='Wilfrido Rondon' AIRFLOW_CTX_DAG_ID='DAG_AWS_PIPELINE' AIRFLOW_CTX_TASK_ID='extract_blogs' AIRFLOW_CTX_EXECUTION_DATE='2025-01-19T16:00:45.201533+00:00' AIRFLOW_CTX_TRY_NUMBER='2' AIRFLOW_CTX_DAG_RUN_ID='manual__2025-01-19T16:00:45.201533+00:00'
[2025-01-19T16:03:15.556+0000] {logging_mixin.py:190} INFO - Task instance is in running state
[2025-01-19T16:03:15.557+0000] {logging_mixin.py:190} INFO -  Previous state of the Task instance: queued
[2025-01-19T16:03:15.557+0000] {logging_mixin.py:190} INFO - Current task name:extract_blogs state:running start_date:2025-01-19 16:03:15.178367+00:00
[2025-01-19T16:03:15.557+0000] {logging_mixin.py:190} INFO - Dag name:DAG_AWS_PIPELINE and current dag run status:running
[2025-01-19T16:03:15.557+0000] {taskinstance.py:731} INFO - ::endgroup::
[2025-01-19T16:03:15.558+0000] {Ingesta_aws.py:71} INFO - Recuperando página 1...
[2025-01-19T16:03:15.809+0000] {Ingesta_aws.py:81} INFO - Blogs recuperados: 10, total acumulado: 10
[2025-01-19T16:03:15.809+0000] {Ingesta_aws.py:71} INFO - Recuperando página 2...
[2025-01-19T16:03:16.252+0000] {Ingesta_aws.py:81} INFO - Blogs recuperados: 10, total acumulado: 20
[2025-01-19T16:03:16.253+0000] {Ingesta_aws.py:71} INFO - Recuperando página 3...
[2025-01-19T16:03:16.692+0000] {Ingesta_aws.py:81} INFO - Blogs recuperados: 10, total acumulado: 30
[2025-01-19T16:03:16.692+0000] {Ingesta_aws.py:71} INFO - Recuperando página 4...
[2025-01-19T16:03:16.997+0000] {Ingesta_aws.py:81} INFO - Blogs recuperados: 10, total acumulado: 40
[2025-01-19T16:03:16.997+0000] {Ingesta_aws.py:71} INFO - Recuperando página 5...
[2025-01-19T16:03:17.387+0000] {Ingesta_aws.py:81} INFO - Blogs recuperados: 10, total acumulado: 50
[2025-01-19T16:03:17.387+0000] {Ingesta_aws.py:71} INFO - Recuperando página 6...
[2025-01-19T16:03:17.704+0000] {Ingesta_aws.py:81} INFO - Blogs recuperados: 10, total acumulado: 60
[2025-01-19T16:03:17.704+0000] {Ingesta_aws.py:71} INFO - Recuperando página 7...
[2025-01-19T16:03:17.960+0000] {Ingesta_aws.py:81} INFO - Blogs recuperados: 10, total acumulado: 70
[2025-01-19T16:03:17.961+0000] {Ingesta_aws.py:71} INFO - Recuperando página 8...
[2025-01-19T16:03:18.502+0000] {Ingesta_aws.py:81} INFO - Blogs recuperados: 10, total acumulado: 80
[2025-01-19T16:03:18.502+0000] {Ingesta_aws.py:71} INFO - Recuperando página 9...
[2025-01-19T16:03:19.524+0000] {Ingesta_aws.py:81} INFO - Blogs recuperados: 10, total acumulado: 90
[2025-01-19T16:03:19.524+0000] {Ingesta_aws.py:71} INFO - Recuperando página 10...
[2025-01-19T16:03:20.043+0000] {Ingesta_aws.py:81} INFO - Blogs recuperados: 10, total acumulado: 100
[2025-01-19T16:03:20.043+0000] {Ingesta_aws.py:93} INFO - Transformando los datos a CSV...
[2025-01-19T16:03:20.054+0000] {Ingesta_aws.py:100} INFO - CSV guardado temporalmente en: /tmp/blogs.csv
[2025-01-19T16:03:20.055+0000] {python.py:240} INFO - Done. Returned value was: /tmp/blogs.csv
[2025-01-19T16:03:20.091+0000] {taskinstance.py:340} INFO - ::group::Post task execution logs
[2025-01-19T16:03:20.091+0000] {taskinstance.py:352} INFO - Marking task as SUCCESS. dag_id=DAG_AWS_PIPELINE, task_id=extract_blogs, run_id=manual__2025-01-19T16:00:45.201533+00:00, execution_date=20250119T160045, start_date=20250119T160315, end_date=20250119T160320
[2025-01-19T16:03:20.110+0000] {logging_mixin.py:190} INFO - Task instance in success state
[2025-01-19T16:03:20.110+0000] {logging_mixin.py:190} INFO -  Previous state of the Task instance: running
[2025-01-19T16:03:20.111+0000] {logging_mixin.py:190} INFO - Dag name:DAG_AWS_PIPELINE queued_at:2025-01-19 16:00:45.210366+00:00
[2025-01-19T16:03:20.111+0000] {logging_mixin.py:190} INFO - Task hostname:59ff16f1d4fb operator:PythonOperator
[2025-01-19T16:03:20.148+0000] {local_task_job_runner.py:266} INFO - Task exited with return code 0
[2025-01-19T16:03:20.184+0000] {taskinstance.py:3895} INFO - 1 downstream tasks scheduled from follow-on schedule check
[2025-01-19T16:03:20.188+0000] {local_task_job_runner.py:245} INFO - ::endgroup::
