[2025-01-21T14:21:12.597+0000] {local_task_job_runner.py:123} INFO - ::group::Pre task execution logs
[2025-01-21T14:21:12.613+0000] {taskinstance.py:2613} INFO - Dependencies all met for dep_context=non-requeueable deps ti=<TaskInstance: DAG_AWS_PIPELINE.extract_blogs manual__2025-01-21T14:21:09.316245+00:00 [queued]>
[2025-01-21T14:21:12.624+0000] {taskinstance.py:2613} INFO - Dependencies all met for dep_context=requeueable deps ti=<TaskInstance: DAG_AWS_PIPELINE.extract_blogs manual__2025-01-21T14:21:09.316245+00:00 [queued]>
[2025-01-21T14:21:12.624+0000] {taskinstance.py:2866} INFO - Starting attempt 1 of 2
[2025-01-21T14:21:12.637+0000] {taskinstance.py:2889} INFO - Executing <Task(PythonOperator): extract_blogs> on 2025-01-21 14:21:09.316245+00:00
[2025-01-21T14:21:12.645+0000] {warnings.py:112} WARNING - /home/***/.local/lib/python3.12/site-packages/***/task/task_runner/standard_task_runner.py:70: DeprecationWarning: This process (pid=271) is multi-threaded, use of fork() may lead to deadlocks in the child.
  pid = os.fork()

[2025-01-21T14:21:12.646+0000] {standard_task_runner.py:72} INFO - Started process 279 to run task
[2025-01-21T14:21:12.646+0000] {standard_task_runner.py:104} INFO - Running: ['***', 'tasks', 'run', 'DAG_AWS_PIPELINE', 'extract_blogs', 'manual__2025-01-21T14:21:09.316245+00:00', '--job-id', '353', '--raw', '--subdir', 'DAGS_FOLDER/Ingesta_aws.py', '--cfg-path', '/tmp/tmpzrj_8f71']
[2025-01-21T14:21:12.647+0000] {standard_task_runner.py:105} INFO - Job 353: Subtask extract_blogs
[2025-01-21T14:21:12.692+0000] {task_command.py:467} INFO - Running <TaskInstance: DAG_AWS_PIPELINE.extract_blogs manual__2025-01-21T14:21:09.316245+00:00 [running]> on host 59ff16f1d4fb
[2025-01-21T14:21:12.787+0000] {taskinstance.py:3132} INFO - Exporting env vars: AIRFLOW_CTX_DAG_OWNER='Wilfrido Rondon' AIRFLOW_CTX_DAG_ID='DAG_AWS_PIPELINE' AIRFLOW_CTX_TASK_ID='extract_blogs' AIRFLOW_CTX_EXECUTION_DATE='2025-01-21T14:21:09.316245+00:00' AIRFLOW_CTX_TRY_NUMBER='1' AIRFLOW_CTX_DAG_RUN_ID='manual__2025-01-21T14:21:09.316245+00:00'
[2025-01-21T14:21:12.788+0000] {logging_mixin.py:190} INFO - Task instance is in running state
[2025-01-21T14:21:12.788+0000] {logging_mixin.py:190} INFO -  Previous state of the Task instance: queued
[2025-01-21T14:21:12.789+0000] {logging_mixin.py:190} INFO - Current task name:extract_blogs state:running start_date:2025-01-21 14:21:12.614631+00:00
[2025-01-21T14:21:12.789+0000] {logging_mixin.py:190} INFO - Dag name:DAG_AWS_PIPELINE and current dag run status:running
[2025-01-21T14:21:12.789+0000] {taskinstance.py:731} INFO - ::endgroup::
[2025-01-21T14:21:12.789+0000] {Ingesta_aws.py:75} INFO - Recuperando página 1...
[2025-01-21T14:21:13.347+0000] {Ingesta_aws.py:85} INFO - Blogs recuperados: 10, total acumulado: 10
[2025-01-21T14:21:13.347+0000] {Ingesta_aws.py:75} INFO - Recuperando página 2...
[2025-01-21T14:21:13.867+0000] {Ingesta_aws.py:85} INFO - Blogs recuperados: 10, total acumulado: 20
[2025-01-21T14:21:13.868+0000] {Ingesta_aws.py:75} INFO - Recuperando página 3...
[2025-01-21T14:21:14.030+0000] {Ingesta_aws.py:90} WARNING - Rate limit alcanzado. Esperando 60 segundos...
[2025-01-21T14:22:14.007+0000] {Ingesta_aws.py:75} INFO - Recuperando página 3...
[2025-01-21T14:22:14.472+0000] {Ingesta_aws.py:85} INFO - Blogs recuperados: 10, total acumulado: 30
[2025-01-21T14:22:14.472+0000] {Ingesta_aws.py:75} INFO - Recuperando página 4...
[2025-01-21T14:22:14.763+0000] {Ingesta_aws.py:90} WARNING - Rate limit alcanzado. Esperando 60 segundos...
[2025-01-21T14:23:14.744+0000] {Ingesta_aws.py:75} INFO - Recuperando página 4...
[2025-01-21T14:23:15.119+0000] {Ingesta_aws.py:85} INFO - Blogs recuperados: 10, total acumulado: 40
[2025-01-21T14:23:15.119+0000] {Ingesta_aws.py:75} INFO - Recuperando página 5...
[2025-01-21T14:23:15.578+0000] {Ingesta_aws.py:85} INFO - Blogs recuperados: 10, total acumulado: 50
[2025-01-21T14:23:15.578+0000] {Ingesta_aws.py:75} INFO - Recuperando página 6...
[2025-01-21T14:23:15.869+0000] {Ingesta_aws.py:90} WARNING - Rate limit alcanzado. Esperando 60 segundos...
[2025-01-21T14:24:15.853+0000] {Ingesta_aws.py:75} INFO - Recuperando página 6...
[2025-01-21T14:24:16.276+0000] {Ingesta_aws.py:85} INFO - Blogs recuperados: 10, total acumulado: 60
[2025-01-21T14:24:16.276+0000] {Ingesta_aws.py:75} INFO - Recuperando página 7...
[2025-01-21T14:24:16.611+0000] {Ingesta_aws.py:85} INFO - Blogs recuperados: 10, total acumulado: 70
[2025-01-21T14:24:16.612+0000] {Ingesta_aws.py:75} INFO - Recuperando página 8...
[2025-01-21T14:24:17.046+0000] {Ingesta_aws.py:85} INFO - Blogs recuperados: 10, total acumulado: 80
[2025-01-21T14:24:17.047+0000] {Ingesta_aws.py:75} INFO - Recuperando página 9...
[2025-01-21T14:24:17.473+0000] {Ingesta_aws.py:85} INFO - Blogs recuperados: 10, total acumulado: 90
[2025-01-21T14:24:17.474+0000] {Ingesta_aws.py:75} INFO - Recuperando página 10...
[2025-01-21T14:24:17.884+0000] {Ingesta_aws.py:85} INFO - Blogs recuperados: 10, total acumulado: 100
[2025-01-21T14:24:17.884+0000] {Ingesta_aws.py:97} INFO - Transformando los datos a CSV...
[2025-01-21T14:24:17.893+0000] {Ingesta_aws.py:104} INFO - CSV guardado temporalmente en: /tmp/blogs.csv
[2025-01-21T14:24:17.894+0000] {python.py:240} INFO - Done. Returned value was: /tmp/blogs.csv
[2025-01-21T14:24:17.917+0000] {taskinstance.py:340} INFO - ::group::Post task execution logs
[2025-01-21T14:24:17.917+0000] {taskinstance.py:352} INFO - Marking task as SUCCESS. dag_id=DAG_AWS_PIPELINE, task_id=extract_blogs, run_id=manual__2025-01-21T14:21:09.316245+00:00, execution_date=20250121T142109, start_date=20250121T142112, end_date=20250121T142417
[2025-01-21T14:24:17.929+0000] {logging_mixin.py:190} INFO - Task instance in success state
[2025-01-21T14:24:17.929+0000] {logging_mixin.py:190} INFO -  Previous state of the Task instance: running
[2025-01-21T14:24:17.930+0000] {logging_mixin.py:190} INFO - Dag name:DAG_AWS_PIPELINE queued_at:2025-01-21 14:21:09.479395+00:00
[2025-01-21T14:24:17.930+0000] {logging_mixin.py:190} INFO - Task hostname:59ff16f1d4fb operator:PythonOperator
[2025-01-21T14:24:17.961+0000] {local_task_job_runner.py:266} INFO - Task exited with return code 0
[2025-01-21T14:24:17.987+0000] {taskinstance.py:3895} INFO - 1 downstream tasks scheduled from follow-on schedule check
[2025-01-21T14:24:17.990+0000] {local_task_job_runner.py:245} INFO - ::endgroup::
