[2025-01-19T16:26:05.208+0000] {local_task_job_runner.py:123} INFO - ::group::Pre task execution logs
[2025-01-19T16:26:05.226+0000] {taskinstance.py:2613} INFO - Dependencies all met for dep_context=non-requeueable deps ti=<TaskInstance: DAG_AWS_PIPELINE.extract_articles manual__2025-01-19T16:26:01.949950+00:00 [queued]>
[2025-01-19T16:26:05.238+0000] {taskinstance.py:2613} INFO - Dependencies all met for dep_context=requeueable deps ti=<TaskInstance: DAG_AWS_PIPELINE.extract_articles manual__2025-01-19T16:26:01.949950+00:00 [queued]>
[2025-01-19T16:26:05.238+0000] {taskinstance.py:2866} INFO - Starting attempt 1 of 2
[2025-01-19T16:26:05.465+0000] {taskinstance.py:2889} INFO - Executing <Task(PythonOperator): extract_articles> on 2025-01-19 16:26:01.949950+00:00
[2025-01-19T16:26:05.475+0000] {warnings.py:112} WARNING - /home/***/.local/lib/python3.12/site-packages/***/task/task_runner/standard_task_runner.py:70: DeprecationWarning: This process (pid=4996) is multi-threaded, use of fork() may lead to deadlocks in the child.
  pid = os.fork()

[2025-01-19T16:26:05.477+0000] {standard_task_runner.py:72} INFO - Started process 5004 to run task
[2025-01-19T16:26:05.477+0000] {standard_task_runner.py:104} INFO - Running: ['***', 'tasks', 'run', 'DAG_AWS_PIPELINE', 'extract_articles', 'manual__2025-01-19T16:26:01.949950+00:00', '--job-id', '201', '--raw', '--subdir', 'DAGS_FOLDER/Ingesta_aws.py', '--cfg-path', '/tmp/tmpqcn1ylog']
[2025-01-19T16:26:05.478+0000] {standard_task_runner.py:105} INFO - Job 201: Subtask extract_articles
[2025-01-19T16:26:05.526+0000] {task_command.py:467} INFO - Running <TaskInstance: DAG_AWS_PIPELINE.extract_articles manual__2025-01-19T16:26:01.949950+00:00 [running]> on host 59ff16f1d4fb
[2025-01-19T16:26:05.631+0000] {taskinstance.py:3132} INFO - Exporting env vars: AIRFLOW_CTX_DAG_OWNER='Wilfrido Rondon' AIRFLOW_CTX_DAG_ID='DAG_AWS_PIPELINE' AIRFLOW_CTX_TASK_ID='extract_articles' AIRFLOW_CTX_EXECUTION_DATE='2025-01-19T16:26:01.949950+00:00' AIRFLOW_CTX_TRY_NUMBER='1' AIRFLOW_CTX_DAG_RUN_ID='manual__2025-01-19T16:26:01.949950+00:00'
[2025-01-19T16:26:05.632+0000] {logging_mixin.py:190} INFO - Task instance is in running state
[2025-01-19T16:26:05.633+0000] {logging_mixin.py:190} INFO -  Previous state of the Task instance: queued
[2025-01-19T16:26:05.633+0000] {logging_mixin.py:190} INFO - Current task name:extract_articles state:running start_date:2025-01-19 16:26:05.227364+00:00
[2025-01-19T16:26:05.633+0000] {logging_mixin.py:190} INFO - Dag name:DAG_AWS_PIPELINE and current dag run status:running
[2025-01-19T16:26:05.633+0000] {taskinstance.py:731} INFO - ::endgroup::
[2025-01-19T16:26:05.634+0000] {Ingesta_aws.py:30} INFO - Recuperando página 1...
[2025-01-19T16:26:06.242+0000] {Ingesta_aws.py:40} INFO - Artículos recuperados: 10, total acumulado: 10
[2025-01-19T16:26:06.242+0000] {Ingesta_aws.py:30} INFO - Recuperando página 2...
[2025-01-19T16:26:06.658+0000] {Ingesta_aws.py:40} INFO - Artículos recuperados: 10, total acumulado: 20
[2025-01-19T16:26:06.658+0000] {Ingesta_aws.py:30} INFO - Recuperando página 3...
[2025-01-19T16:26:08.437+0000] {Ingesta_aws.py:40} INFO - Artículos recuperados: 10, total acumulado: 30
[2025-01-19T16:26:08.438+0000] {Ingesta_aws.py:30} INFO - Recuperando página 4...
[2025-01-19T16:26:09.616+0000] {Ingesta_aws.py:40} INFO - Artículos recuperados: 10, total acumulado: 40
[2025-01-19T16:26:09.617+0000] {Ingesta_aws.py:30} INFO - Recuperando página 5...
[2025-01-19T16:26:10.081+0000] {Ingesta_aws.py:40} INFO - Artículos recuperados: 10, total acumulado: 50
[2025-01-19T16:26:10.082+0000] {Ingesta_aws.py:30} INFO - Recuperando página 6...
[2025-01-19T16:26:10.611+0000] {Ingesta_aws.py:40} INFO - Artículos recuperados: 10, total acumulado: 60
[2025-01-19T16:26:10.611+0000] {Ingesta_aws.py:30} INFO - Recuperando página 7...
[2025-01-19T16:26:11.057+0000] {Ingesta_aws.py:40} INFO - Artículos recuperados: 10, total acumulado: 70
[2025-01-19T16:26:11.057+0000] {Ingesta_aws.py:30} INFO - Recuperando página 8...
[2025-01-19T16:26:11.556+0000] {Ingesta_aws.py:40} INFO - Artículos recuperados: 10, total acumulado: 80
[2025-01-19T16:26:11.556+0000] {Ingesta_aws.py:30} INFO - Recuperando página 9...
[2025-01-19T16:26:11.994+0000] {Ingesta_aws.py:40} INFO - Artículos recuperados: 10, total acumulado: 90
[2025-01-19T16:26:11.995+0000] {Ingesta_aws.py:30} INFO - Recuperando página 10...
[2025-01-19T16:26:12.484+0000] {Ingesta_aws.py:40} INFO - Artículos recuperados: 10, total acumulado: 100
[2025-01-19T16:26:12.484+0000] {Ingesta_aws.py:52} INFO - Transformando los datos a CSV...
[2025-01-19T16:26:12.490+0000] {Ingesta_aws.py:59} INFO - CSV guardado temporalmente en: /tmp/articulos.csv
[2025-01-19T16:26:12.491+0000] {python.py:240} INFO - Done. Returned value was: /tmp/articulos.csv
[2025-01-19T16:26:12.514+0000] {taskinstance.py:340} INFO - ::group::Post task execution logs
[2025-01-19T16:26:12.515+0000] {taskinstance.py:352} INFO - Marking task as SUCCESS. dag_id=DAG_AWS_PIPELINE, task_id=extract_articles, run_id=manual__2025-01-19T16:26:01.949950+00:00, execution_date=20250119T162601, start_date=20250119T162605, end_date=20250119T162612
[2025-01-19T16:26:12.527+0000] {logging_mixin.py:190} INFO - Task instance in success state
[2025-01-19T16:26:12.527+0000] {logging_mixin.py:190} INFO -  Previous state of the Task instance: running
[2025-01-19T16:26:12.528+0000] {logging_mixin.py:190} INFO - Dag name:DAG_AWS_PIPELINE queued_at:2025-01-19 16:26:01.958530+00:00
[2025-01-19T16:26:12.528+0000] {logging_mixin.py:190} INFO - Task hostname:59ff16f1d4fb operator:PythonOperator
[2025-01-19T16:26:12.559+0000] {local_task_job_runner.py:266} INFO - Task exited with return code 0
[2025-01-19T16:26:12.585+0000] {taskinstance.py:3895} INFO - 1 downstream tasks scheduled from follow-on schedule check
[2025-01-19T16:26:12.588+0000] {local_task_job_runner.py:245} INFO - ::endgroup::
