[2025-01-18T00:00:12.176+0000] {processor.py:186} INFO - Started process (PID=17357) to work on /home/airflow/.local/lib/python3.12/site-packages/airflow/example_dags/example_sla_dag.py
[2025-01-18T00:00:12.177+0000] {processor.py:914} INFO - Processing file /home/airflow/.local/lib/python3.12/site-packages/airflow/example_dags/example_sla_dag.py for tasks to queue
[2025-01-18T00:00:12.179+0000] {logging_mixin.py:190} INFO - [2025-01-18T00:00:12.178+0000] {dagbag.py:588} INFO - Filling up the DagBag from /home/airflow/.local/lib/python3.12/site-packages/airflow/example_dags/example_sla_dag.py
[2025-01-18T00:00:12.190+0000] {processor.py:925} INFO - DAG(s) 'example_sla_dag' retrieved from /home/airflow/.local/lib/python3.12/site-packages/airflow/example_dags/example_sla_dag.py
[2025-01-18T00:00:12.213+0000] {logging_mixin.py:190} INFO - [2025-01-18T00:00:12.213+0000] {dag.py:3239} INFO - Sync 1 DAGs
[2025-01-18T00:00:12.246+0000] {logging_mixin.py:190} INFO - [2025-01-18T00:00:12.246+0000] {dag.py:4180} INFO - Setting next_dagrun for example_sla_dag to 2025-01-17 23:58:00+00:00, run_after=2025-01-18 00:00:00+00:00
[2025-01-18T00:00:12.270+0000] {processor.py:208} INFO - Processing /home/airflow/.local/lib/python3.12/site-packages/airflow/example_dags/example_sla_dag.py took 0.099 seconds
[2025-01-18T00:00:42.409+0000] {processor.py:186} INFO - Started process (PID=17424) to work on /home/airflow/.local/lib/python3.12/site-packages/airflow/example_dags/example_sla_dag.py
[2025-01-18T00:00:42.410+0000] {processor.py:914} INFO - Processing file /home/airflow/.local/lib/python3.12/site-packages/airflow/example_dags/example_sla_dag.py for tasks to queue
[2025-01-18T00:00:42.416+0000] {logging_mixin.py:190} INFO - [2025-01-18T00:00:42.415+0000] {dagbag.py:588} INFO - Filling up the DagBag from /home/airflow/.local/lib/python3.12/site-packages/airflow/example_dags/example_sla_dag.py
[2025-01-18T00:00:42.430+0000] {processor.py:925} INFO - DAG(s) 'example_sla_dag' retrieved from /home/airflow/.local/lib/python3.12/site-packages/airflow/example_dags/example_sla_dag.py
[2025-01-18T00:00:42.459+0000] {logging_mixin.py:190} INFO - [2025-01-18T00:00:42.458+0000] {dag.py:3239} INFO - Sync 1 DAGs
[2025-01-18T00:00:42.495+0000] {logging_mixin.py:190} INFO - [2025-01-18T00:00:42.495+0000] {dag.py:4180} INFO - Setting next_dagrun for example_sla_dag to 2025-01-17 23:58:00+00:00, run_after=2025-01-18 00:00:00+00:00
[2025-01-18T00:00:42.519+0000] {processor.py:208} INFO - Processing /home/airflow/.local/lib/python3.12/site-packages/airflow/example_dags/example_sla_dag.py took 0.119 seconds
[2025-01-18T00:01:13.068+0000] {processor.py:186} INFO - Started process (PID=17491) to work on /home/airflow/.local/lib/python3.12/site-packages/airflow/example_dags/example_sla_dag.py
[2025-01-18T00:01:13.069+0000] {processor.py:914} INFO - Processing file /home/airflow/.local/lib/python3.12/site-packages/airflow/example_dags/example_sla_dag.py for tasks to queue
[2025-01-18T00:01:13.072+0000] {logging_mixin.py:190} INFO - [2025-01-18T00:01:13.071+0000] {dagbag.py:588} INFO - Filling up the DagBag from /home/airflow/.local/lib/python3.12/site-packages/airflow/example_dags/example_sla_dag.py
[2025-01-18T00:01:13.083+0000] {processor.py:925} INFO - DAG(s) 'example_sla_dag' retrieved from /home/airflow/.local/lib/python3.12/site-packages/airflow/example_dags/example_sla_dag.py
[2025-01-18T00:01:13.105+0000] {logging_mixin.py:190} INFO - [2025-01-18T00:01:13.105+0000] {dag.py:3239} INFO - Sync 1 DAGs
[2025-01-18T00:01:13.143+0000] {logging_mixin.py:190} INFO - [2025-01-18T00:01:13.142+0000] {dag.py:4180} INFO - Setting next_dagrun for example_sla_dag to 2025-01-17 23:58:00+00:00, run_after=2025-01-18 00:00:00+00:00
[2025-01-18T00:01:13.167+0000] {processor.py:208} INFO - Processing /home/airflow/.local/lib/python3.12/site-packages/airflow/example_dags/example_sla_dag.py took 0.104 seconds
[2025-01-18T00:01:43.638+0000] {processor.py:186} INFO - Started process (PID=17564) to work on /home/airflow/.local/lib/python3.12/site-packages/airflow/example_dags/example_sla_dag.py
[2025-01-18T00:01:43.639+0000] {processor.py:914} INFO - Processing file /home/airflow/.local/lib/python3.12/site-packages/airflow/example_dags/example_sla_dag.py for tasks to queue
[2025-01-18T00:01:43.641+0000] {logging_mixin.py:190} INFO - [2025-01-18T00:01:43.641+0000] {dagbag.py:588} INFO - Filling up the DagBag from /home/airflow/.local/lib/python3.12/site-packages/airflow/example_dags/example_sla_dag.py
[2025-01-18T00:01:43.651+0000] {processor.py:925} INFO - DAG(s) 'example_sla_dag' retrieved from /home/airflow/.local/lib/python3.12/site-packages/airflow/example_dags/example_sla_dag.py
[2025-01-18T00:01:43.683+0000] {logging_mixin.py:190} INFO - [2025-01-18T00:01:43.682+0000] {dag.py:3239} INFO - Sync 1 DAGs
[2025-01-18T00:01:43.728+0000] {logging_mixin.py:190} INFO - [2025-01-18T00:01:43.728+0000] {dag.py:4180} INFO - Setting next_dagrun for example_sla_dag to 2025-01-17 23:58:00+00:00, run_after=2025-01-18 00:00:00+00:00
[2025-01-18T00:01:43.758+0000] {processor.py:208} INFO - Processing /home/airflow/.local/lib/python3.12/site-packages/airflow/example_dags/example_sla_dag.py took 0.126 seconds
[2025-01-18T00:02:14.416+0000] {processor.py:186} INFO - Started process (PID=17631) to work on /home/airflow/.local/lib/python3.12/site-packages/airflow/example_dags/example_sla_dag.py
[2025-01-18T00:02:14.417+0000] {processor.py:914} INFO - Processing file /home/airflow/.local/lib/python3.12/site-packages/airflow/example_dags/example_sla_dag.py for tasks to queue
[2025-01-18T00:02:14.420+0000] {logging_mixin.py:190} INFO - [2025-01-18T00:02:14.419+0000] {dagbag.py:588} INFO - Filling up the DagBag from /home/airflow/.local/lib/python3.12/site-packages/airflow/example_dags/example_sla_dag.py
[2025-01-18T00:02:14.435+0000] {processor.py:925} INFO - DAG(s) 'example_sla_dag' retrieved from /home/airflow/.local/lib/python3.12/site-packages/airflow/example_dags/example_sla_dag.py
[2025-01-18T00:02:14.459+0000] {logging_mixin.py:190} INFO - [2025-01-18T00:02:14.459+0000] {dag.py:3239} INFO - Sync 1 DAGs
[2025-01-18T00:02:14.499+0000] {logging_mixin.py:190} INFO - [2025-01-18T00:02:14.498+0000] {dag.py:4180} INFO - Setting next_dagrun for example_sla_dag to 2025-01-18 00:00:00+00:00, run_after=2025-01-18 00:02:00+00:00
[2025-01-18T00:02:14.526+0000] {processor.py:208} INFO - Processing /home/airflow/.local/lib/python3.12/site-packages/airflow/example_dags/example_sla_dag.py took 0.117 seconds
[2025-01-18T00:02:44.778+0000] {processor.py:186} INFO - Started process (PID=17699) to work on /home/airflow/.local/lib/python3.12/site-packages/airflow/example_dags/example_sla_dag.py
[2025-01-18T00:02:44.779+0000] {processor.py:914} INFO - Processing file /home/airflow/.local/lib/python3.12/site-packages/airflow/example_dags/example_sla_dag.py for tasks to queue
[2025-01-18T00:02:44.782+0000] {logging_mixin.py:190} INFO - [2025-01-18T00:02:44.781+0000] {dagbag.py:588} INFO - Filling up the DagBag from /home/airflow/.local/lib/python3.12/site-packages/airflow/example_dags/example_sla_dag.py
[2025-01-18T00:02:44.792+0000] {processor.py:925} INFO - DAG(s) 'example_sla_dag' retrieved from /home/airflow/.local/lib/python3.12/site-packages/airflow/example_dags/example_sla_dag.py
[2025-01-18T00:02:44.815+0000] {logging_mixin.py:190} INFO - [2025-01-18T00:02:44.814+0000] {dag.py:3239} INFO - Sync 1 DAGs
[2025-01-18T00:02:44.850+0000] {logging_mixin.py:190} INFO - [2025-01-18T00:02:44.850+0000] {dag.py:4180} INFO - Setting next_dagrun for example_sla_dag to 2025-01-18 00:00:00+00:00, run_after=2025-01-18 00:02:00+00:00
[2025-01-18T00:02:44.874+0000] {processor.py:208} INFO - Processing /home/airflow/.local/lib/python3.12/site-packages/airflow/example_dags/example_sla_dag.py took 0.102 seconds
[2025-01-18T00:03:14.990+0000] {processor.py:186} INFO - Started process (PID=17766) to work on /home/airflow/.local/lib/python3.12/site-packages/airflow/example_dags/example_sla_dag.py
[2025-01-18T00:03:14.991+0000] {processor.py:914} INFO - Processing file /home/airflow/.local/lib/python3.12/site-packages/airflow/example_dags/example_sla_dag.py for tasks to queue
[2025-01-18T00:03:14.994+0000] {logging_mixin.py:190} INFO - [2025-01-18T00:03:14.994+0000] {dagbag.py:588} INFO - Filling up the DagBag from /home/airflow/.local/lib/python3.12/site-packages/airflow/example_dags/example_sla_dag.py
[2025-01-18T00:03:15.006+0000] {processor.py:925} INFO - DAG(s) 'example_sla_dag' retrieved from /home/airflow/.local/lib/python3.12/site-packages/airflow/example_dags/example_sla_dag.py
[2025-01-18T00:03:15.032+0000] {logging_mixin.py:190} INFO - [2025-01-18T00:03:15.032+0000] {dag.py:3239} INFO - Sync 1 DAGs
[2025-01-18T00:03:15.066+0000] {logging_mixin.py:190} INFO - [2025-01-18T00:03:15.066+0000] {dag.py:4180} INFO - Setting next_dagrun for example_sla_dag to 2025-01-18 00:00:00+00:00, run_after=2025-01-18 00:02:00+00:00
[2025-01-18T00:03:15.090+0000] {processor.py:208} INFO - Processing /home/airflow/.local/lib/python3.12/site-packages/airflow/example_dags/example_sla_dag.py took 0.107 seconds
[2025-01-18T00:03:45.745+0000] {processor.py:186} INFO - Started process (PID=17834) to work on /home/airflow/.local/lib/python3.12/site-packages/airflow/example_dags/example_sla_dag.py
[2025-01-18T00:03:45.745+0000] {processor.py:914} INFO - Processing file /home/airflow/.local/lib/python3.12/site-packages/airflow/example_dags/example_sla_dag.py for tasks to queue
[2025-01-18T00:03:45.748+0000] {logging_mixin.py:190} INFO - [2025-01-18T00:03:45.747+0000] {dagbag.py:588} INFO - Filling up the DagBag from /home/airflow/.local/lib/python3.12/site-packages/airflow/example_dags/example_sla_dag.py
[2025-01-18T00:03:45.759+0000] {processor.py:925} INFO - DAG(s) 'example_sla_dag' retrieved from /home/airflow/.local/lib/python3.12/site-packages/airflow/example_dags/example_sla_dag.py
[2025-01-18T00:03:45.784+0000] {logging_mixin.py:190} INFO - [2025-01-18T00:03:45.784+0000] {dag.py:3239} INFO - Sync 1 DAGs
[2025-01-18T00:03:45.828+0000] {logging_mixin.py:190} INFO - [2025-01-18T00:03:45.828+0000] {dag.py:4180} INFO - Setting next_dagrun for example_sla_dag to 2025-01-18 00:00:00+00:00, run_after=2025-01-18 00:02:00+00:00
[2025-01-18T00:03:45.863+0000] {processor.py:208} INFO - Processing /home/airflow/.local/lib/python3.12/site-packages/airflow/example_dags/example_sla_dag.py took 0.125 seconds
[2025-01-18T00:04:16.086+0000] {processor.py:186} INFO - Started process (PID=17901) to work on /home/airflow/.local/lib/python3.12/site-packages/airflow/example_dags/example_sla_dag.py
[2025-01-18T00:04:16.088+0000] {processor.py:914} INFO - Processing file /home/airflow/.local/lib/python3.12/site-packages/airflow/example_dags/example_sla_dag.py for tasks to queue
[2025-01-18T00:04:16.090+0000] {logging_mixin.py:190} INFO - [2025-01-18T00:04:16.090+0000] {dagbag.py:588} INFO - Filling up the DagBag from /home/airflow/.local/lib/python3.12/site-packages/airflow/example_dags/example_sla_dag.py
[2025-01-18T00:04:16.106+0000] {processor.py:925} INFO - DAG(s) 'example_sla_dag' retrieved from /home/airflow/.local/lib/python3.12/site-packages/airflow/example_dags/example_sla_dag.py
[2025-01-18T00:04:16.135+0000] {logging_mixin.py:190} INFO - [2025-01-18T00:04:16.134+0000] {dag.py:3239} INFO - Sync 1 DAGs
[2025-01-18T00:04:16.175+0000] {logging_mixin.py:190} INFO - [2025-01-18T00:04:16.174+0000] {dag.py:4180} INFO - Setting next_dagrun for example_sla_dag to 2025-01-18 00:02:00+00:00, run_after=2025-01-18 00:04:00+00:00
[2025-01-18T00:04:16.199+0000] {processor.py:208} INFO - Processing /home/airflow/.local/lib/python3.12/site-packages/airflow/example_dags/example_sla_dag.py took 0.122 seconds
[2025-01-18T00:04:46.237+0000] {processor.py:186} INFO - Started process (PID=17967) to work on /home/airflow/.local/lib/python3.12/site-packages/airflow/example_dags/example_sla_dag.py
[2025-01-18T00:04:46.238+0000] {processor.py:914} INFO - Processing file /home/airflow/.local/lib/python3.12/site-packages/airflow/example_dags/example_sla_dag.py for tasks to queue
[2025-01-18T00:04:46.241+0000] {logging_mixin.py:190} INFO - [2025-01-18T00:04:46.241+0000] {dagbag.py:588} INFO - Filling up the DagBag from /home/airflow/.local/lib/python3.12/site-packages/airflow/example_dags/example_sla_dag.py
[2025-01-18T00:04:46.254+0000] {processor.py:925} INFO - DAG(s) 'example_sla_dag' retrieved from /home/airflow/.local/lib/python3.12/site-packages/airflow/example_dags/example_sla_dag.py
[2025-01-18T00:04:46.277+0000] {logging_mixin.py:190} INFO - [2025-01-18T00:04:46.276+0000] {dag.py:3239} INFO - Sync 1 DAGs
[2025-01-18T00:04:46.305+0000] {logging_mixin.py:190} INFO - [2025-01-18T00:04:46.305+0000] {dag.py:4180} INFO - Setting next_dagrun for example_sla_dag to 2025-01-18 00:02:00+00:00, run_after=2025-01-18 00:04:00+00:00
[2025-01-18T00:04:46.323+0000] {processor.py:208} INFO - Processing /home/airflow/.local/lib/python3.12/site-packages/airflow/example_dags/example_sla_dag.py took 0.092 seconds
[2025-01-18T00:05:16.735+0000] {processor.py:186} INFO - Started process (PID=18035) to work on /home/airflow/.local/lib/python3.12/site-packages/airflow/example_dags/example_sla_dag.py
[2025-01-18T00:05:16.736+0000] {processor.py:914} INFO - Processing file /home/airflow/.local/lib/python3.12/site-packages/airflow/example_dags/example_sla_dag.py for tasks to queue
[2025-01-18T00:05:16.739+0000] {logging_mixin.py:190} INFO - [2025-01-18T00:05:16.739+0000] {dagbag.py:588} INFO - Filling up the DagBag from /home/airflow/.local/lib/python3.12/site-packages/airflow/example_dags/example_sla_dag.py
[2025-01-18T00:05:16.752+0000] {processor.py:925} INFO - DAG(s) 'example_sla_dag' retrieved from /home/airflow/.local/lib/python3.12/site-packages/airflow/example_dags/example_sla_dag.py
[2025-01-18T00:05:16.777+0000] {logging_mixin.py:190} INFO - [2025-01-18T00:05:16.777+0000] {dag.py:3239} INFO - Sync 1 DAGs
[2025-01-18T00:05:16.810+0000] {logging_mixin.py:190} INFO - [2025-01-18T00:05:16.810+0000] {dag.py:4180} INFO - Setting next_dagrun for example_sla_dag to 2025-01-18 00:02:00+00:00, run_after=2025-01-18 00:04:00+00:00
[2025-01-18T00:05:16.831+0000] {processor.py:208} INFO - Processing /home/airflow/.local/lib/python3.12/site-packages/airflow/example_dags/example_sla_dag.py took 0.104 seconds
[2025-01-18T00:05:47.252+0000] {processor.py:186} INFO - Started process (PID=18102) to work on /home/airflow/.local/lib/python3.12/site-packages/airflow/example_dags/example_sla_dag.py
[2025-01-18T00:05:47.253+0000] {processor.py:914} INFO - Processing file /home/airflow/.local/lib/python3.12/site-packages/airflow/example_dags/example_sla_dag.py for tasks to queue
[2025-01-18T00:05:47.256+0000] {logging_mixin.py:190} INFO - [2025-01-18T00:05:47.255+0000] {dagbag.py:588} INFO - Filling up the DagBag from /home/airflow/.local/lib/python3.12/site-packages/airflow/example_dags/example_sla_dag.py
[2025-01-18T00:05:47.270+0000] {processor.py:925} INFO - DAG(s) 'example_sla_dag' retrieved from /home/airflow/.local/lib/python3.12/site-packages/airflow/example_dags/example_sla_dag.py
[2025-01-18T00:05:47.297+0000] {logging_mixin.py:190} INFO - [2025-01-18T00:05:47.297+0000] {dag.py:3239} INFO - Sync 1 DAGs
[2025-01-18T00:05:47.333+0000] {logging_mixin.py:190} INFO - [2025-01-18T00:05:47.333+0000] {dag.py:4180} INFO - Setting next_dagrun for example_sla_dag to 2025-01-18 00:02:00+00:00, run_after=2025-01-18 00:04:00+00:00
[2025-01-18T00:05:47.359+0000] {processor.py:208} INFO - Processing /home/airflow/.local/lib/python3.12/site-packages/airflow/example_dags/example_sla_dag.py took 0.114 seconds
[2025-01-18T00:06:17.523+0000] {processor.py:186} INFO - Started process (PID=18176) to work on /home/airflow/.local/lib/python3.12/site-packages/airflow/example_dags/example_sla_dag.py
[2025-01-18T00:06:17.524+0000] {processor.py:914} INFO - Processing file /home/airflow/.local/lib/python3.12/site-packages/airflow/example_dags/example_sla_dag.py for tasks to queue
[2025-01-18T00:06:17.528+0000] {logging_mixin.py:190} INFO - [2025-01-18T00:06:17.527+0000] {dagbag.py:588} INFO - Filling up the DagBag from /home/airflow/.local/lib/python3.12/site-packages/airflow/example_dags/example_sla_dag.py
[2025-01-18T00:06:17.540+0000] {processor.py:925} INFO - DAG(s) 'example_sla_dag' retrieved from /home/airflow/.local/lib/python3.12/site-packages/airflow/example_dags/example_sla_dag.py
[2025-01-18T00:06:17.565+0000] {logging_mixin.py:190} INFO - [2025-01-18T00:06:17.565+0000] {dag.py:3239} INFO - Sync 1 DAGs
[2025-01-18T00:06:17.596+0000] {logging_mixin.py:190} INFO - [2025-01-18T00:06:17.596+0000] {dag.py:4180} INFO - Setting next_dagrun for example_sla_dag to 2025-01-18 00:04:00+00:00, run_after=2025-01-18 00:06:00+00:00
[2025-01-18T00:06:17.619+0000] {processor.py:208} INFO - Processing /home/airflow/.local/lib/python3.12/site-packages/airflow/example_dags/example_sla_dag.py took 0.105 seconds
[2025-01-18T00:06:48.014+0000] {processor.py:186} INFO - Started process (PID=18242) to work on /home/airflow/.local/lib/python3.12/site-packages/airflow/example_dags/example_sla_dag.py
[2025-01-18T00:06:48.015+0000] {processor.py:914} INFO - Processing file /home/airflow/.local/lib/python3.12/site-packages/airflow/example_dags/example_sla_dag.py for tasks to queue
[2025-01-18T00:06:48.018+0000] {logging_mixin.py:190} INFO - [2025-01-18T00:06:48.017+0000] {dagbag.py:588} INFO - Filling up the DagBag from /home/airflow/.local/lib/python3.12/site-packages/airflow/example_dags/example_sla_dag.py
[2025-01-18T00:06:48.029+0000] {processor.py:925} INFO - DAG(s) 'example_sla_dag' retrieved from /home/airflow/.local/lib/python3.12/site-packages/airflow/example_dags/example_sla_dag.py
[2025-01-18T00:06:48.054+0000] {logging_mixin.py:190} INFO - [2025-01-18T00:06:48.053+0000] {dag.py:3239} INFO - Sync 1 DAGs
[2025-01-18T00:06:48.094+0000] {logging_mixin.py:190} INFO - [2025-01-18T00:06:48.094+0000] {dag.py:4180} INFO - Setting next_dagrun for example_sla_dag to 2025-01-18 00:04:00+00:00, run_after=2025-01-18 00:06:00+00:00
[2025-01-18T00:06:48.121+0000] {processor.py:208} INFO - Processing /home/airflow/.local/lib/python3.12/site-packages/airflow/example_dags/example_sla_dag.py took 0.112 seconds
[2025-01-18T00:07:18.640+0000] {processor.py:186} INFO - Started process (PID=18309) to work on /home/airflow/.local/lib/python3.12/site-packages/airflow/example_dags/example_sla_dag.py
[2025-01-18T00:07:18.641+0000] {processor.py:914} INFO - Processing file /home/airflow/.local/lib/python3.12/site-packages/airflow/example_dags/example_sla_dag.py for tasks to queue
[2025-01-18T00:07:18.644+0000] {logging_mixin.py:190} INFO - [2025-01-18T00:07:18.643+0000] {dagbag.py:588} INFO - Filling up the DagBag from /home/airflow/.local/lib/python3.12/site-packages/airflow/example_dags/example_sla_dag.py
[2025-01-18T00:07:18.656+0000] {processor.py:925} INFO - DAG(s) 'example_sla_dag' retrieved from /home/airflow/.local/lib/python3.12/site-packages/airflow/example_dags/example_sla_dag.py
[2025-01-18T00:07:18.682+0000] {logging_mixin.py:190} INFO - [2025-01-18T00:07:18.682+0000] {dag.py:3239} INFO - Sync 1 DAGs
[2025-01-18T00:07:18.725+0000] {logging_mixin.py:190} INFO - [2025-01-18T00:07:18.725+0000] {dag.py:4180} INFO - Setting next_dagrun for example_sla_dag to 2025-01-18 00:04:00+00:00, run_after=2025-01-18 00:06:00+00:00
[2025-01-18T00:07:18.754+0000] {processor.py:208} INFO - Processing /home/airflow/.local/lib/python3.12/site-packages/airflow/example_dags/example_sla_dag.py took 0.121 seconds
[2025-01-18T00:07:48.840+0000] {processor.py:186} INFO - Started process (PID=18376) to work on /home/airflow/.local/lib/python3.12/site-packages/airflow/example_dags/example_sla_dag.py
[2025-01-18T00:07:48.843+0000] {processor.py:914} INFO - Processing file /home/airflow/.local/lib/python3.12/site-packages/airflow/example_dags/example_sla_dag.py for tasks to queue
[2025-01-18T00:07:48.845+0000] {logging_mixin.py:190} INFO - [2025-01-18T00:07:48.845+0000] {dagbag.py:588} INFO - Filling up the DagBag from /home/airflow/.local/lib/python3.12/site-packages/airflow/example_dags/example_sla_dag.py
[2025-01-18T00:07:48.858+0000] {processor.py:925} INFO - DAG(s) 'example_sla_dag' retrieved from /home/airflow/.local/lib/python3.12/site-packages/airflow/example_dags/example_sla_dag.py
[2025-01-18T00:07:48.885+0000] {logging_mixin.py:190} INFO - [2025-01-18T00:07:48.885+0000] {dag.py:3239} INFO - Sync 1 DAGs
[2025-01-18T00:07:48.923+0000] {logging_mixin.py:190} INFO - [2025-01-18T00:07:48.923+0000] {dag.py:4180} INFO - Setting next_dagrun for example_sla_dag to 2025-01-18 00:04:00+00:00, run_after=2025-01-18 00:06:00+00:00
[2025-01-18T00:07:48.952+0000] {processor.py:208} INFO - Processing /home/airflow/.local/lib/python3.12/site-packages/airflow/example_dags/example_sla_dag.py took 0.118 seconds
[2025-01-18T00:08:19.428+0000] {processor.py:186} INFO - Started process (PID=18442) to work on /home/airflow/.local/lib/python3.12/site-packages/airflow/example_dags/example_sla_dag.py
[2025-01-18T00:08:19.429+0000] {processor.py:914} INFO - Processing file /home/airflow/.local/lib/python3.12/site-packages/airflow/example_dags/example_sla_dag.py for tasks to queue
[2025-01-18T00:08:19.432+0000] {logging_mixin.py:190} INFO - [2025-01-18T00:08:19.432+0000] {dagbag.py:588} INFO - Filling up the DagBag from /home/airflow/.local/lib/python3.12/site-packages/airflow/example_dags/example_sla_dag.py
[2025-01-18T00:08:19.446+0000] {processor.py:925} INFO - DAG(s) 'example_sla_dag' retrieved from /home/airflow/.local/lib/python3.12/site-packages/airflow/example_dags/example_sla_dag.py
[2025-01-18T00:08:19.471+0000] {logging_mixin.py:190} INFO - [2025-01-18T00:08:19.471+0000] {dag.py:3239} INFO - Sync 1 DAGs
[2025-01-18T00:08:19.509+0000] {logging_mixin.py:190} INFO - [2025-01-18T00:08:19.509+0000] {dag.py:4180} INFO - Setting next_dagrun for example_sla_dag to 2025-01-18 00:06:00+00:00, run_after=2025-01-18 00:08:00+00:00
[2025-01-18T00:08:19.537+0000] {processor.py:208} INFO - Processing /home/airflow/.local/lib/python3.12/site-packages/airflow/example_dags/example_sla_dag.py took 0.116 seconds
[2025-01-18T00:08:50.218+0000] {processor.py:186} INFO - Started process (PID=18509) to work on /home/airflow/.local/lib/python3.12/site-packages/airflow/example_dags/example_sla_dag.py
[2025-01-18T00:08:50.219+0000] {processor.py:914} INFO - Processing file /home/airflow/.local/lib/python3.12/site-packages/airflow/example_dags/example_sla_dag.py for tasks to queue
[2025-01-18T00:08:50.221+0000] {logging_mixin.py:190} INFO - [2025-01-18T00:08:50.221+0000] {dagbag.py:588} INFO - Filling up the DagBag from /home/airflow/.local/lib/python3.12/site-packages/airflow/example_dags/example_sla_dag.py
[2025-01-18T00:08:50.233+0000] {processor.py:925} INFO - DAG(s) 'example_sla_dag' retrieved from /home/airflow/.local/lib/python3.12/site-packages/airflow/example_dags/example_sla_dag.py
[2025-01-18T00:08:50.261+0000] {logging_mixin.py:190} INFO - [2025-01-18T00:08:50.260+0000] {dag.py:3239} INFO - Sync 1 DAGs
[2025-01-18T00:08:50.301+0000] {logging_mixin.py:190} INFO - [2025-01-18T00:08:50.301+0000] {dag.py:4180} INFO - Setting next_dagrun for example_sla_dag to 2025-01-18 00:06:00+00:00, run_after=2025-01-18 00:08:00+00:00
[2025-01-18T00:08:50.328+0000] {processor.py:208} INFO - Processing /home/airflow/.local/lib/python3.12/site-packages/airflow/example_dags/example_sla_dag.py took 0.117 seconds
[2025-01-18T00:09:20.554+0000] {processor.py:186} INFO - Started process (PID=18577) to work on /home/airflow/.local/lib/python3.12/site-packages/airflow/example_dags/example_sla_dag.py
[2025-01-18T00:09:20.556+0000] {processor.py:914} INFO - Processing file /home/airflow/.local/lib/python3.12/site-packages/airflow/example_dags/example_sla_dag.py for tasks to queue
[2025-01-18T00:09:20.559+0000] {logging_mixin.py:190} INFO - [2025-01-18T00:09:20.559+0000] {dagbag.py:588} INFO - Filling up the DagBag from /home/airflow/.local/lib/python3.12/site-packages/airflow/example_dags/example_sla_dag.py
[2025-01-18T00:09:20.573+0000] {processor.py:925} INFO - DAG(s) 'example_sla_dag' retrieved from /home/airflow/.local/lib/python3.12/site-packages/airflow/example_dags/example_sla_dag.py
[2025-01-18T00:09:20.598+0000] {logging_mixin.py:190} INFO - [2025-01-18T00:09:20.597+0000] {dag.py:3239} INFO - Sync 1 DAGs
[2025-01-18T00:09:20.635+0000] {logging_mixin.py:190} INFO - [2025-01-18T00:09:20.635+0000] {dag.py:4180} INFO - Setting next_dagrun for example_sla_dag to 2025-01-18 00:06:00+00:00, run_after=2025-01-18 00:08:00+00:00
[2025-01-18T00:09:20.670+0000] {processor.py:208} INFO - Processing /home/airflow/.local/lib/python3.12/site-packages/airflow/example_dags/example_sla_dag.py took 0.124 seconds
[2025-01-18T00:09:52.090+0000] {processor.py:186} INFO - Started process (PID=18641) to work on /home/airflow/.local/lib/python3.12/site-packages/airflow/example_dags/example_sla_dag.py
[2025-01-18T00:09:52.091+0000] {processor.py:914} INFO - Processing file /home/airflow/.local/lib/python3.12/site-packages/airflow/example_dags/example_sla_dag.py for tasks to queue
[2025-01-18T00:09:52.094+0000] {logging_mixin.py:190} INFO - [2025-01-18T00:09:52.094+0000] {dagbag.py:588} INFO - Filling up the DagBag from /home/airflow/.local/lib/python3.12/site-packages/airflow/example_dags/example_sla_dag.py
[2025-01-18T00:09:52.110+0000] {processor.py:925} INFO - DAG(s) 'example_sla_dag' retrieved from /home/airflow/.local/lib/python3.12/site-packages/airflow/example_dags/example_sla_dag.py
[2025-01-18T00:09:52.140+0000] {logging_mixin.py:190} INFO - [2025-01-18T00:09:52.140+0000] {dag.py:3239} INFO - Sync 1 DAGs
[2025-01-18T00:09:52.185+0000] {logging_mixin.py:190} INFO - [2025-01-18T00:09:52.185+0000] {dag.py:4180} INFO - Setting next_dagrun for example_sla_dag to 2025-01-18 00:06:00+00:00, run_after=2025-01-18 00:08:00+00:00
[2025-01-18T00:09:52.216+0000] {processor.py:208} INFO - Processing /home/airflow/.local/lib/python3.12/site-packages/airflow/example_dags/example_sla_dag.py took 0.135 seconds
[2025-01-18T00:10:23.234+0000] {processor.py:186} INFO - Started process (PID=18713) to work on /home/airflow/.local/lib/python3.12/site-packages/airflow/example_dags/example_sla_dag.py
[2025-01-18T00:10:23.235+0000] {processor.py:914} INFO - Processing file /home/airflow/.local/lib/python3.12/site-packages/airflow/example_dags/example_sla_dag.py for tasks to queue
[2025-01-18T00:10:23.237+0000] {logging_mixin.py:190} INFO - [2025-01-18T00:10:23.237+0000] {dagbag.py:588} INFO - Filling up the DagBag from /home/airflow/.local/lib/python3.12/site-packages/airflow/example_dags/example_sla_dag.py
[2025-01-18T00:10:23.248+0000] {processor.py:925} INFO - DAG(s) 'example_sla_dag' retrieved from /home/airflow/.local/lib/python3.12/site-packages/airflow/example_dags/example_sla_dag.py
[2025-01-18T00:10:23.272+0000] {logging_mixin.py:190} INFO - [2025-01-18T00:10:23.272+0000] {dag.py:3239} INFO - Sync 1 DAGs
[2025-01-18T00:10:23.304+0000] {logging_mixin.py:190} INFO - [2025-01-18T00:10:23.304+0000] {dag.py:4180} INFO - Setting next_dagrun for example_sla_dag to 2025-01-18 00:08:00+00:00, run_after=2025-01-18 00:10:00+00:00
[2025-01-18T00:10:23.327+0000] {processor.py:208} INFO - Processing /home/airflow/.local/lib/python3.12/site-packages/airflow/example_dags/example_sla_dag.py took 0.099 seconds
[2025-01-18T00:10:54.962+0000] {processor.py:186} INFO - Started process (PID=18780) to work on /home/airflow/.local/lib/python3.12/site-packages/airflow/example_dags/example_sla_dag.py
[2025-01-18T00:10:54.964+0000] {processor.py:914} INFO - Processing file /home/airflow/.local/lib/python3.12/site-packages/airflow/example_dags/example_sla_dag.py for tasks to queue
[2025-01-18T00:10:54.966+0000] {logging_mixin.py:190} INFO - [2025-01-18T00:10:54.966+0000] {dagbag.py:588} INFO - Filling up the DagBag from /home/airflow/.local/lib/python3.12/site-packages/airflow/example_dags/example_sla_dag.py
[2025-01-18T00:10:54.980+0000] {processor.py:925} INFO - DAG(s) 'example_sla_dag' retrieved from /home/airflow/.local/lib/python3.12/site-packages/airflow/example_dags/example_sla_dag.py
[2025-01-18T00:10:55.004+0000] {logging_mixin.py:190} INFO - [2025-01-18T00:10:55.004+0000] {dag.py:3239} INFO - Sync 1 DAGs
[2025-01-18T00:10:55.040+0000] {logging_mixin.py:190} INFO - [2025-01-18T00:10:55.040+0000] {dag.py:4180} INFO - Setting next_dagrun for example_sla_dag to 2025-01-18 00:08:00+00:00, run_after=2025-01-18 00:10:00+00:00
[2025-01-18T00:10:55.061+0000] {processor.py:208} INFO - Processing /home/airflow/.local/lib/python3.12/site-packages/airflow/example_dags/example_sla_dag.py took 0.108 seconds
[2025-01-18T00:11:25.222+0000] {processor.py:186} INFO - Started process (PID=18844) to work on /home/airflow/.local/lib/python3.12/site-packages/airflow/example_dags/example_sla_dag.py
[2025-01-18T00:11:25.223+0000] {processor.py:914} INFO - Processing file /home/airflow/.local/lib/python3.12/site-packages/airflow/example_dags/example_sla_dag.py for tasks to queue
[2025-01-18T00:11:25.226+0000] {logging_mixin.py:190} INFO - [2025-01-18T00:11:25.225+0000] {dagbag.py:588} INFO - Filling up the DagBag from /home/airflow/.local/lib/python3.12/site-packages/airflow/example_dags/example_sla_dag.py
[2025-01-18T00:11:25.236+0000] {processor.py:925} INFO - DAG(s) 'example_sla_dag' retrieved from /home/airflow/.local/lib/python3.12/site-packages/airflow/example_dags/example_sla_dag.py
[2025-01-18T00:11:25.258+0000] {logging_mixin.py:190} INFO - [2025-01-18T00:11:25.257+0000] {dag.py:3239} INFO - Sync 1 DAGs
[2025-01-18T00:11:25.287+0000] {logging_mixin.py:190} INFO - [2025-01-18T00:11:25.287+0000] {dag.py:4180} INFO - Setting next_dagrun for example_sla_dag to 2025-01-18 00:08:00+00:00, run_after=2025-01-18 00:10:00+00:00
[2025-01-18T00:11:25.310+0000] {processor.py:208} INFO - Processing /home/airflow/.local/lib/python3.12/site-packages/airflow/example_dags/example_sla_dag.py took 0.093 seconds
[2025-01-18T00:11:55.477+0000] {processor.py:186} INFO - Started process (PID=18911) to work on /home/airflow/.local/lib/python3.12/site-packages/airflow/example_dags/example_sla_dag.py
[2025-01-18T00:11:55.478+0000] {processor.py:914} INFO - Processing file /home/airflow/.local/lib/python3.12/site-packages/airflow/example_dags/example_sla_dag.py for tasks to queue
[2025-01-18T00:11:55.481+0000] {logging_mixin.py:190} INFO - [2025-01-18T00:11:55.480+0000] {dagbag.py:588} INFO - Filling up the DagBag from /home/airflow/.local/lib/python3.12/site-packages/airflow/example_dags/example_sla_dag.py
[2025-01-18T00:11:55.493+0000] {processor.py:925} INFO - DAG(s) 'example_sla_dag' retrieved from /home/airflow/.local/lib/python3.12/site-packages/airflow/example_dags/example_sla_dag.py
[2025-01-18T00:11:55.519+0000] {logging_mixin.py:190} INFO - [2025-01-18T00:11:55.519+0000] {dag.py:3239} INFO - Sync 1 DAGs
[2025-01-18T00:11:55.557+0000] {logging_mixin.py:190} INFO - [2025-01-18T00:11:55.556+0000] {dag.py:4180} INFO - Setting next_dagrun for example_sla_dag to 2025-01-18 00:08:00+00:00, run_after=2025-01-18 00:10:00+00:00
[2025-01-18T00:11:55.588+0000] {processor.py:208} INFO - Processing /home/airflow/.local/lib/python3.12/site-packages/airflow/example_dags/example_sla_dag.py took 0.117 seconds
[2025-01-18T00:12:25.859+0000] {processor.py:186} INFO - Started process (PID=18978) to work on /home/airflow/.local/lib/python3.12/site-packages/airflow/example_dags/example_sla_dag.py
[2025-01-18T00:12:25.860+0000] {processor.py:914} INFO - Processing file /home/airflow/.local/lib/python3.12/site-packages/airflow/example_dags/example_sla_dag.py for tasks to queue
[2025-01-18T00:12:25.863+0000] {logging_mixin.py:190} INFO - [2025-01-18T00:12:25.863+0000] {dagbag.py:588} INFO - Filling up the DagBag from /home/airflow/.local/lib/python3.12/site-packages/airflow/example_dags/example_sla_dag.py
[2025-01-18T00:12:25.874+0000] {processor.py:925} INFO - DAG(s) 'example_sla_dag' retrieved from /home/airflow/.local/lib/python3.12/site-packages/airflow/example_dags/example_sla_dag.py
[2025-01-18T00:12:25.895+0000] {logging_mixin.py:190} INFO - [2025-01-18T00:12:25.895+0000] {dag.py:3239} INFO - Sync 1 DAGs
[2025-01-18T00:12:25.926+0000] {logging_mixin.py:190} INFO - [2025-01-18T00:12:25.926+0000] {dag.py:4180} INFO - Setting next_dagrun for example_sla_dag to 2025-01-18 00:10:00+00:00, run_after=2025-01-18 00:12:00+00:00
[2025-01-18T00:12:25.952+0000] {processor.py:208} INFO - Processing /home/airflow/.local/lib/python3.12/site-packages/airflow/example_dags/example_sla_dag.py took 0.099 seconds
[2025-01-18T00:12:56.017+0000] {processor.py:186} INFO - Started process (PID=19044) to work on /home/airflow/.local/lib/python3.12/site-packages/airflow/example_dags/example_sla_dag.py
[2025-01-18T00:12:56.018+0000] {processor.py:914} INFO - Processing file /home/airflow/.local/lib/python3.12/site-packages/airflow/example_dags/example_sla_dag.py for tasks to queue
[2025-01-18T00:12:56.020+0000] {logging_mixin.py:190} INFO - [2025-01-18T00:12:56.020+0000] {dagbag.py:588} INFO - Filling up the DagBag from /home/airflow/.local/lib/python3.12/site-packages/airflow/example_dags/example_sla_dag.py
[2025-01-18T00:12:56.032+0000] {processor.py:925} INFO - DAG(s) 'example_sla_dag' retrieved from /home/airflow/.local/lib/python3.12/site-packages/airflow/example_dags/example_sla_dag.py
[2025-01-18T00:12:56.056+0000] {logging_mixin.py:190} INFO - [2025-01-18T00:12:56.056+0000] {dag.py:3239} INFO - Sync 1 DAGs
[2025-01-18T00:12:56.094+0000] {logging_mixin.py:190} INFO - [2025-01-18T00:12:56.094+0000] {dag.py:4180} INFO - Setting next_dagrun for example_sla_dag to 2025-01-18 00:10:00+00:00, run_after=2025-01-18 00:12:00+00:00
[2025-01-18T00:12:56.119+0000] {processor.py:208} INFO - Processing /home/airflow/.local/lib/python3.12/site-packages/airflow/example_dags/example_sla_dag.py took 0.109 seconds
[2025-01-18T00:13:26.163+0000] {processor.py:186} INFO - Started process (PID=19109) to work on /home/airflow/.local/lib/python3.12/site-packages/airflow/example_dags/example_sla_dag.py
[2025-01-18T00:13:26.166+0000] {processor.py:914} INFO - Processing file /home/airflow/.local/lib/python3.12/site-packages/airflow/example_dags/example_sla_dag.py for tasks to queue
[2025-01-18T00:13:26.168+0000] {logging_mixin.py:190} INFO - [2025-01-18T00:13:26.168+0000] {dagbag.py:588} INFO - Filling up the DagBag from /home/airflow/.local/lib/python3.12/site-packages/airflow/example_dags/example_sla_dag.py
[2025-01-18T00:13:26.177+0000] {processor.py:925} INFO - DAG(s) 'example_sla_dag' retrieved from /home/airflow/.local/lib/python3.12/site-packages/airflow/example_dags/example_sla_dag.py
[2025-01-18T00:13:26.205+0000] {logging_mixin.py:190} INFO - [2025-01-18T00:13:26.204+0000] {dag.py:3239} INFO - Sync 1 DAGs
[2025-01-18T00:13:26.240+0000] {logging_mixin.py:190} INFO - [2025-01-18T00:13:26.240+0000] {dag.py:4180} INFO - Setting next_dagrun for example_sla_dag to 2025-01-18 00:10:00+00:00, run_after=2025-01-18 00:12:00+00:00
[2025-01-18T00:13:26.266+0000] {processor.py:208} INFO - Processing /home/airflow/.local/lib/python3.12/site-packages/airflow/example_dags/example_sla_dag.py took 0.109 seconds
[2025-01-18T00:13:56.661+0000] {processor.py:186} INFO - Started process (PID=19176) to work on /home/airflow/.local/lib/python3.12/site-packages/airflow/example_dags/example_sla_dag.py
[2025-01-18T00:13:56.662+0000] {processor.py:914} INFO - Processing file /home/airflow/.local/lib/python3.12/site-packages/airflow/example_dags/example_sla_dag.py for tasks to queue
[2025-01-18T00:13:56.665+0000] {logging_mixin.py:190} INFO - [2025-01-18T00:13:56.665+0000] {dagbag.py:588} INFO - Filling up the DagBag from /home/airflow/.local/lib/python3.12/site-packages/airflow/example_dags/example_sla_dag.py
[2025-01-18T00:13:56.677+0000] {processor.py:925} INFO - DAG(s) 'example_sla_dag' retrieved from /home/airflow/.local/lib/python3.12/site-packages/airflow/example_dags/example_sla_dag.py
[2025-01-18T00:13:56.698+0000] {logging_mixin.py:190} INFO - [2025-01-18T00:13:56.697+0000] {dag.py:3239} INFO - Sync 1 DAGs
[2025-01-18T00:13:56.728+0000] {logging_mixin.py:190} INFO - [2025-01-18T00:13:56.728+0000] {dag.py:4180} INFO - Setting next_dagrun for example_sla_dag to 2025-01-18 00:10:00+00:00, run_after=2025-01-18 00:12:00+00:00
[2025-01-18T00:13:56.751+0000] {processor.py:208} INFO - Processing /home/airflow/.local/lib/python3.12/site-packages/airflow/example_dags/example_sla_dag.py took 0.095 seconds
[2025-01-18T00:14:27.618+0000] {processor.py:186} INFO - Started process (PID=19250) to work on /home/airflow/.local/lib/python3.12/site-packages/airflow/example_dags/example_sla_dag.py
[2025-01-18T00:14:27.619+0000] {processor.py:914} INFO - Processing file /home/airflow/.local/lib/python3.12/site-packages/airflow/example_dags/example_sla_dag.py for tasks to queue
[2025-01-18T00:14:27.621+0000] {logging_mixin.py:190} INFO - [2025-01-18T00:14:27.621+0000] {dagbag.py:588} INFO - Filling up the DagBag from /home/airflow/.local/lib/python3.12/site-packages/airflow/example_dags/example_sla_dag.py
[2025-01-18T00:14:27.631+0000] {processor.py:925} INFO - DAG(s) 'example_sla_dag' retrieved from /home/airflow/.local/lib/python3.12/site-packages/airflow/example_dags/example_sla_dag.py
[2025-01-18T00:14:27.651+0000] {logging_mixin.py:190} INFO - [2025-01-18T00:14:27.651+0000] {dag.py:3239} INFO - Sync 1 DAGs
[2025-01-18T00:14:27.677+0000] {logging_mixin.py:190} INFO - [2025-01-18T00:14:27.676+0000] {dag.py:4180} INFO - Setting next_dagrun for example_sla_dag to 2025-01-18 00:12:00+00:00, run_after=2025-01-18 00:14:00+00:00
[2025-01-18T00:14:27.697+0000] {processor.py:208} INFO - Processing /home/airflow/.local/lib/python3.12/site-packages/airflow/example_dags/example_sla_dag.py took 0.084 seconds
[2025-01-18T00:14:58.265+0000] {processor.py:186} INFO - Started process (PID=19317) to work on /home/airflow/.local/lib/python3.12/site-packages/airflow/example_dags/example_sla_dag.py
[2025-01-18T00:14:58.267+0000] {processor.py:914} INFO - Processing file /home/airflow/.local/lib/python3.12/site-packages/airflow/example_dags/example_sla_dag.py for tasks to queue
[2025-01-18T00:14:58.272+0000] {logging_mixin.py:190} INFO - [2025-01-18T00:14:58.271+0000] {dagbag.py:588} INFO - Filling up the DagBag from /home/airflow/.local/lib/python3.12/site-packages/airflow/example_dags/example_sla_dag.py
[2025-01-18T00:14:58.288+0000] {processor.py:925} INFO - DAG(s) 'example_sla_dag' retrieved from /home/airflow/.local/lib/python3.12/site-packages/airflow/example_dags/example_sla_dag.py
[2025-01-18T00:14:58.320+0000] {logging_mixin.py:190} INFO - [2025-01-18T00:14:58.320+0000] {dag.py:3239} INFO - Sync 1 DAGs
[2025-01-18T00:14:58.367+0000] {logging_mixin.py:190} INFO - [2025-01-18T00:14:58.367+0000] {dag.py:4180} INFO - Setting next_dagrun for example_sla_dag to 2025-01-18 00:12:00+00:00, run_after=2025-01-18 00:14:00+00:00
[2025-01-18T00:14:58.394+0000] {processor.py:208} INFO - Processing /home/airflow/.local/lib/python3.12/site-packages/airflow/example_dags/example_sla_dag.py took 0.137 seconds
[2025-01-18T00:15:28.716+0000] {processor.py:186} INFO - Started process (PID=19383) to work on /home/airflow/.local/lib/python3.12/site-packages/airflow/example_dags/example_sla_dag.py
[2025-01-18T00:15:28.719+0000] {processor.py:914} INFO - Processing file /home/airflow/.local/lib/python3.12/site-packages/airflow/example_dags/example_sla_dag.py for tasks to queue
[2025-01-18T00:15:28.721+0000] {logging_mixin.py:190} INFO - [2025-01-18T00:15:28.721+0000] {dagbag.py:588} INFO - Filling up the DagBag from /home/airflow/.local/lib/python3.12/site-packages/airflow/example_dags/example_sla_dag.py
[2025-01-18T00:15:28.731+0000] {processor.py:925} INFO - DAG(s) 'example_sla_dag' retrieved from /home/airflow/.local/lib/python3.12/site-packages/airflow/example_dags/example_sla_dag.py
[2025-01-18T00:15:28.753+0000] {logging_mixin.py:190} INFO - [2025-01-18T00:15:28.753+0000] {dag.py:3239} INFO - Sync 1 DAGs
[2025-01-18T00:15:28.786+0000] {logging_mixin.py:190} INFO - [2025-01-18T00:15:28.786+0000] {dag.py:4180} INFO - Setting next_dagrun for example_sla_dag to 2025-01-18 00:12:00+00:00, run_after=2025-01-18 00:14:00+00:00
[2025-01-18T00:15:28.812+0000] {processor.py:208} INFO - Processing /home/airflow/.local/lib/python3.12/site-packages/airflow/example_dags/example_sla_dag.py took 0.102 seconds
[2025-01-18T00:15:59.025+0000] {processor.py:186} INFO - Started process (PID=19450) to work on /home/airflow/.local/lib/python3.12/site-packages/airflow/example_dags/example_sla_dag.py
[2025-01-18T00:15:59.026+0000] {processor.py:914} INFO - Processing file /home/airflow/.local/lib/python3.12/site-packages/airflow/example_dags/example_sla_dag.py for tasks to queue
[2025-01-18T00:15:59.028+0000] {logging_mixin.py:190} INFO - [2025-01-18T00:15:59.028+0000] {dagbag.py:588} INFO - Filling up the DagBag from /home/airflow/.local/lib/python3.12/site-packages/airflow/example_dags/example_sla_dag.py
[2025-01-18T00:15:59.038+0000] {processor.py:925} INFO - DAG(s) 'example_sla_dag' retrieved from /home/airflow/.local/lib/python3.12/site-packages/airflow/example_dags/example_sla_dag.py
[2025-01-18T00:15:59.059+0000] {logging_mixin.py:190} INFO - [2025-01-18T00:15:59.059+0000] {dag.py:3239} INFO - Sync 1 DAGs
[2025-01-18T00:15:59.088+0000] {logging_mixin.py:190} INFO - [2025-01-18T00:15:59.088+0000] {dag.py:4180} INFO - Setting next_dagrun for example_sla_dag to 2025-01-18 00:12:00+00:00, run_after=2025-01-18 00:14:00+00:00
[2025-01-18T00:15:56.600+0000] {processor.py:208} INFO - Processing /home/airflow/.local/lib/python3.12/site-packages/airflow/example_dags/example_sla_dag.py took 0.308 seconds
[2025-01-18T00:16:27.311+0000] {processor.py:186} INFO - Started process (PID=19515) to work on /home/airflow/.local/lib/python3.12/site-packages/airflow/example_dags/example_sla_dag.py
[2025-01-18T00:16:27.312+0000] {processor.py:914} INFO - Processing file /home/airflow/.local/lib/python3.12/site-packages/airflow/example_dags/example_sla_dag.py for tasks to queue
[2025-01-18T00:16:27.314+0000] {logging_mixin.py:190} INFO - [2025-01-18T00:16:27.313+0000] {dagbag.py:588} INFO - Filling up the DagBag from /home/airflow/.local/lib/python3.12/site-packages/airflow/example_dags/example_sla_dag.py
[2025-01-18T00:16:27.324+0000] {processor.py:925} INFO - DAG(s) 'example_sla_dag' retrieved from /home/airflow/.local/lib/python3.12/site-packages/airflow/example_dags/example_sla_dag.py
[2025-01-18T00:16:27.344+0000] {logging_mixin.py:190} INFO - [2025-01-18T00:16:27.344+0000] {dag.py:3239} INFO - Sync 1 DAGs
[2025-01-18T00:16:27.375+0000] {logging_mixin.py:190} INFO - [2025-01-18T00:16:27.374+0000] {dag.py:4180} INFO - Setting next_dagrun for example_sla_dag to 2025-01-18 00:14:00+00:00, run_after=2025-01-18 00:16:00+00:00
[2025-01-18T00:16:27.637+0000] {processor.py:208} INFO - Processing /home/airflow/.local/lib/python3.12/site-packages/airflow/example_dags/example_sla_dag.py took 0.331 seconds
[2025-01-18T00:16:59.044+0000] {processor.py:186} INFO - Started process (PID=19583) to work on /home/airflow/.local/lib/python3.12/site-packages/airflow/example_dags/example_sla_dag.py
[2025-01-18T00:16:59.045+0000] {processor.py:914} INFO - Processing file /home/airflow/.local/lib/python3.12/site-packages/airflow/example_dags/example_sla_dag.py for tasks to queue
[2025-01-18T00:16:59.048+0000] {logging_mixin.py:190} INFO - [2025-01-18T00:16:59.047+0000] {dagbag.py:588} INFO - Filling up the DagBag from /home/airflow/.local/lib/python3.12/site-packages/airflow/example_dags/example_sla_dag.py
[2025-01-18T00:16:59.060+0000] {processor.py:925} INFO - DAG(s) 'example_sla_dag' retrieved from /home/airflow/.local/lib/python3.12/site-packages/airflow/example_dags/example_sla_dag.py
[2025-01-18T00:16:59.082+0000] {logging_mixin.py:190} INFO - [2025-01-18T00:16:59.082+0000] {dag.py:3239} INFO - Sync 1 DAGs
[2025-01-18T00:16:59.313+0000] {logging_mixin.py:190} INFO - [2025-01-18T00:16:59.313+0000] {dag.py:4180} INFO - Setting next_dagrun for example_sla_dag to 2025-01-18 00:14:00+00:00, run_after=2025-01-18 00:16:00+00:00
[2025-01-18T00:16:59.344+0000] {processor.py:208} INFO - Processing /home/airflow/.local/lib/python3.12/site-packages/airflow/example_dags/example_sla_dag.py took 0.307 seconds
[2025-01-18T00:17:30.174+0000] {processor.py:186} INFO - Started process (PID=19650) to work on /home/airflow/.local/lib/python3.12/site-packages/airflow/example_dags/example_sla_dag.py
[2025-01-18T00:17:30.175+0000] {processor.py:914} INFO - Processing file /home/airflow/.local/lib/python3.12/site-packages/airflow/example_dags/example_sla_dag.py for tasks to queue
[2025-01-18T00:17:30.178+0000] {logging_mixin.py:190} INFO - [2025-01-18T00:17:30.178+0000] {dagbag.py:588} INFO - Filling up the DagBag from /home/airflow/.local/lib/python3.12/site-packages/airflow/example_dags/example_sla_dag.py
[2025-01-18T00:17:30.189+0000] {processor.py:925} INFO - DAG(s) 'example_sla_dag' retrieved from /home/airflow/.local/lib/python3.12/site-packages/airflow/example_dags/example_sla_dag.py
[2025-01-18T00:17:30.212+0000] {logging_mixin.py:190} INFO - [2025-01-18T00:17:30.212+0000] {dag.py:3239} INFO - Sync 1 DAGs
[2025-01-18T00:17:30.494+0000] {logging_mixin.py:190} INFO - [2025-01-18T00:17:30.494+0000] {dag.py:4180} INFO - Setting next_dagrun for example_sla_dag to 2025-01-18 00:14:00+00:00, run_after=2025-01-18 00:16:00+00:00
[2025-01-18T00:17:30.516+0000] {processor.py:208} INFO - Processing /home/airflow/.local/lib/python3.12/site-packages/airflow/example_dags/example_sla_dag.py took 0.348 seconds
[2025-01-18T00:18:01.087+0000] {processor.py:186} INFO - Started process (PID=19718) to work on /home/airflow/.local/lib/python3.12/site-packages/airflow/example_dags/example_sla_dag.py
[2025-01-18T00:18:01.089+0000] {processor.py:914} INFO - Processing file /home/airflow/.local/lib/python3.12/site-packages/airflow/example_dags/example_sla_dag.py for tasks to queue
[2025-01-18T00:18:01.092+0000] {logging_mixin.py:190} INFO - [2025-01-18T00:18:01.092+0000] {dagbag.py:588} INFO - Filling up the DagBag from /home/airflow/.local/lib/python3.12/site-packages/airflow/example_dags/example_sla_dag.py
[2025-01-18T00:18:01.106+0000] {processor.py:925} INFO - DAG(s) 'example_sla_dag' retrieved from /home/airflow/.local/lib/python3.12/site-packages/airflow/example_dags/example_sla_dag.py
[2025-01-18T00:18:01.130+0000] {logging_mixin.py:190} INFO - [2025-01-18T00:18:01.130+0000] {dag.py:3239} INFO - Sync 1 DAGs
[2025-01-18T00:18:01.404+0000] {logging_mixin.py:190} INFO - [2025-01-18T00:18:01.404+0000] {dag.py:4180} INFO - Setting next_dagrun for example_sla_dag to 2025-01-18 00:16:00+00:00, run_after=2025-01-18 00:18:00+00:00
[2025-01-18T00:18:01.426+0000] {processor.py:208} INFO - Processing /home/airflow/.local/lib/python3.12/site-packages/airflow/example_dags/example_sla_dag.py took 0.347 seconds
[2025-01-18T00:18:31.832+0000] {processor.py:186} INFO - Started process (PID=19785) to work on /home/airflow/.local/lib/python3.12/site-packages/airflow/example_dags/example_sla_dag.py
[2025-01-18T00:18:31.833+0000] {processor.py:914} INFO - Processing file /home/airflow/.local/lib/python3.12/site-packages/airflow/example_dags/example_sla_dag.py for tasks to queue
[2025-01-18T00:18:31.836+0000] {logging_mixin.py:190} INFO - [2025-01-18T00:18:31.835+0000] {dagbag.py:588} INFO - Filling up the DagBag from /home/airflow/.local/lib/python3.12/site-packages/airflow/example_dags/example_sla_dag.py
[2025-01-18T00:18:31.846+0000] {processor.py:925} INFO - DAG(s) 'example_sla_dag' retrieved from /home/airflow/.local/lib/python3.12/site-packages/airflow/example_dags/example_sla_dag.py
[2025-01-18T00:18:31.867+0000] {logging_mixin.py:190} INFO - [2025-01-18T00:18:31.867+0000] {dag.py:3239} INFO - Sync 1 DAGs
[2025-01-18T00:18:32.114+0000] {logging_mixin.py:190} INFO - [2025-01-18T00:18:32.114+0000] {dag.py:4180} INFO - Setting next_dagrun for example_sla_dag to 2025-01-18 00:16:00+00:00, run_after=2025-01-18 00:18:00+00:00
[2025-01-18T00:18:32.140+0000] {processor.py:208} INFO - Processing /home/airflow/.local/lib/python3.12/site-packages/airflow/example_dags/example_sla_dag.py took 0.314 seconds
[2025-01-18T00:19:02.727+0000] {processor.py:186} INFO - Started process (PID=19858) to work on /home/airflow/.local/lib/python3.12/site-packages/airflow/example_dags/example_sla_dag.py
[2025-01-18T00:19:02.728+0000] {processor.py:914} INFO - Processing file /home/airflow/.local/lib/python3.12/site-packages/airflow/example_dags/example_sla_dag.py for tasks to queue
[2025-01-18T00:19:02.730+0000] {logging_mixin.py:190} INFO - [2025-01-18T00:19:02.730+0000] {dagbag.py:588} INFO - Filling up the DagBag from /home/airflow/.local/lib/python3.12/site-packages/airflow/example_dags/example_sla_dag.py
[2025-01-18T00:19:02.741+0000] {processor.py:925} INFO - DAG(s) 'example_sla_dag' retrieved from /home/airflow/.local/lib/python3.12/site-packages/airflow/example_dags/example_sla_dag.py
[2025-01-18T00:19:02.763+0000] {logging_mixin.py:190} INFO - [2025-01-18T00:19:02.763+0000] {dag.py:3239} INFO - Sync 1 DAGs
[2025-01-18T00:19:02.793+0000] {logging_mixin.py:190} INFO - [2025-01-18T00:19:02.793+0000] {dag.py:4180} INFO - Setting next_dagrun for example_sla_dag to 2025-01-18 00:16:00+00:00, run_after=2025-01-18 00:18:00+00:00
[2025-01-18T00:19:02.817+0000] {processor.py:208} INFO - Processing /home/airflow/.local/lib/python3.12/site-packages/airflow/example_dags/example_sla_dag.py took 0.097 seconds
[2025-01-18T00:19:33.472+0000] {processor.py:186} INFO - Started process (PID=19926) to work on /home/airflow/.local/lib/python3.12/site-packages/airflow/example_dags/example_sla_dag.py
[2025-01-18T00:19:33.474+0000] {processor.py:914} INFO - Processing file /home/airflow/.local/lib/python3.12/site-packages/airflow/example_dags/example_sla_dag.py for tasks to queue
[2025-01-18T00:19:33.476+0000] {logging_mixin.py:190} INFO - [2025-01-18T00:19:33.476+0000] {dagbag.py:588} INFO - Filling up the DagBag from /home/airflow/.local/lib/python3.12/site-packages/airflow/example_dags/example_sla_dag.py
[2025-01-18T00:19:33.488+0000] {processor.py:925} INFO - DAG(s) 'example_sla_dag' retrieved from /home/airflow/.local/lib/python3.12/site-packages/airflow/example_dags/example_sla_dag.py
[2025-01-18T00:19:33.511+0000] {logging_mixin.py:190} INFO - [2025-01-18T00:19:33.511+0000] {dag.py:3239} INFO - Sync 1 DAGs
[2025-01-18T00:19:33.542+0000] {logging_mixin.py:190} INFO - [2025-01-18T00:19:33.542+0000] {dag.py:4180} INFO - Setting next_dagrun for example_sla_dag to 2025-01-18 00:16:00+00:00, run_after=2025-01-18 00:18:00+00:00
[2025-01-18T00:19:33.563+0000] {processor.py:208} INFO - Processing /home/airflow/.local/lib/python3.12/site-packages/airflow/example_dags/example_sla_dag.py took 0.097 seconds
[2025-01-18T00:20:04.280+0000] {processor.py:186} INFO - Started process (PID=19993) to work on /home/airflow/.local/lib/python3.12/site-packages/airflow/example_dags/example_sla_dag.py
[2025-01-18T00:20:04.282+0000] {processor.py:914} INFO - Processing file /home/airflow/.local/lib/python3.12/site-packages/airflow/example_dags/example_sla_dag.py for tasks to queue
[2025-01-18T00:20:04.285+0000] {logging_mixin.py:190} INFO - [2025-01-18T00:20:04.284+0000] {dagbag.py:588} INFO - Filling up the DagBag from /home/airflow/.local/lib/python3.12/site-packages/airflow/example_dags/example_sla_dag.py
[2025-01-18T00:20:04.296+0000] {processor.py:925} INFO - DAG(s) 'example_sla_dag' retrieved from /home/airflow/.local/lib/python3.12/site-packages/airflow/example_dags/example_sla_dag.py
[2025-01-18T00:20:04.319+0000] {logging_mixin.py:190} INFO - [2025-01-18T00:20:04.318+0000] {dag.py:3239} INFO - Sync 1 DAGs
[2025-01-18T00:20:04.349+0000] {logging_mixin.py:190} INFO - [2025-01-18T00:20:04.349+0000] {dag.py:4180} INFO - Setting next_dagrun for example_sla_dag to 2025-01-18 00:18:00+00:00, run_after=2025-01-18 00:20:00+00:00
[2025-01-18T00:20:04.369+0000] {processor.py:208} INFO - Processing /home/airflow/.local/lib/python3.12/site-packages/airflow/example_dags/example_sla_dag.py took 0.096 seconds
[2025-01-18T00:20:34.962+0000] {processor.py:186} INFO - Started process (PID=20060) to work on /home/airflow/.local/lib/python3.12/site-packages/airflow/example_dags/example_sla_dag.py
[2025-01-18T00:20:34.964+0000] {processor.py:914} INFO - Processing file /home/airflow/.local/lib/python3.12/site-packages/airflow/example_dags/example_sla_dag.py for tasks to queue
[2025-01-18T00:20:34.967+0000] {logging_mixin.py:190} INFO - [2025-01-18T00:20:34.967+0000] {dagbag.py:588} INFO - Filling up the DagBag from /home/airflow/.local/lib/python3.12/site-packages/airflow/example_dags/example_sla_dag.py
[2025-01-18T00:20:34.979+0000] {processor.py:925} INFO - DAG(s) 'example_sla_dag' retrieved from /home/airflow/.local/lib/python3.12/site-packages/airflow/example_dags/example_sla_dag.py
[2025-01-18T00:20:35.008+0000] {logging_mixin.py:190} INFO - [2025-01-18T00:20:35.007+0000] {dag.py:3239} INFO - Sync 1 DAGs
[2025-01-18T00:20:35.047+0000] {logging_mixin.py:190} INFO - [2025-01-18T00:20:35.047+0000] {dag.py:4180} INFO - Setting next_dagrun for example_sla_dag to 2025-01-18 00:18:00+00:00, run_after=2025-01-18 00:20:00+00:00
[2025-01-18T00:20:35.071+0000] {processor.py:208} INFO - Processing /home/airflow/.local/lib/python3.12/site-packages/airflow/example_dags/example_sla_dag.py took 0.115 seconds
[2025-01-18T00:21:05.352+0000] {processor.py:186} INFO - Started process (PID=20127) to work on /home/airflow/.local/lib/python3.12/site-packages/airflow/example_dags/example_sla_dag.py
[2025-01-18T00:21:05.353+0000] {processor.py:914} INFO - Processing file /home/airflow/.local/lib/python3.12/site-packages/airflow/example_dags/example_sla_dag.py for tasks to queue
[2025-01-18T00:21:05.356+0000] {logging_mixin.py:190} INFO - [2025-01-18T00:21:05.355+0000] {dagbag.py:588} INFO - Filling up the DagBag from /home/airflow/.local/lib/python3.12/site-packages/airflow/example_dags/example_sla_dag.py
[2025-01-18T00:21:05.368+0000] {processor.py:925} INFO - DAG(s) 'example_sla_dag' retrieved from /home/airflow/.local/lib/python3.12/site-packages/airflow/example_dags/example_sla_dag.py
[2025-01-18T00:21:05.391+0000] {logging_mixin.py:190} INFO - [2025-01-18T00:21:05.391+0000] {dag.py:3239} INFO - Sync 1 DAGs
[2025-01-18T00:21:05.424+0000] {logging_mixin.py:190} INFO - [2025-01-18T00:21:05.424+0000] {dag.py:4180} INFO - Setting next_dagrun for example_sla_dag to 2025-01-18 00:18:00+00:00, run_after=2025-01-18 00:20:00+00:00
[2025-01-18T00:21:05.449+0000] {processor.py:208} INFO - Processing /home/airflow/.local/lib/python3.12/site-packages/airflow/example_dags/example_sla_dag.py took 0.103 seconds
[2025-01-18T00:21:35.685+0000] {processor.py:186} INFO - Started process (PID=20194) to work on /home/airflow/.local/lib/python3.12/site-packages/airflow/example_dags/example_sla_dag.py
[2025-01-18T00:21:35.686+0000] {processor.py:914} INFO - Processing file /home/airflow/.local/lib/python3.12/site-packages/airflow/example_dags/example_sla_dag.py for tasks to queue
[2025-01-18T00:21:35.688+0000] {logging_mixin.py:190} INFO - [2025-01-18T00:21:35.688+0000] {dagbag.py:588} INFO - Filling up the DagBag from /home/airflow/.local/lib/python3.12/site-packages/airflow/example_dags/example_sla_dag.py
[2025-01-18T00:21:35.702+0000] {processor.py:925} INFO - DAG(s) 'example_sla_dag' retrieved from /home/airflow/.local/lib/python3.12/site-packages/airflow/example_dags/example_sla_dag.py
[2025-01-18T00:21:35.726+0000] {logging_mixin.py:190} INFO - [2025-01-18T00:21:35.725+0000] {dag.py:3239} INFO - Sync 1 DAGs
[2025-01-18T00:21:35.756+0000] {logging_mixin.py:190} INFO - [2025-01-18T00:21:35.756+0000] {dag.py:4180} INFO - Setting next_dagrun for example_sla_dag to 2025-01-18 00:18:00+00:00, run_after=2025-01-18 00:20:00+00:00
[2025-01-18T00:21:35.783+0000] {processor.py:208} INFO - Processing /home/airflow/.local/lib/python3.12/site-packages/airflow/example_dags/example_sla_dag.py took 0.105 seconds
[2025-01-18T00:22:06.131+0000] {processor.py:186} INFO - Started process (PID=20261) to work on /home/airflow/.local/lib/python3.12/site-packages/airflow/example_dags/example_sla_dag.py
[2025-01-18T00:22:06.132+0000] {processor.py:914} INFO - Processing file /home/airflow/.local/lib/python3.12/site-packages/airflow/example_dags/example_sla_dag.py for tasks to queue
[2025-01-18T00:22:06.136+0000] {logging_mixin.py:190} INFO - [2025-01-18T00:22:06.135+0000] {dagbag.py:588} INFO - Filling up the DagBag from /home/airflow/.local/lib/python3.12/site-packages/airflow/example_dags/example_sla_dag.py
[2025-01-18T00:22:06.147+0000] {processor.py:925} INFO - DAG(s) 'example_sla_dag' retrieved from /home/airflow/.local/lib/python3.12/site-packages/airflow/example_dags/example_sla_dag.py
[2025-01-18T00:22:06.182+0000] {logging_mixin.py:190} INFO - [2025-01-18T00:22:06.182+0000] {dag.py:3239} INFO - Sync 1 DAGs
[2025-01-18T00:22:06.225+0000] {logging_mixin.py:190} INFO - [2025-01-18T00:22:06.225+0000] {dag.py:4180} INFO - Setting next_dagrun for example_sla_dag to 2025-01-18 00:20:00+00:00, run_after=2025-01-18 00:22:00+00:00
[2025-01-18T00:22:06.251+0000] {processor.py:208} INFO - Processing /home/airflow/.local/lib/python3.12/site-packages/airflow/example_dags/example_sla_dag.py took 0.127 seconds
[2025-01-18T00:22:36.844+0000] {processor.py:186} INFO - Started process (PID=20328) to work on /home/airflow/.local/lib/python3.12/site-packages/airflow/example_dags/example_sla_dag.py
[2025-01-18T00:22:36.846+0000] {processor.py:914} INFO - Processing file /home/airflow/.local/lib/python3.12/site-packages/airflow/example_dags/example_sla_dag.py for tasks to queue
[2025-01-18T00:22:36.849+0000] {logging_mixin.py:190} INFO - [2025-01-18T00:22:36.848+0000] {dagbag.py:588} INFO - Filling up the DagBag from /home/airflow/.local/lib/python3.12/site-packages/airflow/example_dags/example_sla_dag.py
[2025-01-18T00:22:36.864+0000] {processor.py:925} INFO - DAG(s) 'example_sla_dag' retrieved from /home/airflow/.local/lib/python3.12/site-packages/airflow/example_dags/example_sla_dag.py
[2025-01-18T00:22:36.899+0000] {logging_mixin.py:190} INFO - [2025-01-18T00:22:36.898+0000] {dag.py:3239} INFO - Sync 1 DAGs
[2025-01-18T00:22:36.939+0000] {logging_mixin.py:190} INFO - [2025-01-18T00:22:36.939+0000] {dag.py:4180} INFO - Setting next_dagrun for example_sla_dag to 2025-01-18 00:20:00+00:00, run_after=2025-01-18 00:22:00+00:00
[2025-01-18T00:22:36.968+0000] {processor.py:208} INFO - Processing /home/airflow/.local/lib/python3.12/site-packages/airflow/example_dags/example_sla_dag.py took 0.132 seconds
[2025-01-18T00:23:07.178+0000] {processor.py:186} INFO - Started process (PID=20401) to work on /home/airflow/.local/lib/python3.12/site-packages/airflow/example_dags/example_sla_dag.py
[2025-01-18T00:23:07.179+0000] {processor.py:914} INFO - Processing file /home/airflow/.local/lib/python3.12/site-packages/airflow/example_dags/example_sla_dag.py for tasks to queue
[2025-01-18T00:23:07.181+0000] {logging_mixin.py:190} INFO - [2025-01-18T00:23:07.181+0000] {dagbag.py:588} INFO - Filling up the DagBag from /home/airflow/.local/lib/python3.12/site-packages/airflow/example_dags/example_sla_dag.py
[2025-01-18T00:23:07.191+0000] {processor.py:925} INFO - DAG(s) 'example_sla_dag' retrieved from /home/airflow/.local/lib/python3.12/site-packages/airflow/example_dags/example_sla_dag.py
[2025-01-18T00:23:07.215+0000] {logging_mixin.py:190} INFO - [2025-01-18T00:23:07.214+0000] {dag.py:3239} INFO - Sync 1 DAGs
[2025-01-18T00:23:07.244+0000] {logging_mixin.py:190} INFO - [2025-01-18T00:23:07.244+0000] {dag.py:4180} INFO - Setting next_dagrun for example_sla_dag to 2025-01-18 00:20:00+00:00, run_after=2025-01-18 00:22:00+00:00
[2025-01-18T00:23:07.269+0000] {processor.py:208} INFO - Processing /home/airflow/.local/lib/python3.12/site-packages/airflow/example_dags/example_sla_dag.py took 0.097 seconds
[2025-01-18T00:23:37.800+0000] {processor.py:186} INFO - Started process (PID=20468) to work on /home/airflow/.local/lib/python3.12/site-packages/airflow/example_dags/example_sla_dag.py
[2025-01-18T00:23:37.801+0000] {processor.py:914} INFO - Processing file /home/airflow/.local/lib/python3.12/site-packages/airflow/example_dags/example_sla_dag.py for tasks to queue
[2025-01-18T00:23:37.803+0000] {logging_mixin.py:190} INFO - [2025-01-18T00:23:37.803+0000] {dagbag.py:588} INFO - Filling up the DagBag from /home/airflow/.local/lib/python3.12/site-packages/airflow/example_dags/example_sla_dag.py
[2025-01-18T00:23:37.814+0000] {processor.py:925} INFO - DAG(s) 'example_sla_dag' retrieved from /home/airflow/.local/lib/python3.12/site-packages/airflow/example_dags/example_sla_dag.py
[2025-01-18T00:23:37.836+0000] {logging_mixin.py:190} INFO - [2025-01-18T00:23:37.836+0000] {dag.py:3239} INFO - Sync 1 DAGs
[2025-01-18T00:23:37.864+0000] {logging_mixin.py:190} INFO - [2025-01-18T00:23:37.864+0000] {dag.py:4180} INFO - Setting next_dagrun for example_sla_dag to 2025-01-18 00:20:00+00:00, run_after=2025-01-18 00:22:00+00:00
[2025-01-18T00:23:37.886+0000] {processor.py:208} INFO - Processing /home/airflow/.local/lib/python3.12/site-packages/airflow/example_dags/example_sla_dag.py took 0.093 seconds
[2025-01-18T00:24:08.178+0000] {processor.py:186} INFO - Started process (PID=20535) to work on /home/airflow/.local/lib/python3.12/site-packages/airflow/example_dags/example_sla_dag.py
[2025-01-18T00:24:08.179+0000] {processor.py:914} INFO - Processing file /home/airflow/.local/lib/python3.12/site-packages/airflow/example_dags/example_sla_dag.py for tasks to queue
[2025-01-18T00:24:08.181+0000] {logging_mixin.py:190} INFO - [2025-01-18T00:24:08.181+0000] {dagbag.py:588} INFO - Filling up the DagBag from /home/airflow/.local/lib/python3.12/site-packages/airflow/example_dags/example_sla_dag.py
[2025-01-18T00:24:08.190+0000] {processor.py:925} INFO - DAG(s) 'example_sla_dag' retrieved from /home/airflow/.local/lib/python3.12/site-packages/airflow/example_dags/example_sla_dag.py
[2025-01-18T00:24:08.210+0000] {logging_mixin.py:190} INFO - [2025-01-18T00:24:08.210+0000] {dag.py:3239} INFO - Sync 1 DAGs
[2025-01-18T00:24:08.241+0000] {logging_mixin.py:190} INFO - [2025-01-18T00:24:08.241+0000] {dag.py:4180} INFO - Setting next_dagrun for example_sla_dag to 2025-01-18 00:22:00+00:00, run_after=2025-01-18 00:24:00+00:00
[2025-01-18T00:24:08.262+0000] {processor.py:208} INFO - Processing /home/airflow/.local/lib/python3.12/site-packages/airflow/example_dags/example_sla_dag.py took 0.090 seconds
[2025-01-18T00:24:38.886+0000] {processor.py:186} INFO - Started process (PID=20602) to work on /home/airflow/.local/lib/python3.12/site-packages/airflow/example_dags/example_sla_dag.py
[2025-01-18T00:24:38.887+0000] {processor.py:914} INFO - Processing file /home/airflow/.local/lib/python3.12/site-packages/airflow/example_dags/example_sla_dag.py for tasks to queue
[2025-01-18T00:24:38.890+0000] {logging_mixin.py:190} INFO - [2025-01-18T00:24:38.890+0000] {dagbag.py:588} INFO - Filling up the DagBag from /home/airflow/.local/lib/python3.12/site-packages/airflow/example_dags/example_sla_dag.py
[2025-01-18T00:24:38.901+0000] {processor.py:925} INFO - DAG(s) 'example_sla_dag' retrieved from /home/airflow/.local/lib/python3.12/site-packages/airflow/example_dags/example_sla_dag.py
[2025-01-18T00:24:38.925+0000] {logging_mixin.py:190} INFO - [2025-01-18T00:24:38.924+0000] {dag.py:3239} INFO - Sync 1 DAGs
[2025-01-18T00:24:38.958+0000] {logging_mixin.py:190} INFO - [2025-01-18T00:24:38.957+0000] {dag.py:4180} INFO - Setting next_dagrun for example_sla_dag to 2025-01-18 00:22:00+00:00, run_after=2025-01-18 00:24:00+00:00
[2025-01-18T00:24:38.984+0000] {processor.py:208} INFO - Processing /home/airflow/.local/lib/python3.12/site-packages/airflow/example_dags/example_sla_dag.py took 0.104 seconds
[2025-01-18T00:25:09.704+0000] {processor.py:186} INFO - Started process (PID=20669) to work on /home/airflow/.local/lib/python3.12/site-packages/airflow/example_dags/example_sla_dag.py
[2025-01-18T00:25:09.705+0000] {processor.py:914} INFO - Processing file /home/airflow/.local/lib/python3.12/site-packages/airflow/example_dags/example_sla_dag.py for tasks to queue
[2025-01-18T00:25:09.709+0000] {logging_mixin.py:190} INFO - [2025-01-18T00:25:09.708+0000] {dagbag.py:588} INFO - Filling up the DagBag from /home/airflow/.local/lib/python3.12/site-packages/airflow/example_dags/example_sla_dag.py
[2025-01-18T00:25:09.723+0000] {processor.py:925} INFO - DAG(s) 'example_sla_dag' retrieved from /home/airflow/.local/lib/python3.12/site-packages/airflow/example_dags/example_sla_dag.py
[2025-01-18T00:25:09.754+0000] {logging_mixin.py:190} INFO - [2025-01-18T00:25:09.751+0000] {dag.py:3239} INFO - Sync 1 DAGs
[2025-01-18T00:25:09.800+0000] {logging_mixin.py:190} INFO - [2025-01-18T00:25:09.799+0000] {dag.py:4180} INFO - Setting next_dagrun for example_sla_dag to 2025-01-18 00:22:00+00:00, run_after=2025-01-18 00:24:00+00:00
[2025-01-18T00:25:09.824+0000] {processor.py:208} INFO - Processing /home/airflow/.local/lib/python3.12/site-packages/airflow/example_dags/example_sla_dag.py took 0.127 seconds
[2025-01-18T00:25:40.549+0000] {processor.py:186} INFO - Started process (PID=20736) to work on /home/airflow/.local/lib/python3.12/site-packages/airflow/example_dags/example_sla_dag.py
[2025-01-18T00:25:40.550+0000] {processor.py:914} INFO - Processing file /home/airflow/.local/lib/python3.12/site-packages/airflow/example_dags/example_sla_dag.py for tasks to queue
[2025-01-18T00:25:40.553+0000] {logging_mixin.py:190} INFO - [2025-01-18T00:25:40.553+0000] {dagbag.py:588} INFO - Filling up the DagBag from /home/airflow/.local/lib/python3.12/site-packages/airflow/example_dags/example_sla_dag.py
[2025-01-18T00:25:40.565+0000] {processor.py:925} INFO - DAG(s) 'example_sla_dag' retrieved from /home/airflow/.local/lib/python3.12/site-packages/airflow/example_dags/example_sla_dag.py
[2025-01-18T00:25:40.590+0000] {logging_mixin.py:190} INFO - [2025-01-18T00:25:40.589+0000] {dag.py:3239} INFO - Sync 1 DAGs
[2025-01-18T00:25:40.621+0000] {logging_mixin.py:190} INFO - [2025-01-18T00:25:40.621+0000] {dag.py:4180} INFO - Setting next_dagrun for example_sla_dag to 2025-01-18 00:22:00+00:00, run_after=2025-01-18 00:24:00+00:00
[2025-01-18T00:25:40.645+0000] {processor.py:208} INFO - Processing /home/airflow/.local/lib/python3.12/site-packages/airflow/example_dags/example_sla_dag.py took 0.105 seconds
[2025-01-18T00:26:11.182+0000] {processor.py:186} INFO - Started process (PID=20803) to work on /home/airflow/.local/lib/python3.12/site-packages/airflow/example_dags/example_sla_dag.py
[2025-01-18T00:26:11.183+0000] {processor.py:914} INFO - Processing file /home/airflow/.local/lib/python3.12/site-packages/airflow/example_dags/example_sla_dag.py for tasks to queue
[2025-01-18T00:26:11.186+0000] {logging_mixin.py:190} INFO - [2025-01-18T00:26:11.186+0000] {dagbag.py:588} INFO - Filling up the DagBag from /home/airflow/.local/lib/python3.12/site-packages/airflow/example_dags/example_sla_dag.py
[2025-01-18T00:26:11.197+0000] {processor.py:925} INFO - DAG(s) 'example_sla_dag' retrieved from /home/airflow/.local/lib/python3.12/site-packages/airflow/example_dags/example_sla_dag.py
[2025-01-18T00:26:11.219+0000] {logging_mixin.py:190} INFO - [2025-01-18T00:26:11.218+0000] {dag.py:3239} INFO - Sync 1 DAGs
[2025-01-18T00:26:11.246+0000] {logging_mixin.py:190} INFO - [2025-01-18T00:26:11.246+0000] {dag.py:4180} INFO - Setting next_dagrun for example_sla_dag to 2025-01-18 00:24:00+00:00, run_after=2025-01-18 00:26:00+00:00
[2025-01-18T00:26:11.269+0000] {processor.py:208} INFO - Processing /home/airflow/.local/lib/python3.12/site-packages/airflow/example_dags/example_sla_dag.py took 0.093 seconds
[2025-01-18T00:26:41.876+0000] {processor.py:186} INFO - Started process (PID=20870) to work on /home/airflow/.local/lib/python3.12/site-packages/airflow/example_dags/example_sla_dag.py
[2025-01-18T00:26:41.878+0000] {processor.py:914} INFO - Processing file /home/airflow/.local/lib/python3.12/site-packages/airflow/example_dags/example_sla_dag.py for tasks to queue
[2025-01-18T00:26:41.882+0000] {logging_mixin.py:190} INFO - [2025-01-18T00:26:41.882+0000] {dagbag.py:588} INFO - Filling up the DagBag from /home/airflow/.local/lib/python3.12/site-packages/airflow/example_dags/example_sla_dag.py
[2025-01-18T00:26:41.903+0000] {processor.py:925} INFO - DAG(s) 'example_sla_dag' retrieved from /home/airflow/.local/lib/python3.12/site-packages/airflow/example_dags/example_sla_dag.py
[2025-01-18T00:26:41.931+0000] {logging_mixin.py:190} INFO - [2025-01-18T00:26:41.930+0000] {dag.py:3239} INFO - Sync 1 DAGs
[2025-01-18T00:26:41.968+0000] {logging_mixin.py:190} INFO - [2025-01-18T00:26:41.968+0000] {dag.py:4180} INFO - Setting next_dagrun for example_sla_dag to 2025-01-18 00:24:00+00:00, run_after=2025-01-18 00:26:00+00:00
[2025-01-18T00:26:41.993+0000] {processor.py:208} INFO - Processing /home/airflow/.local/lib/python3.12/site-packages/airflow/example_dags/example_sla_dag.py took 0.127 seconds
[2025-01-18T00:27:12.713+0000] {processor.py:186} INFO - Started process (PID=20943) to work on /home/airflow/.local/lib/python3.12/site-packages/airflow/example_dags/example_sla_dag.py
[2025-01-18T00:27:12.715+0000] {processor.py:914} INFO - Processing file /home/airflow/.local/lib/python3.12/site-packages/airflow/example_dags/example_sla_dag.py for tasks to queue
[2025-01-18T00:27:12.719+0000] {logging_mixin.py:190} INFO - [2025-01-18T00:27:12.719+0000] {dagbag.py:588} INFO - Filling up the DagBag from /home/airflow/.local/lib/python3.12/site-packages/airflow/example_dags/example_sla_dag.py
[2025-01-18T00:27:12.743+0000] {processor.py:925} INFO - DAG(s) 'example_sla_dag' retrieved from /home/airflow/.local/lib/python3.12/site-packages/airflow/example_dags/example_sla_dag.py
[2025-01-18T00:27:12.779+0000] {logging_mixin.py:190} INFO - [2025-01-18T00:27:12.779+0000] {dag.py:3239} INFO - Sync 1 DAGs
[2025-01-18T00:27:12.822+0000] {logging_mixin.py:190} INFO - [2025-01-18T00:27:12.822+0000] {dag.py:4180} INFO - Setting next_dagrun for example_sla_dag to 2025-01-18 00:24:00+00:00, run_after=2025-01-18 00:26:00+00:00
[2025-01-18T00:27:12.847+0000] {processor.py:208} INFO - Processing /home/airflow/.local/lib/python3.12/site-packages/airflow/example_dags/example_sla_dag.py took 0.149 seconds
[2025-01-18T00:27:43.259+0000] {processor.py:186} INFO - Started process (PID=21010) to work on /home/airflow/.local/lib/python3.12/site-packages/airflow/example_dags/example_sla_dag.py
[2025-01-18T00:27:43.261+0000] {processor.py:914} INFO - Processing file /home/airflow/.local/lib/python3.12/site-packages/airflow/example_dags/example_sla_dag.py for tasks to queue
[2025-01-18T00:27:43.266+0000] {logging_mixin.py:190} INFO - [2025-01-18T00:27:43.265+0000] {dagbag.py:588} INFO - Filling up the DagBag from /home/airflow/.local/lib/python3.12/site-packages/airflow/example_dags/example_sla_dag.py
[2025-01-18T00:27:43.279+0000] {processor.py:925} INFO - DAG(s) 'example_sla_dag' retrieved from /home/airflow/.local/lib/python3.12/site-packages/airflow/example_dags/example_sla_dag.py
[2025-01-18T00:27:43.305+0000] {logging_mixin.py:190} INFO - [2025-01-18T00:27:43.305+0000] {dag.py:3239} INFO - Sync 1 DAGs
[2025-01-18T00:27:43.340+0000] {logging_mixin.py:190} INFO - [2025-01-18T00:27:43.339+0000] {dag.py:4180} INFO - Setting next_dagrun for example_sla_dag to 2025-01-18 00:24:00+00:00, run_after=2025-01-18 00:26:00+00:00
[2025-01-18T00:27:43.362+0000] {processor.py:208} INFO - Processing /home/airflow/.local/lib/python3.12/site-packages/airflow/example_dags/example_sla_dag.py took 0.110 seconds
[2025-01-18T00:28:13.705+0000] {processor.py:186} INFO - Started process (PID=21076) to work on /home/airflow/.local/lib/python3.12/site-packages/airflow/example_dags/example_sla_dag.py
[2025-01-18T00:28:13.707+0000] {processor.py:914} INFO - Processing file /home/airflow/.local/lib/python3.12/site-packages/airflow/example_dags/example_sla_dag.py for tasks to queue
[2025-01-18T00:28:13.711+0000] {logging_mixin.py:190} INFO - [2025-01-18T00:28:13.710+0000] {dagbag.py:588} INFO - Filling up the DagBag from /home/airflow/.local/lib/python3.12/site-packages/airflow/example_dags/example_sla_dag.py
[2025-01-18T00:28:13.723+0000] {processor.py:925} INFO - DAG(s) 'example_sla_dag' retrieved from /home/airflow/.local/lib/python3.12/site-packages/airflow/example_dags/example_sla_dag.py
[2025-01-18T00:28:13.752+0000] {logging_mixin.py:190} INFO - [2025-01-18T00:28:13.752+0000] {dag.py:3239} INFO - Sync 1 DAGs
[2025-01-18T00:28:13.786+0000] {logging_mixin.py:190} INFO - [2025-01-18T00:28:13.786+0000] {dag.py:4180} INFO - Setting next_dagrun for example_sla_dag to 2025-01-18 00:26:00+00:00, run_after=2025-01-18 00:28:00+00:00
[2025-01-18T00:28:13.809+0000] {processor.py:208} INFO - Processing /home/airflow/.local/lib/python3.12/site-packages/airflow/example_dags/example_sla_dag.py took 0.112 seconds
[2025-01-18T00:28:44.516+0000] {processor.py:186} INFO - Started process (PID=21143) to work on /home/airflow/.local/lib/python3.12/site-packages/airflow/example_dags/example_sla_dag.py
[2025-01-18T00:28:44.517+0000] {processor.py:914} INFO - Processing file /home/airflow/.local/lib/python3.12/site-packages/airflow/example_dags/example_sla_dag.py for tasks to queue
[2025-01-18T00:28:44.520+0000] {logging_mixin.py:190} INFO - [2025-01-18T00:28:44.519+0000] {dagbag.py:588} INFO - Filling up the DagBag from /home/airflow/.local/lib/python3.12/site-packages/airflow/example_dags/example_sla_dag.py
[2025-01-18T00:28:44.531+0000] {processor.py:925} INFO - DAG(s) 'example_sla_dag' retrieved from /home/airflow/.local/lib/python3.12/site-packages/airflow/example_dags/example_sla_dag.py
[2025-01-18T00:28:44.553+0000] {logging_mixin.py:190} INFO - [2025-01-18T00:28:44.553+0000] {dag.py:3239} INFO - Sync 1 DAGs
[2025-01-18T00:28:44.579+0000] {logging_mixin.py:190} INFO - [2025-01-18T00:28:44.579+0000] {dag.py:4180} INFO - Setting next_dagrun for example_sla_dag to 2025-01-18 00:26:00+00:00, run_after=2025-01-18 00:28:00+00:00
[2025-01-18T00:28:44.599+0000] {processor.py:208} INFO - Processing /home/airflow/.local/lib/python3.12/site-packages/airflow/example_dags/example_sla_dag.py took 0.089 seconds
[2025-01-18T00:29:15.017+0000] {processor.py:186} INFO - Started process (PID=21210) to work on /home/airflow/.local/lib/python3.12/site-packages/airflow/example_dags/example_sla_dag.py
[2025-01-18T00:29:15.018+0000] {processor.py:914} INFO - Processing file /home/airflow/.local/lib/python3.12/site-packages/airflow/example_dags/example_sla_dag.py for tasks to queue
[2025-01-18T00:29:15.020+0000] {logging_mixin.py:190} INFO - [2025-01-18T00:29:15.020+0000] {dagbag.py:588} INFO - Filling up the DagBag from /home/airflow/.local/lib/python3.12/site-packages/airflow/example_dags/example_sla_dag.py
[2025-01-18T00:29:15.032+0000] {processor.py:925} INFO - DAG(s) 'example_sla_dag' retrieved from /home/airflow/.local/lib/python3.12/site-packages/airflow/example_dags/example_sla_dag.py
[2025-01-18T00:29:15.055+0000] {logging_mixin.py:190} INFO - [2025-01-18T00:29:15.055+0000] {dag.py:3239} INFO - Sync 1 DAGs
[2025-01-18T00:29:15.088+0000] {logging_mixin.py:190} INFO - [2025-01-18T00:29:15.087+0000] {dag.py:4180} INFO - Setting next_dagrun for example_sla_dag to 2025-01-18 00:26:00+00:00, run_after=2025-01-18 00:28:00+00:00
[2025-01-18T00:29:15.110+0000] {processor.py:208} INFO - Processing /home/airflow/.local/lib/python3.12/site-packages/airflow/example_dags/example_sla_dag.py took 0.099 seconds
[2025-01-18T00:29:45.929+0000] {processor.py:186} INFO - Started process (PID=21277) to work on /home/airflow/.local/lib/python3.12/site-packages/airflow/example_dags/example_sla_dag.py
[2025-01-18T00:29:45.930+0000] {processor.py:914} INFO - Processing file /home/airflow/.local/lib/python3.12/site-packages/airflow/example_dags/example_sla_dag.py for tasks to queue
[2025-01-18T00:29:45.933+0000] {logging_mixin.py:190} INFO - [2025-01-18T00:29:45.932+0000] {dagbag.py:588} INFO - Filling up the DagBag from /home/airflow/.local/lib/python3.12/site-packages/airflow/example_dags/example_sla_dag.py
[2025-01-18T00:29:45.944+0000] {processor.py:925} INFO - DAG(s) 'example_sla_dag' retrieved from /home/airflow/.local/lib/python3.12/site-packages/airflow/example_dags/example_sla_dag.py
[2025-01-18T00:29:45.965+0000] {logging_mixin.py:190} INFO - [2025-01-18T00:29:45.965+0000] {dag.py:3239} INFO - Sync 1 DAGs
[2025-01-18T00:29:45.995+0000] {logging_mixin.py:190} INFO - [2025-01-18T00:29:45.995+0000] {dag.py:4180} INFO - Setting next_dagrun for example_sla_dag to 2025-01-18 00:26:00+00:00, run_after=2025-01-18 00:28:00+00:00
[2025-01-18T00:29:46.017+0000] {processor.py:208} INFO - Processing /home/airflow/.local/lib/python3.12/site-packages/airflow/example_dags/example_sla_dag.py took 0.095 seconds
[2025-01-18T00:30:16.428+0000] {processor.py:186} INFO - Started process (PID=21344) to work on /home/airflow/.local/lib/python3.12/site-packages/airflow/example_dags/example_sla_dag.py
[2025-01-18T00:30:16.429+0000] {processor.py:914} INFO - Processing file /home/airflow/.local/lib/python3.12/site-packages/airflow/example_dags/example_sla_dag.py for tasks to queue
[2025-01-18T00:30:16.431+0000] {logging_mixin.py:190} INFO - [2025-01-18T00:30:16.431+0000] {dagbag.py:588} INFO - Filling up the DagBag from /home/airflow/.local/lib/python3.12/site-packages/airflow/example_dags/example_sla_dag.py
[2025-01-18T00:30:16.443+0000] {processor.py:925} INFO - DAG(s) 'example_sla_dag' retrieved from /home/airflow/.local/lib/python3.12/site-packages/airflow/example_dags/example_sla_dag.py
[2025-01-18T00:30:16.466+0000] {logging_mixin.py:190} INFO - [2025-01-18T00:30:16.466+0000] {dag.py:3239} INFO - Sync 1 DAGs
[2025-01-18T00:30:16.507+0000] {logging_mixin.py:190} INFO - [2025-01-18T00:30:16.506+0000] {dag.py:4180} INFO - Setting next_dagrun for example_sla_dag to 2025-01-18 00:28:00+00:00, run_after=2025-01-18 00:30:00+00:00
[2025-01-18T00:30:16.539+0000] {processor.py:208} INFO - Processing /home/airflow/.local/lib/python3.12/site-packages/airflow/example_dags/example_sla_dag.py took 0.117 seconds
[2025-01-18T00:30:46.620+0000] {processor.py:186} INFO - Started process (PID=21411) to work on /home/airflow/.local/lib/python3.12/site-packages/airflow/example_dags/example_sla_dag.py
[2025-01-18T00:30:46.621+0000] {processor.py:914} INFO - Processing file /home/airflow/.local/lib/python3.12/site-packages/airflow/example_dags/example_sla_dag.py for tasks to queue
[2025-01-18T00:30:46.623+0000] {logging_mixin.py:190} INFO - [2025-01-18T00:30:46.623+0000] {dagbag.py:588} INFO - Filling up the DagBag from /home/airflow/.local/lib/python3.12/site-packages/airflow/example_dags/example_sla_dag.py
[2025-01-18T00:30:46.633+0000] {processor.py:925} INFO - DAG(s) 'example_sla_dag' retrieved from /home/airflow/.local/lib/python3.12/site-packages/airflow/example_dags/example_sla_dag.py
[2025-01-18T00:30:46.655+0000] {logging_mixin.py:190} INFO - [2025-01-18T00:30:46.655+0000] {dag.py:3239} INFO - Sync 1 DAGs
[2025-01-18T00:30:46.688+0000] {logging_mixin.py:190} INFO - [2025-01-18T00:30:46.688+0000] {dag.py:4180} INFO - Setting next_dagrun for example_sla_dag to 2025-01-18 00:28:00+00:00, run_after=2025-01-18 00:30:00+00:00
[2025-01-18T00:30:46.711+0000] {processor.py:208} INFO - Processing /home/airflow/.local/lib/python3.12/site-packages/airflow/example_dags/example_sla_dag.py took 0.097 seconds
[2025-01-18T00:31:16.934+0000] {processor.py:186} INFO - Started process (PID=21478) to work on /home/airflow/.local/lib/python3.12/site-packages/airflow/example_dags/example_sla_dag.py
[2025-01-18T00:31:16.935+0000] {processor.py:914} INFO - Processing file /home/airflow/.local/lib/python3.12/site-packages/airflow/example_dags/example_sla_dag.py for tasks to queue
[2025-01-18T00:31:16.937+0000] {logging_mixin.py:190} INFO - [2025-01-18T00:31:16.937+0000] {dagbag.py:588} INFO - Filling up the DagBag from /home/airflow/.local/lib/python3.12/site-packages/airflow/example_dags/example_sla_dag.py
[2025-01-18T00:31:16.947+0000] {processor.py:925} INFO - DAG(s) 'example_sla_dag' retrieved from /home/airflow/.local/lib/python3.12/site-packages/airflow/example_dags/example_sla_dag.py
[2025-01-18T00:31:16.968+0000] {logging_mixin.py:190} INFO - [2025-01-18T00:31:16.968+0000] {dag.py:3239} INFO - Sync 1 DAGs
[2025-01-18T00:31:16.996+0000] {logging_mixin.py:190} INFO - [2025-01-18T00:31:16.996+0000] {dag.py:4180} INFO - Setting next_dagrun for example_sla_dag to 2025-01-18 00:28:00+00:00, run_after=2025-01-18 00:30:00+00:00
[2025-01-18T00:31:17.019+0000] {processor.py:208} INFO - Processing /home/airflow/.local/lib/python3.12/site-packages/airflow/example_dags/example_sla_dag.py took 0.090 seconds
[2025-01-18T00:31:47.321+0000] {processor.py:186} INFO - Started process (PID=21551) to work on /home/airflow/.local/lib/python3.12/site-packages/airflow/example_dags/example_sla_dag.py
[2025-01-18T00:31:47.323+0000] {processor.py:914} INFO - Processing file /home/airflow/.local/lib/python3.12/site-packages/airflow/example_dags/example_sla_dag.py for tasks to queue
[2025-01-18T00:31:47.325+0000] {logging_mixin.py:190} INFO - [2025-01-18T00:31:47.325+0000] {dagbag.py:588} INFO - Filling up the DagBag from /home/airflow/.local/lib/python3.12/site-packages/airflow/example_dags/example_sla_dag.py
[2025-01-18T00:31:47.338+0000] {processor.py:925} INFO - DAG(s) 'example_sla_dag' retrieved from /home/airflow/.local/lib/python3.12/site-packages/airflow/example_dags/example_sla_dag.py
[2025-01-18T00:31:47.362+0000] {logging_mixin.py:190} INFO - [2025-01-18T00:31:47.362+0000] {dag.py:3239} INFO - Sync 1 DAGs
[2025-01-18T00:31:47.403+0000] {logging_mixin.py:190} INFO - [2025-01-18T00:31:47.402+0000] {dag.py:4180} INFO - Setting next_dagrun for example_sla_dag to 2025-01-18 00:28:00+00:00, run_after=2025-01-18 00:30:00+00:00
[2025-01-18T00:31:47.429+0000] {processor.py:208} INFO - Processing /home/airflow/.local/lib/python3.12/site-packages/airflow/example_dags/example_sla_dag.py took 0.116 seconds
[2025-01-18T00:32:17.611+0000] {processor.py:186} INFO - Started process (PID=21617) to work on /home/airflow/.local/lib/python3.12/site-packages/airflow/example_dags/example_sla_dag.py
[2025-01-18T00:32:17.612+0000] {processor.py:914} INFO - Processing file /home/airflow/.local/lib/python3.12/site-packages/airflow/example_dags/example_sla_dag.py for tasks to queue
[2025-01-18T00:32:17.615+0000] {logging_mixin.py:190} INFO - [2025-01-18T00:32:17.615+0000] {dagbag.py:588} INFO - Filling up the DagBag from /home/airflow/.local/lib/python3.12/site-packages/airflow/example_dags/example_sla_dag.py
[2025-01-18T00:32:17.626+0000] {processor.py:925} INFO - DAG(s) 'example_sla_dag' retrieved from /home/airflow/.local/lib/python3.12/site-packages/airflow/example_dags/example_sla_dag.py
[2025-01-18T00:32:17.647+0000] {logging_mixin.py:190} INFO - [2025-01-18T00:32:17.647+0000] {dag.py:3239} INFO - Sync 1 DAGs
[2025-01-18T00:32:17.679+0000] {logging_mixin.py:190} INFO - [2025-01-18T00:32:17.679+0000] {dag.py:4180} INFO - Setting next_dagrun for example_sla_dag to 2025-01-18 00:30:00+00:00, run_after=2025-01-18 00:32:00+00:00
[2025-01-18T00:32:17.705+0000] {processor.py:208} INFO - Processing /home/airflow/.local/lib/python3.12/site-packages/airflow/example_dags/example_sla_dag.py took 0.101 seconds
[2025-01-18T00:32:47.780+0000] {processor.py:186} INFO - Started process (PID=21684) to work on /home/airflow/.local/lib/python3.12/site-packages/airflow/example_dags/example_sla_dag.py
[2025-01-18T00:32:47.781+0000] {processor.py:914} INFO - Processing file /home/airflow/.local/lib/python3.12/site-packages/airflow/example_dags/example_sla_dag.py for tasks to queue
[2025-01-18T00:32:47.784+0000] {logging_mixin.py:190} INFO - [2025-01-18T00:32:47.784+0000] {dagbag.py:588} INFO - Filling up the DagBag from /home/airflow/.local/lib/python3.12/site-packages/airflow/example_dags/example_sla_dag.py
[2025-01-18T00:32:47.798+0000] {processor.py:925} INFO - DAG(s) 'example_sla_dag' retrieved from /home/airflow/.local/lib/python3.12/site-packages/airflow/example_dags/example_sla_dag.py
[2025-01-18T00:32:47.826+0000] {logging_mixin.py:190} INFO - [2025-01-18T00:32:47.826+0000] {dag.py:3239} INFO - Sync 1 DAGs
[2025-01-18T00:32:47.863+0000] {logging_mixin.py:190} INFO - [2025-01-18T00:32:47.862+0000] {dag.py:4180} INFO - Setting next_dagrun for example_sla_dag to 2025-01-18 00:30:00+00:00, run_after=2025-01-18 00:32:00+00:00
[2025-01-18T00:32:47.890+0000] {processor.py:208} INFO - Processing /home/airflow/.local/lib/python3.12/site-packages/airflow/example_dags/example_sla_dag.py took 0.118 seconds
[2025-01-18T00:33:18.665+0000] {processor.py:186} INFO - Started process (PID=21751) to work on /home/airflow/.local/lib/python3.12/site-packages/airflow/example_dags/example_sla_dag.py
[2025-01-18T00:33:18.667+0000] {processor.py:914} INFO - Processing file /home/airflow/.local/lib/python3.12/site-packages/airflow/example_dags/example_sla_dag.py for tasks to queue
[2025-01-18T00:33:18.671+0000] {logging_mixin.py:190} INFO - [2025-01-18T00:33:18.670+0000] {dagbag.py:588} INFO - Filling up the DagBag from /home/airflow/.local/lib/python3.12/site-packages/airflow/example_dags/example_sla_dag.py
[2025-01-18T00:33:18.687+0000] {processor.py:925} INFO - DAG(s) 'example_sla_dag' retrieved from /home/airflow/.local/lib/python3.12/site-packages/airflow/example_dags/example_sla_dag.py
[2025-01-18T00:33:18.710+0000] {logging_mixin.py:190} INFO - [2025-01-18T00:33:18.709+0000] {dag.py:3239} INFO - Sync 1 DAGs
[2025-01-18T00:33:18.739+0000] {logging_mixin.py:190} INFO - [2025-01-18T00:33:18.739+0000] {dag.py:4180} INFO - Setting next_dagrun for example_sla_dag to 2025-01-18 00:30:00+00:00, run_after=2025-01-18 00:32:00+00:00
[2025-01-18T00:33:18.760+0000] {processor.py:208} INFO - Processing /home/airflow/.local/lib/python3.12/site-packages/airflow/example_dags/example_sla_dag.py took 0.104 seconds
[2025-01-18T00:33:49.217+0000] {processor.py:186} INFO - Started process (PID=21818) to work on /home/airflow/.local/lib/python3.12/site-packages/airflow/example_dags/example_sla_dag.py
[2025-01-18T00:33:49.218+0000] {processor.py:914} INFO - Processing file /home/airflow/.local/lib/python3.12/site-packages/airflow/example_dags/example_sla_dag.py for tasks to queue
[2025-01-18T00:33:49.220+0000] {logging_mixin.py:190} INFO - [2025-01-18T00:33:49.220+0000] {dagbag.py:588} INFO - Filling up the DagBag from /home/airflow/.local/lib/python3.12/site-packages/airflow/example_dags/example_sla_dag.py
[2025-01-18T00:33:49.232+0000] {processor.py:925} INFO - DAG(s) 'example_sla_dag' retrieved from /home/airflow/.local/lib/python3.12/site-packages/airflow/example_dags/example_sla_dag.py
[2025-01-18T00:33:49.261+0000] {logging_mixin.py:190} INFO - [2025-01-18T00:33:49.260+0000] {dag.py:3239} INFO - Sync 1 DAGs
[2025-01-18T00:33:49.299+0000] {logging_mixin.py:190} INFO - [2025-01-18T00:33:49.299+0000] {dag.py:4180} INFO - Setting next_dagrun for example_sla_dag to 2025-01-18 00:30:00+00:00, run_after=2025-01-18 00:32:00+00:00
[2025-01-18T00:33:49.323+0000] {processor.py:208} INFO - Processing /home/airflow/.local/lib/python3.12/site-packages/airflow/example_dags/example_sla_dag.py took 0.113 seconds
[2025-01-18T00:34:19.676+0000] {processor.py:186} INFO - Started process (PID=21886) to work on /home/airflow/.local/lib/python3.12/site-packages/airflow/example_dags/example_sla_dag.py
[2025-01-18T00:34:19.677+0000] {processor.py:914} INFO - Processing file /home/airflow/.local/lib/python3.12/site-packages/airflow/example_dags/example_sla_dag.py for tasks to queue
[2025-01-18T00:34:19.679+0000] {logging_mixin.py:190} INFO - [2025-01-18T00:34:19.679+0000] {dagbag.py:588} INFO - Filling up the DagBag from /home/airflow/.local/lib/python3.12/site-packages/airflow/example_dags/example_sla_dag.py
[2025-01-18T00:34:19.690+0000] {processor.py:925} INFO - DAG(s) 'example_sla_dag' retrieved from /home/airflow/.local/lib/python3.12/site-packages/airflow/example_dags/example_sla_dag.py
[2025-01-18T00:34:19.714+0000] {logging_mixin.py:190} INFO - [2025-01-18T00:34:19.714+0000] {dag.py:3239} INFO - Sync 1 DAGs
[2025-01-18T00:34:19.744+0000] {logging_mixin.py:190} INFO - [2025-01-18T00:34:19.743+0000] {dag.py:4180} INFO - Setting next_dagrun for example_sla_dag to 2025-01-18 00:32:00+00:00, run_after=2025-01-18 00:34:00+00:00
[2025-01-18T00:34:19.767+0000] {processor.py:208} INFO - Processing /home/airflow/.local/lib/python3.12/site-packages/airflow/example_dags/example_sla_dag.py took 0.098 seconds
[2025-01-18T00:34:49.999+0000] {processor.py:186} INFO - Started process (PID=21953) to work on /home/airflow/.local/lib/python3.12/site-packages/airflow/example_dags/example_sla_dag.py
[2025-01-18T00:34:50.000+0000] {processor.py:914} INFO - Processing file /home/airflow/.local/lib/python3.12/site-packages/airflow/example_dags/example_sla_dag.py for tasks to queue
[2025-01-18T00:34:50.003+0000] {logging_mixin.py:190} INFO - [2025-01-18T00:34:50.002+0000] {dagbag.py:588} INFO - Filling up the DagBag from /home/airflow/.local/lib/python3.12/site-packages/airflow/example_dags/example_sla_dag.py
[2025-01-18T00:34:50.016+0000] {processor.py:925} INFO - DAG(s) 'example_sla_dag' retrieved from /home/airflow/.local/lib/python3.12/site-packages/airflow/example_dags/example_sla_dag.py
[2025-01-18T00:34:50.040+0000] {logging_mixin.py:190} INFO - [2025-01-18T00:34:50.040+0000] {dag.py:3239} INFO - Sync 1 DAGs
[2025-01-18T00:34:50.076+0000] {logging_mixin.py:190} INFO - [2025-01-18T00:34:50.075+0000] {dag.py:4180} INFO - Setting next_dagrun for example_sla_dag to 2025-01-18 00:32:00+00:00, run_after=2025-01-18 00:34:00+00:00
[2025-01-18T00:34:50.098+0000] {processor.py:208} INFO - Processing /home/airflow/.local/lib/python3.12/site-packages/airflow/example_dags/example_sla_dag.py took 0.106 seconds
[2025-01-18T00:35:20.250+0000] {processor.py:186} INFO - Started process (PID=22020) to work on /home/airflow/.local/lib/python3.12/site-packages/airflow/example_dags/example_sla_dag.py
[2025-01-18T00:35:20.251+0000] {processor.py:914} INFO - Processing file /home/airflow/.local/lib/python3.12/site-packages/airflow/example_dags/example_sla_dag.py for tasks to queue
[2025-01-18T00:35:20.253+0000] {logging_mixin.py:190} INFO - [2025-01-18T00:35:20.253+0000] {dagbag.py:588} INFO - Filling up the DagBag from /home/airflow/.local/lib/python3.12/site-packages/airflow/example_dags/example_sla_dag.py
[2025-01-18T00:35:20.265+0000] {processor.py:925} INFO - DAG(s) 'example_sla_dag' retrieved from /home/airflow/.local/lib/python3.12/site-packages/airflow/example_dags/example_sla_dag.py
[2025-01-18T00:35:20.286+0000] {logging_mixin.py:190} INFO - [2025-01-18T00:35:20.285+0000] {dag.py:3239} INFO - Sync 1 DAGs
[2025-01-18T00:35:20.316+0000] {logging_mixin.py:190} INFO - [2025-01-18T00:35:20.315+0000] {dag.py:4180} INFO - Setting next_dagrun for example_sla_dag to 2025-01-18 00:32:00+00:00, run_after=2025-01-18 00:34:00+00:00
[2025-01-18T00:35:20.337+0000] {processor.py:208} INFO - Processing /home/airflow/.local/lib/python3.12/site-packages/airflow/example_dags/example_sla_dag.py took 0.094 seconds
