[2025-01-18T00:00:26.833+0000] {processor.py:186} INFO - Started process (PID=17397) to work on /home/airflow/.local/lib/python3.12/site-packages/airflow/example_dags/example_display_name.py
[2025-01-18T00:00:26.833+0000] {processor.py:914} INFO - Processing file /home/airflow/.local/lib/python3.12/site-packages/airflow/example_dags/example_display_name.py for tasks to queue
[2025-01-18T00:00:26.836+0000] {logging_mixin.py:190} INFO - [2025-01-18T00:00:26.836+0000] {dagbag.py:588} INFO - Filling up the DagBag from /home/airflow/.local/lib/python3.12/site-packages/airflow/example_dags/example_display_name.py
[2025-01-18T00:00:26.845+0000] {processor.py:925} INFO - DAG(s) 'example_display_name' retrieved from /home/airflow/.local/lib/python3.12/site-packages/airflow/example_dags/example_display_name.py
[2025-01-18T00:00:26.869+0000] {logging_mixin.py:190} INFO - [2025-01-18T00:00:26.869+0000] {dag.py:3239} INFO - Sync 1 DAGs
[2025-01-18T00:00:26.885+0000] {logging_mixin.py:190} INFO - [2025-01-18T00:00:26.884+0000] {dag.py:4180} INFO - Setting next_dagrun for example_display_name to None, run_after=None
[2025-01-18T00:00:26.904+0000] {processor.py:208} INFO - Processing /home/airflow/.local/lib/python3.12/site-packages/airflow/example_dags/example_display_name.py took 0.078 seconds
[2025-01-18T00:00:58.444+0000] {processor.py:186} INFO - Started process (PID=17465) to work on /home/airflow/.local/lib/python3.12/site-packages/airflow/example_dags/example_display_name.py
[2025-01-18T00:00:58.446+0000] {processor.py:914} INFO - Processing file /home/airflow/.local/lib/python3.12/site-packages/airflow/example_dags/example_display_name.py for tasks to queue
[2025-01-18T00:00:58.449+0000] {logging_mixin.py:190} INFO - [2025-01-18T00:00:58.449+0000] {dagbag.py:588} INFO - Filling up the DagBag from /home/airflow/.local/lib/python3.12/site-packages/airflow/example_dags/example_display_name.py
[2025-01-18T00:00:58.460+0000] {processor.py:925} INFO - DAG(s) 'example_display_name' retrieved from /home/airflow/.local/lib/python3.12/site-packages/airflow/example_dags/example_display_name.py
[2025-01-18T00:00:58.489+0000] {logging_mixin.py:190} INFO - [2025-01-18T00:00:58.488+0000] {dag.py:3239} INFO - Sync 1 DAGs
[2025-01-18T00:00:58.511+0000] {logging_mixin.py:190} INFO - [2025-01-18T00:00:58.510+0000] {dag.py:4180} INFO - Setting next_dagrun for example_display_name to None, run_after=None
[2025-01-18T00:00:58.545+0000] {processor.py:208} INFO - Processing /home/airflow/.local/lib/python3.12/site-packages/airflow/example_dags/example_display_name.py took 0.109 seconds
[2025-01-18T00:01:29.588+0000] {processor.py:186} INFO - Started process (PID=17532) to work on /home/airflow/.local/lib/python3.12/site-packages/airflow/example_dags/example_display_name.py
[2025-01-18T00:01:29.589+0000] {processor.py:914} INFO - Processing file /home/airflow/.local/lib/python3.12/site-packages/airflow/example_dags/example_display_name.py for tasks to queue
[2025-01-18T00:01:29.594+0000] {logging_mixin.py:190} INFO - [2025-01-18T00:01:29.592+0000] {dagbag.py:588} INFO - Filling up the DagBag from /home/airflow/.local/lib/python3.12/site-packages/airflow/example_dags/example_display_name.py
[2025-01-18T00:01:29.607+0000] {processor.py:925} INFO - DAG(s) 'example_display_name' retrieved from /home/airflow/.local/lib/python3.12/site-packages/airflow/example_dags/example_display_name.py
[2025-01-18T00:01:29.637+0000] {logging_mixin.py:190} INFO - [2025-01-18T00:01:29.636+0000] {dag.py:3239} INFO - Sync 1 DAGs
[2025-01-18T00:01:29.659+0000] {logging_mixin.py:190} INFO - [2025-01-18T00:01:29.659+0000] {dag.py:4180} INFO - Setting next_dagrun for example_display_name to None, run_after=None
[2025-01-18T00:01:29.683+0000] {processor.py:208} INFO - Processing /home/airflow/.local/lib/python3.12/site-packages/airflow/example_dags/example_display_name.py took 0.101 seconds
[2025-01-18T00:02:00.743+0000] {processor.py:186} INFO - Started process (PID=17599) to work on /home/airflow/.local/lib/python3.12/site-packages/airflow/example_dags/example_display_name.py
[2025-01-18T00:02:00.744+0000] {processor.py:914} INFO - Processing file /home/airflow/.local/lib/python3.12/site-packages/airflow/example_dags/example_display_name.py for tasks to queue
[2025-01-18T00:02:00.747+0000] {logging_mixin.py:190} INFO - [2025-01-18T00:02:00.747+0000] {dagbag.py:588} INFO - Filling up the DagBag from /home/airflow/.local/lib/python3.12/site-packages/airflow/example_dags/example_display_name.py
[2025-01-18T00:02:00.758+0000] {processor.py:925} INFO - DAG(s) 'example_display_name' retrieved from /home/airflow/.local/lib/python3.12/site-packages/airflow/example_dags/example_display_name.py
[2025-01-18T00:02:00.783+0000] {logging_mixin.py:190} INFO - [2025-01-18T00:02:00.782+0000] {dag.py:3239} INFO - Sync 1 DAGs
[2025-01-18T00:02:00.803+0000] {logging_mixin.py:190} INFO - [2025-01-18T00:02:00.803+0000] {dag.py:4180} INFO - Setting next_dagrun for example_display_name to None, run_after=None
[2025-01-18T00:02:00.828+0000] {processor.py:208} INFO - Processing /home/airflow/.local/lib/python3.12/site-packages/airflow/example_dags/example_display_name.py took 0.094 seconds
[2025-01-18T00:02:31.407+0000] {processor.py:186} INFO - Started process (PID=17666) to work on /home/airflow/.local/lib/python3.12/site-packages/airflow/example_dags/example_display_name.py
[2025-01-18T00:02:31.408+0000] {processor.py:914} INFO - Processing file /home/airflow/.local/lib/python3.12/site-packages/airflow/example_dags/example_display_name.py for tasks to queue
[2025-01-18T00:02:31.411+0000] {logging_mixin.py:190} INFO - [2025-01-18T00:02:31.411+0000] {dagbag.py:588} INFO - Filling up the DagBag from /home/airflow/.local/lib/python3.12/site-packages/airflow/example_dags/example_display_name.py
[2025-01-18T00:02:31.420+0000] {processor.py:925} INFO - DAG(s) 'example_display_name' retrieved from /home/airflow/.local/lib/python3.12/site-packages/airflow/example_dags/example_display_name.py
[2025-01-18T00:02:31.445+0000] {logging_mixin.py:190} INFO - [2025-01-18T00:02:31.444+0000] {dag.py:3239} INFO - Sync 1 DAGs
[2025-01-18T00:02:31.467+0000] {logging_mixin.py:190} INFO - [2025-01-18T00:02:31.467+0000] {dag.py:4180} INFO - Setting next_dagrun for example_display_name to None, run_after=None
[2025-01-18T00:02:31.492+0000] {processor.py:208} INFO - Processing /home/airflow/.local/lib/python3.12/site-packages/airflow/example_dags/example_display_name.py took 0.094 seconds
[2025-01-18T00:03:02.350+0000] {processor.py:186} INFO - Started process (PID=17735) to work on /home/airflow/.local/lib/python3.12/site-packages/airflow/example_dags/example_display_name.py
[2025-01-18T00:03:02.351+0000] {processor.py:914} INFO - Processing file /home/airflow/.local/lib/python3.12/site-packages/airflow/example_dags/example_display_name.py for tasks to queue
[2025-01-18T00:03:02.353+0000] {logging_mixin.py:190} INFO - [2025-01-18T00:03:02.353+0000] {dagbag.py:588} INFO - Filling up the DagBag from /home/airflow/.local/lib/python3.12/site-packages/airflow/example_dags/example_display_name.py
[2025-01-18T00:03:02.361+0000] {processor.py:925} INFO - DAG(s) 'example_display_name' retrieved from /home/airflow/.local/lib/python3.12/site-packages/airflow/example_dags/example_display_name.py
[2025-01-18T00:03:02.382+0000] {logging_mixin.py:190} INFO - [2025-01-18T00:03:02.382+0000] {dag.py:3239} INFO - Sync 1 DAGs
[2025-01-18T00:03:02.398+0000] {logging_mixin.py:190} INFO - [2025-01-18T00:03:02.397+0000] {dag.py:4180} INFO - Setting next_dagrun for example_display_name to None, run_after=None
[2025-01-18T00:03:02.419+0000] {processor.py:208} INFO - Processing /home/airflow/.local/lib/python3.12/site-packages/airflow/example_dags/example_display_name.py took 0.075 seconds
[2025-01-18T00:03:32.910+0000] {processor.py:186} INFO - Started process (PID=17807) to work on /home/airflow/.local/lib/python3.12/site-packages/airflow/example_dags/example_display_name.py
[2025-01-18T00:03:32.911+0000] {processor.py:914} INFO - Processing file /home/airflow/.local/lib/python3.12/site-packages/airflow/example_dags/example_display_name.py for tasks to queue
[2025-01-18T00:03:32.914+0000] {logging_mixin.py:190} INFO - [2025-01-18T00:03:32.913+0000] {dagbag.py:588} INFO - Filling up the DagBag from /home/airflow/.local/lib/python3.12/site-packages/airflow/example_dags/example_display_name.py
[2025-01-18T00:03:32.923+0000] {processor.py:925} INFO - DAG(s) 'example_display_name' retrieved from /home/airflow/.local/lib/python3.12/site-packages/airflow/example_dags/example_display_name.py
[2025-01-18T00:03:32.948+0000] {logging_mixin.py:190} INFO - [2025-01-18T00:03:32.947+0000] {dag.py:3239} INFO - Sync 1 DAGs
[2025-01-18T00:03:32.969+0000] {logging_mixin.py:190} INFO - [2025-01-18T00:03:32.969+0000] {dag.py:4180} INFO - Setting next_dagrun for example_display_name to None, run_after=None
[2025-01-18T00:03:33.006+0000] {processor.py:208} INFO - Processing /home/airflow/.local/lib/python3.12/site-packages/airflow/example_dags/example_display_name.py took 0.102 seconds
[2025-01-18T00:04:03.089+0000] {processor.py:186} INFO - Started process (PID=17873) to work on /home/airflow/.local/lib/python3.12/site-packages/airflow/example_dags/example_display_name.py
[2025-01-18T00:04:03.090+0000] {processor.py:914} INFO - Processing file /home/airflow/.local/lib/python3.12/site-packages/airflow/example_dags/example_display_name.py for tasks to queue
[2025-01-18T00:04:03.093+0000] {logging_mixin.py:190} INFO - [2025-01-18T00:04:03.092+0000] {dagbag.py:588} INFO - Filling up the DagBag from /home/airflow/.local/lib/python3.12/site-packages/airflow/example_dags/example_display_name.py
[2025-01-18T00:04:03.100+0000] {processor.py:925} INFO - DAG(s) 'example_display_name' retrieved from /home/airflow/.local/lib/python3.12/site-packages/airflow/example_dags/example_display_name.py
[2025-01-18T00:04:03.121+0000] {logging_mixin.py:190} INFO - [2025-01-18T00:04:03.120+0000] {dag.py:3239} INFO - Sync 1 DAGs
[2025-01-18T00:04:03.138+0000] {logging_mixin.py:190} INFO - [2025-01-18T00:04:03.137+0000] {dag.py:4180} INFO - Setting next_dagrun for example_display_name to None, run_after=None
[2025-01-18T00:04:03.161+0000] {processor.py:208} INFO - Processing /home/airflow/.local/lib/python3.12/site-packages/airflow/example_dags/example_display_name.py took 0.078 seconds
[2025-01-18T00:04:34.024+0000] {processor.py:186} INFO - Started process (PID=17940) to work on /home/airflow/.local/lib/python3.12/site-packages/airflow/example_dags/example_display_name.py
[2025-01-18T00:04:34.025+0000] {processor.py:914} INFO - Processing file /home/airflow/.local/lib/python3.12/site-packages/airflow/example_dags/example_display_name.py for tasks to queue
[2025-01-18T00:04:34.028+0000] {logging_mixin.py:190} INFO - [2025-01-18T00:04:34.027+0000] {dagbag.py:588} INFO - Filling up the DagBag from /home/airflow/.local/lib/python3.12/site-packages/airflow/example_dags/example_display_name.py
[2025-01-18T00:04:34.037+0000] {processor.py:925} INFO - DAG(s) 'example_display_name' retrieved from /home/airflow/.local/lib/python3.12/site-packages/airflow/example_dags/example_display_name.py
[2025-01-18T00:04:34.060+0000] {logging_mixin.py:190} INFO - [2025-01-18T00:04:34.060+0000] {dag.py:3239} INFO - Sync 1 DAGs
[2025-01-18T00:04:34.077+0000] {logging_mixin.py:190} INFO - [2025-01-18T00:04:34.077+0000] {dag.py:4180} INFO - Setting next_dagrun for example_display_name to None, run_after=None
[2025-01-18T00:04:34.099+0000] {processor.py:208} INFO - Processing /home/airflow/.local/lib/python3.12/site-packages/airflow/example_dags/example_display_name.py took 0.082 seconds
[2025-01-18T00:05:04.199+0000] {processor.py:186} INFO - Started process (PID=18006) to work on /home/airflow/.local/lib/python3.12/site-packages/airflow/example_dags/example_display_name.py
[2025-01-18T00:05:04.200+0000] {processor.py:914} INFO - Processing file /home/airflow/.local/lib/python3.12/site-packages/airflow/example_dags/example_display_name.py for tasks to queue
[2025-01-18T00:05:04.202+0000] {logging_mixin.py:190} INFO - [2025-01-18T00:05:04.202+0000] {dagbag.py:588} INFO - Filling up the DagBag from /home/airflow/.local/lib/python3.12/site-packages/airflow/example_dags/example_display_name.py
[2025-01-18T00:05:04.209+0000] {processor.py:925} INFO - DAG(s) 'example_display_name' retrieved from /home/airflow/.local/lib/python3.12/site-packages/airflow/example_dags/example_display_name.py
[2025-01-18T00:05:04.230+0000] {logging_mixin.py:190} INFO - [2025-01-18T00:05:04.229+0000] {dag.py:3239} INFO - Sync 1 DAGs
[2025-01-18T00:05:04.246+0000] {logging_mixin.py:190} INFO - [2025-01-18T00:05:04.246+0000] {dag.py:4180} INFO - Setting next_dagrun for example_display_name to None, run_after=None
[2025-01-18T00:05:04.265+0000] {processor.py:208} INFO - Processing /home/airflow/.local/lib/python3.12/site-packages/airflow/example_dags/example_display_name.py took 0.072 seconds
[2025-01-18T00:05:34.858+0000] {processor.py:186} INFO - Started process (PID=18073) to work on /home/airflow/.local/lib/python3.12/site-packages/airflow/example_dags/example_display_name.py
[2025-01-18T00:05:34.859+0000] {processor.py:914} INFO - Processing file /home/airflow/.local/lib/python3.12/site-packages/airflow/example_dags/example_display_name.py for tasks to queue
[2025-01-18T00:05:34.862+0000] {logging_mixin.py:190} INFO - [2025-01-18T00:05:34.861+0000] {dagbag.py:588} INFO - Filling up the DagBag from /home/airflow/.local/lib/python3.12/site-packages/airflow/example_dags/example_display_name.py
[2025-01-18T00:05:34.871+0000] {processor.py:925} INFO - DAG(s) 'example_display_name' retrieved from /home/airflow/.local/lib/python3.12/site-packages/airflow/example_dags/example_display_name.py
[2025-01-18T00:05:34.893+0000] {logging_mixin.py:190} INFO - [2025-01-18T00:05:34.893+0000] {dag.py:3239} INFO - Sync 1 DAGs
[2025-01-18T00:05:34.910+0000] {logging_mixin.py:190} INFO - [2025-01-18T00:05:34.910+0000] {dag.py:4180} INFO - Setting next_dagrun for example_display_name to None, run_after=None
[2025-01-18T00:05:34.934+0000] {processor.py:208} INFO - Processing /home/airflow/.local/lib/python3.12/site-packages/airflow/example_dags/example_display_name.py took 0.081 seconds
[2025-01-18T00:06:05.158+0000] {processor.py:186} INFO - Started process (PID=18140) to work on /home/airflow/.local/lib/python3.12/site-packages/airflow/example_dags/example_display_name.py
[2025-01-18T00:06:05.159+0000] {processor.py:914} INFO - Processing file /home/airflow/.local/lib/python3.12/site-packages/airflow/example_dags/example_display_name.py for tasks to queue
[2025-01-18T00:06:05.161+0000] {logging_mixin.py:190} INFO - [2025-01-18T00:06:05.161+0000] {dagbag.py:588} INFO - Filling up the DagBag from /home/airflow/.local/lib/python3.12/site-packages/airflow/example_dags/example_display_name.py
[2025-01-18T00:06:05.169+0000] {processor.py:925} INFO - DAG(s) 'example_display_name' retrieved from /home/airflow/.local/lib/python3.12/site-packages/airflow/example_dags/example_display_name.py
[2025-01-18T00:06:05.192+0000] {logging_mixin.py:190} INFO - [2025-01-18T00:06:05.192+0000] {dag.py:3239} INFO - Sync 1 DAGs
[2025-01-18T00:06:05.210+0000] {logging_mixin.py:190} INFO - [2025-01-18T00:06:05.210+0000] {dag.py:4180} INFO - Setting next_dagrun for example_display_name to None, run_after=None
[2025-01-18T00:06:05.233+0000] {processor.py:208} INFO - Processing /home/airflow/.local/lib/python3.12/site-packages/airflow/example_dags/example_display_name.py took 0.081 seconds
[2025-01-18T00:06:35.561+0000] {processor.py:186} INFO - Started process (PID=18208) to work on /home/airflow/.local/lib/python3.12/site-packages/airflow/example_dags/example_display_name.py
[2025-01-18T00:06:35.562+0000] {processor.py:914} INFO - Processing file /home/airflow/.local/lib/python3.12/site-packages/airflow/example_dags/example_display_name.py for tasks to queue
[2025-01-18T00:06:35.566+0000] {logging_mixin.py:190} INFO - [2025-01-18T00:06:35.565+0000] {dagbag.py:588} INFO - Filling up the DagBag from /home/airflow/.local/lib/python3.12/site-packages/airflow/example_dags/example_display_name.py
[2025-01-18T00:06:35.574+0000] {processor.py:925} INFO - DAG(s) 'example_display_name' retrieved from /home/airflow/.local/lib/python3.12/site-packages/airflow/example_dags/example_display_name.py
[2025-01-18T00:06:35.603+0000] {logging_mixin.py:190} INFO - [2025-01-18T00:06:35.603+0000] {dag.py:3239} INFO - Sync 1 DAGs
[2025-01-18T00:06:35.623+0000] {logging_mixin.py:190} INFO - [2025-01-18T00:06:35.623+0000] {dag.py:4180} INFO - Setting next_dagrun for example_display_name to None, run_after=None
[2025-01-18T00:06:35.655+0000] {processor.py:208} INFO - Processing /home/airflow/.local/lib/python3.12/site-packages/airflow/example_dags/example_display_name.py took 0.102 seconds
[2025-01-18T00:07:05.827+0000] {processor.py:186} INFO - Started process (PID=18275) to work on /home/airflow/.local/lib/python3.12/site-packages/airflow/example_dags/example_display_name.py
[2025-01-18T00:07:05.828+0000] {processor.py:914} INFO - Processing file /home/airflow/.local/lib/python3.12/site-packages/airflow/example_dags/example_display_name.py for tasks to queue
[2025-01-18T00:07:05.831+0000] {logging_mixin.py:190} INFO - [2025-01-18T00:07:05.830+0000] {dagbag.py:588} INFO - Filling up the DagBag from /home/airflow/.local/lib/python3.12/site-packages/airflow/example_dags/example_display_name.py
[2025-01-18T00:07:05.837+0000] {processor.py:925} INFO - DAG(s) 'example_display_name' retrieved from /home/airflow/.local/lib/python3.12/site-packages/airflow/example_dags/example_display_name.py
[2025-01-18T00:07:05.855+0000] {logging_mixin.py:190} INFO - [2025-01-18T00:07:05.855+0000] {dag.py:3239} INFO - Sync 1 DAGs
[2025-01-18T00:07:05.872+0000] {logging_mixin.py:190} INFO - [2025-01-18T00:07:05.872+0000] {dag.py:4180} INFO - Setting next_dagrun for example_display_name to None, run_after=None
[2025-01-18T00:07:05.893+0000] {processor.py:208} INFO - Processing /home/airflow/.local/lib/python3.12/site-packages/airflow/example_dags/example_display_name.py took 0.073 seconds
[2025-01-18T00:07:36.064+0000] {processor.py:186} INFO - Started process (PID=18342) to work on /home/airflow/.local/lib/python3.12/site-packages/airflow/example_dags/example_display_name.py
[2025-01-18T00:07:36.066+0000] {processor.py:914} INFO - Processing file /home/airflow/.local/lib/python3.12/site-packages/airflow/example_dags/example_display_name.py for tasks to queue
[2025-01-18T00:07:36.068+0000] {logging_mixin.py:190} INFO - [2025-01-18T00:07:36.068+0000] {dagbag.py:588} INFO - Filling up the DagBag from /home/airflow/.local/lib/python3.12/site-packages/airflow/example_dags/example_display_name.py
[2025-01-18T00:07:36.078+0000] {processor.py:925} INFO - DAG(s) 'example_display_name' retrieved from /home/airflow/.local/lib/python3.12/site-packages/airflow/example_dags/example_display_name.py
[2025-01-18T00:07:36.103+0000] {logging_mixin.py:190} INFO - [2025-01-18T00:07:36.102+0000] {dag.py:3239} INFO - Sync 1 DAGs
[2025-01-18T00:07:36.119+0000] {logging_mixin.py:190} INFO - [2025-01-18T00:07:36.119+0000] {dag.py:4180} INFO - Setting next_dagrun for example_display_name to None, run_after=None
[2025-01-18T00:07:36.140+0000] {processor.py:208} INFO - Processing /home/airflow/.local/lib/python3.12/site-packages/airflow/example_dags/example_display_name.py took 0.083 seconds
[2025-01-18T00:08:06.330+0000] {processor.py:186} INFO - Started process (PID=18415) to work on /home/airflow/.local/lib/python3.12/site-packages/airflow/example_dags/example_display_name.py
[2025-01-18T00:08:06.331+0000] {processor.py:914} INFO - Processing file /home/airflow/.local/lib/python3.12/site-packages/airflow/example_dags/example_display_name.py for tasks to queue
[2025-01-18T00:08:06.335+0000] {logging_mixin.py:190} INFO - [2025-01-18T00:08:06.335+0000] {dagbag.py:588} INFO - Filling up the DagBag from /home/airflow/.local/lib/python3.12/site-packages/airflow/example_dags/example_display_name.py
[2025-01-18T00:08:06.348+0000] {processor.py:925} INFO - DAG(s) 'example_display_name' retrieved from /home/airflow/.local/lib/python3.12/site-packages/airflow/example_dags/example_display_name.py
[2025-01-18T00:08:06.375+0000] {logging_mixin.py:190} INFO - [2025-01-18T00:08:06.375+0000] {dag.py:3239} INFO - Sync 1 DAGs
[2025-01-18T00:08:06.398+0000] {logging_mixin.py:190} INFO - [2025-01-18T00:08:06.398+0000] {dag.py:4180} INFO - Setting next_dagrun for example_display_name to None, run_after=None
[2025-01-18T00:08:06.424+0000] {processor.py:208} INFO - Processing /home/airflow/.local/lib/python3.12/site-packages/airflow/example_dags/example_display_name.py took 0.108 seconds
[2025-01-18T00:08:36.795+0000] {processor.py:186} INFO - Started process (PID=18482) to work on /home/airflow/.local/lib/python3.12/site-packages/airflow/example_dags/example_display_name.py
[2025-01-18T00:08:36.798+0000] {processor.py:914} INFO - Processing file /home/airflow/.local/lib/python3.12/site-packages/airflow/example_dags/example_display_name.py for tasks to queue
[2025-01-18T00:08:36.801+0000] {logging_mixin.py:190} INFO - [2025-01-18T00:08:36.800+0000] {dagbag.py:588} INFO - Filling up the DagBag from /home/airflow/.local/lib/python3.12/site-packages/airflow/example_dags/example_display_name.py
[2025-01-18T00:08:36.813+0000] {processor.py:925} INFO - DAG(s) 'example_display_name' retrieved from /home/airflow/.local/lib/python3.12/site-packages/airflow/example_dags/example_display_name.py
[2025-01-18T00:08:36.842+0000] {logging_mixin.py:190} INFO - [2025-01-18T00:08:36.841+0000] {dag.py:3239} INFO - Sync 1 DAGs
[2025-01-18T00:08:36.860+0000] {logging_mixin.py:190} INFO - [2025-01-18T00:08:36.860+0000] {dag.py:4180} INFO - Setting next_dagrun for example_display_name to None, run_after=None
[2025-01-18T00:08:36.885+0000] {processor.py:208} INFO - Processing /home/airflow/.local/lib/python3.12/site-packages/airflow/example_dags/example_display_name.py took 0.102 seconds
[2025-01-18T00:09:07.025+0000] {processor.py:186} INFO - Started process (PID=18550) to work on /home/airflow/.local/lib/python3.12/site-packages/airflow/example_dags/example_display_name.py
[2025-01-18T00:09:07.026+0000] {processor.py:914} INFO - Processing file /home/airflow/.local/lib/python3.12/site-packages/airflow/example_dags/example_display_name.py for tasks to queue
[2025-01-18T00:09:07.028+0000] {logging_mixin.py:190} INFO - [2025-01-18T00:09:07.028+0000] {dagbag.py:588} INFO - Filling up the DagBag from /home/airflow/.local/lib/python3.12/site-packages/airflow/example_dags/example_display_name.py
[2025-01-18T00:09:07.038+0000] {processor.py:925} INFO - DAG(s) 'example_display_name' retrieved from /home/airflow/.local/lib/python3.12/site-packages/airflow/example_dags/example_display_name.py
[2025-01-18T00:09:07.063+0000] {logging_mixin.py:190} INFO - [2025-01-18T00:09:07.063+0000] {dag.py:3239} INFO - Sync 1 DAGs
[2025-01-18T00:09:07.080+0000] {logging_mixin.py:190} INFO - [2025-01-18T00:09:07.080+0000] {dag.py:4180} INFO - Setting next_dagrun for example_display_name to None, run_after=None
[2025-01-18T00:09:07.099+0000] {processor.py:208} INFO - Processing /home/airflow/.local/lib/python3.12/site-packages/airflow/example_dags/example_display_name.py took 0.081 seconds
[2025-01-18T00:09:37.238+0000] {processor.py:186} INFO - Started process (PID=18617) to work on /home/airflow/.local/lib/python3.12/site-packages/airflow/example_dags/example_display_name.py
[2025-01-18T00:09:37.239+0000] {processor.py:914} INFO - Processing file /home/airflow/.local/lib/python3.12/site-packages/airflow/example_dags/example_display_name.py for tasks to queue
[2025-01-18T00:09:37.242+0000] {logging_mixin.py:190} INFO - [2025-01-18T00:09:37.241+0000] {dagbag.py:588} INFO - Filling up the DagBag from /home/airflow/.local/lib/python3.12/site-packages/airflow/example_dags/example_display_name.py
[2025-01-18T00:09:37.251+0000] {processor.py:925} INFO - DAG(s) 'example_display_name' retrieved from /home/airflow/.local/lib/python3.12/site-packages/airflow/example_dags/example_display_name.py
[2025-01-18T00:09:37.276+0000] {logging_mixin.py:190} INFO - [2025-01-18T00:09:37.275+0000] {dag.py:3239} INFO - Sync 1 DAGs
[2025-01-18T00:09:37.301+0000] {logging_mixin.py:190} INFO - [2025-01-18T00:09:37.300+0000] {dag.py:4180} INFO - Setting next_dagrun for example_display_name to None, run_after=None
[2025-01-18T00:09:36.830+0000] {processor.py:208} INFO - Processing /home/airflow/.local/lib/python3.12/site-packages/airflow/example_dags/example_display_name.py took 0.103 seconds
[2025-01-18T00:10:07.467+0000] {processor.py:186} INFO - Started process (PID=18684) to work on /home/airflow/.local/lib/python3.12/site-packages/airflow/example_dags/example_display_name.py
[2025-01-18T00:10:07.469+0000] {processor.py:914} INFO - Processing file /home/airflow/.local/lib/python3.12/site-packages/airflow/example_dags/example_display_name.py for tasks to queue
[2025-01-18T00:10:07.471+0000] {logging_mixin.py:190} INFO - [2025-01-18T00:10:07.471+0000] {dagbag.py:588} INFO - Filling up the DagBag from /home/airflow/.local/lib/python3.12/site-packages/airflow/example_dags/example_display_name.py
[2025-01-18T00:10:07.482+0000] {processor.py:925} INFO - DAG(s) 'example_display_name' retrieved from /home/airflow/.local/lib/python3.12/site-packages/airflow/example_dags/example_display_name.py
[2025-01-18T00:10:07.505+0000] {logging_mixin.py:190} INFO - [2025-01-18T00:10:07.505+0000] {dag.py:3239} INFO - Sync 1 DAGs
[2025-01-18T00:10:07.522+0000] {logging_mixin.py:190} INFO - [2025-01-18T00:10:07.521+0000] {dag.py:4180} INFO - Setting next_dagrun for example_display_name to None, run_after=None
[2025-01-18T00:10:07.540+0000] {processor.py:208} INFO - Processing /home/airflow/.local/lib/python3.12/site-packages/airflow/example_dags/example_display_name.py took 0.079 seconds
[2025-01-18T00:10:37.911+0000] {processor.py:186} INFO - Started process (PID=18751) to work on /home/airflow/.local/lib/python3.12/site-packages/airflow/example_dags/example_display_name.py
[2025-01-18T00:10:37.912+0000] {processor.py:914} INFO - Processing file /home/airflow/.local/lib/python3.12/site-packages/airflow/example_dags/example_display_name.py for tasks to queue
[2025-01-18T00:10:37.915+0000] {logging_mixin.py:190} INFO - [2025-01-18T00:10:37.914+0000] {dagbag.py:588} INFO - Filling up the DagBag from /home/airflow/.local/lib/python3.12/site-packages/airflow/example_dags/example_display_name.py
[2025-01-18T00:10:37.923+0000] {processor.py:925} INFO - DAG(s) 'example_display_name' retrieved from /home/airflow/.local/lib/python3.12/site-packages/airflow/example_dags/example_display_name.py
[2025-01-18T00:10:37.946+0000] {logging_mixin.py:190} INFO - [2025-01-18T00:10:37.946+0000] {dag.py:3239} INFO - Sync 1 DAGs
[2025-01-18T00:10:37.964+0000] {logging_mixin.py:190} INFO - [2025-01-18T00:10:37.964+0000] {dag.py:4180} INFO - Setting next_dagrun for example_display_name to None, run_after=None
[2025-01-18T00:10:37.985+0000] {processor.py:208} INFO - Processing /home/airflow/.local/lib/python3.12/site-packages/airflow/example_dags/example_display_name.py took 0.081 seconds
[2025-01-18T00:11:08.932+0000] {processor.py:186} INFO - Started process (PID=18818) to work on /home/airflow/.local/lib/python3.12/site-packages/airflow/example_dags/example_display_name.py
[2025-01-18T00:11:08.933+0000] {processor.py:914} INFO - Processing file /home/airflow/.local/lib/python3.12/site-packages/airflow/example_dags/example_display_name.py for tasks to queue
[2025-01-18T00:11:08.936+0000] {logging_mixin.py:190} INFO - [2025-01-18T00:11:08.936+0000] {dagbag.py:588} INFO - Filling up the DagBag from /home/airflow/.local/lib/python3.12/site-packages/airflow/example_dags/example_display_name.py
[2025-01-18T00:11:08.943+0000] {processor.py:925} INFO - DAG(s) 'example_display_name' retrieved from /home/airflow/.local/lib/python3.12/site-packages/airflow/example_dags/example_display_name.py
[2025-01-18T00:11:08.964+0000] {logging_mixin.py:190} INFO - [2025-01-18T00:11:08.964+0000] {dag.py:3239} INFO - Sync 1 DAGs
[2025-01-18T00:11:08.981+0000] {logging_mixin.py:190} INFO - [2025-01-18T00:11:08.981+0000] {dag.py:4180} INFO - Setting next_dagrun for example_display_name to None, run_after=None
[2025-01-18T00:11:09.002+0000] {processor.py:208} INFO - Processing /home/airflow/.local/lib/python3.12/site-packages/airflow/example_dags/example_display_name.py took 0.075 seconds
[2025-01-18T00:11:39.316+0000] {processor.py:186} INFO - Started process (PID=18885) to work on /home/airflow/.local/lib/python3.12/site-packages/airflow/example_dags/example_display_name.py
[2025-01-18T00:11:39.318+0000] {processor.py:914} INFO - Processing file /home/airflow/.local/lib/python3.12/site-packages/airflow/example_dags/example_display_name.py for tasks to queue
[2025-01-18T00:11:39.320+0000] {logging_mixin.py:190} INFO - [2025-01-18T00:11:39.320+0000] {dagbag.py:588} INFO - Filling up the DagBag from /home/airflow/.local/lib/python3.12/site-packages/airflow/example_dags/example_display_name.py
[2025-01-18T00:11:39.331+0000] {processor.py:925} INFO - DAG(s) 'example_display_name' retrieved from /home/airflow/.local/lib/python3.12/site-packages/airflow/example_dags/example_display_name.py
[2025-01-18T00:11:39.354+0000] {logging_mixin.py:190} INFO - [2025-01-18T00:11:39.354+0000] {dag.py:3239} INFO - Sync 1 DAGs
[2025-01-18T00:11:39.371+0000] {logging_mixin.py:190} INFO - [2025-01-18T00:11:39.370+0000] {dag.py:4180} INFO - Setting next_dagrun for example_display_name to None, run_after=None
[2025-01-18T00:11:39.389+0000] {processor.py:208} INFO - Processing /home/airflow/.local/lib/python3.12/site-packages/airflow/example_dags/example_display_name.py took 0.079 seconds
[2025-01-18T00:12:09.620+0000] {processor.py:186} INFO - Started process (PID=18953) to work on /home/airflow/.local/lib/python3.12/site-packages/airflow/example_dags/example_display_name.py
[2025-01-18T00:12:09.621+0000] {processor.py:914} INFO - Processing file /home/airflow/.local/lib/python3.12/site-packages/airflow/example_dags/example_display_name.py for tasks to queue
[2025-01-18T00:12:09.624+0000] {logging_mixin.py:190} INFO - [2025-01-18T00:12:09.623+0000] {dagbag.py:588} INFO - Filling up the DagBag from /home/airflow/.local/lib/python3.12/site-packages/airflow/example_dags/example_display_name.py
[2025-01-18T00:12:09.632+0000] {processor.py:925} INFO - DAG(s) 'example_display_name' retrieved from /home/airflow/.local/lib/python3.12/site-packages/airflow/example_dags/example_display_name.py
[2025-01-18T00:12:09.653+0000] {logging_mixin.py:190} INFO - [2025-01-18T00:12:09.652+0000] {dag.py:3239} INFO - Sync 1 DAGs
[2025-01-18T00:12:09.669+0000] {logging_mixin.py:190} INFO - [2025-01-18T00:12:09.669+0000] {dag.py:4180} INFO - Setting next_dagrun for example_display_name to None, run_after=None
[2025-01-18T00:12:09.690+0000] {processor.py:208} INFO - Processing /home/airflow/.local/lib/python3.12/site-packages/airflow/example_dags/example_display_name.py took 0.076 seconds
[2025-01-18T00:12:39.945+0000] {processor.py:186} INFO - Started process (PID=19026) to work on /home/airflow/.local/lib/python3.12/site-packages/airflow/example_dags/example_display_name.py
[2025-01-18T00:12:39.946+0000] {processor.py:914} INFO - Processing file /home/airflow/.local/lib/python3.12/site-packages/airflow/example_dags/example_display_name.py for tasks to queue
[2025-01-18T00:12:39.948+0000] {logging_mixin.py:190} INFO - [2025-01-18T00:12:39.948+0000] {dagbag.py:588} INFO - Filling up the DagBag from /home/airflow/.local/lib/python3.12/site-packages/airflow/example_dags/example_display_name.py
[2025-01-18T00:12:39.955+0000] {processor.py:925} INFO - DAG(s) 'example_display_name' retrieved from /home/airflow/.local/lib/python3.12/site-packages/airflow/example_dags/example_display_name.py
[2025-01-18T00:12:39.974+0000] {logging_mixin.py:190} INFO - [2025-01-18T00:12:39.974+0000] {dag.py:3239} INFO - Sync 1 DAGs
[2025-01-18T00:12:39.990+0000] {logging_mixin.py:190} INFO - [2025-01-18T00:12:39.990+0000] {dag.py:4180} INFO - Setting next_dagrun for example_display_name to None, run_after=None
[2025-01-18T00:12:40.010+0000] {processor.py:208} INFO - Processing /home/airflow/.local/lib/python3.12/site-packages/airflow/example_dags/example_display_name.py took 0.071 seconds
[2025-01-18T00:13:10.937+0000] {processor.py:186} INFO - Started process (PID=19093) to work on /home/airflow/.local/lib/python3.12/site-packages/airflow/example_dags/example_display_name.py
[2025-01-18T00:13:10.938+0000] {processor.py:914} INFO - Processing file /home/airflow/.local/lib/python3.12/site-packages/airflow/example_dags/example_display_name.py for tasks to queue
[2025-01-18T00:13:10.940+0000] {logging_mixin.py:190} INFO - [2025-01-18T00:13:10.940+0000] {dagbag.py:588} INFO - Filling up the DagBag from /home/airflow/.local/lib/python3.12/site-packages/airflow/example_dags/example_display_name.py
[2025-01-18T00:13:10.948+0000] {processor.py:925} INFO - DAG(s) 'example_display_name' retrieved from /home/airflow/.local/lib/python3.12/site-packages/airflow/example_dags/example_display_name.py
[2025-01-18T00:13:10.969+0000] {logging_mixin.py:190} INFO - [2025-01-18T00:13:10.969+0000] {dag.py:3239} INFO - Sync 1 DAGs
[2025-01-18T00:13:10.987+0000] {logging_mixin.py:190} INFO - [2025-01-18T00:13:10.986+0000] {dag.py:4180} INFO - Setting next_dagrun for example_display_name to None, run_after=None
[2025-01-18T00:13:11.009+0000] {processor.py:208} INFO - Processing /home/airflow/.local/lib/python3.12/site-packages/airflow/example_dags/example_display_name.py took 0.079 seconds
[2025-01-18T00:13:41.282+0000] {processor.py:186} INFO - Started process (PID=19160) to work on /home/airflow/.local/lib/python3.12/site-packages/airflow/example_dags/example_display_name.py
[2025-01-18T00:13:41.285+0000] {processor.py:914} INFO - Processing file /home/airflow/.local/lib/python3.12/site-packages/airflow/example_dags/example_display_name.py for tasks to queue
[2025-01-18T00:13:41.289+0000] {logging_mixin.py:190} INFO - [2025-01-18T00:13:41.289+0000] {dagbag.py:588} INFO - Filling up the DagBag from /home/airflow/.local/lib/python3.12/site-packages/airflow/example_dags/example_display_name.py
[2025-01-18T00:13:41.303+0000] {processor.py:925} INFO - DAG(s) 'example_display_name' retrieved from /home/airflow/.local/lib/python3.12/site-packages/airflow/example_dags/example_display_name.py
[2025-01-18T00:13:41.338+0000] {logging_mixin.py:190} INFO - [2025-01-18T00:13:41.338+0000] {dag.py:3239} INFO - Sync 1 DAGs
[2025-01-18T00:13:41.368+0000] {logging_mixin.py:190} INFO - [2025-01-18T00:13:41.367+0000] {dag.py:4180} INFO - Setting next_dagrun for example_display_name to None, run_after=None
[2025-01-18T00:13:41.399+0000] {processor.py:208} INFO - Processing /home/airflow/.local/lib/python3.12/site-packages/airflow/example_dags/example_display_name.py took 0.127 seconds
[2025-01-18T00:14:11.775+0000] {processor.py:186} INFO - Started process (PID=19227) to work on /home/airflow/.local/lib/python3.12/site-packages/airflow/example_dags/example_display_name.py
[2025-01-18T00:14:11.776+0000] {processor.py:914} INFO - Processing file /home/airflow/.local/lib/python3.12/site-packages/airflow/example_dags/example_display_name.py for tasks to queue
[2025-01-18T00:14:11.779+0000] {logging_mixin.py:190} INFO - [2025-01-18T00:14:11.778+0000] {dagbag.py:588} INFO - Filling up the DagBag from /home/airflow/.local/lib/python3.12/site-packages/airflow/example_dags/example_display_name.py
[2025-01-18T00:14:11.786+0000] {processor.py:925} INFO - DAG(s) 'example_display_name' retrieved from /home/airflow/.local/lib/python3.12/site-packages/airflow/example_dags/example_display_name.py
[2025-01-18T00:14:11.807+0000] {logging_mixin.py:190} INFO - [2025-01-18T00:14:11.807+0000] {dag.py:3239} INFO - Sync 1 DAGs
[2025-01-18T00:14:11.826+0000] {logging_mixin.py:190} INFO - [2025-01-18T00:14:11.825+0000] {dag.py:4180} INFO - Setting next_dagrun for example_display_name to None, run_after=None
[2025-01-18T00:14:11.855+0000] {processor.py:208} INFO - Processing /home/airflow/.local/lib/python3.12/site-packages/airflow/example_dags/example_display_name.py took 0.086 seconds
[2025-01-18T00:14:42.235+0000] {processor.py:186} INFO - Started process (PID=19295) to work on /home/airflow/.local/lib/python3.12/site-packages/airflow/example_dags/example_display_name.py
[2025-01-18T00:14:42.236+0000] {processor.py:914} INFO - Processing file /home/airflow/.local/lib/python3.12/site-packages/airflow/example_dags/example_display_name.py for tasks to queue
[2025-01-18T00:14:42.238+0000] {logging_mixin.py:190} INFO - [2025-01-18T00:14:42.238+0000] {dagbag.py:588} INFO - Filling up the DagBag from /home/airflow/.local/lib/python3.12/site-packages/airflow/example_dags/example_display_name.py
[2025-01-18T00:14:42.248+0000] {processor.py:925} INFO - DAG(s) 'example_display_name' retrieved from /home/airflow/.local/lib/python3.12/site-packages/airflow/example_dags/example_display_name.py
[2025-01-18T00:14:42.273+0000] {logging_mixin.py:190} INFO - [2025-01-18T00:14:42.273+0000] {dag.py:3239} INFO - Sync 1 DAGs
[2025-01-18T00:14:42.292+0000] {logging_mixin.py:190} INFO - [2025-01-18T00:14:42.292+0000] {dag.py:4180} INFO - Setting next_dagrun for example_display_name to None, run_after=None
[2025-01-18T00:14:42.320+0000] {processor.py:208} INFO - Processing /home/airflow/.local/lib/python3.12/site-packages/airflow/example_dags/example_display_name.py took 0.091 seconds
[2025-01-18T00:15:12.492+0000] {processor.py:186} INFO - Started process (PID=19362) to work on /home/airflow/.local/lib/python3.12/site-packages/airflow/example_dags/example_display_name.py
[2025-01-18T00:15:12.494+0000] {processor.py:914} INFO - Processing file /home/airflow/.local/lib/python3.12/site-packages/airflow/example_dags/example_display_name.py for tasks to queue
[2025-01-18T00:15:12.498+0000] {logging_mixin.py:190} INFO - [2025-01-18T00:15:12.498+0000] {dagbag.py:588} INFO - Filling up the DagBag from /home/airflow/.local/lib/python3.12/site-packages/airflow/example_dags/example_display_name.py
[2025-01-18T00:15:12.508+0000] {processor.py:925} INFO - DAG(s) 'example_display_name' retrieved from /home/airflow/.local/lib/python3.12/site-packages/airflow/example_dags/example_display_name.py
[2025-01-18T00:15:12.548+0000] {logging_mixin.py:190} INFO - [2025-01-18T00:15:12.547+0000] {dag.py:3239} INFO - Sync 1 DAGs
[2025-01-18T00:15:12.572+0000] {logging_mixin.py:190} INFO - [2025-01-18T00:15:12.571+0000] {dag.py:4180} INFO - Setting next_dagrun for example_display_name to None, run_after=None
[2025-01-18T00:15:12.603+0000] {processor.py:208} INFO - Processing /home/airflow/.local/lib/python3.12/site-packages/airflow/example_dags/example_display_name.py took 0.118 seconds
[2025-01-18T00:15:42.825+0000] {processor.py:186} INFO - Started process (PID=19429) to work on /home/airflow/.local/lib/python3.12/site-packages/airflow/example_dags/example_display_name.py
[2025-01-18T00:15:42.826+0000] {processor.py:914} INFO - Processing file /home/airflow/.local/lib/python3.12/site-packages/airflow/example_dags/example_display_name.py for tasks to queue
[2025-01-18T00:15:42.828+0000] {logging_mixin.py:190} INFO - [2025-01-18T00:15:42.827+0000] {dagbag.py:588} INFO - Filling up the DagBag from /home/airflow/.local/lib/python3.12/site-packages/airflow/example_dags/example_display_name.py
[2025-01-18T00:15:42.834+0000] {processor.py:925} INFO - DAG(s) 'example_display_name' retrieved from /home/airflow/.local/lib/python3.12/site-packages/airflow/example_dags/example_display_name.py
[2025-01-18T00:15:42.855+0000] {logging_mixin.py:190} INFO - [2025-01-18T00:15:42.855+0000] {dag.py:3239} INFO - Sync 1 DAGs
[2025-01-18T00:15:42.870+0000] {logging_mixin.py:190} INFO - [2025-01-18T00:15:42.870+0000] {dag.py:4180} INFO - Setting next_dagrun for example_display_name to None, run_after=None
[2025-01-18T00:15:42.894+0000] {processor.py:208} INFO - Processing /home/airflow/.local/lib/python3.12/site-packages/airflow/example_dags/example_display_name.py took 0.075 seconds
[2025-01-18T00:16:13.350+0000] {processor.py:186} INFO - Started process (PID=19496) to work on /home/airflow/.local/lib/python3.12/site-packages/airflow/example_dags/example_display_name.py
[2025-01-18T00:16:13.351+0000] {processor.py:914} INFO - Processing file /home/airflow/.local/lib/python3.12/site-packages/airflow/example_dags/example_display_name.py for tasks to queue
[2025-01-18T00:16:13.353+0000] {logging_mixin.py:190} INFO - [2025-01-18T00:16:13.353+0000] {dagbag.py:588} INFO - Filling up the DagBag from /home/airflow/.local/lib/python3.12/site-packages/airflow/example_dags/example_display_name.py
[2025-01-18T00:16:13.361+0000] {processor.py:925} INFO - DAG(s) 'example_display_name' retrieved from /home/airflow/.local/lib/python3.12/site-packages/airflow/example_dags/example_display_name.py
[2025-01-18T00:16:13.382+0000] {logging_mixin.py:190} INFO - [2025-01-18T00:16:13.382+0000] {dag.py:3239} INFO - Sync 1 DAGs
[2025-01-18T00:16:13.397+0000] {logging_mixin.py:190} INFO - [2025-01-18T00:16:13.397+0000] {dag.py:4180} INFO - Setting next_dagrun for example_display_name to None, run_after=None
[2025-01-18T00:16:13.419+0000] {processor.py:208} INFO - Processing /home/airflow/.local/lib/python3.12/site-packages/airflow/example_dags/example_display_name.py took 0.075 seconds
[2025-01-18T00:16:43.692+0000] {processor.py:186} INFO - Started process (PID=19563) to work on /home/airflow/.local/lib/python3.12/site-packages/airflow/example_dags/example_display_name.py
[2025-01-18T00:16:43.693+0000] {processor.py:914} INFO - Processing file /home/airflow/.local/lib/python3.12/site-packages/airflow/example_dags/example_display_name.py for tasks to queue
[2025-01-18T00:16:43.696+0000] {logging_mixin.py:190} INFO - [2025-01-18T00:16:43.696+0000] {dagbag.py:588} INFO - Filling up the DagBag from /home/airflow/.local/lib/python3.12/site-packages/airflow/example_dags/example_display_name.py
[2025-01-18T00:16:43.704+0000] {processor.py:925} INFO - DAG(s) 'example_display_name' retrieved from /home/airflow/.local/lib/python3.12/site-packages/airflow/example_dags/example_display_name.py
[2025-01-18T00:16:43.727+0000] {logging_mixin.py:190} INFO - [2025-01-18T00:16:43.726+0000] {dag.py:3239} INFO - Sync 1 DAGs
[2025-01-18T00:16:43.742+0000] {logging_mixin.py:190} INFO - [2025-01-18T00:16:43.742+0000] {dag.py:4180} INFO - Setting next_dagrun for example_display_name to None, run_after=None
[2025-01-18T00:16:43.764+0000] {processor.py:208} INFO - Processing /home/airflow/.local/lib/python3.12/site-packages/airflow/example_dags/example_display_name.py took 0.078 seconds
[2025-01-18T00:17:14.405+0000] {processor.py:186} INFO - Started process (PID=19636) to work on /home/airflow/.local/lib/python3.12/site-packages/airflow/example_dags/example_display_name.py
[2025-01-18T00:17:14.407+0000] {processor.py:914} INFO - Processing file /home/airflow/.local/lib/python3.12/site-packages/airflow/example_dags/example_display_name.py for tasks to queue
[2025-01-18T00:17:14.411+0000] {logging_mixin.py:190} INFO - [2025-01-18T00:17:14.410+0000] {dagbag.py:588} INFO - Filling up the DagBag from /home/airflow/.local/lib/python3.12/site-packages/airflow/example_dags/example_display_name.py
[2025-01-18T00:17:14.423+0000] {processor.py:925} INFO - DAG(s) 'example_display_name' retrieved from /home/airflow/.local/lib/python3.12/site-packages/airflow/example_dags/example_display_name.py
[2025-01-18T00:17:14.455+0000] {logging_mixin.py:190} INFO - [2025-01-18T00:17:14.455+0000] {dag.py:3239} INFO - Sync 1 DAGs
[2025-01-18T00:17:14.477+0000] {logging_mixin.py:190} INFO - [2025-01-18T00:17:14.476+0000] {dag.py:4180} INFO - Setting next_dagrun for example_display_name to None, run_after=None
[2025-01-18T00:17:14.505+0000] {processor.py:208} INFO - Processing /home/airflow/.local/lib/python3.12/site-packages/airflow/example_dags/example_display_name.py took 0.110 seconds
[2025-01-18T00:17:45.188+0000] {processor.py:186} INFO - Started process (PID=19704) to work on /home/airflow/.local/lib/python3.12/site-packages/airflow/example_dags/example_display_name.py
[2025-01-18T00:17:45.189+0000] {processor.py:914} INFO - Processing file /home/airflow/.local/lib/python3.12/site-packages/airflow/example_dags/example_display_name.py for tasks to queue
[2025-01-18T00:17:45.192+0000] {logging_mixin.py:190} INFO - [2025-01-18T00:17:45.192+0000] {dagbag.py:588} INFO - Filling up the DagBag from /home/airflow/.local/lib/python3.12/site-packages/airflow/example_dags/example_display_name.py
[2025-01-18T00:17:45.202+0000] {processor.py:925} INFO - DAG(s) 'example_display_name' retrieved from /home/airflow/.local/lib/python3.12/site-packages/airflow/example_dags/example_display_name.py
[2025-01-18T00:17:45.228+0000] {logging_mixin.py:190} INFO - [2025-01-18T00:17:45.228+0000] {dag.py:3239} INFO - Sync 1 DAGs
[2025-01-18T00:17:45.250+0000] {logging_mixin.py:190} INFO - [2025-01-18T00:17:45.250+0000] {dag.py:4180} INFO - Setting next_dagrun for example_display_name to None, run_after=None
[2025-01-18T00:17:45.278+0000] {processor.py:208} INFO - Processing /home/airflow/.local/lib/python3.12/site-packages/airflow/example_dags/example_display_name.py took 0.098 seconds
[2025-01-18T00:18:15.527+0000] {processor.py:186} INFO - Started process (PID=19771) to work on /home/airflow/.local/lib/python3.12/site-packages/airflow/example_dags/example_display_name.py
[2025-01-18T00:18:15.528+0000] {processor.py:914} INFO - Processing file /home/airflow/.local/lib/python3.12/site-packages/airflow/example_dags/example_display_name.py for tasks to queue
[2025-01-18T00:18:15.530+0000] {logging_mixin.py:190} INFO - [2025-01-18T00:18:15.530+0000] {dagbag.py:588} INFO - Filling up the DagBag from /home/airflow/.local/lib/python3.12/site-packages/airflow/example_dags/example_display_name.py
[2025-01-18T00:18:15.539+0000] {processor.py:925} INFO - DAG(s) 'example_display_name' retrieved from /home/airflow/.local/lib/python3.12/site-packages/airflow/example_dags/example_display_name.py
[2025-01-18T00:18:15.562+0000] {logging_mixin.py:190} INFO - [2025-01-18T00:18:15.562+0000] {dag.py:3239} INFO - Sync 1 DAGs
[2025-01-18T00:18:15.578+0000] {logging_mixin.py:190} INFO - [2025-01-18T00:18:15.577+0000] {dag.py:4180} INFO - Setting next_dagrun for example_display_name to None, run_after=None
[2025-01-18T00:18:15.600+0000] {processor.py:208} INFO - Processing /home/airflow/.local/lib/python3.12/site-packages/airflow/example_dags/example_display_name.py took 0.079 seconds
[2025-01-18T00:18:46.246+0000] {processor.py:186} INFO - Started process (PID=19838) to work on /home/airflow/.local/lib/python3.12/site-packages/airflow/example_dags/example_display_name.py
[2025-01-18T00:18:46.247+0000] {processor.py:914} INFO - Processing file /home/airflow/.local/lib/python3.12/site-packages/airflow/example_dags/example_display_name.py for tasks to queue
[2025-01-18T00:18:46.251+0000] {logging_mixin.py:190} INFO - [2025-01-18T00:18:46.250+0000] {dagbag.py:588} INFO - Filling up the DagBag from /home/airflow/.local/lib/python3.12/site-packages/airflow/example_dags/example_display_name.py
[2025-01-18T00:18:46.262+0000] {processor.py:925} INFO - DAG(s) 'example_display_name' retrieved from /home/airflow/.local/lib/python3.12/site-packages/airflow/example_dags/example_display_name.py
[2025-01-18T00:18:46.288+0000] {logging_mixin.py:190} INFO - [2025-01-18T00:18:46.288+0000] {dag.py:3239} INFO - Sync 1 DAGs
[2025-01-18T00:18:46.309+0000] {logging_mixin.py:190} INFO - [2025-01-18T00:18:46.309+0000] {dag.py:4180} INFO - Setting next_dagrun for example_display_name to None, run_after=None
[2025-01-18T00:18:46.336+0000] {processor.py:208} INFO - Processing /home/airflow/.local/lib/python3.12/site-packages/airflow/example_dags/example_display_name.py took 0.098 seconds
[2025-01-18T00:19:16.740+0000] {processor.py:186} INFO - Started process (PID=19904) to work on /home/airflow/.local/lib/python3.12/site-packages/airflow/example_dags/example_display_name.py
[2025-01-18T00:19:16.741+0000] {processor.py:914} INFO - Processing file /home/airflow/.local/lib/python3.12/site-packages/airflow/example_dags/example_display_name.py for tasks to queue
[2025-01-18T00:19:16.744+0000] {logging_mixin.py:190} INFO - [2025-01-18T00:19:16.743+0000] {dagbag.py:588} INFO - Filling up the DagBag from /home/airflow/.local/lib/python3.12/site-packages/airflow/example_dags/example_display_name.py
[2025-01-18T00:19:16.752+0000] {processor.py:925} INFO - DAG(s) 'example_display_name' retrieved from /home/airflow/.local/lib/python3.12/site-packages/airflow/example_dags/example_display_name.py
[2025-01-18T00:19:16.779+0000] {logging_mixin.py:190} INFO - [2025-01-18T00:19:16.779+0000] {dag.py:3239} INFO - Sync 1 DAGs
[2025-01-18T00:19:16.796+0000] {logging_mixin.py:190} INFO - [2025-01-18T00:19:16.796+0000] {dag.py:4180} INFO - Setting next_dagrun for example_display_name to None, run_after=None
[2025-01-18T00:19:16.818+0000] {processor.py:208} INFO - Processing /home/airflow/.local/lib/python3.12/site-packages/airflow/example_dags/example_display_name.py took 0.086 seconds
[2025-01-18T00:19:46.867+0000] {processor.py:186} INFO - Started process (PID=19971) to work on /home/airflow/.local/lib/python3.12/site-packages/airflow/example_dags/example_display_name.py
[2025-01-18T00:19:46.869+0000] {processor.py:914} INFO - Processing file /home/airflow/.local/lib/python3.12/site-packages/airflow/example_dags/example_display_name.py for tasks to queue
[2025-01-18T00:19:46.872+0000] {logging_mixin.py:190} INFO - [2025-01-18T00:19:46.871+0000] {dagbag.py:588} INFO - Filling up the DagBag from /home/airflow/.local/lib/python3.12/site-packages/airflow/example_dags/example_display_name.py
[2025-01-18T00:19:46.880+0000] {processor.py:925} INFO - DAG(s) 'example_display_name' retrieved from /home/airflow/.local/lib/python3.12/site-packages/airflow/example_dags/example_display_name.py
[2025-01-18T00:19:46.905+0000] {logging_mixin.py:190} INFO - [2025-01-18T00:19:46.904+0000] {dag.py:3239} INFO - Sync 1 DAGs
[2025-01-18T00:19:46.925+0000] {logging_mixin.py:190} INFO - [2025-01-18T00:19:46.924+0000] {dag.py:4180} INFO - Setting next_dagrun for example_display_name to None, run_after=None
[2025-01-18T00:19:46.950+0000] {processor.py:208} INFO - Processing /home/airflow/.local/lib/python3.12/site-packages/airflow/example_dags/example_display_name.py took 0.089 seconds
[2025-01-18T00:20:17.896+0000] {processor.py:186} INFO - Started process (PID=20038) to work on /home/airflow/.local/lib/python3.12/site-packages/airflow/example_dags/example_display_name.py
[2025-01-18T00:20:17.897+0000] {processor.py:914} INFO - Processing file /home/airflow/.local/lib/python3.12/site-packages/airflow/example_dags/example_display_name.py for tasks to queue
[2025-01-18T00:20:17.900+0000] {logging_mixin.py:190} INFO - [2025-01-18T00:20:17.899+0000] {dagbag.py:588} INFO - Filling up the DagBag from /home/airflow/.local/lib/python3.12/site-packages/airflow/example_dags/example_display_name.py
[2025-01-18T00:20:17.908+0000] {processor.py:925} INFO - DAG(s) 'example_display_name' retrieved from /home/airflow/.local/lib/python3.12/site-packages/airflow/example_dags/example_display_name.py
[2025-01-18T00:20:17.931+0000] {logging_mixin.py:190} INFO - [2025-01-18T00:20:17.930+0000] {dag.py:3239} INFO - Sync 1 DAGs
[2025-01-18T00:20:17.947+0000] {logging_mixin.py:190} INFO - [2025-01-18T00:20:17.947+0000] {dag.py:4180} INFO - Setting next_dagrun for example_display_name to None, run_after=None
[2025-01-18T00:20:17.969+0000] {processor.py:208} INFO - Processing /home/airflow/.local/lib/python3.12/site-packages/airflow/example_dags/example_display_name.py took 0.079 seconds
[2025-01-18T00:20:48.878+0000] {processor.py:186} INFO - Started process (PID=20105) to work on /home/airflow/.local/lib/python3.12/site-packages/airflow/example_dags/example_display_name.py
[2025-01-18T00:20:48.879+0000] {processor.py:914} INFO - Processing file /home/airflow/.local/lib/python3.12/site-packages/airflow/example_dags/example_display_name.py for tasks to queue
[2025-01-18T00:20:48.882+0000] {logging_mixin.py:190} INFO - [2025-01-18T00:20:48.882+0000] {dagbag.py:588} INFO - Filling up the DagBag from /home/airflow/.local/lib/python3.12/site-packages/airflow/example_dags/example_display_name.py
[2025-01-18T00:20:48.891+0000] {processor.py:925} INFO - DAG(s) 'example_display_name' retrieved from /home/airflow/.local/lib/python3.12/site-packages/airflow/example_dags/example_display_name.py
[2025-01-18T00:20:48.916+0000] {logging_mixin.py:190} INFO - [2025-01-18T00:20:48.915+0000] {dag.py:3239} INFO - Sync 1 DAGs
[2025-01-18T00:20:48.934+0000] {logging_mixin.py:190} INFO - [2025-01-18T00:20:48.934+0000] {dag.py:4180} INFO - Setting next_dagrun for example_display_name to None, run_after=None
[2025-01-18T00:20:48.963+0000] {processor.py:208} INFO - Processing /home/airflow/.local/lib/python3.12/site-packages/airflow/example_dags/example_display_name.py took 0.094 seconds
[2025-01-18T00:21:19.842+0000] {processor.py:186} INFO - Started process (PID=20178) to work on /home/airflow/.local/lib/python3.12/site-packages/airflow/example_dags/example_display_name.py
[2025-01-18T00:21:19.844+0000] {processor.py:914} INFO - Processing file /home/airflow/.local/lib/python3.12/site-packages/airflow/example_dags/example_display_name.py for tasks to queue
[2025-01-18T00:21:19.847+0000] {logging_mixin.py:190} INFO - [2025-01-18T00:21:19.847+0000] {dagbag.py:588} INFO - Filling up the DagBag from /home/airflow/.local/lib/python3.12/site-packages/airflow/example_dags/example_display_name.py
[2025-01-18T00:21:19.858+0000] {processor.py:925} INFO - DAG(s) 'example_display_name' retrieved from /home/airflow/.local/lib/python3.12/site-packages/airflow/example_dags/example_display_name.py
[2025-01-18T00:21:19.881+0000] {logging_mixin.py:190} INFO - [2025-01-18T00:21:19.881+0000] {dag.py:3239} INFO - Sync 1 DAGs
[2025-01-18T00:21:19.897+0000] {logging_mixin.py:190} INFO - [2025-01-18T00:21:19.897+0000] {dag.py:4180} INFO - Setting next_dagrun for example_display_name to None, run_after=None
[2025-01-18T00:21:19.918+0000] {processor.py:208} INFO - Processing /home/airflow/.local/lib/python3.12/site-packages/airflow/example_dags/example_display_name.py took 0.082 seconds
[2025-01-18T00:21:50.451+0000] {processor.py:186} INFO - Started process (PID=20243) to work on /home/airflow/.local/lib/python3.12/site-packages/airflow/example_dags/example_display_name.py
[2025-01-18T00:21:50.453+0000] {processor.py:914} INFO - Processing file /home/airflow/.local/lib/python3.12/site-packages/airflow/example_dags/example_display_name.py for tasks to queue
[2025-01-18T00:21:50.455+0000] {logging_mixin.py:190} INFO - [2025-01-18T00:21:50.455+0000] {dagbag.py:588} INFO - Filling up the DagBag from /home/airflow/.local/lib/python3.12/site-packages/airflow/example_dags/example_display_name.py
[2025-01-18T00:21:50.464+0000] {processor.py:925} INFO - DAG(s) 'example_display_name' retrieved from /home/airflow/.local/lib/python3.12/site-packages/airflow/example_dags/example_display_name.py
[2025-01-18T00:21:50.491+0000] {logging_mixin.py:190} INFO - [2025-01-18T00:21:50.491+0000] {dag.py:3239} INFO - Sync 1 DAGs
[2025-01-18T00:21:50.514+0000] {logging_mixin.py:190} INFO - [2025-01-18T00:21:50.514+0000] {dag.py:4180} INFO - Setting next_dagrun for example_display_name to None, run_after=None
[2025-01-18T00:21:50.547+0000] {processor.py:208} INFO - Processing /home/airflow/.local/lib/python3.12/site-packages/airflow/example_dags/example_display_name.py took 0.102 seconds
[2025-01-18T00:22:20.584+0000] {processor.py:186} INFO - Started process (PID=20309) to work on /home/airflow/.local/lib/python3.12/site-packages/airflow/example_dags/example_display_name.py
[2025-01-18T00:22:20.585+0000] {processor.py:914} INFO - Processing file /home/airflow/.local/lib/python3.12/site-packages/airflow/example_dags/example_display_name.py for tasks to queue
[2025-01-18T00:22:20.588+0000] {logging_mixin.py:190} INFO - [2025-01-18T00:22:20.587+0000] {dagbag.py:588} INFO - Filling up the DagBag from /home/airflow/.local/lib/python3.12/site-packages/airflow/example_dags/example_display_name.py
[2025-01-18T00:22:20.595+0000] {processor.py:925} INFO - DAG(s) 'example_display_name' retrieved from /home/airflow/.local/lib/python3.12/site-packages/airflow/example_dags/example_display_name.py
[2025-01-18T00:22:18.348+0000] {logging_mixin.py:190} INFO - [2025-01-18T00:22:18.347+0000] {dag.py:3239} INFO - Sync 1 DAGs
[2025-01-18T00:22:18.364+0000] {logging_mixin.py:190} INFO - [2025-01-18T00:22:18.364+0000] {dag.py:4180} INFO - Setting next_dagrun for example_display_name to None, run_after=None
[2025-01-18T00:22:18.388+0000] {processor.py:208} INFO - Processing /home/airflow/.local/lib/python3.12/site-packages/airflow/example_dags/example_display_name.py took 0.077 seconds
[2025-01-18T00:22:48.853+0000] {processor.py:186} INFO - Started process (PID=20371) to work on /home/airflow/.local/lib/python3.12/site-packages/airflow/example_dags/example_display_name.py
[2025-01-18T00:22:48.856+0000] {processor.py:914} INFO - Processing file /home/airflow/.local/lib/python3.12/site-packages/airflow/example_dags/example_display_name.py for tasks to queue
[2025-01-18T00:22:48.859+0000] {logging_mixin.py:190} INFO - [2025-01-18T00:22:48.859+0000] {dagbag.py:588} INFO - Filling up the DagBag from /home/airflow/.local/lib/python3.12/site-packages/airflow/example_dags/example_display_name.py
[2025-01-18T00:22:48.868+0000] {processor.py:925} INFO - DAG(s) 'example_display_name' retrieved from /home/airflow/.local/lib/python3.12/site-packages/airflow/example_dags/example_display_name.py
[2025-01-18T00:22:48.892+0000] {logging_mixin.py:190} INFO - [2025-01-18T00:22:48.891+0000] {dag.py:3239} INFO - Sync 1 DAGs
[2025-01-18T00:22:48.914+0000] {logging_mixin.py:190} INFO - [2025-01-18T00:22:48.913+0000] {dag.py:4180} INFO - Setting next_dagrun for example_display_name to None, run_after=None
[2025-01-18T00:22:48.943+0000] {processor.py:208} INFO - Processing /home/airflow/.local/lib/python3.12/site-packages/airflow/example_dags/example_display_name.py took 0.096 seconds
[2025-01-18T00:23:19.456+0000] {processor.py:186} INFO - Started process (PID=20438) to work on /home/airflow/.local/lib/python3.12/site-packages/airflow/example_dags/example_display_name.py
[2025-01-18T00:23:19.458+0000] {processor.py:914} INFO - Processing file /home/airflow/.local/lib/python3.12/site-packages/airflow/example_dags/example_display_name.py for tasks to queue
[2025-01-18T00:23:19.460+0000] {logging_mixin.py:190} INFO - [2025-01-18T00:23:19.459+0000] {dagbag.py:588} INFO - Filling up the DagBag from /home/airflow/.local/lib/python3.12/site-packages/airflow/example_dags/example_display_name.py
[2025-01-18T00:23:19.468+0000] {processor.py:925} INFO - DAG(s) 'example_display_name' retrieved from /home/airflow/.local/lib/python3.12/site-packages/airflow/example_dags/example_display_name.py
[2025-01-18T00:23:19.491+0000] {logging_mixin.py:190} INFO - [2025-01-18T00:23:19.490+0000] {dag.py:3239} INFO - Sync 1 DAGs
[2025-01-18T00:23:19.508+0000] {logging_mixin.py:190} INFO - [2025-01-18T00:23:19.507+0000] {dag.py:4180} INFO - Setting next_dagrun for example_display_name to None, run_after=None
[2025-01-18T00:23:19.531+0000] {processor.py:208} INFO - Processing /home/airflow/.local/lib/python3.12/site-packages/airflow/example_dags/example_display_name.py took 0.080 seconds
[2025-01-18T00:23:49.984+0000] {processor.py:186} INFO - Started process (PID=20505) to work on /home/airflow/.local/lib/python3.12/site-packages/airflow/example_dags/example_display_name.py
[2025-01-18T00:23:49.987+0000] {processor.py:914} INFO - Processing file /home/airflow/.local/lib/python3.12/site-packages/airflow/example_dags/example_display_name.py for tasks to queue
[2025-01-18T00:23:49.990+0000] {logging_mixin.py:190} INFO - [2025-01-18T00:23:49.989+0000] {dagbag.py:588} INFO - Filling up the DagBag from /home/airflow/.local/lib/python3.12/site-packages/airflow/example_dags/example_display_name.py
[2025-01-18T00:23:49.997+0000] {processor.py:925} INFO - DAG(s) 'example_display_name' retrieved from /home/airflow/.local/lib/python3.12/site-packages/airflow/example_dags/example_display_name.py
[2025-01-18T00:23:50.018+0000] {logging_mixin.py:190} INFO - [2025-01-18T00:23:50.017+0000] {dag.py:3239} INFO - Sync 1 DAGs
[2025-01-18T00:23:50.033+0000] {logging_mixin.py:190} INFO - [2025-01-18T00:23:50.033+0000] {dag.py:4180} INFO - Setting next_dagrun for example_display_name to None, run_after=None
[2025-01-18T00:23:50.055+0000] {processor.py:208} INFO - Processing /home/airflow/.local/lib/python3.12/site-packages/airflow/example_dags/example_display_name.py took 0.078 seconds
[2025-01-18T00:24:20.704+0000] {processor.py:186} INFO - Started process (PID=20572) to work on /home/airflow/.local/lib/python3.12/site-packages/airflow/example_dags/example_display_name.py
[2025-01-18T00:24:20.707+0000] {processor.py:914} INFO - Processing file /home/airflow/.local/lib/python3.12/site-packages/airflow/example_dags/example_display_name.py for tasks to queue
[2025-01-18T00:24:20.709+0000] {logging_mixin.py:190} INFO - [2025-01-18T00:24:20.709+0000] {dagbag.py:588} INFO - Filling up the DagBag from /home/airflow/.local/lib/python3.12/site-packages/airflow/example_dags/example_display_name.py
[2025-01-18T00:24:20.716+0000] {processor.py:925} INFO - DAG(s) 'example_display_name' retrieved from /home/airflow/.local/lib/python3.12/site-packages/airflow/example_dags/example_display_name.py
[2025-01-18T00:24:20.736+0000] {logging_mixin.py:190} INFO - [2025-01-18T00:24:20.736+0000] {dag.py:3239} INFO - Sync 1 DAGs
[2025-01-18T00:24:20.754+0000] {logging_mixin.py:190} INFO - [2025-01-18T00:24:20.753+0000] {dag.py:4180} INFO - Setting next_dagrun for example_display_name to None, run_after=None
[2025-01-18T00:24:20.792+0000] {processor.py:208} INFO - Processing /home/airflow/.local/lib/python3.12/site-packages/airflow/example_dags/example_display_name.py took 0.094 seconds
[2025-01-18T00:24:51.357+0000] {processor.py:186} INFO - Started process (PID=20639) to work on /home/airflow/.local/lib/python3.12/site-packages/airflow/example_dags/example_display_name.py
[2025-01-18T00:24:51.359+0000] {processor.py:914} INFO - Processing file /home/airflow/.local/lib/python3.12/site-packages/airflow/example_dags/example_display_name.py for tasks to queue
[2025-01-18T00:24:51.361+0000] {logging_mixin.py:190} INFO - [2025-01-18T00:24:51.360+0000] {dagbag.py:588} INFO - Filling up the DagBag from /home/airflow/.local/lib/python3.12/site-packages/airflow/example_dags/example_display_name.py
[2025-01-18T00:24:51.367+0000] {processor.py:925} INFO - DAG(s) 'example_display_name' retrieved from /home/airflow/.local/lib/python3.12/site-packages/airflow/example_dags/example_display_name.py
[2025-01-18T00:24:51.386+0000] {logging_mixin.py:190} INFO - [2025-01-18T00:24:51.385+0000] {dag.py:3239} INFO - Sync 1 DAGs
[2025-01-18T00:24:51.400+0000] {logging_mixin.py:190} INFO - [2025-01-18T00:24:51.399+0000] {dag.py:4180} INFO - Setting next_dagrun for example_display_name to None, run_after=None
[2025-01-18T00:24:51.418+0000] {processor.py:208} INFO - Processing /home/airflow/.local/lib/python3.12/site-packages/airflow/example_dags/example_display_name.py took 0.066 seconds
[2025-01-18T00:25:22.036+0000] {processor.py:186} INFO - Started process (PID=20706) to work on /home/airflow/.local/lib/python3.12/site-packages/airflow/example_dags/example_display_name.py
[2025-01-18T00:25:22.038+0000] {processor.py:914} INFO - Processing file /home/airflow/.local/lib/python3.12/site-packages/airflow/example_dags/example_display_name.py for tasks to queue
[2025-01-18T00:25:22.041+0000] {logging_mixin.py:190} INFO - [2025-01-18T00:25:22.041+0000] {dagbag.py:588} INFO - Filling up the DagBag from /home/airflow/.local/lib/python3.12/site-packages/airflow/example_dags/example_display_name.py
[2025-01-18T00:25:22.050+0000] {processor.py:925} INFO - DAG(s) 'example_display_name' retrieved from /home/airflow/.local/lib/python3.12/site-packages/airflow/example_dags/example_display_name.py
[2025-01-18T00:25:22.075+0000] {logging_mixin.py:190} INFO - [2025-01-18T00:25:22.074+0000] {dag.py:3239} INFO - Sync 1 DAGs
[2025-01-18T00:25:22.094+0000] {logging_mixin.py:190} INFO - [2025-01-18T00:25:22.094+0000] {dag.py:4180} INFO - Setting next_dagrun for example_display_name to None, run_after=None
[2025-01-18T00:25:22.119+0000] {processor.py:208} INFO - Processing /home/airflow/.local/lib/python3.12/site-packages/airflow/example_dags/example_display_name.py took 0.094 seconds
[2025-01-18T00:25:52.868+0000] {processor.py:186} INFO - Started process (PID=20779) to work on /home/airflow/.local/lib/python3.12/site-packages/airflow/example_dags/example_display_name.py
[2025-01-18T00:25:52.870+0000] {processor.py:914} INFO - Processing file /home/airflow/.local/lib/python3.12/site-packages/airflow/example_dags/example_display_name.py for tasks to queue
[2025-01-18T00:25:52.872+0000] {logging_mixin.py:190} INFO - [2025-01-18T00:25:52.872+0000] {dagbag.py:588} INFO - Filling up the DagBag from /home/airflow/.local/lib/python3.12/site-packages/airflow/example_dags/example_display_name.py
[2025-01-18T00:25:52.881+0000] {processor.py:925} INFO - DAG(s) 'example_display_name' retrieved from /home/airflow/.local/lib/python3.12/site-packages/airflow/example_dags/example_display_name.py
[2025-01-18T00:25:52.906+0000] {logging_mixin.py:190} INFO - [2025-01-18T00:25:52.906+0000] {dag.py:3239} INFO - Sync 1 DAGs
[2025-01-18T00:25:52.928+0000] {logging_mixin.py:190} INFO - [2025-01-18T00:25:52.927+0000] {dag.py:4180} INFO - Setting next_dagrun for example_display_name to None, run_after=None
[2025-01-18T00:25:52.954+0000] {processor.py:208} INFO - Processing /home/airflow/.local/lib/python3.12/site-packages/airflow/example_dags/example_display_name.py took 0.094 seconds
[2025-01-18T00:26:23.307+0000] {processor.py:186} INFO - Started process (PID=20845) to work on /home/airflow/.local/lib/python3.12/site-packages/airflow/example_dags/example_display_name.py
[2025-01-18T00:26:23.309+0000] {processor.py:914} INFO - Processing file /home/airflow/.local/lib/python3.12/site-packages/airflow/example_dags/example_display_name.py for tasks to queue
[2025-01-18T00:26:23.313+0000] {logging_mixin.py:190} INFO - [2025-01-18T00:26:23.312+0000] {dagbag.py:588} INFO - Filling up the DagBag from /home/airflow/.local/lib/python3.12/site-packages/airflow/example_dags/example_display_name.py
[2025-01-18T00:26:23.321+0000] {processor.py:925} INFO - DAG(s) 'example_display_name' retrieved from /home/airflow/.local/lib/python3.12/site-packages/airflow/example_dags/example_display_name.py
[2025-01-18T00:26:23.349+0000] {logging_mixin.py:190} INFO - [2025-01-18T00:26:23.349+0000] {dag.py:3239} INFO - Sync 1 DAGs
[2025-01-18T00:26:23.372+0000] {logging_mixin.py:190} INFO - [2025-01-18T00:26:23.372+0000] {dag.py:4180} INFO - Setting next_dagrun for example_display_name to None, run_after=None
[2025-01-18T00:26:23.405+0000] {processor.py:208} INFO - Processing /home/airflow/.local/lib/python3.12/site-packages/airflow/example_dags/example_display_name.py took 0.104 seconds
[2025-01-18T00:26:53.537+0000] {processor.py:186} INFO - Started process (PID=20912) to work on /home/airflow/.local/lib/python3.12/site-packages/airflow/example_dags/example_display_name.py
[2025-01-18T00:26:53.539+0000] {processor.py:914} INFO - Processing file /home/airflow/.local/lib/python3.12/site-packages/airflow/example_dags/example_display_name.py for tasks to queue
[2025-01-18T00:26:53.541+0000] {logging_mixin.py:190} INFO - [2025-01-18T00:26:53.540+0000] {dagbag.py:588} INFO - Filling up the DagBag from /home/airflow/.local/lib/python3.12/site-packages/airflow/example_dags/example_display_name.py
[2025-01-18T00:26:53.551+0000] {processor.py:925} INFO - DAG(s) 'example_display_name' retrieved from /home/airflow/.local/lib/python3.12/site-packages/airflow/example_dags/example_display_name.py
[2025-01-18T00:26:53.576+0000] {logging_mixin.py:190} INFO - [2025-01-18T00:26:53.575+0000] {dag.py:3239} INFO - Sync 1 DAGs
[2025-01-18T00:26:53.595+0000] {logging_mixin.py:190} INFO - [2025-01-18T00:26:53.595+0000] {dag.py:4180} INFO - Setting next_dagrun for example_display_name to None, run_after=None
[2025-01-18T00:26:53.626+0000] {processor.py:208} INFO - Processing /home/airflow/.local/lib/python3.12/site-packages/airflow/example_dags/example_display_name.py took 0.095 seconds
[2025-01-18T00:27:24.548+0000] {processor.py:186} INFO - Started process (PID=20979) to work on /home/airflow/.local/lib/python3.12/site-packages/airflow/example_dags/example_display_name.py
[2025-01-18T00:27:24.549+0000] {processor.py:914} INFO - Processing file /home/airflow/.local/lib/python3.12/site-packages/airflow/example_dags/example_display_name.py for tasks to queue
[2025-01-18T00:27:24.551+0000] {logging_mixin.py:190} INFO - [2025-01-18T00:27:24.551+0000] {dagbag.py:588} INFO - Filling up the DagBag from /home/airflow/.local/lib/python3.12/site-packages/airflow/example_dags/example_display_name.py
[2025-01-18T00:27:24.561+0000] {processor.py:925} INFO - DAG(s) 'example_display_name' retrieved from /home/airflow/.local/lib/python3.12/site-packages/airflow/example_dags/example_display_name.py
[2025-01-18T00:27:24.584+0000] {logging_mixin.py:190} INFO - [2025-01-18T00:27:24.584+0000] {dag.py:3239} INFO - Sync 1 DAGs
[2025-01-18T00:27:24.602+0000] {logging_mixin.py:190} INFO - [2025-01-18T00:27:24.602+0000] {dag.py:4180} INFO - Setting next_dagrun for example_display_name to None, run_after=None
[2025-01-18T00:27:24.627+0000] {processor.py:208} INFO - Processing /home/airflow/.local/lib/python3.12/site-packages/airflow/example_dags/example_display_name.py took 0.084 seconds
[2025-01-18T00:27:54.782+0000] {processor.py:186} INFO - Started process (PID=21046) to work on /home/airflow/.local/lib/python3.12/site-packages/airflow/example_dags/example_display_name.py
[2025-01-18T00:27:54.784+0000] {processor.py:914} INFO - Processing file /home/airflow/.local/lib/python3.12/site-packages/airflow/example_dags/example_display_name.py for tasks to queue
[2025-01-18T00:27:54.786+0000] {logging_mixin.py:190} INFO - [2025-01-18T00:27:54.786+0000] {dagbag.py:588} INFO - Filling up the DagBag from /home/airflow/.local/lib/python3.12/site-packages/airflow/example_dags/example_display_name.py
[2025-01-18T00:27:54.793+0000] {processor.py:925} INFO - DAG(s) 'example_display_name' retrieved from /home/airflow/.local/lib/python3.12/site-packages/airflow/example_dags/example_display_name.py
[2025-01-18T00:27:54.815+0000] {logging_mixin.py:190} INFO - [2025-01-18T00:27:54.815+0000] {dag.py:3239} INFO - Sync 1 DAGs
[2025-01-18T00:27:54.832+0000] {logging_mixin.py:190} INFO - [2025-01-18T00:27:54.832+0000] {dag.py:4180} INFO - Setting next_dagrun for example_display_name to None, run_after=None
[2025-01-18T00:27:54.858+0000] {processor.py:208} INFO - Processing /home/airflow/.local/lib/python3.12/site-packages/airflow/example_dags/example_display_name.py took 0.083 seconds
[2025-01-18T00:28:25.169+0000] {processor.py:186} INFO - Started process (PID=21112) to work on /home/airflow/.local/lib/python3.12/site-packages/airflow/example_dags/example_display_name.py
[2025-01-18T00:28:25.170+0000] {processor.py:914} INFO - Processing file /home/airflow/.local/lib/python3.12/site-packages/airflow/example_dags/example_display_name.py for tasks to queue
[2025-01-18T00:28:25.174+0000] {logging_mixin.py:190} INFO - [2025-01-18T00:28:25.173+0000] {dagbag.py:588} INFO - Filling up the DagBag from /home/airflow/.local/lib/python3.12/site-packages/airflow/example_dags/example_display_name.py
[2025-01-18T00:28:25.183+0000] {processor.py:925} INFO - DAG(s) 'example_display_name' retrieved from /home/airflow/.local/lib/python3.12/site-packages/airflow/example_dags/example_display_name.py
[2025-01-18T00:28:25.206+0000] {logging_mixin.py:190} INFO - [2025-01-18T00:28:25.206+0000] {dag.py:3239} INFO - Sync 1 DAGs
[2025-01-18T00:28:25.221+0000] {logging_mixin.py:190} INFO - [2025-01-18T00:28:25.221+0000] {dag.py:4180} INFO - Setting next_dagrun for example_display_name to None, run_after=None
[2025-01-18T00:28:25.244+0000] {processor.py:208} INFO - Processing /home/airflow/.local/lib/python3.12/site-packages/airflow/example_dags/example_display_name.py took 0.082 seconds
[2025-01-18T00:28:55.741+0000] {processor.py:186} INFO - Started process (PID=21179) to work on /home/airflow/.local/lib/python3.12/site-packages/airflow/example_dags/example_display_name.py
[2025-01-18T00:28:55.742+0000] {processor.py:914} INFO - Processing file /home/airflow/.local/lib/python3.12/site-packages/airflow/example_dags/example_display_name.py for tasks to queue
[2025-01-18T00:28:55.744+0000] {logging_mixin.py:190} INFO - [2025-01-18T00:28:55.744+0000] {dagbag.py:588} INFO - Filling up the DagBag from /home/airflow/.local/lib/python3.12/site-packages/airflow/example_dags/example_display_name.py
[2025-01-18T00:28:55.753+0000] {processor.py:925} INFO - DAG(s) 'example_display_name' retrieved from /home/airflow/.local/lib/python3.12/site-packages/airflow/example_dags/example_display_name.py
[2025-01-18T00:28:55.773+0000] {logging_mixin.py:190} INFO - [2025-01-18T00:28:55.773+0000] {dag.py:3239} INFO - Sync 1 DAGs
[2025-01-18T00:28:55.790+0000] {logging_mixin.py:190} INFO - [2025-01-18T00:28:55.790+0000] {dag.py:4180} INFO - Setting next_dagrun for example_display_name to None, run_after=None
[2025-01-18T00:28:55.813+0000] {processor.py:208} INFO - Processing /home/airflow/.local/lib/python3.12/site-packages/airflow/example_dags/example_display_name.py took 0.079 seconds
[2025-01-18T00:29:26.364+0000] {processor.py:186} INFO - Started process (PID=21246) to work on /home/airflow/.local/lib/python3.12/site-packages/airflow/example_dags/example_display_name.py
[2025-01-18T00:29:26.366+0000] {processor.py:914} INFO - Processing file /home/airflow/.local/lib/python3.12/site-packages/airflow/example_dags/example_display_name.py for tasks to queue
[2025-01-18T00:29:26.368+0000] {logging_mixin.py:190} INFO - [2025-01-18T00:29:26.368+0000] {dagbag.py:588} INFO - Filling up the DagBag from /home/airflow/.local/lib/python3.12/site-packages/airflow/example_dags/example_display_name.py
[2025-01-18T00:29:26.375+0000] {processor.py:925} INFO - DAG(s) 'example_display_name' retrieved from /home/airflow/.local/lib/python3.12/site-packages/airflow/example_dags/example_display_name.py
[2025-01-18T00:29:26.396+0000] {logging_mixin.py:190} INFO - [2025-01-18T00:29:26.395+0000] {dag.py:3239} INFO - Sync 1 DAGs
[2025-01-18T00:29:26.413+0000] {logging_mixin.py:190} INFO - [2025-01-18T00:29:26.412+0000] {dag.py:4180} INFO - Setting next_dagrun for example_display_name to None, run_after=None
[2025-01-18T00:29:26.436+0000] {processor.py:208} INFO - Processing /home/airflow/.local/lib/python3.12/site-packages/airflow/example_dags/example_display_name.py took 0.077 seconds
[2025-01-18T00:29:57.096+0000] {processor.py:186} INFO - Started process (PID=21319) to work on /home/airflow/.local/lib/python3.12/site-packages/airflow/example_dags/example_display_name.py
[2025-01-18T00:29:57.098+0000] {processor.py:914} INFO - Processing file /home/airflow/.local/lib/python3.12/site-packages/airflow/example_dags/example_display_name.py for tasks to queue
[2025-01-18T00:29:57.100+0000] {logging_mixin.py:190} INFO - [2025-01-18T00:29:57.099+0000] {dagbag.py:588} INFO - Filling up the DagBag from /home/airflow/.local/lib/python3.12/site-packages/airflow/example_dags/example_display_name.py
[2025-01-18T00:29:57.108+0000] {processor.py:925} INFO - DAG(s) 'example_display_name' retrieved from /home/airflow/.local/lib/python3.12/site-packages/airflow/example_dags/example_display_name.py
[2025-01-18T00:29:57.128+0000] {logging_mixin.py:190} INFO - [2025-01-18T00:29:57.128+0000] {dag.py:3239} INFO - Sync 1 DAGs
[2025-01-18T00:29:57.146+0000] {logging_mixin.py:190} INFO - [2025-01-18T00:29:57.146+0000] {dag.py:4180} INFO - Setting next_dagrun for example_display_name to None, run_after=None
[2025-01-18T00:29:57.168+0000] {processor.py:208} INFO - Processing /home/airflow/.local/lib/python3.12/site-packages/airflow/example_dags/example_display_name.py took 0.077 seconds
[2025-01-18T00:30:27.727+0000] {processor.py:186} INFO - Started process (PID=21386) to work on /home/airflow/.local/lib/python3.12/site-packages/airflow/example_dags/example_display_name.py
[2025-01-18T00:30:27.729+0000] {processor.py:914} INFO - Processing file /home/airflow/.local/lib/python3.12/site-packages/airflow/example_dags/example_display_name.py for tasks to queue
[2025-01-18T00:30:27.733+0000] {logging_mixin.py:190} INFO - [2025-01-18T00:30:27.732+0000] {dagbag.py:588} INFO - Filling up the DagBag from /home/airflow/.local/lib/python3.12/site-packages/airflow/example_dags/example_display_name.py
[2025-01-18T00:30:27.746+0000] {processor.py:925} INFO - DAG(s) 'example_display_name' retrieved from /home/airflow/.local/lib/python3.12/site-packages/airflow/example_dags/example_display_name.py
[2025-01-18T00:30:27.777+0000] {logging_mixin.py:190} INFO - [2025-01-18T00:30:27.776+0000] {dag.py:3239} INFO - Sync 1 DAGs
[2025-01-18T00:30:27.798+0000] {logging_mixin.py:190} INFO - [2025-01-18T00:30:27.797+0000] {dag.py:4180} INFO - Setting next_dagrun for example_display_name to None, run_after=None
[2025-01-18T00:30:27.825+0000] {processor.py:208} INFO - Processing /home/airflow/.local/lib/python3.12/site-packages/airflow/example_dags/example_display_name.py took 0.109 seconds
[2025-01-18T00:30:58.308+0000] {processor.py:186} INFO - Started process (PID=21453) to work on /home/airflow/.local/lib/python3.12/site-packages/airflow/example_dags/example_display_name.py
[2025-01-18T00:30:58.310+0000] {processor.py:914} INFO - Processing file /home/airflow/.local/lib/python3.12/site-packages/airflow/example_dags/example_display_name.py for tasks to queue
[2025-01-18T00:30:58.312+0000] {logging_mixin.py:190} INFO - [2025-01-18T00:30:58.312+0000] {dagbag.py:588} INFO - Filling up the DagBag from /home/airflow/.local/lib/python3.12/site-packages/airflow/example_dags/example_display_name.py
[2025-01-18T00:30:58.320+0000] {processor.py:925} INFO - DAG(s) 'example_display_name' retrieved from /home/airflow/.local/lib/python3.12/site-packages/airflow/example_dags/example_display_name.py
[2025-01-18T00:30:58.340+0000] {logging_mixin.py:190} INFO - [2025-01-18T00:30:58.339+0000] {dag.py:3239} INFO - Sync 1 DAGs
[2025-01-18T00:30:58.358+0000] {logging_mixin.py:190} INFO - [2025-01-18T00:30:58.358+0000] {dag.py:4180} INFO - Setting next_dagrun for example_display_name to None, run_after=None
[2025-01-18T00:30:58.382+0000] {processor.py:208} INFO - Processing /home/airflow/.local/lib/python3.12/site-packages/airflow/example_dags/example_display_name.py took 0.079 seconds
[2025-01-18T00:31:28.799+0000] {processor.py:186} INFO - Started process (PID=21520) to work on /home/airflow/.local/lib/python3.12/site-packages/airflow/example_dags/example_display_name.py
[2025-01-18T00:31:28.801+0000] {processor.py:914} INFO - Processing file /home/airflow/.local/lib/python3.12/site-packages/airflow/example_dags/example_display_name.py for tasks to queue
[2025-01-18T00:31:28.802+0000] {logging_mixin.py:190} INFO - [2025-01-18T00:31:28.802+0000] {dagbag.py:588} INFO - Filling up the DagBag from /home/airflow/.local/lib/python3.12/site-packages/airflow/example_dags/example_display_name.py
[2025-01-18T00:31:28.809+0000] {processor.py:925} INFO - DAG(s) 'example_display_name' retrieved from /home/airflow/.local/lib/python3.12/site-packages/airflow/example_dags/example_display_name.py
[2025-01-18T00:31:28.829+0000] {logging_mixin.py:190} INFO - [2025-01-18T00:31:28.829+0000] {dag.py:3239} INFO - Sync 1 DAGs
[2025-01-18T00:31:28.841+0000] {logging_mixin.py:190} INFO - [2025-01-18T00:31:28.841+0000] {dag.py:4180} INFO - Setting next_dagrun for example_display_name to None, run_after=None
[2025-01-18T00:31:28.863+0000] {processor.py:208} INFO - Processing /home/airflow/.local/lib/python3.12/site-packages/airflow/example_dags/example_display_name.py took 0.069 seconds
[2025-01-18T00:31:59.327+0000] {processor.py:186} INFO - Started process (PID=21587) to work on /home/airflow/.local/lib/python3.12/site-packages/airflow/example_dags/example_display_name.py
[2025-01-18T00:31:59.328+0000] {processor.py:914} INFO - Processing file /home/airflow/.local/lib/python3.12/site-packages/airflow/example_dags/example_display_name.py for tasks to queue
[2025-01-18T00:31:59.330+0000] {logging_mixin.py:190} INFO - [2025-01-18T00:31:59.330+0000] {dagbag.py:588} INFO - Filling up the DagBag from /home/airflow/.local/lib/python3.12/site-packages/airflow/example_dags/example_display_name.py
[2025-01-18T00:31:59.338+0000] {processor.py:925} INFO - DAG(s) 'example_display_name' retrieved from /home/airflow/.local/lib/python3.12/site-packages/airflow/example_dags/example_display_name.py
[2025-01-18T00:31:59.359+0000] {logging_mixin.py:190} INFO - [2025-01-18T00:31:59.359+0000] {dag.py:3239} INFO - Sync 1 DAGs
[2025-01-18T00:31:59.376+0000] {logging_mixin.py:190} INFO - [2025-01-18T00:31:59.375+0000] {dag.py:4180} INFO - Setting next_dagrun for example_display_name to None, run_after=None
[2025-01-18T00:31:59.395+0000] {processor.py:208} INFO - Processing /home/airflow/.local/lib/python3.12/site-packages/airflow/example_dags/example_display_name.py took 0.074 seconds
[2025-01-18T00:32:29.581+0000] {processor.py:186} INFO - Started process (PID=21654) to work on /home/airflow/.local/lib/python3.12/site-packages/airflow/example_dags/example_display_name.py
[2025-01-18T00:32:29.583+0000] {processor.py:914} INFO - Processing file /home/airflow/.local/lib/python3.12/site-packages/airflow/example_dags/example_display_name.py for tasks to queue
[2025-01-18T00:32:29.586+0000] {logging_mixin.py:190} INFO - [2025-01-18T00:32:29.585+0000] {dagbag.py:588} INFO - Filling up the DagBag from /home/airflow/.local/lib/python3.12/site-packages/airflow/example_dags/example_display_name.py
[2025-01-18T00:32:29.595+0000] {processor.py:925} INFO - DAG(s) 'example_display_name' retrieved from /home/airflow/.local/lib/python3.12/site-packages/airflow/example_dags/example_display_name.py
[2025-01-18T00:32:29.619+0000] {logging_mixin.py:190} INFO - [2025-01-18T00:32:29.619+0000] {dag.py:3239} INFO - Sync 1 DAGs
[2025-01-18T00:32:29.638+0000] {logging_mixin.py:190} INFO - [2025-01-18T00:32:29.638+0000] {dag.py:4180} INFO - Setting next_dagrun for example_display_name to None, run_after=None
[2025-01-18T00:32:29.664+0000] {processor.py:208} INFO - Processing /home/airflow/.local/lib/python3.12/site-packages/airflow/example_dags/example_display_name.py took 0.089 seconds
[2025-01-18T00:33:00.397+0000] {processor.py:186} INFO - Started process (PID=21721) to work on /home/airflow/.local/lib/python3.12/site-packages/airflow/example_dags/example_display_name.py
[2025-01-18T00:33:00.398+0000] {processor.py:914} INFO - Processing file /home/airflow/.local/lib/python3.12/site-packages/airflow/example_dags/example_display_name.py for tasks to queue
[2025-01-18T00:33:00.402+0000] {logging_mixin.py:190} INFO - [2025-01-18T00:33:00.401+0000] {dagbag.py:588} INFO - Filling up the DagBag from /home/airflow/.local/lib/python3.12/site-packages/airflow/example_dags/example_display_name.py
[2025-01-18T00:33:00.411+0000] {processor.py:925} INFO - DAG(s) 'example_display_name' retrieved from /home/airflow/.local/lib/python3.12/site-packages/airflow/example_dags/example_display_name.py
[2025-01-18T00:33:00.436+0000] {logging_mixin.py:190} INFO - [2025-01-18T00:33:00.436+0000] {dag.py:3239} INFO - Sync 1 DAGs
[2025-01-18T00:33:00.456+0000] {logging_mixin.py:190} INFO - [2025-01-18T00:33:00.455+0000] {dag.py:4180} INFO - Setting next_dagrun for example_display_name to None, run_after=None
[2025-01-18T00:33:00.484+0000] {processor.py:208} INFO - Processing /home/airflow/.local/lib/python3.12/site-packages/airflow/example_dags/example_display_name.py took 0.094 seconds
[2025-01-18T00:33:30.715+0000] {processor.py:186} INFO - Started process (PID=21788) to work on /home/airflow/.local/lib/python3.12/site-packages/airflow/example_dags/example_display_name.py
[2025-01-18T00:33:30.716+0000] {processor.py:914} INFO - Processing file /home/airflow/.local/lib/python3.12/site-packages/airflow/example_dags/example_display_name.py for tasks to queue
[2025-01-18T00:33:30.720+0000] {logging_mixin.py:190} INFO - [2025-01-18T00:33:30.719+0000] {dagbag.py:588} INFO - Filling up the DagBag from /home/airflow/.local/lib/python3.12/site-packages/airflow/example_dags/example_display_name.py
[2025-01-18T00:33:30.728+0000] {processor.py:925} INFO - DAG(s) 'example_display_name' retrieved from /home/airflow/.local/lib/python3.12/site-packages/airflow/example_dags/example_display_name.py
[2025-01-18T00:33:30.752+0000] {logging_mixin.py:190} INFO - [2025-01-18T00:33:30.752+0000] {dag.py:3239} INFO - Sync 1 DAGs
[2025-01-18T00:33:30.774+0000] {logging_mixin.py:190} INFO - [2025-01-18T00:33:30.773+0000] {dag.py:4180} INFO - Setting next_dagrun for example_display_name to None, run_after=None
[2025-01-18T00:33:30.801+0000] {processor.py:208} INFO - Processing /home/airflow/.local/lib/python3.12/site-packages/airflow/example_dags/example_display_name.py took 0.093 seconds
[2025-01-18T00:34:00.927+0000] {processor.py:186} INFO - Started process (PID=21855) to work on /home/airflow/.local/lib/python3.12/site-packages/airflow/example_dags/example_display_name.py
[2025-01-18T00:34:00.928+0000] {processor.py:914} INFO - Processing file /home/airflow/.local/lib/python3.12/site-packages/airflow/example_dags/example_display_name.py for tasks to queue
[2025-01-18T00:34:00.930+0000] {logging_mixin.py:190} INFO - [2025-01-18T00:34:00.930+0000] {dagbag.py:588} INFO - Filling up the DagBag from /home/airflow/.local/lib/python3.12/site-packages/airflow/example_dags/example_display_name.py
[2025-01-18T00:34:00.938+0000] {processor.py:925} INFO - DAG(s) 'example_display_name' retrieved from /home/airflow/.local/lib/python3.12/site-packages/airflow/example_dags/example_display_name.py
[2025-01-18T00:34:00.958+0000] {logging_mixin.py:190} INFO - [2025-01-18T00:34:00.957+0000] {dag.py:3239} INFO - Sync 1 DAGs
[2025-01-18T00:34:00.976+0000] {logging_mixin.py:190} INFO - [2025-01-18T00:34:00.975+0000] {dag.py:4180} INFO - Setting next_dagrun for example_display_name to None, run_after=None
[2025-01-18T00:34:01.002+0000] {processor.py:208} INFO - Processing /home/airflow/.local/lib/python3.12/site-packages/airflow/example_dags/example_display_name.py took 0.080 seconds
[2025-01-18T00:34:31.195+0000] {processor.py:186} INFO - Started process (PID=21929) to work on /home/airflow/.local/lib/python3.12/site-packages/airflow/example_dags/example_display_name.py
[2025-01-18T00:34:31.196+0000] {processor.py:914} INFO - Processing file /home/airflow/.local/lib/python3.12/site-packages/airflow/example_dags/example_display_name.py for tasks to queue
[2025-01-18T00:34:31.198+0000] {logging_mixin.py:190} INFO - [2025-01-18T00:34:31.198+0000] {dagbag.py:588} INFO - Filling up the DagBag from /home/airflow/.local/lib/python3.12/site-packages/airflow/example_dags/example_display_name.py
[2025-01-18T00:34:31.204+0000] {processor.py:925} INFO - DAG(s) 'example_display_name' retrieved from /home/airflow/.local/lib/python3.12/site-packages/airflow/example_dags/example_display_name.py
[2025-01-18T00:34:31.223+0000] {logging_mixin.py:190} INFO - [2025-01-18T00:34:31.222+0000] {dag.py:3239} INFO - Sync 1 DAGs
[2025-01-18T00:34:31.240+0000] {logging_mixin.py:190} INFO - [2025-01-18T00:34:31.239+0000] {dag.py:4180} INFO - Setting next_dagrun for example_display_name to None, run_after=None
[2025-01-18T00:34:31.267+0000] {processor.py:208} INFO - Processing /home/airflow/.local/lib/python3.12/site-packages/airflow/example_dags/example_display_name.py took 0.076 seconds
[2025-01-18T00:35:01.474+0000] {processor.py:186} INFO - Started process (PID=21996) to work on /home/airflow/.local/lib/python3.12/site-packages/airflow/example_dags/example_display_name.py
[2025-01-18T00:35:01.475+0000] {processor.py:914} INFO - Processing file /home/airflow/.local/lib/python3.12/site-packages/airflow/example_dags/example_display_name.py for tasks to queue
[2025-01-18T00:35:01.477+0000] {logging_mixin.py:190} INFO - [2025-01-18T00:35:01.477+0000] {dagbag.py:588} INFO - Filling up the DagBag from /home/airflow/.local/lib/python3.12/site-packages/airflow/example_dags/example_display_name.py
[2025-01-18T00:35:01.487+0000] {processor.py:925} INFO - DAG(s) 'example_display_name' retrieved from /home/airflow/.local/lib/python3.12/site-packages/airflow/example_dags/example_display_name.py
[2025-01-18T00:35:01.508+0000] {logging_mixin.py:190} INFO - [2025-01-18T00:35:01.508+0000] {dag.py:3239} INFO - Sync 1 DAGs
[2025-01-18T00:35:01.525+0000] {logging_mixin.py:190} INFO - [2025-01-18T00:35:01.525+0000] {dag.py:4180} INFO - Setting next_dagrun for example_display_name to None, run_after=None
[2025-01-18T00:35:01.565+0000] {processor.py:208} INFO - Processing /home/airflow/.local/lib/python3.12/site-packages/airflow/example_dags/example_display_name.py took 0.098 seconds
[2025-01-18T00:35:31.693+0000] {processor.py:186} INFO - Started process (PID=22063) to work on /home/airflow/.local/lib/python3.12/site-packages/airflow/example_dags/example_display_name.py
[2025-01-18T00:35:31.694+0000] {processor.py:914} INFO - Processing file /home/airflow/.local/lib/python3.12/site-packages/airflow/example_dags/example_display_name.py for tasks to queue
[2025-01-18T00:35:31.697+0000] {logging_mixin.py:190} INFO - [2025-01-18T00:35:31.697+0000] {dagbag.py:588} INFO - Filling up the DagBag from /home/airflow/.local/lib/python3.12/site-packages/airflow/example_dags/example_display_name.py
[2025-01-18T00:35:31.707+0000] {processor.py:925} INFO - DAG(s) 'example_display_name' retrieved from /home/airflow/.local/lib/python3.12/site-packages/airflow/example_dags/example_display_name.py
[2025-01-18T00:35:31.733+0000] {logging_mixin.py:190} INFO - [2025-01-18T00:35:31.732+0000] {dag.py:3239} INFO - Sync 1 DAGs
[2025-01-18T00:35:31.754+0000] {logging_mixin.py:190} INFO - [2025-01-18T00:35:31.754+0000] {dag.py:4180} INFO - Setting next_dagrun for example_display_name to None, run_after=None
[2025-01-18T00:35:31.786+0000] {processor.py:208} INFO - Processing /home/airflow/.local/lib/python3.12/site-packages/airflow/example_dags/example_display_name.py took 0.101 seconds
