[2025-01-18T00:00:04.664+0000] {processor.py:186} INFO - Started process (PID=17351) to work on /home/airflow/.local/lib/python3.12/site-packages/airflow/example_dags/example_skip_dag.py
[2025-01-18T00:00:04.665+0000] {processor.py:914} INFO - Processing file /home/airflow/.local/lib/python3.12/site-packages/airflow/example_dags/example_skip_dag.py for tasks to queue
[2025-01-18T00:00:04.666+0000] {logging_mixin.py:190} INFO - [2025-01-18T00:00:04.666+0000] {dagbag.py:588} INFO - Filling up the DagBag from /home/airflow/.local/lib/python3.12/site-packages/airflow/example_dags/example_skip_dag.py
[2025-01-18T00:00:04.676+0000] {processor.py:925} INFO - DAG(s) 'example_skip_dag' retrieved from /home/airflow/.local/lib/python3.12/site-packages/airflow/example_dags/example_skip_dag.py
[2025-01-18T00:00:04.699+0000] {logging_mixin.py:190} INFO - [2025-01-18T00:00:04.698+0000] {dag.py:3239} INFO - Sync 1 DAGs
[2025-01-18T00:00:04.724+0000] {logging_mixin.py:190} INFO - [2025-01-18T00:00:04.724+0000] {dag.py:4180} INFO - Setting next_dagrun for example_skip_dag to 2025-01-17 00:00:00+00:00, run_after=2025-01-18 00:00:00+00:00
[2025-01-18T00:00:04.752+0000] {processor.py:208} INFO - Processing /home/airflow/.local/lib/python3.12/site-packages/airflow/example_dags/example_skip_dag.py took 0.093 seconds
[2025-01-18T00:00:34.932+0000] {processor.py:186} INFO - Started process (PID=17418) to work on /home/airflow/.local/lib/python3.12/site-packages/airflow/example_dags/example_skip_dag.py
[2025-01-18T00:00:34.943+0000] {processor.py:914} INFO - Processing file /home/airflow/.local/lib/python3.12/site-packages/airflow/example_dags/example_skip_dag.py for tasks to queue
[2025-01-18T00:00:34.945+0000] {logging_mixin.py:190} INFO - [2025-01-18T00:00:34.945+0000] {dagbag.py:588} INFO - Filling up the DagBag from /home/airflow/.local/lib/python3.12/site-packages/airflow/example_dags/example_skip_dag.py
[2025-01-18T00:00:34.952+0000] {processor.py:925} INFO - DAG(s) 'example_skip_dag' retrieved from /home/airflow/.local/lib/python3.12/site-packages/airflow/example_dags/example_skip_dag.py
[2025-01-18T00:00:34.972+0000] {logging_mixin.py:190} INFO - [2025-01-18T00:00:34.972+0000] {dag.py:3239} INFO - Sync 1 DAGs
[2025-01-18T00:00:34.998+0000] {logging_mixin.py:190} INFO - [2025-01-18T00:00:34.998+0000] {dag.py:4180} INFO - Setting next_dagrun for example_skip_dag to 2025-01-17 00:00:00+00:00, run_after=2025-01-18 00:00:00+00:00
[2025-01-18T00:00:35.021+0000] {processor.py:208} INFO - Processing /home/airflow/.local/lib/python3.12/site-packages/airflow/example_dags/example_skip_dag.py took 0.094 seconds
[2025-01-18T00:01:05.683+0000] {processor.py:186} INFO - Started process (PID=17485) to work on /home/airflow/.local/lib/python3.12/site-packages/airflow/example_dags/example_skip_dag.py
[2025-01-18T00:01:05.686+0000] {processor.py:914} INFO - Processing file /home/airflow/.local/lib/python3.12/site-packages/airflow/example_dags/example_skip_dag.py for tasks to queue
[2025-01-18T00:01:05.688+0000] {logging_mixin.py:190} INFO - [2025-01-18T00:01:05.688+0000] {dagbag.py:588} INFO - Filling up the DagBag from /home/airflow/.local/lib/python3.12/site-packages/airflow/example_dags/example_skip_dag.py
[2025-01-18T00:01:05.696+0000] {processor.py:925} INFO - DAG(s) 'example_skip_dag' retrieved from /home/airflow/.local/lib/python3.12/site-packages/airflow/example_dags/example_skip_dag.py
[2025-01-18T00:01:05.719+0000] {logging_mixin.py:190} INFO - [2025-01-18T00:01:05.718+0000] {dag.py:3239} INFO - Sync 1 DAGs
[2025-01-18T00:01:05.745+0000] {logging_mixin.py:190} INFO - [2025-01-18T00:01:05.745+0000] {dag.py:4180} INFO - Setting next_dagrun for example_skip_dag to 2025-01-17 00:00:00+00:00, run_after=2025-01-18 00:00:00+00:00
[2025-01-18T00:01:05.764+0000] {processor.py:208} INFO - Processing /home/airflow/.local/lib/python3.12/site-packages/airflow/example_dags/example_skip_dag.py took 0.087 seconds
[2025-01-18T00:01:36.285+0000] {processor.py:186} INFO - Started process (PID=17552) to work on /home/airflow/.local/lib/python3.12/site-packages/airflow/example_dags/example_skip_dag.py
[2025-01-18T00:01:36.286+0000] {processor.py:914} INFO - Processing file /home/airflow/.local/lib/python3.12/site-packages/airflow/example_dags/example_skip_dag.py for tasks to queue
[2025-01-18T00:01:36.287+0000] {logging_mixin.py:190} INFO - [2025-01-18T00:01:36.287+0000] {dagbag.py:588} INFO - Filling up the DagBag from /home/airflow/.local/lib/python3.12/site-packages/airflow/example_dags/example_skip_dag.py
[2025-01-18T00:01:36.295+0000] {processor.py:925} INFO - DAG(s) 'example_skip_dag' retrieved from /home/airflow/.local/lib/python3.12/site-packages/airflow/example_dags/example_skip_dag.py
[2025-01-18T00:01:36.316+0000] {logging_mixin.py:190} INFO - [2025-01-18T00:01:36.316+0000] {dag.py:3239} INFO - Sync 1 DAGs
[2025-01-18T00:01:36.341+0000] {logging_mixin.py:190} INFO - [2025-01-18T00:01:36.341+0000] {dag.py:4180} INFO - Setting next_dagrun for example_skip_dag to 2025-01-17 00:00:00+00:00, run_after=2025-01-18 00:00:00+00:00
[2025-01-18T00:01:36.362+0000] {processor.py:208} INFO - Processing /home/airflow/.local/lib/python3.12/site-packages/airflow/example_dags/example_skip_dag.py took 0.082 seconds
[2025-01-18T00:02:07.025+0000] {processor.py:186} INFO - Started process (PID=17619) to work on /home/airflow/.local/lib/python3.12/site-packages/airflow/example_dags/example_skip_dag.py
[2025-01-18T00:02:07.026+0000] {processor.py:914} INFO - Processing file /home/airflow/.local/lib/python3.12/site-packages/airflow/example_dags/example_skip_dag.py for tasks to queue
[2025-01-18T00:02:07.028+0000] {logging_mixin.py:190} INFO - [2025-01-18T00:02:07.027+0000] {dagbag.py:588} INFO - Filling up the DagBag from /home/airflow/.local/lib/python3.12/site-packages/airflow/example_dags/example_skip_dag.py
[2025-01-18T00:02:07.037+0000] {processor.py:925} INFO - DAG(s) 'example_skip_dag' retrieved from /home/airflow/.local/lib/python3.12/site-packages/airflow/example_dags/example_skip_dag.py
[2025-01-18T00:02:07.061+0000] {logging_mixin.py:190} INFO - [2025-01-18T00:02:07.060+0000] {dag.py:3239} INFO - Sync 1 DAGs
[2025-01-18T00:02:07.088+0000] {logging_mixin.py:190} INFO - [2025-01-18T00:02:07.087+0000] {dag.py:4180} INFO - Setting next_dagrun for example_skip_dag to 2025-01-17 00:00:00+00:00, run_after=2025-01-18 00:00:00+00:00
[2025-01-18T00:02:07.111+0000] {processor.py:208} INFO - Processing /home/airflow/.local/lib/python3.12/site-packages/airflow/example_dags/example_skip_dag.py took 0.092 seconds
[2025-01-18T00:02:37.396+0000] {processor.py:186} INFO - Started process (PID=17692) to work on /home/airflow/.local/lib/python3.12/site-packages/airflow/example_dags/example_skip_dag.py
[2025-01-18T00:02:37.398+0000] {processor.py:914} INFO - Processing file /home/airflow/.local/lib/python3.12/site-packages/airflow/example_dags/example_skip_dag.py for tasks to queue
[2025-01-18T00:02:37.400+0000] {logging_mixin.py:190} INFO - [2025-01-18T00:02:37.400+0000] {dagbag.py:588} INFO - Filling up the DagBag from /home/airflow/.local/lib/python3.12/site-packages/airflow/example_dags/example_skip_dag.py
[2025-01-18T00:02:37.410+0000] {processor.py:925} INFO - DAG(s) 'example_skip_dag' retrieved from /home/airflow/.local/lib/python3.12/site-packages/airflow/example_dags/example_skip_dag.py
[2025-01-18T00:02:37.441+0000] {logging_mixin.py:190} INFO - [2025-01-18T00:02:37.440+0000] {dag.py:3239} INFO - Sync 1 DAGs
[2025-01-18T00:02:37.471+0000] {logging_mixin.py:190} INFO - [2025-01-18T00:02:37.471+0000] {dag.py:4180} INFO - Setting next_dagrun for example_skip_dag to 2025-01-17 00:00:00+00:00, run_after=2025-01-18 00:00:00+00:00
[2025-01-18T00:02:37.498+0000] {processor.py:208} INFO - Processing /home/airflow/.local/lib/python3.12/site-packages/airflow/example_dags/example_skip_dag.py took 0.111 seconds
[2025-01-18T00:03:07.762+0000] {processor.py:186} INFO - Started process (PID=17759) to work on /home/airflow/.local/lib/python3.12/site-packages/airflow/example_dags/example_skip_dag.py
[2025-01-18T00:03:07.764+0000] {processor.py:914} INFO - Processing file /home/airflow/.local/lib/python3.12/site-packages/airflow/example_dags/example_skip_dag.py for tasks to queue
[2025-01-18T00:03:07.767+0000] {logging_mixin.py:190} INFO - [2025-01-18T00:03:07.767+0000] {dagbag.py:588} INFO - Filling up the DagBag from /home/airflow/.local/lib/python3.12/site-packages/airflow/example_dags/example_skip_dag.py
[2025-01-18T00:03:07.780+0000] {processor.py:925} INFO - DAG(s) 'example_skip_dag' retrieved from /home/airflow/.local/lib/python3.12/site-packages/airflow/example_dags/example_skip_dag.py
[2025-01-18T00:03:07.821+0000] {logging_mixin.py:190} INFO - [2025-01-18T00:03:07.820+0000] {dag.py:3239} INFO - Sync 1 DAGs
[2025-01-18T00:03:07.859+0000] {logging_mixin.py:190} INFO - [2025-01-18T00:03:07.859+0000] {dag.py:4180} INFO - Setting next_dagrun for example_skip_dag to 2025-01-17 00:00:00+00:00, run_after=2025-01-18 00:00:00+00:00
[2025-01-18T00:03:07.891+0000] {processor.py:208} INFO - Processing /home/airflow/.local/lib/python3.12/site-packages/airflow/example_dags/example_skip_dag.py took 0.137 seconds
[2025-01-18T00:03:38.799+0000] {processor.py:186} INFO - Started process (PID=17825) to work on /home/airflow/.local/lib/python3.12/site-packages/airflow/example_dags/example_skip_dag.py
[2025-01-18T00:03:38.800+0000] {processor.py:914} INFO - Processing file /home/airflow/.local/lib/python3.12/site-packages/airflow/example_dags/example_skip_dag.py for tasks to queue
[2025-01-18T00:03:38.803+0000] {logging_mixin.py:190} INFO - [2025-01-18T00:03:38.802+0000] {dagbag.py:588} INFO - Filling up the DagBag from /home/airflow/.local/lib/python3.12/site-packages/airflow/example_dags/example_skip_dag.py
[2025-01-18T00:03:38.810+0000] {processor.py:925} INFO - DAG(s) 'example_skip_dag' retrieved from /home/airflow/.local/lib/python3.12/site-packages/airflow/example_dags/example_skip_dag.py
[2025-01-18T00:03:38.834+0000] {logging_mixin.py:190} INFO - [2025-01-18T00:03:38.834+0000] {dag.py:3239} INFO - Sync 1 DAGs
[2025-01-18T00:03:38.863+0000] {logging_mixin.py:190} INFO - [2025-01-18T00:03:38.863+0000] {dag.py:4180} INFO - Setting next_dagrun for example_skip_dag to 2025-01-17 00:00:00+00:00, run_after=2025-01-18 00:00:00+00:00
[2025-01-18T00:03:38.886+0000] {processor.py:208} INFO - Processing /home/airflow/.local/lib/python3.12/site-packages/airflow/example_dags/example_skip_dag.py took 0.092 seconds
[2025-01-18T00:04:09.302+0000] {processor.py:186} INFO - Started process (PID=17892) to work on /home/airflow/.local/lib/python3.12/site-packages/airflow/example_dags/example_skip_dag.py
[2025-01-18T00:04:09.312+0000] {processor.py:914} INFO - Processing file /home/airflow/.local/lib/python3.12/site-packages/airflow/example_dags/example_skip_dag.py for tasks to queue
[2025-01-18T00:04:09.314+0000] {logging_mixin.py:190} INFO - [2025-01-18T00:04:09.314+0000] {dagbag.py:588} INFO - Filling up the DagBag from /home/airflow/.local/lib/python3.12/site-packages/airflow/example_dags/example_skip_dag.py
[2025-01-18T00:04:09.322+0000] {processor.py:925} INFO - DAG(s) 'example_skip_dag' retrieved from /home/airflow/.local/lib/python3.12/site-packages/airflow/example_dags/example_skip_dag.py
[2025-01-18T00:04:09.347+0000] {logging_mixin.py:190} INFO - [2025-01-18T00:04:09.346+0000] {dag.py:3239} INFO - Sync 1 DAGs
[2025-01-18T00:04:09.374+0000] {logging_mixin.py:190} INFO - [2025-01-18T00:04:09.374+0000] {dag.py:4180} INFO - Setting next_dagrun for example_skip_dag to 2025-01-17 00:00:00+00:00, run_after=2025-01-18 00:00:00+00:00
[2025-01-18T00:04:09.392+0000] {processor.py:208} INFO - Processing /home/airflow/.local/lib/python3.12/site-packages/airflow/example_dags/example_skip_dag.py took 0.097 seconds
[2025-01-18T00:04:39.864+0000] {processor.py:186} INFO - Started process (PID=17959) to work on /home/airflow/.local/lib/python3.12/site-packages/airflow/example_dags/example_skip_dag.py
[2025-01-18T00:04:39.867+0000] {processor.py:914} INFO - Processing file /home/airflow/.local/lib/python3.12/site-packages/airflow/example_dags/example_skip_dag.py for tasks to queue
[2025-01-18T00:04:39.870+0000] {logging_mixin.py:190} INFO - [2025-01-18T00:04:39.869+0000] {dagbag.py:588} INFO - Filling up the DagBag from /home/airflow/.local/lib/python3.12/site-packages/airflow/example_dags/example_skip_dag.py
[2025-01-18T00:04:39.881+0000] {processor.py:925} INFO - DAG(s) 'example_skip_dag' retrieved from /home/airflow/.local/lib/python3.12/site-packages/airflow/example_dags/example_skip_dag.py
[2025-01-18T00:04:39.905+0000] {logging_mixin.py:190} INFO - [2025-01-18T00:04:39.905+0000] {dag.py:3239} INFO - Sync 1 DAGs
[2025-01-18T00:04:39.931+0000] {logging_mixin.py:190} INFO - [2025-01-18T00:04:39.931+0000] {dag.py:4180} INFO - Setting next_dagrun for example_skip_dag to 2025-01-17 00:00:00+00:00, run_after=2025-01-18 00:00:00+00:00
[2025-01-18T00:04:39.949+0000] {processor.py:208} INFO - Processing /home/airflow/.local/lib/python3.12/site-packages/airflow/example_dags/example_skip_dag.py took 0.093 seconds
[2025-01-18T00:05:10.124+0000] {processor.py:186} INFO - Started process (PID=18026) to work on /home/airflow/.local/lib/python3.12/site-packages/airflow/example_dags/example_skip_dag.py
[2025-01-18T00:05:10.126+0000] {processor.py:914} INFO - Processing file /home/airflow/.local/lib/python3.12/site-packages/airflow/example_dags/example_skip_dag.py for tasks to queue
[2025-01-18T00:05:10.128+0000] {logging_mixin.py:190} INFO - [2025-01-18T00:05:10.128+0000] {dagbag.py:588} INFO - Filling up the DagBag from /home/airflow/.local/lib/python3.12/site-packages/airflow/example_dags/example_skip_dag.py
[2025-01-18T00:05:10.137+0000] {processor.py:925} INFO - DAG(s) 'example_skip_dag' retrieved from /home/airflow/.local/lib/python3.12/site-packages/airflow/example_dags/example_skip_dag.py
[2025-01-18T00:05:10.162+0000] {logging_mixin.py:190} INFO - [2025-01-18T00:05:10.162+0000] {dag.py:3239} INFO - Sync 1 DAGs
[2025-01-18T00:05:10.192+0000] {logging_mixin.py:190} INFO - [2025-01-18T00:05:10.192+0000] {dag.py:4180} INFO - Setting next_dagrun for example_skip_dag to 2025-01-17 00:00:00+00:00, run_after=2025-01-18 00:00:00+00:00
[2025-01-18T00:05:10.214+0000] {processor.py:208} INFO - Processing /home/airflow/.local/lib/python3.12/site-packages/airflow/example_dags/example_skip_dag.py took 0.096 seconds
[2025-01-18T00:05:40.538+0000] {processor.py:186} INFO - Started process (PID=18087) to work on /home/airflow/.local/lib/python3.12/site-packages/airflow/example_dags/example_skip_dag.py
[2025-01-18T00:05:40.539+0000] {processor.py:914} INFO - Processing file /home/airflow/.local/lib/python3.12/site-packages/airflow/example_dags/example_skip_dag.py for tasks to queue
[2025-01-18T00:05:40.541+0000] {logging_mixin.py:190} INFO - [2025-01-18T00:05:40.541+0000] {dagbag.py:588} INFO - Filling up the DagBag from /home/airflow/.local/lib/python3.12/site-packages/airflow/example_dags/example_skip_dag.py
[2025-01-18T00:05:40.551+0000] {processor.py:925} INFO - DAG(s) 'example_skip_dag' retrieved from /home/airflow/.local/lib/python3.12/site-packages/airflow/example_dags/example_skip_dag.py
[2025-01-18T00:05:40.578+0000] {logging_mixin.py:190} INFO - [2025-01-18T00:05:40.577+0000] {dag.py:3239} INFO - Sync 1 DAGs
[2025-01-18T00:05:40.609+0000] {logging_mixin.py:190} INFO - [2025-01-18T00:05:40.608+0000] {dag.py:4180} INFO - Setting next_dagrun for example_skip_dag to 2025-01-17 00:00:00+00:00, run_after=2025-01-18 00:00:00+00:00
[2025-01-18T00:05:40.632+0000] {processor.py:208} INFO - Processing /home/airflow/.local/lib/python3.12/site-packages/airflow/example_dags/example_skip_dag.py took 0.100 seconds
[2025-01-18T00:06:12.169+0000] {processor.py:186} INFO - Started process (PID=18154) to work on /home/airflow/.local/lib/python3.12/site-packages/airflow/example_dags/example_skip_dag.py
[2025-01-18T00:06:12.170+0000] {processor.py:914} INFO - Processing file /home/airflow/.local/lib/python3.12/site-packages/airflow/example_dags/example_skip_dag.py for tasks to queue
[2025-01-18T00:06:12.172+0000] {logging_mixin.py:190} INFO - [2025-01-18T00:06:12.172+0000] {dagbag.py:588} INFO - Filling up the DagBag from /home/airflow/.local/lib/python3.12/site-packages/airflow/example_dags/example_skip_dag.py
[2025-01-18T00:06:12.180+0000] {processor.py:925} INFO - DAG(s) 'example_skip_dag' retrieved from /home/airflow/.local/lib/python3.12/site-packages/airflow/example_dags/example_skip_dag.py
[2025-01-18T00:06:12.206+0000] {logging_mixin.py:190} INFO - [2025-01-18T00:06:12.205+0000] {dag.py:3239} INFO - Sync 1 DAGs
[2025-01-18T00:06:12.235+0000] {logging_mixin.py:190} INFO - [2025-01-18T00:06:12.235+0000] {dag.py:4180} INFO - Setting next_dagrun for example_skip_dag to 2025-01-17 00:00:00+00:00, run_after=2025-01-18 00:00:00+00:00
[2025-01-18T00:06:12.258+0000] {processor.py:208} INFO - Processing /home/airflow/.local/lib/python3.12/site-packages/airflow/example_dags/example_skip_dag.py took 0.096 seconds
[2025-01-18T00:06:42.816+0000] {processor.py:186} INFO - Started process (PID=18217) to work on /home/airflow/.local/lib/python3.12/site-packages/airflow/example_dags/example_skip_dag.py
[2025-01-18T00:06:42.817+0000] {processor.py:914} INFO - Processing file /home/airflow/.local/lib/python3.12/site-packages/airflow/example_dags/example_skip_dag.py for tasks to queue
[2025-01-18T00:06:42.820+0000] {logging_mixin.py:190} INFO - [2025-01-18T00:06:42.819+0000] {dagbag.py:588} INFO - Filling up the DagBag from /home/airflow/.local/lib/python3.12/site-packages/airflow/example_dags/example_skip_dag.py
[2025-01-18T00:06:42.830+0000] {processor.py:925} INFO - DAG(s) 'example_skip_dag' retrieved from /home/airflow/.local/lib/python3.12/site-packages/airflow/example_dags/example_skip_dag.py
[2025-01-18T00:06:42.858+0000] {logging_mixin.py:190} INFO - [2025-01-18T00:06:42.857+0000] {dag.py:3239} INFO - Sync 1 DAGs
[2025-01-18T00:06:42.890+0000] {logging_mixin.py:190} INFO - [2025-01-18T00:06:42.890+0000] {dag.py:4180} INFO - Setting next_dagrun for example_skip_dag to 2025-01-17 00:00:00+00:00, run_after=2025-01-18 00:00:00+00:00
[2025-01-18T00:06:42.917+0000] {processor.py:208} INFO - Processing /home/airflow/.local/lib/python3.12/site-packages/airflow/example_dags/example_skip_dag.py took 0.110 seconds
[2025-01-18T00:07:13.139+0000] {processor.py:186} INFO - Started process (PID=18287) to work on /home/airflow/.local/lib/python3.12/site-packages/airflow/example_dags/example_skip_dag.py
[2025-01-18T00:07:13.140+0000] {processor.py:914} INFO - Processing file /home/airflow/.local/lib/python3.12/site-packages/airflow/example_dags/example_skip_dag.py for tasks to queue
[2025-01-18T00:07:13.142+0000] {logging_mixin.py:190} INFO - [2025-01-18T00:07:13.142+0000] {dagbag.py:588} INFO - Filling up the DagBag from /home/airflow/.local/lib/python3.12/site-packages/airflow/example_dags/example_skip_dag.py
[2025-01-18T00:07:13.154+0000] {processor.py:925} INFO - DAG(s) 'example_skip_dag' retrieved from /home/airflow/.local/lib/python3.12/site-packages/airflow/example_dags/example_skip_dag.py
[2025-01-18T00:07:13.181+0000] {logging_mixin.py:190} INFO - [2025-01-18T00:07:13.181+0000] {dag.py:3239} INFO - Sync 1 DAGs
[2025-01-18T00:07:13.211+0000] {logging_mixin.py:190} INFO - [2025-01-18T00:07:13.211+0000] {dag.py:4180} INFO - Setting next_dagrun for example_skip_dag to 2025-01-17 00:00:00+00:00, run_after=2025-01-18 00:00:00+00:00
[2025-01-18T00:07:13.235+0000] {processor.py:208} INFO - Processing /home/airflow/.local/lib/python3.12/site-packages/airflow/example_dags/example_skip_dag.py took 0.102 seconds
[2025-01-18T00:07:43.305+0000] {processor.py:186} INFO - Started process (PID=18354) to work on /home/airflow/.local/lib/python3.12/site-packages/airflow/example_dags/example_skip_dag.py
[2025-01-18T00:07:43.306+0000] {processor.py:914} INFO - Processing file /home/airflow/.local/lib/python3.12/site-packages/airflow/example_dags/example_skip_dag.py for tasks to queue
[2025-01-18T00:07:43.309+0000] {logging_mixin.py:190} INFO - [2025-01-18T00:07:43.308+0000] {dagbag.py:588} INFO - Filling up the DagBag from /home/airflow/.local/lib/python3.12/site-packages/airflow/example_dags/example_skip_dag.py
[2025-01-18T00:07:43.316+0000] {processor.py:925} INFO - DAG(s) 'example_skip_dag' retrieved from /home/airflow/.local/lib/python3.12/site-packages/airflow/example_dags/example_skip_dag.py
[2025-01-18T00:07:43.341+0000] {logging_mixin.py:190} INFO - [2025-01-18T00:07:43.340+0000] {dag.py:3239} INFO - Sync 1 DAGs
[2025-01-18T00:07:43.364+0000] {logging_mixin.py:190} INFO - [2025-01-18T00:07:43.364+0000] {dag.py:4180} INFO - Setting next_dagrun for example_skip_dag to 2025-01-17 00:00:00+00:00, run_after=2025-01-18 00:00:00+00:00
[2025-01-18T00:07:43.381+0000] {processor.py:208} INFO - Processing /home/airflow/.local/lib/python3.12/site-packages/airflow/example_dags/example_skip_dag.py took 0.082 seconds
[2025-01-18T00:08:13.711+0000] {processor.py:186} INFO - Started process (PID=18420) to work on /home/airflow/.local/lib/python3.12/site-packages/airflow/example_dags/example_skip_dag.py
[2025-01-18T00:08:13.713+0000] {processor.py:914} INFO - Processing file /home/airflow/.local/lib/python3.12/site-packages/airflow/example_dags/example_skip_dag.py for tasks to queue
[2025-01-18T00:08:13.716+0000] {logging_mixin.py:190} INFO - [2025-01-18T00:08:13.715+0000] {dagbag.py:588} INFO - Filling up the DagBag from /home/airflow/.local/lib/python3.12/site-packages/airflow/example_dags/example_skip_dag.py
[2025-01-18T00:08:13.723+0000] {processor.py:925} INFO - DAG(s) 'example_skip_dag' retrieved from /home/airflow/.local/lib/python3.12/site-packages/airflow/example_dags/example_skip_dag.py
[2025-01-18T00:08:13.750+0000] {logging_mixin.py:190} INFO - [2025-01-18T00:08:13.749+0000] {dag.py:3239} INFO - Sync 1 DAGs
[2025-01-18T00:08:13.784+0000] {logging_mixin.py:190} INFO - [2025-01-18T00:08:13.784+0000] {dag.py:4180} INFO - Setting next_dagrun for example_skip_dag to 2025-01-17 00:00:00+00:00, run_after=2025-01-18 00:00:00+00:00
[2025-01-18T00:08:13.813+0000] {processor.py:208} INFO - Processing /home/airflow/.local/lib/python3.12/site-packages/airflow/example_dags/example_skip_dag.py took 0.108 seconds
[2025-01-18T00:08:44.395+0000] {processor.py:186} INFO - Started process (PID=18487) to work on /home/airflow/.local/lib/python3.12/site-packages/airflow/example_dags/example_skip_dag.py
[2025-01-18T00:08:44.398+0000] {processor.py:914} INFO - Processing file /home/airflow/.local/lib/python3.12/site-packages/airflow/example_dags/example_skip_dag.py for tasks to queue
[2025-01-18T00:08:44.402+0000] {logging_mixin.py:190} INFO - [2025-01-18T00:08:44.401+0000] {dagbag.py:588} INFO - Filling up the DagBag from /home/airflow/.local/lib/python3.12/site-packages/airflow/example_dags/example_skip_dag.py
[2025-01-18T00:08:44.413+0000] {processor.py:925} INFO - DAG(s) 'example_skip_dag' retrieved from /home/airflow/.local/lib/python3.12/site-packages/airflow/example_dags/example_skip_dag.py
[2025-01-18T00:08:44.441+0000] {logging_mixin.py:190} INFO - [2025-01-18T00:08:44.441+0000] {dag.py:3239} INFO - Sync 1 DAGs
[2025-01-18T00:08:44.469+0000] {logging_mixin.py:190} INFO - [2025-01-18T00:08:44.469+0000] {dag.py:4180} INFO - Setting next_dagrun for example_skip_dag to 2025-01-17 00:00:00+00:00, run_after=2025-01-18 00:00:00+00:00
[2025-01-18T00:08:44.491+0000] {processor.py:208} INFO - Processing /home/airflow/.local/lib/python3.12/site-packages/airflow/example_dags/example_skip_dag.py took 0.102 seconds
[2025-01-18T00:09:14.684+0000] {processor.py:186} INFO - Started process (PID=18555) to work on /home/airflow/.local/lib/python3.12/site-packages/airflow/example_dags/example_skip_dag.py
[2025-01-18T00:09:14.694+0000] {processor.py:914} INFO - Processing file /home/airflow/.local/lib/python3.12/site-packages/airflow/example_dags/example_skip_dag.py for tasks to queue
[2025-01-18T00:09:14.697+0000] {logging_mixin.py:190} INFO - [2025-01-18T00:09:14.696+0000] {dagbag.py:588} INFO - Filling up the DagBag from /home/airflow/.local/lib/python3.12/site-packages/airflow/example_dags/example_skip_dag.py
[2025-01-18T00:09:14.704+0000] {processor.py:925} INFO - DAG(s) 'example_skip_dag' retrieved from /home/airflow/.local/lib/python3.12/site-packages/airflow/example_dags/example_skip_dag.py
[2025-01-18T00:09:14.725+0000] {logging_mixin.py:190} INFO - [2025-01-18T00:09:14.725+0000] {dag.py:3239} INFO - Sync 1 DAGs
[2025-01-18T00:09:14.752+0000] {logging_mixin.py:190} INFO - [2025-01-18T00:09:14.752+0000] {dag.py:4180} INFO - Setting next_dagrun for example_skip_dag to 2025-01-17 00:00:00+00:00, run_after=2025-01-18 00:00:00+00:00
[2025-01-18T00:09:14.776+0000] {processor.py:208} INFO - Processing /home/airflow/.local/lib/python3.12/site-packages/airflow/example_dags/example_skip_dag.py took 0.098 seconds
[2025-01-18T00:09:44.848+0000] {processor.py:186} INFO - Started process (PID=18622) to work on /home/airflow/.local/lib/python3.12/site-packages/airflow/example_dags/example_skip_dag.py
[2025-01-18T00:09:44.849+0000] {processor.py:914} INFO - Processing file /home/airflow/.local/lib/python3.12/site-packages/airflow/example_dags/example_skip_dag.py for tasks to queue
[2025-01-18T00:09:44.852+0000] {logging_mixin.py:190} INFO - [2025-01-18T00:09:44.851+0000] {dagbag.py:588} INFO - Filling up the DagBag from /home/airflow/.local/lib/python3.12/site-packages/airflow/example_dags/example_skip_dag.py
[2025-01-18T00:09:44.861+0000] {processor.py:925} INFO - DAG(s) 'example_skip_dag' retrieved from /home/airflow/.local/lib/python3.12/site-packages/airflow/example_dags/example_skip_dag.py
[2025-01-18T00:09:44.887+0000] {logging_mixin.py:190} INFO - [2025-01-18T00:09:44.887+0000] {dag.py:3239} INFO - Sync 1 DAGs
[2025-01-18T00:09:44.917+0000] {logging_mixin.py:190} INFO - [2025-01-18T00:09:44.917+0000] {dag.py:4180} INFO - Setting next_dagrun for example_skip_dag to 2025-01-17 00:00:00+00:00, run_after=2025-01-18 00:00:00+00:00
[2025-01-18T00:09:44.941+0000] {processor.py:208} INFO - Processing /home/airflow/.local/lib/python3.12/site-packages/airflow/example_dags/example_skip_dag.py took 0.100 seconds
[2025-01-18T00:10:15.706+0000] {processor.py:186} INFO - Started process (PID=18689) to work on /home/airflow/.local/lib/python3.12/site-packages/airflow/example_dags/example_skip_dag.py
[2025-01-18T00:10:15.707+0000] {processor.py:914} INFO - Processing file /home/airflow/.local/lib/python3.12/site-packages/airflow/example_dags/example_skip_dag.py for tasks to queue
[2025-01-18T00:10:15.711+0000] {logging_mixin.py:190} INFO - [2025-01-18T00:10:15.710+0000] {dagbag.py:588} INFO - Filling up the DagBag from /home/airflow/.local/lib/python3.12/site-packages/airflow/example_dags/example_skip_dag.py
[2025-01-18T00:10:15.726+0000] {processor.py:925} INFO - DAG(s) 'example_skip_dag' retrieved from /home/airflow/.local/lib/python3.12/site-packages/airflow/example_dags/example_skip_dag.py
[2025-01-18T00:10:15.762+0000] {logging_mixin.py:190} INFO - [2025-01-18T00:10:15.761+0000] {dag.py:3239} INFO - Sync 1 DAGs
[2025-01-18T00:10:15.793+0000] {logging_mixin.py:190} INFO - [2025-01-18T00:10:15.793+0000] {dag.py:4180} INFO - Setting next_dagrun for example_skip_dag to 2025-01-17 00:00:00+00:00, run_after=2025-01-18 00:00:00+00:00
[2025-01-18T00:10:15.816+0000] {processor.py:208} INFO - Processing /home/airflow/.local/lib/python3.12/site-packages/airflow/example_dags/example_skip_dag.py took 0.121 seconds
[2025-01-18T00:10:46.128+0000] {processor.py:186} INFO - Started process (PID=18756) to work on /home/airflow/.local/lib/python3.12/site-packages/airflow/example_dags/example_skip_dag.py
[2025-01-18T00:10:46.131+0000] {processor.py:914} INFO - Processing file /home/airflow/.local/lib/python3.12/site-packages/airflow/example_dags/example_skip_dag.py for tasks to queue
[2025-01-18T00:10:46.134+0000] {logging_mixin.py:190} INFO - [2025-01-18T00:10:46.133+0000] {dagbag.py:588} INFO - Filling up the DagBag from /home/airflow/.local/lib/python3.12/site-packages/airflow/example_dags/example_skip_dag.py
[2025-01-18T00:10:46.142+0000] {processor.py:925} INFO - DAG(s) 'example_skip_dag' retrieved from /home/airflow/.local/lib/python3.12/site-packages/airflow/example_dags/example_skip_dag.py
[2025-01-18T00:10:46.166+0000] {logging_mixin.py:190} INFO - [2025-01-18T00:10:46.165+0000] {dag.py:3239} INFO - Sync 1 DAGs
[2025-01-18T00:10:46.191+0000] {logging_mixin.py:190} INFO - [2025-01-18T00:10:46.191+0000] {dag.py:4180} INFO - Setting next_dagrun for example_skip_dag to 2025-01-17 00:00:00+00:00, run_after=2025-01-18 00:00:00+00:00
[2025-01-18T00:10:46.210+0000] {processor.py:208} INFO - Processing /home/airflow/.local/lib/python3.12/site-packages/airflow/example_dags/example_skip_dag.py took 0.089 seconds
[2025-01-18T00:11:16.333+0000] {processor.py:186} INFO - Started process (PID=18829) to work on /home/airflow/.local/lib/python3.12/site-packages/airflow/example_dags/example_skip_dag.py
[2025-01-18T00:11:16.334+0000] {processor.py:914} INFO - Processing file /home/airflow/.local/lib/python3.12/site-packages/airflow/example_dags/example_skip_dag.py for tasks to queue
[2025-01-18T00:11:16.338+0000] {logging_mixin.py:190} INFO - [2025-01-18T00:11:16.337+0000] {dagbag.py:588} INFO - Filling up the DagBag from /home/airflow/.local/lib/python3.12/site-packages/airflow/example_dags/example_skip_dag.py
[2025-01-18T00:11:16.353+0000] {processor.py:925} INFO - DAG(s) 'example_skip_dag' retrieved from /home/airflow/.local/lib/python3.12/site-packages/airflow/example_dags/example_skip_dag.py
[2025-01-18T00:11:16.397+0000] {logging_mixin.py:190} INFO - [2025-01-18T00:11:16.396+0000] {dag.py:3239} INFO - Sync 1 DAGs
[2025-01-18T00:11:16.435+0000] {logging_mixin.py:190} INFO - [2025-01-18T00:11:16.435+0000] {dag.py:4180} INFO - Setting next_dagrun for example_skip_dag to 2025-01-17 00:00:00+00:00, run_after=2025-01-18 00:00:00+00:00
[2025-01-18T00:11:16.458+0000] {processor.py:208} INFO - Processing /home/airflow/.local/lib/python3.12/site-packages/airflow/example_dags/example_skip_dag.py took 0.133 seconds
[2025-01-18T00:11:46.558+0000] {processor.py:186} INFO - Started process (PID=18897) to work on /home/airflow/.local/lib/python3.12/site-packages/airflow/example_dags/example_skip_dag.py
[2025-01-18T00:11:46.561+0000] {processor.py:914} INFO - Processing file /home/airflow/.local/lib/python3.12/site-packages/airflow/example_dags/example_skip_dag.py for tasks to queue
[2025-01-18T00:11:46.566+0000] {logging_mixin.py:190} INFO - [2025-01-18T00:11:46.565+0000] {dagbag.py:588} INFO - Filling up the DagBag from /home/airflow/.local/lib/python3.12/site-packages/airflow/example_dags/example_skip_dag.py
[2025-01-18T00:11:46.579+0000] {processor.py:925} INFO - DAG(s) 'example_skip_dag' retrieved from /home/airflow/.local/lib/python3.12/site-packages/airflow/example_dags/example_skip_dag.py
[2025-01-18T00:11:46.612+0000] {logging_mixin.py:190} INFO - [2025-01-18T00:11:46.611+0000] {dag.py:3239} INFO - Sync 1 DAGs
[2025-01-18T00:11:46.649+0000] {logging_mixin.py:190} INFO - [2025-01-18T00:11:46.649+0000] {dag.py:4180} INFO - Setting next_dagrun for example_skip_dag to 2025-01-17 00:00:00+00:00, run_after=2025-01-18 00:00:00+00:00
[2025-01-18T00:11:46.675+0000] {processor.py:208} INFO - Processing /home/airflow/.local/lib/python3.12/site-packages/airflow/example_dags/example_skip_dag.py took 0.125 seconds
[2025-01-18T00:12:16.917+0000] {processor.py:186} INFO - Started process (PID=18964) to work on /home/airflow/.local/lib/python3.12/site-packages/airflow/example_dags/example_skip_dag.py
[2025-01-18T00:12:16.920+0000] {processor.py:914} INFO - Processing file /home/airflow/.local/lib/python3.12/site-packages/airflow/example_dags/example_skip_dag.py for tasks to queue
[2025-01-18T00:12:16.923+0000] {logging_mixin.py:190} INFO - [2025-01-18T00:12:16.923+0000] {dagbag.py:588} INFO - Filling up the DagBag from /home/airflow/.local/lib/python3.12/site-packages/airflow/example_dags/example_skip_dag.py
[2025-01-18T00:12:16.932+0000] {processor.py:925} INFO - DAG(s) 'example_skip_dag' retrieved from /home/airflow/.local/lib/python3.12/site-packages/airflow/example_dags/example_skip_dag.py
[2025-01-18T00:12:16.958+0000] {logging_mixin.py:190} INFO - [2025-01-18T00:12:16.958+0000] {dag.py:3239} INFO - Sync 1 DAGs
[2025-01-18T00:12:16.992+0000] {logging_mixin.py:190} INFO - [2025-01-18T00:12:16.992+0000] {dag.py:4180} INFO - Setting next_dagrun for example_skip_dag to 2025-01-17 00:00:00+00:00, run_after=2025-01-18 00:00:00+00:00
[2025-01-18T00:12:17.020+0000] {processor.py:208} INFO - Processing /home/airflow/.local/lib/python3.12/site-packages/airflow/example_dags/example_skip_dag.py took 0.112 seconds
[2025-01-18T00:12:47.249+0000] {processor.py:186} INFO - Started process (PID=19031) to work on /home/airflow/.local/lib/python3.12/site-packages/airflow/example_dags/example_skip_dag.py
[2025-01-18T00:12:47.252+0000] {processor.py:914} INFO - Processing file /home/airflow/.local/lib/python3.12/site-packages/airflow/example_dags/example_skip_dag.py for tasks to queue
[2025-01-18T00:12:47.255+0000] {logging_mixin.py:190} INFO - [2025-01-18T00:12:47.255+0000] {dagbag.py:588} INFO - Filling up the DagBag from /home/airflow/.local/lib/python3.12/site-packages/airflow/example_dags/example_skip_dag.py
[2025-01-18T00:12:47.266+0000] {processor.py:925} INFO - DAG(s) 'example_skip_dag' retrieved from /home/airflow/.local/lib/python3.12/site-packages/airflow/example_dags/example_skip_dag.py
[2025-01-18T00:12:47.297+0000] {logging_mixin.py:190} INFO - [2025-01-18T00:12:47.297+0000] {dag.py:3239} INFO - Sync 1 DAGs
[2025-01-18T00:12:47.330+0000] {logging_mixin.py:190} INFO - [2025-01-18T00:12:47.330+0000] {dag.py:4180} INFO - Setting next_dagrun for example_skip_dag to 2025-01-17 00:00:00+00:00, run_after=2025-01-18 00:00:00+00:00
[2025-01-18T00:12:47.354+0000] {processor.py:208} INFO - Processing /home/airflow/.local/lib/python3.12/site-packages/airflow/example_dags/example_skip_dag.py took 0.112 seconds
[2025-01-18T00:13:17.537+0000] {processor.py:186} INFO - Started process (PID=19098) to work on /home/airflow/.local/lib/python3.12/site-packages/airflow/example_dags/example_skip_dag.py
[2025-01-18T00:13:17.538+0000] {processor.py:914} INFO - Processing file /home/airflow/.local/lib/python3.12/site-packages/airflow/example_dags/example_skip_dag.py for tasks to queue
[2025-01-18T00:13:17.541+0000] {logging_mixin.py:190} INFO - [2025-01-18T00:13:17.541+0000] {dagbag.py:588} INFO - Filling up the DagBag from /home/airflow/.local/lib/python3.12/site-packages/airflow/example_dags/example_skip_dag.py
[2025-01-18T00:13:17.549+0000] {processor.py:925} INFO - DAG(s) 'example_skip_dag' retrieved from /home/airflow/.local/lib/python3.12/site-packages/airflow/example_dags/example_skip_dag.py
[2025-01-18T00:13:17.573+0000] {logging_mixin.py:190} INFO - [2025-01-18T00:13:17.572+0000] {dag.py:3239} INFO - Sync 1 DAGs
[2025-01-18T00:13:17.598+0000] {logging_mixin.py:190} INFO - [2025-01-18T00:13:17.598+0000] {dag.py:4180} INFO - Setting next_dagrun for example_skip_dag to 2025-01-17 00:00:00+00:00, run_after=2025-01-18 00:00:00+00:00
[2025-01-18T00:13:17.617+0000] {processor.py:208} INFO - Processing /home/airflow/.local/lib/python3.12/site-packages/airflow/example_dags/example_skip_dag.py took 0.086 seconds
[2025-01-18T00:13:47.959+0000] {processor.py:186} INFO - Started process (PID=19165) to work on /home/airflow/.local/lib/python3.12/site-packages/airflow/example_dags/example_skip_dag.py
[2025-01-18T00:13:47.962+0000] {processor.py:914} INFO - Processing file /home/airflow/.local/lib/python3.12/site-packages/airflow/example_dags/example_skip_dag.py for tasks to queue
[2025-01-18T00:13:47.964+0000] {logging_mixin.py:190} INFO - [2025-01-18T00:13:47.964+0000] {dagbag.py:588} INFO - Filling up the DagBag from /home/airflow/.local/lib/python3.12/site-packages/airflow/example_dags/example_skip_dag.py
[2025-01-18T00:13:47.971+0000] {processor.py:925} INFO - DAG(s) 'example_skip_dag' retrieved from /home/airflow/.local/lib/python3.12/site-packages/airflow/example_dags/example_skip_dag.py
[2025-01-18T00:13:47.993+0000] {logging_mixin.py:190} INFO - [2025-01-18T00:13:47.993+0000] {dag.py:3239} INFO - Sync 1 DAGs
[2025-01-18T00:13:48.017+0000] {logging_mixin.py:190} INFO - [2025-01-18T00:13:48.017+0000] {dag.py:4180} INFO - Setting next_dagrun for example_skip_dag to 2025-01-17 00:00:00+00:00, run_after=2025-01-18 00:00:00+00:00
[2025-01-18T00:13:48.040+0000] {processor.py:208} INFO - Processing /home/airflow/.local/lib/python3.12/site-packages/airflow/example_dags/example_skip_dag.py took 0.086 seconds
[2025-01-18T00:14:18.083+0000] {processor.py:186} INFO - Started process (PID=19232) to work on /home/airflow/.local/lib/python3.12/site-packages/airflow/example_dags/example_skip_dag.py
[2025-01-18T00:14:18.084+0000] {processor.py:914} INFO - Processing file /home/airflow/.local/lib/python3.12/site-packages/airflow/example_dags/example_skip_dag.py for tasks to queue
[2025-01-18T00:14:18.086+0000] {logging_mixin.py:190} INFO - [2025-01-18T00:14:18.086+0000] {dagbag.py:588} INFO - Filling up the DagBag from /home/airflow/.local/lib/python3.12/site-packages/airflow/example_dags/example_skip_dag.py
[2025-01-18T00:14:18.093+0000] {processor.py:925} INFO - DAG(s) 'example_skip_dag' retrieved from /home/airflow/.local/lib/python3.12/site-packages/airflow/example_dags/example_skip_dag.py
[2025-01-18T00:14:18.116+0000] {logging_mixin.py:190} INFO - [2025-01-18T00:14:18.116+0000] {dag.py:3239} INFO - Sync 1 DAGs
[2025-01-18T00:14:18.142+0000] {logging_mixin.py:190} INFO - [2025-01-18T00:14:18.141+0000] {dag.py:4180} INFO - Setting next_dagrun for example_skip_dag to 2025-01-17 00:00:00+00:00, run_after=2025-01-18 00:00:00+00:00
[2025-01-18T00:14:18.168+0000] {processor.py:208} INFO - Processing /home/airflow/.local/lib/python3.12/site-packages/airflow/example_dags/example_skip_dag.py took 0.090 seconds
[2025-01-18T00:14:48.423+0000] {processor.py:186} INFO - Started process (PID=19300) to work on /home/airflow/.local/lib/python3.12/site-packages/airflow/example_dags/example_skip_dag.py
[2025-01-18T00:14:48.425+0000] {processor.py:914} INFO - Processing file /home/airflow/.local/lib/python3.12/site-packages/airflow/example_dags/example_skip_dag.py for tasks to queue
[2025-01-18T00:14:48.428+0000] {logging_mixin.py:190} INFO - [2025-01-18T00:14:48.427+0000] {dagbag.py:588} INFO - Filling up the DagBag from /home/airflow/.local/lib/python3.12/site-packages/airflow/example_dags/example_skip_dag.py
[2025-01-18T00:14:48.437+0000] {processor.py:925} INFO - DAG(s) 'example_skip_dag' retrieved from /home/airflow/.local/lib/python3.12/site-packages/airflow/example_dags/example_skip_dag.py
[2025-01-18T00:14:48.462+0000] {logging_mixin.py:190} INFO - [2025-01-18T00:14:48.462+0000] {dag.py:3239} INFO - Sync 1 DAGs
[2025-01-18T00:14:48.491+0000] {logging_mixin.py:190} INFO - [2025-01-18T00:14:48.490+0000] {dag.py:4180} INFO - Setting next_dagrun for example_skip_dag to 2025-01-17 00:00:00+00:00, run_after=2025-01-18 00:00:00+00:00
[2025-01-18T00:14:48.514+0000] {processor.py:208} INFO - Processing /home/airflow/.local/lib/python3.12/site-packages/airflow/example_dags/example_skip_dag.py took 0.099 seconds
[2025-01-18T00:15:18.760+0000] {processor.py:186} INFO - Started process (PID=19367) to work on /home/airflow/.local/lib/python3.12/site-packages/airflow/example_dags/example_skip_dag.py
[2025-01-18T00:15:18.763+0000] {processor.py:914} INFO - Processing file /home/airflow/.local/lib/python3.12/site-packages/airflow/example_dags/example_skip_dag.py for tasks to queue
[2025-01-18T00:15:18.767+0000] {logging_mixin.py:190} INFO - [2025-01-18T00:15:18.766+0000] {dagbag.py:588} INFO - Filling up the DagBag from /home/airflow/.local/lib/python3.12/site-packages/airflow/example_dags/example_skip_dag.py
[2025-01-18T00:15:18.774+0000] {processor.py:925} INFO - DAG(s) 'example_skip_dag' retrieved from /home/airflow/.local/lib/python3.12/site-packages/airflow/example_dags/example_skip_dag.py
[2025-01-18T00:15:18.798+0000] {logging_mixin.py:190} INFO - [2025-01-18T00:15:18.797+0000] {dag.py:3239} INFO - Sync 1 DAGs
[2025-01-18T00:15:18.826+0000] {logging_mixin.py:190} INFO - [2025-01-18T00:15:18.826+0000] {dag.py:4180} INFO - Setting next_dagrun for example_skip_dag to 2025-01-17 00:00:00+00:00, run_after=2025-01-18 00:00:00+00:00
[2025-01-18T00:15:18.852+0000] {processor.py:208} INFO - Processing /home/airflow/.local/lib/python3.12/site-packages/airflow/example_dags/example_skip_dag.py took 0.098 seconds
[2025-01-18T00:15:49.046+0000] {processor.py:186} INFO - Started process (PID=19434) to work on /home/airflow/.local/lib/python3.12/site-packages/airflow/example_dags/example_skip_dag.py
[2025-01-18T00:15:49.049+0000] {processor.py:914} INFO - Processing file /home/airflow/.local/lib/python3.12/site-packages/airflow/example_dags/example_skip_dag.py for tasks to queue
[2025-01-18T00:15:49.052+0000] {logging_mixin.py:190} INFO - [2025-01-18T00:15:49.051+0000] {dagbag.py:588} INFO - Filling up the DagBag from /home/airflow/.local/lib/python3.12/site-packages/airflow/example_dags/example_skip_dag.py
[2025-01-18T00:15:49.059+0000] {processor.py:925} INFO - DAG(s) 'example_skip_dag' retrieved from /home/airflow/.local/lib/python3.12/site-packages/airflow/example_dags/example_skip_dag.py
[2025-01-18T00:15:49.082+0000] {logging_mixin.py:190} INFO - [2025-01-18T00:15:49.082+0000] {dag.py:3239} INFO - Sync 1 DAGs
[2025-01-18T00:15:49.110+0000] {logging_mixin.py:190} INFO - [2025-01-18T00:15:49.109+0000] {dag.py:4180} INFO - Setting next_dagrun for example_skip_dag to 2025-01-17 00:00:00+00:00, run_after=2025-01-18 00:00:00+00:00
[2025-01-18T00:15:49.133+0000] {processor.py:208} INFO - Processing /home/airflow/.local/lib/python3.12/site-packages/airflow/example_dags/example_skip_dag.py took 0.092 seconds
[2025-01-18T00:16:19.608+0000] {processor.py:186} INFO - Started process (PID=19507) to work on /home/airflow/.local/lib/python3.12/site-packages/airflow/example_dags/example_skip_dag.py
[2025-01-18T00:16:19.609+0000] {processor.py:914} INFO - Processing file /home/airflow/.local/lib/python3.12/site-packages/airflow/example_dags/example_skip_dag.py for tasks to queue
[2025-01-18T00:16:19.611+0000] {logging_mixin.py:190} INFO - [2025-01-18T00:16:19.611+0000] {dagbag.py:588} INFO - Filling up the DagBag from /home/airflow/.local/lib/python3.12/site-packages/airflow/example_dags/example_skip_dag.py
[2025-01-18T00:16:19.621+0000] {processor.py:925} INFO - DAG(s) 'example_skip_dag' retrieved from /home/airflow/.local/lib/python3.12/site-packages/airflow/example_dags/example_skip_dag.py
[2025-01-18T00:16:19.648+0000] {logging_mixin.py:190} INFO - [2025-01-18T00:16:19.647+0000] {dag.py:3239} INFO - Sync 1 DAGs
[2025-01-18T00:16:19.677+0000] {logging_mixin.py:190} INFO - [2025-01-18T00:16:19.677+0000] {dag.py:4180} INFO - Setting next_dagrun for example_skip_dag to 2025-01-17 00:00:00+00:00, run_after=2025-01-18 00:00:00+00:00
[2025-01-18T00:16:19.703+0000] {processor.py:208} INFO - Processing /home/airflow/.local/lib/python3.12/site-packages/airflow/example_dags/example_skip_dag.py took 0.101 seconds
[2025-01-18T00:16:49.970+0000] {processor.py:186} INFO - Started process (PID=19574) to work on /home/airflow/.local/lib/python3.12/site-packages/airflow/example_dags/example_skip_dag.py
[2025-01-18T00:16:49.971+0000] {processor.py:914} INFO - Processing file /home/airflow/.local/lib/python3.12/site-packages/airflow/example_dags/example_skip_dag.py for tasks to queue
[2025-01-18T00:16:49.974+0000] {logging_mixin.py:190} INFO - [2025-01-18T00:16:49.973+0000] {dagbag.py:588} INFO - Filling up the DagBag from /home/airflow/.local/lib/python3.12/site-packages/airflow/example_dags/example_skip_dag.py
[2025-01-18T00:16:49.982+0000] {processor.py:925} INFO - DAG(s) 'example_skip_dag' retrieved from /home/airflow/.local/lib/python3.12/site-packages/airflow/example_dags/example_skip_dag.py
[2025-01-18T00:16:50.006+0000] {logging_mixin.py:190} INFO - [2025-01-18T00:16:50.006+0000] {dag.py:3239} INFO - Sync 1 DAGs
[2025-01-18T00:16:50.035+0000] {logging_mixin.py:190} INFO - [2025-01-18T00:16:50.035+0000] {dag.py:4180} INFO - Setting next_dagrun for example_skip_dag to 2025-01-17 00:00:00+00:00, run_after=2025-01-18 00:00:00+00:00
[2025-01-18T00:16:50.058+0000] {processor.py:208} INFO - Processing /home/airflow/.local/lib/python3.12/site-packages/airflow/example_dags/example_skip_dag.py took 0.094 seconds
[2025-01-18T00:17:20.756+0000] {processor.py:186} INFO - Started process (PID=19641) to work on /home/airflow/.local/lib/python3.12/site-packages/airflow/example_dags/example_skip_dag.py
[2025-01-18T00:17:20.759+0000] {processor.py:914} INFO - Processing file /home/airflow/.local/lib/python3.12/site-packages/airflow/example_dags/example_skip_dag.py for tasks to queue
[2025-01-18T00:17:20.761+0000] {logging_mixin.py:190} INFO - [2025-01-18T00:17:20.761+0000] {dagbag.py:588} INFO - Filling up the DagBag from /home/airflow/.local/lib/python3.12/site-packages/airflow/example_dags/example_skip_dag.py
[2025-01-18T00:17:20.769+0000] {processor.py:925} INFO - DAG(s) 'example_skip_dag' retrieved from /home/airflow/.local/lib/python3.12/site-packages/airflow/example_dags/example_skip_dag.py
[2025-01-18T00:17:20.791+0000] {logging_mixin.py:190} INFO - [2025-01-18T00:17:20.791+0000] {dag.py:3239} INFO - Sync 1 DAGs
[2025-01-18T00:17:20.816+0000] {logging_mixin.py:190} INFO - [2025-01-18T00:17:20.815+0000] {dag.py:4180} INFO - Setting next_dagrun for example_skip_dag to 2025-01-17 00:00:00+00:00, run_after=2025-01-18 00:00:00+00:00
[2025-01-18T00:17:20.838+0000] {processor.py:208} INFO - Processing /home/airflow/.local/lib/python3.12/site-packages/airflow/example_dags/example_skip_dag.py took 0.087 seconds
[2025-01-18T00:17:50.993+0000] {processor.py:186} INFO - Started process (PID=19709) to work on /home/airflow/.local/lib/python3.12/site-packages/airflow/example_dags/example_skip_dag.py
[2025-01-18T00:17:50.994+0000] {processor.py:914} INFO - Processing file /home/airflow/.local/lib/python3.12/site-packages/airflow/example_dags/example_skip_dag.py for tasks to queue
[2025-01-18T00:17:50.996+0000] {logging_mixin.py:190} INFO - [2025-01-18T00:17:50.996+0000] {dagbag.py:588} INFO - Filling up the DagBag from /home/airflow/.local/lib/python3.12/site-packages/airflow/example_dags/example_skip_dag.py
[2025-01-18T00:17:51.006+0000] {processor.py:925} INFO - DAG(s) 'example_skip_dag' retrieved from /home/airflow/.local/lib/python3.12/site-packages/airflow/example_dags/example_skip_dag.py
[2025-01-18T00:17:51.029+0000] {logging_mixin.py:190} INFO - [2025-01-18T00:17:51.029+0000] {dag.py:3239} INFO - Sync 1 DAGs
[2025-01-18T00:17:51.055+0000] {logging_mixin.py:190} INFO - [2025-01-18T00:17:51.055+0000] {dag.py:4180} INFO - Setting next_dagrun for example_skip_dag to 2025-01-17 00:00:00+00:00, run_after=2025-01-18 00:00:00+00:00
[2025-01-18T00:17:51.081+0000] {processor.py:208} INFO - Processing /home/airflow/.local/lib/python3.12/site-packages/airflow/example_dags/example_skip_dag.py took 0.095 seconds
[2025-01-18T00:18:21.799+0000] {processor.py:186} INFO - Started process (PID=19776) to work on /home/airflow/.local/lib/python3.12/site-packages/airflow/example_dags/example_skip_dag.py
[2025-01-18T00:18:21.800+0000] {processor.py:914} INFO - Processing file /home/airflow/.local/lib/python3.12/site-packages/airflow/example_dags/example_skip_dag.py for tasks to queue
[2025-01-18T00:18:21.804+0000] {logging_mixin.py:190} INFO - [2025-01-18T00:18:21.804+0000] {dagbag.py:588} INFO - Filling up the DagBag from /home/airflow/.local/lib/python3.12/site-packages/airflow/example_dags/example_skip_dag.py
[2025-01-18T00:18:21.813+0000] {processor.py:925} INFO - DAG(s) 'example_skip_dag' retrieved from /home/airflow/.local/lib/python3.12/site-packages/airflow/example_dags/example_skip_dag.py
[2025-01-18T00:18:21.841+0000] {logging_mixin.py:190} INFO - [2025-01-18T00:18:21.840+0000] {dag.py:3239} INFO - Sync 1 DAGs
[2025-01-18T00:18:21.867+0000] {logging_mixin.py:190} INFO - [2025-01-18T00:18:21.867+0000] {dag.py:4180} INFO - Setting next_dagrun for example_skip_dag to 2025-01-17 00:00:00+00:00, run_after=2025-01-18 00:00:00+00:00
[2025-01-18T00:18:21.891+0000] {processor.py:208} INFO - Processing /home/airflow/.local/lib/python3.12/site-packages/airflow/example_dags/example_skip_dag.py took 0.099 seconds
[2025-01-18T00:18:52.048+0000] {processor.py:186} INFO - Started process (PID=19843) to work on /home/airflow/.local/lib/python3.12/site-packages/airflow/example_dags/example_skip_dag.py
[2025-01-18T00:18:52.049+0000] {processor.py:914} INFO - Processing file /home/airflow/.local/lib/python3.12/site-packages/airflow/example_dags/example_skip_dag.py for tasks to queue
[2025-01-18T00:18:52.051+0000] {logging_mixin.py:190} INFO - [2025-01-18T00:18:52.051+0000] {dagbag.py:588} INFO - Filling up the DagBag from /home/airflow/.local/lib/python3.12/site-packages/airflow/example_dags/example_skip_dag.py
[2025-01-18T00:18:52.060+0000] {processor.py:925} INFO - DAG(s) 'example_skip_dag' retrieved from /home/airflow/.local/lib/python3.12/site-packages/airflow/example_dags/example_skip_dag.py
[2025-01-18T00:18:52.082+0000] {logging_mixin.py:190} INFO - [2025-01-18T00:18:52.082+0000] {dag.py:3239} INFO - Sync 1 DAGs
[2025-01-18T00:18:52.107+0000] {logging_mixin.py:190} INFO - [2025-01-18T00:18:52.107+0000] {dag.py:4180} INFO - Setting next_dagrun for example_skip_dag to 2025-01-17 00:00:00+00:00, run_after=2025-01-18 00:00:00+00:00
[2025-01-18T00:18:52.132+0000] {processor.py:208} INFO - Processing /home/airflow/.local/lib/python3.12/site-packages/airflow/example_dags/example_skip_dag.py took 0.090 seconds
[2025-01-18T00:19:22.801+0000] {processor.py:186} INFO - Started process (PID=19910) to work on /home/airflow/.local/lib/python3.12/site-packages/airflow/example_dags/example_skip_dag.py
[2025-01-18T00:19:22.804+0000] {processor.py:914} INFO - Processing file /home/airflow/.local/lib/python3.12/site-packages/airflow/example_dags/example_skip_dag.py for tasks to queue
[2025-01-18T00:19:22.807+0000] {logging_mixin.py:190} INFO - [2025-01-18T00:19:22.807+0000] {dagbag.py:588} INFO - Filling up the DagBag from /home/airflow/.local/lib/python3.12/site-packages/airflow/example_dags/example_skip_dag.py
[2025-01-18T00:19:22.818+0000] {processor.py:925} INFO - DAG(s) 'example_skip_dag' retrieved from /home/airflow/.local/lib/python3.12/site-packages/airflow/example_dags/example_skip_dag.py
[2025-01-18T00:19:22.859+0000] {logging_mixin.py:190} INFO - [2025-01-18T00:19:22.858+0000] {dag.py:3239} INFO - Sync 1 DAGs
[2025-01-18T00:19:22.891+0000] {logging_mixin.py:190} INFO - [2025-01-18T00:19:22.891+0000] {dag.py:4180} INFO - Setting next_dagrun for example_skip_dag to 2025-01-17 00:00:00+00:00, run_after=2025-01-18 00:00:00+00:00
[2025-01-18T00:19:22.919+0000] {processor.py:208} INFO - Processing /home/airflow/.local/lib/python3.12/site-packages/airflow/example_dags/example_skip_dag.py took 0.125 seconds
[2025-01-18T00:19:53.393+0000] {processor.py:186} INFO - Started process (PID=19977) to work on /home/airflow/.local/lib/python3.12/site-packages/airflow/example_dags/example_skip_dag.py
[2025-01-18T00:19:53.395+0000] {processor.py:914} INFO - Processing file /home/airflow/.local/lib/python3.12/site-packages/airflow/example_dags/example_skip_dag.py for tasks to queue
[2025-01-18T00:19:53.397+0000] {logging_mixin.py:190} INFO - [2025-01-18T00:19:53.397+0000] {dagbag.py:588} INFO - Filling up the DagBag from /home/airflow/.local/lib/python3.12/site-packages/airflow/example_dags/example_skip_dag.py
[2025-01-18T00:19:53.404+0000] {processor.py:925} INFO - DAG(s) 'example_skip_dag' retrieved from /home/airflow/.local/lib/python3.12/site-packages/airflow/example_dags/example_skip_dag.py
[2025-01-18T00:19:53.430+0000] {logging_mixin.py:190} INFO - [2025-01-18T00:19:53.430+0000] {dag.py:3239} INFO - Sync 1 DAGs
[2025-01-18T00:19:53.457+0000] {logging_mixin.py:190} INFO - [2025-01-18T00:19:53.457+0000] {dag.py:4180} INFO - Setting next_dagrun for example_skip_dag to 2025-01-17 00:00:00+00:00, run_after=2025-01-18 00:00:00+00:00
[2025-01-18T00:19:53.483+0000] {processor.py:208} INFO - Processing /home/airflow/.local/lib/python3.12/site-packages/airflow/example_dags/example_skip_dag.py took 0.096 seconds
[2025-01-18T00:20:23.784+0000] {processor.py:186} INFO - Started process (PID=20050) to work on /home/airflow/.local/lib/python3.12/site-packages/airflow/example_dags/example_skip_dag.py
[2025-01-18T00:20:23.786+0000] {processor.py:914} INFO - Processing file /home/airflow/.local/lib/python3.12/site-packages/airflow/example_dags/example_skip_dag.py for tasks to queue
[2025-01-18T00:20:23.788+0000] {logging_mixin.py:190} INFO - [2025-01-18T00:20:23.788+0000] {dagbag.py:588} INFO - Filling up the DagBag from /home/airflow/.local/lib/python3.12/site-packages/airflow/example_dags/example_skip_dag.py
[2025-01-18T00:20:23.796+0000] {processor.py:925} INFO - DAG(s) 'example_skip_dag' retrieved from /home/airflow/.local/lib/python3.12/site-packages/airflow/example_dags/example_skip_dag.py
[2025-01-18T00:20:23.818+0000] {logging_mixin.py:190} INFO - [2025-01-18T00:20:23.818+0000] {dag.py:3239} INFO - Sync 1 DAGs
[2025-01-18T00:20:23.843+0000] {logging_mixin.py:190} INFO - [2025-01-18T00:20:23.843+0000] {dag.py:4180} INFO - Setting next_dagrun for example_skip_dag to 2025-01-17 00:00:00+00:00, run_after=2025-01-18 00:00:00+00:00
[2025-01-18T00:20:23.865+0000] {processor.py:208} INFO - Processing /home/airflow/.local/lib/python3.12/site-packages/airflow/example_dags/example_skip_dag.py took 0.087 seconds
[2025-01-18T00:20:54.195+0000] {processor.py:186} INFO - Started process (PID=20117) to work on /home/airflow/.local/lib/python3.12/site-packages/airflow/example_dags/example_skip_dag.py
[2025-01-18T00:20:54.196+0000] {processor.py:914} INFO - Processing file /home/airflow/.local/lib/python3.12/site-packages/airflow/example_dags/example_skip_dag.py for tasks to queue
[2025-01-18T00:20:54.199+0000] {logging_mixin.py:190} INFO - [2025-01-18T00:20:54.199+0000] {dagbag.py:588} INFO - Filling up the DagBag from /home/airflow/.local/lib/python3.12/site-packages/airflow/example_dags/example_skip_dag.py
[2025-01-18T00:20:54.207+0000] {processor.py:925} INFO - DAG(s) 'example_skip_dag' retrieved from /home/airflow/.local/lib/python3.12/site-packages/airflow/example_dags/example_skip_dag.py
[2025-01-18T00:20:54.231+0000] {logging_mixin.py:190} INFO - [2025-01-18T00:20:54.231+0000] {dag.py:3239} INFO - Sync 1 DAGs
[2025-01-18T00:20:54.259+0000] {logging_mixin.py:190} INFO - [2025-01-18T00:20:54.259+0000] {dag.py:4180} INFO - Setting next_dagrun for example_skip_dag to 2025-01-17 00:00:00+00:00, run_after=2025-01-18 00:00:00+00:00
[2025-01-18T00:20:54.286+0000] {processor.py:208} INFO - Processing /home/airflow/.local/lib/python3.12/site-packages/airflow/example_dags/example_skip_dag.py took 0.096 seconds
[2025-01-18T00:21:24.732+0000] {processor.py:186} INFO - Started process (PID=20184) to work on /home/airflow/.local/lib/python3.12/site-packages/airflow/example_dags/example_skip_dag.py
[2025-01-18T00:21:24.733+0000] {processor.py:914} INFO - Processing file /home/airflow/.local/lib/python3.12/site-packages/airflow/example_dags/example_skip_dag.py for tasks to queue
[2025-01-18T00:21:24.736+0000] {logging_mixin.py:190} INFO - [2025-01-18T00:21:24.735+0000] {dagbag.py:588} INFO - Filling up the DagBag from /home/airflow/.local/lib/python3.12/site-packages/airflow/example_dags/example_skip_dag.py
[2025-01-18T00:21:24.745+0000] {processor.py:925} INFO - DAG(s) 'example_skip_dag' retrieved from /home/airflow/.local/lib/python3.12/site-packages/airflow/example_dags/example_skip_dag.py
[2025-01-18T00:21:24.777+0000] {logging_mixin.py:190} INFO - [2025-01-18T00:21:24.777+0000] {dag.py:3239} INFO - Sync 1 DAGs
[2025-01-18T00:21:24.809+0000] {logging_mixin.py:190} INFO - [2025-01-18T00:21:24.809+0000] {dag.py:4180} INFO - Setting next_dagrun for example_skip_dag to 2025-01-17 00:00:00+00:00, run_after=2025-01-18 00:00:00+00:00
[2025-01-18T00:21:24.831+0000] {processor.py:208} INFO - Processing /home/airflow/.local/lib/python3.12/site-packages/airflow/example_dags/example_skip_dag.py took 0.108 seconds
[2025-01-18T00:21:55.431+0000] {processor.py:186} INFO - Started process (PID=20251) to work on /home/airflow/.local/lib/python3.12/site-packages/airflow/example_dags/example_skip_dag.py
[2025-01-18T00:21:55.434+0000] {processor.py:914} INFO - Processing file /home/airflow/.local/lib/python3.12/site-packages/airflow/example_dags/example_skip_dag.py for tasks to queue
[2025-01-18T00:21:55.436+0000] {logging_mixin.py:190} INFO - [2025-01-18T00:21:55.436+0000] {dagbag.py:588} INFO - Filling up the DagBag from /home/airflow/.local/lib/python3.12/site-packages/airflow/example_dags/example_skip_dag.py
[2025-01-18T00:21:55.443+0000] {processor.py:925} INFO - DAG(s) 'example_skip_dag' retrieved from /home/airflow/.local/lib/python3.12/site-packages/airflow/example_dags/example_skip_dag.py
[2025-01-18T00:21:55.472+0000] {logging_mixin.py:190} INFO - [2025-01-18T00:21:55.471+0000] {dag.py:3239} INFO - Sync 1 DAGs
[2025-01-18T00:21:55.505+0000] {logging_mixin.py:190} INFO - [2025-01-18T00:21:55.504+0000] {dag.py:4180} INFO - Setting next_dagrun for example_skip_dag to 2025-01-17 00:00:00+00:00, run_after=2025-01-18 00:00:00+00:00
[2025-01-18T00:21:55.537+0000] {processor.py:208} INFO - Processing /home/airflow/.local/lib/python3.12/site-packages/airflow/example_dags/example_skip_dag.py took 0.112 seconds
[2025-01-18T00:22:26.127+0000] {processor.py:186} INFO - Started process (PID=20318) to work on /home/airflow/.local/lib/python3.12/site-packages/airflow/example_dags/example_skip_dag.py
[2025-01-18T00:22:26.128+0000] {processor.py:914} INFO - Processing file /home/airflow/.local/lib/python3.12/site-packages/airflow/example_dags/example_skip_dag.py for tasks to queue
[2025-01-18T00:22:26.130+0000] {logging_mixin.py:190} INFO - [2025-01-18T00:22:26.130+0000] {dagbag.py:588} INFO - Filling up the DagBag from /home/airflow/.local/lib/python3.12/site-packages/airflow/example_dags/example_skip_dag.py
[2025-01-18T00:22:26.139+0000] {processor.py:925} INFO - DAG(s) 'example_skip_dag' retrieved from /home/airflow/.local/lib/python3.12/site-packages/airflow/example_dags/example_skip_dag.py
[2025-01-18T00:22:26.162+0000] {logging_mixin.py:190} INFO - [2025-01-18T00:22:26.162+0000] {dag.py:3239} INFO - Sync 1 DAGs
[2025-01-18T00:22:26.188+0000] {logging_mixin.py:190} INFO - [2025-01-18T00:22:26.187+0000] {dag.py:4180} INFO - Setting next_dagrun for example_skip_dag to 2025-01-17 00:00:00+00:00, run_after=2025-01-18 00:00:00+00:00
[2025-01-18T00:22:26.211+0000] {processor.py:208} INFO - Processing /home/airflow/.local/lib/python3.12/site-packages/airflow/example_dags/example_skip_dag.py took 0.089 seconds
[2025-01-18T00:22:56.482+0000] {processor.py:186} INFO - Started process (PID=20385) to work on /home/airflow/.local/lib/python3.12/site-packages/airflow/example_dags/example_skip_dag.py
[2025-01-18T00:22:56.483+0000] {processor.py:914} INFO - Processing file /home/airflow/.local/lib/python3.12/site-packages/airflow/example_dags/example_skip_dag.py for tasks to queue
[2025-01-18T00:22:56.486+0000] {logging_mixin.py:190} INFO - [2025-01-18T00:22:56.486+0000] {dagbag.py:588} INFO - Filling up the DagBag from /home/airflow/.local/lib/python3.12/site-packages/airflow/example_dags/example_skip_dag.py
[2025-01-18T00:22:56.494+0000] {processor.py:925} INFO - DAG(s) 'example_skip_dag' retrieved from /home/airflow/.local/lib/python3.12/site-packages/airflow/example_dags/example_skip_dag.py
[2025-01-18T00:22:56.521+0000] {logging_mixin.py:190} INFO - [2025-01-18T00:22:56.520+0000] {dag.py:3239} INFO - Sync 1 DAGs
[2025-01-18T00:22:56.549+0000] {logging_mixin.py:190} INFO - [2025-01-18T00:22:56.549+0000] {dag.py:4180} INFO - Setting next_dagrun for example_skip_dag to 2025-01-17 00:00:00+00:00, run_after=2025-01-18 00:00:00+00:00
[2025-01-18T00:22:56.571+0000] {processor.py:208} INFO - Processing /home/airflow/.local/lib/python3.12/site-packages/airflow/example_dags/example_skip_dag.py took 0.095 seconds
[2025-01-18T00:23:27.005+0000] {processor.py:186} INFO - Started process (PID=20452) to work on /home/airflow/.local/lib/python3.12/site-packages/airflow/example_dags/example_skip_dag.py
[2025-01-18T00:23:27.006+0000] {processor.py:914} INFO - Processing file /home/airflow/.local/lib/python3.12/site-packages/airflow/example_dags/example_skip_dag.py for tasks to queue
[2025-01-18T00:23:27.008+0000] {logging_mixin.py:190} INFO - [2025-01-18T00:23:27.008+0000] {dagbag.py:588} INFO - Filling up the DagBag from /home/airflow/.local/lib/python3.12/site-packages/airflow/example_dags/example_skip_dag.py
[2025-01-18T00:23:27.016+0000] {processor.py:925} INFO - DAG(s) 'example_skip_dag' retrieved from /home/airflow/.local/lib/python3.12/site-packages/airflow/example_dags/example_skip_dag.py
[2025-01-18T00:23:27.040+0000] {logging_mixin.py:190} INFO - [2025-01-18T00:23:27.040+0000] {dag.py:3239} INFO - Sync 1 DAGs
[2025-01-18T00:23:27.069+0000] {logging_mixin.py:190} INFO - [2025-01-18T00:23:27.069+0000] {dag.py:4180} INFO - Setting next_dagrun for example_skip_dag to 2025-01-17 00:00:00+00:00, run_after=2025-01-18 00:00:00+00:00
[2025-01-18T00:23:27.093+0000] {processor.py:208} INFO - Processing /home/airflow/.local/lib/python3.12/site-packages/airflow/example_dags/example_skip_dag.py took 0.094 seconds
[2025-01-18T00:23:57.634+0000] {processor.py:186} INFO - Started process (PID=20518) to work on /home/airflow/.local/lib/python3.12/site-packages/airflow/example_dags/example_skip_dag.py
[2025-01-18T00:23:57.644+0000] {processor.py:914} INFO - Processing file /home/airflow/.local/lib/python3.12/site-packages/airflow/example_dags/example_skip_dag.py for tasks to queue
[2025-01-18T00:23:57.648+0000] {logging_mixin.py:190} INFO - [2025-01-18T00:23:57.647+0000] {dagbag.py:588} INFO - Filling up the DagBag from /home/airflow/.local/lib/python3.12/site-packages/airflow/example_dags/example_skip_dag.py
[2025-01-18T00:23:57.660+0000] {processor.py:925} INFO - DAG(s) 'example_skip_dag' retrieved from /home/airflow/.local/lib/python3.12/site-packages/airflow/example_dags/example_skip_dag.py
[2025-01-18T00:23:57.694+0000] {logging_mixin.py:190} INFO - [2025-01-18T00:23:57.693+0000] {dag.py:3239} INFO - Sync 1 DAGs
[2025-01-18T00:23:57.733+0000] {logging_mixin.py:190} INFO - [2025-01-18T00:23:57.733+0000] {dag.py:4180} INFO - Setting next_dagrun for example_skip_dag to 2025-01-17 00:00:00+00:00, run_after=2025-01-18 00:00:00+00:00
[2025-01-18T00:23:57.768+0000] {processor.py:208} INFO - Processing /home/airflow/.local/lib/python3.12/site-packages/airflow/example_dags/example_skip_dag.py took 0.140 seconds
[2025-01-18T00:24:28.603+0000] {processor.py:186} INFO - Started process (PID=20591) to work on /home/airflow/.local/lib/python3.12/site-packages/airflow/example_dags/example_skip_dag.py
[2025-01-18T00:24:28.604+0000] {processor.py:914} INFO - Processing file /home/airflow/.local/lib/python3.12/site-packages/airflow/example_dags/example_skip_dag.py for tasks to queue
[2025-01-18T00:24:28.607+0000] {logging_mixin.py:190} INFO - [2025-01-18T00:24:28.607+0000] {dagbag.py:588} INFO - Filling up the DagBag from /home/airflow/.local/lib/python3.12/site-packages/airflow/example_dags/example_skip_dag.py
[2025-01-18T00:24:28.618+0000] {processor.py:925} INFO - DAG(s) 'example_skip_dag' retrieved from /home/airflow/.local/lib/python3.12/site-packages/airflow/example_dags/example_skip_dag.py
[2025-01-18T00:24:28.645+0000] {logging_mixin.py:190} INFO - [2025-01-18T00:24:28.645+0000] {dag.py:3239} INFO - Sync 1 DAGs
[2025-01-18T00:24:28.683+0000] {logging_mixin.py:190} INFO - [2025-01-18T00:24:28.683+0000] {dag.py:4180} INFO - Setting next_dagrun for example_skip_dag to 2025-01-17 00:00:00+00:00, run_after=2025-01-18 00:00:00+00:00
[2025-01-18T00:24:28.714+0000] {processor.py:208} INFO - Processing /home/airflow/.local/lib/python3.12/site-packages/airflow/example_dags/example_skip_dag.py took 0.117 seconds
[2025-01-18T00:24:58.981+0000] {processor.py:186} INFO - Started process (PID=20658) to work on /home/airflow/.local/lib/python3.12/site-packages/airflow/example_dags/example_skip_dag.py
[2025-01-18T00:24:58.982+0000] {processor.py:914} INFO - Processing file /home/airflow/.local/lib/python3.12/site-packages/airflow/example_dags/example_skip_dag.py for tasks to queue
[2025-01-18T00:24:58.987+0000] {logging_mixin.py:190} INFO - [2025-01-18T00:24:58.986+0000] {dagbag.py:588} INFO - Filling up the DagBag from /home/airflow/.local/lib/python3.12/site-packages/airflow/example_dags/example_skip_dag.py
[2025-01-18T00:24:58.999+0000] {processor.py:925} INFO - DAG(s) 'example_skip_dag' retrieved from /home/airflow/.local/lib/python3.12/site-packages/airflow/example_dags/example_skip_dag.py
[2025-01-18T00:24:59.032+0000] {logging_mixin.py:190} INFO - [2025-01-18T00:24:59.031+0000] {dag.py:3239} INFO - Sync 1 DAGs
[2025-01-18T00:24:59.075+0000] {logging_mixin.py:190} INFO - [2025-01-18T00:24:59.075+0000] {dag.py:4180} INFO - Setting next_dagrun for example_skip_dag to 2025-01-17 00:00:00+00:00, run_after=2025-01-18 00:00:00+00:00
[2025-01-18T00:24:59.110+0000] {processor.py:208} INFO - Processing /home/airflow/.local/lib/python3.12/site-packages/airflow/example_dags/example_skip_dag.py took 0.138 seconds
[2025-01-18T00:25:29.904+0000] {processor.py:186} INFO - Started process (PID=20725) to work on /home/airflow/.local/lib/python3.12/site-packages/airflow/example_dags/example_skip_dag.py
[2025-01-18T00:25:29.906+0000] {processor.py:914} INFO - Processing file /home/airflow/.local/lib/python3.12/site-packages/airflow/example_dags/example_skip_dag.py for tasks to queue
[2025-01-18T00:25:29.909+0000] {logging_mixin.py:190} INFO - [2025-01-18T00:25:29.908+0000] {dagbag.py:588} INFO - Filling up the DagBag from /home/airflow/.local/lib/python3.12/site-packages/airflow/example_dags/example_skip_dag.py
[2025-01-18T00:25:29.916+0000] {processor.py:925} INFO - DAG(s) 'example_skip_dag' retrieved from /home/airflow/.local/lib/python3.12/site-packages/airflow/example_dags/example_skip_dag.py
[2025-01-18T00:25:29.937+0000] {logging_mixin.py:190} INFO - [2025-01-18T00:25:29.937+0000] {dag.py:3239} INFO - Sync 1 DAGs
[2025-01-18T00:25:29.962+0000] {logging_mixin.py:190} INFO - [2025-01-18T00:25:29.962+0000] {dag.py:4180} INFO - Setting next_dagrun for example_skip_dag to 2025-01-17 00:00:00+00:00, run_after=2025-01-18 00:00:00+00:00
[2025-01-18T00:25:29.983+0000] {processor.py:208} INFO - Processing /home/airflow/.local/lib/python3.12/site-packages/airflow/example_dags/example_skip_dag.py took 0.084 seconds
[2025-01-18T00:26:00.587+0000] {processor.py:186} INFO - Started process (PID=20792) to work on /home/airflow/.local/lib/python3.12/site-packages/airflow/example_dags/example_skip_dag.py
[2025-01-18T00:26:00.589+0000] {processor.py:914} INFO - Processing file /home/airflow/.local/lib/python3.12/site-packages/airflow/example_dags/example_skip_dag.py for tasks to queue
[2025-01-18T00:26:00.591+0000] {logging_mixin.py:190} INFO - [2025-01-18T00:26:00.591+0000] {dagbag.py:588} INFO - Filling up the DagBag from /home/airflow/.local/lib/python3.12/site-packages/airflow/example_dags/example_skip_dag.py
[2025-01-18T00:26:00.601+0000] {processor.py:925} INFO - DAG(s) 'example_skip_dag' retrieved from /home/airflow/.local/lib/python3.12/site-packages/airflow/example_dags/example_skip_dag.py
[2025-01-18T00:26:00.629+0000] {logging_mixin.py:190} INFO - [2025-01-18T00:26:00.629+0000] {dag.py:3239} INFO - Sync 1 DAGs
[2025-01-18T00:26:00.666+0000] {logging_mixin.py:190} INFO - [2025-01-18T00:26:00.665+0000] {dag.py:4180} INFO - Setting next_dagrun for example_skip_dag to 2025-01-17 00:00:00+00:00, run_after=2025-01-18 00:00:00+00:00
[2025-01-18T00:26:00.696+0000] {processor.py:208} INFO - Processing /home/airflow/.local/lib/python3.12/site-packages/airflow/example_dags/example_skip_dag.py took 0.117 seconds
[2025-01-18T00:26:31.252+0000] {processor.py:186} INFO - Started process (PID=20859) to work on /home/airflow/.local/lib/python3.12/site-packages/airflow/example_dags/example_skip_dag.py
[2025-01-18T00:26:31.253+0000] {processor.py:914} INFO - Processing file /home/airflow/.local/lib/python3.12/site-packages/airflow/example_dags/example_skip_dag.py for tasks to queue
[2025-01-18T00:26:31.256+0000] {logging_mixin.py:190} INFO - [2025-01-18T00:26:31.256+0000] {dagbag.py:588} INFO - Filling up the DagBag from /home/airflow/.local/lib/python3.12/site-packages/airflow/example_dags/example_skip_dag.py
[2025-01-18T00:26:31.270+0000] {processor.py:925} INFO - DAG(s) 'example_skip_dag' retrieved from /home/airflow/.local/lib/python3.12/site-packages/airflow/example_dags/example_skip_dag.py
[2025-01-18T00:26:31.308+0000] {logging_mixin.py:190} INFO - [2025-01-18T00:26:31.307+0000] {dag.py:3239} INFO - Sync 1 DAGs
[2025-01-18T00:26:31.354+0000] {logging_mixin.py:190} INFO - [2025-01-18T00:26:31.353+0000] {dag.py:4180} INFO - Setting next_dagrun for example_skip_dag to 2025-01-17 00:00:00+00:00, run_after=2025-01-18 00:00:00+00:00
[2025-01-18T00:26:31.384+0000] {processor.py:208} INFO - Processing /home/airflow/.local/lib/python3.12/site-packages/airflow/example_dags/example_skip_dag.py took 0.144 seconds
[2025-01-18T00:27:01.984+0000] {processor.py:186} INFO - Started process (PID=20926) to work on /home/airflow/.local/lib/python3.12/site-packages/airflow/example_dags/example_skip_dag.py
[2025-01-18T00:27:01.986+0000] {processor.py:914} INFO - Processing file /home/airflow/.local/lib/python3.12/site-packages/airflow/example_dags/example_skip_dag.py for tasks to queue
[2025-01-18T00:27:01.989+0000] {logging_mixin.py:190} INFO - [2025-01-18T00:27:01.989+0000] {dagbag.py:588} INFO - Filling up the DagBag from /home/airflow/.local/lib/python3.12/site-packages/airflow/example_dags/example_skip_dag.py
[2025-01-18T00:27:01.996+0000] {processor.py:925} INFO - DAG(s) 'example_skip_dag' retrieved from /home/airflow/.local/lib/python3.12/site-packages/airflow/example_dags/example_skip_dag.py
[2025-01-18T00:27:02.026+0000] {logging_mixin.py:190} INFO - [2025-01-18T00:27:02.026+0000] {dag.py:3239} INFO - Sync 1 DAGs
[2025-01-18T00:27:02.069+0000] {logging_mixin.py:190} INFO - [2025-01-18T00:27:02.069+0000] {dag.py:4180} INFO - Setting next_dagrun for example_skip_dag to 2025-01-17 00:00:00+00:00, run_after=2025-01-18 00:00:00+00:00
[2025-01-18T00:27:02.098+0000] {processor.py:208} INFO - Processing /home/airflow/.local/lib/python3.12/site-packages/airflow/example_dags/example_skip_dag.py took 0.119 seconds
[2025-01-18T00:27:32.567+0000] {processor.py:186} INFO - Started process (PID=20993) to work on /home/airflow/.local/lib/python3.12/site-packages/airflow/example_dags/example_skip_dag.py
[2025-01-18T00:27:32.568+0000] {processor.py:914} INFO - Processing file /home/airflow/.local/lib/python3.12/site-packages/airflow/example_dags/example_skip_dag.py for tasks to queue
[2025-01-18T00:27:32.571+0000] {logging_mixin.py:190} INFO - [2025-01-18T00:27:32.570+0000] {dagbag.py:588} INFO - Filling up the DagBag from /home/airflow/.local/lib/python3.12/site-packages/airflow/example_dags/example_skip_dag.py
[2025-01-18T00:27:32.578+0000] {processor.py:925} INFO - DAG(s) 'example_skip_dag' retrieved from /home/airflow/.local/lib/python3.12/site-packages/airflow/example_dags/example_skip_dag.py
[2025-01-18T00:27:32.603+0000] {logging_mixin.py:190} INFO - [2025-01-18T00:27:32.603+0000] {dag.py:3239} INFO - Sync 1 DAGs
[2025-01-18T00:27:32.633+0000] {logging_mixin.py:190} INFO - [2025-01-18T00:27:32.633+0000] {dag.py:4180} INFO - Setting next_dagrun for example_skip_dag to 2025-01-17 00:00:00+00:00, run_after=2025-01-18 00:00:00+00:00
[2025-01-18T00:27:32.656+0000] {processor.py:208} INFO - Processing /home/airflow/.local/lib/python3.12/site-packages/airflow/example_dags/example_skip_dag.py took 0.097 seconds
[2025-01-18T00:28:02.824+0000] {processor.py:186} INFO - Started process (PID=21060) to work on /home/airflow/.local/lib/python3.12/site-packages/airflow/example_dags/example_skip_dag.py
[2025-01-18T00:28:02.825+0000] {processor.py:914} INFO - Processing file /home/airflow/.local/lib/python3.12/site-packages/airflow/example_dags/example_skip_dag.py for tasks to queue
[2025-01-18T00:28:02.828+0000] {logging_mixin.py:190} INFO - [2025-01-18T00:28:02.827+0000] {dagbag.py:588} INFO - Filling up the DagBag from /home/airflow/.local/lib/python3.12/site-packages/airflow/example_dags/example_skip_dag.py
[2025-01-18T00:28:02.835+0000] {processor.py:925} INFO - DAG(s) 'example_skip_dag' retrieved from /home/airflow/.local/lib/python3.12/site-packages/airflow/example_dags/example_skip_dag.py
[2025-01-18T00:28:02.855+0000] {logging_mixin.py:190} INFO - [2025-01-18T00:28:02.855+0000] {dag.py:3239} INFO - Sync 1 DAGs
[2025-01-18T00:28:02.881+0000] {logging_mixin.py:190} INFO - [2025-01-18T00:28:02.880+0000] {dag.py:4180} INFO - Setting next_dagrun for example_skip_dag to 2025-01-17 00:00:00+00:00, run_after=2025-01-18 00:00:00+00:00
[2025-01-18T00:28:02.902+0000] {processor.py:208} INFO - Processing /home/airflow/.local/lib/python3.12/site-packages/airflow/example_dags/example_skip_dag.py took 0.083 seconds
[2025-01-18T00:28:33.712+0000] {processor.py:186} INFO - Started process (PID=21126) to work on /home/airflow/.local/lib/python3.12/site-packages/airflow/example_dags/example_skip_dag.py
[2025-01-18T00:28:33.713+0000] {processor.py:914} INFO - Processing file /home/airflow/.local/lib/python3.12/site-packages/airflow/example_dags/example_skip_dag.py for tasks to queue
[2025-01-18T00:28:33.716+0000] {logging_mixin.py:190} INFO - [2025-01-18T00:28:33.715+0000] {dagbag.py:588} INFO - Filling up the DagBag from /home/airflow/.local/lib/python3.12/site-packages/airflow/example_dags/example_skip_dag.py
[2025-01-18T00:28:33.722+0000] {processor.py:925} INFO - DAG(s) 'example_skip_dag' retrieved from /home/airflow/.local/lib/python3.12/site-packages/airflow/example_dags/example_skip_dag.py
[2025-01-18T00:28:33.743+0000] {logging_mixin.py:190} INFO - [2025-01-18T00:28:33.742+0000] {dag.py:3239} INFO - Sync 1 DAGs
[2025-01-18T00:28:33.769+0000] {logging_mixin.py:190} INFO - [2025-01-18T00:28:33.768+0000] {dag.py:4180} INFO - Setting next_dagrun for example_skip_dag to 2025-01-17 00:00:00+00:00, run_after=2025-01-18 00:00:00+00:00
[2025-01-18T00:28:33.790+0000] {processor.py:208} INFO - Processing /home/airflow/.local/lib/python3.12/site-packages/airflow/example_dags/example_skip_dag.py took 0.084 seconds
[2025-01-18T00:29:04.157+0000] {processor.py:186} INFO - Started process (PID=21199) to work on /home/airflow/.local/lib/python3.12/site-packages/airflow/example_dags/example_skip_dag.py
[2025-01-18T00:29:04.159+0000] {processor.py:914} INFO - Processing file /home/airflow/.local/lib/python3.12/site-packages/airflow/example_dags/example_skip_dag.py for tasks to queue
[2025-01-18T00:29:04.163+0000] {logging_mixin.py:190} INFO - [2025-01-18T00:29:04.162+0000] {dagbag.py:588} INFO - Filling up the DagBag from /home/airflow/.local/lib/python3.12/site-packages/airflow/example_dags/example_skip_dag.py
[2025-01-18T00:29:04.175+0000] {processor.py:925} INFO - DAG(s) 'example_skip_dag' retrieved from /home/airflow/.local/lib/python3.12/site-packages/airflow/example_dags/example_skip_dag.py
[2025-01-18T00:29:04.205+0000] {logging_mixin.py:190} INFO - [2025-01-18T00:29:04.205+0000] {dag.py:3239} INFO - Sync 1 DAGs
[2025-01-18T00:29:04.239+0000] {logging_mixin.py:190} INFO - [2025-01-18T00:29:04.239+0000] {dag.py:4180} INFO - Setting next_dagrun for example_skip_dag to 2025-01-17 00:00:00+00:00, run_after=2025-01-18 00:00:00+00:00
[2025-01-18T00:29:04.261+0000] {processor.py:208} INFO - Processing /home/airflow/.local/lib/python3.12/site-packages/airflow/example_dags/example_skip_dag.py took 0.113 seconds
[2025-01-18T00:29:34.778+0000] {processor.py:186} INFO - Started process (PID=21264) to work on /home/airflow/.local/lib/python3.12/site-packages/airflow/example_dags/example_skip_dag.py
[2025-01-18T00:29:34.779+0000] {processor.py:914} INFO - Processing file /home/airflow/.local/lib/python3.12/site-packages/airflow/example_dags/example_skip_dag.py for tasks to queue
[2025-01-18T00:29:34.782+0000] {logging_mixin.py:190} INFO - [2025-01-18T00:29:34.781+0000] {dagbag.py:588} INFO - Filling up the DagBag from /home/airflow/.local/lib/python3.12/site-packages/airflow/example_dags/example_skip_dag.py
[2025-01-18T00:29:34.793+0000] {processor.py:925} INFO - DAG(s) 'example_skip_dag' retrieved from /home/airflow/.local/lib/python3.12/site-packages/airflow/example_dags/example_skip_dag.py
[2025-01-18T00:29:34.820+0000] {logging_mixin.py:190} INFO - [2025-01-18T00:29:34.820+0000] {dag.py:3239} INFO - Sync 1 DAGs
[2025-01-18T00:29:34.851+0000] {logging_mixin.py:190} INFO - [2025-01-18T00:29:34.850+0000] {dag.py:4180} INFO - Setting next_dagrun for example_skip_dag to 2025-01-17 00:00:00+00:00, run_after=2025-01-18 00:00:00+00:00
[2025-01-18T00:29:34.878+0000] {processor.py:208} INFO - Processing /home/airflow/.local/lib/python3.12/site-packages/airflow/example_dags/example_skip_dag.py took 0.107 seconds
[2025-01-18T00:30:04.952+0000] {processor.py:186} INFO - Started process (PID=21329) to work on /home/airflow/.local/lib/python3.12/site-packages/airflow/example_dags/example_skip_dag.py
[2025-01-18T00:30:04.953+0000] {processor.py:914} INFO - Processing file /home/airflow/.local/lib/python3.12/site-packages/airflow/example_dags/example_skip_dag.py for tasks to queue
[2025-01-18T00:30:04.956+0000] {logging_mixin.py:190} INFO - [2025-01-18T00:30:04.955+0000] {dagbag.py:588} INFO - Filling up the DagBag from /home/airflow/.local/lib/python3.12/site-packages/airflow/example_dags/example_skip_dag.py
[2025-01-18T00:30:04.964+0000] {processor.py:925} INFO - DAG(s) 'example_skip_dag' retrieved from /home/airflow/.local/lib/python3.12/site-packages/airflow/example_dags/example_skip_dag.py
[2025-01-18T00:30:04.988+0000] {logging_mixin.py:190} INFO - [2025-01-18T00:30:04.988+0000] {dag.py:3239} INFO - Sync 1 DAGs
[2025-01-18T00:30:05.015+0000] {logging_mixin.py:190} INFO - [2025-01-18T00:30:05.014+0000] {dag.py:4180} INFO - Setting next_dagrun for example_skip_dag to 2025-01-17 00:00:00+00:00, run_after=2025-01-18 00:00:00+00:00
[2025-01-18T00:30:05.041+0000] {processor.py:208} INFO - Processing /home/airflow/.local/lib/python3.12/site-packages/airflow/example_dags/example_skip_dag.py took 0.096 seconds
[2025-01-18T00:30:35.352+0000] {processor.py:186} INFO - Started process (PID=21395) to work on /home/airflow/.local/lib/python3.12/site-packages/airflow/example_dags/example_skip_dag.py
[2025-01-18T00:30:35.354+0000] {processor.py:914} INFO - Processing file /home/airflow/.local/lib/python3.12/site-packages/airflow/example_dags/example_skip_dag.py for tasks to queue
[2025-01-18T00:30:35.356+0000] {logging_mixin.py:190} INFO - [2025-01-18T00:30:35.356+0000] {dagbag.py:588} INFO - Filling up the DagBag from /home/airflow/.local/lib/python3.12/site-packages/airflow/example_dags/example_skip_dag.py
[2025-01-18T00:30:35.363+0000] {processor.py:925} INFO - DAG(s) 'example_skip_dag' retrieved from /home/airflow/.local/lib/python3.12/site-packages/airflow/example_dags/example_skip_dag.py
[2025-01-18T00:30:35.383+0000] {logging_mixin.py:190} INFO - [2025-01-18T00:30:35.383+0000] {dag.py:3239} INFO - Sync 1 DAGs
[2025-01-18T00:30:35.409+0000] {logging_mixin.py:190} INFO - [2025-01-18T00:30:35.409+0000] {dag.py:4180} INFO - Setting next_dagrun for example_skip_dag to 2025-01-17 00:00:00+00:00, run_after=2025-01-18 00:00:00+00:00
[2025-01-18T00:30:35.431+0000] {processor.py:208} INFO - Processing /home/airflow/.local/lib/python3.12/site-packages/airflow/example_dags/example_skip_dag.py took 0.085 seconds
[2025-01-18T00:31:05.910+0000] {processor.py:186} INFO - Started process (PID=21462) to work on /home/airflow/.local/lib/python3.12/site-packages/airflow/example_dags/example_skip_dag.py
[2025-01-18T00:31:05.912+0000] {processor.py:914} INFO - Processing file /home/airflow/.local/lib/python3.12/site-packages/airflow/example_dags/example_skip_dag.py for tasks to queue
[2025-01-18T00:31:05.914+0000] {logging_mixin.py:190} INFO - [2025-01-18T00:31:05.913+0000] {dagbag.py:588} INFO - Filling up the DagBag from /home/airflow/.local/lib/python3.12/site-packages/airflow/example_dags/example_skip_dag.py
[2025-01-18T00:31:05.922+0000] {processor.py:925} INFO - DAG(s) 'example_skip_dag' retrieved from /home/airflow/.local/lib/python3.12/site-packages/airflow/example_dags/example_skip_dag.py
[2025-01-18T00:31:05.948+0000] {logging_mixin.py:190} INFO - [2025-01-18T00:31:05.947+0000] {dag.py:3239} INFO - Sync 1 DAGs
[2025-01-18T00:31:05.973+0000] {logging_mixin.py:190} INFO - [2025-01-18T00:31:05.973+0000] {dag.py:4180} INFO - Setting next_dagrun for example_skip_dag to 2025-01-17 00:00:00+00:00, run_after=2025-01-18 00:00:00+00:00
[2025-01-18T00:31:05.998+0000] {processor.py:208} INFO - Processing /home/airflow/.local/lib/python3.12/site-packages/airflow/example_dags/example_skip_dag.py took 0.094 seconds
[2025-01-18T00:31:36.201+0000] {processor.py:186} INFO - Started process (PID=21527) to work on /home/airflow/.local/lib/python3.12/site-packages/airflow/example_dags/example_skip_dag.py
[2025-01-18T00:31:36.203+0000] {processor.py:914} INFO - Processing file /home/airflow/.local/lib/python3.12/site-packages/airflow/example_dags/example_skip_dag.py for tasks to queue
[2025-01-18T00:31:36.206+0000] {logging_mixin.py:190} INFO - [2025-01-18T00:31:36.206+0000] {dagbag.py:588} INFO - Filling up the DagBag from /home/airflow/.local/lib/python3.12/site-packages/airflow/example_dags/example_skip_dag.py
[2025-01-18T00:31:36.214+0000] {processor.py:925} INFO - DAG(s) 'example_skip_dag' retrieved from /home/airflow/.local/lib/python3.12/site-packages/airflow/example_dags/example_skip_dag.py
[2025-01-18T00:31:36.238+0000] {logging_mixin.py:190} INFO - [2025-01-18T00:31:36.238+0000] {dag.py:3239} INFO - Sync 1 DAGs
[2025-01-18T00:31:36.271+0000] {logging_mixin.py:190} INFO - [2025-01-18T00:31:36.270+0000] {dag.py:4180} INFO - Setting next_dagrun for example_skip_dag to 2025-01-17 00:00:00+00:00, run_after=2025-01-18 00:00:00+00:00
[2025-01-18T00:31:36.300+0000] {processor.py:208} INFO - Processing /home/airflow/.local/lib/python3.12/site-packages/airflow/example_dags/example_skip_dag.py took 0.104 seconds
[2025-01-18T00:32:06.786+0000] {processor.py:186} INFO - Started process (PID=21594) to work on /home/airflow/.local/lib/python3.12/site-packages/airflow/example_dags/example_skip_dag.py
[2025-01-18T00:32:06.789+0000] {processor.py:914} INFO - Processing file /home/airflow/.local/lib/python3.12/site-packages/airflow/example_dags/example_skip_dag.py for tasks to queue
[2025-01-18T00:32:06.793+0000] {logging_mixin.py:190} INFO - [2025-01-18T00:32:06.792+0000] {dagbag.py:588} INFO - Filling up the DagBag from /home/airflow/.local/lib/python3.12/site-packages/airflow/example_dags/example_skip_dag.py
[2025-01-18T00:32:06.806+0000] {processor.py:925} INFO - DAG(s) 'example_skip_dag' retrieved from /home/airflow/.local/lib/python3.12/site-packages/airflow/example_dags/example_skip_dag.py
[2025-01-18T00:32:06.839+0000] {logging_mixin.py:190} INFO - [2025-01-18T00:32:06.839+0000] {dag.py:3239} INFO - Sync 1 DAGs
[2025-01-18T00:32:06.876+0000] {logging_mixin.py:190} INFO - [2025-01-18T00:32:06.876+0000] {dag.py:4180} INFO - Setting next_dagrun for example_skip_dag to 2025-01-17 00:00:00+00:00, run_after=2025-01-18 00:00:00+00:00
[2025-01-18T00:32:06.906+0000] {processor.py:208} INFO - Processing /home/airflow/.local/lib/python3.12/site-packages/airflow/example_dags/example_skip_dag.py took 0.130 seconds
[2025-01-18T00:32:37.023+0000] {processor.py:186} INFO - Started process (PID=21661) to work on /home/airflow/.local/lib/python3.12/site-packages/airflow/example_dags/example_skip_dag.py
[2025-01-18T00:32:37.034+0000] {processor.py:914} INFO - Processing file /home/airflow/.local/lib/python3.12/site-packages/airflow/example_dags/example_skip_dag.py for tasks to queue
[2025-01-18T00:32:37.037+0000] {logging_mixin.py:190} INFO - [2025-01-18T00:32:37.037+0000] {dagbag.py:588} INFO - Filling up the DagBag from /home/airflow/.local/lib/python3.12/site-packages/airflow/example_dags/example_skip_dag.py
[2025-01-18T00:32:37.046+0000] {processor.py:925} INFO - DAG(s) 'example_skip_dag' retrieved from /home/airflow/.local/lib/python3.12/site-packages/airflow/example_dags/example_skip_dag.py
[2025-01-18T00:32:37.076+0000] {logging_mixin.py:190} INFO - [2025-01-18T00:32:37.075+0000] {dag.py:3239} INFO - Sync 1 DAGs
[2025-01-18T00:32:37.116+0000] {logging_mixin.py:190} INFO - [2025-01-18T00:32:37.115+0000] {dag.py:4180} INFO - Setting next_dagrun for example_skip_dag to 2025-01-17 00:00:00+00:00, run_after=2025-01-18 00:00:00+00:00
[2025-01-18T00:32:37.143+0000] {processor.py:208} INFO - Processing /home/airflow/.local/lib/python3.12/site-packages/airflow/example_dags/example_skip_dag.py took 0.127 seconds
[2025-01-18T00:33:07.865+0000] {processor.py:186} INFO - Started process (PID=21734) to work on /home/airflow/.local/lib/python3.12/site-packages/airflow/example_dags/example_skip_dag.py
[2025-01-18T00:33:07.867+0000] {processor.py:914} INFO - Processing file /home/airflow/.local/lib/python3.12/site-packages/airflow/example_dags/example_skip_dag.py for tasks to queue
[2025-01-18T00:33:07.870+0000] {logging_mixin.py:190} INFO - [2025-01-18T00:33:07.870+0000] {dagbag.py:588} INFO - Filling up the DagBag from /home/airflow/.local/lib/python3.12/site-packages/airflow/example_dags/example_skip_dag.py
[2025-01-18T00:33:07.880+0000] {processor.py:925} INFO - DAG(s) 'example_skip_dag' retrieved from /home/airflow/.local/lib/python3.12/site-packages/airflow/example_dags/example_skip_dag.py
[2025-01-18T00:33:07.906+0000] {logging_mixin.py:190} INFO - [2025-01-18T00:33:07.906+0000] {dag.py:3239} INFO - Sync 1 DAGs
[2025-01-18T00:33:07.939+0000] {logging_mixin.py:190} INFO - [2025-01-18T00:33:07.939+0000] {dag.py:4180} INFO - Setting next_dagrun for example_skip_dag to 2025-01-17 00:00:00+00:00, run_after=2025-01-18 00:00:00+00:00
[2025-01-18T00:33:07.962+0000] {processor.py:208} INFO - Processing /home/airflow/.local/lib/python3.12/site-packages/airflow/example_dags/example_skip_dag.py took 0.106 seconds
[2025-01-18T00:33:38.217+0000] {processor.py:186} INFO - Started process (PID=21801) to work on /home/airflow/.local/lib/python3.12/site-packages/airflow/example_dags/example_skip_dag.py
[2025-01-18T00:33:38.219+0000] {processor.py:914} INFO - Processing file /home/airflow/.local/lib/python3.12/site-packages/airflow/example_dags/example_skip_dag.py for tasks to queue
[2025-01-18T00:33:38.221+0000] {logging_mixin.py:190} INFO - [2025-01-18T00:33:38.221+0000] {dagbag.py:588} INFO - Filling up the DagBag from /home/airflow/.local/lib/python3.12/site-packages/airflow/example_dags/example_skip_dag.py
[2025-01-18T00:33:38.228+0000] {processor.py:925} INFO - DAG(s) 'example_skip_dag' retrieved from /home/airflow/.local/lib/python3.12/site-packages/airflow/example_dags/example_skip_dag.py
[2025-01-18T00:33:38.247+0000] {logging_mixin.py:190} INFO - [2025-01-18T00:33:38.247+0000] {dag.py:3239} INFO - Sync 1 DAGs
[2025-01-18T00:33:38.269+0000] {logging_mixin.py:190} INFO - [2025-01-18T00:33:38.269+0000] {dag.py:4180} INFO - Setting next_dagrun for example_skip_dag to 2025-01-17 00:00:00+00:00, run_after=2025-01-18 00:00:00+00:00
[2025-01-18T00:33:38.290+0000] {processor.py:208} INFO - Processing /home/airflow/.local/lib/python3.12/site-packages/airflow/example_dags/example_skip_dag.py took 0.078 seconds
[2025-01-18T00:34:08.410+0000] {processor.py:186} INFO - Started process (PID=21869) to work on /home/airflow/.local/lib/python3.12/site-packages/airflow/example_dags/example_skip_dag.py
[2025-01-18T00:34:08.413+0000] {processor.py:914} INFO - Processing file /home/airflow/.local/lib/python3.12/site-packages/airflow/example_dags/example_skip_dag.py for tasks to queue
[2025-01-18T00:34:08.416+0000] {logging_mixin.py:190} INFO - [2025-01-18T00:34:08.416+0000] {dagbag.py:588} INFO - Filling up the DagBag from /home/airflow/.local/lib/python3.12/site-packages/airflow/example_dags/example_skip_dag.py
[2025-01-18T00:34:08.424+0000] {processor.py:925} INFO - DAG(s) 'example_skip_dag' retrieved from /home/airflow/.local/lib/python3.12/site-packages/airflow/example_dags/example_skip_dag.py
[2025-01-18T00:34:08.455+0000] {logging_mixin.py:190} INFO - [2025-01-18T00:34:08.454+0000] {dag.py:3239} INFO - Sync 1 DAGs
[2025-01-18T00:34:08.502+0000] {logging_mixin.py:190} INFO - [2025-01-18T00:34:08.501+0000] {dag.py:4180} INFO - Setting next_dagrun for example_skip_dag to 2025-01-17 00:00:00+00:00, run_after=2025-01-18 00:00:00+00:00
[2025-01-18T00:34:08.531+0000] {processor.py:208} INFO - Processing /home/airflow/.local/lib/python3.12/site-packages/airflow/example_dags/example_skip_dag.py took 0.126 seconds
[2025-01-18T00:34:39.342+0000] {processor.py:186} INFO - Started process (PID=21936) to work on /home/airflow/.local/lib/python3.12/site-packages/airflow/example_dags/example_skip_dag.py
[2025-01-18T00:34:39.345+0000] {processor.py:914} INFO - Processing file /home/airflow/.local/lib/python3.12/site-packages/airflow/example_dags/example_skip_dag.py for tasks to queue
[2025-01-18T00:34:39.347+0000] {logging_mixin.py:190} INFO - [2025-01-18T00:34:39.347+0000] {dagbag.py:588} INFO - Filling up the DagBag from /home/airflow/.local/lib/python3.12/site-packages/airflow/example_dags/example_skip_dag.py
[2025-01-18T00:34:39.355+0000] {processor.py:925} INFO - DAG(s) 'example_skip_dag' retrieved from /home/airflow/.local/lib/python3.12/site-packages/airflow/example_dags/example_skip_dag.py
[2025-01-18T00:34:39.376+0000] {logging_mixin.py:190} INFO - [2025-01-18T00:34:39.376+0000] {dag.py:3239} INFO - Sync 1 DAGs
[2025-01-18T00:34:39.402+0000] {logging_mixin.py:190} INFO - [2025-01-18T00:34:39.402+0000] {dag.py:4180} INFO - Setting next_dagrun for example_skip_dag to 2025-01-17 00:00:00+00:00, run_after=2025-01-18 00:00:00+00:00
[2025-01-18T00:34:39.425+0000] {processor.py:208} INFO - Processing /home/airflow/.local/lib/python3.12/site-packages/airflow/example_dags/example_skip_dag.py took 0.087 seconds
[2025-01-18T00:35:10.242+0000] {processor.py:186} INFO - Started process (PID=22003) to work on /home/airflow/.local/lib/python3.12/site-packages/airflow/example_dags/example_skip_dag.py
[2025-01-18T00:35:10.253+0000] {processor.py:914} INFO - Processing file /home/airflow/.local/lib/python3.12/site-packages/airflow/example_dags/example_skip_dag.py for tasks to queue
[2025-01-18T00:35:10.255+0000] {logging_mixin.py:190} INFO - [2025-01-18T00:35:10.255+0000] {dagbag.py:588} INFO - Filling up the DagBag from /home/airflow/.local/lib/python3.12/site-packages/airflow/example_dags/example_skip_dag.py
[2025-01-18T00:35:10.264+0000] {processor.py:925} INFO - DAG(s) 'example_skip_dag' retrieved from /home/airflow/.local/lib/python3.12/site-packages/airflow/example_dags/example_skip_dag.py
[2025-01-18T00:35:10.289+0000] {logging_mixin.py:190} INFO - [2025-01-18T00:35:10.289+0000] {dag.py:3239} INFO - Sync 1 DAGs
[2025-01-18T00:35:10.317+0000] {logging_mixin.py:190} INFO - [2025-01-18T00:35:10.317+0000] {dag.py:4180} INFO - Setting next_dagrun for example_skip_dag to 2025-01-17 00:00:00+00:00, run_after=2025-01-18 00:00:00+00:00
[2025-01-18T00:35:10.341+0000] {processor.py:208} INFO - Processing /home/airflow/.local/lib/python3.12/site-packages/airflow/example_dags/example_skip_dag.py took 0.105 seconds
[2025-01-18T00:35:40.545+0000] {processor.py:186} INFO - Started process (PID=22070) to work on /home/airflow/.local/lib/python3.12/site-packages/airflow/example_dags/example_skip_dag.py
[2025-01-18T00:35:40.546+0000] {processor.py:914} INFO - Processing file /home/airflow/.local/lib/python3.12/site-packages/airflow/example_dags/example_skip_dag.py for tasks to queue
[2025-01-18T00:35:40.548+0000] {logging_mixin.py:190} INFO - [2025-01-18T00:35:40.548+0000] {dagbag.py:588} INFO - Filling up the DagBag from /home/airflow/.local/lib/python3.12/site-packages/airflow/example_dags/example_skip_dag.py
[2025-01-18T00:35:40.554+0000] {processor.py:925} INFO - DAG(s) 'example_skip_dag' retrieved from /home/airflow/.local/lib/python3.12/site-packages/airflow/example_dags/example_skip_dag.py
[2025-01-18T00:35:40.574+0000] {logging_mixin.py:190} INFO - [2025-01-18T00:35:40.573+0000] {dag.py:3239} INFO - Sync 1 DAGs
[2025-01-18T00:35:40.594+0000] {logging_mixin.py:190} INFO - [2025-01-18T00:35:40.594+0000] {dag.py:4180} INFO - Setting next_dagrun for example_skip_dag to 2025-01-17 00:00:00+00:00, run_after=2025-01-18 00:00:00+00:00
[2025-01-18T00:35:40.611+0000] {processor.py:208} INFO - Processing /home/airflow/.local/lib/python3.12/site-packages/airflow/example_dags/example_skip_dag.py took 0.070 seconds
