[2025-01-18T00:00:30.097+0000] {processor.py:186} INFO - Started process (PID=17399) to work on /home/airflow/.local/lib/python3.12/site-packages/airflow/example_dags/example_python_decorator.py
[2025-01-18T00:00:30.098+0000] {processor.py:914} INFO - Processing file /home/airflow/.local/lib/python3.12/site-packages/airflow/example_dags/example_python_decorator.py for tasks to queue
[2025-01-18T00:00:30.101+0000] {logging_mixin.py:190} INFO - [2025-01-18T00:00:30.100+0000] {dagbag.py:588} INFO - Filling up the DagBag from /home/airflow/.local/lib/python3.12/site-packages/airflow/example_dags/example_python_decorator.py
[2025-01-18T00:00:30.135+0000] {processor.py:925} INFO - DAG(s) 'example_python_decorator' retrieved from /home/airflow/.local/lib/python3.12/site-packages/airflow/example_dags/example_python_decorator.py
[2025-01-18T00:00:30.179+0000] {logging_mixin.py:190} INFO - [2025-01-18T00:00:30.179+0000] {dag.py:3239} INFO - Sync 1 DAGs
[2025-01-18T00:00:30.205+0000] {logging_mixin.py:190} INFO - [2025-01-18T00:00:30.204+0000] {dag.py:4180} INFO - Setting next_dagrun for example_python_decorator to None, run_after=None
[2025-01-18T00:00:30.232+0000] {processor.py:208} INFO - Processing /home/airflow/.local/lib/python3.12/site-packages/airflow/example_dags/example_python_decorator.py took 0.144 seconds
[2025-01-18T00:01:00.763+0000] {processor.py:186} INFO - Started process (PID=17466) to work on /home/airflow/.local/lib/python3.12/site-packages/airflow/example_dags/example_python_decorator.py
[2025-01-18T00:01:00.764+0000] {processor.py:914} INFO - Processing file /home/airflow/.local/lib/python3.12/site-packages/airflow/example_dags/example_python_decorator.py for tasks to queue
[2025-01-18T00:01:00.766+0000] {logging_mixin.py:190} INFO - [2025-01-18T00:01:00.766+0000] {dagbag.py:588} INFO - Filling up the DagBag from /home/airflow/.local/lib/python3.12/site-packages/airflow/example_dags/example_python_decorator.py
[2025-01-18T00:01:00.779+0000] {processor.py:925} INFO - DAG(s) 'example_python_decorator' retrieved from /home/airflow/.local/lib/python3.12/site-packages/airflow/example_dags/example_python_decorator.py
[2025-01-18T00:01:00.801+0000] {logging_mixin.py:190} INFO - [2025-01-18T00:01:00.801+0000] {dag.py:3239} INFO - Sync 1 DAGs
[2025-01-18T00:01:00.815+0000] {logging_mixin.py:190} INFO - [2025-01-18T00:01:00.815+0000] {dag.py:4180} INFO - Setting next_dagrun for example_python_decorator to None, run_after=None
[2025-01-18T00:01:00.834+0000] {processor.py:208} INFO - Processing /home/airflow/.local/lib/python3.12/site-packages/airflow/example_dags/example_python_decorator.py took 0.076 seconds
[2025-01-18T00:01:31.733+0000] {processor.py:186} INFO - Started process (PID=17533) to work on /home/airflow/.local/lib/python3.12/site-packages/airflow/example_dags/example_python_decorator.py
[2025-01-18T00:01:31.734+0000] {processor.py:914} INFO - Processing file /home/airflow/.local/lib/python3.12/site-packages/airflow/example_dags/example_python_decorator.py for tasks to queue
[2025-01-18T00:01:31.736+0000] {logging_mixin.py:190} INFO - [2025-01-18T00:01:31.736+0000] {dagbag.py:588} INFO - Filling up the DagBag from /home/airflow/.local/lib/python3.12/site-packages/airflow/example_dags/example_python_decorator.py
[2025-01-18T00:01:31.751+0000] {processor.py:925} INFO - DAG(s) 'example_python_decorator' retrieved from /home/airflow/.local/lib/python3.12/site-packages/airflow/example_dags/example_python_decorator.py
[2025-01-18T00:01:31.773+0000] {logging_mixin.py:190} INFO - [2025-01-18T00:01:31.773+0000] {dag.py:3239} INFO - Sync 1 DAGs
[2025-01-18T00:01:31.794+0000] {logging_mixin.py:190} INFO - [2025-01-18T00:01:31.794+0000] {dag.py:4180} INFO - Setting next_dagrun for example_python_decorator to None, run_after=None
[2025-01-18T00:01:31.821+0000] {processor.py:208} INFO - Processing /home/airflow/.local/lib/python3.12/site-packages/airflow/example_dags/example_python_decorator.py took 0.093 seconds
[2025-01-18T00:02:01.876+0000] {processor.py:186} INFO - Started process (PID=17600) to work on /home/airflow/.local/lib/python3.12/site-packages/airflow/example_dags/example_python_decorator.py
[2025-01-18T00:02:01.879+0000] {processor.py:914} INFO - Processing file /home/airflow/.local/lib/python3.12/site-packages/airflow/example_dags/example_python_decorator.py for tasks to queue
[2025-01-18T00:02:01.881+0000] {logging_mixin.py:190} INFO - [2025-01-18T00:02:01.881+0000] {dagbag.py:588} INFO - Filling up the DagBag from /home/airflow/.local/lib/python3.12/site-packages/airflow/example_dags/example_python_decorator.py
[2025-01-18T00:02:01.897+0000] {processor.py:925} INFO - DAG(s) 'example_python_decorator' retrieved from /home/airflow/.local/lib/python3.12/site-packages/airflow/example_dags/example_python_decorator.py
[2025-01-18T00:02:01.926+0000] {logging_mixin.py:190} INFO - [2025-01-18T00:02:01.925+0000] {dag.py:3239} INFO - Sync 1 DAGs
[2025-01-18T00:02:01.950+0000] {logging_mixin.py:190} INFO - [2025-01-18T00:02:01.950+0000] {dag.py:4180} INFO - Setting next_dagrun for example_python_decorator to None, run_after=None
[2025-01-18T00:02:01.978+0000] {processor.py:208} INFO - Processing /home/airflow/.local/lib/python3.12/site-packages/airflow/example_dags/example_python_decorator.py took 0.109 seconds
[2025-01-18T00:02:32.015+0000] {processor.py:186} INFO - Started process (PID=17667) to work on /home/airflow/.local/lib/python3.12/site-packages/airflow/example_dags/example_python_decorator.py
[2025-01-18T00:02:32.016+0000] {processor.py:914} INFO - Processing file /home/airflow/.local/lib/python3.12/site-packages/airflow/example_dags/example_python_decorator.py for tasks to queue
[2025-01-18T00:02:32.018+0000] {logging_mixin.py:190} INFO - [2025-01-18T00:02:32.017+0000] {dagbag.py:588} INFO - Filling up the DagBag from /home/airflow/.local/lib/python3.12/site-packages/airflow/example_dags/example_python_decorator.py
[2025-01-18T00:02:32.031+0000] {processor.py:925} INFO - DAG(s) 'example_python_decorator' retrieved from /home/airflow/.local/lib/python3.12/site-packages/airflow/example_dags/example_python_decorator.py
[2025-01-18T00:02:32.051+0000] {logging_mixin.py:190} INFO - [2025-01-18T00:02:32.051+0000] {dag.py:3239} INFO - Sync 1 DAGs
[2025-01-18T00:02:32.065+0000] {logging_mixin.py:190} INFO - [2025-01-18T00:02:32.064+0000] {dag.py:4180} INFO - Setting next_dagrun for example_python_decorator to None, run_after=None
[2025-01-18T00:02:32.082+0000] {processor.py:208} INFO - Processing /home/airflow/.local/lib/python3.12/site-packages/airflow/example_dags/example_python_decorator.py took 0.073 seconds
[2025-01-18T00:03:02.232+0000] {processor.py:186} INFO - Started process (PID=17733) to work on /home/airflow/.local/lib/python3.12/site-packages/airflow/example_dags/example_python_decorator.py
[2025-01-18T00:03:02.234+0000] {processor.py:914} INFO - Processing file /home/airflow/.local/lib/python3.12/site-packages/airflow/example_dags/example_python_decorator.py for tasks to queue
[2025-01-18T00:03:02.237+0000] {logging_mixin.py:190} INFO - [2025-01-18T00:03:02.237+0000] {dagbag.py:588} INFO - Filling up the DagBag from /home/airflow/.local/lib/python3.12/site-packages/airflow/example_dags/example_python_decorator.py
[2025-01-18T00:03:02.252+0000] {processor.py:925} INFO - DAG(s) 'example_python_decorator' retrieved from /home/airflow/.local/lib/python3.12/site-packages/airflow/example_dags/example_python_decorator.py
[2025-01-18T00:03:02.278+0000] {logging_mixin.py:190} INFO - [2025-01-18T00:03:02.277+0000] {dag.py:3239} INFO - Sync 1 DAGs
[2025-01-18T00:03:02.294+0000] {logging_mixin.py:190} INFO - [2025-01-18T00:03:02.294+0000] {dag.py:4180} INFO - Setting next_dagrun for example_python_decorator to None, run_after=None
[2025-01-18T00:03:02.315+0000] {processor.py:208} INFO - Processing /home/airflow/.local/lib/python3.12/site-packages/airflow/example_dags/example_python_decorator.py took 0.089 seconds
[2025-01-18T00:03:32.785+0000] {processor.py:186} INFO - Started process (PID=17805) to work on /home/airflow/.local/lib/python3.12/site-packages/airflow/example_dags/example_python_decorator.py
[2025-01-18T00:03:32.787+0000] {processor.py:914} INFO - Processing file /home/airflow/.local/lib/python3.12/site-packages/airflow/example_dags/example_python_decorator.py for tasks to queue
[2025-01-18T00:03:32.790+0000] {logging_mixin.py:190} INFO - [2025-01-18T00:03:32.789+0000] {dagbag.py:588} INFO - Filling up the DagBag from /home/airflow/.local/lib/python3.12/site-packages/airflow/example_dags/example_python_decorator.py
[2025-01-18T00:03:32.807+0000] {processor.py:925} INFO - DAG(s) 'example_python_decorator' retrieved from /home/airflow/.local/lib/python3.12/site-packages/airflow/example_dags/example_python_decorator.py
[2025-01-18T00:03:32.835+0000] {logging_mixin.py:190} INFO - [2025-01-18T00:03:32.835+0000] {dag.py:3239} INFO - Sync 1 DAGs
[2025-01-18T00:03:32.852+0000] {logging_mixin.py:190} INFO - [2025-01-18T00:03:32.852+0000] {dag.py:4180} INFO - Setting next_dagrun for example_python_decorator to None, run_after=None
[2025-01-18T00:03:32.873+0000] {processor.py:208} INFO - Processing /home/airflow/.local/lib/python3.12/site-packages/airflow/example_dags/example_python_decorator.py took 0.093 seconds
[2025-01-18T00:04:03.078+0000] {processor.py:186} INFO - Started process (PID=17872) to work on /home/airflow/.local/lib/python3.12/site-packages/airflow/example_dags/example_python_decorator.py
[2025-01-18T00:04:03.079+0000] {processor.py:914} INFO - Processing file /home/airflow/.local/lib/python3.12/site-packages/airflow/example_dags/example_python_decorator.py for tasks to queue
[2025-01-18T00:04:03.082+0000] {logging_mixin.py:190} INFO - [2025-01-18T00:04:03.081+0000] {dagbag.py:588} INFO - Filling up the DagBag from /home/airflow/.local/lib/python3.12/site-packages/airflow/example_dags/example_python_decorator.py
[2025-01-18T00:04:03.098+0000] {processor.py:925} INFO - DAG(s) 'example_python_decorator' retrieved from /home/airflow/.local/lib/python3.12/site-packages/airflow/example_dags/example_python_decorator.py
[2025-01-18T00:04:03.123+0000] {logging_mixin.py:190} INFO - [2025-01-18T00:04:03.123+0000] {dag.py:3239} INFO - Sync 1 DAGs
[2025-01-18T00:04:03.140+0000] {logging_mixin.py:190} INFO - [2025-01-18T00:04:03.140+0000] {dag.py:4180} INFO - Setting next_dagrun for example_python_decorator to None, run_after=None
[2025-01-18T00:04:03.165+0000] {processor.py:208} INFO - Processing /home/airflow/.local/lib/python3.12/site-packages/airflow/example_dags/example_python_decorator.py took 0.092 seconds
[2025-01-18T00:04:33.871+0000] {processor.py:186} INFO - Started process (PID=17939) to work on /home/airflow/.local/lib/python3.12/site-packages/airflow/example_dags/example_python_decorator.py
[2025-01-18T00:04:33.872+0000] {processor.py:914} INFO - Processing file /home/airflow/.local/lib/python3.12/site-packages/airflow/example_dags/example_python_decorator.py for tasks to queue
[2025-01-18T00:04:33.876+0000] {logging_mixin.py:190} INFO - [2025-01-18T00:04:33.875+0000] {dagbag.py:588} INFO - Filling up the DagBag from /home/airflow/.local/lib/python3.12/site-packages/airflow/example_dags/example_python_decorator.py
[2025-01-18T00:04:33.903+0000] {processor.py:925} INFO - DAG(s) 'example_python_decorator' retrieved from /home/airflow/.local/lib/python3.12/site-packages/airflow/example_dags/example_python_decorator.py
[2025-01-18T00:04:33.938+0000] {logging_mixin.py:190} INFO - [2025-01-18T00:04:33.937+0000] {dag.py:3239} INFO - Sync 1 DAGs
[2025-01-18T00:04:33.960+0000] {logging_mixin.py:190} INFO - [2025-01-18T00:04:33.960+0000] {dag.py:4180} INFO - Setting next_dagrun for example_python_decorator to None, run_after=None
[2025-01-18T00:04:33.987+0000] {processor.py:208} INFO - Processing /home/airflow/.local/lib/python3.12/site-packages/airflow/example_dags/example_python_decorator.py took 0.125 seconds
[2025-01-18T00:05:04.100+0000] {processor.py:186} INFO - Started process (PID=18005) to work on /home/airflow/.local/lib/python3.12/site-packages/airflow/example_dags/example_python_decorator.py
[2025-01-18T00:05:04.101+0000] {processor.py:914} INFO - Processing file /home/airflow/.local/lib/python3.12/site-packages/airflow/example_dags/example_python_decorator.py for tasks to queue
[2025-01-18T00:05:04.104+0000] {logging_mixin.py:190} INFO - [2025-01-18T00:05:04.103+0000] {dagbag.py:588} INFO - Filling up the DagBag from /home/airflow/.local/lib/python3.12/site-packages/airflow/example_dags/example_python_decorator.py
[2025-01-18T00:05:04.115+0000] {processor.py:925} INFO - DAG(s) 'example_python_decorator' retrieved from /home/airflow/.local/lib/python3.12/site-packages/airflow/example_dags/example_python_decorator.py
[2025-01-18T00:05:04.135+0000] {logging_mixin.py:190} INFO - [2025-01-18T00:05:04.135+0000] {dag.py:3239} INFO - Sync 1 DAGs
[2025-01-18T00:05:04.148+0000] {logging_mixin.py:190} INFO - [2025-01-18T00:05:04.147+0000] {dag.py:4180} INFO - Setting next_dagrun for example_python_decorator to None, run_after=None
[2025-01-18T00:05:04.166+0000] {processor.py:208} INFO - Processing /home/airflow/.local/lib/python3.12/site-packages/airflow/example_dags/example_python_decorator.py took 0.071 seconds
[2025-01-18T00:05:34.848+0000] {processor.py:186} INFO - Started process (PID=18072) to work on /home/airflow/.local/lib/python3.12/site-packages/airflow/example_dags/example_python_decorator.py
[2025-01-18T00:05:34.850+0000] {processor.py:914} INFO - Processing file /home/airflow/.local/lib/python3.12/site-packages/airflow/example_dags/example_python_decorator.py for tasks to queue
[2025-01-18T00:05:34.853+0000] {logging_mixin.py:190} INFO - [2025-01-18T00:05:34.852+0000] {dagbag.py:588} INFO - Filling up the DagBag from /home/airflow/.local/lib/python3.12/site-packages/airflow/example_dags/example_python_decorator.py
[2025-01-18T00:05:34.869+0000] {processor.py:925} INFO - DAG(s) 'example_python_decorator' retrieved from /home/airflow/.local/lib/python3.12/site-packages/airflow/example_dags/example_python_decorator.py
[2025-01-18T00:05:34.896+0000] {logging_mixin.py:190} INFO - [2025-01-18T00:05:34.895+0000] {dag.py:3239} INFO - Sync 1 DAGs
[2025-01-18T00:05:34.912+0000] {logging_mixin.py:190} INFO - [2025-01-18T00:05:34.912+0000] {dag.py:4180} INFO - Setting next_dagrun for example_python_decorator to None, run_after=None
[2025-01-18T00:05:34.934+0000] {processor.py:208} INFO - Processing /home/airflow/.local/lib/python3.12/site-packages/airflow/example_dags/example_python_decorator.py took 0.092 seconds
[2025-01-18T00:06:05.146+0000] {processor.py:186} INFO - Started process (PID=18139) to work on /home/airflow/.local/lib/python3.12/site-packages/airflow/example_dags/example_python_decorator.py
[2025-01-18T00:06:05.158+0000] {processor.py:914} INFO - Processing file /home/airflow/.local/lib/python3.12/site-packages/airflow/example_dags/example_python_decorator.py for tasks to queue
[2025-01-18T00:06:05.160+0000] {logging_mixin.py:190} INFO - [2025-01-18T00:06:05.160+0000] {dagbag.py:588} INFO - Filling up the DagBag from /home/airflow/.local/lib/python3.12/site-packages/airflow/example_dags/example_python_decorator.py
[2025-01-18T00:06:05.178+0000] {processor.py:925} INFO - DAG(s) 'example_python_decorator' retrieved from /home/airflow/.local/lib/python3.12/site-packages/airflow/example_dags/example_python_decorator.py
[2025-01-18T00:06:05.203+0000] {logging_mixin.py:190} INFO - [2025-01-18T00:06:05.203+0000] {dag.py:3239} INFO - Sync 1 DAGs
[2025-01-18T00:06:05.221+0000] {logging_mixin.py:190} INFO - [2025-01-18T00:06:05.221+0000] {dag.py:4180} INFO - Setting next_dagrun for example_python_decorator to None, run_after=None
[2025-01-18T00:06:05.245+0000] {processor.py:208} INFO - Processing /home/airflow/.local/lib/python3.12/site-packages/airflow/example_dags/example_python_decorator.py took 0.105 seconds
[2025-01-18T00:06:35.550+0000] {processor.py:186} INFO - Started process (PID=18207) to work on /home/airflow/.local/lib/python3.12/site-packages/airflow/example_dags/example_python_decorator.py
[2025-01-18T00:06:35.551+0000] {processor.py:914} INFO - Processing file /home/airflow/.local/lib/python3.12/site-packages/airflow/example_dags/example_python_decorator.py for tasks to queue
[2025-01-18T00:06:35.554+0000] {logging_mixin.py:190} INFO - [2025-01-18T00:06:35.554+0000] {dagbag.py:588} INFO - Filling up the DagBag from /home/airflow/.local/lib/python3.12/site-packages/airflow/example_dags/example_python_decorator.py
[2025-01-18T00:06:35.572+0000] {processor.py:925} INFO - DAG(s) 'example_python_decorator' retrieved from /home/airflow/.local/lib/python3.12/site-packages/airflow/example_dags/example_python_decorator.py
[2025-01-18T00:06:35.605+0000] {logging_mixin.py:190} INFO - [2025-01-18T00:06:35.604+0000] {dag.py:3239} INFO - Sync 1 DAGs
[2025-01-18T00:06:35.624+0000] {logging_mixin.py:190} INFO - [2025-01-18T00:06:35.624+0000] {dag.py:4180} INFO - Setting next_dagrun for example_python_decorator to None, run_after=None
[2025-01-18T00:06:35.654+0000] {processor.py:208} INFO - Processing /home/airflow/.local/lib/python3.12/site-packages/airflow/example_dags/example_python_decorator.py took 0.113 seconds
[2025-01-18T00:07:05.815+0000] {processor.py:186} INFO - Started process (PID=18274) to work on /home/airflow/.local/lib/python3.12/site-packages/airflow/example_dags/example_python_decorator.py
[2025-01-18T00:07:05.816+0000] {processor.py:914} INFO - Processing file /home/airflow/.local/lib/python3.12/site-packages/airflow/example_dags/example_python_decorator.py for tasks to queue
[2025-01-18T00:07:05.819+0000] {logging_mixin.py:190} INFO - [2025-01-18T00:07:05.818+0000] {dagbag.py:588} INFO - Filling up the DagBag from /home/airflow/.local/lib/python3.12/site-packages/airflow/example_dags/example_python_decorator.py
[2025-01-18T00:07:05.834+0000] {processor.py:925} INFO - DAG(s) 'example_python_decorator' retrieved from /home/airflow/.local/lib/python3.12/site-packages/airflow/example_dags/example_python_decorator.py
[2025-01-18T00:07:05.856+0000] {logging_mixin.py:190} INFO - [2025-01-18T00:07:05.856+0000] {dag.py:3239} INFO - Sync 1 DAGs
[2025-01-18T00:07:05.873+0000] {logging_mixin.py:190} INFO - [2025-01-18T00:07:05.873+0000] {dag.py:4180} INFO - Setting next_dagrun for example_python_decorator to None, run_after=None
[2025-01-18T00:07:05.895+0000] {processor.py:208} INFO - Processing /home/airflow/.local/lib/python3.12/site-packages/airflow/example_dags/example_python_decorator.py took 0.085 seconds
[2025-01-18T00:07:36.005+0000] {processor.py:186} INFO - Started process (PID=18341) to work on /home/airflow/.local/lib/python3.12/site-packages/airflow/example_dags/example_python_decorator.py
[2025-01-18T00:07:36.006+0000] {processor.py:914} INFO - Processing file /home/airflow/.local/lib/python3.12/site-packages/airflow/example_dags/example_python_decorator.py for tasks to queue
[2025-01-18T00:07:36.012+0000] {logging_mixin.py:190} INFO - [2025-01-18T00:07:36.012+0000] {dagbag.py:588} INFO - Filling up the DagBag from /home/airflow/.local/lib/python3.12/site-packages/airflow/example_dags/example_python_decorator.py
[2025-01-18T00:07:36.041+0000] {processor.py:925} INFO - DAG(s) 'example_python_decorator' retrieved from /home/airflow/.local/lib/python3.12/site-packages/airflow/example_dags/example_python_decorator.py
[2025-01-18T00:07:36.072+0000] {logging_mixin.py:190} INFO - [2025-01-18T00:07:36.072+0000] {dag.py:3239} INFO - Sync 1 DAGs
[2025-01-18T00:07:36.091+0000] {logging_mixin.py:190} INFO - [2025-01-18T00:07:36.091+0000] {dag.py:4180} INFO - Setting next_dagrun for example_python_decorator to None, run_after=None
[2025-01-18T00:07:36.113+0000] {processor.py:208} INFO - Processing /home/airflow/.local/lib/python3.12/site-packages/airflow/example_dags/example_python_decorator.py took 0.119 seconds
[2025-01-18T00:08:06.314+0000] {processor.py:186} INFO - Started process (PID=18414) to work on /home/airflow/.local/lib/python3.12/site-packages/airflow/example_dags/example_python_decorator.py
[2025-01-18T00:08:06.317+0000] {processor.py:914} INFO - Processing file /home/airflow/.local/lib/python3.12/site-packages/airflow/example_dags/example_python_decorator.py for tasks to queue
[2025-01-18T00:08:06.323+0000] {logging_mixin.py:190} INFO - [2025-01-18T00:08:06.322+0000] {dagbag.py:588} INFO - Filling up the DagBag from /home/airflow/.local/lib/python3.12/site-packages/airflow/example_dags/example_python_decorator.py
[2025-01-18T00:08:06.345+0000] {processor.py:925} INFO - DAG(s) 'example_python_decorator' retrieved from /home/airflow/.local/lib/python3.12/site-packages/airflow/example_dags/example_python_decorator.py
[2025-01-18T00:08:06.381+0000] {logging_mixin.py:190} INFO - [2025-01-18T00:08:06.380+0000] {dag.py:3239} INFO - Sync 1 DAGs
[2025-01-18T00:08:06.405+0000] {logging_mixin.py:190} INFO - [2025-01-18T00:08:06.405+0000] {dag.py:4180} INFO - Setting next_dagrun for example_python_decorator to None, run_after=None
[2025-01-18T00:08:06.430+0000] {processor.py:208} INFO - Processing /home/airflow/.local/lib/python3.12/site-packages/airflow/example_dags/example_python_decorator.py took 0.130 seconds
[2025-01-18T00:08:36.607+0000] {processor.py:186} INFO - Started process (PID=18480) to work on /home/airflow/.local/lib/python3.12/site-packages/airflow/example_dags/example_python_decorator.py
[2025-01-18T00:08:36.610+0000] {processor.py:914} INFO - Processing file /home/airflow/.local/lib/python3.12/site-packages/airflow/example_dags/example_python_decorator.py for tasks to queue
[2025-01-18T00:08:36.614+0000] {logging_mixin.py:190} INFO - [2025-01-18T00:08:36.613+0000] {dagbag.py:588} INFO - Filling up the DagBag from /home/airflow/.local/lib/python3.12/site-packages/airflow/example_dags/example_python_decorator.py
[2025-01-18T00:08:36.638+0000] {processor.py:925} INFO - DAG(s) 'example_python_decorator' retrieved from /home/airflow/.local/lib/python3.12/site-packages/airflow/example_dags/example_python_decorator.py
[2025-01-18T00:08:36.676+0000] {logging_mixin.py:190} INFO - [2025-01-18T00:08:36.675+0000] {dag.py:3239} INFO - Sync 1 DAGs
[2025-01-18T00:08:36.704+0000] {logging_mixin.py:190} INFO - [2025-01-18T00:08:36.704+0000] {dag.py:4180} INFO - Setting next_dagrun for example_python_decorator to None, run_after=None
[2025-01-18T00:08:36.733+0000] {processor.py:208} INFO - Processing /home/airflow/.local/lib/python3.12/site-packages/airflow/example_dags/example_python_decorator.py took 0.134 seconds
[2025-01-18T00:09:06.833+0000] {processor.py:186} INFO - Started process (PID=18548) to work on /home/airflow/.local/lib/python3.12/site-packages/airflow/example_dags/example_python_decorator.py
[2025-01-18T00:09:06.836+0000] {processor.py:914} INFO - Processing file /home/airflow/.local/lib/python3.12/site-packages/airflow/example_dags/example_python_decorator.py for tasks to queue
[2025-01-18T00:09:06.839+0000] {logging_mixin.py:190} INFO - [2025-01-18T00:09:06.839+0000] {dagbag.py:588} INFO - Filling up the DagBag from /home/airflow/.local/lib/python3.12/site-packages/airflow/example_dags/example_python_decorator.py
[2025-01-18T00:09:06.869+0000] {processor.py:925} INFO - DAG(s) 'example_python_decorator' retrieved from /home/airflow/.local/lib/python3.12/site-packages/airflow/example_dags/example_python_decorator.py
[2025-01-18T00:09:06.916+0000] {logging_mixin.py:190} INFO - [2025-01-18T00:09:06.915+0000] {dag.py:3239} INFO - Sync 1 DAGs
[2025-01-18T00:09:06.951+0000] {logging_mixin.py:190} INFO - [2025-01-18T00:09:06.951+0000] {dag.py:4180} INFO - Setting next_dagrun for example_python_decorator to None, run_after=None
[2025-01-18T00:09:06.984+0000] {processor.py:208} INFO - Processing /home/airflow/.local/lib/python3.12/site-packages/airflow/example_dags/example_python_decorator.py took 0.160 seconds
[2025-01-18T00:09:37.076+0000] {processor.py:186} INFO - Started process (PID=18615) to work on /home/airflow/.local/lib/python3.12/site-packages/airflow/example_dags/example_python_decorator.py
[2025-01-18T00:09:37.078+0000] {processor.py:914} INFO - Processing file /home/airflow/.local/lib/python3.12/site-packages/airflow/example_dags/example_python_decorator.py for tasks to queue
[2025-01-18T00:09:37.082+0000] {logging_mixin.py:190} INFO - [2025-01-18T00:09:37.081+0000] {dagbag.py:588} INFO - Filling up the DagBag from /home/airflow/.local/lib/python3.12/site-packages/airflow/example_dags/example_python_decorator.py
[2025-01-18T00:09:37.104+0000] {processor.py:925} INFO - DAG(s) 'example_python_decorator' retrieved from /home/airflow/.local/lib/python3.12/site-packages/airflow/example_dags/example_python_decorator.py
[2025-01-18T00:09:37.141+0000] {logging_mixin.py:190} INFO - [2025-01-18T00:09:37.140+0000] {dag.py:3239} INFO - Sync 1 DAGs
[2025-01-18T00:09:37.168+0000] {logging_mixin.py:190} INFO - [2025-01-18T00:09:37.167+0000] {dag.py:4180} INFO - Setting next_dagrun for example_python_decorator to None, run_after=None
[2025-01-18T00:09:37.199+0000] {processor.py:208} INFO - Processing /home/airflow/.local/lib/python3.12/site-packages/airflow/example_dags/example_python_decorator.py took 0.130 seconds
[2025-01-18T00:10:07.303+0000] {processor.py:186} INFO - Started process (PID=18682) to work on /home/airflow/.local/lib/python3.12/site-packages/airflow/example_dags/example_python_decorator.py
[2025-01-18T00:10:07.304+0000] {processor.py:914} INFO - Processing file /home/airflow/.local/lib/python3.12/site-packages/airflow/example_dags/example_python_decorator.py for tasks to queue
[2025-01-18T00:10:07.308+0000] {logging_mixin.py:190} INFO - [2025-01-18T00:10:07.307+0000] {dagbag.py:588} INFO - Filling up the DagBag from /home/airflow/.local/lib/python3.12/site-packages/airflow/example_dags/example_python_decorator.py
[2025-01-18T00:10:07.327+0000] {processor.py:925} INFO - DAG(s) 'example_python_decorator' retrieved from /home/airflow/.local/lib/python3.12/site-packages/airflow/example_dags/example_python_decorator.py
[2025-01-18T00:10:07.362+0000] {logging_mixin.py:190} INFO - [2025-01-18T00:10:07.362+0000] {dag.py:3239} INFO - Sync 1 DAGs
[2025-01-18T00:10:07.391+0000] {logging_mixin.py:190} INFO - [2025-01-18T00:10:07.390+0000] {dag.py:4180} INFO - Setting next_dagrun for example_python_decorator to None, run_after=None
[2025-01-18T00:10:07.424+0000] {processor.py:208} INFO - Processing /home/airflow/.local/lib/python3.12/site-packages/airflow/example_dags/example_python_decorator.py took 0.128 seconds
[2025-01-18T00:10:37.782+0000] {processor.py:186} INFO - Started process (PID=18749) to work on /home/airflow/.local/lib/python3.12/site-packages/airflow/example_dags/example_python_decorator.py
[2025-01-18T00:10:37.783+0000] {processor.py:914} INFO - Processing file /home/airflow/.local/lib/python3.12/site-packages/airflow/example_dags/example_python_decorator.py for tasks to queue
[2025-01-18T00:10:37.786+0000] {logging_mixin.py:190} INFO - [2025-01-18T00:10:37.786+0000] {dagbag.py:588} INFO - Filling up the DagBag from /home/airflow/.local/lib/python3.12/site-packages/airflow/example_dags/example_python_decorator.py
[2025-01-18T00:10:37.804+0000] {processor.py:925} INFO - DAG(s) 'example_python_decorator' retrieved from /home/airflow/.local/lib/python3.12/site-packages/airflow/example_dags/example_python_decorator.py
[2025-01-18T00:10:37.833+0000] {logging_mixin.py:190} INFO - [2025-01-18T00:10:37.832+0000] {dag.py:3239} INFO - Sync 1 DAGs
[2025-01-18T00:10:37.851+0000] {logging_mixin.py:190} INFO - [2025-01-18T00:10:37.851+0000] {dag.py:4180} INFO - Setting next_dagrun for example_python_decorator to None, run_after=None
[2025-01-18T00:10:37.875+0000] {processor.py:208} INFO - Processing /home/airflow/.local/lib/python3.12/site-packages/airflow/example_dags/example_python_decorator.py took 0.100 seconds
[2025-01-18T00:11:08.801+0000] {processor.py:186} INFO - Started process (PID=18816) to work on /home/airflow/.local/lib/python3.12/site-packages/airflow/example_dags/example_python_decorator.py
[2025-01-18T00:11:08.804+0000] {processor.py:914} INFO - Processing file /home/airflow/.local/lib/python3.12/site-packages/airflow/example_dags/example_python_decorator.py for tasks to queue
[2025-01-18T00:11:08.807+0000] {logging_mixin.py:190} INFO - [2025-01-18T00:11:08.806+0000] {dagbag.py:588} INFO - Filling up the DagBag from /home/airflow/.local/lib/python3.12/site-packages/airflow/example_dags/example_python_decorator.py
[2025-01-18T00:11:08.824+0000] {processor.py:925} INFO - DAG(s) 'example_python_decorator' retrieved from /home/airflow/.local/lib/python3.12/site-packages/airflow/example_dags/example_python_decorator.py
[2025-01-18T00:11:08.851+0000] {logging_mixin.py:190} INFO - [2025-01-18T00:11:08.851+0000] {dag.py:3239} INFO - Sync 1 DAGs
[2025-01-18T00:11:08.869+0000] {logging_mixin.py:190} INFO - [2025-01-18T00:11:08.869+0000] {dag.py:4180} INFO - Setting next_dagrun for example_python_decorator to None, run_after=None
[2025-01-18T00:11:08.893+0000] {processor.py:208} INFO - Processing /home/airflow/.local/lib/python3.12/site-packages/airflow/example_dags/example_python_decorator.py took 0.097 seconds
[2025-01-18T00:11:39.129+0000] {processor.py:186} INFO - Started process (PID=18883) to work on /home/airflow/.local/lib/python3.12/site-packages/airflow/example_dags/example_python_decorator.py
[2025-01-18T00:11:39.131+0000] {processor.py:914} INFO - Processing file /home/airflow/.local/lib/python3.12/site-packages/airflow/example_dags/example_python_decorator.py for tasks to queue
[2025-01-18T00:11:39.135+0000] {logging_mixin.py:190} INFO - [2025-01-18T00:11:39.134+0000] {dagbag.py:588} INFO - Filling up the DagBag from /home/airflow/.local/lib/python3.12/site-packages/airflow/example_dags/example_python_decorator.py
[2025-01-18T00:11:39.173+0000] {processor.py:925} INFO - DAG(s) 'example_python_decorator' retrieved from /home/airflow/.local/lib/python3.12/site-packages/airflow/example_dags/example_python_decorator.py
[2025-01-18T00:11:39.218+0000] {logging_mixin.py:190} INFO - [2025-01-18T00:11:39.218+0000] {dag.py:3239} INFO - Sync 1 DAGs
[2025-01-18T00:11:39.250+0000] {logging_mixin.py:190} INFO - [2025-01-18T00:11:39.249+0000] {dag.py:4180} INFO - Setting next_dagrun for example_python_decorator to None, run_after=None
[2025-01-18T00:11:39.277+0000] {processor.py:208} INFO - Processing /home/airflow/.local/lib/python3.12/site-packages/airflow/example_dags/example_python_decorator.py took 0.164 seconds
[2025-01-18T00:12:09.462+0000] {processor.py:186} INFO - Started process (PID=18951) to work on /home/airflow/.local/lib/python3.12/site-packages/airflow/example_dags/example_python_decorator.py
[2025-01-18T00:12:09.463+0000] {processor.py:914} INFO - Processing file /home/airflow/.local/lib/python3.12/site-packages/airflow/example_dags/example_python_decorator.py for tasks to queue
[2025-01-18T00:12:09.465+0000] {logging_mixin.py:190} INFO - [2025-01-18T00:12:09.465+0000] {dagbag.py:588} INFO - Filling up the DagBag from /home/airflow/.local/lib/python3.12/site-packages/airflow/example_dags/example_python_decorator.py
[2025-01-18T00:12:09.505+0000] {processor.py:925} INFO - DAG(s) 'example_python_decorator' retrieved from /home/airflow/.local/lib/python3.12/site-packages/airflow/example_dags/example_python_decorator.py
[2025-01-18T00:12:09.537+0000] {logging_mixin.py:190} INFO - [2025-01-18T00:12:09.537+0000] {dag.py:3239} INFO - Sync 1 DAGs
[2025-01-18T00:12:09.559+0000] {logging_mixin.py:190} INFO - [2025-01-18T00:12:09.558+0000] {dag.py:4180} INFO - Setting next_dagrun for example_python_decorator to None, run_after=None
[2025-01-18T00:12:09.584+0000] {processor.py:208} INFO - Processing /home/airflow/.local/lib/python3.12/site-packages/airflow/example_dags/example_python_decorator.py took 0.129 seconds
[2025-01-18T00:12:39.819+0000] {processor.py:186} INFO - Started process (PID=19024) to work on /home/airflow/.local/lib/python3.12/site-packages/airflow/example_dags/example_python_decorator.py
[2025-01-18T00:12:39.821+0000] {processor.py:914} INFO - Processing file /home/airflow/.local/lib/python3.12/site-packages/airflow/example_dags/example_python_decorator.py for tasks to queue
[2025-01-18T00:12:39.824+0000] {logging_mixin.py:190} INFO - [2025-01-18T00:12:39.824+0000] {dagbag.py:588} INFO - Filling up the DagBag from /home/airflow/.local/lib/python3.12/site-packages/airflow/example_dags/example_python_decorator.py
[2025-01-18T00:12:39.844+0000] {processor.py:925} INFO - DAG(s) 'example_python_decorator' retrieved from /home/airflow/.local/lib/python3.12/site-packages/airflow/example_dags/example_python_decorator.py
[2025-01-18T00:12:39.872+0000] {logging_mixin.py:190} INFO - [2025-01-18T00:12:39.872+0000] {dag.py:3239} INFO - Sync 1 DAGs
[2025-01-18T00:12:39.889+0000] {logging_mixin.py:190} INFO - [2025-01-18T00:12:39.889+0000] {dag.py:4180} INFO - Setting next_dagrun for example_python_decorator to None, run_after=None
[2025-01-18T00:12:39.910+0000] {processor.py:208} INFO - Processing /home/airflow/.local/lib/python3.12/site-packages/airflow/example_dags/example_python_decorator.py took 0.101 seconds
[2025-01-18T00:13:10.782+0000] {processor.py:186} INFO - Started process (PID=19091) to work on /home/airflow/.local/lib/python3.12/site-packages/airflow/example_dags/example_python_decorator.py
[2025-01-18T00:13:10.792+0000] {processor.py:914} INFO - Processing file /home/airflow/.local/lib/python3.12/site-packages/airflow/example_dags/example_python_decorator.py for tasks to queue
[2025-01-18T00:13:10.795+0000] {logging_mixin.py:190} INFO - [2025-01-18T00:13:10.795+0000] {dagbag.py:588} INFO - Filling up the DagBag from /home/airflow/.local/lib/python3.12/site-packages/airflow/example_dags/example_python_decorator.py
[2025-01-18T00:13:10.814+0000] {processor.py:925} INFO - DAG(s) 'example_python_decorator' retrieved from /home/airflow/.local/lib/python3.12/site-packages/airflow/example_dags/example_python_decorator.py
[2025-01-18T00:13:10.848+0000] {logging_mixin.py:190} INFO - [2025-01-18T00:13:10.847+0000] {dag.py:3239} INFO - Sync 1 DAGs
[2025-01-18T00:13:10.870+0000] {logging_mixin.py:190} INFO - [2025-01-18T00:13:10.869+0000] {dag.py:4180} INFO - Setting next_dagrun for example_python_decorator to None, run_after=None
[2025-01-18T00:13:10.896+0000] {processor.py:208} INFO - Processing /home/airflow/.local/lib/python3.12/site-packages/airflow/example_dags/example_python_decorator.py took 0.120 seconds
[2025-01-18T00:13:41.023+0000] {processor.py:186} INFO - Started process (PID=19158) to work on /home/airflow/.local/lib/python3.12/site-packages/airflow/example_dags/example_python_decorator.py
[2025-01-18T00:13:41.034+0000] {processor.py:914} INFO - Processing file /home/airflow/.local/lib/python3.12/site-packages/airflow/example_dags/example_python_decorator.py for tasks to queue
[2025-01-18T00:13:41.037+0000] {logging_mixin.py:190} INFO - [2025-01-18T00:13:41.037+0000] {dagbag.py:588} INFO - Filling up the DagBag from /home/airflow/.local/lib/python3.12/site-packages/airflow/example_dags/example_python_decorator.py
[2025-01-18T00:13:41.066+0000] {processor.py:925} INFO - DAG(s) 'example_python_decorator' retrieved from /home/airflow/.local/lib/python3.12/site-packages/airflow/example_dags/example_python_decorator.py
[2025-01-18T00:13:41.129+0000] {logging_mixin.py:190} INFO - [2025-01-18T00:13:41.128+0000] {dag.py:3239} INFO - Sync 1 DAGs
[2025-01-18T00:13:41.167+0000] {logging_mixin.py:190} INFO - [2025-01-18T00:13:41.166+0000] {dag.py:4180} INFO - Setting next_dagrun for example_python_decorator to None, run_after=None
[2025-01-18T00:13:41.235+0000] {processor.py:208} INFO - Processing /home/airflow/.local/lib/python3.12/site-packages/airflow/example_dags/example_python_decorator.py took 0.220 seconds
[2025-01-18T00:14:11.662+0000] {processor.py:186} INFO - Started process (PID=19225) to work on /home/airflow/.local/lib/python3.12/site-packages/airflow/example_dags/example_python_decorator.py
[2025-01-18T00:14:11.665+0000] {processor.py:914} INFO - Processing file /home/airflow/.local/lib/python3.12/site-packages/airflow/example_dags/example_python_decorator.py for tasks to queue
[2025-01-18T00:14:11.667+0000] {logging_mixin.py:190} INFO - [2025-01-18T00:14:11.667+0000] {dagbag.py:588} INFO - Filling up the DagBag from /home/airflow/.local/lib/python3.12/site-packages/airflow/example_dags/example_python_decorator.py
[2025-01-18T00:14:11.682+0000] {processor.py:925} INFO - DAG(s) 'example_python_decorator' retrieved from /home/airflow/.local/lib/python3.12/site-packages/airflow/example_dags/example_python_decorator.py
[2025-01-18T00:14:11.707+0000] {logging_mixin.py:190} INFO - [2025-01-18T00:14:11.706+0000] {dag.py:3239} INFO - Sync 1 DAGs
[2025-01-18T00:14:11.722+0000] {logging_mixin.py:190} INFO - [2025-01-18T00:14:11.722+0000] {dag.py:4180} INFO - Setting next_dagrun for example_python_decorator to None, run_after=None
[2025-01-18T00:14:11.744+0000] {processor.py:208} INFO - Processing /home/airflow/.local/lib/python3.12/site-packages/airflow/example_dags/example_python_decorator.py took 0.088 seconds
[2025-01-18T00:14:42.103+0000] {processor.py:186} INFO - Started process (PID=19293) to work on /home/airflow/.local/lib/python3.12/site-packages/airflow/example_dags/example_python_decorator.py
[2025-01-18T00:14:42.106+0000] {processor.py:914} INFO - Processing file /home/airflow/.local/lib/python3.12/site-packages/airflow/example_dags/example_python_decorator.py for tasks to queue
[2025-01-18T00:14:42.108+0000] {logging_mixin.py:190} INFO - [2025-01-18T00:14:42.107+0000] {dagbag.py:588} INFO - Filling up the DagBag from /home/airflow/.local/lib/python3.12/site-packages/airflow/example_dags/example_python_decorator.py
[2025-01-18T00:14:42.121+0000] {processor.py:925} INFO - DAG(s) 'example_python_decorator' retrieved from /home/airflow/.local/lib/python3.12/site-packages/airflow/example_dags/example_python_decorator.py
[2025-01-18T00:14:42.146+0000] {logging_mixin.py:190} INFO - [2025-01-18T00:14:42.146+0000] {dag.py:3239} INFO - Sync 1 DAGs
[2025-01-18T00:14:42.164+0000] {logging_mixin.py:190} INFO - [2025-01-18T00:14:42.164+0000] {dag.py:4180} INFO - Setting next_dagrun for example_python_decorator to None, run_after=None
[2025-01-18T00:14:42.191+0000] {processor.py:208} INFO - Processing /home/airflow/.local/lib/python3.12/site-packages/airflow/example_dags/example_python_decorator.py took 0.092 seconds
[2025-01-18T00:15:12.351+0000] {processor.py:186} INFO - Started process (PID=19360) to work on /home/airflow/.local/lib/python3.12/site-packages/airflow/example_dags/example_python_decorator.py
[2025-01-18T00:15:12.353+0000] {processor.py:914} INFO - Processing file /home/airflow/.local/lib/python3.12/site-packages/airflow/example_dags/example_python_decorator.py for tasks to queue
[2025-01-18T00:15:12.356+0000] {logging_mixin.py:190} INFO - [2025-01-18T00:15:12.355+0000] {dagbag.py:588} INFO - Filling up the DagBag from /home/airflow/.local/lib/python3.12/site-packages/airflow/example_dags/example_python_decorator.py
[2025-01-18T00:15:12.369+0000] {processor.py:925} INFO - DAG(s) 'example_python_decorator' retrieved from /home/airflow/.local/lib/python3.12/site-packages/airflow/example_dags/example_python_decorator.py
[2025-01-18T00:15:12.395+0000] {logging_mixin.py:190} INFO - [2025-01-18T00:15:12.395+0000] {dag.py:3239} INFO - Sync 1 DAGs
[2025-01-18T00:15:12.417+0000] {logging_mixin.py:190} INFO - [2025-01-18T00:15:12.416+0000] {dag.py:4180} INFO - Setting next_dagrun for example_python_decorator to None, run_after=None
[2025-01-18T00:15:12.449+0000] {processor.py:208} INFO - Processing /home/airflow/.local/lib/python3.12/site-packages/airflow/example_dags/example_python_decorator.py took 0.103 seconds
[2025-01-18T00:15:42.705+0000] {processor.py:186} INFO - Started process (PID=19427) to work on /home/airflow/.local/lib/python3.12/site-packages/airflow/example_dags/example_python_decorator.py
[2025-01-18T00:15:42.716+0000] {processor.py:914} INFO - Processing file /home/airflow/.local/lib/python3.12/site-packages/airflow/example_dags/example_python_decorator.py for tasks to queue
[2025-01-18T00:15:42.718+0000] {logging_mixin.py:190} INFO - [2025-01-18T00:15:42.718+0000] {dagbag.py:588} INFO - Filling up the DagBag from /home/airflow/.local/lib/python3.12/site-packages/airflow/example_dags/example_python_decorator.py
[2025-01-18T00:15:42.731+0000] {processor.py:925} INFO - DAG(s) 'example_python_decorator' retrieved from /home/airflow/.local/lib/python3.12/site-packages/airflow/example_dags/example_python_decorator.py
[2025-01-18T00:15:42.756+0000] {logging_mixin.py:190} INFO - [2025-01-18T00:15:42.756+0000] {dag.py:3239} INFO - Sync 1 DAGs
[2025-01-18T00:15:42.771+0000] {logging_mixin.py:190} INFO - [2025-01-18T00:15:42.771+0000] {dag.py:4180} INFO - Setting next_dagrun for example_python_decorator to None, run_after=None
[2025-01-18T00:15:42.792+0000] {processor.py:208} INFO - Processing /home/airflow/.local/lib/python3.12/site-packages/airflow/example_dags/example_python_decorator.py took 0.091 seconds
[2025-01-18T00:16:13.170+0000] {processor.py:186} INFO - Started process (PID=19494) to work on /home/airflow/.local/lib/python3.12/site-packages/airflow/example_dags/example_python_decorator.py
[2025-01-18T00:16:13.171+0000] {processor.py:914} INFO - Processing file /home/airflow/.local/lib/python3.12/site-packages/airflow/example_dags/example_python_decorator.py for tasks to queue
[2025-01-18T00:16:13.173+0000] {logging_mixin.py:190} INFO - [2025-01-18T00:16:13.173+0000] {dagbag.py:588} INFO - Filling up the DagBag from /home/airflow/.local/lib/python3.12/site-packages/airflow/example_dags/example_python_decorator.py
[2025-01-18T00:16:13.193+0000] {processor.py:925} INFO - DAG(s) 'example_python_decorator' retrieved from /home/airflow/.local/lib/python3.12/site-packages/airflow/example_dags/example_python_decorator.py
[2025-01-18T00:16:13.228+0000] {logging_mixin.py:190} INFO - [2025-01-18T00:16:13.227+0000] {dag.py:3239} INFO - Sync 1 DAGs
[2025-01-18T00:16:13.269+0000] {logging_mixin.py:190} INFO - [2025-01-18T00:16:13.268+0000] {dag.py:4180} INFO - Setting next_dagrun for example_python_decorator to None, run_after=None
[2025-01-18T00:16:13.309+0000] {processor.py:208} INFO - Processing /home/airflow/.local/lib/python3.12/site-packages/airflow/example_dags/example_python_decorator.py took 0.146 seconds
[2025-01-18T00:16:43.560+0000] {processor.py:186} INFO - Started process (PID=19561) to work on /home/airflow/.local/lib/python3.12/site-packages/airflow/example_dags/example_python_decorator.py
[2025-01-18T00:16:43.562+0000] {processor.py:914} INFO - Processing file /home/airflow/.local/lib/python3.12/site-packages/airflow/example_dags/example_python_decorator.py for tasks to queue
[2025-01-18T00:16:43.565+0000] {logging_mixin.py:190} INFO - [2025-01-18T00:16:43.564+0000] {dagbag.py:588} INFO - Filling up the DagBag from /home/airflow/.local/lib/python3.12/site-packages/airflow/example_dags/example_python_decorator.py
[2025-01-18T00:16:43.583+0000] {processor.py:925} INFO - DAG(s) 'example_python_decorator' retrieved from /home/airflow/.local/lib/python3.12/site-packages/airflow/example_dags/example_python_decorator.py
[2025-01-18T00:16:43.612+0000] {logging_mixin.py:190} INFO - [2025-01-18T00:16:43.611+0000] {dag.py:3239} INFO - Sync 1 DAGs
[2025-01-18T00:16:43.631+0000] {logging_mixin.py:190} INFO - [2025-01-18T00:16:43.630+0000] {dag.py:4180} INFO - Setting next_dagrun for example_python_decorator to None, run_after=None
[2025-01-18T00:16:43.655+0000] {processor.py:208} INFO - Processing /home/airflow/.local/lib/python3.12/site-packages/airflow/example_dags/example_python_decorator.py took 0.102 seconds
[2025-01-18T00:17:14.242+0000] {processor.py:186} INFO - Started process (PID=19634) to work on /home/airflow/.local/lib/python3.12/site-packages/airflow/example_dags/example_python_decorator.py
[2025-01-18T00:17:14.244+0000] {processor.py:914} INFO - Processing file /home/airflow/.local/lib/python3.12/site-packages/airflow/example_dags/example_python_decorator.py for tasks to queue
[2025-01-18T00:17:14.247+0000] {logging_mixin.py:190} INFO - [2025-01-18T00:17:14.247+0000] {dagbag.py:588} INFO - Filling up the DagBag from /home/airflow/.local/lib/python3.12/site-packages/airflow/example_dags/example_python_decorator.py
[2025-01-18T00:17:14.267+0000] {processor.py:925} INFO - DAG(s) 'example_python_decorator' retrieved from /home/airflow/.local/lib/python3.12/site-packages/airflow/example_dags/example_python_decorator.py
[2025-01-18T00:17:14.296+0000] {logging_mixin.py:190} INFO - [2025-01-18T00:17:14.296+0000] {dag.py:3239} INFO - Sync 1 DAGs
[2025-01-18T00:17:14.316+0000] {logging_mixin.py:190} INFO - [2025-01-18T00:17:14.316+0000] {dag.py:4180} INFO - Setting next_dagrun for example_python_decorator to None, run_after=None
[2025-01-18T00:17:14.344+0000] {processor.py:208} INFO - Processing /home/airflow/.local/lib/python3.12/site-packages/airflow/example_dags/example_python_decorator.py took 0.111 seconds
[2025-01-18T00:17:45.050+0000] {processor.py:186} INFO - Started process (PID=19702) to work on /home/airflow/.local/lib/python3.12/site-packages/airflow/example_dags/example_python_decorator.py
[2025-01-18T00:17:45.052+0000] {processor.py:914} INFO - Processing file /home/airflow/.local/lib/python3.12/site-packages/airflow/example_dags/example_python_decorator.py for tasks to queue
[2025-01-18T00:17:45.054+0000] {logging_mixin.py:190} INFO - [2025-01-18T00:17:45.054+0000] {dagbag.py:588} INFO - Filling up the DagBag from /home/airflow/.local/lib/python3.12/site-packages/airflow/example_dags/example_python_decorator.py
[2025-01-18T00:17:45.073+0000] {processor.py:925} INFO - DAG(s) 'example_python_decorator' retrieved from /home/airflow/.local/lib/python3.12/site-packages/airflow/example_dags/example_python_decorator.py
[2025-01-18T00:17:45.101+0000] {logging_mixin.py:190} INFO - [2025-01-18T00:17:45.101+0000] {dag.py:3239} INFO - Sync 1 DAGs
[2025-01-18T00:17:45.124+0000] {logging_mixin.py:190} INFO - [2025-01-18T00:17:45.123+0000] {dag.py:4180} INFO - Setting next_dagrun for example_python_decorator to None, run_after=None
[2025-01-18T00:17:45.148+0000] {processor.py:208} INFO - Processing /home/airflow/.local/lib/python3.12/site-packages/airflow/example_dags/example_python_decorator.py took 0.105 seconds
[2025-01-18T00:18:15.390+0000] {processor.py:186} INFO - Started process (PID=19769) to work on /home/airflow/.local/lib/python3.12/site-packages/airflow/example_dags/example_python_decorator.py
[2025-01-18T00:18:15.393+0000] {processor.py:914} INFO - Processing file /home/airflow/.local/lib/python3.12/site-packages/airflow/example_dags/example_python_decorator.py for tasks to queue
[2025-01-18T00:18:15.395+0000] {logging_mixin.py:190} INFO - [2025-01-18T00:18:15.395+0000] {dagbag.py:588} INFO - Filling up the DagBag from /home/airflow/.local/lib/python3.12/site-packages/airflow/example_dags/example_python_decorator.py
[2025-01-18T00:18:15.412+0000] {processor.py:925} INFO - DAG(s) 'example_python_decorator' retrieved from /home/airflow/.local/lib/python3.12/site-packages/airflow/example_dags/example_python_decorator.py
[2025-01-18T00:18:15.440+0000] {logging_mixin.py:190} INFO - [2025-01-18T00:18:15.439+0000] {dag.py:3239} INFO - Sync 1 DAGs
[2025-01-18T00:18:15.459+0000] {logging_mixin.py:190} INFO - [2025-01-18T00:18:15.458+0000] {dag.py:4180} INFO - Setting next_dagrun for example_python_decorator to None, run_after=None
[2025-01-18T00:18:15.487+0000] {processor.py:208} INFO - Processing /home/airflow/.local/lib/python3.12/site-packages/airflow/example_dags/example_python_decorator.py took 0.104 seconds
[2025-01-18T00:18:45.935+0000] {processor.py:186} INFO - Started process (PID=19835) to work on /home/airflow/.local/lib/python3.12/site-packages/airflow/example_dags/example_python_decorator.py
[2025-01-18T00:18:45.937+0000] {processor.py:914} INFO - Processing file /home/airflow/.local/lib/python3.12/site-packages/airflow/example_dags/example_python_decorator.py for tasks to queue
[2025-01-18T00:18:45.939+0000] {logging_mixin.py:190} INFO - [2025-01-18T00:18:45.939+0000] {dagbag.py:588} INFO - Filling up the DagBag from /home/airflow/.local/lib/python3.12/site-packages/airflow/example_dags/example_python_decorator.py
[2025-01-18T00:18:45.956+0000] {processor.py:925} INFO - DAG(s) 'example_python_decorator' retrieved from /home/airflow/.local/lib/python3.12/site-packages/airflow/example_dags/example_python_decorator.py
[2025-01-18T00:18:45.988+0000] {logging_mixin.py:190} INFO - [2025-01-18T00:18:45.987+0000] {dag.py:3239} INFO - Sync 1 DAGs
[2025-01-18T00:18:46.012+0000] {logging_mixin.py:190} INFO - [2025-01-18T00:18:46.012+0000] {dag.py:4180} INFO - Setting next_dagrun for example_python_decorator to None, run_after=None
[2025-01-18T00:18:46.057+0000] {processor.py:208} INFO - Processing /home/airflow/.local/lib/python3.12/site-packages/airflow/example_dags/example_python_decorator.py took 0.127 seconds
[2025-01-18T00:19:16.599+0000] {processor.py:186} INFO - Started process (PID=19902) to work on /home/airflow/.local/lib/python3.12/site-packages/airflow/example_dags/example_python_decorator.py
[2025-01-18T00:19:16.600+0000] {processor.py:914} INFO - Processing file /home/airflow/.local/lib/python3.12/site-packages/airflow/example_dags/example_python_decorator.py for tasks to queue
[2025-01-18T00:19:16.603+0000] {logging_mixin.py:190} INFO - [2025-01-18T00:19:16.602+0000] {dagbag.py:588} INFO - Filling up the DagBag from /home/airflow/.local/lib/python3.12/site-packages/airflow/example_dags/example_python_decorator.py
[2025-01-18T00:19:16.617+0000] {processor.py:925} INFO - DAG(s) 'example_python_decorator' retrieved from /home/airflow/.local/lib/python3.12/site-packages/airflow/example_dags/example_python_decorator.py
[2025-01-18T00:19:16.646+0000] {logging_mixin.py:190} INFO - [2025-01-18T00:19:16.646+0000] {dag.py:3239} INFO - Sync 1 DAGs
[2025-01-18T00:19:16.665+0000] {logging_mixin.py:190} INFO - [2025-01-18T00:19:16.665+0000] {dag.py:4180} INFO - Setting next_dagrun for example_python_decorator to None, run_after=None
[2025-01-18T00:19:16.702+0000] {processor.py:208} INFO - Processing /home/airflow/.local/lib/python3.12/site-packages/airflow/example_dags/example_python_decorator.py took 0.110 seconds
[2025-01-18T00:19:46.783+0000] {processor.py:186} INFO - Started process (PID=19970) to work on /home/airflow/.local/lib/python3.12/site-packages/airflow/example_dags/example_python_decorator.py
[2025-01-18T00:19:46.785+0000] {processor.py:914} INFO - Processing file /home/airflow/.local/lib/python3.12/site-packages/airflow/example_dags/example_python_decorator.py for tasks to queue
[2025-01-18T00:19:46.787+0000] {logging_mixin.py:190} INFO - [2025-01-18T00:19:46.786+0000] {dagbag.py:588} INFO - Filling up the DagBag from /home/airflow/.local/lib/python3.12/site-packages/airflow/example_dags/example_python_decorator.py
[2025-01-18T00:19:46.804+0000] {processor.py:925} INFO - DAG(s) 'example_python_decorator' retrieved from /home/airflow/.local/lib/python3.12/site-packages/airflow/example_dags/example_python_decorator.py
[2025-01-18T00:19:46.831+0000] {logging_mixin.py:190} INFO - [2025-01-18T00:19:46.830+0000] {dag.py:3239} INFO - Sync 1 DAGs
[2025-01-18T00:19:46.849+0000] {logging_mixin.py:190} INFO - [2025-01-18T00:19:46.849+0000] {dag.py:4180} INFO - Setting next_dagrun for example_python_decorator to None, run_after=None
[2025-01-18T00:19:46.876+0000] {processor.py:208} INFO - Processing /home/airflow/.local/lib/python3.12/site-packages/airflow/example_dags/example_python_decorator.py took 0.100 seconds
[2025-01-18T00:20:17.770+0000] {processor.py:186} INFO - Started process (PID=20036) to work on /home/airflow/.local/lib/python3.12/site-packages/airflow/example_dags/example_python_decorator.py
[2025-01-18T00:20:17.772+0000] {processor.py:914} INFO - Processing file /home/airflow/.local/lib/python3.12/site-packages/airflow/example_dags/example_python_decorator.py for tasks to queue
[2025-01-18T00:20:17.775+0000] {logging_mixin.py:190} INFO - [2025-01-18T00:20:17.774+0000] {dagbag.py:588} INFO - Filling up the DagBag from /home/airflow/.local/lib/python3.12/site-packages/airflow/example_dags/example_python_decorator.py
[2025-01-18T00:20:17.791+0000] {processor.py:925} INFO - DAG(s) 'example_python_decorator' retrieved from /home/airflow/.local/lib/python3.12/site-packages/airflow/example_dags/example_python_decorator.py
[2025-01-18T00:20:17.818+0000] {logging_mixin.py:190} INFO - [2025-01-18T00:20:17.818+0000] {dag.py:3239} INFO - Sync 1 DAGs
[2025-01-18T00:20:17.836+0000] {logging_mixin.py:190} INFO - [2025-01-18T00:20:17.836+0000] {dag.py:4180} INFO - Setting next_dagrun for example_python_decorator to None, run_after=None
[2025-01-18T00:20:17.862+0000] {processor.py:208} INFO - Processing /home/airflow/.local/lib/python3.12/site-packages/airflow/example_dags/example_python_decorator.py took 0.098 seconds
[2025-01-18T00:20:48.745+0000] {processor.py:186} INFO - Started process (PID=20103) to work on /home/airflow/.local/lib/python3.12/site-packages/airflow/example_dags/example_python_decorator.py
[2025-01-18T00:20:48.746+0000] {processor.py:914} INFO - Processing file /home/airflow/.local/lib/python3.12/site-packages/airflow/example_dags/example_python_decorator.py for tasks to queue
[2025-01-18T00:20:48.748+0000] {logging_mixin.py:190} INFO - [2025-01-18T00:20:48.748+0000] {dagbag.py:588} INFO - Filling up the DagBag from /home/airflow/.local/lib/python3.12/site-packages/airflow/example_dags/example_python_decorator.py
[2025-01-18T00:20:48.766+0000] {processor.py:925} INFO - DAG(s) 'example_python_decorator' retrieved from /home/airflow/.local/lib/python3.12/site-packages/airflow/example_dags/example_python_decorator.py
[2025-01-18T00:20:48.793+0000] {logging_mixin.py:190} INFO - [2025-01-18T00:20:48.793+0000] {dag.py:3239} INFO - Sync 1 DAGs
[2025-01-18T00:20:48.811+0000] {logging_mixin.py:190} INFO - [2025-01-18T00:20:48.811+0000] {dag.py:4180} INFO - Setting next_dagrun for example_python_decorator to None, run_after=None
[2025-01-18T00:20:48.839+0000] {processor.py:208} INFO - Processing /home/airflow/.local/lib/python3.12/site-packages/airflow/example_dags/example_python_decorator.py took 0.099 seconds
[2025-01-18T00:21:18.935+0000] {processor.py:186} INFO - Started process (PID=20171) to work on /home/airflow/.local/lib/python3.12/site-packages/airflow/example_dags/example_python_decorator.py
[2025-01-18T00:21:18.937+0000] {processor.py:914} INFO - Processing file /home/airflow/.local/lib/python3.12/site-packages/airflow/example_dags/example_python_decorator.py for tasks to queue
[2025-01-18T00:21:18.939+0000] {logging_mixin.py:190} INFO - [2025-01-18T00:21:18.938+0000] {dagbag.py:588} INFO - Filling up the DagBag from /home/airflow/.local/lib/python3.12/site-packages/airflow/example_dags/example_python_decorator.py
[2025-01-18T00:21:18.952+0000] {processor.py:925} INFO - DAG(s) 'example_python_decorator' retrieved from /home/airflow/.local/lib/python3.12/site-packages/airflow/example_dags/example_python_decorator.py
[2025-01-18T00:21:18.976+0000] {logging_mixin.py:190} INFO - [2025-01-18T00:21:18.976+0000] {dag.py:3239} INFO - Sync 1 DAGs
[2025-01-18T00:21:18.993+0000] {logging_mixin.py:190} INFO - [2025-01-18T00:21:18.993+0000] {dag.py:4180} INFO - Setting next_dagrun for example_python_decorator to None, run_after=None
[2025-01-18T00:21:19.017+0000] {processor.py:208} INFO - Processing /home/airflow/.local/lib/python3.12/site-packages/airflow/example_dags/example_python_decorator.py took 0.086 seconds
[2025-01-18T00:21:49.460+0000] {processor.py:186} INFO - Started process (PID=20238) to work on /home/airflow/.local/lib/python3.12/site-packages/airflow/example_dags/example_python_decorator.py
[2025-01-18T00:21:49.461+0000] {processor.py:914} INFO - Processing file /home/airflow/.local/lib/python3.12/site-packages/airflow/example_dags/example_python_decorator.py for tasks to queue
[2025-01-18T00:21:49.464+0000] {logging_mixin.py:190} INFO - [2025-01-18T00:21:49.463+0000] {dagbag.py:588} INFO - Filling up the DagBag from /home/airflow/.local/lib/python3.12/site-packages/airflow/example_dags/example_python_decorator.py
[2025-01-18T00:21:49.480+0000] {processor.py:925} INFO - DAG(s) 'example_python_decorator' retrieved from /home/airflow/.local/lib/python3.12/site-packages/airflow/example_dags/example_python_decorator.py
[2025-01-18T00:21:49.506+0000] {logging_mixin.py:190} INFO - [2025-01-18T00:21:49.506+0000] {dag.py:3239} INFO - Sync 1 DAGs
[2025-01-18T00:21:49.523+0000] {logging_mixin.py:190} INFO - [2025-01-18T00:21:49.522+0000] {dag.py:4180} INFO - Setting next_dagrun for example_python_decorator to None, run_after=None
[2025-01-18T00:21:49.551+0000] {processor.py:208} INFO - Processing /home/airflow/.local/lib/python3.12/site-packages/airflow/example_dags/example_python_decorator.py took 0.098 seconds
[2025-01-18T00:22:20.142+0000] {processor.py:186} INFO - Started process (PID=20304) to work on /home/airflow/.local/lib/python3.12/site-packages/airflow/example_dags/example_python_decorator.py
[2025-01-18T00:22:20.143+0000] {processor.py:914} INFO - Processing file /home/airflow/.local/lib/python3.12/site-packages/airflow/example_dags/example_python_decorator.py for tasks to queue
[2025-01-18T00:22:20.146+0000] {logging_mixin.py:190} INFO - [2025-01-18T00:22:20.146+0000] {dagbag.py:588} INFO - Filling up the DagBag from /home/airflow/.local/lib/python3.12/site-packages/airflow/example_dags/example_python_decorator.py
[2025-01-18T00:22:20.161+0000] {processor.py:925} INFO - DAG(s) 'example_python_decorator' retrieved from /home/airflow/.local/lib/python3.12/site-packages/airflow/example_dags/example_python_decorator.py
[2025-01-18T00:22:20.186+0000] {logging_mixin.py:190} INFO - [2025-01-18T00:22:20.186+0000] {dag.py:3239} INFO - Sync 1 DAGs
[2025-01-18T00:22:20.207+0000] {logging_mixin.py:190} INFO - [2025-01-18T00:22:20.206+0000] {dag.py:4180} INFO - Setting next_dagrun for example_python_decorator to None, run_after=None
[2025-01-18T00:22:20.232+0000] {processor.py:208} INFO - Processing /home/airflow/.local/lib/python3.12/site-packages/airflow/example_dags/example_python_decorator.py took 0.096 seconds
[2025-01-18T00:22:51.041+0000] {processor.py:186} INFO - Started process (PID=20374) to work on /home/airflow/.local/lib/python3.12/site-packages/airflow/example_dags/example_python_decorator.py
[2025-01-18T00:22:51.043+0000] {processor.py:914} INFO - Processing file /home/airflow/.local/lib/python3.12/site-packages/airflow/example_dags/example_python_decorator.py for tasks to queue
[2025-01-18T00:22:51.047+0000] {logging_mixin.py:190} INFO - [2025-01-18T00:22:51.046+0000] {dagbag.py:588} INFO - Filling up the DagBag from /home/airflow/.local/lib/python3.12/site-packages/airflow/example_dags/example_python_decorator.py
[2025-01-18T00:22:51.077+0000] {processor.py:925} INFO - DAG(s) 'example_python_decorator' retrieved from /home/airflow/.local/lib/python3.12/site-packages/airflow/example_dags/example_python_decorator.py
[2025-01-18T00:22:51.119+0000] {logging_mixin.py:190} INFO - [2025-01-18T00:22:51.118+0000] {dag.py:3239} INFO - Sync 1 DAGs
[2025-01-18T00:22:51.143+0000] {logging_mixin.py:190} INFO - [2025-01-18T00:22:51.143+0000] {dag.py:4180} INFO - Setting next_dagrun for example_python_decorator to None, run_after=None
[2025-01-18T00:22:51.183+0000] {processor.py:208} INFO - Processing /home/airflow/.local/lib/python3.12/site-packages/airflow/example_dags/example_python_decorator.py took 0.156 seconds
[2025-01-18T00:23:21.598+0000] {processor.py:186} INFO - Started process (PID=20441) to work on /home/airflow/.local/lib/python3.12/site-packages/airflow/example_dags/example_python_decorator.py
[2025-01-18T00:23:21.601+0000] {processor.py:914} INFO - Processing file /home/airflow/.local/lib/python3.12/site-packages/airflow/example_dags/example_python_decorator.py for tasks to queue
[2025-01-18T00:23:21.603+0000] {logging_mixin.py:190} INFO - [2025-01-18T00:23:21.603+0000] {dagbag.py:588} INFO - Filling up the DagBag from /home/airflow/.local/lib/python3.12/site-packages/airflow/example_dags/example_python_decorator.py
[2025-01-18T00:23:21.617+0000] {processor.py:925} INFO - DAG(s) 'example_python_decorator' retrieved from /home/airflow/.local/lib/python3.12/site-packages/airflow/example_dags/example_python_decorator.py
[2025-01-18T00:23:21.643+0000] {logging_mixin.py:190} INFO - [2025-01-18T00:23:21.642+0000] {dag.py:3239} INFO - Sync 1 DAGs
[2025-01-18T00:23:21.659+0000] {logging_mixin.py:190} INFO - [2025-01-18T00:23:21.659+0000] {dag.py:4180} INFO - Setting next_dagrun for example_python_decorator to None, run_after=None
[2025-01-18T00:23:21.683+0000] {processor.py:208} INFO - Processing /home/airflow/.local/lib/python3.12/site-packages/airflow/example_dags/example_python_decorator.py took 0.091 seconds
[2025-01-18T00:23:52.118+0000] {processor.py:186} INFO - Started process (PID=20508) to work on /home/airflow/.local/lib/python3.12/site-packages/airflow/example_dags/example_python_decorator.py
[2025-01-18T00:23:52.119+0000] {processor.py:914} INFO - Processing file /home/airflow/.local/lib/python3.12/site-packages/airflow/example_dags/example_python_decorator.py for tasks to queue
[2025-01-18T00:23:52.122+0000] {logging_mixin.py:190} INFO - [2025-01-18T00:23:52.121+0000] {dagbag.py:588} INFO - Filling up the DagBag from /home/airflow/.local/lib/python3.12/site-packages/airflow/example_dags/example_python_decorator.py
[2025-01-18T00:23:52.138+0000] {processor.py:925} INFO - DAG(s) 'example_python_decorator' retrieved from /home/airflow/.local/lib/python3.12/site-packages/airflow/example_dags/example_python_decorator.py
[2025-01-18T00:23:52.164+0000] {logging_mixin.py:190} INFO - [2025-01-18T00:23:52.164+0000] {dag.py:3239} INFO - Sync 1 DAGs
[2025-01-18T00:23:52.181+0000] {logging_mixin.py:190} INFO - [2025-01-18T00:23:52.181+0000] {dag.py:4180} INFO - Setting next_dagrun for example_python_decorator to None, run_after=None
[2025-01-18T00:23:52.210+0000] {processor.py:208} INFO - Processing /home/airflow/.local/lib/python3.12/site-packages/airflow/example_dags/example_python_decorator.py took 0.099 seconds
[2025-01-18T00:24:22.879+0000] {processor.py:186} INFO - Started process (PID=20575) to work on /home/airflow/.local/lib/python3.12/site-packages/airflow/example_dags/example_python_decorator.py
[2025-01-18T00:24:22.890+0000] {processor.py:914} INFO - Processing file /home/airflow/.local/lib/python3.12/site-packages/airflow/example_dags/example_python_decorator.py for tasks to queue
[2025-01-18T00:24:22.893+0000] {logging_mixin.py:190} INFO - [2025-01-18T00:24:22.892+0000] {dagbag.py:588} INFO - Filling up the DagBag from /home/airflow/.local/lib/python3.12/site-packages/airflow/example_dags/example_python_decorator.py
[2025-01-18T00:24:22.905+0000] {processor.py:925} INFO - DAG(s) 'example_python_decorator' retrieved from /home/airflow/.local/lib/python3.12/site-packages/airflow/example_dags/example_python_decorator.py
[2025-01-18T00:24:22.927+0000] {logging_mixin.py:190} INFO - [2025-01-18T00:24:22.926+0000] {dag.py:3239} INFO - Sync 1 DAGs
[2025-01-18T00:24:22.940+0000] {logging_mixin.py:190} INFO - [2025-01-18T00:24:22.940+0000] {dag.py:4180} INFO - Setting next_dagrun for example_python_decorator to None, run_after=None
[2025-01-18T00:24:22.963+0000] {processor.py:208} INFO - Processing /home/airflow/.local/lib/python3.12/site-packages/airflow/example_dags/example_python_decorator.py took 0.089 seconds
[2025-01-18T00:24:53.502+0000] {processor.py:186} INFO - Started process (PID=20642) to work on /home/airflow/.local/lib/python3.12/site-packages/airflow/example_dags/example_python_decorator.py
[2025-01-18T00:24:53.503+0000] {processor.py:914} INFO - Processing file /home/airflow/.local/lib/python3.12/site-packages/airflow/example_dags/example_python_decorator.py for tasks to queue
[2025-01-18T00:24:53.505+0000] {logging_mixin.py:190} INFO - [2025-01-18T00:24:53.505+0000] {dagbag.py:588} INFO - Filling up the DagBag from /home/airflow/.local/lib/python3.12/site-packages/airflow/example_dags/example_python_decorator.py
[2025-01-18T00:24:53.520+0000] {processor.py:925} INFO - DAG(s) 'example_python_decorator' retrieved from /home/airflow/.local/lib/python3.12/site-packages/airflow/example_dags/example_python_decorator.py
[2025-01-18T00:24:53.544+0000] {logging_mixin.py:190} INFO - [2025-01-18T00:24:53.543+0000] {dag.py:3239} INFO - Sync 1 DAGs
[2025-01-18T00:24:53.558+0000] {logging_mixin.py:190} INFO - [2025-01-18T00:24:53.558+0000] {dag.py:4180} INFO - Setting next_dagrun for example_python_decorator to None, run_after=None
[2025-01-18T00:24:53.583+0000] {processor.py:208} INFO - Processing /home/airflow/.local/lib/python3.12/site-packages/airflow/example_dags/example_python_decorator.py took 0.087 seconds
[2025-01-18T00:25:24.186+0000] {processor.py:186} INFO - Started process (PID=20715) to work on /home/airflow/.local/lib/python3.12/site-packages/airflow/example_dags/example_python_decorator.py
[2025-01-18T00:25:24.188+0000] {processor.py:914} INFO - Processing file /home/airflow/.local/lib/python3.12/site-packages/airflow/example_dags/example_python_decorator.py for tasks to queue
[2025-01-18T00:25:24.190+0000] {logging_mixin.py:190} INFO - [2025-01-18T00:25:24.190+0000] {dagbag.py:588} INFO - Filling up the DagBag from /home/airflow/.local/lib/python3.12/site-packages/airflow/example_dags/example_python_decorator.py
[2025-01-18T00:25:24.203+0000] {processor.py:925} INFO - DAG(s) 'example_python_decorator' retrieved from /home/airflow/.local/lib/python3.12/site-packages/airflow/example_dags/example_python_decorator.py
[2025-01-18T00:25:24.226+0000] {logging_mixin.py:190} INFO - [2025-01-18T00:25:24.226+0000] {dag.py:3239} INFO - Sync 1 DAGs
[2025-01-18T00:25:24.242+0000] {logging_mixin.py:190} INFO - [2025-01-18T00:25:24.241+0000] {dag.py:4180} INFO - Setting next_dagrun for example_python_decorator to None, run_after=None
[2025-01-18T00:25:24.265+0000] {processor.py:208} INFO - Processing /home/airflow/.local/lib/python3.12/site-packages/airflow/example_dags/example_python_decorator.py took 0.085 seconds
[2025-01-18T00:25:54.630+0000] {processor.py:186} INFO - Started process (PID=20782) to work on /home/airflow/.local/lib/python3.12/site-packages/airflow/example_dags/example_python_decorator.py
[2025-01-18T00:25:54.631+0000] {processor.py:914} INFO - Processing file /home/airflow/.local/lib/python3.12/site-packages/airflow/example_dags/example_python_decorator.py for tasks to queue
[2025-01-18T00:25:54.633+0000] {logging_mixin.py:190} INFO - [2025-01-18T00:25:54.633+0000] {dagbag.py:588} INFO - Filling up the DagBag from /home/airflow/.local/lib/python3.12/site-packages/airflow/example_dags/example_python_decorator.py
[2025-01-18T00:25:54.647+0000] {processor.py:925} INFO - DAG(s) 'example_python_decorator' retrieved from /home/airflow/.local/lib/python3.12/site-packages/airflow/example_dags/example_python_decorator.py
[2025-01-18T00:25:54.670+0000] {logging_mixin.py:190} INFO - [2025-01-18T00:25:54.670+0000] {dag.py:3239} INFO - Sync 1 DAGs
[2025-01-18T00:25:54.686+0000] {logging_mixin.py:190} INFO - [2025-01-18T00:25:54.686+0000] {dag.py:4180} INFO - Setting next_dagrun for example_python_decorator to None, run_after=None
[2025-01-18T00:25:54.708+0000] {processor.py:208} INFO - Processing /home/airflow/.local/lib/python3.12/site-packages/airflow/example_dags/example_python_decorator.py took 0.084 seconds
[2025-01-18T00:26:25.560+0000] {processor.py:186} INFO - Started process (PID=20849) to work on /home/airflow/.local/lib/python3.12/site-packages/airflow/example_dags/example_python_decorator.py
[2025-01-18T00:26:25.561+0000] {processor.py:914} INFO - Processing file /home/airflow/.local/lib/python3.12/site-packages/airflow/example_dags/example_python_decorator.py for tasks to queue
[2025-01-18T00:26:25.564+0000] {logging_mixin.py:190} INFO - [2025-01-18T00:26:25.563+0000] {dagbag.py:588} INFO - Filling up the DagBag from /home/airflow/.local/lib/python3.12/site-packages/airflow/example_dags/example_python_decorator.py
[2025-01-18T00:26:25.578+0000] {processor.py:925} INFO - DAG(s) 'example_python_decorator' retrieved from /home/airflow/.local/lib/python3.12/site-packages/airflow/example_dags/example_python_decorator.py
[2025-01-18T00:26:25.602+0000] {logging_mixin.py:190} INFO - [2025-01-18T00:26:25.601+0000] {dag.py:3239} INFO - Sync 1 DAGs
[2025-01-18T00:26:25.618+0000] {logging_mixin.py:190} INFO - [2025-01-18T00:26:25.617+0000] {dag.py:4180} INFO - Setting next_dagrun for example_python_decorator to None, run_after=None
[2025-01-18T00:26:25.638+0000] {processor.py:208} INFO - Processing /home/airflow/.local/lib/python3.12/site-packages/airflow/example_dags/example_python_decorator.py took 0.083 seconds
[2025-01-18T00:26:55.802+0000] {processor.py:186} INFO - Started process (PID=20916) to work on /home/airflow/.local/lib/python3.12/site-packages/airflow/example_dags/example_python_decorator.py
[2025-01-18T00:26:55.803+0000] {processor.py:914} INFO - Processing file /home/airflow/.local/lib/python3.12/site-packages/airflow/example_dags/example_python_decorator.py for tasks to queue
[2025-01-18T00:26:55.806+0000] {logging_mixin.py:190} INFO - [2025-01-18T00:26:55.805+0000] {dagbag.py:588} INFO - Filling up the DagBag from /home/airflow/.local/lib/python3.12/site-packages/airflow/example_dags/example_python_decorator.py
[2025-01-18T00:26:55.820+0000] {processor.py:925} INFO - DAG(s) 'example_python_decorator' retrieved from /home/airflow/.local/lib/python3.12/site-packages/airflow/example_dags/example_python_decorator.py
[2025-01-18T00:26:55.844+0000] {logging_mixin.py:190} INFO - [2025-01-18T00:26:55.843+0000] {dag.py:3239} INFO - Sync 1 DAGs
[2025-01-18T00:26:55.860+0000] {logging_mixin.py:190} INFO - [2025-01-18T00:26:55.859+0000] {dag.py:4180} INFO - Setting next_dagrun for example_python_decorator to None, run_after=None
[2025-01-18T00:26:55.882+0000] {processor.py:208} INFO - Processing /home/airflow/.local/lib/python3.12/site-packages/airflow/example_dags/example_python_decorator.py took 0.086 seconds
[2025-01-18T00:27:26.830+0000] {processor.py:186} INFO - Started process (PID=20983) to work on /home/airflow/.local/lib/python3.12/site-packages/airflow/example_dags/example_python_decorator.py
[2025-01-18T00:27:26.831+0000] {processor.py:914} INFO - Processing file /home/airflow/.local/lib/python3.12/site-packages/airflow/example_dags/example_python_decorator.py for tasks to queue
[2025-01-18T00:27:26.835+0000] {logging_mixin.py:190} INFO - [2025-01-18T00:27:26.834+0000] {dagbag.py:588} INFO - Filling up the DagBag from /home/airflow/.local/lib/python3.12/site-packages/airflow/example_dags/example_python_decorator.py
[2025-01-18T00:27:26.856+0000] {processor.py:925} INFO - DAG(s) 'example_python_decorator' retrieved from /home/airflow/.local/lib/python3.12/site-packages/airflow/example_dags/example_python_decorator.py
[2025-01-18T00:27:26.893+0000] {logging_mixin.py:190} INFO - [2025-01-18T00:27:26.892+0000] {dag.py:3239} INFO - Sync 1 DAGs
[2025-01-18T00:27:26.913+0000] {logging_mixin.py:190} INFO - [2025-01-18T00:27:26.912+0000] {dag.py:4180} INFO - Setting next_dagrun for example_python_decorator to None, run_after=None
[2025-01-18T00:27:26.940+0000] {processor.py:208} INFO - Processing /home/airflow/.local/lib/python3.12/site-packages/airflow/example_dags/example_python_decorator.py took 0.118 seconds
[2025-01-18T00:27:57.043+0000] {processor.py:186} INFO - Started process (PID=21049) to work on /home/airflow/.local/lib/python3.12/site-packages/airflow/example_dags/example_python_decorator.py
[2025-01-18T00:27:57.047+0000] {processor.py:914} INFO - Processing file /home/airflow/.local/lib/python3.12/site-packages/airflow/example_dags/example_python_decorator.py for tasks to queue
[2025-01-18T00:27:57.051+0000] {logging_mixin.py:190} INFO - [2025-01-18T00:27:57.050+0000] {dagbag.py:588} INFO - Filling up the DagBag from /home/airflow/.local/lib/python3.12/site-packages/airflow/example_dags/example_python_decorator.py
[2025-01-18T00:27:57.086+0000] {processor.py:925} INFO - DAG(s) 'example_python_decorator' retrieved from /home/airflow/.local/lib/python3.12/site-packages/airflow/example_dags/example_python_decorator.py
[2025-01-18T00:27:57.126+0000] {logging_mixin.py:190} INFO - [2025-01-18T00:27:57.126+0000] {dag.py:3239} INFO - Sync 1 DAGs
[2025-01-18T00:27:57.150+0000] {logging_mixin.py:190} INFO - [2025-01-18T00:27:57.150+0000] {dag.py:4180} INFO - Setting next_dagrun for example_python_decorator to None, run_after=None
[2025-01-18T00:27:57.174+0000] {processor.py:208} INFO - Processing /home/airflow/.local/lib/python3.12/site-packages/airflow/example_dags/example_python_decorator.py took 0.148 seconds
[2025-01-18T00:28:27.430+0000] {processor.py:186} INFO - Started process (PID=21115) to work on /home/airflow/.local/lib/python3.12/site-packages/airflow/example_dags/example_python_decorator.py
[2025-01-18T00:28:27.431+0000] {processor.py:914} INFO - Processing file /home/airflow/.local/lib/python3.12/site-packages/airflow/example_dags/example_python_decorator.py for tasks to queue
[2025-01-18T00:28:27.433+0000] {logging_mixin.py:190} INFO - [2025-01-18T00:28:27.433+0000] {dagbag.py:588} INFO - Filling up the DagBag from /home/airflow/.local/lib/python3.12/site-packages/airflow/example_dags/example_python_decorator.py
[2025-01-18T00:28:27.446+0000] {processor.py:925} INFO - DAG(s) 'example_python_decorator' retrieved from /home/airflow/.local/lib/python3.12/site-packages/airflow/example_dags/example_python_decorator.py
[2025-01-18T00:28:27.468+0000] {logging_mixin.py:190} INFO - [2025-01-18T00:28:27.468+0000] {dag.py:3239} INFO - Sync 1 DAGs
[2025-01-18T00:28:27.483+0000] {logging_mixin.py:190} INFO - [2025-01-18T00:28:27.482+0000] {dag.py:4180} INFO - Setting next_dagrun for example_python_decorator to None, run_after=None
[2025-01-18T00:28:27.504+0000] {processor.py:208} INFO - Processing /home/airflow/.local/lib/python3.12/site-packages/airflow/example_dags/example_python_decorator.py took 0.079 seconds
[2025-01-18T00:28:57.971+0000] {processor.py:186} INFO - Started process (PID=21182) to work on /home/airflow/.local/lib/python3.12/site-packages/airflow/example_dags/example_python_decorator.py
[2025-01-18T00:28:57.972+0000] {processor.py:914} INFO - Processing file /home/airflow/.local/lib/python3.12/site-packages/airflow/example_dags/example_python_decorator.py for tasks to queue
[2025-01-18T00:28:57.974+0000] {logging_mixin.py:190} INFO - [2025-01-18T00:28:57.973+0000] {dagbag.py:588} INFO - Filling up the DagBag from /home/airflow/.local/lib/python3.12/site-packages/airflow/example_dags/example_python_decorator.py
[2025-01-18T00:28:57.987+0000] {processor.py:925} INFO - DAG(s) 'example_python_decorator' retrieved from /home/airflow/.local/lib/python3.12/site-packages/airflow/example_dags/example_python_decorator.py
[2025-01-18T00:28:58.011+0000] {logging_mixin.py:190} INFO - [2025-01-18T00:28:58.010+0000] {dag.py:3239} INFO - Sync 1 DAGs
[2025-01-18T00:28:58.027+0000] {logging_mixin.py:190} INFO - [2025-01-18T00:28:58.027+0000] {dag.py:4180} INFO - Setting next_dagrun for example_python_decorator to None, run_after=None
[2025-01-18T00:28:58.056+0000] {processor.py:208} INFO - Processing /home/airflow/.local/lib/python3.12/site-packages/airflow/example_dags/example_python_decorator.py took 0.091 seconds
[2025-01-18T00:29:28.602+0000] {processor.py:186} INFO - Started process (PID=21249) to work on /home/airflow/.local/lib/python3.12/site-packages/airflow/example_dags/example_python_decorator.py
[2025-01-18T00:29:28.604+0000] {processor.py:914} INFO - Processing file /home/airflow/.local/lib/python3.12/site-packages/airflow/example_dags/example_python_decorator.py for tasks to queue
[2025-01-18T00:29:28.606+0000] {logging_mixin.py:190} INFO - [2025-01-18T00:29:28.606+0000] {dagbag.py:588} INFO - Filling up the DagBag from /home/airflow/.local/lib/python3.12/site-packages/airflow/example_dags/example_python_decorator.py
[2025-01-18T00:29:28.622+0000] {processor.py:925} INFO - DAG(s) 'example_python_decorator' retrieved from /home/airflow/.local/lib/python3.12/site-packages/airflow/example_dags/example_python_decorator.py
[2025-01-18T00:29:28.648+0000] {logging_mixin.py:190} INFO - [2025-01-18T00:29:28.648+0000] {dag.py:3239} INFO - Sync 1 DAGs
[2025-01-18T00:29:28.666+0000] {logging_mixin.py:190} INFO - [2025-01-18T00:29:28.666+0000] {dag.py:4180} INFO - Setting next_dagrun for example_python_decorator to None, run_after=None
[2025-01-18T00:29:28.692+0000] {processor.py:208} INFO - Processing /home/airflow/.local/lib/python3.12/site-packages/airflow/example_dags/example_python_decorator.py took 0.096 seconds
[2025-01-18T00:29:59.376+0000] {processor.py:186} INFO - Started process (PID=21322) to work on /home/airflow/.local/lib/python3.12/site-packages/airflow/example_dags/example_python_decorator.py
[2025-01-18T00:29:59.378+0000] {processor.py:914} INFO - Processing file /home/airflow/.local/lib/python3.12/site-packages/airflow/example_dags/example_python_decorator.py for tasks to queue
[2025-01-18T00:29:59.381+0000] {logging_mixin.py:190} INFO - [2025-01-18T00:29:59.380+0000] {dagbag.py:588} INFO - Filling up the DagBag from /home/airflow/.local/lib/python3.12/site-packages/airflow/example_dags/example_python_decorator.py
[2025-01-18T00:29:59.396+0000] {processor.py:925} INFO - DAG(s) 'example_python_decorator' retrieved from /home/airflow/.local/lib/python3.12/site-packages/airflow/example_dags/example_python_decorator.py
[2025-01-18T00:29:59.421+0000] {logging_mixin.py:190} INFO - [2025-01-18T00:29:59.421+0000] {dag.py:3239} INFO - Sync 1 DAGs
[2025-01-18T00:29:59.437+0000] {logging_mixin.py:190} INFO - [2025-01-18T00:29:59.437+0000] {dag.py:4180} INFO - Setting next_dagrun for example_python_decorator to None, run_after=None
[2025-01-18T00:29:59.460+0000] {processor.py:208} INFO - Processing /home/airflow/.local/lib/python3.12/site-packages/airflow/example_dags/example_python_decorator.py took 0.091 seconds
[2025-01-18T00:30:29.989+0000] {processor.py:186} INFO - Started process (PID=21389) to work on /home/airflow/.local/lib/python3.12/site-packages/airflow/example_dags/example_python_decorator.py
[2025-01-18T00:30:29.990+0000] {processor.py:914} INFO - Processing file /home/airflow/.local/lib/python3.12/site-packages/airflow/example_dags/example_python_decorator.py for tasks to queue
[2025-01-18T00:30:29.992+0000] {logging_mixin.py:190} INFO - [2025-01-18T00:30:29.992+0000] {dagbag.py:588} INFO - Filling up the DagBag from /home/airflow/.local/lib/python3.12/site-packages/airflow/example_dags/example_python_decorator.py
[2025-01-18T00:30:30.007+0000] {processor.py:925} INFO - DAG(s) 'example_python_decorator' retrieved from /home/airflow/.local/lib/python3.12/site-packages/airflow/example_dags/example_python_decorator.py
[2025-01-18T00:30:30.034+0000] {logging_mixin.py:190} INFO - [2025-01-18T00:30:30.034+0000] {dag.py:3239} INFO - Sync 1 DAGs
[2025-01-18T00:30:30.067+0000] {logging_mixin.py:190} INFO - [2025-01-18T00:30:30.067+0000] {dag.py:4180} INFO - Setting next_dagrun for example_python_decorator to None, run_after=None
[2025-01-18T00:30:30.112+0000] {processor.py:208} INFO - Processing /home/airflow/.local/lib/python3.12/site-packages/airflow/example_dags/example_python_decorator.py took 0.128 seconds
[2025-01-18T00:31:00.838+0000] {processor.py:186} INFO - Started process (PID=21456) to work on /home/airflow/.local/lib/python3.12/site-packages/airflow/example_dags/example_python_decorator.py
[2025-01-18T00:31:00.840+0000] {processor.py:914} INFO - Processing file /home/airflow/.local/lib/python3.12/site-packages/airflow/example_dags/example_python_decorator.py for tasks to queue
[2025-01-18T00:31:00.842+0000] {logging_mixin.py:190} INFO - [2025-01-18T00:31:00.842+0000] {dagbag.py:588} INFO - Filling up the DagBag from /home/airflow/.local/lib/python3.12/site-packages/airflow/example_dags/example_python_decorator.py
[2025-01-18T00:31:00.858+0000] {processor.py:925} INFO - DAG(s) 'example_python_decorator' retrieved from /home/airflow/.local/lib/python3.12/site-packages/airflow/example_dags/example_python_decorator.py
[2025-01-18T00:31:00.883+0000] {logging_mixin.py:190} INFO - [2025-01-18T00:31:00.883+0000] {dag.py:3239} INFO - Sync 1 DAGs
[2025-01-18T00:31:00.900+0000] {logging_mixin.py:190} INFO - [2025-01-18T00:31:00.899+0000] {dag.py:4180} INFO - Setting next_dagrun for example_python_decorator to None, run_after=None
[2025-01-18T00:31:00.924+0000] {processor.py:208} INFO - Processing /home/airflow/.local/lib/python3.12/site-packages/airflow/example_dags/example_python_decorator.py took 0.092 seconds
[2025-01-18T00:31:31.018+0000] {processor.py:186} INFO - Started process (PID=21523) to work on /home/airflow/.local/lib/python3.12/site-packages/airflow/example_dags/example_python_decorator.py
[2025-01-18T00:31:31.020+0000] {processor.py:914} INFO - Processing file /home/airflow/.local/lib/python3.12/site-packages/airflow/example_dags/example_python_decorator.py for tasks to queue
[2025-01-18T00:31:31.024+0000] {logging_mixin.py:190} INFO - [2025-01-18T00:31:31.023+0000] {dagbag.py:588} INFO - Filling up the DagBag from /home/airflow/.local/lib/python3.12/site-packages/airflow/example_dags/example_python_decorator.py
[2025-01-18T00:31:31.047+0000] {processor.py:925} INFO - DAG(s) 'example_python_decorator' retrieved from /home/airflow/.local/lib/python3.12/site-packages/airflow/example_dags/example_python_decorator.py
[2025-01-18T00:31:31.077+0000] {logging_mixin.py:190} INFO - [2025-01-18T00:31:31.076+0000] {dag.py:3239} INFO - Sync 1 DAGs
[2025-01-18T00:31:31.093+0000] {logging_mixin.py:190} INFO - [2025-01-18T00:31:31.092+0000] {dag.py:4180} INFO - Setting next_dagrun for example_python_decorator to None, run_after=None
[2025-01-18T00:31:31.115+0000] {processor.py:208} INFO - Processing /home/airflow/.local/lib/python3.12/site-packages/airflow/example_dags/example_python_decorator.py took 0.107 seconds
[2025-01-18T00:32:01.605+0000] {processor.py:186} INFO - Started process (PID=21590) to work on /home/airflow/.local/lib/python3.12/site-packages/airflow/example_dags/example_python_decorator.py
[2025-01-18T00:32:01.607+0000] {processor.py:914} INFO - Processing file /home/airflow/.local/lib/python3.12/site-packages/airflow/example_dags/example_python_decorator.py for tasks to queue
[2025-01-18T00:32:01.609+0000] {logging_mixin.py:190} INFO - [2025-01-18T00:32:01.608+0000] {dagbag.py:588} INFO - Filling up the DagBag from /home/airflow/.local/lib/python3.12/site-packages/airflow/example_dags/example_python_decorator.py
[2025-01-18T00:32:01.622+0000] {processor.py:925} INFO - DAG(s) 'example_python_decorator' retrieved from /home/airflow/.local/lib/python3.12/site-packages/airflow/example_dags/example_python_decorator.py
[2025-01-18T00:32:01.647+0000] {logging_mixin.py:190} INFO - [2025-01-18T00:32:01.647+0000] {dag.py:3239} INFO - Sync 1 DAGs
[2025-01-18T00:32:01.664+0000] {logging_mixin.py:190} INFO - [2025-01-18T00:32:01.664+0000] {dag.py:4180} INFO - Setting next_dagrun for example_python_decorator to None, run_after=None
[2025-01-18T00:32:01.691+0000] {processor.py:208} INFO - Processing /home/airflow/.local/lib/python3.12/site-packages/airflow/example_dags/example_python_decorator.py took 0.093 seconds
[2025-01-18T00:32:31.825+0000] {processor.py:186} INFO - Started process (PID=21657) to work on /home/airflow/.local/lib/python3.12/site-packages/airflow/example_dags/example_python_decorator.py
[2025-01-18T00:32:31.826+0000] {processor.py:914} INFO - Processing file /home/airflow/.local/lib/python3.12/site-packages/airflow/example_dags/example_python_decorator.py for tasks to queue
[2025-01-18T00:32:31.829+0000] {logging_mixin.py:190} INFO - [2025-01-18T00:32:31.829+0000] {dagbag.py:588} INFO - Filling up the DagBag from /home/airflow/.local/lib/python3.12/site-packages/airflow/example_dags/example_python_decorator.py
[2025-01-18T00:32:31.843+0000] {processor.py:925} INFO - DAG(s) 'example_python_decorator' retrieved from /home/airflow/.local/lib/python3.12/site-packages/airflow/example_dags/example_python_decorator.py
[2025-01-18T00:32:31.866+0000] {logging_mixin.py:190} INFO - [2025-01-18T00:32:31.865+0000] {dag.py:3239} INFO - Sync 1 DAGs
[2025-01-18T00:32:31.880+0000] {logging_mixin.py:190} INFO - [2025-01-18T00:32:31.880+0000] {dag.py:4180} INFO - Setting next_dagrun for example_python_decorator to None, run_after=None
[2025-01-18T00:32:31.903+0000] {processor.py:208} INFO - Processing /home/airflow/.local/lib/python3.12/site-packages/airflow/example_dags/example_python_decorator.py took 0.083 seconds
[2025-01-18T00:33:02.661+0000] {processor.py:186} INFO - Started process (PID=21724) to work on /home/airflow/.local/lib/python3.12/site-packages/airflow/example_dags/example_python_decorator.py
[2025-01-18T00:33:02.663+0000] {processor.py:914} INFO - Processing file /home/airflow/.local/lib/python3.12/site-packages/airflow/example_dags/example_python_decorator.py for tasks to queue
[2025-01-18T00:33:02.665+0000] {logging_mixin.py:190} INFO - [2025-01-18T00:33:02.665+0000] {dagbag.py:588} INFO - Filling up the DagBag from /home/airflow/.local/lib/python3.12/site-packages/airflow/example_dags/example_python_decorator.py
[2025-01-18T00:33:02.677+0000] {processor.py:925} INFO - DAG(s) 'example_python_decorator' retrieved from /home/airflow/.local/lib/python3.12/site-packages/airflow/example_dags/example_python_decorator.py
[2025-01-18T00:33:02.698+0000] {logging_mixin.py:190} INFO - [2025-01-18T00:33:02.698+0000] {dag.py:3239} INFO - Sync 1 DAGs
[2025-01-18T00:33:02.714+0000] {logging_mixin.py:190} INFO - [2025-01-18T00:33:02.713+0000] {dag.py:4180} INFO - Setting next_dagrun for example_python_decorator to None, run_after=None
[2025-01-18T00:33:02.737+0000] {processor.py:208} INFO - Processing /home/airflow/.local/lib/python3.12/site-packages/airflow/example_dags/example_python_decorator.py took 0.081 seconds
[2025-01-18T00:33:33.053+0000] {processor.py:186} INFO - Started process (PID=21791) to work on /home/airflow/.local/lib/python3.12/site-packages/airflow/example_dags/example_python_decorator.py
[2025-01-18T00:33:33.055+0000] {processor.py:914} INFO - Processing file /home/airflow/.local/lib/python3.12/site-packages/airflow/example_dags/example_python_decorator.py for tasks to queue
[2025-01-18T00:33:33.057+0000] {logging_mixin.py:190} INFO - [2025-01-18T00:33:33.057+0000] {dagbag.py:588} INFO - Filling up the DagBag from /home/airflow/.local/lib/python3.12/site-packages/airflow/example_dags/example_python_decorator.py
[2025-01-18T00:33:33.076+0000] {processor.py:925} INFO - DAG(s) 'example_python_decorator' retrieved from /home/airflow/.local/lib/python3.12/site-packages/airflow/example_dags/example_python_decorator.py
[2025-01-18T00:33:33.101+0000] {logging_mixin.py:190} INFO - [2025-01-18T00:33:33.100+0000] {dag.py:3239} INFO - Sync 1 DAGs
[2025-01-18T00:33:33.120+0000] {logging_mixin.py:190} INFO - [2025-01-18T00:33:33.119+0000] {dag.py:4180} INFO - Setting next_dagrun for example_python_decorator to None, run_after=None
[2025-01-18T00:33:33.146+0000] {processor.py:208} INFO - Processing /home/airflow/.local/lib/python3.12/site-packages/airflow/example_dags/example_python_decorator.py took 0.100 seconds
[2025-01-18T00:34:03.201+0000] {processor.py:186} INFO - Started process (PID=21865) to work on /home/airflow/.local/lib/python3.12/site-packages/airflow/example_dags/example_python_decorator.py
[2025-01-18T00:34:03.202+0000] {processor.py:914} INFO - Processing file /home/airflow/.local/lib/python3.12/site-packages/airflow/example_dags/example_python_decorator.py for tasks to queue
[2025-01-18T00:34:03.204+0000] {logging_mixin.py:190} INFO - [2025-01-18T00:34:03.204+0000] {dagbag.py:588} INFO - Filling up the DagBag from /home/airflow/.local/lib/python3.12/site-packages/airflow/example_dags/example_python_decorator.py
[2025-01-18T00:34:03.218+0000] {processor.py:925} INFO - DAG(s) 'example_python_decorator' retrieved from /home/airflow/.local/lib/python3.12/site-packages/airflow/example_dags/example_python_decorator.py
[2025-01-18T00:34:03.243+0000] {logging_mixin.py:190} INFO - [2025-01-18T00:34:03.243+0000] {dag.py:3239} INFO - Sync 1 DAGs
[2025-01-18T00:34:03.260+0000] {logging_mixin.py:190} INFO - [2025-01-18T00:34:03.259+0000] {dag.py:4180} INFO - Setting next_dagrun for example_python_decorator to None, run_after=None
[2025-01-18T00:34:03.282+0000] {processor.py:208} INFO - Processing /home/airflow/.local/lib/python3.12/site-packages/airflow/example_dags/example_python_decorator.py took 0.087 seconds
[2025-01-18T00:34:33.506+0000] {processor.py:186} INFO - Started process (PID=21932) to work on /home/airflow/.local/lib/python3.12/site-packages/airflow/example_dags/example_python_decorator.py
[2025-01-18T00:34:33.516+0000] {processor.py:914} INFO - Processing file /home/airflow/.local/lib/python3.12/site-packages/airflow/example_dags/example_python_decorator.py for tasks to queue
[2025-01-18T00:34:33.518+0000] {logging_mixin.py:190} INFO - [2025-01-18T00:34:33.518+0000] {dagbag.py:588} INFO - Filling up the DagBag from /home/airflow/.local/lib/python3.12/site-packages/airflow/example_dags/example_python_decorator.py
[2025-01-18T00:34:33.535+0000] {processor.py:925} INFO - DAG(s) 'example_python_decorator' retrieved from /home/airflow/.local/lib/python3.12/site-packages/airflow/example_dags/example_python_decorator.py
[2025-01-18T00:34:33.565+0000] {logging_mixin.py:190} INFO - [2025-01-18T00:34:33.564+0000] {dag.py:3239} INFO - Sync 1 DAGs
[2025-01-18T00:34:33.580+0000] {logging_mixin.py:190} INFO - [2025-01-18T00:34:33.580+0000] {dag.py:4180} INFO - Setting next_dagrun for example_python_decorator to None, run_after=None
[2025-01-18T00:34:33.601+0000] {processor.py:208} INFO - Processing /home/airflow/.local/lib/python3.12/site-packages/airflow/example_dags/example_python_decorator.py took 0.101 seconds
[2025-01-18T00:35:03.774+0000] {processor.py:186} INFO - Started process (PID=21999) to work on /home/airflow/.local/lib/python3.12/site-packages/airflow/example_dags/example_python_decorator.py
[2025-01-18T00:35:03.785+0000] {processor.py:914} INFO - Processing file /home/airflow/.local/lib/python3.12/site-packages/airflow/example_dags/example_python_decorator.py for tasks to queue
[2025-01-18T00:35:03.787+0000] {logging_mixin.py:190} INFO - [2025-01-18T00:35:03.787+0000] {dagbag.py:588} INFO - Filling up the DagBag from /home/airflow/.local/lib/python3.12/site-packages/airflow/example_dags/example_python_decorator.py
[2025-01-18T00:35:03.802+0000] {processor.py:925} INFO - DAG(s) 'example_python_decorator' retrieved from /home/airflow/.local/lib/python3.12/site-packages/airflow/example_dags/example_python_decorator.py
[2025-01-18T00:35:03.826+0000] {logging_mixin.py:190} INFO - [2025-01-18T00:35:03.825+0000] {dag.py:3239} INFO - Sync 1 DAGs
[2025-01-18T00:35:03.843+0000] {logging_mixin.py:190} INFO - [2025-01-18T00:35:03.842+0000] {dag.py:4180} INFO - Setting next_dagrun for example_python_decorator to None, run_after=None
[2025-01-18T00:35:03.865+0000] {processor.py:208} INFO - Processing /home/airflow/.local/lib/python3.12/site-packages/airflow/example_dags/example_python_decorator.py took 0.097 seconds
[2025-01-18T00:35:34.288+0000] {processor.py:186} INFO - Started process (PID=22066) to work on /home/airflow/.local/lib/python3.12/site-packages/airflow/example_dags/example_python_decorator.py
[2025-01-18T00:35:34.289+0000] {processor.py:914} INFO - Processing file /home/airflow/.local/lib/python3.12/site-packages/airflow/example_dags/example_python_decorator.py for tasks to queue
[2025-01-18T00:35:34.292+0000] {logging_mixin.py:190} INFO - [2025-01-18T00:35:34.291+0000] {dagbag.py:588} INFO - Filling up the DagBag from /home/airflow/.local/lib/python3.12/site-packages/airflow/example_dags/example_python_decorator.py
[2025-01-18T00:35:34.303+0000] {processor.py:925} INFO - DAG(s) 'example_python_decorator' retrieved from /home/airflow/.local/lib/python3.12/site-packages/airflow/example_dags/example_python_decorator.py
[2025-01-18T00:35:34.322+0000] {logging_mixin.py:190} INFO - [2025-01-18T00:35:34.321+0000] {dag.py:3239} INFO - Sync 1 DAGs
[2025-01-18T00:35:34.335+0000] {logging_mixin.py:190} INFO - [2025-01-18T00:35:34.335+0000] {dag.py:4180} INFO - Setting next_dagrun for example_python_decorator to None, run_after=None
[2025-01-18T00:35:34.350+0000] {processor.py:208} INFO - Processing /home/airflow/.local/lib/python3.12/site-packages/airflow/example_dags/example_python_decorator.py took 0.066 seconds
