[2025-01-18T00:00:12.190+0000] {processor.py:186} INFO - Started process (PID=17358) to work on /home/airflow/.local/lib/python3.12/site-packages/airflow/example_dags/example_complex.py
[2025-01-18T00:00:12.191+0000] {processor.py:914} INFO - Processing file /home/airflow/.local/lib/python3.12/site-packages/airflow/example_dags/example_complex.py for tasks to queue
[2025-01-18T00:00:12.193+0000] {logging_mixin.py:190} INFO - [2025-01-18T00:00:12.192+0000] {dagbag.py:588} INFO - Filling up the DagBag from /home/airflow/.local/lib/python3.12/site-packages/airflow/example_dags/example_complex.py
[2025-01-18T00:00:12.207+0000] {processor.py:925} INFO - DAG(s) 'example_complex' retrieved from /home/airflow/.local/lib/python3.12/site-packages/airflow/example_dags/example_complex.py
[2025-01-18T00:00:12.249+0000] {logging_mixin.py:190} INFO - [2025-01-18T00:00:12.248+0000] {dag.py:3239} INFO - Sync 1 DAGs
[2025-01-18T00:00:12.266+0000] {logging_mixin.py:190} INFO - [2025-01-18T00:00:12.266+0000] {dag.py:4180} INFO - Setting next_dagrun for example_complex to None, run_after=None
[2025-01-18T00:00:12.294+0000] {processor.py:208} INFO - Processing /home/airflow/.local/lib/python3.12/site-packages/airflow/example_dags/example_complex.py took 0.110 seconds
[2025-01-18T00:00:42.480+0000] {processor.py:186} INFO - Started process (PID=17425) to work on /home/airflow/.local/lib/python3.12/site-packages/airflow/example_dags/example_complex.py
[2025-01-18T00:00:42.481+0000] {processor.py:914} INFO - Processing file /home/airflow/.local/lib/python3.12/site-packages/airflow/example_dags/example_complex.py for tasks to queue
[2025-01-18T00:00:42.484+0000] {logging_mixin.py:190} INFO - [2025-01-18T00:00:42.484+0000] {dagbag.py:588} INFO - Filling up the DagBag from /home/airflow/.local/lib/python3.12/site-packages/airflow/example_dags/example_complex.py
[2025-01-18T00:00:42.500+0000] {processor.py:925} INFO - DAG(s) 'example_complex' retrieved from /home/airflow/.local/lib/python3.12/site-packages/airflow/example_dags/example_complex.py
[2025-01-18T00:00:42.545+0000] {logging_mixin.py:190} INFO - [2025-01-18T00:00:42.544+0000] {dag.py:3239} INFO - Sync 1 DAGs
[2025-01-18T00:00:42.562+0000] {logging_mixin.py:190} INFO - [2025-01-18T00:00:42.562+0000] {dag.py:4180} INFO - Setting next_dagrun for example_complex to None, run_after=None
[2025-01-18T00:00:42.585+0000] {processor.py:208} INFO - Processing /home/airflow/.local/lib/python3.12/site-packages/airflow/example_dags/example_complex.py took 0.112 seconds
[2025-01-18T00:01:13.206+0000] {processor.py:186} INFO - Started process (PID=17492) to work on /home/airflow/.local/lib/python3.12/site-packages/airflow/example_dags/example_complex.py
[2025-01-18T00:01:13.207+0000] {processor.py:914} INFO - Processing file /home/airflow/.local/lib/python3.12/site-packages/airflow/example_dags/example_complex.py for tasks to queue
[2025-01-18T00:01:13.210+0000] {logging_mixin.py:190} INFO - [2025-01-18T00:01:13.209+0000] {dagbag.py:588} INFO - Filling up the DagBag from /home/airflow/.local/lib/python3.12/site-packages/airflow/example_dags/example_complex.py
[2025-01-18T00:01:13.225+0000] {processor.py:925} INFO - DAG(s) 'example_complex' retrieved from /home/airflow/.local/lib/python3.12/site-packages/airflow/example_dags/example_complex.py
[2025-01-18T00:01:13.262+0000] {logging_mixin.py:190} INFO - [2025-01-18T00:01:13.262+0000] {dag.py:3239} INFO - Sync 1 DAGs
[2025-01-18T00:01:13.278+0000] {logging_mixin.py:190} INFO - [2025-01-18T00:01:13.278+0000] {dag.py:4180} INFO - Setting next_dagrun for example_complex to None, run_after=None
[2025-01-18T00:01:13.306+0000] {processor.py:208} INFO - Processing /home/airflow/.local/lib/python3.12/site-packages/airflow/example_dags/example_complex.py took 0.106 seconds
[2025-01-18T00:01:43.802+0000] {processor.py:186} INFO - Started process (PID=17565) to work on /home/airflow/.local/lib/python3.12/site-packages/airflow/example_dags/example_complex.py
[2025-01-18T00:01:43.804+0000] {processor.py:914} INFO - Processing file /home/airflow/.local/lib/python3.12/site-packages/airflow/example_dags/example_complex.py for tasks to queue
[2025-01-18T00:01:43.806+0000] {logging_mixin.py:190} INFO - [2025-01-18T00:01:43.806+0000] {dagbag.py:588} INFO - Filling up the DagBag from /home/airflow/.local/lib/python3.12/site-packages/airflow/example_dags/example_complex.py
[2025-01-18T00:01:43.822+0000] {processor.py:925} INFO - DAG(s) 'example_complex' retrieved from /home/airflow/.local/lib/python3.12/site-packages/airflow/example_dags/example_complex.py
[2025-01-18T00:01:43.862+0000] {logging_mixin.py:190} INFO - [2025-01-18T00:01:43.861+0000] {dag.py:3239} INFO - Sync 1 DAGs
[2025-01-18T00:01:43.880+0000] {logging_mixin.py:190} INFO - [2025-01-18T00:01:43.879+0000] {dag.py:4180} INFO - Setting next_dagrun for example_complex to None, run_after=None
[2025-01-18T00:01:43.903+0000] {processor.py:208} INFO - Processing /home/airflow/.local/lib/python3.12/site-packages/airflow/example_dags/example_complex.py took 0.107 seconds
[2025-01-18T00:02:14.568+0000] {processor.py:186} INFO - Started process (PID=17632) to work on /home/airflow/.local/lib/python3.12/site-packages/airflow/example_dags/example_complex.py
[2025-01-18T00:02:14.570+0000] {processor.py:914} INFO - Processing file /home/airflow/.local/lib/python3.12/site-packages/airflow/example_dags/example_complex.py for tasks to queue
[2025-01-18T00:02:14.573+0000] {logging_mixin.py:190} INFO - [2025-01-18T00:02:14.572+0000] {dagbag.py:588} INFO - Filling up the DagBag from /home/airflow/.local/lib/python3.12/site-packages/airflow/example_dags/example_complex.py
[2025-01-18T00:02:14.588+0000] {processor.py:925} INFO - DAG(s) 'example_complex' retrieved from /home/airflow/.local/lib/python3.12/site-packages/airflow/example_dags/example_complex.py
[2025-01-18T00:02:14.627+0000] {logging_mixin.py:190} INFO - [2025-01-18T00:02:14.627+0000] {dag.py:3239} INFO - Sync 1 DAGs
[2025-01-18T00:02:14.645+0000] {logging_mixin.py:190} INFO - [2025-01-18T00:02:14.645+0000] {dag.py:4180} INFO - Setting next_dagrun for example_complex to None, run_after=None
[2025-01-18T00:02:14.668+0000] {processor.py:208} INFO - Processing /home/airflow/.local/lib/python3.12/site-packages/airflow/example_dags/example_complex.py took 0.106 seconds
[2025-01-18T00:02:44.918+0000] {processor.py:186} INFO - Started process (PID=17700) to work on /home/airflow/.local/lib/python3.12/site-packages/airflow/example_dags/example_complex.py
[2025-01-18T00:02:44.919+0000] {processor.py:914} INFO - Processing file /home/airflow/.local/lib/python3.12/site-packages/airflow/example_dags/example_complex.py for tasks to queue
[2025-01-18T00:02:44.922+0000] {logging_mixin.py:190} INFO - [2025-01-18T00:02:44.922+0000] {dagbag.py:588} INFO - Filling up the DagBag from /home/airflow/.local/lib/python3.12/site-packages/airflow/example_dags/example_complex.py
[2025-01-18T00:02:44.947+0000] {processor.py:925} INFO - DAG(s) 'example_complex' retrieved from /home/airflow/.local/lib/python3.12/site-packages/airflow/example_dags/example_complex.py
[2025-01-18T00:02:45.006+0000] {logging_mixin.py:190} INFO - [2025-01-18T00:02:45.006+0000] {dag.py:3239} INFO - Sync 1 DAGs
[2025-01-18T00:02:45.031+0000] {logging_mixin.py:190} INFO - [2025-01-18T00:02:45.031+0000] {dag.py:4180} INFO - Setting next_dagrun for example_complex to None, run_after=None
[2025-01-18T00:02:45.057+0000] {processor.py:208} INFO - Processing /home/airflow/.local/lib/python3.12/site-packages/airflow/example_dags/example_complex.py took 0.149 seconds
[2025-01-18T00:03:15.129+0000] {processor.py:186} INFO - Started process (PID=17767) to work on /home/airflow/.local/lib/python3.12/site-packages/airflow/example_dags/example_complex.py
[2025-01-18T00:03:15.130+0000] {processor.py:914} INFO - Processing file /home/airflow/.local/lib/python3.12/site-packages/airflow/example_dags/example_complex.py for tasks to queue
[2025-01-18T00:03:15.132+0000] {logging_mixin.py:190} INFO - [2025-01-18T00:03:15.132+0000] {dagbag.py:588} INFO - Filling up the DagBag from /home/airflow/.local/lib/python3.12/site-packages/airflow/example_dags/example_complex.py
[2025-01-18T00:03:15.147+0000] {processor.py:925} INFO - DAG(s) 'example_complex' retrieved from /home/airflow/.local/lib/python3.12/site-packages/airflow/example_dags/example_complex.py
[2025-01-18T00:03:15.184+0000] {logging_mixin.py:190} INFO - [2025-01-18T00:03:15.184+0000] {dag.py:3239} INFO - Sync 1 DAGs
[2025-01-18T00:03:15.199+0000] {logging_mixin.py:190} INFO - [2025-01-18T00:03:15.199+0000] {dag.py:4180} INFO - Setting next_dagrun for example_complex to None, run_after=None
[2025-01-18T00:03:15.222+0000] {processor.py:208} INFO - Processing /home/airflow/.local/lib/python3.12/site-packages/airflow/example_dags/example_complex.py took 0.099 seconds
[2025-01-18T00:03:45.920+0000] {processor.py:186} INFO - Started process (PID=17835) to work on /home/airflow/.local/lib/python3.12/site-packages/airflow/example_dags/example_complex.py
[2025-01-18T00:03:45.923+0000] {processor.py:914} INFO - Processing file /home/airflow/.local/lib/python3.12/site-packages/airflow/example_dags/example_complex.py for tasks to queue
[2025-01-18T00:03:45.927+0000] {logging_mixin.py:190} INFO - [2025-01-18T00:03:45.926+0000] {dagbag.py:588} INFO - Filling up the DagBag from /home/airflow/.local/lib/python3.12/site-packages/airflow/example_dags/example_complex.py
[2025-01-18T00:03:45.947+0000] {processor.py:925} INFO - DAG(s) 'example_complex' retrieved from /home/airflow/.local/lib/python3.12/site-packages/airflow/example_dags/example_complex.py
[2025-01-18T00:03:46.016+0000] {logging_mixin.py:190} INFO - [2025-01-18T00:03:46.016+0000] {dag.py:3239} INFO - Sync 1 DAGs
[2025-01-18T00:03:46.039+0000] {logging_mixin.py:190} INFO - [2025-01-18T00:03:46.039+0000] {dag.py:4180} INFO - Setting next_dagrun for example_complex to None, run_after=None
[2025-01-18T00:03:46.064+0000] {processor.py:208} INFO - Processing /home/airflow/.local/lib/python3.12/site-packages/airflow/example_dags/example_complex.py took 0.154 seconds
[2025-01-18T00:04:16.246+0000] {processor.py:186} INFO - Started process (PID=17902) to work on /home/airflow/.local/lib/python3.12/site-packages/airflow/example_dags/example_complex.py
[2025-01-18T00:04:16.248+0000] {processor.py:914} INFO - Processing file /home/airflow/.local/lib/python3.12/site-packages/airflow/example_dags/example_complex.py for tasks to queue
[2025-01-18T00:04:16.250+0000] {logging_mixin.py:190} INFO - [2025-01-18T00:04:16.250+0000] {dagbag.py:588} INFO - Filling up the DagBag from /home/airflow/.local/lib/python3.12/site-packages/airflow/example_dags/example_complex.py
[2025-01-18T00:04:16.265+0000] {processor.py:925} INFO - DAG(s) 'example_complex' retrieved from /home/airflow/.local/lib/python3.12/site-packages/airflow/example_dags/example_complex.py
[2025-01-18T00:04:16.305+0000] {logging_mixin.py:190} INFO - [2025-01-18T00:04:16.305+0000] {dag.py:3239} INFO - Sync 1 DAGs
[2025-01-18T00:04:16.322+0000] {logging_mixin.py:190} INFO - [2025-01-18T00:04:16.322+0000] {dag.py:4180} INFO - Setting next_dagrun for example_complex to None, run_after=None
[2025-01-18T00:04:16.347+0000] {processor.py:208} INFO - Processing /home/airflow/.local/lib/python3.12/site-packages/airflow/example_dags/example_complex.py took 0.108 seconds
[2025-01-18T00:04:46.478+0000] {processor.py:186} INFO - Started process (PID=17969) to work on /home/airflow/.local/lib/python3.12/site-packages/airflow/example_dags/example_complex.py
[2025-01-18T00:04:46.479+0000] {processor.py:914} INFO - Processing file /home/airflow/.local/lib/python3.12/site-packages/airflow/example_dags/example_complex.py for tasks to queue
[2025-01-18T00:04:46.481+0000] {logging_mixin.py:190} INFO - [2025-01-18T00:04:46.480+0000] {dagbag.py:588} INFO - Filling up the DagBag from /home/airflow/.local/lib/python3.12/site-packages/airflow/example_dags/example_complex.py
[2025-01-18T00:04:46.493+0000] {processor.py:925} INFO - DAG(s) 'example_complex' retrieved from /home/airflow/.local/lib/python3.12/site-packages/airflow/example_dags/example_complex.py
[2025-01-18T00:04:46.528+0000] {logging_mixin.py:190} INFO - [2025-01-18T00:04:46.527+0000] {dag.py:3239} INFO - Sync 1 DAGs
[2025-01-18T00:04:46.545+0000] {logging_mixin.py:190} INFO - [2025-01-18T00:04:46.544+0000] {dag.py:4180} INFO - Setting next_dagrun for example_complex to None, run_after=None
[2025-01-18T00:04:46.567+0000] {processor.py:208} INFO - Processing /home/airflow/.local/lib/python3.12/site-packages/airflow/example_dags/example_complex.py took 0.095 seconds
[2025-01-18T00:05:16.867+0000] {processor.py:186} INFO - Started process (PID=18036) to work on /home/airflow/.local/lib/python3.12/site-packages/airflow/example_dags/example_complex.py
[2025-01-18T00:05:16.868+0000] {processor.py:914} INFO - Processing file /home/airflow/.local/lib/python3.12/site-packages/airflow/example_dags/example_complex.py for tasks to queue
[2025-01-18T00:05:16.871+0000] {logging_mixin.py:190} INFO - [2025-01-18T00:05:16.871+0000] {dagbag.py:588} INFO - Filling up the DagBag from /home/airflow/.local/lib/python3.12/site-packages/airflow/example_dags/example_complex.py
[2025-01-18T00:05:16.886+0000] {processor.py:925} INFO - DAG(s) 'example_complex' retrieved from /home/airflow/.local/lib/python3.12/site-packages/airflow/example_dags/example_complex.py
[2025-01-18T00:05:16.922+0000] {logging_mixin.py:190} INFO - [2025-01-18T00:05:16.922+0000] {dag.py:3239} INFO - Sync 1 DAGs
[2025-01-18T00:05:16.939+0000] {logging_mixin.py:190} INFO - [2025-01-18T00:05:16.938+0000] {dag.py:4180} INFO - Setting next_dagrun for example_complex to None, run_after=None
[2025-01-18T00:05:16.961+0000] {processor.py:208} INFO - Processing /home/airflow/.local/lib/python3.12/site-packages/airflow/example_dags/example_complex.py took 0.099 seconds
[2025-01-18T00:05:47.400+0000] {processor.py:186} INFO - Started process (PID=18103) to work on /home/airflow/.local/lib/python3.12/site-packages/airflow/example_dags/example_complex.py
[2025-01-18T00:05:47.402+0000] {processor.py:914} INFO - Processing file /home/airflow/.local/lib/python3.12/site-packages/airflow/example_dags/example_complex.py for tasks to queue
[2025-01-18T00:05:47.404+0000] {logging_mixin.py:190} INFO - [2025-01-18T00:05:47.404+0000] {dagbag.py:588} INFO - Filling up the DagBag from /home/airflow/.local/lib/python3.12/site-packages/airflow/example_dags/example_complex.py
[2025-01-18T00:05:47.421+0000] {processor.py:925} INFO - DAG(s) 'example_complex' retrieved from /home/airflow/.local/lib/python3.12/site-packages/airflow/example_dags/example_complex.py
[2025-01-18T00:05:47.467+0000] {logging_mixin.py:190} INFO - [2025-01-18T00:05:47.467+0000] {dag.py:3239} INFO - Sync 1 DAGs
[2025-01-18T00:05:47.488+0000] {logging_mixin.py:190} INFO - [2025-01-18T00:05:47.488+0000] {dag.py:4180} INFO - Setting next_dagrun for example_complex to None, run_after=None
[2025-01-18T00:05:47.511+0000] {processor.py:208} INFO - Processing /home/airflow/.local/lib/python3.12/site-packages/airflow/example_dags/example_complex.py took 0.119 seconds
[2025-01-18T00:06:17.659+0000] {processor.py:186} INFO - Started process (PID=18177) to work on /home/airflow/.local/lib/python3.12/site-packages/airflow/example_dags/example_complex.py
[2025-01-18T00:06:17.660+0000] {processor.py:914} INFO - Processing file /home/airflow/.local/lib/python3.12/site-packages/airflow/example_dags/example_complex.py for tasks to queue
[2025-01-18T00:06:17.663+0000] {logging_mixin.py:190} INFO - [2025-01-18T00:06:17.662+0000] {dagbag.py:588} INFO - Filling up the DagBag from /home/airflow/.local/lib/python3.12/site-packages/airflow/example_dags/example_complex.py
[2025-01-18T00:06:17.678+0000] {processor.py:925} INFO - DAG(s) 'example_complex' retrieved from /home/airflow/.local/lib/python3.12/site-packages/airflow/example_dags/example_complex.py
[2025-01-18T00:06:17.721+0000] {logging_mixin.py:190} INFO - [2025-01-18T00:06:17.721+0000] {dag.py:3239} INFO - Sync 1 DAGs
[2025-01-18T00:06:17.742+0000] {logging_mixin.py:190} INFO - [2025-01-18T00:06:17.742+0000] {dag.py:4180} INFO - Setting next_dagrun for example_complex to None, run_after=None
[2025-01-18T00:06:17.770+0000] {processor.py:208} INFO - Processing /home/airflow/.local/lib/python3.12/site-packages/airflow/example_dags/example_complex.py took 0.117 seconds
[2025-01-18T00:06:48.158+0000] {processor.py:186} INFO - Started process (PID=18243) to work on /home/airflow/.local/lib/python3.12/site-packages/airflow/example_dags/example_complex.py
[2025-01-18T00:06:48.160+0000] {processor.py:914} INFO - Processing file /home/airflow/.local/lib/python3.12/site-packages/airflow/example_dags/example_complex.py for tasks to queue
[2025-01-18T00:06:48.162+0000] {logging_mixin.py:190} INFO - [2025-01-18T00:06:48.161+0000] {dagbag.py:588} INFO - Filling up the DagBag from /home/airflow/.local/lib/python3.12/site-packages/airflow/example_dags/example_complex.py
[2025-01-18T00:06:48.175+0000] {processor.py:925} INFO - DAG(s) 'example_complex' retrieved from /home/airflow/.local/lib/python3.12/site-packages/airflow/example_dags/example_complex.py
[2025-01-18T00:06:48.212+0000] {logging_mixin.py:190} INFO - [2025-01-18T00:06:48.212+0000] {dag.py:3239} INFO - Sync 1 DAGs
[2025-01-18T00:06:48.229+0000] {logging_mixin.py:190} INFO - [2025-01-18T00:06:48.228+0000] {dag.py:4180} INFO - Setting next_dagrun for example_complex to None, run_after=None
[2025-01-18T00:06:48.252+0000] {processor.py:208} INFO - Processing /home/airflow/.local/lib/python3.12/site-packages/airflow/example_dags/example_complex.py took 0.100 seconds
[2025-01-18T00:07:18.657+0000] {processor.py:186} INFO - Started process (PID=18310) to work on /home/airflow/.local/lib/python3.12/site-packages/airflow/example_dags/example_complex.py
[2025-01-18T00:07:18.658+0000] {processor.py:914} INFO - Processing file /home/airflow/.local/lib/python3.12/site-packages/airflow/example_dags/example_complex.py for tasks to queue
[2025-01-18T00:07:18.661+0000] {logging_mixin.py:190} INFO - [2025-01-18T00:07:18.661+0000] {dagbag.py:588} INFO - Filling up the DagBag from /home/airflow/.local/lib/python3.12/site-packages/airflow/example_dags/example_complex.py
[2025-01-18T00:07:18.679+0000] {processor.py:925} INFO - DAG(s) 'example_complex' retrieved from /home/airflow/.local/lib/python3.12/site-packages/airflow/example_dags/example_complex.py
[2025-01-18T00:07:18.728+0000] {logging_mixin.py:190} INFO - [2025-01-18T00:07:18.728+0000] {dag.py:3239} INFO - Sync 1 DAGs
[2025-01-18T00:07:18.754+0000] {logging_mixin.py:190} INFO - [2025-01-18T00:07:18.753+0000] {dag.py:4180} INFO - Setting next_dagrun for example_complex to None, run_after=None
[2025-01-18T00:07:18.794+0000] {processor.py:208} INFO - Processing /home/airflow/.local/lib/python3.12/site-packages/airflow/example_dags/example_complex.py took 0.146 seconds
[2025-01-18T00:07:48.993+0000] {processor.py:186} INFO - Started process (PID=18377) to work on /home/airflow/.local/lib/python3.12/site-packages/airflow/example_dags/example_complex.py
[2025-01-18T00:07:48.994+0000] {processor.py:914} INFO - Processing file /home/airflow/.local/lib/python3.12/site-packages/airflow/example_dags/example_complex.py for tasks to queue
[2025-01-18T00:07:48.999+0000] {logging_mixin.py:190} INFO - [2025-01-18T00:07:48.998+0000] {dagbag.py:588} INFO - Filling up the DagBag from /home/airflow/.local/lib/python3.12/site-packages/airflow/example_dags/example_complex.py
[2025-01-18T00:07:49.016+0000] {processor.py:925} INFO - DAG(s) 'example_complex' retrieved from /home/airflow/.local/lib/python3.12/site-packages/airflow/example_dags/example_complex.py
[2025-01-18T00:07:49.055+0000] {logging_mixin.py:190} INFO - [2025-01-18T00:07:49.055+0000] {dag.py:3239} INFO - Sync 1 DAGs
[2025-01-18T00:07:49.072+0000] {logging_mixin.py:190} INFO - [2025-01-18T00:07:49.072+0000] {dag.py:4180} INFO - Setting next_dagrun for example_complex to None, run_after=None
[2025-01-18T00:07:49.093+0000] {processor.py:208} INFO - Processing /home/airflow/.local/lib/python3.12/site-packages/airflow/example_dags/example_complex.py took 0.107 seconds
[2025-01-18T00:08:19.443+0000] {processor.py:186} INFO - Started process (PID=18443) to work on /home/airflow/.local/lib/python3.12/site-packages/airflow/example_dags/example_complex.py
[2025-01-18T00:08:19.444+0000] {processor.py:914} INFO - Processing file /home/airflow/.local/lib/python3.12/site-packages/airflow/example_dags/example_complex.py for tasks to queue
[2025-01-18T00:08:19.447+0000] {logging_mixin.py:190} INFO - [2025-01-18T00:08:19.447+0000] {dagbag.py:588} INFO - Filling up the DagBag from /home/airflow/.local/lib/python3.12/site-packages/airflow/example_dags/example_complex.py
[2025-01-18T00:08:19.467+0000] {processor.py:925} INFO - DAG(s) 'example_complex' retrieved from /home/airflow/.local/lib/python3.12/site-packages/airflow/example_dags/example_complex.py
[2025-01-18T00:08:19.511+0000] {logging_mixin.py:190} INFO - [2025-01-18T00:08:19.511+0000] {dag.py:3239} INFO - Sync 1 DAGs
[2025-01-18T00:08:19.531+0000] {logging_mixin.py:190} INFO - [2025-01-18T00:08:19.531+0000] {dag.py:4180} INFO - Setting next_dagrun for example_complex to None, run_after=None
[2025-01-18T00:08:19.559+0000] {processor.py:208} INFO - Processing /home/airflow/.local/lib/python3.12/site-packages/airflow/example_dags/example_complex.py took 0.124 seconds
[2025-01-18T00:08:50.387+0000] {processor.py:186} INFO - Started process (PID=18510) to work on /home/airflow/.local/lib/python3.12/site-packages/airflow/example_dags/example_complex.py
[2025-01-18T00:08:50.390+0000] {processor.py:914} INFO - Processing file /home/airflow/.local/lib/python3.12/site-packages/airflow/example_dags/example_complex.py for tasks to queue
[2025-01-18T00:08:50.393+0000] {logging_mixin.py:190} INFO - [2025-01-18T00:08:50.393+0000] {dagbag.py:588} INFO - Filling up the DagBag from /home/airflow/.local/lib/python3.12/site-packages/airflow/example_dags/example_complex.py
[2025-01-18T00:08:50.416+0000] {processor.py:925} INFO - DAG(s) 'example_complex' retrieved from /home/airflow/.local/lib/python3.12/site-packages/airflow/example_dags/example_complex.py
[2025-01-18T00:08:50.479+0000] {logging_mixin.py:190} INFO - [2025-01-18T00:08:50.478+0000] {dag.py:3239} INFO - Sync 1 DAGs
[2025-01-18T00:08:50.506+0000] {logging_mixin.py:190} INFO - [2025-01-18T00:08:50.506+0000] {dag.py:4180} INFO - Setting next_dagrun for example_complex to None, run_after=None
[2025-01-18T00:08:50.537+0000] {processor.py:208} INFO - Processing /home/airflow/.local/lib/python3.12/site-packages/airflow/example_dags/example_complex.py took 0.163 seconds
[2025-01-18T00:09:20.711+0000] {processor.py:186} INFO - Started process (PID=18578) to work on /home/airflow/.local/lib/python3.12/site-packages/airflow/example_dags/example_complex.py
[2025-01-18T00:09:20.712+0000] {processor.py:914} INFO - Processing file /home/airflow/.local/lib/python3.12/site-packages/airflow/example_dags/example_complex.py for tasks to queue
[2025-01-18T00:09:20.716+0000] {logging_mixin.py:190} INFO - [2025-01-18T00:09:20.715+0000] {dagbag.py:588} INFO - Filling up the DagBag from /home/airflow/.local/lib/python3.12/site-packages/airflow/example_dags/example_complex.py
[2025-01-18T00:09:20.759+0000] {processor.py:925} INFO - DAG(s) 'example_complex' retrieved from /home/airflow/.local/lib/python3.12/site-packages/airflow/example_dags/example_complex.py
[2025-01-18T00:09:20.840+0000] {logging_mixin.py:190} INFO - [2025-01-18T00:09:20.840+0000] {dag.py:3239} INFO - Sync 1 DAGs
[2025-01-18T00:09:20.870+0000] {logging_mixin.py:190} INFO - [2025-01-18T00:09:20.869+0000] {dag.py:4180} INFO - Setting next_dagrun for example_complex to None, run_after=None
[2025-01-18T00:09:20.898+0000] {processor.py:208} INFO - Processing /home/airflow/.local/lib/python3.12/site-packages/airflow/example_dags/example_complex.py took 0.198 seconds
[2025-01-18T00:09:52.257+0000] {processor.py:186} INFO - Started process (PID=18642) to work on /home/airflow/.local/lib/python3.12/site-packages/airflow/example_dags/example_complex.py
[2025-01-18T00:09:52.259+0000] {processor.py:914} INFO - Processing file /home/airflow/.local/lib/python3.12/site-packages/airflow/example_dags/example_complex.py for tasks to queue
[2025-01-18T00:09:52.261+0000] {logging_mixin.py:190} INFO - [2025-01-18T00:09:52.261+0000] {dagbag.py:588} INFO - Filling up the DagBag from /home/airflow/.local/lib/python3.12/site-packages/airflow/example_dags/example_complex.py
[2025-01-18T00:09:52.277+0000] {processor.py:925} INFO - DAG(s) 'example_complex' retrieved from /home/airflow/.local/lib/python3.12/site-packages/airflow/example_dags/example_complex.py
[2025-01-18T00:09:52.318+0000] {logging_mixin.py:190} INFO - [2025-01-18T00:09:52.318+0000] {dag.py:3239} INFO - Sync 1 DAGs
[2025-01-18T00:09:52.339+0000] {logging_mixin.py:190} INFO - [2025-01-18T00:09:52.338+0000] {dag.py:4180} INFO - Setting next_dagrun for example_complex to None, run_after=None
[2025-01-18T00:09:52.363+0000] {processor.py:208} INFO - Processing /home/airflow/.local/lib/python3.12/site-packages/airflow/example_dags/example_complex.py took 0.112 seconds
[2025-01-18T00:10:23.254+0000] {processor.py:186} INFO - Started process (PID=18714) to work on /home/airflow/.local/lib/python3.12/site-packages/airflow/example_dags/example_complex.py
[2025-01-18T00:10:23.256+0000] {processor.py:914} INFO - Processing file /home/airflow/.local/lib/python3.12/site-packages/airflow/example_dags/example_complex.py for tasks to queue
[2025-01-18T00:10:23.258+0000] {logging_mixin.py:190} INFO - [2025-01-18T00:10:23.258+0000] {dagbag.py:588} INFO - Filling up the DagBag from /home/airflow/.local/lib/python3.12/site-packages/airflow/example_dags/example_complex.py
[2025-01-18T00:10:23.274+0000] {processor.py:925} INFO - DAG(s) 'example_complex' retrieved from /home/airflow/.local/lib/python3.12/site-packages/airflow/example_dags/example_complex.py
[2025-01-18T00:10:23.311+0000] {logging_mixin.py:190} INFO - [2025-01-18T00:10:23.311+0000] {dag.py:3239} INFO - Sync 1 DAGs
[2025-01-18T00:10:23.329+0000] {logging_mixin.py:190} INFO - [2025-01-18T00:10:23.328+0000] {dag.py:4180} INFO - Setting next_dagrun for example_complex to None, run_after=None
[2025-01-18T00:10:23.354+0000] {processor.py:208} INFO - Processing /home/airflow/.local/lib/python3.12/site-packages/airflow/example_dags/example_complex.py took 0.106 seconds
[2025-01-18T00:10:55.097+0000] {processor.py:186} INFO - Started process (PID=18781) to work on /home/airflow/.local/lib/python3.12/site-packages/airflow/example_dags/example_complex.py
[2025-01-18T00:10:55.098+0000] {processor.py:914} INFO - Processing file /home/airflow/.local/lib/python3.12/site-packages/airflow/example_dags/example_complex.py for tasks to queue
[2025-01-18T00:10:55.100+0000] {logging_mixin.py:190} INFO - [2025-01-18T00:10:55.100+0000] {dagbag.py:588} INFO - Filling up the DagBag from /home/airflow/.local/lib/python3.12/site-packages/airflow/example_dags/example_complex.py
[2025-01-18T00:10:55.113+0000] {processor.py:925} INFO - DAG(s) 'example_complex' retrieved from /home/airflow/.local/lib/python3.12/site-packages/airflow/example_dags/example_complex.py
[2025-01-18T00:10:55.151+0000] {logging_mixin.py:190} INFO - [2025-01-18T00:10:55.150+0000] {dag.py:3239} INFO - Sync 1 DAGs
[2025-01-18T00:10:55.168+0000] {logging_mixin.py:190} INFO - [2025-01-18T00:10:55.168+0000] {dag.py:4180} INFO - Setting next_dagrun for example_complex to None, run_after=None
[2025-01-18T00:10:55.190+0000] {processor.py:208} INFO - Processing /home/airflow/.local/lib/python3.12/site-packages/airflow/example_dags/example_complex.py took 0.099 seconds
[2025-01-18T00:11:25.517+0000] {processor.py:186} INFO - Started process (PID=18847) to work on /home/airflow/.local/lib/python3.12/site-packages/airflow/example_dags/example_complex.py
[2025-01-18T00:11:25.520+0000] {processor.py:914} INFO - Processing file /home/airflow/.local/lib/python3.12/site-packages/airflow/example_dags/example_complex.py for tasks to queue
[2025-01-18T00:11:25.523+0000] {logging_mixin.py:190} INFO - [2025-01-18T00:11:25.522+0000] {dagbag.py:588} INFO - Filling up the DagBag from /home/airflow/.local/lib/python3.12/site-packages/airflow/example_dags/example_complex.py
[2025-01-18T00:11:25.536+0000] {processor.py:925} INFO - DAG(s) 'example_complex' retrieved from /home/airflow/.local/lib/python3.12/site-packages/airflow/example_dags/example_complex.py
[2025-01-18T00:11:25.575+0000] {logging_mixin.py:190} INFO - [2025-01-18T00:11:25.575+0000] {dag.py:3239} INFO - Sync 1 DAGs
[2025-01-18T00:11:25.596+0000] {logging_mixin.py:190} INFO - [2025-01-18T00:11:25.595+0000] {dag.py:4180} INFO - Setting next_dagrun for example_complex to None, run_after=None
[2025-01-18T00:11:25.623+0000] {processor.py:208} INFO - Processing /home/airflow/.local/lib/python3.12/site-packages/airflow/example_dags/example_complex.py took 0.113 seconds
[2025-01-18T00:11:55.776+0000] {processor.py:186} INFO - Started process (PID=18914) to work on /home/airflow/.local/lib/python3.12/site-packages/airflow/example_dags/example_complex.py
[2025-01-18T00:11:55.778+0000] {processor.py:914} INFO - Processing file /home/airflow/.local/lib/python3.12/site-packages/airflow/example_dags/example_complex.py for tasks to queue
[2025-01-18T00:11:55.782+0000] {logging_mixin.py:190} INFO - [2025-01-18T00:11:55.781+0000] {dagbag.py:588} INFO - Filling up the DagBag from /home/airflow/.local/lib/python3.12/site-packages/airflow/example_dags/example_complex.py
[2025-01-18T00:11:55.796+0000] {processor.py:925} INFO - DAG(s) 'example_complex' retrieved from /home/airflow/.local/lib/python3.12/site-packages/airflow/example_dags/example_complex.py
[2025-01-18T00:11:55.838+0000] {logging_mixin.py:190} INFO - [2025-01-18T00:11:55.837+0000] {dag.py:3239} INFO - Sync 1 DAGs
[2025-01-18T00:11:55.857+0000] {logging_mixin.py:190} INFO - [2025-01-18T00:11:55.857+0000] {dag.py:4180} INFO - Setting next_dagrun for example_complex to None, run_after=None
[2025-01-18T00:11:55.882+0000] {processor.py:208} INFO - Processing /home/airflow/.local/lib/python3.12/site-packages/airflow/example_dags/example_complex.py took 0.111 seconds
[2025-01-18T00:12:26.333+0000] {processor.py:186} INFO - Started process (PID=18981) to work on /home/airflow/.local/lib/python3.12/site-packages/airflow/example_dags/example_complex.py
[2025-01-18T00:12:26.334+0000] {processor.py:914} INFO - Processing file /home/airflow/.local/lib/python3.12/site-packages/airflow/example_dags/example_complex.py for tasks to queue
[2025-01-18T00:12:26.338+0000] {logging_mixin.py:190} INFO - [2025-01-18T00:12:26.337+0000] {dagbag.py:588} INFO - Filling up the DagBag from /home/airflow/.local/lib/python3.12/site-packages/airflow/example_dags/example_complex.py
[2025-01-18T00:12:26.360+0000] {processor.py:925} INFO - DAG(s) 'example_complex' retrieved from /home/airflow/.local/lib/python3.12/site-packages/airflow/example_dags/example_complex.py
[2025-01-18T00:12:26.406+0000] {logging_mixin.py:190} INFO - [2025-01-18T00:12:26.406+0000] {dag.py:3239} INFO - Sync 1 DAGs
[2025-01-18T00:12:26.427+0000] {logging_mixin.py:190} INFO - [2025-01-18T00:12:26.427+0000] {dag.py:4180} INFO - Setting next_dagrun for example_complex to None, run_after=None
[2025-01-18T00:12:26.452+0000] {processor.py:208} INFO - Processing /home/airflow/.local/lib/python3.12/site-packages/airflow/example_dags/example_complex.py took 0.128 seconds
[2025-01-18T00:12:57.170+0000] {processor.py:186} INFO - Started process (PID=19046) to work on /home/airflow/.local/lib/python3.12/site-packages/airflow/example_dags/example_complex.py
[2025-01-18T00:12:57.173+0000] {processor.py:914} INFO - Processing file /home/airflow/.local/lib/python3.12/site-packages/airflow/example_dags/example_complex.py for tasks to queue
[2025-01-18T00:12:57.175+0000] {logging_mixin.py:190} INFO - [2025-01-18T00:12:57.175+0000] {dagbag.py:588} INFO - Filling up the DagBag from /home/airflow/.local/lib/python3.12/site-packages/airflow/example_dags/example_complex.py
[2025-01-18T00:12:57.186+0000] {processor.py:925} INFO - DAG(s) 'example_complex' retrieved from /home/airflow/.local/lib/python3.12/site-packages/airflow/example_dags/example_complex.py
[2025-01-18T00:12:57.221+0000] {logging_mixin.py:190} INFO - [2025-01-18T00:12:57.221+0000] {dag.py:3239} INFO - Sync 1 DAGs
[2025-01-18T00:12:57.240+0000] {logging_mixin.py:190} INFO - [2025-01-18T00:12:57.240+0000] {dag.py:4180} INFO - Setting next_dagrun for example_complex to None, run_after=None
[2025-01-18T00:12:57.269+0000] {processor.py:208} INFO - Processing /home/airflow/.local/lib/python3.12/site-packages/airflow/example_dags/example_complex.py took 0.104 seconds
[2025-01-18T00:13:27.492+0000] {processor.py:186} INFO - Started process (PID=19113) to work on /home/airflow/.local/lib/python3.12/site-packages/airflow/example_dags/example_complex.py
[2025-01-18T00:13:27.503+0000] {processor.py:914} INFO - Processing file /home/airflow/.local/lib/python3.12/site-packages/airflow/example_dags/example_complex.py for tasks to queue
[2025-01-18T00:13:27.506+0000] {logging_mixin.py:190} INFO - [2025-01-18T00:13:27.506+0000] {dagbag.py:588} INFO - Filling up the DagBag from /home/airflow/.local/lib/python3.12/site-packages/airflow/example_dags/example_complex.py
[2025-01-18T00:13:27.522+0000] {processor.py:925} INFO - DAG(s) 'example_complex' retrieved from /home/airflow/.local/lib/python3.12/site-packages/airflow/example_dags/example_complex.py
[2025-01-18T00:13:27.566+0000] {logging_mixin.py:190} INFO - [2025-01-18T00:13:27.566+0000] {dag.py:3239} INFO - Sync 1 DAGs
[2025-01-18T00:13:27.584+0000] {logging_mixin.py:190} INFO - [2025-01-18T00:13:27.583+0000] {dag.py:4180} INFO - Setting next_dagrun for example_complex to None, run_after=None
[2025-01-18T00:13:27.603+0000] {processor.py:208} INFO - Processing /home/airflow/.local/lib/python3.12/site-packages/airflow/example_dags/example_complex.py took 0.119 seconds
[2025-01-18T00:13:57.964+0000] {processor.py:186} INFO - Started process (PID=19180) to work on /home/airflow/.local/lib/python3.12/site-packages/airflow/example_dags/example_complex.py
[2025-01-18T00:13:57.973+0000] {processor.py:914} INFO - Processing file /home/airflow/.local/lib/python3.12/site-packages/airflow/example_dags/example_complex.py for tasks to queue
[2025-01-18T00:13:57.975+0000] {logging_mixin.py:190} INFO - [2025-01-18T00:13:57.975+0000] {dagbag.py:588} INFO - Filling up the DagBag from /home/airflow/.local/lib/python3.12/site-packages/airflow/example_dags/example_complex.py
[2025-01-18T00:13:57.987+0000] {processor.py:925} INFO - DAG(s) 'example_complex' retrieved from /home/airflow/.local/lib/python3.12/site-packages/airflow/example_dags/example_complex.py
[2025-01-18T00:13:58.020+0000] {logging_mixin.py:190} INFO - [2025-01-18T00:13:58.020+0000] {dag.py:3239} INFO - Sync 1 DAGs
[2025-01-18T00:13:58.035+0000] {logging_mixin.py:190} INFO - [2025-01-18T00:13:58.034+0000] {dag.py:4180} INFO - Setting next_dagrun for example_complex to None, run_after=None
[2025-01-18T00:13:58.056+0000] {processor.py:208} INFO - Processing /home/airflow/.local/lib/python3.12/site-packages/airflow/example_dags/example_complex.py took 0.097 seconds
[2025-01-18T00:14:28.905+0000] {processor.py:186} INFO - Started process (PID=19254) to work on /home/airflow/.local/lib/python3.12/site-packages/airflow/example_dags/example_complex.py
[2025-01-18T00:14:28.908+0000] {processor.py:914} INFO - Processing file /home/airflow/.local/lib/python3.12/site-packages/airflow/example_dags/example_complex.py for tasks to queue
[2025-01-18T00:14:28.911+0000] {logging_mixin.py:190} INFO - [2025-01-18T00:14:28.911+0000] {dagbag.py:588} INFO - Filling up the DagBag from /home/airflow/.local/lib/python3.12/site-packages/airflow/example_dags/example_complex.py
[2025-01-18T00:14:28.926+0000] {processor.py:925} INFO - DAG(s) 'example_complex' retrieved from /home/airflow/.local/lib/python3.12/site-packages/airflow/example_dags/example_complex.py
[2025-01-18T00:14:28.964+0000] {logging_mixin.py:190} INFO - [2025-01-18T00:14:28.964+0000] {dag.py:3239} INFO - Sync 1 DAGs
[2025-01-18T00:14:28.982+0000] {logging_mixin.py:190} INFO - [2025-01-18T00:14:28.981+0000] {dag.py:4180} INFO - Setting next_dagrun for example_complex to None, run_after=None
[2025-01-18T00:14:29.006+0000] {processor.py:208} INFO - Processing /home/airflow/.local/lib/python3.12/site-packages/airflow/example_dags/example_complex.py took 0.106 seconds
[2025-01-18T00:14:59.214+0000] {processor.py:186} INFO - Started process (PID=19321) to work on /home/airflow/.local/lib/python3.12/site-packages/airflow/example_dags/example_complex.py
[2025-01-18T00:14:59.215+0000] {processor.py:914} INFO - Processing file /home/airflow/.local/lib/python3.12/site-packages/airflow/example_dags/example_complex.py for tasks to queue
[2025-01-18T00:14:59.217+0000] {logging_mixin.py:190} INFO - [2025-01-18T00:14:59.217+0000] {dagbag.py:588} INFO - Filling up the DagBag from /home/airflow/.local/lib/python3.12/site-packages/airflow/example_dags/example_complex.py
[2025-01-18T00:14:59.232+0000] {processor.py:925} INFO - DAG(s) 'example_complex' retrieved from /home/airflow/.local/lib/python3.12/site-packages/airflow/example_dags/example_complex.py
[2025-01-18T00:14:59.270+0000] {logging_mixin.py:190} INFO - [2025-01-18T00:14:59.270+0000] {dag.py:3239} INFO - Sync 1 DAGs
[2025-01-18T00:14:59.291+0000] {logging_mixin.py:190} INFO - [2025-01-18T00:14:59.290+0000] {dag.py:4180} INFO - Setting next_dagrun for example_complex to None, run_after=None
[2025-01-18T00:14:59.318+0000] {processor.py:208} INFO - Processing /home/airflow/.local/lib/python3.12/site-packages/airflow/example_dags/example_complex.py took 0.110 seconds
[2025-01-18T00:15:30.066+0000] {processor.py:186} INFO - Started process (PID=19388) to work on /home/airflow/.local/lib/python3.12/site-packages/airflow/example_dags/example_complex.py
[2025-01-18T00:15:30.067+0000] {processor.py:914} INFO - Processing file /home/airflow/.local/lib/python3.12/site-packages/airflow/example_dags/example_complex.py for tasks to queue
[2025-01-18T00:15:30.069+0000] {logging_mixin.py:190} INFO - [2025-01-18T00:15:30.069+0000] {dagbag.py:588} INFO - Filling up the DagBag from /home/airflow/.local/lib/python3.12/site-packages/airflow/example_dags/example_complex.py
[2025-01-18T00:15:30.082+0000] {processor.py:925} INFO - DAG(s) 'example_complex' retrieved from /home/airflow/.local/lib/python3.12/site-packages/airflow/example_dags/example_complex.py
[2025-01-18T00:15:30.119+0000] {logging_mixin.py:190} INFO - [2025-01-18T00:15:30.119+0000] {dag.py:3239} INFO - Sync 1 DAGs
[2025-01-18T00:15:30.137+0000] {logging_mixin.py:190} INFO - [2025-01-18T00:15:30.137+0000] {dag.py:4180} INFO - Setting next_dagrun for example_complex to None, run_after=None
[2025-01-18T00:15:30.164+0000] {processor.py:208} INFO - Processing /home/airflow/.local/lib/python3.12/site-packages/airflow/example_dags/example_complex.py took 0.103 seconds
[2025-01-18T00:16:00.681+0000] {processor.py:186} INFO - Started process (PID=19454) to work on /home/airflow/.local/lib/python3.12/site-packages/airflow/example_dags/example_complex.py
[2025-01-18T00:16:00.684+0000] {processor.py:914} INFO - Processing file /home/airflow/.local/lib/python3.12/site-packages/airflow/example_dags/example_complex.py for tasks to queue
[2025-01-18T00:16:00.686+0000] {logging_mixin.py:190} INFO - [2025-01-18T00:16:00.686+0000] {dagbag.py:588} INFO - Filling up the DagBag from /home/airflow/.local/lib/python3.12/site-packages/airflow/example_dags/example_complex.py
[2025-01-18T00:16:00.700+0000] {processor.py:925} INFO - DAG(s) 'example_complex' retrieved from /home/airflow/.local/lib/python3.12/site-packages/airflow/example_dags/example_complex.py
[2025-01-18T00:16:00.740+0000] {logging_mixin.py:190} INFO - [2025-01-18T00:16:00.739+0000] {dag.py:3239} INFO - Sync 1 DAGs
[2025-01-18T00:16:00.757+0000] {logging_mixin.py:190} INFO - [2025-01-18T00:16:00.756+0000] {dag.py:4180} INFO - Setting next_dagrun for example_complex to None, run_after=None
[2025-01-18T00:16:00.780+0000] {processor.py:208} INFO - Processing /home/airflow/.local/lib/python3.12/site-packages/airflow/example_dags/example_complex.py took 0.105 seconds
[2025-01-18T00:16:31.755+0000] {processor.py:186} INFO - Started process (PID=19521) to work on /home/airflow/.local/lib/python3.12/site-packages/airflow/example_dags/example_complex.py
[2025-01-18T00:16:31.757+0000] {processor.py:914} INFO - Processing file /home/airflow/.local/lib/python3.12/site-packages/airflow/example_dags/example_complex.py for tasks to queue
[2025-01-18T00:16:31.759+0000] {logging_mixin.py:190} INFO - [2025-01-18T00:16:31.759+0000] {dagbag.py:588} INFO - Filling up the DagBag from /home/airflow/.local/lib/python3.12/site-packages/airflow/example_dags/example_complex.py
[2025-01-18T00:16:31.775+0000] {processor.py:925} INFO - DAG(s) 'example_complex' retrieved from /home/airflow/.local/lib/python3.12/site-packages/airflow/example_dags/example_complex.py
[2025-01-18T00:16:31.820+0000] {logging_mixin.py:190} INFO - [2025-01-18T00:16:31.820+0000] {dag.py:3239} INFO - Sync 1 DAGs
[2025-01-18T00:16:31.840+0000] {logging_mixin.py:190} INFO - [2025-01-18T00:16:31.840+0000] {dag.py:4180} INFO - Setting next_dagrun for example_complex to None, run_after=None
[2025-01-18T00:16:31.865+0000] {processor.py:208} INFO - Processing /home/airflow/.local/lib/python3.12/site-packages/airflow/example_dags/example_complex.py took 0.115 seconds
[2025-01-18T00:17:02.335+0000] {processor.py:186} INFO - Started process (PID=19588) to work on /home/airflow/.local/lib/python3.12/site-packages/airflow/example_dags/example_complex.py
[2025-01-18T00:17:02.336+0000] {processor.py:914} INFO - Processing file /home/airflow/.local/lib/python3.12/site-packages/airflow/example_dags/example_complex.py for tasks to queue
[2025-01-18T00:17:02.339+0000] {logging_mixin.py:190} INFO - [2025-01-18T00:17:02.339+0000] {dagbag.py:588} INFO - Filling up the DagBag from /home/airflow/.local/lib/python3.12/site-packages/airflow/example_dags/example_complex.py
[2025-01-18T00:17:02.354+0000] {processor.py:925} INFO - DAG(s) 'example_complex' retrieved from /home/airflow/.local/lib/python3.12/site-packages/airflow/example_dags/example_complex.py
[2025-01-18T00:17:02.393+0000] {logging_mixin.py:190} INFO - [2025-01-18T00:17:02.392+0000] {dag.py:3239} INFO - Sync 1 DAGs
[2025-01-18T00:17:02.624+0000] {logging_mixin.py:190} INFO - [2025-01-18T00:17:02.624+0000] {dag.py:4180} INFO - Setting next_dagrun for example_complex to None, run_after=None
[2025-01-18T00:17:02.646+0000] {processor.py:208} INFO - Processing /home/airflow/.local/lib/python3.12/site-packages/airflow/example_dags/example_complex.py took 0.317 seconds
[2025-01-18T00:17:32.772+0000] {processor.py:186} INFO - Started process (PID=19655) to work on /home/airflow/.local/lib/python3.12/site-packages/airflow/example_dags/example_complex.py
[2025-01-18T00:17:32.783+0000] {processor.py:914} INFO - Processing file /home/airflow/.local/lib/python3.12/site-packages/airflow/example_dags/example_complex.py for tasks to queue
[2025-01-18T00:17:32.786+0000] {logging_mixin.py:190} INFO - [2025-01-18T00:17:32.785+0000] {dagbag.py:588} INFO - Filling up the DagBag from /home/airflow/.local/lib/python3.12/site-packages/airflow/example_dags/example_complex.py
[2025-01-18T00:17:32.795+0000] {processor.py:925} INFO - DAG(s) 'example_complex' retrieved from /home/airflow/.local/lib/python3.12/site-packages/airflow/example_dags/example_complex.py
[2025-01-18T00:17:33.026+0000] {logging_mixin.py:190} INFO - [2025-01-18T00:17:33.025+0000] {dag.py:3239} INFO - Sync 1 DAGs
[2025-01-18T00:17:33.050+0000] {logging_mixin.py:190} INFO - [2025-01-18T00:17:33.049+0000] {dag.py:4180} INFO - Setting next_dagrun for example_complex to None, run_after=None
[2025-01-18T00:17:33.074+0000] {processor.py:208} INFO - Processing /home/airflow/.local/lib/python3.12/site-packages/airflow/example_dags/example_complex.py took 0.306 seconds
[2025-01-18T00:18:03.301+0000] {processor.py:186} INFO - Started process (PID=19723) to work on /home/airflow/.local/lib/python3.12/site-packages/airflow/example_dags/example_complex.py
[2025-01-18T00:18:03.302+0000] {processor.py:914} INFO - Processing file /home/airflow/.local/lib/python3.12/site-packages/airflow/example_dags/example_complex.py for tasks to queue
[2025-01-18T00:18:03.305+0000] {logging_mixin.py:190} INFO - [2025-01-18T00:18:03.304+0000] {dagbag.py:588} INFO - Filling up the DagBag from /home/airflow/.local/lib/python3.12/site-packages/airflow/example_dags/example_complex.py
[2025-01-18T00:18:03.318+0000] {processor.py:925} INFO - DAG(s) 'example_complex' retrieved from /home/airflow/.local/lib/python3.12/site-packages/airflow/example_dags/example_complex.py
[2025-01-18T00:18:03.575+0000] {logging_mixin.py:190} INFO - [2025-01-18T00:18:03.574+0000] {dag.py:3239} INFO - Sync 1 DAGs
[2025-01-18T00:18:03.590+0000] {logging_mixin.py:190} INFO - [2025-01-18T00:18:03.589+0000] {dag.py:4180} INFO - Setting next_dagrun for example_complex to None, run_after=None
[2025-01-18T00:18:03.621+0000] {processor.py:208} INFO - Processing /home/airflow/.local/lib/python3.12/site-packages/airflow/example_dags/example_complex.py took 0.326 seconds
[2025-01-18T00:18:33.942+0000] {processor.py:186} INFO - Started process (PID=19796) to work on /home/airflow/.local/lib/python3.12/site-packages/airflow/example_dags/example_complex.py
[2025-01-18T00:18:33.943+0000] {processor.py:914} INFO - Processing file /home/airflow/.local/lib/python3.12/site-packages/airflow/example_dags/example_complex.py for tasks to queue
[2025-01-18T00:18:33.946+0000] {logging_mixin.py:190} INFO - [2025-01-18T00:18:33.945+0000] {dagbag.py:588} INFO - Filling up the DagBag from /home/airflow/.local/lib/python3.12/site-packages/airflow/example_dags/example_complex.py
[2025-01-18T00:18:33.959+0000] {processor.py:925} INFO - DAG(s) 'example_complex' retrieved from /home/airflow/.local/lib/python3.12/site-packages/airflow/example_dags/example_complex.py
[2025-01-18T00:18:34.212+0000] {logging_mixin.py:190} INFO - [2025-01-18T00:18:34.212+0000] {dag.py:3239} INFO - Sync 1 DAGs
[2025-01-18T00:18:34.230+0000] {logging_mixin.py:190} INFO - [2025-01-18T00:18:34.229+0000] {dag.py:4180} INFO - Setting next_dagrun for example_complex to None, run_after=None
[2025-01-18T00:18:34.262+0000] {processor.py:208} INFO - Processing /home/airflow/.local/lib/python3.12/site-packages/airflow/example_dags/example_complex.py took 0.326 seconds
[2025-01-18T00:19:05.203+0000] {processor.py:186} INFO - Started process (PID=19863) to work on /home/airflow/.local/lib/python3.12/site-packages/airflow/example_dags/example_complex.py
[2025-01-18T00:19:05.214+0000] {processor.py:914} INFO - Processing file /home/airflow/.local/lib/python3.12/site-packages/airflow/example_dags/example_complex.py for tasks to queue
[2025-01-18T00:19:05.218+0000] {logging_mixin.py:190} INFO - [2025-01-18T00:19:05.218+0000] {dagbag.py:588} INFO - Filling up the DagBag from /home/airflow/.local/lib/python3.12/site-packages/airflow/example_dags/example_complex.py
[2025-01-18T00:19:05.234+0000] {processor.py:925} INFO - DAG(s) 'example_complex' retrieved from /home/airflow/.local/lib/python3.12/site-packages/airflow/example_dags/example_complex.py
[2025-01-18T00:19:05.288+0000] {logging_mixin.py:190} INFO - [2025-01-18T00:19:05.287+0000] {dag.py:3239} INFO - Sync 1 DAGs
[2025-01-18T00:19:05.311+0000] {logging_mixin.py:190} INFO - [2025-01-18T00:19:05.311+0000] {dag.py:4180} INFO - Setting next_dagrun for example_complex to None, run_after=None
[2025-01-18T00:19:05.339+0000] {processor.py:208} INFO - Processing /home/airflow/.local/lib/python3.12/site-packages/airflow/example_dags/example_complex.py took 0.142 seconds
[2025-01-18T00:19:35.857+0000] {processor.py:186} INFO - Started process (PID=19930) to work on /home/airflow/.local/lib/python3.12/site-packages/airflow/example_dags/example_complex.py
[2025-01-18T00:19:35.869+0000] {processor.py:914} INFO - Processing file /home/airflow/.local/lib/python3.12/site-packages/airflow/example_dags/example_complex.py for tasks to queue
[2025-01-18T00:19:35.871+0000] {logging_mixin.py:190} INFO - [2025-01-18T00:19:35.870+0000] {dagbag.py:588} INFO - Filling up the DagBag from /home/airflow/.local/lib/python3.12/site-packages/airflow/example_dags/example_complex.py
[2025-01-18T00:19:35.882+0000] {processor.py:925} INFO - DAG(s) 'example_complex' retrieved from /home/airflow/.local/lib/python3.12/site-packages/airflow/example_dags/example_complex.py
[2025-01-18T00:19:35.914+0000] {logging_mixin.py:190} INFO - [2025-01-18T00:19:35.914+0000] {dag.py:3239} INFO - Sync 1 DAGs
[2025-01-18T00:19:35.930+0000] {logging_mixin.py:190} INFO - [2025-01-18T00:19:35.929+0000] {dag.py:4180} INFO - Setting next_dagrun for example_complex to None, run_after=None
[2025-01-18T00:19:35.949+0000] {processor.py:208} INFO - Processing /home/airflow/.local/lib/python3.12/site-packages/airflow/example_dags/example_complex.py took 0.098 seconds
[2025-01-18T00:20:06.890+0000] {processor.py:186} INFO - Started process (PID=19997) to work on /home/airflow/.local/lib/python3.12/site-packages/airflow/example_dags/example_complex.py
[2025-01-18T00:20:06.893+0000] {processor.py:914} INFO - Processing file /home/airflow/.local/lib/python3.12/site-packages/airflow/example_dags/example_complex.py for tasks to queue
[2025-01-18T00:20:06.895+0000] {logging_mixin.py:190} INFO - [2025-01-18T00:20:06.895+0000] {dagbag.py:588} INFO - Filling up the DagBag from /home/airflow/.local/lib/python3.12/site-packages/airflow/example_dags/example_complex.py
[2025-01-18T00:20:06.907+0000] {processor.py:925} INFO - DAG(s) 'example_complex' retrieved from /home/airflow/.local/lib/python3.12/site-packages/airflow/example_dags/example_complex.py
[2025-01-18T00:20:06.946+0000] {logging_mixin.py:190} INFO - [2025-01-18T00:20:06.946+0000] {dag.py:3239} INFO - Sync 1 DAGs
[2025-01-18T00:20:06.967+0000] {logging_mixin.py:190} INFO - [2025-01-18T00:20:06.967+0000] {dag.py:4180} INFO - Setting next_dagrun for example_complex to None, run_after=None
[2025-01-18T00:20:06.994+0000] {processor.py:208} INFO - Processing /home/airflow/.local/lib/python3.12/site-packages/airflow/example_dags/example_complex.py took 0.110 seconds
[2025-01-18T00:20:37.287+0000] {processor.py:186} INFO - Started process (PID=20064) to work on /home/airflow/.local/lib/python3.12/site-packages/airflow/example_dags/example_complex.py
[2025-01-18T00:20:37.290+0000] {processor.py:914} INFO - Processing file /home/airflow/.local/lib/python3.12/site-packages/airflow/example_dags/example_complex.py for tasks to queue
[2025-01-18T00:20:37.292+0000] {logging_mixin.py:190} INFO - [2025-01-18T00:20:37.292+0000] {dagbag.py:588} INFO - Filling up the DagBag from /home/airflow/.local/lib/python3.12/site-packages/airflow/example_dags/example_complex.py
[2025-01-18T00:20:37.304+0000] {processor.py:925} INFO - DAG(s) 'example_complex' retrieved from /home/airflow/.local/lib/python3.12/site-packages/airflow/example_dags/example_complex.py
[2025-01-18T00:20:37.337+0000] {logging_mixin.py:190} INFO - [2025-01-18T00:20:37.337+0000] {dag.py:3239} INFO - Sync 1 DAGs
[2025-01-18T00:20:37.355+0000] {logging_mixin.py:190} INFO - [2025-01-18T00:20:37.355+0000] {dag.py:4180} INFO - Setting next_dagrun for example_complex to None, run_after=None
[2025-01-18T00:20:37.381+0000] {processor.py:208} INFO - Processing /home/airflow/.local/lib/python3.12/site-packages/airflow/example_dags/example_complex.py took 0.098 seconds
[2025-01-18T00:21:07.678+0000] {processor.py:186} INFO - Started process (PID=20131) to work on /home/airflow/.local/lib/python3.12/site-packages/airflow/example_dags/example_complex.py
[2025-01-18T00:21:07.679+0000] {processor.py:914} INFO - Processing file /home/airflow/.local/lib/python3.12/site-packages/airflow/example_dags/example_complex.py for tasks to queue
[2025-01-18T00:21:07.682+0000] {logging_mixin.py:190} INFO - [2025-01-18T00:21:07.682+0000] {dagbag.py:588} INFO - Filling up the DagBag from /home/airflow/.local/lib/python3.12/site-packages/airflow/example_dags/example_complex.py
[2025-01-18T00:21:07.694+0000] {processor.py:925} INFO - DAG(s) 'example_complex' retrieved from /home/airflow/.local/lib/python3.12/site-packages/airflow/example_dags/example_complex.py
[2025-01-18T00:21:07.731+0000] {logging_mixin.py:190} INFO - [2025-01-18T00:21:07.731+0000] {dag.py:3239} INFO - Sync 1 DAGs
[2025-01-18T00:21:07.747+0000] {logging_mixin.py:190} INFO - [2025-01-18T00:21:07.747+0000] {dag.py:4180} INFO - Setting next_dagrun for example_complex to None, run_after=None
[2025-01-18T00:21:07.770+0000] {processor.py:208} INFO - Processing /home/airflow/.local/lib/python3.12/site-packages/airflow/example_dags/example_complex.py took 0.098 seconds
[2025-01-18T00:21:38.117+0000] {processor.py:186} INFO - Started process (PID=20198) to work on /home/airflow/.local/lib/python3.12/site-packages/airflow/example_dags/example_complex.py
[2025-01-18T00:21:38.119+0000] {processor.py:914} INFO - Processing file /home/airflow/.local/lib/python3.12/site-packages/airflow/example_dags/example_complex.py for tasks to queue
[2025-01-18T00:21:38.122+0000] {logging_mixin.py:190} INFO - [2025-01-18T00:21:38.122+0000] {dagbag.py:588} INFO - Filling up the DagBag from /home/airflow/.local/lib/python3.12/site-packages/airflow/example_dags/example_complex.py
[2025-01-18T00:21:38.139+0000] {processor.py:925} INFO - DAG(s) 'example_complex' retrieved from /home/airflow/.local/lib/python3.12/site-packages/airflow/example_dags/example_complex.py
[2025-01-18T00:21:38.179+0000] {logging_mixin.py:190} INFO - [2025-01-18T00:21:38.179+0000] {dag.py:3239} INFO - Sync 1 DAGs
[2025-01-18T00:21:38.199+0000] {logging_mixin.py:190} INFO - [2025-01-18T00:21:38.199+0000] {dag.py:4180} INFO - Setting next_dagrun for example_complex to None, run_after=None
[2025-01-18T00:21:38.228+0000] {processor.py:208} INFO - Processing /home/airflow/.local/lib/python3.12/site-packages/airflow/example_dags/example_complex.py took 0.118 seconds
[2025-01-18T00:22:08.568+0000] {processor.py:186} INFO - Started process (PID=20265) to work on /home/airflow/.local/lib/python3.12/site-packages/airflow/example_dags/example_complex.py
[2025-01-18T00:22:08.578+0000] {processor.py:914} INFO - Processing file /home/airflow/.local/lib/python3.12/site-packages/airflow/example_dags/example_complex.py for tasks to queue
[2025-01-18T00:22:08.581+0000] {logging_mixin.py:190} INFO - [2025-01-18T00:22:08.581+0000] {dagbag.py:588} INFO - Filling up the DagBag from /home/airflow/.local/lib/python3.12/site-packages/airflow/example_dags/example_complex.py
[2025-01-18T00:22:08.592+0000] {processor.py:925} INFO - DAG(s) 'example_complex' retrieved from /home/airflow/.local/lib/python3.12/site-packages/airflow/example_dags/example_complex.py
[2025-01-18T00:22:08.627+0000] {logging_mixin.py:190} INFO - [2025-01-18T00:22:08.626+0000] {dag.py:3239} INFO - Sync 1 DAGs
[2025-01-18T00:22:08.643+0000] {logging_mixin.py:190} INFO - [2025-01-18T00:22:08.643+0000] {dag.py:4180} INFO - Setting next_dagrun for example_complex to None, run_after=None
[2025-01-18T00:22:08.666+0000] {processor.py:208} INFO - Processing /home/airflow/.local/lib/python3.12/site-packages/airflow/example_dags/example_complex.py took 0.103 seconds
[2025-01-18T00:22:39.242+0000] {processor.py:186} INFO - Started process (PID=20338) to work on /home/airflow/.local/lib/python3.12/site-packages/airflow/example_dags/example_complex.py
[2025-01-18T00:22:39.245+0000] {processor.py:914} INFO - Processing file /home/airflow/.local/lib/python3.12/site-packages/airflow/example_dags/example_complex.py for tasks to queue
[2025-01-18T00:22:39.247+0000] {logging_mixin.py:190} INFO - [2025-01-18T00:22:39.247+0000] {dagbag.py:588} INFO - Filling up the DagBag from /home/airflow/.local/lib/python3.12/site-packages/airflow/example_dags/example_complex.py
[2025-01-18T00:22:39.258+0000] {processor.py:925} INFO - DAG(s) 'example_complex' retrieved from /home/airflow/.local/lib/python3.12/site-packages/airflow/example_dags/example_complex.py
[2025-01-18T00:22:39.299+0000] {logging_mixin.py:190} INFO - [2025-01-18T00:22:39.299+0000] {dag.py:3239} INFO - Sync 1 DAGs
[2025-01-18T00:22:39.318+0000] {logging_mixin.py:190} INFO - [2025-01-18T00:22:39.317+0000] {dag.py:4180} INFO - Setting next_dagrun for example_complex to None, run_after=None
[2025-01-18T00:22:39.345+0000] {processor.py:208} INFO - Processing /home/airflow/.local/lib/python3.12/site-packages/airflow/example_dags/example_complex.py took 0.107 seconds
[2025-01-18T00:23:09.569+0000] {processor.py:186} INFO - Started process (PID=20405) to work on /home/airflow/.local/lib/python3.12/site-packages/airflow/example_dags/example_complex.py
[2025-01-18T00:23:09.572+0000] {processor.py:914} INFO - Processing file /home/airflow/.local/lib/python3.12/site-packages/airflow/example_dags/example_complex.py for tasks to queue
[2025-01-18T00:23:09.574+0000] {logging_mixin.py:190} INFO - [2025-01-18T00:23:09.574+0000] {dagbag.py:588} INFO - Filling up the DagBag from /home/airflow/.local/lib/python3.12/site-packages/airflow/example_dags/example_complex.py
[2025-01-18T00:23:09.589+0000] {processor.py:925} INFO - DAG(s) 'example_complex' retrieved from /home/airflow/.local/lib/python3.12/site-packages/airflow/example_dags/example_complex.py
[2025-01-18T00:23:09.641+0000] {logging_mixin.py:190} INFO - [2025-01-18T00:23:09.640+0000] {dag.py:3239} INFO - Sync 1 DAGs
[2025-01-18T00:23:09.661+0000] {logging_mixin.py:190} INFO - [2025-01-18T00:23:09.661+0000] {dag.py:4180} INFO - Setting next_dagrun for example_complex to None, run_after=None
[2025-01-18T00:23:09.687+0000] {processor.py:208} INFO - Processing /home/airflow/.local/lib/python3.12/site-packages/airflow/example_dags/example_complex.py took 0.124 seconds
[2025-01-18T00:23:40.094+0000] {processor.py:186} INFO - Started process (PID=20472) to work on /home/airflow/.local/lib/python3.12/site-packages/airflow/example_dags/example_complex.py
[2025-01-18T00:23:40.096+0000] {processor.py:914} INFO - Processing file /home/airflow/.local/lib/python3.12/site-packages/airflow/example_dags/example_complex.py for tasks to queue
[2025-01-18T00:23:40.098+0000] {logging_mixin.py:190} INFO - [2025-01-18T00:23:40.098+0000] {dagbag.py:588} INFO - Filling up the DagBag from /home/airflow/.local/lib/python3.12/site-packages/airflow/example_dags/example_complex.py
[2025-01-18T00:23:40.110+0000] {processor.py:925} INFO - DAG(s) 'example_complex' retrieved from /home/airflow/.local/lib/python3.12/site-packages/airflow/example_dags/example_complex.py
[2025-01-18T00:23:40.144+0000] {logging_mixin.py:190} INFO - [2025-01-18T00:23:40.143+0000] {dag.py:3239} INFO - Sync 1 DAGs
[2025-01-18T00:23:40.160+0000] {logging_mixin.py:190} INFO - [2025-01-18T00:23:40.160+0000] {dag.py:4180} INFO - Setting next_dagrun for example_complex to None, run_after=None
[2025-01-18T00:23:40.207+0000] {processor.py:208} INFO - Processing /home/airflow/.local/lib/python3.12/site-packages/airflow/example_dags/example_complex.py took 0.118 seconds
[2025-01-18T00:24:10.871+0000] {processor.py:186} INFO - Started process (PID=20539) to work on /home/airflow/.local/lib/python3.12/site-packages/airflow/example_dags/example_complex.py
[2025-01-18T00:24:10.874+0000] {processor.py:914} INFO - Processing file /home/airflow/.local/lib/python3.12/site-packages/airflow/example_dags/example_complex.py for tasks to queue
[2025-01-18T00:24:10.878+0000] {logging_mixin.py:190} INFO - [2025-01-18T00:24:10.877+0000] {dagbag.py:588} INFO - Filling up the DagBag from /home/airflow/.local/lib/python3.12/site-packages/airflow/example_dags/example_complex.py
[2025-01-18T00:24:10.903+0000] {processor.py:925} INFO - DAG(s) 'example_complex' retrieved from /home/airflow/.local/lib/python3.12/site-packages/airflow/example_dags/example_complex.py
[2025-01-18T00:24:10.972+0000] {logging_mixin.py:190} INFO - [2025-01-18T00:24:10.972+0000] {dag.py:3239} INFO - Sync 1 DAGs
[2025-01-18T00:24:10.998+0000] {logging_mixin.py:190} INFO - [2025-01-18T00:24:10.997+0000] {dag.py:4180} INFO - Setting next_dagrun for example_complex to None, run_after=None
[2025-01-18T00:24:11.030+0000] {processor.py:208} INFO - Processing /home/airflow/.local/lib/python3.12/site-packages/airflow/example_dags/example_complex.py took 0.169 seconds
[2025-01-18T00:24:41.245+0000] {processor.py:186} INFO - Started process (PID=20606) to work on /home/airflow/.local/lib/python3.12/site-packages/airflow/example_dags/example_complex.py
[2025-01-18T00:24:41.248+0000] {processor.py:914} INFO - Processing file /home/airflow/.local/lib/python3.12/site-packages/airflow/example_dags/example_complex.py for tasks to queue
[2025-01-18T00:24:41.251+0000] {logging_mixin.py:190} INFO - [2025-01-18T00:24:41.251+0000] {dagbag.py:588} INFO - Filling up the DagBag from /home/airflow/.local/lib/python3.12/site-packages/airflow/example_dags/example_complex.py
[2025-01-18T00:24:41.274+0000] {processor.py:925} INFO - DAG(s) 'example_complex' retrieved from /home/airflow/.local/lib/python3.12/site-packages/airflow/example_dags/example_complex.py
[2025-01-18T00:24:41.328+0000] {logging_mixin.py:190} INFO - [2025-01-18T00:24:41.328+0000] {dag.py:3239} INFO - Sync 1 DAGs
[2025-01-18T00:24:41.348+0000] {logging_mixin.py:190} INFO - [2025-01-18T00:24:41.347+0000] {dag.py:4180} INFO - Setting next_dagrun for example_complex to None, run_after=None
[2025-01-18T00:24:41.372+0000] {processor.py:208} INFO - Processing /home/airflow/.local/lib/python3.12/site-packages/airflow/example_dags/example_complex.py took 0.143 seconds
[2025-01-18T00:25:12.054+0000] {processor.py:186} INFO - Started process (PID=20673) to work on /home/airflow/.local/lib/python3.12/site-packages/airflow/example_dags/example_complex.py
[2025-01-18T00:25:12.056+0000] {processor.py:914} INFO - Processing file /home/airflow/.local/lib/python3.12/site-packages/airflow/example_dags/example_complex.py for tasks to queue
[2025-01-18T00:25:12.059+0000] {logging_mixin.py:190} INFO - [2025-01-18T00:25:12.059+0000] {dagbag.py:588} INFO - Filling up the DagBag from /home/airflow/.local/lib/python3.12/site-packages/airflow/example_dags/example_complex.py
[2025-01-18T00:25:12.073+0000] {processor.py:925} INFO - DAG(s) 'example_complex' retrieved from /home/airflow/.local/lib/python3.12/site-packages/airflow/example_dags/example_complex.py
[2025-01-18T00:25:12.112+0000] {logging_mixin.py:190} INFO - [2025-01-18T00:25:12.111+0000] {dag.py:3239} INFO - Sync 1 DAGs
[2025-01-18T00:25:12.132+0000] {logging_mixin.py:190} INFO - [2025-01-18T00:25:12.132+0000] {dag.py:4180} INFO - Setting next_dagrun for example_complex to None, run_after=None
[2025-01-18T00:25:12.159+0000] {processor.py:208} INFO - Processing /home/airflow/.local/lib/python3.12/site-packages/airflow/example_dags/example_complex.py took 0.113 seconds
[2025-01-18T00:25:42.938+0000] {processor.py:186} INFO - Started process (PID=20740) to work on /home/airflow/.local/lib/python3.12/site-packages/airflow/example_dags/example_complex.py
[2025-01-18T00:25:42.941+0000] {processor.py:914} INFO - Processing file /home/airflow/.local/lib/python3.12/site-packages/airflow/example_dags/example_complex.py for tasks to queue
[2025-01-18T00:25:42.944+0000] {logging_mixin.py:190} INFO - [2025-01-18T00:25:42.943+0000] {dagbag.py:588} INFO - Filling up the DagBag from /home/airflow/.local/lib/python3.12/site-packages/airflow/example_dags/example_complex.py
[2025-01-18T00:25:42.956+0000] {processor.py:925} INFO - DAG(s) 'example_complex' retrieved from /home/airflow/.local/lib/python3.12/site-packages/airflow/example_dags/example_complex.py
[2025-01-18T00:25:42.989+0000] {logging_mixin.py:190} INFO - [2025-01-18T00:25:42.989+0000] {dag.py:3239} INFO - Sync 1 DAGs
[2025-01-18T00:25:43.003+0000] {logging_mixin.py:190} INFO - [2025-01-18T00:25:43.003+0000] {dag.py:4180} INFO - Setting next_dagrun for example_complex to None, run_after=None
[2025-01-18T00:25:43.025+0000] {processor.py:208} INFO - Processing /home/airflow/.local/lib/python3.12/site-packages/airflow/example_dags/example_complex.py took 0.092 seconds
[2025-01-18T00:26:13.542+0000] {processor.py:186} INFO - Started process (PID=20807) to work on /home/airflow/.local/lib/python3.12/site-packages/airflow/example_dags/example_complex.py
[2025-01-18T00:26:13.544+0000] {processor.py:914} INFO - Processing file /home/airflow/.local/lib/python3.12/site-packages/airflow/example_dags/example_complex.py for tasks to queue
[2025-01-18T00:26:13.547+0000] {logging_mixin.py:190} INFO - [2025-01-18T00:26:13.546+0000] {dagbag.py:588} INFO - Filling up the DagBag from /home/airflow/.local/lib/python3.12/site-packages/airflow/example_dags/example_complex.py
[2025-01-18T00:26:13.558+0000] {processor.py:925} INFO - DAG(s) 'example_complex' retrieved from /home/airflow/.local/lib/python3.12/site-packages/airflow/example_dags/example_complex.py
[2025-01-18T00:26:13.594+0000] {logging_mixin.py:190} INFO - [2025-01-18T00:26:13.593+0000] {dag.py:3239} INFO - Sync 1 DAGs
[2025-01-18T00:26:13.610+0000] {logging_mixin.py:190} INFO - [2025-01-18T00:26:13.610+0000] {dag.py:4180} INFO - Setting next_dagrun for example_complex to None, run_after=None
[2025-01-18T00:26:13.644+0000] {processor.py:208} INFO - Processing /home/airflow/.local/lib/python3.12/site-packages/airflow/example_dags/example_complex.py took 0.107 seconds
[2025-01-18T00:26:44.324+0000] {processor.py:186} INFO - Started process (PID=20874) to work on /home/airflow/.local/lib/python3.12/site-packages/airflow/example_dags/example_complex.py
[2025-01-18T00:26:44.326+0000] {processor.py:914} INFO - Processing file /home/airflow/.local/lib/python3.12/site-packages/airflow/example_dags/example_complex.py for tasks to queue
[2025-01-18T00:26:44.328+0000] {logging_mixin.py:190} INFO - [2025-01-18T00:26:44.328+0000] {dagbag.py:588} INFO - Filling up the DagBag from /home/airflow/.local/lib/python3.12/site-packages/airflow/example_dags/example_complex.py
[2025-01-18T00:26:44.341+0000] {processor.py:925} INFO - DAG(s) 'example_complex' retrieved from /home/airflow/.local/lib/python3.12/site-packages/airflow/example_dags/example_complex.py
[2025-01-18T00:26:44.383+0000] {logging_mixin.py:190} INFO - [2025-01-18T00:26:44.382+0000] {dag.py:3239} INFO - Sync 1 DAGs
[2025-01-18T00:26:44.402+0000] {logging_mixin.py:190} INFO - [2025-01-18T00:26:44.401+0000] {dag.py:4180} INFO - Setting next_dagrun for example_complex to None, run_after=None
[2025-01-18T00:26:44.426+0000] {processor.py:208} INFO - Processing /home/airflow/.local/lib/python3.12/site-packages/airflow/example_dags/example_complex.py took 0.109 seconds
[2025-01-18T00:27:15.161+0000] {processor.py:186} INFO - Started process (PID=20947) to work on /home/airflow/.local/lib/python3.12/site-packages/airflow/example_dags/example_complex.py
[2025-01-18T00:27:15.163+0000] {processor.py:914} INFO - Processing file /home/airflow/.local/lib/python3.12/site-packages/airflow/example_dags/example_complex.py for tasks to queue
[2025-01-18T00:27:15.166+0000] {logging_mixin.py:190} INFO - [2025-01-18T00:27:15.165+0000] {dagbag.py:588} INFO - Filling up the DagBag from /home/airflow/.local/lib/python3.12/site-packages/airflow/example_dags/example_complex.py
[2025-01-18T00:27:15.178+0000] {processor.py:925} INFO - DAG(s) 'example_complex' retrieved from /home/airflow/.local/lib/python3.12/site-packages/airflow/example_dags/example_complex.py
[2025-01-18T00:27:15.217+0000] {logging_mixin.py:190} INFO - [2025-01-18T00:27:15.217+0000] {dag.py:3239} INFO - Sync 1 DAGs
[2025-01-18T00:27:15.237+0000] {logging_mixin.py:190} INFO - [2025-01-18T00:27:15.237+0000] {dag.py:4180} INFO - Setting next_dagrun for example_complex to None, run_after=None
[2025-01-18T00:27:15.266+0000] {processor.py:208} INFO - Processing /home/airflow/.local/lib/python3.12/site-packages/airflow/example_dags/example_complex.py took 0.110 seconds
[2025-01-18T00:27:45.624+0000] {processor.py:186} INFO - Started process (PID=21014) to work on /home/airflow/.local/lib/python3.12/site-packages/airflow/example_dags/example_complex.py
[2025-01-18T00:27:45.627+0000] {processor.py:914} INFO - Processing file /home/airflow/.local/lib/python3.12/site-packages/airflow/example_dags/example_complex.py for tasks to queue
[2025-01-18T00:27:45.629+0000] {logging_mixin.py:190} INFO - [2025-01-18T00:27:45.629+0000] {dagbag.py:588} INFO - Filling up the DagBag from /home/airflow/.local/lib/python3.12/site-packages/airflow/example_dags/example_complex.py
[2025-01-18T00:27:45.640+0000] {processor.py:925} INFO - DAG(s) 'example_complex' retrieved from /home/airflow/.local/lib/python3.12/site-packages/airflow/example_dags/example_complex.py
[2025-01-18T00:27:45.671+0000] {logging_mixin.py:190} INFO - [2025-01-18T00:27:45.671+0000] {dag.py:3239} INFO - Sync 1 DAGs
[2025-01-18T00:27:45.685+0000] {logging_mixin.py:190} INFO - [2025-01-18T00:27:45.685+0000] {dag.py:4180} INFO - Setting next_dagrun for example_complex to None, run_after=None
[2025-01-18T00:27:45.707+0000] {processor.py:208} INFO - Processing /home/airflow/.local/lib/python3.12/site-packages/airflow/example_dags/example_complex.py took 0.088 seconds
[2025-01-18T00:28:16.401+0000] {processor.py:186} INFO - Started process (PID=21080) to work on /home/airflow/.local/lib/python3.12/site-packages/airflow/example_dags/example_complex.py
[2025-01-18T00:28:16.402+0000] {processor.py:914} INFO - Processing file /home/airflow/.local/lib/python3.12/site-packages/airflow/example_dags/example_complex.py for tasks to queue
[2025-01-18T00:28:16.405+0000] {logging_mixin.py:190} INFO - [2025-01-18T00:28:16.405+0000] {dagbag.py:588} INFO - Filling up the DagBag from /home/airflow/.local/lib/python3.12/site-packages/airflow/example_dags/example_complex.py
[2025-01-18T00:28:16.423+0000] {processor.py:925} INFO - DAG(s) 'example_complex' retrieved from /home/airflow/.local/lib/python3.12/site-packages/airflow/example_dags/example_complex.py
[2025-01-18T00:28:16.469+0000] {logging_mixin.py:190} INFO - [2025-01-18T00:28:16.468+0000] {dag.py:3239} INFO - Sync 1 DAGs
[2025-01-18T00:28:16.491+0000] {logging_mixin.py:190} INFO - [2025-01-18T00:28:16.490+0000] {dag.py:4180} INFO - Setting next_dagrun for example_complex to None, run_after=None
[2025-01-18T00:28:16.525+0000] {processor.py:208} INFO - Processing /home/airflow/.local/lib/python3.12/site-packages/airflow/example_dags/example_complex.py took 0.131 seconds
[2025-01-18T00:28:46.886+0000] {processor.py:186} INFO - Started process (PID=21147) to work on /home/airflow/.local/lib/python3.12/site-packages/airflow/example_dags/example_complex.py
[2025-01-18T00:28:46.888+0000] {processor.py:914} INFO - Processing file /home/airflow/.local/lib/python3.12/site-packages/airflow/example_dags/example_complex.py for tasks to queue
[2025-01-18T00:28:46.892+0000] {logging_mixin.py:190} INFO - [2025-01-18T00:28:46.891+0000] {dagbag.py:588} INFO - Filling up the DagBag from /home/airflow/.local/lib/python3.12/site-packages/airflow/example_dags/example_complex.py
[2025-01-18T00:28:46.917+0000] {processor.py:925} INFO - DAG(s) 'example_complex' retrieved from /home/airflow/.local/lib/python3.12/site-packages/airflow/example_dags/example_complex.py
[2025-01-18T00:28:46.962+0000] {logging_mixin.py:190} INFO - [2025-01-18T00:28:46.962+0000] {dag.py:3239} INFO - Sync 1 DAGs
[2025-01-18T00:28:46.981+0000] {logging_mixin.py:190} INFO - [2025-01-18T00:28:46.980+0000] {dag.py:4180} INFO - Setting next_dagrun for example_complex to None, run_after=None
[2025-01-18T00:28:47.003+0000] {processor.py:208} INFO - Processing /home/airflow/.local/lib/python3.12/site-packages/airflow/example_dags/example_complex.py took 0.127 seconds
[2025-01-18T00:29:17.334+0000] {processor.py:186} INFO - Started process (PID=21214) to work on /home/airflow/.local/lib/python3.12/site-packages/airflow/example_dags/example_complex.py
[2025-01-18T00:29:17.335+0000] {processor.py:914} INFO - Processing file /home/airflow/.local/lib/python3.12/site-packages/airflow/example_dags/example_complex.py for tasks to queue
[2025-01-18T00:29:17.337+0000] {logging_mixin.py:190} INFO - [2025-01-18T00:29:17.337+0000] {dagbag.py:588} INFO - Filling up the DagBag from /home/airflow/.local/lib/python3.12/site-packages/airflow/example_dags/example_complex.py
[2025-01-18T00:29:17.349+0000] {processor.py:925} INFO - DAG(s) 'example_complex' retrieved from /home/airflow/.local/lib/python3.12/site-packages/airflow/example_dags/example_complex.py
[2025-01-18T00:29:17.383+0000] {logging_mixin.py:190} INFO - [2025-01-18T00:29:17.383+0000] {dag.py:3239} INFO - Sync 1 DAGs
[2025-01-18T00:29:17.405+0000] {logging_mixin.py:190} INFO - [2025-01-18T00:29:17.405+0000] {dag.py:4180} INFO - Setting next_dagrun for example_complex to None, run_after=None
[2025-01-18T00:29:17.438+0000] {processor.py:208} INFO - Processing /home/airflow/.local/lib/python3.12/site-packages/airflow/example_dags/example_complex.py took 0.109 seconds
[2025-01-18T00:29:48.297+0000] {processor.py:186} INFO - Started process (PID=21281) to work on /home/airflow/.local/lib/python3.12/site-packages/airflow/example_dags/example_complex.py
[2025-01-18T00:29:48.308+0000] {processor.py:914} INFO - Processing file /home/airflow/.local/lib/python3.12/site-packages/airflow/example_dags/example_complex.py for tasks to queue
[2025-01-18T00:29:48.310+0000] {logging_mixin.py:190} INFO - [2025-01-18T00:29:48.310+0000] {dagbag.py:588} INFO - Filling up the DagBag from /home/airflow/.local/lib/python3.12/site-packages/airflow/example_dags/example_complex.py
[2025-01-18T00:29:48.321+0000] {processor.py:925} INFO - DAG(s) 'example_complex' retrieved from /home/airflow/.local/lib/python3.12/site-packages/airflow/example_dags/example_complex.py
[2025-01-18T00:29:48.353+0000] {logging_mixin.py:190} INFO - [2025-01-18T00:29:48.352+0000] {dag.py:3239} INFO - Sync 1 DAGs
[2025-01-18T00:29:48.367+0000] {logging_mixin.py:190} INFO - [2025-01-18T00:29:48.367+0000] {dag.py:4180} INFO - Setting next_dagrun for example_complex to None, run_after=None
[2025-01-18T00:29:48.391+0000] {processor.py:208} INFO - Processing /home/airflow/.local/lib/python3.12/site-packages/airflow/example_dags/example_complex.py took 0.098 seconds
[2025-01-18T00:30:18.849+0000] {processor.py:186} INFO - Started process (PID=21348) to work on /home/airflow/.local/lib/python3.12/site-packages/airflow/example_dags/example_complex.py
[2025-01-18T00:30:18.851+0000] {processor.py:914} INFO - Processing file /home/airflow/.local/lib/python3.12/site-packages/airflow/example_dags/example_complex.py for tasks to queue
[2025-01-18T00:30:18.854+0000] {logging_mixin.py:190} INFO - [2025-01-18T00:30:18.853+0000] {dagbag.py:588} INFO - Filling up the DagBag from /home/airflow/.local/lib/python3.12/site-packages/airflow/example_dags/example_complex.py
[2025-01-18T00:30:18.866+0000] {processor.py:925} INFO - DAG(s) 'example_complex' retrieved from /home/airflow/.local/lib/python3.12/site-packages/airflow/example_dags/example_complex.py
[2025-01-18T00:30:18.907+0000] {logging_mixin.py:190} INFO - [2025-01-18T00:30:18.907+0000] {dag.py:3239} INFO - Sync 1 DAGs
[2025-01-18T00:30:18.927+0000] {logging_mixin.py:190} INFO - [2025-01-18T00:30:18.927+0000] {dag.py:4180} INFO - Setting next_dagrun for example_complex to None, run_after=None
[2025-01-18T00:30:18.953+0000] {processor.py:208} INFO - Processing /home/airflow/.local/lib/python3.12/site-packages/airflow/example_dags/example_complex.py took 0.109 seconds
[2025-01-18T00:30:49.097+0000] {processor.py:186} INFO - Started process (PID=21415) to work on /home/airflow/.local/lib/python3.12/site-packages/airflow/example_dags/example_complex.py
[2025-01-18T00:30:49.099+0000] {processor.py:914} INFO - Processing file /home/airflow/.local/lib/python3.12/site-packages/airflow/example_dags/example_complex.py for tasks to queue
[2025-01-18T00:30:49.102+0000] {logging_mixin.py:190} INFO - [2025-01-18T00:30:49.101+0000] {dagbag.py:588} INFO - Filling up the DagBag from /home/airflow/.local/lib/python3.12/site-packages/airflow/example_dags/example_complex.py
[2025-01-18T00:30:49.118+0000] {processor.py:925} INFO - DAG(s) 'example_complex' retrieved from /home/airflow/.local/lib/python3.12/site-packages/airflow/example_dags/example_complex.py
[2025-01-18T00:30:49.165+0000] {logging_mixin.py:190} INFO - [2025-01-18T00:30:49.165+0000] {dag.py:3239} INFO - Sync 1 DAGs
[2025-01-18T00:30:49.184+0000] {logging_mixin.py:190} INFO - [2025-01-18T00:30:49.183+0000] {dag.py:4180} INFO - Setting next_dagrun for example_complex to None, run_after=None
[2025-01-18T00:30:49.208+0000] {processor.py:208} INFO - Processing /home/airflow/.local/lib/python3.12/site-packages/airflow/example_dags/example_complex.py took 0.118 seconds
[2025-01-18T00:31:19.384+0000] {processor.py:186} INFO - Started process (PID=21488) to work on /home/airflow/.local/lib/python3.12/site-packages/airflow/example_dags/example_complex.py
[2025-01-18T00:31:19.386+0000] {processor.py:914} INFO - Processing file /home/airflow/.local/lib/python3.12/site-packages/airflow/example_dags/example_complex.py for tasks to queue
[2025-01-18T00:31:19.388+0000] {logging_mixin.py:190} INFO - [2025-01-18T00:31:19.388+0000] {dagbag.py:588} INFO - Filling up the DagBag from /home/airflow/.local/lib/python3.12/site-packages/airflow/example_dags/example_complex.py
[2025-01-18T00:31:19.401+0000] {processor.py:925} INFO - DAG(s) 'example_complex' retrieved from /home/airflow/.local/lib/python3.12/site-packages/airflow/example_dags/example_complex.py
[2025-01-18T00:31:19.440+0000] {logging_mixin.py:190} INFO - [2025-01-18T00:31:19.439+0000] {dag.py:3239} INFO - Sync 1 DAGs
[2025-01-18T00:31:19.458+0000] {logging_mixin.py:190} INFO - [2025-01-18T00:31:19.458+0000] {dag.py:4180} INFO - Setting next_dagrun for example_complex to None, run_after=None
[2025-01-18T00:31:19.484+0000] {processor.py:208} INFO - Processing /home/airflow/.local/lib/python3.12/site-packages/airflow/example_dags/example_complex.py took 0.106 seconds
[2025-01-18T00:31:49.934+0000] {processor.py:186} INFO - Started process (PID=21555) to work on /home/airflow/.local/lib/python3.12/site-packages/airflow/example_dags/example_complex.py
[2025-01-18T00:31:49.935+0000] {processor.py:914} INFO - Processing file /home/airflow/.local/lib/python3.12/site-packages/airflow/example_dags/example_complex.py for tasks to queue
[2025-01-18T00:31:49.937+0000] {logging_mixin.py:190} INFO - [2025-01-18T00:31:49.936+0000] {dagbag.py:588} INFO - Filling up the DagBag from /home/airflow/.local/lib/python3.12/site-packages/airflow/example_dags/example_complex.py
[2025-01-18T00:31:49.952+0000] {processor.py:925} INFO - DAG(s) 'example_complex' retrieved from /home/airflow/.local/lib/python3.12/site-packages/airflow/example_dags/example_complex.py
[2025-01-18T00:31:49.989+0000] {logging_mixin.py:190} INFO - [2025-01-18T00:31:49.989+0000] {dag.py:3239} INFO - Sync 1 DAGs
[2025-01-18T00:31:50.010+0000] {logging_mixin.py:190} INFO - [2025-01-18T00:31:50.010+0000] {dag.py:4180} INFO - Setting next_dagrun for example_complex to None, run_after=None
[2025-01-18T00:31:50.035+0000] {processor.py:208} INFO - Processing /home/airflow/.local/lib/python3.12/site-packages/airflow/example_dags/example_complex.py took 0.106 seconds
[2025-01-18T00:32:20.188+0000] {processor.py:186} INFO - Started process (PID=21622) to work on /home/airflow/.local/lib/python3.12/site-packages/airflow/example_dags/example_complex.py
[2025-01-18T00:32:20.189+0000] {processor.py:914} INFO - Processing file /home/airflow/.local/lib/python3.12/site-packages/airflow/example_dags/example_complex.py for tasks to queue
[2025-01-18T00:32:20.191+0000] {logging_mixin.py:190} INFO - [2025-01-18T00:32:20.190+0000] {dagbag.py:588} INFO - Filling up the DagBag from /home/airflow/.local/lib/python3.12/site-packages/airflow/example_dags/example_complex.py
[2025-01-18T00:32:20.203+0000] {processor.py:925} INFO - DAG(s) 'example_complex' retrieved from /home/airflow/.local/lib/python3.12/site-packages/airflow/example_dags/example_complex.py
[2025-01-18T00:32:20.238+0000] {logging_mixin.py:190} INFO - [2025-01-18T00:32:20.238+0000] {dag.py:3239} INFO - Sync 1 DAGs
[2025-01-18T00:32:20.256+0000] {logging_mixin.py:190} INFO - [2025-01-18T00:32:20.255+0000] {dag.py:4180} INFO - Setting next_dagrun for example_complex to None, run_after=None
[2025-01-18T00:32:20.282+0000] {processor.py:208} INFO - Processing /home/airflow/.local/lib/python3.12/site-packages/airflow/example_dags/example_complex.py took 0.100 seconds
[2025-01-18T00:32:50.347+0000] {processor.py:186} INFO - Started process (PID=21689) to work on /home/airflow/.local/lib/python3.12/site-packages/airflow/example_dags/example_complex.py
[2025-01-18T00:32:50.349+0000] {processor.py:914} INFO - Processing file /home/airflow/.local/lib/python3.12/site-packages/airflow/example_dags/example_complex.py for tasks to queue
[2025-01-18T00:32:50.351+0000] {logging_mixin.py:190} INFO - [2025-01-18T00:32:50.351+0000] {dagbag.py:588} INFO - Filling up the DagBag from /home/airflow/.local/lib/python3.12/site-packages/airflow/example_dags/example_complex.py
[2025-01-18T00:32:50.364+0000] {processor.py:925} INFO - DAG(s) 'example_complex' retrieved from /home/airflow/.local/lib/python3.12/site-packages/airflow/example_dags/example_complex.py
[2025-01-18T00:32:50.402+0000] {logging_mixin.py:190} INFO - [2025-01-18T00:32:50.402+0000] {dag.py:3239} INFO - Sync 1 DAGs
[2025-01-18T00:32:50.419+0000] {logging_mixin.py:190} INFO - [2025-01-18T00:32:50.419+0000] {dag.py:4180} INFO - Setting next_dagrun for example_complex to None, run_after=None
[2025-01-18T00:32:50.443+0000] {processor.py:208} INFO - Processing /home/airflow/.local/lib/python3.12/site-packages/airflow/example_dags/example_complex.py took 0.101 seconds
[2025-01-18T00:33:20.982+0000] {processor.py:186} INFO - Started process (PID=21755) to work on /home/airflow/.local/lib/python3.12/site-packages/airflow/example_dags/example_complex.py
[2025-01-18T00:33:20.984+0000] {processor.py:914} INFO - Processing file /home/airflow/.local/lib/python3.12/site-packages/airflow/example_dags/example_complex.py for tasks to queue
[2025-01-18T00:33:20.986+0000] {logging_mixin.py:190} INFO - [2025-01-18T00:33:20.986+0000] {dagbag.py:588} INFO - Filling up the DagBag from /home/airflow/.local/lib/python3.12/site-packages/airflow/example_dags/example_complex.py
[2025-01-18T00:33:21.001+0000] {processor.py:925} INFO - DAG(s) 'example_complex' retrieved from /home/airflow/.local/lib/python3.12/site-packages/airflow/example_dags/example_complex.py
[2025-01-18T00:33:21.044+0000] {logging_mixin.py:190} INFO - [2025-01-18T00:33:21.044+0000] {dag.py:3239} INFO - Sync 1 DAGs
[2025-01-18T00:33:21.063+0000] {logging_mixin.py:190} INFO - [2025-01-18T00:33:21.063+0000] {dag.py:4180} INFO - Setting next_dagrun for example_complex to None, run_after=None
[2025-01-18T00:33:21.095+0000] {processor.py:208} INFO - Processing /home/airflow/.local/lib/python3.12/site-packages/airflow/example_dags/example_complex.py took 0.119 seconds
[2025-01-18T00:33:51.597+0000] {processor.py:186} INFO - Started process (PID=21822) to work on /home/airflow/.local/lib/python3.12/site-packages/airflow/example_dags/example_complex.py
[2025-01-18T00:33:51.600+0000] {processor.py:914} INFO - Processing file /home/airflow/.local/lib/python3.12/site-packages/airflow/example_dags/example_complex.py for tasks to queue
[2025-01-18T00:33:51.604+0000] {logging_mixin.py:190} INFO - [2025-01-18T00:33:51.604+0000] {dagbag.py:588} INFO - Filling up the DagBag from /home/airflow/.local/lib/python3.12/site-packages/airflow/example_dags/example_complex.py
[2025-01-18T00:33:51.620+0000] {processor.py:925} INFO - DAG(s) 'example_complex' retrieved from /home/airflow/.local/lib/python3.12/site-packages/airflow/example_dags/example_complex.py
[2025-01-18T00:33:51.662+0000] {logging_mixin.py:190} INFO - [2025-01-18T00:33:51.662+0000] {dag.py:3239} INFO - Sync 1 DAGs
[2025-01-18T00:33:51.681+0000] {logging_mixin.py:190} INFO - [2025-01-18T00:33:51.680+0000] {dag.py:4180} INFO - Setting next_dagrun for example_complex to None, run_after=None
[2025-01-18T00:33:51.707+0000] {processor.py:208} INFO - Processing /home/airflow/.local/lib/python3.12/site-packages/airflow/example_dags/example_complex.py took 0.116 seconds
[2025-01-18T00:34:21.992+0000] {processor.py:186} INFO - Started process (PID=21890) to work on /home/airflow/.local/lib/python3.12/site-packages/airflow/example_dags/example_complex.py
[2025-01-18T00:34:21.994+0000] {processor.py:914} INFO - Processing file /home/airflow/.local/lib/python3.12/site-packages/airflow/example_dags/example_complex.py for tasks to queue
[2025-01-18T00:34:21.997+0000] {logging_mixin.py:190} INFO - [2025-01-18T00:34:21.996+0000] {dagbag.py:588} INFO - Filling up the DagBag from /home/airflow/.local/lib/python3.12/site-packages/airflow/example_dags/example_complex.py
[2025-01-18T00:34:22.007+0000] {processor.py:925} INFO - DAG(s) 'example_complex' retrieved from /home/airflow/.local/lib/python3.12/site-packages/airflow/example_dags/example_complex.py
[2025-01-18T00:34:22.042+0000] {logging_mixin.py:190} INFO - [2025-01-18T00:34:22.041+0000] {dag.py:3239} INFO - Sync 1 DAGs
[2025-01-18T00:34:22.057+0000] {logging_mixin.py:190} INFO - [2025-01-18T00:34:22.057+0000] {dag.py:4180} INFO - Setting next_dagrun for example_complex to None, run_after=None
[2025-01-18T00:34:22.082+0000] {processor.py:208} INFO - Processing /home/airflow/.local/lib/python3.12/site-packages/airflow/example_dags/example_complex.py took 0.095 seconds
[2025-01-18T00:34:52.361+0000] {processor.py:186} INFO - Started process (PID=21957) to work on /home/airflow/.local/lib/python3.12/site-packages/airflow/example_dags/example_complex.py
[2025-01-18T00:34:52.362+0000] {processor.py:914} INFO - Processing file /home/airflow/.local/lib/python3.12/site-packages/airflow/example_dags/example_complex.py for tasks to queue
[2025-01-18T00:34:52.364+0000] {logging_mixin.py:190} INFO - [2025-01-18T00:34:52.364+0000] {dagbag.py:588} INFO - Filling up the DagBag from /home/airflow/.local/lib/python3.12/site-packages/airflow/example_dags/example_complex.py
[2025-01-18T00:34:52.376+0000] {processor.py:925} INFO - DAG(s) 'example_complex' retrieved from /home/airflow/.local/lib/python3.12/site-packages/airflow/example_dags/example_complex.py
[2025-01-18T00:34:52.408+0000] {logging_mixin.py:190} INFO - [2025-01-18T00:34:52.407+0000] {dag.py:3239} INFO - Sync 1 DAGs
[2025-01-18T00:34:52.422+0000] {logging_mixin.py:190} INFO - [2025-01-18T00:34:52.422+0000] {dag.py:4180} INFO - Setting next_dagrun for example_complex to None, run_after=None
[2025-01-18T00:34:52.443+0000] {processor.py:208} INFO - Processing /home/airflow/.local/lib/python3.12/site-packages/airflow/example_dags/example_complex.py took 0.087 seconds
[2025-01-18T00:35:22.606+0000] {processor.py:186} INFO - Started process (PID=22024) to work on /home/airflow/.local/lib/python3.12/site-packages/airflow/example_dags/example_complex.py
[2025-01-18T00:35:22.609+0000] {processor.py:914} INFO - Processing file /home/airflow/.local/lib/python3.12/site-packages/airflow/example_dags/example_complex.py for tasks to queue
[2025-01-18T00:35:22.612+0000] {logging_mixin.py:190} INFO - [2025-01-18T00:35:22.611+0000] {dagbag.py:588} INFO - Filling up the DagBag from /home/airflow/.local/lib/python3.12/site-packages/airflow/example_dags/example_complex.py
[2025-01-18T00:35:22.632+0000] {processor.py:925} INFO - DAG(s) 'example_complex' retrieved from /home/airflow/.local/lib/python3.12/site-packages/airflow/example_dags/example_complex.py
[2025-01-18T00:35:22.764+0000] {logging_mixin.py:190} INFO - [2025-01-18T00:35:22.764+0000] {dag.py:3239} INFO - Sync 1 DAGs
[2025-01-18T00:35:22.823+0000] {logging_mixin.py:190} INFO - [2025-01-18T00:35:22.822+0000] {dag.py:4180} INFO - Setting next_dagrun for example_complex to None, run_after=None
[2025-01-18T00:35:22.857+0000] {processor.py:208} INFO - Processing /home/airflow/.local/lib/python3.12/site-packages/airflow/example_dags/example_complex.py took 0.259 seconds
