[2025-01-18T00:00:15.110+0000] {processor.py:186} INFO - Started process (PID=17371) to work on /home/airflow/.local/lib/python3.12/site-packages/airflow/example_dags/example_setup_teardown.py
[2025-01-18T00:00:15.111+0000] {processor.py:914} INFO - Processing file /home/airflow/.local/lib/python3.12/site-packages/airflow/example_dags/example_setup_teardown.py for tasks to queue
[2025-01-18T00:00:15.114+0000] {logging_mixin.py:190} INFO - [2025-01-18T00:00:15.113+0000] {dagbag.py:588} INFO - Filling up the DagBag from /home/airflow/.local/lib/python3.12/site-packages/airflow/example_dags/example_setup_teardown.py
[2025-01-18T00:00:15.123+0000] {processor.py:925} INFO - DAG(s) 'example_setup_teardown' retrieved from /home/airflow/.local/lib/python3.12/site-packages/airflow/example_dags/example_setup_teardown.py
[2025-01-18T00:00:15.146+0000] {logging_mixin.py:190} INFO - [2025-01-18T00:00:15.146+0000] {dag.py:3239} INFO - Sync 1 DAGs
[2025-01-18T00:00:15.164+0000] {logging_mixin.py:190} INFO - [2025-01-18T00:00:15.164+0000] {dag.py:4180} INFO - Setting next_dagrun for example_setup_teardown to None, run_after=None
[2025-01-18T00:00:15.189+0000] {processor.py:208} INFO - Processing /home/airflow/.local/lib/python3.12/site-packages/airflow/example_dags/example_setup_teardown.py took 0.084 seconds
[2025-01-18T00:00:45.470+0000] {processor.py:186} INFO - Started process (PID=17438) to work on /home/airflow/.local/lib/python3.12/site-packages/airflow/example_dags/example_setup_teardown.py
[2025-01-18T00:00:45.471+0000] {processor.py:914} INFO - Processing file /home/airflow/.local/lib/python3.12/site-packages/airflow/example_dags/example_setup_teardown.py for tasks to queue
[2025-01-18T00:00:45.475+0000] {logging_mixin.py:190} INFO - [2025-01-18T00:00:45.475+0000] {dagbag.py:588} INFO - Filling up the DagBag from /home/airflow/.local/lib/python3.12/site-packages/airflow/example_dags/example_setup_teardown.py
[2025-01-18T00:00:45.490+0000] {processor.py:925} INFO - DAG(s) 'example_setup_teardown' retrieved from /home/airflow/.local/lib/python3.12/site-packages/airflow/example_dags/example_setup_teardown.py
[2025-01-18T00:00:45.535+0000] {logging_mixin.py:190} INFO - [2025-01-18T00:00:45.534+0000] {dag.py:3239} INFO - Sync 1 DAGs
[2025-01-18T00:00:45.573+0000] {logging_mixin.py:190} INFO - [2025-01-18T00:00:45.572+0000] {dag.py:4180} INFO - Setting next_dagrun for example_setup_teardown to None, run_after=None
[2025-01-18T00:00:45.621+0000] {processor.py:208} INFO - Processing /home/airflow/.local/lib/python3.12/site-packages/airflow/example_dags/example_setup_teardown.py took 0.162 seconds
[2025-01-18T00:01:16.194+0000] {processor.py:186} INFO - Started process (PID=17511) to work on /home/airflow/.local/lib/python3.12/site-packages/airflow/example_dags/example_setup_teardown.py
[2025-01-18T00:01:16.195+0000] {processor.py:914} INFO - Processing file /home/airflow/.local/lib/python3.12/site-packages/airflow/example_dags/example_setup_teardown.py for tasks to queue
[2025-01-18T00:01:16.197+0000] {logging_mixin.py:190} INFO - [2025-01-18T00:01:16.197+0000] {dagbag.py:588} INFO - Filling up the DagBag from /home/airflow/.local/lib/python3.12/site-packages/airflow/example_dags/example_setup_teardown.py
[2025-01-18T00:01:16.206+0000] {processor.py:925} INFO - DAG(s) 'example_setup_teardown' retrieved from /home/airflow/.local/lib/python3.12/site-packages/airflow/example_dags/example_setup_teardown.py
[2025-01-18T00:01:16.228+0000] {logging_mixin.py:190} INFO - [2025-01-18T00:01:16.228+0000] {dag.py:3239} INFO - Sync 1 DAGs
[2025-01-18T00:01:16.243+0000] {logging_mixin.py:190} INFO - [2025-01-18T00:01:16.243+0000] {dag.py:4180} INFO - Setting next_dagrun for example_setup_teardown to None, run_after=None
[2025-01-18T00:01:16.264+0000] {processor.py:208} INFO - Processing /home/airflow/.local/lib/python3.12/site-packages/airflow/example_dags/example_setup_teardown.py took 0.076 seconds
[2025-01-18T00:01:46.698+0000] {processor.py:186} INFO - Started process (PID=17578) to work on /home/airflow/.local/lib/python3.12/site-packages/airflow/example_dags/example_setup_teardown.py
[2025-01-18T00:01:46.699+0000] {processor.py:914} INFO - Processing file /home/airflow/.local/lib/python3.12/site-packages/airflow/example_dags/example_setup_teardown.py for tasks to queue
[2025-01-18T00:01:46.701+0000] {logging_mixin.py:190} INFO - [2025-01-18T00:01:46.701+0000] {dagbag.py:588} INFO - Filling up the DagBag from /home/airflow/.local/lib/python3.12/site-packages/airflow/example_dags/example_setup_teardown.py
[2025-01-18T00:01:46.710+0000] {processor.py:925} INFO - DAG(s) 'example_setup_teardown' retrieved from /home/airflow/.local/lib/python3.12/site-packages/airflow/example_dags/example_setup_teardown.py
[2025-01-18T00:01:46.732+0000] {logging_mixin.py:190} INFO - [2025-01-18T00:01:46.732+0000] {dag.py:3239} INFO - Sync 1 DAGs
[2025-01-18T00:01:46.749+0000] {logging_mixin.py:190} INFO - [2025-01-18T00:01:46.749+0000] {dag.py:4180} INFO - Setting next_dagrun for example_setup_teardown to None, run_after=None
[2025-01-18T00:01:46.768+0000] {processor.py:208} INFO - Processing /home/airflow/.local/lib/python3.12/site-packages/airflow/example_dags/example_setup_teardown.py took 0.075 seconds
[2025-01-18T00:02:17.435+0000] {processor.py:186} INFO - Started process (PID=17645) to work on /home/airflow/.local/lib/python3.12/site-packages/airflow/example_dags/example_setup_teardown.py
[2025-01-18T00:02:17.436+0000] {processor.py:914} INFO - Processing file /home/airflow/.local/lib/python3.12/site-packages/airflow/example_dags/example_setup_teardown.py for tasks to queue
[2025-01-18T00:02:17.440+0000] {logging_mixin.py:190} INFO - [2025-01-18T00:02:17.439+0000] {dagbag.py:588} INFO - Filling up the DagBag from /home/airflow/.local/lib/python3.12/site-packages/airflow/example_dags/example_setup_teardown.py
[2025-01-18T00:02:17.451+0000] {processor.py:925} INFO - DAG(s) 'example_setup_teardown' retrieved from /home/airflow/.local/lib/python3.12/site-packages/airflow/example_dags/example_setup_teardown.py
[2025-01-18T00:02:17.475+0000] {logging_mixin.py:190} INFO - [2025-01-18T00:02:17.475+0000] {dag.py:3239} INFO - Sync 1 DAGs
[2025-01-18T00:02:17.493+0000] {logging_mixin.py:190} INFO - [2025-01-18T00:02:17.493+0000] {dag.py:4180} INFO - Setting next_dagrun for example_setup_teardown to None, run_after=None
[2025-01-18T00:02:17.516+0000] {processor.py:208} INFO - Processing /home/airflow/.local/lib/python3.12/site-packages/airflow/example_dags/example_setup_teardown.py took 0.087 seconds
[2025-01-18T00:02:47.845+0000] {processor.py:186} INFO - Started process (PID=17713) to work on /home/airflow/.local/lib/python3.12/site-packages/airflow/example_dags/example_setup_teardown.py
[2025-01-18T00:02:47.846+0000] {processor.py:914} INFO - Processing file /home/airflow/.local/lib/python3.12/site-packages/airflow/example_dags/example_setup_teardown.py for tasks to queue
[2025-01-18T00:02:47.849+0000] {logging_mixin.py:190} INFO - [2025-01-18T00:02:47.848+0000] {dagbag.py:588} INFO - Filling up the DagBag from /home/airflow/.local/lib/python3.12/site-packages/airflow/example_dags/example_setup_teardown.py
[2025-01-18T00:02:47.861+0000] {processor.py:925} INFO - DAG(s) 'example_setup_teardown' retrieved from /home/airflow/.local/lib/python3.12/site-packages/airflow/example_dags/example_setup_teardown.py
[2025-01-18T00:02:47.894+0000] {logging_mixin.py:190} INFO - [2025-01-18T00:02:47.893+0000] {dag.py:3239} INFO - Sync 1 DAGs
[2025-01-18T00:02:47.918+0000] {logging_mixin.py:190} INFO - [2025-01-18T00:02:47.917+0000] {dag.py:4180} INFO - Setting next_dagrun for example_setup_teardown to None, run_after=None
[2025-01-18T00:02:47.950+0000] {processor.py:208} INFO - Processing /home/airflow/.local/lib/python3.12/site-packages/airflow/example_dags/example_setup_teardown.py took 0.113 seconds
[2025-01-18T00:03:18.315+0000] {processor.py:186} INFO - Started process (PID=17781) to work on /home/airflow/.local/lib/python3.12/site-packages/airflow/example_dags/example_setup_teardown.py
[2025-01-18T00:03:18.316+0000] {processor.py:914} INFO - Processing file /home/airflow/.local/lib/python3.12/site-packages/airflow/example_dags/example_setup_teardown.py for tasks to queue
[2025-01-18T00:03:18.319+0000] {logging_mixin.py:190} INFO - [2025-01-18T00:03:18.319+0000] {dagbag.py:588} INFO - Filling up the DagBag from /home/airflow/.local/lib/python3.12/site-packages/airflow/example_dags/example_setup_teardown.py
[2025-01-18T00:03:18.331+0000] {processor.py:925} INFO - DAG(s) 'example_setup_teardown' retrieved from /home/airflow/.local/lib/python3.12/site-packages/airflow/example_dags/example_setup_teardown.py
[2025-01-18T00:03:18.357+0000] {logging_mixin.py:190} INFO - [2025-01-18T00:03:18.356+0000] {dag.py:3239} INFO - Sync 1 DAGs
[2025-01-18T00:03:18.379+0000] {logging_mixin.py:190} INFO - [2025-01-18T00:03:18.379+0000] {dag.py:4180} INFO - Setting next_dagrun for example_setup_teardown to None, run_after=None
[2025-01-18T00:03:18.407+0000] {processor.py:208} INFO - Processing /home/airflow/.local/lib/python3.12/site-packages/airflow/example_dags/example_setup_teardown.py took 0.098 seconds
[2025-01-18T00:03:49.039+0000] {processor.py:186} INFO - Started process (PID=17848) to work on /home/airflow/.local/lib/python3.12/site-packages/airflow/example_dags/example_setup_teardown.py
[2025-01-18T00:03:49.040+0000] {processor.py:914} INFO - Processing file /home/airflow/.local/lib/python3.12/site-packages/airflow/example_dags/example_setup_teardown.py for tasks to queue
[2025-01-18T00:03:49.045+0000] {logging_mixin.py:190} INFO - [2025-01-18T00:03:49.044+0000] {dagbag.py:588} INFO - Filling up the DagBag from /home/airflow/.local/lib/python3.12/site-packages/airflow/example_dags/example_setup_teardown.py
[2025-01-18T00:03:49.060+0000] {processor.py:925} INFO - DAG(s) 'example_setup_teardown' retrieved from /home/airflow/.local/lib/python3.12/site-packages/airflow/example_dags/example_setup_teardown.py
[2025-01-18T00:03:49.090+0000] {logging_mixin.py:190} INFO - [2025-01-18T00:03:49.089+0000] {dag.py:3239} INFO - Sync 1 DAGs
[2025-01-18T00:03:49.110+0000] {logging_mixin.py:190} INFO - [2025-01-18T00:03:49.110+0000] {dag.py:4180} INFO - Setting next_dagrun for example_setup_teardown to None, run_after=None
[2025-01-18T00:03:49.134+0000] {processor.py:208} INFO - Processing /home/airflow/.local/lib/python3.12/site-packages/airflow/example_dags/example_setup_teardown.py took 0.102 seconds
[2025-01-18T00:04:19.440+0000] {processor.py:186} INFO - Started process (PID=17915) to work on /home/airflow/.local/lib/python3.12/site-packages/airflow/example_dags/example_setup_teardown.py
[2025-01-18T00:04:19.441+0000] {processor.py:914} INFO - Processing file /home/airflow/.local/lib/python3.12/site-packages/airflow/example_dags/example_setup_teardown.py for tasks to queue
[2025-01-18T00:04:19.444+0000] {logging_mixin.py:190} INFO - [2025-01-18T00:04:19.443+0000] {dagbag.py:588} INFO - Filling up the DagBag from /home/airflow/.local/lib/python3.12/site-packages/airflow/example_dags/example_setup_teardown.py
[2025-01-18T00:04:19.454+0000] {processor.py:925} INFO - DAG(s) 'example_setup_teardown' retrieved from /home/airflow/.local/lib/python3.12/site-packages/airflow/example_dags/example_setup_teardown.py
[2025-01-18T00:04:19.478+0000] {logging_mixin.py:190} INFO - [2025-01-18T00:04:19.477+0000] {dag.py:3239} INFO - Sync 1 DAGs
[2025-01-18T00:04:19.495+0000] {logging_mixin.py:190} INFO - [2025-01-18T00:04:19.495+0000] {dag.py:4180} INFO - Setting next_dagrun for example_setup_teardown to None, run_after=None
[2025-01-18T00:04:19.522+0000] {processor.py:208} INFO - Processing /home/airflow/.local/lib/python3.12/site-packages/airflow/example_dags/example_setup_teardown.py took 0.089 seconds
[2025-01-18T00:04:50.487+0000] {processor.py:186} INFO - Started process (PID=17982) to work on /home/airflow/.local/lib/python3.12/site-packages/airflow/example_dags/example_setup_teardown.py
[2025-01-18T00:04:50.489+0000] {processor.py:914} INFO - Processing file /home/airflow/.local/lib/python3.12/site-packages/airflow/example_dags/example_setup_teardown.py for tasks to queue
[2025-01-18T00:04:50.491+0000] {logging_mixin.py:190} INFO - [2025-01-18T00:04:50.491+0000] {dagbag.py:588} INFO - Filling up the DagBag from /home/airflow/.local/lib/python3.12/site-packages/airflow/example_dags/example_setup_teardown.py
[2025-01-18T00:04:50.501+0000] {processor.py:925} INFO - DAG(s) 'example_setup_teardown' retrieved from /home/airflow/.local/lib/python3.12/site-packages/airflow/example_dags/example_setup_teardown.py
[2025-01-18T00:04:50.527+0000] {logging_mixin.py:190} INFO - [2025-01-18T00:04:50.527+0000] {dag.py:3239} INFO - Sync 1 DAGs
[2025-01-18T00:04:50.545+0000] {logging_mixin.py:190} INFO - [2025-01-18T00:04:50.545+0000] {dag.py:4180} INFO - Setting next_dagrun for example_setup_teardown to None, run_after=None
[2025-01-18T00:04:50.570+0000] {processor.py:208} INFO - Processing /home/airflow/.local/lib/python3.12/site-packages/airflow/example_dags/example_setup_teardown.py took 0.090 seconds
[2025-01-18T00:05:20.823+0000] {processor.py:186} INFO - Started process (PID=18049) to work on /home/airflow/.local/lib/python3.12/site-packages/airflow/example_dags/example_setup_teardown.py
[2025-01-18T00:05:20.824+0000] {processor.py:914} INFO - Processing file /home/airflow/.local/lib/python3.12/site-packages/airflow/example_dags/example_setup_teardown.py for tasks to queue
[2025-01-18T00:05:20.827+0000] {logging_mixin.py:190} INFO - [2025-01-18T00:05:20.826+0000] {dagbag.py:588} INFO - Filling up the DagBag from /home/airflow/.local/lib/python3.12/site-packages/airflow/example_dags/example_setup_teardown.py
[2025-01-18T00:05:20.836+0000] {processor.py:925} INFO - DAG(s) 'example_setup_teardown' retrieved from /home/airflow/.local/lib/python3.12/site-packages/airflow/example_dags/example_setup_teardown.py
[2025-01-18T00:05:20.861+0000] {logging_mixin.py:190} INFO - [2025-01-18T00:05:20.861+0000] {dag.py:3239} INFO - Sync 1 DAGs
[2025-01-18T00:05:20.887+0000] {logging_mixin.py:190} INFO - [2025-01-18T00:05:20.887+0000] {dag.py:4180} INFO - Setting next_dagrun for example_setup_teardown to None, run_after=None
[2025-01-18T00:05:20.919+0000] {processor.py:208} INFO - Processing /home/airflow/.local/lib/python3.12/site-packages/airflow/example_dags/example_setup_teardown.py took 0.103 seconds
[2025-01-18T00:05:51.353+0000] {processor.py:186} INFO - Started process (PID=18122) to work on /home/airflow/.local/lib/python3.12/site-packages/airflow/example_dags/example_setup_teardown.py
[2025-01-18T00:05:51.355+0000] {processor.py:914} INFO - Processing file /home/airflow/.local/lib/python3.12/site-packages/airflow/example_dags/example_setup_teardown.py for tasks to queue
[2025-01-18T00:05:51.359+0000] {logging_mixin.py:190} INFO - [2025-01-18T00:05:51.358+0000] {dagbag.py:588} INFO - Filling up the DagBag from /home/airflow/.local/lib/python3.12/site-packages/airflow/example_dags/example_setup_teardown.py
[2025-01-18T00:05:51.375+0000] {processor.py:925} INFO - DAG(s) 'example_setup_teardown' retrieved from /home/airflow/.local/lib/python3.12/site-packages/airflow/example_dags/example_setup_teardown.py
[2025-01-18T00:05:51.418+0000] {logging_mixin.py:190} INFO - [2025-01-18T00:05:51.418+0000] {dag.py:3239} INFO - Sync 1 DAGs
[2025-01-18T00:05:51.452+0000] {logging_mixin.py:190} INFO - [2025-01-18T00:05:51.452+0000] {dag.py:4180} INFO - Setting next_dagrun for example_setup_teardown to None, run_after=None
[2025-01-18T00:05:51.490+0000] {processor.py:208} INFO - Processing /home/airflow/.local/lib/python3.12/site-packages/airflow/example_dags/example_setup_teardown.py took 0.146 seconds
[2025-01-18T00:06:21.630+0000] {processor.py:186} INFO - Started process (PID=18190) to work on /home/airflow/.local/lib/python3.12/site-packages/airflow/example_dags/example_setup_teardown.py
[2025-01-18T00:06:21.632+0000] {processor.py:914} INFO - Processing file /home/airflow/.local/lib/python3.12/site-packages/airflow/example_dags/example_setup_teardown.py for tasks to queue
[2025-01-18T00:06:21.635+0000] {logging_mixin.py:190} INFO - [2025-01-18T00:06:21.635+0000] {dagbag.py:588} INFO - Filling up the DagBag from /home/airflow/.local/lib/python3.12/site-packages/airflow/example_dags/example_setup_teardown.py
[2025-01-18T00:06:21.652+0000] {processor.py:925} INFO - DAG(s) 'example_setup_teardown' retrieved from /home/airflow/.local/lib/python3.12/site-packages/airflow/example_dags/example_setup_teardown.py
[2025-01-18T00:06:21.691+0000] {logging_mixin.py:190} INFO - [2025-01-18T00:06:21.691+0000] {dag.py:3239} INFO - Sync 1 DAGs
[2025-01-18T00:06:21.724+0000] {logging_mixin.py:190} INFO - [2025-01-18T00:06:21.723+0000] {dag.py:4180} INFO - Setting next_dagrun for example_setup_teardown to None, run_after=None
[2025-01-18T00:06:21.759+0000] {processor.py:208} INFO - Processing /home/airflow/.local/lib/python3.12/site-packages/airflow/example_dags/example_setup_teardown.py took 0.136 seconds
[2025-01-18T00:06:51.994+0000] {processor.py:186} INFO - Started process (PID=18257) to work on /home/airflow/.local/lib/python3.12/site-packages/airflow/example_dags/example_setup_teardown.py
[2025-01-18T00:06:51.996+0000] {processor.py:914} INFO - Processing file /home/airflow/.local/lib/python3.12/site-packages/airflow/example_dags/example_setup_teardown.py for tasks to queue
[2025-01-18T00:06:51.999+0000] {logging_mixin.py:190} INFO - [2025-01-18T00:06:51.999+0000] {dagbag.py:588} INFO - Filling up the DagBag from /home/airflow/.local/lib/python3.12/site-packages/airflow/example_dags/example_setup_teardown.py
[2025-01-18T00:06:52.017+0000] {processor.py:925} INFO - DAG(s) 'example_setup_teardown' retrieved from /home/airflow/.local/lib/python3.12/site-packages/airflow/example_dags/example_setup_teardown.py
[2025-01-18T00:06:52.052+0000] {logging_mixin.py:190} INFO - [2025-01-18T00:06:52.052+0000] {dag.py:3239} INFO - Sync 1 DAGs
[2025-01-18T00:06:52.079+0000] {logging_mixin.py:190} INFO - [2025-01-18T00:06:52.078+0000] {dag.py:4180} INFO - Setting next_dagrun for example_setup_teardown to None, run_after=None
[2025-01-18T00:06:52.112+0000] {processor.py:208} INFO - Processing /home/airflow/.local/lib/python3.12/site-packages/airflow/example_dags/example_setup_teardown.py took 0.129 seconds
[2025-01-18T00:07:22.200+0000] {processor.py:186} INFO - Started process (PID=18324) to work on /home/airflow/.local/lib/python3.12/site-packages/airflow/example_dags/example_setup_teardown.py
[2025-01-18T00:07:22.201+0000] {processor.py:914} INFO - Processing file /home/airflow/.local/lib/python3.12/site-packages/airflow/example_dags/example_setup_teardown.py for tasks to queue
[2025-01-18T00:07:22.204+0000] {logging_mixin.py:190} INFO - [2025-01-18T00:07:22.204+0000] {dagbag.py:588} INFO - Filling up the DagBag from /home/airflow/.local/lib/python3.12/site-packages/airflow/example_dags/example_setup_teardown.py
[2025-01-18T00:07:22.213+0000] {processor.py:925} INFO - DAG(s) 'example_setup_teardown' retrieved from /home/airflow/.local/lib/python3.12/site-packages/airflow/example_dags/example_setup_teardown.py
[2025-01-18T00:07:22.238+0000] {logging_mixin.py:190} INFO - [2025-01-18T00:07:22.238+0000] {dag.py:3239} INFO - Sync 1 DAGs
[2025-01-18T00:07:22.256+0000] {logging_mixin.py:190} INFO - [2025-01-18T00:07:22.256+0000] {dag.py:4180} INFO - Setting next_dagrun for example_setup_teardown to None, run_after=None
[2025-01-18T00:07:22.283+0000] {processor.py:208} INFO - Processing /home/airflow/.local/lib/python3.12/site-packages/airflow/example_dags/example_setup_teardown.py took 0.088 seconds
[2025-01-18T00:07:52.470+0000] {processor.py:186} INFO - Started process (PID=18391) to work on /home/airflow/.local/lib/python3.12/site-packages/airflow/example_dags/example_setup_teardown.py
[2025-01-18T00:07:52.471+0000] {processor.py:914} INFO - Processing file /home/airflow/.local/lib/python3.12/site-packages/airflow/example_dags/example_setup_teardown.py for tasks to queue
[2025-01-18T00:07:52.474+0000] {logging_mixin.py:190} INFO - [2025-01-18T00:07:52.473+0000] {dagbag.py:588} INFO - Filling up the DagBag from /home/airflow/.local/lib/python3.12/site-packages/airflow/example_dags/example_setup_teardown.py
[2025-01-18T00:07:52.484+0000] {processor.py:925} INFO - DAG(s) 'example_setup_teardown' retrieved from /home/airflow/.local/lib/python3.12/site-packages/airflow/example_dags/example_setup_teardown.py
[2025-01-18T00:07:52.507+0000] {logging_mixin.py:190} INFO - [2025-01-18T00:07:52.507+0000] {dag.py:3239} INFO - Sync 1 DAGs
[2025-01-18T00:07:52.522+0000] {logging_mixin.py:190} INFO - [2025-01-18T00:07:52.521+0000] {dag.py:4180} INFO - Setting next_dagrun for example_setup_teardown to None, run_after=None
[2025-01-18T00:07:52.548+0000] {processor.py:208} INFO - Processing /home/airflow/.local/lib/python3.12/site-packages/airflow/example_dags/example_setup_teardown.py took 0.085 seconds
[2025-01-18T00:08:23.336+0000] {processor.py:186} INFO - Started process (PID=18458) to work on /home/airflow/.local/lib/python3.12/site-packages/airflow/example_dags/example_setup_teardown.py
[2025-01-18T00:08:23.337+0000] {processor.py:914} INFO - Processing file /home/airflow/.local/lib/python3.12/site-packages/airflow/example_dags/example_setup_teardown.py for tasks to queue
[2025-01-18T00:08:23.340+0000] {logging_mixin.py:190} INFO - [2025-01-18T00:08:23.340+0000] {dagbag.py:588} INFO - Filling up the DagBag from /home/airflow/.local/lib/python3.12/site-packages/airflow/example_dags/example_setup_teardown.py
[2025-01-18T00:08:23.349+0000] {processor.py:925} INFO - DAG(s) 'example_setup_teardown' retrieved from /home/airflow/.local/lib/python3.12/site-packages/airflow/example_dags/example_setup_teardown.py
[2025-01-18T00:08:23.376+0000] {logging_mixin.py:190} INFO - [2025-01-18T00:08:23.376+0000] {dag.py:3239} INFO - Sync 1 DAGs
[2025-01-18T00:08:23.394+0000] {logging_mixin.py:190} INFO - [2025-01-18T00:08:23.393+0000] {dag.py:4180} INFO - Setting next_dagrun for example_setup_teardown to None, run_after=None
[2025-01-18T00:08:23.415+0000] {processor.py:208} INFO - Processing /home/airflow/.local/lib/python3.12/site-packages/airflow/example_dags/example_setup_teardown.py took 0.086 seconds
[2025-01-18T00:08:53.482+0000] {processor.py:186} INFO - Started process (PID=18525) to work on /home/airflow/.local/lib/python3.12/site-packages/airflow/example_dags/example_setup_teardown.py
[2025-01-18T00:08:53.484+0000] {processor.py:914} INFO - Processing file /home/airflow/.local/lib/python3.12/site-packages/airflow/example_dags/example_setup_teardown.py for tasks to queue
[2025-01-18T00:08:53.488+0000] {logging_mixin.py:190} INFO - [2025-01-18T00:08:53.488+0000] {dagbag.py:588} INFO - Filling up the DagBag from /home/airflow/.local/lib/python3.12/site-packages/airflow/example_dags/example_setup_teardown.py
[2025-01-18T00:08:53.498+0000] {processor.py:925} INFO - DAG(s) 'example_setup_teardown' retrieved from /home/airflow/.local/lib/python3.12/site-packages/airflow/example_dags/example_setup_teardown.py
[2025-01-18T00:08:53.529+0000] {logging_mixin.py:190} INFO - [2025-01-18T00:08:53.529+0000] {dag.py:3239} INFO - Sync 1 DAGs
[2025-01-18T00:08:53.551+0000] {logging_mixin.py:190} INFO - [2025-01-18T00:08:53.550+0000] {dag.py:4180} INFO - Setting next_dagrun for example_setup_teardown to None, run_after=None
[2025-01-18T00:08:53.577+0000] {processor.py:208} INFO - Processing /home/airflow/.local/lib/python3.12/site-packages/airflow/example_dags/example_setup_teardown.py took 0.100 seconds
[2025-01-18T00:09:23.634+0000] {processor.py:186} INFO - Started process (PID=18589) to work on /home/airflow/.local/lib/python3.12/site-packages/airflow/example_dags/example_setup_teardown.py
[2025-01-18T00:09:23.636+0000] {processor.py:914} INFO - Processing file /home/airflow/.local/lib/python3.12/site-packages/airflow/example_dags/example_setup_teardown.py for tasks to queue
[2025-01-18T00:09:23.639+0000] {logging_mixin.py:190} INFO - [2025-01-18T00:09:23.639+0000] {dagbag.py:588} INFO - Filling up the DagBag from /home/airflow/.local/lib/python3.12/site-packages/airflow/example_dags/example_setup_teardown.py
[2025-01-18T00:09:23.649+0000] {processor.py:925} INFO - DAG(s) 'example_setup_teardown' retrieved from /home/airflow/.local/lib/python3.12/site-packages/airflow/example_dags/example_setup_teardown.py
[2025-01-18T00:09:23.677+0000] {logging_mixin.py:190} INFO - [2025-01-18T00:09:23.677+0000] {dag.py:3239} INFO - Sync 1 DAGs
[2025-01-18T00:09:23.702+0000] {logging_mixin.py:190} INFO - [2025-01-18T00:09:23.702+0000] {dag.py:4180} INFO - Setting next_dagrun for example_setup_teardown to None, run_after=None
[2025-01-18T00:09:23.736+0000] {processor.py:208} INFO - Processing /home/airflow/.local/lib/python3.12/site-packages/airflow/example_dags/example_setup_teardown.py took 0.107 seconds
[2025-01-18T00:09:54.154+0000] {processor.py:186} INFO - Started process (PID=18656) to work on /home/airflow/.local/lib/python3.12/site-packages/airflow/example_dags/example_setup_teardown.py
[2025-01-18T00:09:54.155+0000] {processor.py:914} INFO - Processing file /home/airflow/.local/lib/python3.12/site-packages/airflow/example_dags/example_setup_teardown.py for tasks to queue
[2025-01-18T00:09:54.159+0000] {logging_mixin.py:190} INFO - [2025-01-18T00:09:54.158+0000] {dagbag.py:588} INFO - Filling up the DagBag from /home/airflow/.local/lib/python3.12/site-packages/airflow/example_dags/example_setup_teardown.py
[2025-01-18T00:09:54.169+0000] {processor.py:925} INFO - DAG(s) 'example_setup_teardown' retrieved from /home/airflow/.local/lib/python3.12/site-packages/airflow/example_dags/example_setup_teardown.py
[2025-01-18T00:09:54.197+0000] {logging_mixin.py:190} INFO - [2025-01-18T00:09:54.196+0000] {dag.py:3239} INFO - Sync 1 DAGs
[2025-01-18T00:09:54.216+0000] {logging_mixin.py:190} INFO - [2025-01-18T00:09:54.215+0000] {dag.py:4180} INFO - Setting next_dagrun for example_setup_teardown to None, run_after=None
[2025-01-18T00:09:54.241+0000] {processor.py:208} INFO - Processing /home/airflow/.local/lib/python3.12/site-packages/airflow/example_dags/example_setup_teardown.py took 0.093 seconds
[2025-01-18T00:10:25.133+0000] {processor.py:186} INFO - Started process (PID=18729) to work on /home/airflow/.local/lib/python3.12/site-packages/airflow/example_dags/example_setup_teardown.py
[2025-01-18T00:10:25.134+0000] {processor.py:914} INFO - Processing file /home/airflow/.local/lib/python3.12/site-packages/airflow/example_dags/example_setup_teardown.py for tasks to queue
[2025-01-18T00:10:25.137+0000] {logging_mixin.py:190} INFO - [2025-01-18T00:10:25.137+0000] {dagbag.py:588} INFO - Filling up the DagBag from /home/airflow/.local/lib/python3.12/site-packages/airflow/example_dags/example_setup_teardown.py
[2025-01-18T00:10:25.147+0000] {processor.py:925} INFO - DAG(s) 'example_setup_teardown' retrieved from /home/airflow/.local/lib/python3.12/site-packages/airflow/example_dags/example_setup_teardown.py
[2025-01-18T00:10:25.176+0000] {logging_mixin.py:190} INFO - [2025-01-18T00:10:25.175+0000] {dag.py:3239} INFO - Sync 1 DAGs
[2025-01-18T00:10:25.195+0000] {logging_mixin.py:190} INFO - [2025-01-18T00:10:25.195+0000] {dag.py:4180} INFO - Setting next_dagrun for example_setup_teardown to None, run_after=None
[2025-01-18T00:10:25.217+0000] {processor.py:208} INFO - Processing /home/airflow/.local/lib/python3.12/site-packages/airflow/example_dags/example_setup_teardown.py took 0.091 seconds
[2025-01-18T00:10:56.388+0000] {processor.py:186} INFO - Started process (PID=18796) to work on /home/airflow/.local/lib/python3.12/site-packages/airflow/example_dags/example_setup_teardown.py
[2025-01-18T00:10:56.391+0000] {processor.py:914} INFO - Processing file /home/airflow/.local/lib/python3.12/site-packages/airflow/example_dags/example_setup_teardown.py for tasks to queue
[2025-01-18T00:10:56.394+0000] {logging_mixin.py:190} INFO - [2025-01-18T00:10:56.393+0000] {dagbag.py:588} INFO - Filling up the DagBag from /home/airflow/.local/lib/python3.12/site-packages/airflow/example_dags/example_setup_teardown.py
[2025-01-18T00:10:56.404+0000] {processor.py:925} INFO - DAG(s) 'example_setup_teardown' retrieved from /home/airflow/.local/lib/python3.12/site-packages/airflow/example_dags/example_setup_teardown.py
[2025-01-18T00:10:56.435+0000] {logging_mixin.py:190} INFO - [2025-01-18T00:10:56.434+0000] {dag.py:3239} INFO - Sync 1 DAGs
[2025-01-18T00:10:56.456+0000] {logging_mixin.py:190} INFO - [2025-01-18T00:10:56.455+0000] {dag.py:4180} INFO - Setting next_dagrun for example_setup_teardown to None, run_after=None
[2025-01-18T00:10:56.478+0000] {processor.py:208} INFO - Processing /home/airflow/.local/lib/python3.12/site-packages/airflow/example_dags/example_setup_teardown.py took 0.098 seconds
[2025-01-18T00:11:26.990+0000] {processor.py:186} INFO - Started process (PID=18864) to work on /home/airflow/.local/lib/python3.12/site-packages/airflow/example_dags/example_setup_teardown.py
[2025-01-18T00:11:26.992+0000] {processor.py:914} INFO - Processing file /home/airflow/.local/lib/python3.12/site-packages/airflow/example_dags/example_setup_teardown.py for tasks to queue
[2025-01-18T00:11:26.996+0000] {logging_mixin.py:190} INFO - [2025-01-18T00:11:26.996+0000] {dagbag.py:588} INFO - Filling up the DagBag from /home/airflow/.local/lib/python3.12/site-packages/airflow/example_dags/example_setup_teardown.py
[2025-01-18T00:11:27.010+0000] {processor.py:925} INFO - DAG(s) 'example_setup_teardown' retrieved from /home/airflow/.local/lib/python3.12/site-packages/airflow/example_dags/example_setup_teardown.py
[2025-01-18T00:11:27.039+0000] {logging_mixin.py:190} INFO - [2025-01-18T00:11:27.038+0000] {dag.py:3239} INFO - Sync 1 DAGs
[2025-01-18T00:11:27.060+0000] {logging_mixin.py:190} INFO - [2025-01-18T00:11:27.059+0000] {dag.py:4180} INFO - Setting next_dagrun for example_setup_teardown to None, run_after=None
[2025-01-18T00:11:27.089+0000] {processor.py:208} INFO - Processing /home/airflow/.local/lib/python3.12/site-packages/airflow/example_dags/example_setup_teardown.py took 0.110 seconds
[2025-01-18T00:11:57.274+0000] {processor.py:186} INFO - Started process (PID=18932) to work on /home/airflow/.local/lib/python3.12/site-packages/airflow/example_dags/example_setup_teardown.py
[2025-01-18T00:11:57.275+0000] {processor.py:914} INFO - Processing file /home/airflow/.local/lib/python3.12/site-packages/airflow/example_dags/example_setup_teardown.py for tasks to queue
[2025-01-18T00:11:57.278+0000] {logging_mixin.py:190} INFO - [2025-01-18T00:11:57.277+0000] {dagbag.py:588} INFO - Filling up the DagBag from /home/airflow/.local/lib/python3.12/site-packages/airflow/example_dags/example_setup_teardown.py
[2025-01-18T00:11:57.291+0000] {processor.py:925} INFO - DAG(s) 'example_setup_teardown' retrieved from /home/airflow/.local/lib/python3.12/site-packages/airflow/example_dags/example_setup_teardown.py
[2025-01-18T00:11:57.315+0000] {logging_mixin.py:190} INFO - [2025-01-18T00:11:57.315+0000] {dag.py:3239} INFO - Sync 1 DAGs
[2025-01-18T00:11:57.334+0000] {logging_mixin.py:190} INFO - [2025-01-18T00:11:57.334+0000] {dag.py:4180} INFO - Setting next_dagrun for example_setup_teardown to None, run_after=None
[2025-01-18T00:11:57.362+0000] {processor.py:208} INFO - Processing /home/airflow/.local/lib/python3.12/site-packages/airflow/example_dags/example_setup_teardown.py took 0.095 seconds
[2025-01-18T00:12:28.395+0000] {processor.py:186} INFO - Started process (PID=18995) to work on /home/airflow/.local/lib/python3.12/site-packages/airflow/example_dags/example_setup_teardown.py
[2025-01-18T00:12:28.396+0000] {processor.py:914} INFO - Processing file /home/airflow/.local/lib/python3.12/site-packages/airflow/example_dags/example_setup_teardown.py for tasks to queue
[2025-01-18T00:12:28.399+0000] {logging_mixin.py:190} INFO - [2025-01-18T00:12:28.398+0000] {dagbag.py:588} INFO - Filling up the DagBag from /home/airflow/.local/lib/python3.12/site-packages/airflow/example_dags/example_setup_teardown.py
[2025-01-18T00:12:28.412+0000] {processor.py:925} INFO - DAG(s) 'example_setup_teardown' retrieved from /home/airflow/.local/lib/python3.12/site-packages/airflow/example_dags/example_setup_teardown.py
[2025-01-18T00:12:28.440+0000] {logging_mixin.py:190} INFO - [2025-01-18T00:12:28.439+0000] {dag.py:3239} INFO - Sync 1 DAGs
[2025-01-18T00:12:28.461+0000] {logging_mixin.py:190} INFO - [2025-01-18T00:12:28.461+0000] {dag.py:4180} INFO - Setting next_dagrun for example_setup_teardown to None, run_after=None
[2025-01-18T00:12:28.486+0000] {processor.py:208} INFO - Processing /home/airflow/.local/lib/python3.12/site-packages/airflow/example_dags/example_setup_teardown.py took 0.102 seconds
[2025-01-18T00:12:59.213+0000] {processor.py:186} INFO - Started process (PID=19062) to work on /home/airflow/.local/lib/python3.12/site-packages/airflow/example_dags/example_setup_teardown.py
[2025-01-18T00:12:59.214+0000] {processor.py:914} INFO - Processing file /home/airflow/.local/lib/python3.12/site-packages/airflow/example_dags/example_setup_teardown.py for tasks to queue
[2025-01-18T00:12:59.217+0000] {logging_mixin.py:190} INFO - [2025-01-18T00:12:59.217+0000] {dagbag.py:588} INFO - Filling up the DagBag from /home/airflow/.local/lib/python3.12/site-packages/airflow/example_dags/example_setup_teardown.py
[2025-01-18T00:12:59.230+0000] {processor.py:925} INFO - DAG(s) 'example_setup_teardown' retrieved from /home/airflow/.local/lib/python3.12/site-packages/airflow/example_dags/example_setup_teardown.py
[2025-01-18T00:12:59.265+0000] {logging_mixin.py:190} INFO - [2025-01-18T00:12:59.264+0000] {dag.py:3239} INFO - Sync 1 DAGs
[2025-01-18T00:12:59.298+0000] {logging_mixin.py:190} INFO - [2025-01-18T00:12:59.297+0000] {dag.py:4180} INFO - Setting next_dagrun for example_setup_teardown to None, run_after=None
[2025-01-18T00:12:59.329+0000] {processor.py:208} INFO - Processing /home/airflow/.local/lib/python3.12/site-packages/airflow/example_dags/example_setup_teardown.py took 0.125 seconds
[2025-01-18T00:13:29.719+0000] {processor.py:186} INFO - Started process (PID=19128) to work on /home/airflow/.local/lib/python3.12/site-packages/airflow/example_dags/example_setup_teardown.py
[2025-01-18T00:13:29.720+0000] {processor.py:914} INFO - Processing file /home/airflow/.local/lib/python3.12/site-packages/airflow/example_dags/example_setup_teardown.py for tasks to queue
[2025-01-18T00:13:29.722+0000] {logging_mixin.py:190} INFO - [2025-01-18T00:13:29.722+0000] {dagbag.py:588} INFO - Filling up the DagBag from /home/airflow/.local/lib/python3.12/site-packages/airflow/example_dags/example_setup_teardown.py
[2025-01-18T00:13:29.732+0000] {processor.py:925} INFO - DAG(s) 'example_setup_teardown' retrieved from /home/airflow/.local/lib/python3.12/site-packages/airflow/example_dags/example_setup_teardown.py
[2025-01-18T00:13:29.759+0000] {logging_mixin.py:190} INFO - [2025-01-18T00:13:29.759+0000] {dag.py:3239} INFO - Sync 1 DAGs
[2025-01-18T00:13:29.777+0000] {logging_mixin.py:190} INFO - [2025-01-18T00:13:29.776+0000] {dag.py:4180} INFO - Setting next_dagrun for example_setup_teardown to None, run_after=None
[2025-01-18T00:13:29.801+0000] {processor.py:208} INFO - Processing /home/airflow/.local/lib/python3.12/site-packages/airflow/example_dags/example_setup_teardown.py took 0.089 seconds
[2025-01-18T00:14:00.048+0000] {processor.py:186} INFO - Started process (PID=19194) to work on /home/airflow/.local/lib/python3.12/site-packages/airflow/example_dags/example_setup_teardown.py
[2025-01-18T00:14:00.049+0000] {processor.py:914} INFO - Processing file /home/airflow/.local/lib/python3.12/site-packages/airflow/example_dags/example_setup_teardown.py for tasks to queue
[2025-01-18T00:14:00.052+0000] {logging_mixin.py:190} INFO - [2025-01-18T00:14:00.051+0000] {dagbag.py:588} INFO - Filling up the DagBag from /home/airflow/.local/lib/python3.12/site-packages/airflow/example_dags/example_setup_teardown.py
[2025-01-18T00:14:00.063+0000] {processor.py:925} INFO - DAG(s) 'example_setup_teardown' retrieved from /home/airflow/.local/lib/python3.12/site-packages/airflow/example_dags/example_setup_teardown.py
[2025-01-18T00:14:00.086+0000] {logging_mixin.py:190} INFO - [2025-01-18T00:14:00.086+0000] {dag.py:3239} INFO - Sync 1 DAGs
[2025-01-18T00:14:00.101+0000] {logging_mixin.py:190} INFO - [2025-01-18T00:14:00.101+0000] {dag.py:4180} INFO - Setting next_dagrun for example_setup_teardown to None, run_after=None
[2025-01-18T00:14:00.123+0000] {processor.py:208} INFO - Processing /home/airflow/.local/lib/python3.12/site-packages/airflow/example_dags/example_setup_teardown.py took 0.082 seconds
[2025-01-18T00:14:31.088+0000] {processor.py:186} INFO - Started process (PID=19268) to work on /home/airflow/.local/lib/python3.12/site-packages/airflow/example_dags/example_setup_teardown.py
[2025-01-18T00:14:31.090+0000] {processor.py:914} INFO - Processing file /home/airflow/.local/lib/python3.12/site-packages/airflow/example_dags/example_setup_teardown.py for tasks to queue
[2025-01-18T00:14:31.097+0000] {logging_mixin.py:190} INFO - [2025-01-18T00:14:31.096+0000] {dagbag.py:588} INFO - Filling up the DagBag from /home/airflow/.local/lib/python3.12/site-packages/airflow/example_dags/example_setup_teardown.py
[2025-01-18T00:14:31.109+0000] {processor.py:925} INFO - DAG(s) 'example_setup_teardown' retrieved from /home/airflow/.local/lib/python3.12/site-packages/airflow/example_dags/example_setup_teardown.py
[2025-01-18T00:14:31.139+0000] {logging_mixin.py:190} INFO - [2025-01-18T00:14:31.138+0000] {dag.py:3239} INFO - Sync 1 DAGs
[2025-01-18T00:14:31.159+0000] {logging_mixin.py:190} INFO - [2025-01-18T00:14:31.158+0000] {dag.py:4180} INFO - Setting next_dagrun for example_setup_teardown to None, run_after=None
[2025-01-18T00:14:31.186+0000] {processor.py:208} INFO - Processing /home/airflow/.local/lib/python3.12/site-packages/airflow/example_dags/example_setup_teardown.py took 0.107 seconds
[2025-01-18T00:15:01.315+0000] {processor.py:186} INFO - Started process (PID=19335) to work on /home/airflow/.local/lib/python3.12/site-packages/airflow/example_dags/example_setup_teardown.py
[2025-01-18T00:15:01.316+0000] {processor.py:914} INFO - Processing file /home/airflow/.local/lib/python3.12/site-packages/airflow/example_dags/example_setup_teardown.py for tasks to queue
[2025-01-18T00:15:01.320+0000] {logging_mixin.py:190} INFO - [2025-01-18T00:15:01.319+0000] {dagbag.py:588} INFO - Filling up the DagBag from /home/airflow/.local/lib/python3.12/site-packages/airflow/example_dags/example_setup_teardown.py
[2025-01-18T00:15:01.331+0000] {processor.py:925} INFO - DAG(s) 'example_setup_teardown' retrieved from /home/airflow/.local/lib/python3.12/site-packages/airflow/example_dags/example_setup_teardown.py
[2025-01-18T00:15:01.360+0000] {logging_mixin.py:190} INFO - [2025-01-18T00:15:01.359+0000] {dag.py:3239} INFO - Sync 1 DAGs
[2025-01-18T00:15:01.379+0000] {logging_mixin.py:190} INFO - [2025-01-18T00:15:01.379+0000] {dag.py:4180} INFO - Setting next_dagrun for example_setup_teardown to None, run_after=None
[2025-01-18T00:15:01.405+0000] {processor.py:208} INFO - Processing /home/airflow/.local/lib/python3.12/site-packages/airflow/example_dags/example_setup_teardown.py took 0.097 seconds
[2025-01-18T00:15:31.483+0000] {processor.py:186} INFO - Started process (PID=19402) to work on /home/airflow/.local/lib/python3.12/site-packages/airflow/example_dags/example_setup_teardown.py
[2025-01-18T00:15:31.484+0000] {processor.py:914} INFO - Processing file /home/airflow/.local/lib/python3.12/site-packages/airflow/example_dags/example_setup_teardown.py for tasks to queue
[2025-01-18T00:15:31.488+0000] {logging_mixin.py:190} INFO - [2025-01-18T00:15:31.487+0000] {dagbag.py:588} INFO - Filling up the DagBag from /home/airflow/.local/lib/python3.12/site-packages/airflow/example_dags/example_setup_teardown.py
[2025-01-18T00:15:31.499+0000] {processor.py:925} INFO - DAG(s) 'example_setup_teardown' retrieved from /home/airflow/.local/lib/python3.12/site-packages/airflow/example_dags/example_setup_teardown.py
[2025-01-18T00:15:31.526+0000] {logging_mixin.py:190} INFO - [2025-01-18T00:15:31.526+0000] {dag.py:3239} INFO - Sync 1 DAGs
[2025-01-18T00:15:31.547+0000] {logging_mixin.py:190} INFO - [2025-01-18T00:15:31.546+0000] {dag.py:4180} INFO - Setting next_dagrun for example_setup_teardown to None, run_after=None
[2025-01-18T00:15:31.572+0000] {processor.py:208} INFO - Processing /home/airflow/.local/lib/python3.12/site-packages/airflow/example_dags/example_setup_teardown.py took 0.095 seconds
[2025-01-18T00:16:02.217+0000] {processor.py:186} INFO - Started process (PID=19469) to work on /home/airflow/.local/lib/python3.12/site-packages/airflow/example_dags/example_setup_teardown.py
[2025-01-18T00:16:02.218+0000] {processor.py:914} INFO - Processing file /home/airflow/.local/lib/python3.12/site-packages/airflow/example_dags/example_setup_teardown.py for tasks to queue
[2025-01-18T00:16:02.221+0000] {logging_mixin.py:190} INFO - [2025-01-18T00:16:02.220+0000] {dagbag.py:588} INFO - Filling up the DagBag from /home/airflow/.local/lib/python3.12/site-packages/airflow/example_dags/example_setup_teardown.py
[2025-01-18T00:16:02.230+0000] {processor.py:925} INFO - DAG(s) 'example_setup_teardown' retrieved from /home/airflow/.local/lib/python3.12/site-packages/airflow/example_dags/example_setup_teardown.py
[2025-01-18T00:16:02.252+0000] {logging_mixin.py:190} INFO - [2025-01-18T00:16:02.252+0000] {dag.py:3239} INFO - Sync 1 DAGs
[2025-01-18T00:16:02.268+0000] {logging_mixin.py:190} INFO - [2025-01-18T00:16:02.268+0000] {dag.py:4180} INFO - Setting next_dagrun for example_setup_teardown to None, run_after=None
[2025-01-18T00:16:02.293+0000] {processor.py:208} INFO - Processing /home/airflow/.local/lib/python3.12/site-packages/airflow/example_dags/example_setup_teardown.py took 0.082 seconds
[2025-01-18T00:16:33.100+0000] {processor.py:186} INFO - Started process (PID=19536) to work on /home/airflow/.local/lib/python3.12/site-packages/airflow/example_dags/example_setup_teardown.py
[2025-01-18T00:16:33.102+0000] {processor.py:914} INFO - Processing file /home/airflow/.local/lib/python3.12/site-packages/airflow/example_dags/example_setup_teardown.py for tasks to queue
[2025-01-18T00:16:33.106+0000] {logging_mixin.py:190} INFO - [2025-01-18T00:16:33.106+0000] {dagbag.py:588} INFO - Filling up the DagBag from /home/airflow/.local/lib/python3.12/site-packages/airflow/example_dags/example_setup_teardown.py
[2025-01-18T00:16:33.119+0000] {processor.py:925} INFO - DAG(s) 'example_setup_teardown' retrieved from /home/airflow/.local/lib/python3.12/site-packages/airflow/example_dags/example_setup_teardown.py
[2025-01-18T00:16:33.147+0000] {logging_mixin.py:190} INFO - [2025-01-18T00:16:33.147+0000] {dag.py:3239} INFO - Sync 1 DAGs
[2025-01-18T00:16:33.166+0000] {logging_mixin.py:190} INFO - [2025-01-18T00:16:33.166+0000] {dag.py:4180} INFO - Setting next_dagrun for example_setup_teardown to None, run_after=None
[2025-01-18T00:16:33.191+0000] {processor.py:208} INFO - Processing /home/airflow/.local/lib/python3.12/site-packages/airflow/example_dags/example_setup_teardown.py took 0.099 seconds
[2025-01-18T00:17:04.617+0000] {processor.py:186} INFO - Started process (PID=19601) to work on /home/airflow/.local/lib/python3.12/site-packages/airflow/example_dags/example_setup_teardown.py
[2025-01-18T00:17:04.618+0000] {processor.py:914} INFO - Processing file /home/airflow/.local/lib/python3.12/site-packages/airflow/example_dags/example_setup_teardown.py for tasks to queue
[2025-01-18T00:17:04.621+0000] {logging_mixin.py:190} INFO - [2025-01-18T00:17:04.620+0000] {dagbag.py:588} INFO - Filling up the DagBag from /home/airflow/.local/lib/python3.12/site-packages/airflow/example_dags/example_setup_teardown.py
[2025-01-18T00:17:04.632+0000] {processor.py:925} INFO - DAG(s) 'example_setup_teardown' retrieved from /home/airflow/.local/lib/python3.12/site-packages/airflow/example_dags/example_setup_teardown.py
[2025-01-18T00:17:04.655+0000] {logging_mixin.py:190} INFO - [2025-01-18T00:17:04.655+0000] {dag.py:3239} INFO - Sync 1 DAGs
[2025-01-18T00:17:04.672+0000] {logging_mixin.py:190} INFO - [2025-01-18T00:17:04.671+0000] {dag.py:4180} INFO - Setting next_dagrun for example_setup_teardown to None, run_after=None
[2025-01-18T00:17:04.695+0000] {processor.py:208} INFO - Processing /home/airflow/.local/lib/python3.12/site-packages/airflow/example_dags/example_setup_teardown.py took 0.086 seconds
[2025-01-18T00:17:35.431+0000] {processor.py:186} INFO - Started process (PID=19668) to work on /home/airflow/.local/lib/python3.12/site-packages/airflow/example_dags/example_setup_teardown.py
[2025-01-18T00:17:35.432+0000] {processor.py:914} INFO - Processing file /home/airflow/.local/lib/python3.12/site-packages/airflow/example_dags/example_setup_teardown.py for tasks to queue
[2025-01-18T00:17:35.435+0000] {logging_mixin.py:190} INFO - [2025-01-18T00:17:35.435+0000] {dagbag.py:588} INFO - Filling up the DagBag from /home/airflow/.local/lib/python3.12/site-packages/airflow/example_dags/example_setup_teardown.py
[2025-01-18T00:17:35.445+0000] {processor.py:925} INFO - DAG(s) 'example_setup_teardown' retrieved from /home/airflow/.local/lib/python3.12/site-packages/airflow/example_dags/example_setup_teardown.py
[2025-01-18T00:17:35.470+0000] {logging_mixin.py:190} INFO - [2025-01-18T00:17:35.469+0000] {dag.py:3239} INFO - Sync 1 DAGs
[2025-01-18T00:17:35.487+0000] {logging_mixin.py:190} INFO - [2025-01-18T00:17:35.487+0000] {dag.py:4180} INFO - Setting next_dagrun for example_setup_teardown to None, run_after=None
[2025-01-18T00:17:35.513+0000] {processor.py:208} INFO - Processing /home/airflow/.local/lib/python3.12/site-packages/airflow/example_dags/example_setup_teardown.py took 0.090 seconds
[2025-01-18T00:18:06.011+0000] {processor.py:186} INFO - Started process (PID=19741) to work on /home/airflow/.local/lib/python3.12/site-packages/airflow/example_dags/example_setup_teardown.py
[2025-01-18T00:18:06.012+0000] {processor.py:914} INFO - Processing file /home/airflow/.local/lib/python3.12/site-packages/airflow/example_dags/example_setup_teardown.py for tasks to queue
[2025-01-18T00:18:06.015+0000] {logging_mixin.py:190} INFO - [2025-01-18T00:18:06.015+0000] {dagbag.py:588} INFO - Filling up the DagBag from /home/airflow/.local/lib/python3.12/site-packages/airflow/example_dags/example_setup_teardown.py
[2025-01-18T00:18:06.027+0000] {processor.py:925} INFO - DAG(s) 'example_setup_teardown' retrieved from /home/airflow/.local/lib/python3.12/site-packages/airflow/example_dags/example_setup_teardown.py
[2025-01-18T00:18:06.250+0000] {logging_mixin.py:190} INFO - [2025-01-18T00:18:06.250+0000] {dag.py:3239} INFO - Sync 1 DAGs
[2025-01-18T00:18:06.263+0000] {logging_mixin.py:190} INFO - [2025-01-18T00:18:06.263+0000] {dag.py:4180} INFO - Setting next_dagrun for example_setup_teardown to None, run_after=None
[2025-01-18T00:18:06.282+0000] {processor.py:208} INFO - Processing /home/airflow/.local/lib/python3.12/site-packages/airflow/example_dags/example_setup_teardown.py took 0.280 seconds
[2025-01-18T00:18:36.707+0000] {processor.py:186} INFO - Started process (PID=19808) to work on /home/airflow/.local/lib/python3.12/site-packages/airflow/example_dags/example_setup_teardown.py
[2025-01-18T00:18:36.709+0000] {processor.py:914} INFO - Processing file /home/airflow/.local/lib/python3.12/site-packages/airflow/example_dags/example_setup_teardown.py for tasks to queue
[2025-01-18T00:18:36.712+0000] {logging_mixin.py:190} INFO - [2025-01-18T00:18:36.712+0000] {dagbag.py:588} INFO - Filling up the DagBag from /home/airflow/.local/lib/python3.12/site-packages/airflow/example_dags/example_setup_teardown.py
[2025-01-18T00:18:36.726+0000] {processor.py:925} INFO - DAG(s) 'example_setup_teardown' retrieved from /home/airflow/.local/lib/python3.12/site-packages/airflow/example_dags/example_setup_teardown.py
[2025-01-18T00:18:37.075+0000] {logging_mixin.py:190} INFO - [2025-01-18T00:18:37.074+0000] {dag.py:3239} INFO - Sync 1 DAGs
[2025-01-18T00:18:37.100+0000] {logging_mixin.py:190} INFO - [2025-01-18T00:18:37.100+0000] {dag.py:4180} INFO - Setting next_dagrun for example_setup_teardown to None, run_after=None
[2025-01-18T00:18:37.135+0000] {processor.py:208} INFO - Processing /home/airflow/.local/lib/python3.12/site-packages/airflow/example_dags/example_setup_teardown.py took 0.436 seconds
[2025-01-18T00:19:07.574+0000] {processor.py:186} INFO - Started process (PID=19875) to work on /home/airflow/.local/lib/python3.12/site-packages/airflow/example_dags/example_setup_teardown.py
[2025-01-18T00:19:07.575+0000] {processor.py:914} INFO - Processing file /home/airflow/.local/lib/python3.12/site-packages/airflow/example_dags/example_setup_teardown.py for tasks to queue
[2025-01-18T00:19:07.577+0000] {logging_mixin.py:190} INFO - [2025-01-18T00:19:07.576+0000] {dagbag.py:588} INFO - Filling up the DagBag from /home/airflow/.local/lib/python3.12/site-packages/airflow/example_dags/example_setup_teardown.py
[2025-01-18T00:19:07.583+0000] {processor.py:925} INFO - DAG(s) 'example_setup_teardown' retrieved from /home/airflow/.local/lib/python3.12/site-packages/airflow/example_dags/example_setup_teardown.py
[2025-01-18T00:19:07.605+0000] {logging_mixin.py:190} INFO - [2025-01-18T00:19:07.604+0000] {dag.py:3239} INFO - Sync 1 DAGs
[2025-01-18T00:19:07.621+0000] {logging_mixin.py:190} INFO - [2025-01-18T00:19:07.621+0000] {dag.py:4180} INFO - Setting next_dagrun for example_setup_teardown to None, run_after=None
[2025-01-18T00:19:07.644+0000] {processor.py:208} INFO - Processing /home/airflow/.local/lib/python3.12/site-packages/airflow/example_dags/example_setup_teardown.py took 0.075 seconds
[2025-01-18T00:19:38.107+0000] {processor.py:186} INFO - Started process (PID=19942) to work on /home/airflow/.local/lib/python3.12/site-packages/airflow/example_dags/example_setup_teardown.py
[2025-01-18T00:19:38.108+0000] {processor.py:914} INFO - Processing file /home/airflow/.local/lib/python3.12/site-packages/airflow/example_dags/example_setup_teardown.py for tasks to queue
[2025-01-18T00:19:38.111+0000] {logging_mixin.py:190} INFO - [2025-01-18T00:19:38.111+0000] {dagbag.py:588} INFO - Filling up the DagBag from /home/airflow/.local/lib/python3.12/site-packages/airflow/example_dags/example_setup_teardown.py
[2025-01-18T00:19:38.124+0000] {processor.py:925} INFO - DAG(s) 'example_setup_teardown' retrieved from /home/airflow/.local/lib/python3.12/site-packages/airflow/example_dags/example_setup_teardown.py
[2025-01-18T00:19:38.156+0000] {logging_mixin.py:190} INFO - [2025-01-18T00:19:38.156+0000] {dag.py:3239} INFO - Sync 1 DAGs
[2025-01-18T00:19:38.177+0000] {logging_mixin.py:190} INFO - [2025-01-18T00:19:38.176+0000] {dag.py:4180} INFO - Setting next_dagrun for example_setup_teardown to None, run_after=None
[2025-01-18T00:19:38.200+0000] {processor.py:208} INFO - Processing /home/airflow/.local/lib/python3.12/site-packages/airflow/example_dags/example_setup_teardown.py took 0.104 seconds
[2025-01-18T00:20:08.741+0000] {processor.py:186} INFO - Started process (PID=20009) to work on /home/airflow/.local/lib/python3.12/site-packages/airflow/example_dags/example_setup_teardown.py
[2025-01-18T00:20:08.743+0000] {processor.py:914} INFO - Processing file /home/airflow/.local/lib/python3.12/site-packages/airflow/example_dags/example_setup_teardown.py for tasks to queue
[2025-01-18T00:20:08.746+0000] {logging_mixin.py:190} INFO - [2025-01-18T00:20:08.745+0000] {dagbag.py:588} INFO - Filling up the DagBag from /home/airflow/.local/lib/python3.12/site-packages/airflow/example_dags/example_setup_teardown.py
[2025-01-18T00:20:08.756+0000] {processor.py:925} INFO - DAG(s) 'example_setup_teardown' retrieved from /home/airflow/.local/lib/python3.12/site-packages/airflow/example_dags/example_setup_teardown.py
[2025-01-18T00:20:08.784+0000] {logging_mixin.py:190} INFO - [2025-01-18T00:20:08.784+0000] {dag.py:3239} INFO - Sync 1 DAGs
[2025-01-18T00:20:08.805+0000] {logging_mixin.py:190} INFO - [2025-01-18T00:20:08.805+0000] {dag.py:4180} INFO - Setting next_dagrun for example_setup_teardown to None, run_after=None
[2025-01-18T00:20:08.829+0000] {processor.py:208} INFO - Processing /home/airflow/.local/lib/python3.12/site-packages/airflow/example_dags/example_setup_teardown.py took 0.095 seconds
[2025-01-18T00:20:39.103+0000] {processor.py:186} INFO - Started process (PID=20076) to work on /home/airflow/.local/lib/python3.12/site-packages/airflow/example_dags/example_setup_teardown.py
[2025-01-18T00:20:39.104+0000] {processor.py:914} INFO - Processing file /home/airflow/.local/lib/python3.12/site-packages/airflow/example_dags/example_setup_teardown.py for tasks to queue
[2025-01-18T00:20:39.107+0000] {logging_mixin.py:190} INFO - [2025-01-18T00:20:39.107+0000] {dagbag.py:588} INFO - Filling up the DagBag from /home/airflow/.local/lib/python3.12/site-packages/airflow/example_dags/example_setup_teardown.py
[2025-01-18T00:20:39.117+0000] {processor.py:925} INFO - DAG(s) 'example_setup_teardown' retrieved from /home/airflow/.local/lib/python3.12/site-packages/airflow/example_dags/example_setup_teardown.py
[2025-01-18T00:20:39.141+0000] {logging_mixin.py:190} INFO - [2025-01-18T00:20:39.141+0000] {dag.py:3239} INFO - Sync 1 DAGs
[2025-01-18T00:20:39.161+0000] {logging_mixin.py:190} INFO - [2025-01-18T00:20:39.160+0000] {dag.py:4180} INFO - Setting next_dagrun for example_setup_teardown to None, run_after=None
[2025-01-18T00:20:39.185+0000] {processor.py:208} INFO - Processing /home/airflow/.local/lib/python3.12/site-packages/airflow/example_dags/example_setup_teardown.py took 0.088 seconds
[2025-01-18T00:21:09.553+0000] {processor.py:186} INFO - Started process (PID=20143) to work on /home/airflow/.local/lib/python3.12/site-packages/airflow/example_dags/example_setup_teardown.py
[2025-01-18T00:21:09.554+0000] {processor.py:914} INFO - Processing file /home/airflow/.local/lib/python3.12/site-packages/airflow/example_dags/example_setup_teardown.py for tasks to queue
[2025-01-18T00:21:09.556+0000] {logging_mixin.py:190} INFO - [2025-01-18T00:21:09.556+0000] {dagbag.py:588} INFO - Filling up the DagBag from /home/airflow/.local/lib/python3.12/site-packages/airflow/example_dags/example_setup_teardown.py
[2025-01-18T00:21:09.566+0000] {processor.py:925} INFO - DAG(s) 'example_setup_teardown' retrieved from /home/airflow/.local/lib/python3.12/site-packages/airflow/example_dags/example_setup_teardown.py
[2025-01-18T00:21:09.590+0000] {logging_mixin.py:190} INFO - [2025-01-18T00:21:09.590+0000] {dag.py:3239} INFO - Sync 1 DAGs
[2025-01-18T00:21:09.607+0000] {logging_mixin.py:190} INFO - [2025-01-18T00:21:09.607+0000] {dag.py:4180} INFO - Setting next_dagrun for example_setup_teardown to None, run_after=None
[2025-01-18T00:21:09.649+0000] {processor.py:208} INFO - Processing /home/airflow/.local/lib/python3.12/site-packages/airflow/example_dags/example_setup_teardown.py took 0.103 seconds
[2025-01-18T00:21:40.016+0000] {processor.py:186} INFO - Started process (PID=20210) to work on /home/airflow/.local/lib/python3.12/site-packages/airflow/example_dags/example_setup_teardown.py
[2025-01-18T00:21:40.017+0000] {processor.py:914} INFO - Processing file /home/airflow/.local/lib/python3.12/site-packages/airflow/example_dags/example_setup_teardown.py for tasks to queue
[2025-01-18T00:21:40.020+0000] {logging_mixin.py:190} INFO - [2025-01-18T00:21:40.019+0000] {dagbag.py:588} INFO - Filling up the DagBag from /home/airflow/.local/lib/python3.12/site-packages/airflow/example_dags/example_setup_teardown.py
[2025-01-18T00:21:40.029+0000] {processor.py:925} INFO - DAG(s) 'example_setup_teardown' retrieved from /home/airflow/.local/lib/python3.12/site-packages/airflow/example_dags/example_setup_teardown.py
[2025-01-18T00:21:40.052+0000] {logging_mixin.py:190} INFO - [2025-01-18T00:21:40.051+0000] {dag.py:3239} INFO - Sync 1 DAGs
[2025-01-18T00:21:40.067+0000] {logging_mixin.py:190} INFO - [2025-01-18T00:21:40.067+0000] {dag.py:4180} INFO - Setting next_dagrun for example_setup_teardown to None, run_after=None
[2025-01-18T00:21:40.088+0000] {processor.py:208} INFO - Processing /home/airflow/.local/lib/python3.12/site-packages/airflow/example_dags/example_setup_teardown.py took 0.078 seconds
[2025-01-18T00:22:10.460+0000] {processor.py:186} INFO - Started process (PID=20277) to work on /home/airflow/.local/lib/python3.12/site-packages/airflow/example_dags/example_setup_teardown.py
[2025-01-18T00:22:10.461+0000] {processor.py:914} INFO - Processing file /home/airflow/.local/lib/python3.12/site-packages/airflow/example_dags/example_setup_teardown.py for tasks to queue
[2025-01-18T00:22:10.463+0000] {logging_mixin.py:190} INFO - [2025-01-18T00:22:10.463+0000] {dagbag.py:588} INFO - Filling up the DagBag from /home/airflow/.local/lib/python3.12/site-packages/airflow/example_dags/example_setup_teardown.py
[2025-01-18T00:22:10.473+0000] {processor.py:925} INFO - DAG(s) 'example_setup_teardown' retrieved from /home/airflow/.local/lib/python3.12/site-packages/airflow/example_dags/example_setup_teardown.py
[2025-01-18T00:22:10.495+0000] {logging_mixin.py:190} INFO - [2025-01-18T00:22:10.495+0000] {dag.py:3239} INFO - Sync 1 DAGs
[2025-01-18T00:22:10.511+0000] {logging_mixin.py:190} INFO - [2025-01-18T00:22:10.511+0000] {dag.py:4180} INFO - Setting next_dagrun for example_setup_teardown to None, run_after=None
[2025-01-18T00:22:10.534+0000] {processor.py:208} INFO - Processing /home/airflow/.local/lib/python3.12/site-packages/airflow/example_dags/example_setup_teardown.py took 0.080 seconds
[2025-01-18T00:22:41.187+0000] {processor.py:186} INFO - Started process (PID=20350) to work on /home/airflow/.local/lib/python3.12/site-packages/airflow/example_dags/example_setup_teardown.py
[2025-01-18T00:22:41.189+0000] {processor.py:914} INFO - Processing file /home/airflow/.local/lib/python3.12/site-packages/airflow/example_dags/example_setup_teardown.py for tasks to queue
[2025-01-18T00:22:41.192+0000] {logging_mixin.py:190} INFO - [2025-01-18T00:22:41.192+0000] {dagbag.py:588} INFO - Filling up the DagBag from /home/airflow/.local/lib/python3.12/site-packages/airflow/example_dags/example_setup_teardown.py
[2025-01-18T00:22:41.204+0000] {processor.py:925} INFO - DAG(s) 'example_setup_teardown' retrieved from /home/airflow/.local/lib/python3.12/site-packages/airflow/example_dags/example_setup_teardown.py
[2025-01-18T00:22:41.231+0000] {logging_mixin.py:190} INFO - [2025-01-18T00:22:41.230+0000] {dag.py:3239} INFO - Sync 1 DAGs
[2025-01-18T00:22:41.250+0000] {logging_mixin.py:190} INFO - [2025-01-18T00:22:41.249+0000] {dag.py:4180} INFO - Setting next_dagrun for example_setup_teardown to None, run_after=None
[2025-01-18T00:22:41.274+0000] {processor.py:208} INFO - Processing /home/airflow/.local/lib/python3.12/site-packages/airflow/example_dags/example_setup_teardown.py took 0.094 seconds
[2025-01-18T00:23:11.367+0000] {processor.py:186} INFO - Started process (PID=20417) to work on /home/airflow/.local/lib/python3.12/site-packages/airflow/example_dags/example_setup_teardown.py
[2025-01-18T00:23:11.368+0000] {processor.py:914} INFO - Processing file /home/airflow/.local/lib/python3.12/site-packages/airflow/example_dags/example_setup_teardown.py for tasks to queue
[2025-01-18T00:23:11.371+0000] {logging_mixin.py:190} INFO - [2025-01-18T00:23:11.370+0000] {dagbag.py:588} INFO - Filling up the DagBag from /home/airflow/.local/lib/python3.12/site-packages/airflow/example_dags/example_setup_teardown.py
[2025-01-18T00:23:11.380+0000] {processor.py:925} INFO - DAG(s) 'example_setup_teardown' retrieved from /home/airflow/.local/lib/python3.12/site-packages/airflow/example_dags/example_setup_teardown.py
[2025-01-18T00:23:11.405+0000] {logging_mixin.py:190} INFO - [2025-01-18T00:23:11.405+0000] {dag.py:3239} INFO - Sync 1 DAGs
[2025-01-18T00:23:11.424+0000] {logging_mixin.py:190} INFO - [2025-01-18T00:23:11.424+0000] {dag.py:4180} INFO - Setting next_dagrun for example_setup_teardown to None, run_after=None
[2025-01-18T00:23:11.450+0000] {processor.py:208} INFO - Processing /home/airflow/.local/lib/python3.12/site-packages/airflow/example_dags/example_setup_teardown.py took 0.091 seconds
[2025-01-18T00:23:41.996+0000] {processor.py:186} INFO - Started process (PID=20484) to work on /home/airflow/.local/lib/python3.12/site-packages/airflow/example_dags/example_setup_teardown.py
[2025-01-18T00:23:41.997+0000] {processor.py:914} INFO - Processing file /home/airflow/.local/lib/python3.12/site-packages/airflow/example_dags/example_setup_teardown.py for tasks to queue
[2025-01-18T00:23:42.000+0000] {logging_mixin.py:190} INFO - [2025-01-18T00:23:41.999+0000] {dagbag.py:588} INFO - Filling up the DagBag from /home/airflow/.local/lib/python3.12/site-packages/airflow/example_dags/example_setup_teardown.py
[2025-01-18T00:23:42.008+0000] {processor.py:925} INFO - DAG(s) 'example_setup_teardown' retrieved from /home/airflow/.local/lib/python3.12/site-packages/airflow/example_dags/example_setup_teardown.py
[2025-01-18T00:23:42.032+0000] {logging_mixin.py:190} INFO - [2025-01-18T00:23:42.032+0000] {dag.py:3239} INFO - Sync 1 DAGs
[2025-01-18T00:23:42.048+0000] {logging_mixin.py:190} INFO - [2025-01-18T00:23:42.048+0000] {dag.py:4180} INFO - Setting next_dagrun for example_setup_teardown to None, run_after=None
[2025-01-18T00:23:42.071+0000] {processor.py:208} INFO - Processing /home/airflow/.local/lib/python3.12/site-packages/airflow/example_dags/example_setup_teardown.py took 0.081 seconds
[2025-01-18T00:24:12.740+0000] {processor.py:186} INFO - Started process (PID=20551) to work on /home/airflow/.local/lib/python3.12/site-packages/airflow/example_dags/example_setup_teardown.py
[2025-01-18T00:24:12.742+0000] {processor.py:914} INFO - Processing file /home/airflow/.local/lib/python3.12/site-packages/airflow/example_dags/example_setup_teardown.py for tasks to queue
[2025-01-18T00:24:12.744+0000] {logging_mixin.py:190} INFO - [2025-01-18T00:24:12.744+0000] {dagbag.py:588} INFO - Filling up the DagBag from /home/airflow/.local/lib/python3.12/site-packages/airflow/example_dags/example_setup_teardown.py
[2025-01-18T00:24:12.753+0000] {processor.py:925} INFO - DAG(s) 'example_setup_teardown' retrieved from /home/airflow/.local/lib/python3.12/site-packages/airflow/example_dags/example_setup_teardown.py
[2025-01-18T00:24:12.776+0000] {logging_mixin.py:190} INFO - [2025-01-18T00:24:12.775+0000] {dag.py:3239} INFO - Sync 1 DAGs
[2025-01-18T00:24:12.794+0000] {logging_mixin.py:190} INFO - [2025-01-18T00:24:12.794+0000] {dag.py:4180} INFO - Setting next_dagrun for example_setup_teardown to None, run_after=None
[2025-01-18T00:24:12.820+0000] {processor.py:208} INFO - Processing /home/airflow/.local/lib/python3.12/site-packages/airflow/example_dags/example_setup_teardown.py took 0.088 seconds
[2025-01-18T00:24:43.128+0000] {processor.py:186} INFO - Started process (PID=20618) to work on /home/airflow/.local/lib/python3.12/site-packages/airflow/example_dags/example_setup_teardown.py
[2025-01-18T00:24:43.129+0000] {processor.py:914} INFO - Processing file /home/airflow/.local/lib/python3.12/site-packages/airflow/example_dags/example_setup_teardown.py for tasks to queue
[2025-01-18T00:24:43.132+0000] {logging_mixin.py:190} INFO - [2025-01-18T00:24:43.132+0000] {dagbag.py:588} INFO - Filling up the DagBag from /home/airflow/.local/lib/python3.12/site-packages/airflow/example_dags/example_setup_teardown.py
[2025-01-18T00:24:43.143+0000] {processor.py:925} INFO - DAG(s) 'example_setup_teardown' retrieved from /home/airflow/.local/lib/python3.12/site-packages/airflow/example_dags/example_setup_teardown.py
[2025-01-18T00:24:43.172+0000] {logging_mixin.py:190} INFO - [2025-01-18T00:24:43.171+0000] {dag.py:3239} INFO - Sync 1 DAGs
[2025-01-18T00:24:43.191+0000] {logging_mixin.py:190} INFO - [2025-01-18T00:24:43.191+0000] {dag.py:4180} INFO - Setting next_dagrun for example_setup_teardown to None, run_after=None
[2025-01-18T00:24:43.217+0000] {processor.py:208} INFO - Processing /home/airflow/.local/lib/python3.12/site-packages/airflow/example_dags/example_setup_teardown.py took 0.097 seconds
[2025-01-18T00:25:13.950+0000] {processor.py:186} INFO - Started process (PID=20685) to work on /home/airflow/.local/lib/python3.12/site-packages/airflow/example_dags/example_setup_teardown.py
[2025-01-18T00:25:13.951+0000] {processor.py:914} INFO - Processing file /home/airflow/.local/lib/python3.12/site-packages/airflow/example_dags/example_setup_teardown.py for tasks to queue
[2025-01-18T00:25:13.954+0000] {logging_mixin.py:190} INFO - [2025-01-18T00:25:13.953+0000] {dagbag.py:588} INFO - Filling up the DagBag from /home/airflow/.local/lib/python3.12/site-packages/airflow/example_dags/example_setup_teardown.py
[2025-01-18T00:25:13.964+0000] {processor.py:925} INFO - DAG(s) 'example_setup_teardown' retrieved from /home/airflow/.local/lib/python3.12/site-packages/airflow/example_dags/example_setup_teardown.py
[2025-01-18T00:25:13.988+0000] {logging_mixin.py:190} INFO - [2025-01-18T00:25:13.988+0000] {dag.py:3239} INFO - Sync 1 DAGs
[2025-01-18T00:25:14.007+0000] {logging_mixin.py:190} INFO - [2025-01-18T00:25:14.006+0000] {dag.py:4180} INFO - Setting next_dagrun for example_setup_teardown to None, run_after=None
[2025-01-18T00:25:14.032+0000] {processor.py:208} INFO - Processing /home/airflow/.local/lib/python3.12/site-packages/airflow/example_dags/example_setup_teardown.py took 0.089 seconds
[2025-01-18T00:25:44.736+0000] {processor.py:186} INFO - Started process (PID=20752) to work on /home/airflow/.local/lib/python3.12/site-packages/airflow/example_dags/example_setup_teardown.py
[2025-01-18T00:25:44.738+0000] {processor.py:914} INFO - Processing file /home/airflow/.local/lib/python3.12/site-packages/airflow/example_dags/example_setup_teardown.py for tasks to queue
[2025-01-18T00:25:44.740+0000] {logging_mixin.py:190} INFO - [2025-01-18T00:25:44.740+0000] {dagbag.py:588} INFO - Filling up the DagBag from /home/airflow/.local/lib/python3.12/site-packages/airflow/example_dags/example_setup_teardown.py
[2025-01-18T00:25:44.750+0000] {processor.py:925} INFO - DAG(s) 'example_setup_teardown' retrieved from /home/airflow/.local/lib/python3.12/site-packages/airflow/example_dags/example_setup_teardown.py
[2025-01-18T00:25:44.774+0000] {logging_mixin.py:190} INFO - [2025-01-18T00:25:44.773+0000] {dag.py:3239} INFO - Sync 1 DAGs
[2025-01-18T00:25:44.791+0000] {logging_mixin.py:190} INFO - [2025-01-18T00:25:44.790+0000] {dag.py:4180} INFO - Setting next_dagrun for example_setup_teardown to None, run_after=None
[2025-01-18T00:25:44.812+0000] {processor.py:208} INFO - Processing /home/airflow/.local/lib/python3.12/site-packages/airflow/example_dags/example_setup_teardown.py took 0.084 seconds
[2025-01-18T00:26:15.377+0000] {processor.py:186} INFO - Started process (PID=20819) to work on /home/airflow/.local/lib/python3.12/site-packages/airflow/example_dags/example_setup_teardown.py
[2025-01-18T00:26:15.379+0000] {processor.py:914} INFO - Processing file /home/airflow/.local/lib/python3.12/site-packages/airflow/example_dags/example_setup_teardown.py for tasks to queue
[2025-01-18T00:26:15.383+0000] {logging_mixin.py:190} INFO - [2025-01-18T00:26:15.382+0000] {dagbag.py:588} INFO - Filling up the DagBag from /home/airflow/.local/lib/python3.12/site-packages/airflow/example_dags/example_setup_teardown.py
[2025-01-18T00:26:15.394+0000] {processor.py:925} INFO - DAG(s) 'example_setup_teardown' retrieved from /home/airflow/.local/lib/python3.12/site-packages/airflow/example_dags/example_setup_teardown.py
[2025-01-18T00:26:15.422+0000] {logging_mixin.py:190} INFO - [2025-01-18T00:26:15.422+0000] {dag.py:3239} INFO - Sync 1 DAGs
[2025-01-18T00:26:15.441+0000] {logging_mixin.py:190} INFO - [2025-01-18T00:26:15.441+0000] {dag.py:4180} INFO - Setting next_dagrun for example_setup_teardown to None, run_after=None
[2025-01-18T00:26:15.465+0000] {processor.py:208} INFO - Processing /home/airflow/.local/lib/python3.12/site-packages/airflow/example_dags/example_setup_teardown.py took 0.095 seconds
[2025-01-18T00:26:46.160+0000] {processor.py:186} INFO - Started process (PID=20892) to work on /home/airflow/.local/lib/python3.12/site-packages/airflow/example_dags/example_setup_teardown.py
[2025-01-18T00:26:46.161+0000] {processor.py:914} INFO - Processing file /home/airflow/.local/lib/python3.12/site-packages/airflow/example_dags/example_setup_teardown.py for tasks to queue
[2025-01-18T00:26:46.164+0000] {logging_mixin.py:190} INFO - [2025-01-18T00:26:46.163+0000] {dagbag.py:588} INFO - Filling up the DagBag from /home/airflow/.local/lib/python3.12/site-packages/airflow/example_dags/example_setup_teardown.py
[2025-01-18T00:26:46.173+0000] {processor.py:925} INFO - DAG(s) 'example_setup_teardown' retrieved from /home/airflow/.local/lib/python3.12/site-packages/airflow/example_dags/example_setup_teardown.py
[2025-01-18T00:26:46.199+0000] {logging_mixin.py:190} INFO - [2025-01-18T00:26:46.199+0000] {dag.py:3239} INFO - Sync 1 DAGs
[2025-01-18T00:26:46.215+0000] {logging_mixin.py:190} INFO - [2025-01-18T00:26:46.215+0000] {dag.py:4180} INFO - Setting next_dagrun for example_setup_teardown to None, run_after=None
[2025-01-18T00:26:46.238+0000] {processor.py:208} INFO - Processing /home/airflow/.local/lib/python3.12/site-packages/airflow/example_dags/example_setup_teardown.py took 0.086 seconds
[2025-01-18T00:27:17.092+0000] {processor.py:186} INFO - Started process (PID=20959) to work on /home/airflow/.local/lib/python3.12/site-packages/airflow/example_dags/example_setup_teardown.py
[2025-01-18T00:27:17.094+0000] {processor.py:914} INFO - Processing file /home/airflow/.local/lib/python3.12/site-packages/airflow/example_dags/example_setup_teardown.py for tasks to queue
[2025-01-18T00:27:17.097+0000] {logging_mixin.py:190} INFO - [2025-01-18T00:27:17.096+0000] {dagbag.py:588} INFO - Filling up the DagBag from /home/airflow/.local/lib/python3.12/site-packages/airflow/example_dags/example_setup_teardown.py
[2025-01-18T00:27:17.107+0000] {processor.py:925} INFO - DAG(s) 'example_setup_teardown' retrieved from /home/airflow/.local/lib/python3.12/site-packages/airflow/example_dags/example_setup_teardown.py
[2025-01-18T00:27:17.132+0000] {logging_mixin.py:190} INFO - [2025-01-18T00:27:17.131+0000] {dag.py:3239} INFO - Sync 1 DAGs
[2025-01-18T00:27:17.151+0000] {logging_mixin.py:190} INFO - [2025-01-18T00:27:17.150+0000] {dag.py:4180} INFO - Setting next_dagrun for example_setup_teardown to None, run_after=None
[2025-01-18T00:27:17.177+0000] {processor.py:208} INFO - Processing /home/airflow/.local/lib/python3.12/site-packages/airflow/example_dags/example_setup_teardown.py took 0.092 seconds
[2025-01-18T00:27:47.418+0000] {processor.py:186} INFO - Started process (PID=21026) to work on /home/airflow/.local/lib/python3.12/site-packages/airflow/example_dags/example_setup_teardown.py
[2025-01-18T00:27:47.419+0000] {processor.py:914} INFO - Processing file /home/airflow/.local/lib/python3.12/site-packages/airflow/example_dags/example_setup_teardown.py for tasks to queue
[2025-01-18T00:27:47.422+0000] {logging_mixin.py:190} INFO - [2025-01-18T00:27:47.421+0000] {dagbag.py:588} INFO - Filling up the DagBag from /home/airflow/.local/lib/python3.12/site-packages/airflow/example_dags/example_setup_teardown.py
[2025-01-18T00:27:47.432+0000] {processor.py:925} INFO - DAG(s) 'example_setup_teardown' retrieved from /home/airflow/.local/lib/python3.12/site-packages/airflow/example_dags/example_setup_teardown.py
[2025-01-18T00:27:47.460+0000] {logging_mixin.py:190} INFO - [2025-01-18T00:27:47.459+0000] {dag.py:3239} INFO - Sync 1 DAGs
[2025-01-18T00:27:47.479+0000] {logging_mixin.py:190} INFO - [2025-01-18T00:27:47.479+0000] {dag.py:4180} INFO - Setting next_dagrun for example_setup_teardown to None, run_after=None
[2025-01-18T00:27:47.508+0000] {processor.py:208} INFO - Processing /home/airflow/.local/lib/python3.12/site-packages/airflow/example_dags/example_setup_teardown.py took 0.097 seconds
[2025-01-18T00:28:18.200+0000] {processor.py:186} INFO - Started process (PID=21092) to work on /home/airflow/.local/lib/python3.12/site-packages/airflow/example_dags/example_setup_teardown.py
[2025-01-18T00:28:18.201+0000] {processor.py:914} INFO - Processing file /home/airflow/.local/lib/python3.12/site-packages/airflow/example_dags/example_setup_teardown.py for tasks to queue
[2025-01-18T00:28:18.204+0000] {logging_mixin.py:190} INFO - [2025-01-18T00:28:18.203+0000] {dagbag.py:588} INFO - Filling up the DagBag from /home/airflow/.local/lib/python3.12/site-packages/airflow/example_dags/example_setup_teardown.py
[2025-01-18T00:28:18.213+0000] {processor.py:925} INFO - DAG(s) 'example_setup_teardown' retrieved from /home/airflow/.local/lib/python3.12/site-packages/airflow/example_dags/example_setup_teardown.py
[2025-01-18T00:28:18.236+0000] {logging_mixin.py:190} INFO - [2025-01-18T00:28:18.236+0000] {dag.py:3239} INFO - Sync 1 DAGs
[2025-01-18T00:28:18.251+0000] {logging_mixin.py:190} INFO - [2025-01-18T00:28:18.251+0000] {dag.py:4180} INFO - Setting next_dagrun for example_setup_teardown to None, run_after=None
[2025-01-18T00:28:18.274+0000] {processor.py:208} INFO - Processing /home/airflow/.local/lib/python3.12/site-packages/airflow/example_dags/example_setup_teardown.py took 0.080 seconds
[2025-01-18T00:28:48.684+0000] {processor.py:186} INFO - Started process (PID=21159) to work on /home/airflow/.local/lib/python3.12/site-packages/airflow/example_dags/example_setup_teardown.py
[2025-01-18T00:28:48.685+0000] {processor.py:914} INFO - Processing file /home/airflow/.local/lib/python3.12/site-packages/airflow/example_dags/example_setup_teardown.py for tasks to queue
[2025-01-18T00:28:48.687+0000] {logging_mixin.py:190} INFO - [2025-01-18T00:28:48.687+0000] {dagbag.py:588} INFO - Filling up the DagBag from /home/airflow/.local/lib/python3.12/site-packages/airflow/example_dags/example_setup_teardown.py
[2025-01-18T00:28:48.695+0000] {processor.py:925} INFO - DAG(s) 'example_setup_teardown' retrieved from /home/airflow/.local/lib/python3.12/site-packages/airflow/example_dags/example_setup_teardown.py
[2025-01-18T00:28:48.717+0000] {logging_mixin.py:190} INFO - [2025-01-18T00:28:48.717+0000] {dag.py:3239} INFO - Sync 1 DAGs
[2025-01-18T00:28:48.732+0000] {logging_mixin.py:190} INFO - [2025-01-18T00:28:48.732+0000] {dag.py:4180} INFO - Setting next_dagrun for example_setup_teardown to None, run_after=None
[2025-01-18T00:28:48.755+0000] {processor.py:208} INFO - Processing /home/airflow/.local/lib/python3.12/site-packages/airflow/example_dags/example_setup_teardown.py took 0.078 seconds
[2025-01-18T00:29:19.154+0000] {processor.py:186} INFO - Started process (PID=21226) to work on /home/airflow/.local/lib/python3.12/site-packages/airflow/example_dags/example_setup_teardown.py
[2025-01-18T00:29:19.155+0000] {processor.py:914} INFO - Processing file /home/airflow/.local/lib/python3.12/site-packages/airflow/example_dags/example_setup_teardown.py for tasks to queue
[2025-01-18T00:29:19.157+0000] {logging_mixin.py:190} INFO - [2025-01-18T00:29:19.157+0000] {dagbag.py:588} INFO - Filling up the DagBag from /home/airflow/.local/lib/python3.12/site-packages/airflow/example_dags/example_setup_teardown.py
[2025-01-18T00:29:19.166+0000] {processor.py:925} INFO - DAG(s) 'example_setup_teardown' retrieved from /home/airflow/.local/lib/python3.12/site-packages/airflow/example_dags/example_setup_teardown.py
[2025-01-18T00:29:19.189+0000] {logging_mixin.py:190} INFO - [2025-01-18T00:29:19.188+0000] {dag.py:3239} INFO - Sync 1 DAGs
[2025-01-18T00:29:19.206+0000] {logging_mixin.py:190} INFO - [2025-01-18T00:29:19.205+0000] {dag.py:4180} INFO - Setting next_dagrun for example_setup_teardown to None, run_after=None
[2025-01-18T00:29:19.229+0000] {processor.py:208} INFO - Processing /home/airflow/.local/lib/python3.12/site-packages/airflow/example_dags/example_setup_teardown.py took 0.081 seconds
[2025-01-18T00:29:50.088+0000] {processor.py:186} INFO - Started process (PID=21293) to work on /home/airflow/.local/lib/python3.12/site-packages/airflow/example_dags/example_setup_teardown.py
[2025-01-18T00:29:50.089+0000] {processor.py:914} INFO - Processing file /home/airflow/.local/lib/python3.12/site-packages/airflow/example_dags/example_setup_teardown.py for tasks to queue
[2025-01-18T00:29:50.091+0000] {logging_mixin.py:190} INFO - [2025-01-18T00:29:50.091+0000] {dagbag.py:588} INFO - Filling up the DagBag from /home/airflow/.local/lib/python3.12/site-packages/airflow/example_dags/example_setup_teardown.py
[2025-01-18T00:29:50.100+0000] {processor.py:925} INFO - DAG(s) 'example_setup_teardown' retrieved from /home/airflow/.local/lib/python3.12/site-packages/airflow/example_dags/example_setup_teardown.py
[2025-01-18T00:29:50.122+0000] {logging_mixin.py:190} INFO - [2025-01-18T00:29:50.122+0000] {dag.py:3239} INFO - Sync 1 DAGs
[2025-01-18T00:29:50.138+0000] {logging_mixin.py:190} INFO - [2025-01-18T00:29:50.138+0000] {dag.py:4180} INFO - Setting next_dagrun for example_setup_teardown to None, run_after=None
[2025-01-18T00:29:50.161+0000] {processor.py:208} INFO - Processing /home/airflow/.local/lib/python3.12/site-packages/airflow/example_dags/example_setup_teardown.py took 0.080 seconds
[2025-01-18T00:30:20.627+0000] {processor.py:186} INFO - Started process (PID=21360) to work on /home/airflow/.local/lib/python3.12/site-packages/airflow/example_dags/example_setup_teardown.py
[2025-01-18T00:30:20.628+0000] {processor.py:914} INFO - Processing file /home/airflow/.local/lib/python3.12/site-packages/airflow/example_dags/example_setup_teardown.py for tasks to queue
[2025-01-18T00:30:20.630+0000] {logging_mixin.py:190} INFO - [2025-01-18T00:30:20.630+0000] {dagbag.py:588} INFO - Filling up the DagBag from /home/airflow/.local/lib/python3.12/site-packages/airflow/example_dags/example_setup_teardown.py
[2025-01-18T00:30:20.639+0000] {processor.py:925} INFO - DAG(s) 'example_setup_teardown' retrieved from /home/airflow/.local/lib/python3.12/site-packages/airflow/example_dags/example_setup_teardown.py
[2025-01-18T00:30:20.661+0000] {logging_mixin.py:190} INFO - [2025-01-18T00:30:20.661+0000] {dag.py:3239} INFO - Sync 1 DAGs
[2025-01-18T00:30:20.677+0000] {logging_mixin.py:190} INFO - [2025-01-18T00:30:20.676+0000] {dag.py:4180} INFO - Setting next_dagrun for example_setup_teardown to None, run_after=None
[2025-01-18T00:30:20.698+0000] {processor.py:208} INFO - Processing /home/airflow/.local/lib/python3.12/site-packages/airflow/example_dags/example_setup_teardown.py took 0.078 seconds
[2025-01-18T00:30:51.159+0000] {processor.py:186} INFO - Started process (PID=21433) to work on /home/airflow/.local/lib/python3.12/site-packages/airflow/example_dags/example_setup_teardown.py
[2025-01-18T00:30:51.161+0000] {processor.py:914} INFO - Processing file /home/airflow/.local/lib/python3.12/site-packages/airflow/example_dags/example_setup_teardown.py for tasks to queue
[2025-01-18T00:30:51.163+0000] {logging_mixin.py:190} INFO - [2025-01-18T00:30:51.163+0000] {dagbag.py:588} INFO - Filling up the DagBag from /home/airflow/.local/lib/python3.12/site-packages/airflow/example_dags/example_setup_teardown.py
[2025-01-18T00:30:51.172+0000] {processor.py:925} INFO - DAG(s) 'example_setup_teardown' retrieved from /home/airflow/.local/lib/python3.12/site-packages/airflow/example_dags/example_setup_teardown.py
[2025-01-18T00:30:51.195+0000] {logging_mixin.py:190} INFO - [2025-01-18T00:30:51.195+0000] {dag.py:3239} INFO - Sync 1 DAGs
[2025-01-18T00:30:51.212+0000] {logging_mixin.py:190} INFO - [2025-01-18T00:30:51.211+0000] {dag.py:4180} INFO - Setting next_dagrun for example_setup_teardown to None, run_after=None
[2025-01-18T00:30:51.234+0000] {processor.py:208} INFO - Processing /home/airflow/.local/lib/python3.12/site-packages/airflow/example_dags/example_setup_teardown.py took 0.082 seconds
[2025-01-18T00:31:21.311+0000] {processor.py:186} INFO - Started process (PID=21500) to work on /home/airflow/.local/lib/python3.12/site-packages/airflow/example_dags/example_setup_teardown.py
[2025-01-18T00:31:21.312+0000] {processor.py:914} INFO - Processing file /home/airflow/.local/lib/python3.12/site-packages/airflow/example_dags/example_setup_teardown.py for tasks to queue
[2025-01-18T00:31:21.314+0000] {logging_mixin.py:190} INFO - [2025-01-18T00:31:21.314+0000] {dagbag.py:588} INFO - Filling up the DagBag from /home/airflow/.local/lib/python3.12/site-packages/airflow/example_dags/example_setup_teardown.py
[2025-01-18T00:31:21.322+0000] {processor.py:925} INFO - DAG(s) 'example_setup_teardown' retrieved from /home/airflow/.local/lib/python3.12/site-packages/airflow/example_dags/example_setup_teardown.py
[2025-01-18T00:31:21.344+0000] {logging_mixin.py:190} INFO - [2025-01-18T00:31:21.344+0000] {dag.py:3239} INFO - Sync 1 DAGs
[2025-01-18T00:31:21.360+0000] {logging_mixin.py:190} INFO - [2025-01-18T00:31:21.359+0000] {dag.py:4180} INFO - Setting next_dagrun for example_setup_teardown to None, run_after=None
[2025-01-18T00:31:21.382+0000] {processor.py:208} INFO - Processing /home/airflow/.local/lib/python3.12/site-packages/airflow/example_dags/example_setup_teardown.py took 0.077 seconds
[2025-01-18T00:31:51.735+0000] {processor.py:186} INFO - Started process (PID=21567) to work on /home/airflow/.local/lib/python3.12/site-packages/airflow/example_dags/example_setup_teardown.py
[2025-01-18T00:31:51.736+0000] {processor.py:914} INFO - Processing file /home/airflow/.local/lib/python3.12/site-packages/airflow/example_dags/example_setup_teardown.py for tasks to queue
[2025-01-18T00:31:51.739+0000] {logging_mixin.py:190} INFO - [2025-01-18T00:31:51.739+0000] {dagbag.py:588} INFO - Filling up the DagBag from /home/airflow/.local/lib/python3.12/site-packages/airflow/example_dags/example_setup_teardown.py
[2025-01-18T00:31:51.748+0000] {processor.py:925} INFO - DAG(s) 'example_setup_teardown' retrieved from /home/airflow/.local/lib/python3.12/site-packages/airflow/example_dags/example_setup_teardown.py
[2025-01-18T00:31:51.769+0000] {logging_mixin.py:190} INFO - [2025-01-18T00:31:51.769+0000] {dag.py:3239} INFO - Sync 1 DAGs
[2025-01-18T00:31:51.784+0000] {logging_mixin.py:190} INFO - [2025-01-18T00:31:51.784+0000] {dag.py:4180} INFO - Setting next_dagrun for example_setup_teardown to None, run_after=None
[2025-01-18T00:31:51.803+0000] {processor.py:208} INFO - Processing /home/airflow/.local/lib/python3.12/site-packages/airflow/example_dags/example_setup_teardown.py took 0.073 seconds
[2025-01-18T00:32:22.369+0000] {processor.py:186} INFO - Started process (PID=21634) to work on /home/airflow/.local/lib/python3.12/site-packages/airflow/example_dags/example_setup_teardown.py
[2025-01-18T00:32:22.370+0000] {processor.py:914} INFO - Processing file /home/airflow/.local/lib/python3.12/site-packages/airflow/example_dags/example_setup_teardown.py for tasks to queue
[2025-01-18T00:32:22.374+0000] {logging_mixin.py:190} INFO - [2025-01-18T00:32:22.374+0000] {dagbag.py:588} INFO - Filling up the DagBag from /home/airflow/.local/lib/python3.12/site-packages/airflow/example_dags/example_setup_teardown.py
[2025-01-18T00:32:22.385+0000] {processor.py:925} INFO - DAG(s) 'example_setup_teardown' retrieved from /home/airflow/.local/lib/python3.12/site-packages/airflow/example_dags/example_setup_teardown.py
[2025-01-18T00:32:22.412+0000] {logging_mixin.py:190} INFO - [2025-01-18T00:32:22.412+0000] {dag.py:3239} INFO - Sync 1 DAGs
[2025-01-18T00:32:22.432+0000] {logging_mixin.py:190} INFO - [2025-01-18T00:32:22.431+0000] {dag.py:4180} INFO - Setting next_dagrun for example_setup_teardown to None, run_after=None
[2025-01-18T00:32:22.464+0000] {processor.py:208} INFO - Processing /home/airflow/.local/lib/python3.12/site-packages/airflow/example_dags/example_setup_teardown.py took 0.101 seconds
[2025-01-18T00:32:53.289+0000] {processor.py:186} INFO - Started process (PID=21701) to work on /home/airflow/.local/lib/python3.12/site-packages/airflow/example_dags/example_setup_teardown.py
[2025-01-18T00:32:53.290+0000] {processor.py:914} INFO - Processing file /home/airflow/.local/lib/python3.12/site-packages/airflow/example_dags/example_setup_teardown.py for tasks to queue
[2025-01-18T00:32:53.292+0000] {logging_mixin.py:190} INFO - [2025-01-18T00:32:53.292+0000] {dagbag.py:588} INFO - Filling up the DagBag from /home/airflow/.local/lib/python3.12/site-packages/airflow/example_dags/example_setup_teardown.py
[2025-01-18T00:32:53.303+0000] {processor.py:925} INFO - DAG(s) 'example_setup_teardown' retrieved from /home/airflow/.local/lib/python3.12/site-packages/airflow/example_dags/example_setup_teardown.py
[2025-01-18T00:32:53.327+0000] {logging_mixin.py:190} INFO - [2025-01-18T00:32:53.326+0000] {dag.py:3239} INFO - Sync 1 DAGs
[2025-01-18T00:32:53.345+0000] {logging_mixin.py:190} INFO - [2025-01-18T00:32:53.345+0000] {dag.py:4180} INFO - Setting next_dagrun for example_setup_teardown to None, run_after=None
[2025-01-18T00:32:53.369+0000] {processor.py:208} INFO - Processing /home/airflow/.local/lib/python3.12/site-packages/airflow/example_dags/example_setup_teardown.py took 0.086 seconds
[2025-01-18T00:33:23.547+0000] {processor.py:186} INFO - Started process (PID=21768) to work on /home/airflow/.local/lib/python3.12/site-packages/airflow/example_dags/example_setup_teardown.py
[2025-01-18T00:33:23.548+0000] {processor.py:914} INFO - Processing file /home/airflow/.local/lib/python3.12/site-packages/airflow/example_dags/example_setup_teardown.py for tasks to queue
[2025-01-18T00:33:23.551+0000] {logging_mixin.py:190} INFO - [2025-01-18T00:33:23.550+0000] {dagbag.py:588} INFO - Filling up the DagBag from /home/airflow/.local/lib/python3.12/site-packages/airflow/example_dags/example_setup_teardown.py
[2025-01-18T00:33:23.561+0000] {processor.py:925} INFO - DAG(s) 'example_setup_teardown' retrieved from /home/airflow/.local/lib/python3.12/site-packages/airflow/example_dags/example_setup_teardown.py
[2025-01-18T00:33:23.587+0000] {logging_mixin.py:190} INFO - [2025-01-18T00:33:23.586+0000] {dag.py:3239} INFO - Sync 1 DAGs
[2025-01-18T00:33:23.606+0000] {logging_mixin.py:190} INFO - [2025-01-18T00:33:23.606+0000] {dag.py:4180} INFO - Setting next_dagrun for example_setup_teardown to None, run_after=None
[2025-01-18T00:33:23.631+0000] {processor.py:208} INFO - Processing /home/airflow/.local/lib/python3.12/site-packages/airflow/example_dags/example_setup_teardown.py took 0.092 seconds
[2025-01-18T00:33:53.676+0000] {processor.py:186} INFO - Started process (PID=21835) to work on /home/airflow/.local/lib/python3.12/site-packages/airflow/example_dags/example_setup_teardown.py
[2025-01-18T00:33:53.678+0000] {processor.py:914} INFO - Processing file /home/airflow/.local/lib/python3.12/site-packages/airflow/example_dags/example_setup_teardown.py for tasks to queue
[2025-01-18T00:33:53.680+0000] {logging_mixin.py:190} INFO - [2025-01-18T00:33:53.680+0000] {dagbag.py:588} INFO - Filling up the DagBag from /home/airflow/.local/lib/python3.12/site-packages/airflow/example_dags/example_setup_teardown.py
[2025-01-18T00:33:53.690+0000] {processor.py:925} INFO - DAG(s) 'example_setup_teardown' retrieved from /home/airflow/.local/lib/python3.12/site-packages/airflow/example_dags/example_setup_teardown.py
[2025-01-18T00:33:53.714+0000] {logging_mixin.py:190} INFO - [2025-01-18T00:33:53.714+0000] {dag.py:3239} INFO - Sync 1 DAGs
[2025-01-18T00:33:53.734+0000] {logging_mixin.py:190} INFO - [2025-01-18T00:33:53.733+0000] {dag.py:4180} INFO - Setting next_dagrun for example_setup_teardown to None, run_after=None
[2025-01-18T00:33:53.756+0000] {processor.py:208} INFO - Processing /home/airflow/.local/lib/python3.12/site-packages/airflow/example_dags/example_setup_teardown.py took 0.086 seconds
[2025-01-18T00:34:24.121+0000] {processor.py:186} INFO - Started process (PID=21903) to work on /home/airflow/.local/lib/python3.12/site-packages/airflow/example_dags/example_setup_teardown.py
[2025-01-18T00:34:24.123+0000] {processor.py:914} INFO - Processing file /home/airflow/.local/lib/python3.12/site-packages/airflow/example_dags/example_setup_teardown.py for tasks to queue
[2025-01-18T00:34:24.126+0000] {logging_mixin.py:190} INFO - [2025-01-18T00:34:24.126+0000] {dagbag.py:588} INFO - Filling up the DagBag from /home/airflow/.local/lib/python3.12/site-packages/airflow/example_dags/example_setup_teardown.py
[2025-01-18T00:34:24.142+0000] {processor.py:925} INFO - DAG(s) 'example_setup_teardown' retrieved from /home/airflow/.local/lib/python3.12/site-packages/airflow/example_dags/example_setup_teardown.py
[2025-01-18T00:34:24.184+0000] {logging_mixin.py:190} INFO - [2025-01-18T00:34:24.183+0000] {dag.py:3239} INFO - Sync 1 DAGs
[2025-01-18T00:34:24.216+0000] {logging_mixin.py:190} INFO - [2025-01-18T00:34:24.216+0000] {dag.py:4180} INFO - Setting next_dagrun for example_setup_teardown to None, run_after=None
[2025-01-18T00:34:24.250+0000] {processor.py:208} INFO - Processing /home/airflow/.local/lib/python3.12/site-packages/airflow/example_dags/example_setup_teardown.py took 0.140 seconds
[2025-01-18T00:34:54.348+0000] {processor.py:186} INFO - Started process (PID=21969) to work on /home/airflow/.local/lib/python3.12/site-packages/airflow/example_dags/example_setup_teardown.py
[2025-01-18T00:34:54.349+0000] {processor.py:914} INFO - Processing file /home/airflow/.local/lib/python3.12/site-packages/airflow/example_dags/example_setup_teardown.py for tasks to queue
[2025-01-18T00:34:54.352+0000] {logging_mixin.py:190} INFO - [2025-01-18T00:34:54.351+0000] {dagbag.py:588} INFO - Filling up the DagBag from /home/airflow/.local/lib/python3.12/site-packages/airflow/example_dags/example_setup_teardown.py
[2025-01-18T00:34:54.364+0000] {processor.py:925} INFO - DAG(s) 'example_setup_teardown' retrieved from /home/airflow/.local/lib/python3.12/site-packages/airflow/example_dags/example_setup_teardown.py
[2025-01-18T00:34:54.393+0000] {logging_mixin.py:190} INFO - [2025-01-18T00:34:54.393+0000] {dag.py:3239} INFO - Sync 1 DAGs
[2025-01-18T00:34:54.414+0000] {logging_mixin.py:190} INFO - [2025-01-18T00:34:54.414+0000] {dag.py:4180} INFO - Setting next_dagrun for example_setup_teardown to None, run_after=None
[2025-01-18T00:34:54.439+0000] {processor.py:208} INFO - Processing /home/airflow/.local/lib/python3.12/site-packages/airflow/example_dags/example_setup_teardown.py took 0.102 seconds
[2025-01-18T00:35:24.688+0000] {processor.py:186} INFO - Started process (PID=22042) to work on /home/airflow/.local/lib/python3.12/site-packages/airflow/example_dags/example_setup_teardown.py
[2025-01-18T00:35:24.689+0000] {processor.py:914} INFO - Processing file /home/airflow/.local/lib/python3.12/site-packages/airflow/example_dags/example_setup_teardown.py for tasks to queue
[2025-01-18T00:35:24.691+0000] {logging_mixin.py:190} INFO - [2025-01-18T00:35:24.691+0000] {dagbag.py:588} INFO - Filling up the DagBag from /home/airflow/.local/lib/python3.12/site-packages/airflow/example_dags/example_setup_teardown.py
[2025-01-18T00:35:24.702+0000] {processor.py:925} INFO - DAG(s) 'example_setup_teardown' retrieved from /home/airflow/.local/lib/python3.12/site-packages/airflow/example_dags/example_setup_teardown.py
[2025-01-18T00:35:24.724+0000] {logging_mixin.py:190} INFO - [2025-01-18T00:35:24.724+0000] {dag.py:3239} INFO - Sync 1 DAGs
[2025-01-18T00:35:24.741+0000] {logging_mixin.py:190} INFO - [2025-01-18T00:35:24.741+0000] {dag.py:4180} INFO - Setting next_dagrun for example_setup_teardown to None, run_after=None
[2025-01-18T00:35:24.766+0000] {processor.py:208} INFO - Processing /home/airflow/.local/lib/python3.12/site-packages/airflow/example_dags/example_setup_teardown.py took 0.085 seconds
