[2025-01-18T00:00:15.361+0000] {processor.py:186} INFO - Started process (PID=17374) to work on /home/airflow/.local/lib/python3.12/site-packages/airflow/example_dags/example_bash_decorator.py
[2025-01-18T00:00:15.362+0000] {processor.py:914} INFO - Processing file /home/airflow/.local/lib/python3.12/site-packages/airflow/example_dags/example_bash_decorator.py for tasks to queue
[2025-01-18T00:00:15.365+0000] {logging_mixin.py:190} INFO - [2025-01-18T00:00:15.364+0000] {dagbag.py:588} INFO - Filling up the DagBag from /home/airflow/.local/lib/python3.12/site-packages/airflow/example_dags/example_bash_decorator.py
[2025-01-18T00:00:15.387+0000] {processor.py:925} INFO - DAG(s) 'example_bash_decorator' retrieved from /home/airflow/.local/lib/python3.12/site-packages/airflow/example_dags/example_bash_decorator.py
[2025-01-18T00:00:15.421+0000] {logging_mixin.py:190} INFO - [2025-01-18T00:00:15.420+0000] {dag.py:3239} INFO - Sync 1 DAGs
[2025-01-18T00:00:15.441+0000] {logging_mixin.py:190} INFO - [2025-01-18T00:00:15.440+0000] {dag.py:4180} INFO - Setting next_dagrun for example_bash_decorator to None, run_after=None
[2025-01-18T00:00:15.462+0000] {processor.py:208} INFO - Processing /home/airflow/.local/lib/python3.12/site-packages/airflow/example_dags/example_bash_decorator.py took 0.110 seconds
[2025-01-18T00:00:45.812+0000] {processor.py:186} INFO - Started process (PID=17441) to work on /home/airflow/.local/lib/python3.12/site-packages/airflow/example_dags/example_bash_decorator.py
[2025-01-18T00:00:45.813+0000] {processor.py:914} INFO - Processing file /home/airflow/.local/lib/python3.12/site-packages/airflow/example_dags/example_bash_decorator.py for tasks to queue
[2025-01-18T00:00:45.815+0000] {logging_mixin.py:190} INFO - [2025-01-18T00:00:45.814+0000] {dagbag.py:588} INFO - Filling up the DagBag from /home/airflow/.local/lib/python3.12/site-packages/airflow/example_dags/example_bash_decorator.py
[2025-01-18T00:00:45.828+0000] {processor.py:925} INFO - DAG(s) 'example_bash_decorator' retrieved from /home/airflow/.local/lib/python3.12/site-packages/airflow/example_dags/example_bash_decorator.py
[2025-01-18T00:00:45.855+0000] {logging_mixin.py:190} INFO - [2025-01-18T00:00:45.854+0000] {dag.py:3239} INFO - Sync 1 DAGs
[2025-01-18T00:00:45.871+0000] {logging_mixin.py:190} INFO - [2025-01-18T00:00:45.870+0000] {dag.py:4180} INFO - Setting next_dagrun for example_bash_decorator to None, run_after=None
[2025-01-18T00:00:45.892+0000] {processor.py:208} INFO - Processing /home/airflow/.local/lib/python3.12/site-packages/airflow/example_dags/example_bash_decorator.py took 0.086 seconds
[2025-01-18T00:01:16.398+0000] {processor.py:186} INFO - Started process (PID=17514) to work on /home/airflow/.local/lib/python3.12/site-packages/airflow/example_dags/example_bash_decorator.py
[2025-01-18T00:01:16.399+0000] {processor.py:914} INFO - Processing file /home/airflow/.local/lib/python3.12/site-packages/airflow/example_dags/example_bash_decorator.py for tasks to queue
[2025-01-18T00:01:16.401+0000] {logging_mixin.py:190} INFO - [2025-01-18T00:01:16.401+0000] {dagbag.py:588} INFO - Filling up the DagBag from /home/airflow/.local/lib/python3.12/site-packages/airflow/example_dags/example_bash_decorator.py
[2025-01-18T00:01:16.415+0000] {processor.py:925} INFO - DAG(s) 'example_bash_decorator' retrieved from /home/airflow/.local/lib/python3.12/site-packages/airflow/example_dags/example_bash_decorator.py
[2025-01-18T00:01:16.439+0000] {logging_mixin.py:190} INFO - [2025-01-18T00:01:16.439+0000] {dag.py:3239} INFO - Sync 1 DAGs
[2025-01-18T00:01:16.455+0000] {logging_mixin.py:190} INFO - [2025-01-18T00:01:16.455+0000] {dag.py:4180} INFO - Setting next_dagrun for example_bash_decorator to None, run_after=None
[2025-01-18T00:01:16.476+0000] {processor.py:208} INFO - Processing /home/airflow/.local/lib/python3.12/site-packages/airflow/example_dags/example_bash_decorator.py took 0.083 seconds
[2025-01-18T00:01:46.932+0000] {processor.py:186} INFO - Started process (PID=17581) to work on /home/airflow/.local/lib/python3.12/site-packages/airflow/example_dags/example_bash_decorator.py
[2025-01-18T00:01:46.933+0000] {processor.py:914} INFO - Processing file /home/airflow/.local/lib/python3.12/site-packages/airflow/example_dags/example_bash_decorator.py for tasks to queue
[2025-01-18T00:01:46.936+0000] {logging_mixin.py:190} INFO - [2025-01-18T00:01:46.935+0000] {dagbag.py:588} INFO - Filling up the DagBag from /home/airflow/.local/lib/python3.12/site-packages/airflow/example_dags/example_bash_decorator.py
[2025-01-18T00:01:46.954+0000] {processor.py:925} INFO - DAG(s) 'example_bash_decorator' retrieved from /home/airflow/.local/lib/python3.12/site-packages/airflow/example_dags/example_bash_decorator.py
[2025-01-18T00:01:46.986+0000] {logging_mixin.py:190} INFO - [2025-01-18T00:01:46.986+0000] {dag.py:3239} INFO - Sync 1 DAGs
[2025-01-18T00:01:47.006+0000] {logging_mixin.py:190} INFO - [2025-01-18T00:01:47.006+0000] {dag.py:4180} INFO - Setting next_dagrun for example_bash_decorator to None, run_after=None
[2025-01-18T00:01:47.031+0000] {processor.py:208} INFO - Processing /home/airflow/.local/lib/python3.12/site-packages/airflow/example_dags/example_bash_decorator.py took 0.107 seconds
[2025-01-18T00:02:17.683+0000] {processor.py:186} INFO - Started process (PID=17648) to work on /home/airflow/.local/lib/python3.12/site-packages/airflow/example_dags/example_bash_decorator.py
[2025-01-18T00:02:17.684+0000] {processor.py:914} INFO - Processing file /home/airflow/.local/lib/python3.12/site-packages/airflow/example_dags/example_bash_decorator.py for tasks to queue
[2025-01-18T00:02:17.687+0000] {logging_mixin.py:190} INFO - [2025-01-18T00:02:17.686+0000] {dagbag.py:588} INFO - Filling up the DagBag from /home/airflow/.local/lib/python3.12/site-packages/airflow/example_dags/example_bash_decorator.py
[2025-01-18T00:02:17.704+0000] {processor.py:925} INFO - DAG(s) 'example_bash_decorator' retrieved from /home/airflow/.local/lib/python3.12/site-packages/airflow/example_dags/example_bash_decorator.py
[2025-01-18T00:02:17.733+0000] {logging_mixin.py:190} INFO - [2025-01-18T00:02:17.732+0000] {dag.py:3239} INFO - Sync 1 DAGs
[2025-01-18T00:02:17.750+0000] {logging_mixin.py:190} INFO - [2025-01-18T00:02:17.750+0000] {dag.py:4180} INFO - Setting next_dagrun for example_bash_decorator to None, run_after=None
[2025-01-18T00:02:17.773+0000] {processor.py:208} INFO - Processing /home/airflow/.local/lib/python3.12/site-packages/airflow/example_dags/example_bash_decorator.py took 0.098 seconds
[2025-01-18T00:02:48.135+0000] {processor.py:186} INFO - Started process (PID=17716) to work on /home/airflow/.local/lib/python3.12/site-packages/airflow/example_dags/example_bash_decorator.py
[2025-01-18T00:02:48.136+0000] {processor.py:914} INFO - Processing file /home/airflow/.local/lib/python3.12/site-packages/airflow/example_dags/example_bash_decorator.py for tasks to queue
[2025-01-18T00:02:48.139+0000] {logging_mixin.py:190} INFO - [2025-01-18T00:02:48.138+0000] {dagbag.py:588} INFO - Filling up the DagBag from /home/airflow/.local/lib/python3.12/site-packages/airflow/example_dags/example_bash_decorator.py
[2025-01-18T00:02:48.160+0000] {processor.py:925} INFO - DAG(s) 'example_bash_decorator' retrieved from /home/airflow/.local/lib/python3.12/site-packages/airflow/example_dags/example_bash_decorator.py
[2025-01-18T00:02:48.191+0000] {logging_mixin.py:190} INFO - [2025-01-18T00:02:48.191+0000] {dag.py:3239} INFO - Sync 1 DAGs
[2025-01-18T00:02:47.684+0000] {logging_mixin.py:190} INFO - [2025-01-18T00:02:47.684+0000] {dag.py:4180} INFO - Setting next_dagrun for example_bash_decorator to None, run_after=None
[2025-01-18T00:02:47.709+0000] {processor.py:208} INFO - Processing /home/airflow/.local/lib/python3.12/site-packages/airflow/example_dags/example_bash_decorator.py took 0.110 seconds
[2025-01-18T00:03:18.570+0000] {processor.py:186} INFO - Started process (PID=17784) to work on /home/airflow/.local/lib/python3.12/site-packages/airflow/example_dags/example_bash_decorator.py
[2025-01-18T00:03:18.571+0000] {processor.py:914} INFO - Processing file /home/airflow/.local/lib/python3.12/site-packages/airflow/example_dags/example_bash_decorator.py for tasks to queue
[2025-01-18T00:03:18.574+0000] {logging_mixin.py:190} INFO - [2025-01-18T00:03:18.573+0000] {dagbag.py:588} INFO - Filling up the DagBag from /home/airflow/.local/lib/python3.12/site-packages/airflow/example_dags/example_bash_decorator.py
[2025-01-18T00:03:18.592+0000] {processor.py:925} INFO - DAG(s) 'example_bash_decorator' retrieved from /home/airflow/.local/lib/python3.12/site-packages/airflow/example_dags/example_bash_decorator.py
[2025-01-18T00:03:18.622+0000] {logging_mixin.py:190} INFO - [2025-01-18T00:03:18.622+0000] {dag.py:3239} INFO - Sync 1 DAGs
[2025-01-18T00:03:18.641+0000] {logging_mixin.py:190} INFO - [2025-01-18T00:03:18.641+0000] {dag.py:4180} INFO - Setting next_dagrun for example_bash_decorator to None, run_after=None
[2025-01-18T00:03:18.663+0000] {processor.py:208} INFO - Processing /home/airflow/.local/lib/python3.12/site-packages/airflow/example_dags/example_bash_decorator.py took 0.098 seconds
[2025-01-18T00:03:49.297+0000] {processor.py:186} INFO - Started process (PID=17851) to work on /home/airflow/.local/lib/python3.12/site-packages/airflow/example_dags/example_bash_decorator.py
[2025-01-18T00:03:49.298+0000] {processor.py:914} INFO - Processing file /home/airflow/.local/lib/python3.12/site-packages/airflow/example_dags/example_bash_decorator.py for tasks to queue
[2025-01-18T00:03:49.301+0000] {logging_mixin.py:190} INFO - [2025-01-18T00:03:49.300+0000] {dagbag.py:588} INFO - Filling up the DagBag from /home/airflow/.local/lib/python3.12/site-packages/airflow/example_dags/example_bash_decorator.py
[2025-01-18T00:03:49.316+0000] {processor.py:925} INFO - DAG(s) 'example_bash_decorator' retrieved from /home/airflow/.local/lib/python3.12/site-packages/airflow/example_dags/example_bash_decorator.py
[2025-01-18T00:03:49.344+0000] {logging_mixin.py:190} INFO - [2025-01-18T00:03:49.344+0000] {dag.py:3239} INFO - Sync 1 DAGs
[2025-01-18T00:03:49.362+0000] {logging_mixin.py:190} INFO - [2025-01-18T00:03:49.362+0000] {dag.py:4180} INFO - Setting next_dagrun for example_bash_decorator to None, run_after=None
[2025-01-18T00:03:49.386+0000] {processor.py:208} INFO - Processing /home/airflow/.local/lib/python3.12/site-packages/airflow/example_dags/example_bash_decorator.py took 0.096 seconds
[2025-01-18T00:04:19.697+0000] {processor.py:186} INFO - Started process (PID=17918) to work on /home/airflow/.local/lib/python3.12/site-packages/airflow/example_dags/example_bash_decorator.py
[2025-01-18T00:04:19.698+0000] {processor.py:914} INFO - Processing file /home/airflow/.local/lib/python3.12/site-packages/airflow/example_dags/example_bash_decorator.py for tasks to queue
[2025-01-18T00:04:19.702+0000] {logging_mixin.py:190} INFO - [2025-01-18T00:04:19.701+0000] {dagbag.py:588} INFO - Filling up the DagBag from /home/airflow/.local/lib/python3.12/site-packages/airflow/example_dags/example_bash_decorator.py
[2025-01-18T00:04:19.727+0000] {processor.py:925} INFO - DAG(s) 'example_bash_decorator' retrieved from /home/airflow/.local/lib/python3.12/site-packages/airflow/example_dags/example_bash_decorator.py
[2025-01-18T00:04:19.768+0000] {logging_mixin.py:190} INFO - [2025-01-18T00:04:19.767+0000] {dag.py:3239} INFO - Sync 1 DAGs
[2025-01-18T00:04:19.789+0000] {logging_mixin.py:190} INFO - [2025-01-18T00:04:19.788+0000] {dag.py:4180} INFO - Setting next_dagrun for example_bash_decorator to None, run_after=None
[2025-01-18T00:04:19.815+0000] {processor.py:208} INFO - Processing /home/airflow/.local/lib/python3.12/site-packages/airflow/example_dags/example_bash_decorator.py took 0.126 seconds
[2025-01-18T00:04:50.753+0000] {processor.py:186} INFO - Started process (PID=17985) to work on /home/airflow/.local/lib/python3.12/site-packages/airflow/example_dags/example_bash_decorator.py
[2025-01-18T00:04:50.754+0000] {processor.py:914} INFO - Processing file /home/airflow/.local/lib/python3.12/site-packages/airflow/example_dags/example_bash_decorator.py for tasks to queue
[2025-01-18T00:04:50.757+0000] {logging_mixin.py:190} INFO - [2025-01-18T00:04:50.757+0000] {dagbag.py:588} INFO - Filling up the DagBag from /home/airflow/.local/lib/python3.12/site-packages/airflow/example_dags/example_bash_decorator.py
[2025-01-18T00:04:50.785+0000] {processor.py:925} INFO - DAG(s) 'example_bash_decorator' retrieved from /home/airflow/.local/lib/python3.12/site-packages/airflow/example_dags/example_bash_decorator.py
[2025-01-18T00:04:50.832+0000] {logging_mixin.py:190} INFO - [2025-01-18T00:04:50.831+0000] {dag.py:3239} INFO - Sync 1 DAGs
[2025-01-18T00:04:50.859+0000] {logging_mixin.py:190} INFO - [2025-01-18T00:04:50.859+0000] {dag.py:4180} INFO - Setting next_dagrun for example_bash_decorator to None, run_after=None
[2025-01-18T00:04:50.883+0000] {processor.py:208} INFO - Processing /home/airflow/.local/lib/python3.12/site-packages/airflow/example_dags/example_bash_decorator.py took 0.138 seconds
[2025-01-18T00:05:21.194+0000] {processor.py:186} INFO - Started process (PID=18058) to work on /home/airflow/.local/lib/python3.12/site-packages/airflow/example_dags/example_bash_decorator.py
[2025-01-18T00:05:21.195+0000] {processor.py:914} INFO - Processing file /home/airflow/.local/lib/python3.12/site-packages/airflow/example_dags/example_bash_decorator.py for tasks to queue
[2025-01-18T00:05:21.199+0000] {logging_mixin.py:190} INFO - [2025-01-18T00:05:21.199+0000] {dagbag.py:588} INFO - Filling up the DagBag from /home/airflow/.local/lib/python3.12/site-packages/airflow/example_dags/example_bash_decorator.py
[2025-01-18T00:05:21.238+0000] {processor.py:925} INFO - DAG(s) 'example_bash_decorator' retrieved from /home/airflow/.local/lib/python3.12/site-packages/airflow/example_dags/example_bash_decorator.py
[2025-01-18T00:05:21.275+0000] {logging_mixin.py:190} INFO - [2025-01-18T00:05:21.275+0000] {dag.py:3239} INFO - Sync 1 DAGs
[2025-01-18T00:05:21.297+0000] {logging_mixin.py:190} INFO - [2025-01-18T00:05:21.296+0000] {dag.py:4180} INFO - Setting next_dagrun for example_bash_decorator to None, run_after=None
[2025-01-18T00:05:21.325+0000] {processor.py:208} INFO - Processing /home/airflow/.local/lib/python3.12/site-packages/airflow/example_dags/example_bash_decorator.py took 0.145 seconds
[2025-01-18T00:05:51.718+0000] {processor.py:186} INFO - Started process (PID=18125) to work on /home/airflow/.local/lib/python3.12/site-packages/airflow/example_dags/example_bash_decorator.py
[2025-01-18T00:05:51.720+0000] {processor.py:914} INFO - Processing file /home/airflow/.local/lib/python3.12/site-packages/airflow/example_dags/example_bash_decorator.py for tasks to queue
[2025-01-18T00:05:51.723+0000] {logging_mixin.py:190} INFO - [2025-01-18T00:05:51.722+0000] {dagbag.py:588} INFO - Filling up the DagBag from /home/airflow/.local/lib/python3.12/site-packages/airflow/example_dags/example_bash_decorator.py
[2025-01-18T00:05:51.750+0000] {processor.py:925} INFO - DAG(s) 'example_bash_decorator' retrieved from /home/airflow/.local/lib/python3.12/site-packages/airflow/example_dags/example_bash_decorator.py
[2025-01-18T00:05:51.798+0000] {logging_mixin.py:190} INFO - [2025-01-18T00:05:51.798+0000] {dag.py:3239} INFO - Sync 1 DAGs
[2025-01-18T00:05:51.832+0000] {logging_mixin.py:190} INFO - [2025-01-18T00:05:51.831+0000] {dag.py:4180} INFO - Setting next_dagrun for example_bash_decorator to None, run_after=None
[2025-01-18T00:05:51.868+0000] {processor.py:208} INFO - Processing /home/airflow/.local/lib/python3.12/site-packages/airflow/example_dags/example_bash_decorator.py took 0.159 seconds
[2025-01-18T00:06:22.089+0000] {processor.py:186} INFO - Started process (PID=18193) to work on /home/airflow/.local/lib/python3.12/site-packages/airflow/example_dags/example_bash_decorator.py
[2025-01-18T00:06:22.091+0000] {processor.py:914} INFO - Processing file /home/airflow/.local/lib/python3.12/site-packages/airflow/example_dags/example_bash_decorator.py for tasks to queue
[2025-01-18T00:06:22.097+0000] {logging_mixin.py:190} INFO - [2025-01-18T00:06:22.095+0000] {dagbag.py:588} INFO - Filling up the DagBag from /home/airflow/.local/lib/python3.12/site-packages/airflow/example_dags/example_bash_decorator.py
[2025-01-18T00:06:22.130+0000] {processor.py:925} INFO - DAG(s) 'example_bash_decorator' retrieved from /home/airflow/.local/lib/python3.12/site-packages/airflow/example_dags/example_bash_decorator.py
[2025-01-18T00:06:22.176+0000] {logging_mixin.py:190} INFO - [2025-01-18T00:06:22.176+0000] {dag.py:3239} INFO - Sync 1 DAGs
[2025-01-18T00:06:22.200+0000] {logging_mixin.py:190} INFO - [2025-01-18T00:06:22.200+0000] {dag.py:4180} INFO - Setting next_dagrun for example_bash_decorator to None, run_after=None
[2025-01-18T00:06:22.231+0000] {processor.py:208} INFO - Processing /home/airflow/.local/lib/python3.12/site-packages/airflow/example_dags/example_bash_decorator.py took 0.156 seconds
[2025-01-18T00:06:52.295+0000] {processor.py:186} INFO - Started process (PID=18260) to work on /home/airflow/.local/lib/python3.12/site-packages/airflow/example_dags/example_bash_decorator.py
[2025-01-18T00:06:52.296+0000] {processor.py:914} INFO - Processing file /home/airflow/.local/lib/python3.12/site-packages/airflow/example_dags/example_bash_decorator.py for tasks to queue
[2025-01-18T00:06:52.299+0000] {logging_mixin.py:190} INFO - [2025-01-18T00:06:52.299+0000] {dagbag.py:588} INFO - Filling up the DagBag from /home/airflow/.local/lib/python3.12/site-packages/airflow/example_dags/example_bash_decorator.py
[2025-01-18T00:06:52.321+0000] {processor.py:925} INFO - DAG(s) 'example_bash_decorator' retrieved from /home/airflow/.local/lib/python3.12/site-packages/airflow/example_dags/example_bash_decorator.py
[2025-01-18T00:06:52.364+0000] {logging_mixin.py:190} INFO - [2025-01-18T00:06:52.364+0000] {dag.py:3239} INFO - Sync 1 DAGs
[2025-01-18T00:06:52.391+0000] {logging_mixin.py:190} INFO - [2025-01-18T00:06:52.391+0000] {dag.py:4180} INFO - Setting next_dagrun for example_bash_decorator to None, run_after=None
[2025-01-18T00:06:52.424+0000] {processor.py:208} INFO - Processing /home/airflow/.local/lib/python3.12/site-packages/airflow/example_dags/example_bash_decorator.py took 0.138 seconds
[2025-01-18T00:07:22.484+0000] {processor.py:186} INFO - Started process (PID=18327) to work on /home/airflow/.local/lib/python3.12/site-packages/airflow/example_dags/example_bash_decorator.py
[2025-01-18T00:07:22.485+0000] {processor.py:914} INFO - Processing file /home/airflow/.local/lib/python3.12/site-packages/airflow/example_dags/example_bash_decorator.py for tasks to queue
[2025-01-18T00:07:22.488+0000] {logging_mixin.py:190} INFO - [2025-01-18T00:07:22.488+0000] {dagbag.py:588} INFO - Filling up the DagBag from /home/airflow/.local/lib/python3.12/site-packages/airflow/example_dags/example_bash_decorator.py
[2025-01-18T00:07:22.511+0000] {processor.py:925} INFO - DAG(s) 'example_bash_decorator' retrieved from /home/airflow/.local/lib/python3.12/site-packages/airflow/example_dags/example_bash_decorator.py
[2025-01-18T00:07:22.546+0000] {logging_mixin.py:190} INFO - [2025-01-18T00:07:22.546+0000] {dag.py:3239} INFO - Sync 1 DAGs
[2025-01-18T00:07:22.565+0000] {logging_mixin.py:190} INFO - [2025-01-18T00:07:22.564+0000] {dag.py:4180} INFO - Setting next_dagrun for example_bash_decorator to None, run_after=None
[2025-01-18T00:07:22.596+0000] {processor.py:208} INFO - Processing /home/airflow/.local/lib/python3.12/site-packages/airflow/example_dags/example_bash_decorator.py took 0.120 seconds
[2025-01-18T00:07:52.715+0000] {processor.py:186} INFO - Started process (PID=18394) to work on /home/airflow/.local/lib/python3.12/site-packages/airflow/example_dags/example_bash_decorator.py
[2025-01-18T00:07:52.717+0000] {processor.py:914} INFO - Processing file /home/airflow/.local/lib/python3.12/site-packages/airflow/example_dags/example_bash_decorator.py for tasks to queue
[2025-01-18T00:07:52.719+0000] {logging_mixin.py:190} INFO - [2025-01-18T00:07:52.719+0000] {dagbag.py:588} INFO - Filling up the DagBag from /home/airflow/.local/lib/python3.12/site-packages/airflow/example_dags/example_bash_decorator.py
[2025-01-18T00:07:52.738+0000] {processor.py:925} INFO - DAG(s) 'example_bash_decorator' retrieved from /home/airflow/.local/lib/python3.12/site-packages/airflow/example_dags/example_bash_decorator.py
[2025-01-18T00:07:52.772+0000] {logging_mixin.py:190} INFO - [2025-01-18T00:07:52.771+0000] {dag.py:3239} INFO - Sync 1 DAGs
[2025-01-18T00:07:52.790+0000] {logging_mixin.py:190} INFO - [2025-01-18T00:07:52.790+0000] {dag.py:4180} INFO - Setting next_dagrun for example_bash_decorator to None, run_after=None
[2025-01-18T00:07:52.816+0000] {processor.py:208} INFO - Processing /home/airflow/.local/lib/python3.12/site-packages/airflow/example_dags/example_bash_decorator.py took 0.108 seconds
[2025-01-18T00:08:23.551+0000] {processor.py:186} INFO - Started process (PID=18461) to work on /home/airflow/.local/lib/python3.12/site-packages/airflow/example_dags/example_bash_decorator.py
[2025-01-18T00:08:23.552+0000] {processor.py:914} INFO - Processing file /home/airflow/.local/lib/python3.12/site-packages/airflow/example_dags/example_bash_decorator.py for tasks to queue
[2025-01-18T00:08:23.554+0000] {logging_mixin.py:190} INFO - [2025-01-18T00:08:23.554+0000] {dagbag.py:588} INFO - Filling up the DagBag from /home/airflow/.local/lib/python3.12/site-packages/airflow/example_dags/example_bash_decorator.py
[2025-01-18T00:08:23.569+0000] {processor.py:925} INFO - DAG(s) 'example_bash_decorator' retrieved from /home/airflow/.local/lib/python3.12/site-packages/airflow/example_dags/example_bash_decorator.py
[2025-01-18T00:08:23.594+0000] {logging_mixin.py:190} INFO - [2025-01-18T00:08:23.593+0000] {dag.py:3239} INFO - Sync 1 DAGs
[2025-01-18T00:08:23.608+0000] {logging_mixin.py:190} INFO - [2025-01-18T00:08:23.608+0000] {dag.py:4180} INFO - Setting next_dagrun for example_bash_decorator to None, run_after=None
[2025-01-18T00:08:23.630+0000] {processor.py:208} INFO - Processing /home/airflow/.local/lib/python3.12/site-packages/airflow/example_dags/example_bash_decorator.py took 0.084 seconds
[2025-01-18T00:08:53.727+0000] {processor.py:186} INFO - Started process (PID=18528) to work on /home/airflow/.local/lib/python3.12/site-packages/airflow/example_dags/example_bash_decorator.py
[2025-01-18T00:08:53.728+0000] {processor.py:914} INFO - Processing file /home/airflow/.local/lib/python3.12/site-packages/airflow/example_dags/example_bash_decorator.py for tasks to queue
[2025-01-18T00:08:53.731+0000] {logging_mixin.py:190} INFO - [2025-01-18T00:08:53.730+0000] {dagbag.py:588} INFO - Filling up the DagBag from /home/airflow/.local/lib/python3.12/site-packages/airflow/example_dags/example_bash_decorator.py
[2025-01-18T00:08:53.747+0000] {processor.py:925} INFO - DAG(s) 'example_bash_decorator' retrieved from /home/airflow/.local/lib/python3.12/site-packages/airflow/example_dags/example_bash_decorator.py
[2025-01-18T00:08:53.773+0000] {logging_mixin.py:190} INFO - [2025-01-18T00:08:53.773+0000] {dag.py:3239} INFO - Sync 1 DAGs
[2025-01-18T00:08:53.789+0000] {logging_mixin.py:190} INFO - [2025-01-18T00:08:53.789+0000] {dag.py:4180} INFO - Setting next_dagrun for example_bash_decorator to None, run_after=None
[2025-01-18T00:08:53.810+0000] {processor.py:208} INFO - Processing /home/airflow/.local/lib/python3.12/site-packages/airflow/example_dags/example_bash_decorator.py took 0.089 seconds
[2025-01-18T00:09:24.978+0000] {processor.py:186} INFO - Started process (PID=18596) to work on /home/airflow/.local/lib/python3.12/site-packages/airflow/example_dags/example_bash_decorator.py
[2025-01-18T00:09:24.979+0000] {processor.py:914} INFO - Processing file /home/airflow/.local/lib/python3.12/site-packages/airflow/example_dags/example_bash_decorator.py for tasks to queue
[2025-01-18T00:09:24.983+0000] {logging_mixin.py:190} INFO - [2025-01-18T00:09:24.982+0000] {dagbag.py:588} INFO - Filling up the DagBag from /home/airflow/.local/lib/python3.12/site-packages/airflow/example_dags/example_bash_decorator.py
[2025-01-18T00:09:25.000+0000] {processor.py:925} INFO - DAG(s) 'example_bash_decorator' retrieved from /home/airflow/.local/lib/python3.12/site-packages/airflow/example_dags/example_bash_decorator.py
[2025-01-18T00:09:25.026+0000] {logging_mixin.py:190} INFO - [2025-01-18T00:09:25.026+0000] {dag.py:3239} INFO - Sync 1 DAGs
[2025-01-18T00:09:25.043+0000] {logging_mixin.py:190} INFO - [2025-01-18T00:09:25.043+0000] {dag.py:4180} INFO - Setting next_dagrun for example_bash_decorator to None, run_after=None
[2025-01-18T00:09:25.065+0000] {processor.py:208} INFO - Processing /home/airflow/.local/lib/python3.12/site-packages/airflow/example_dags/example_bash_decorator.py took 0.095 seconds
[2025-01-18T00:09:55.572+0000] {processor.py:186} INFO - Started process (PID=18666) to work on /home/airflow/.local/lib/python3.12/site-packages/airflow/example_dags/example_bash_decorator.py
[2025-01-18T00:09:55.574+0000] {processor.py:914} INFO - Processing file /home/airflow/.local/lib/python3.12/site-packages/airflow/example_dags/example_bash_decorator.py for tasks to queue
[2025-01-18T00:09:55.577+0000] {logging_mixin.py:190} INFO - [2025-01-18T00:09:55.577+0000] {dagbag.py:588} INFO - Filling up the DagBag from /home/airflow/.local/lib/python3.12/site-packages/airflow/example_dags/example_bash_decorator.py
[2025-01-18T00:09:55.597+0000] {processor.py:925} INFO - DAG(s) 'example_bash_decorator' retrieved from /home/airflow/.local/lib/python3.12/site-packages/airflow/example_dags/example_bash_decorator.py
[2025-01-18T00:09:55.629+0000] {logging_mixin.py:190} INFO - [2025-01-18T00:09:55.629+0000] {dag.py:3239} INFO - Sync 1 DAGs
[2025-01-18T00:09:55.646+0000] {logging_mixin.py:190} INFO - [2025-01-18T00:09:55.646+0000] {dag.py:4180} INFO - Setting next_dagrun for example_bash_decorator to None, run_after=None
[2025-01-18T00:09:55.674+0000] {processor.py:208} INFO - Processing /home/airflow/.local/lib/python3.12/site-packages/airflow/example_dags/example_bash_decorator.py took 0.110 seconds
[2025-01-18T00:10:26.575+0000] {processor.py:186} INFO - Started process (PID=18733) to work on /home/airflow/.local/lib/python3.12/site-packages/airflow/example_dags/example_bash_decorator.py
[2025-01-18T00:10:26.578+0000] {processor.py:914} INFO - Processing file /home/airflow/.local/lib/python3.12/site-packages/airflow/example_dags/example_bash_decorator.py for tasks to queue
[2025-01-18T00:10:26.581+0000] {logging_mixin.py:190} INFO - [2025-01-18T00:10:26.581+0000] {dagbag.py:588} INFO - Filling up the DagBag from /home/airflow/.local/lib/python3.12/site-packages/airflow/example_dags/example_bash_decorator.py
[2025-01-18T00:10:26.605+0000] {processor.py:925} INFO - DAG(s) 'example_bash_decorator' retrieved from /home/airflow/.local/lib/python3.12/site-packages/airflow/example_dags/example_bash_decorator.py
[2025-01-18T00:10:26.645+0000] {logging_mixin.py:190} INFO - [2025-01-18T00:10:26.645+0000] {dag.py:3239} INFO - Sync 1 DAGs
[2025-01-18T00:10:26.670+0000] {logging_mixin.py:190} INFO - [2025-01-18T00:10:26.669+0000] {dag.py:4180} INFO - Setting next_dagrun for example_bash_decorator to None, run_after=None
[2025-01-18T00:10:26.703+0000] {processor.py:208} INFO - Processing /home/airflow/.local/lib/python3.12/site-packages/airflow/example_dags/example_bash_decorator.py took 0.137 seconds
[2025-01-18T00:10:56.785+0000] {processor.py:186} INFO - Started process (PID=18800) to work on /home/airflow/.local/lib/python3.12/site-packages/airflow/example_dags/example_bash_decorator.py
[2025-01-18T00:10:56.786+0000] {processor.py:914} INFO - Processing file /home/airflow/.local/lib/python3.12/site-packages/airflow/example_dags/example_bash_decorator.py for tasks to queue
[2025-01-18T00:10:56.789+0000] {logging_mixin.py:190} INFO - [2025-01-18T00:10:56.788+0000] {dagbag.py:588} INFO - Filling up the DagBag from /home/airflow/.local/lib/python3.12/site-packages/airflow/example_dags/example_bash_decorator.py
[2025-01-18T00:10:56.810+0000] {processor.py:925} INFO - DAG(s) 'example_bash_decorator' retrieved from /home/airflow/.local/lib/python3.12/site-packages/airflow/example_dags/example_bash_decorator.py
[2025-01-18T00:10:56.852+0000] {logging_mixin.py:190} INFO - [2025-01-18T00:10:56.851+0000] {dag.py:3239} INFO - Sync 1 DAGs
[2025-01-18T00:10:56.875+0000] {logging_mixin.py:190} INFO - [2025-01-18T00:10:56.875+0000] {dag.py:4180} INFO - Setting next_dagrun for example_bash_decorator to None, run_after=None
[2025-01-18T00:10:56.904+0000] {processor.py:208} INFO - Processing /home/airflow/.local/lib/python3.12/site-packages/airflow/example_dags/example_bash_decorator.py took 0.125 seconds
[2025-01-18T00:11:27.274+0000] {processor.py:186} INFO - Started process (PID=18867) to work on /home/airflow/.local/lib/python3.12/site-packages/airflow/example_dags/example_bash_decorator.py
[2025-01-18T00:11:27.276+0000] {processor.py:914} INFO - Processing file /home/airflow/.local/lib/python3.12/site-packages/airflow/example_dags/example_bash_decorator.py for tasks to queue
[2025-01-18T00:11:27.280+0000] {logging_mixin.py:190} INFO - [2025-01-18T00:11:27.279+0000] {dagbag.py:588} INFO - Filling up the DagBag from /home/airflow/.local/lib/python3.12/site-packages/airflow/example_dags/example_bash_decorator.py
[2025-01-18T00:11:27.306+0000] {processor.py:925} INFO - DAG(s) 'example_bash_decorator' retrieved from /home/airflow/.local/lib/python3.12/site-packages/airflow/example_dags/example_bash_decorator.py
[2025-01-18T00:11:27.339+0000] {logging_mixin.py:190} INFO - [2025-01-18T00:11:27.338+0000] {dag.py:3239} INFO - Sync 1 DAGs
[2025-01-18T00:11:27.358+0000] {logging_mixin.py:190} INFO - [2025-01-18T00:11:27.357+0000] {dag.py:4180} INFO - Setting next_dagrun for example_bash_decorator to None, run_after=None
[2025-01-18T00:11:27.380+0000] {processor.py:208} INFO - Processing /home/airflow/.local/lib/python3.12/site-packages/airflow/example_dags/example_bash_decorator.py took 0.114 seconds
[2025-01-18T00:11:57.441+0000] {processor.py:186} INFO - Started process (PID=18935) to work on /home/airflow/.local/lib/python3.12/site-packages/airflow/example_dags/example_bash_decorator.py
[2025-01-18T00:11:57.442+0000] {processor.py:914} INFO - Processing file /home/airflow/.local/lib/python3.12/site-packages/airflow/example_dags/example_bash_decorator.py for tasks to queue
[2025-01-18T00:11:57.445+0000] {logging_mixin.py:190} INFO - [2025-01-18T00:11:57.445+0000] {dagbag.py:588} INFO - Filling up the DagBag from /home/airflow/.local/lib/python3.12/site-packages/airflow/example_dags/example_bash_decorator.py
[2025-01-18T00:11:57.464+0000] {processor.py:925} INFO - DAG(s) 'example_bash_decorator' retrieved from /home/airflow/.local/lib/python3.12/site-packages/airflow/example_dags/example_bash_decorator.py
[2025-01-18T00:11:57.494+0000] {logging_mixin.py:190} INFO - [2025-01-18T00:11:57.494+0000] {dag.py:3239} INFO - Sync 1 DAGs
[2025-01-18T00:11:57.514+0000] {logging_mixin.py:190} INFO - [2025-01-18T00:11:57.513+0000] {dag.py:4180} INFO - Setting next_dagrun for example_bash_decorator to None, run_after=None
[2025-01-18T00:11:57.536+0000] {processor.py:208} INFO - Processing /home/airflow/.local/lib/python3.12/site-packages/airflow/example_dags/example_bash_decorator.py took 0.101 seconds
[2025-01-18T00:12:28.596+0000] {processor.py:186} INFO - Started process (PID=18998) to work on /home/airflow/.local/lib/python3.12/site-packages/airflow/example_dags/example_bash_decorator.py
[2025-01-18T00:12:28.597+0000] {processor.py:914} INFO - Processing file /home/airflow/.local/lib/python3.12/site-packages/airflow/example_dags/example_bash_decorator.py for tasks to queue
[2025-01-18T00:12:28.600+0000] {logging_mixin.py:190} INFO - [2025-01-18T00:12:28.600+0000] {dagbag.py:588} INFO - Filling up the DagBag from /home/airflow/.local/lib/python3.12/site-packages/airflow/example_dags/example_bash_decorator.py
[2025-01-18T00:12:28.619+0000] {processor.py:925} INFO - DAG(s) 'example_bash_decorator' retrieved from /home/airflow/.local/lib/python3.12/site-packages/airflow/example_dags/example_bash_decorator.py
[2025-01-18T00:12:28.646+0000] {logging_mixin.py:190} INFO - [2025-01-18T00:12:28.646+0000] {dag.py:3239} INFO - Sync 1 DAGs
[2025-01-18T00:12:28.664+0000] {logging_mixin.py:190} INFO - [2025-01-18T00:12:28.663+0000] {dag.py:4180} INFO - Setting next_dagrun for example_bash_decorator to None, run_after=None
[2025-01-18T00:12:28.686+0000] {processor.py:208} INFO - Processing /home/airflow/.local/lib/python3.12/site-packages/airflow/example_dags/example_bash_decorator.py took 0.097 seconds
[2025-01-18T00:12:59.572+0000] {processor.py:186} INFO - Started process (PID=19065) to work on /home/airflow/.local/lib/python3.12/site-packages/airflow/example_dags/example_bash_decorator.py
[2025-01-18T00:12:59.573+0000] {processor.py:914} INFO - Processing file /home/airflow/.local/lib/python3.12/site-packages/airflow/example_dags/example_bash_decorator.py for tasks to queue
[2025-01-18T00:12:59.577+0000] {logging_mixin.py:190} INFO - [2025-01-18T00:12:59.576+0000] {dagbag.py:588} INFO - Filling up the DagBag from /home/airflow/.local/lib/python3.12/site-packages/airflow/example_dags/example_bash_decorator.py
[2025-01-18T00:12:59.604+0000] {processor.py:925} INFO - DAG(s) 'example_bash_decorator' retrieved from /home/airflow/.local/lib/python3.12/site-packages/airflow/example_dags/example_bash_decorator.py
[2025-01-18T00:12:59.641+0000] {logging_mixin.py:190} INFO - [2025-01-18T00:12:59.641+0000] {dag.py:3239} INFO - Sync 1 DAGs
[2025-01-18T00:12:59.667+0000] {logging_mixin.py:190} INFO - [2025-01-18T00:12:59.666+0000] {dag.py:4180} INFO - Setting next_dagrun for example_bash_decorator to None, run_after=None
[2025-01-18T00:12:59.696+0000] {processor.py:208} INFO - Processing /home/airflow/.local/lib/python3.12/site-packages/airflow/example_dags/example_bash_decorator.py took 0.132 seconds
[2025-01-18T00:13:30.515+0000] {processor.py:186} INFO - Started process (PID=19132) to work on /home/airflow/.local/lib/python3.12/site-packages/airflow/example_dags/example_bash_decorator.py
[2025-01-18T00:13:30.516+0000] {processor.py:914} INFO - Processing file /home/airflow/.local/lib/python3.12/site-packages/airflow/example_dags/example_bash_decorator.py for tasks to queue
[2025-01-18T00:13:30.520+0000] {logging_mixin.py:190} INFO - [2025-01-18T00:13:30.520+0000] {dagbag.py:588} INFO - Filling up the DagBag from /home/airflow/.local/lib/python3.12/site-packages/airflow/example_dags/example_bash_decorator.py
[2025-01-18T00:13:30.543+0000] {processor.py:925} INFO - DAG(s) 'example_bash_decorator' retrieved from /home/airflow/.local/lib/python3.12/site-packages/airflow/example_dags/example_bash_decorator.py
[2025-01-18T00:13:30.575+0000] {logging_mixin.py:190} INFO - [2025-01-18T00:13:30.575+0000] {dag.py:3239} INFO - Sync 1 DAGs
[2025-01-18T00:13:30.595+0000] {logging_mixin.py:190} INFO - [2025-01-18T00:13:30.595+0000] {dag.py:4180} INFO - Setting next_dagrun for example_bash_decorator to None, run_after=None
[2025-01-18T00:13:30.619+0000] {processor.py:208} INFO - Processing /home/airflow/.local/lib/python3.12/site-packages/airflow/example_dags/example_bash_decorator.py took 0.112 seconds
[2025-01-18T00:14:01.346+0000] {processor.py:186} INFO - Started process (PID=19204) to work on /home/airflow/.local/lib/python3.12/site-packages/airflow/example_dags/example_bash_decorator.py
[2025-01-18T00:14:01.348+0000] {processor.py:914} INFO - Processing file /home/airflow/.local/lib/python3.12/site-packages/airflow/example_dags/example_bash_decorator.py for tasks to queue
[2025-01-18T00:14:01.351+0000] {logging_mixin.py:190} INFO - [2025-01-18T00:14:01.351+0000] {dagbag.py:588} INFO - Filling up the DagBag from /home/airflow/.local/lib/python3.12/site-packages/airflow/example_dags/example_bash_decorator.py
[2025-01-18T00:14:01.375+0000] {processor.py:925} INFO - DAG(s) 'example_bash_decorator' retrieved from /home/airflow/.local/lib/python3.12/site-packages/airflow/example_dags/example_bash_decorator.py
[2025-01-18T00:14:01.413+0000] {logging_mixin.py:190} INFO - [2025-01-18T00:14:01.413+0000] {dag.py:3239} INFO - Sync 1 DAGs
[2025-01-18T00:14:01.436+0000] {logging_mixin.py:190} INFO - [2025-01-18T00:14:01.435+0000] {dag.py:4180} INFO - Setting next_dagrun for example_bash_decorator to None, run_after=None
[2025-01-18T00:14:01.464+0000] {processor.py:208} INFO - Processing /home/airflow/.local/lib/python3.12/site-packages/airflow/example_dags/example_bash_decorator.py took 0.129 seconds
[2025-01-18T00:14:32.245+0000] {processor.py:186} INFO - Started process (PID=19271) to work on /home/airflow/.local/lib/python3.12/site-packages/airflow/example_dags/example_bash_decorator.py
[2025-01-18T00:14:32.246+0000] {processor.py:914} INFO - Processing file /home/airflow/.local/lib/python3.12/site-packages/airflow/example_dags/example_bash_decorator.py for tasks to queue
[2025-01-18T00:14:32.251+0000] {logging_mixin.py:190} INFO - [2025-01-18T00:14:32.251+0000] {dagbag.py:588} INFO - Filling up the DagBag from /home/airflow/.local/lib/python3.12/site-packages/airflow/example_dags/example_bash_decorator.py
[2025-01-18T00:14:32.270+0000] {processor.py:925} INFO - DAG(s) 'example_bash_decorator' retrieved from /home/airflow/.local/lib/python3.12/site-packages/airflow/example_dags/example_bash_decorator.py
[2025-01-18T00:14:32.301+0000] {logging_mixin.py:190} INFO - [2025-01-18T00:14:32.300+0000] {dag.py:3239} INFO - Sync 1 DAGs
[2025-01-18T00:14:32.320+0000] {logging_mixin.py:190} INFO - [2025-01-18T00:14:32.319+0000] {dag.py:4180} INFO - Setting next_dagrun for example_bash_decorator to None, run_after=None
[2025-01-18T00:14:32.349+0000] {processor.py:208} INFO - Processing /home/airflow/.local/lib/python3.12/site-packages/airflow/example_dags/example_bash_decorator.py took 0.110 seconds
[2025-01-18T00:15:02.469+0000] {processor.py:186} INFO - Started process (PID=19338) to work on /home/airflow/.local/lib/python3.12/site-packages/airflow/example_dags/example_bash_decorator.py
[2025-01-18T00:15:02.470+0000] {processor.py:914} INFO - Processing file /home/airflow/.local/lib/python3.12/site-packages/airflow/example_dags/example_bash_decorator.py for tasks to queue
[2025-01-18T00:15:02.472+0000] {logging_mixin.py:190} INFO - [2025-01-18T00:15:02.472+0000] {dagbag.py:588} INFO - Filling up the DagBag from /home/airflow/.local/lib/python3.12/site-packages/airflow/example_dags/example_bash_decorator.py
[2025-01-18T00:15:02.490+0000] {processor.py:925} INFO - DAG(s) 'example_bash_decorator' retrieved from /home/airflow/.local/lib/python3.12/site-packages/airflow/example_dags/example_bash_decorator.py
[2025-01-18T00:15:02.518+0000] {logging_mixin.py:190} INFO - [2025-01-18T00:15:02.518+0000] {dag.py:3239} INFO - Sync 1 DAGs
[2025-01-18T00:15:02.537+0000] {logging_mixin.py:190} INFO - [2025-01-18T00:15:02.537+0000] {dag.py:4180} INFO - Setting next_dagrun for example_bash_decorator to None, run_after=None
[2025-01-18T00:15:02.568+0000] {processor.py:208} INFO - Processing /home/airflow/.local/lib/python3.12/site-packages/airflow/example_dags/example_bash_decorator.py took 0.105 seconds
[2025-01-18T00:15:33.078+0000] {processor.py:186} INFO - Started process (PID=19406) to work on /home/airflow/.local/lib/python3.12/site-packages/airflow/example_dags/example_bash_decorator.py
[2025-01-18T00:15:33.079+0000] {processor.py:914} INFO - Processing file /home/airflow/.local/lib/python3.12/site-packages/airflow/example_dags/example_bash_decorator.py for tasks to queue
[2025-01-18T00:15:33.081+0000] {logging_mixin.py:190} INFO - [2025-01-18T00:15:33.081+0000] {dagbag.py:588} INFO - Filling up the DagBag from /home/airflow/.local/lib/python3.12/site-packages/airflow/example_dags/example_bash_decorator.py
[2025-01-18T00:15:33.097+0000] {processor.py:925} INFO - DAG(s) 'example_bash_decorator' retrieved from /home/airflow/.local/lib/python3.12/site-packages/airflow/example_dags/example_bash_decorator.py
[2025-01-18T00:15:33.130+0000] {logging_mixin.py:190} INFO - [2025-01-18T00:15:33.129+0000] {dag.py:3239} INFO - Sync 1 DAGs
[2025-01-18T00:15:33.151+0000] {logging_mixin.py:190} INFO - [2025-01-18T00:15:33.151+0000] {dag.py:4180} INFO - Setting next_dagrun for example_bash_decorator to None, run_after=None
[2025-01-18T00:15:33.179+0000] {processor.py:208} INFO - Processing /home/airflow/.local/lib/python3.12/site-packages/airflow/example_dags/example_bash_decorator.py took 0.108 seconds
[2025-01-18T00:16:03.351+0000] {processor.py:186} INFO - Started process (PID=19472) to work on /home/airflow/.local/lib/python3.12/site-packages/airflow/example_dags/example_bash_decorator.py
[2025-01-18T00:16:03.352+0000] {processor.py:914} INFO - Processing file /home/airflow/.local/lib/python3.12/site-packages/airflow/example_dags/example_bash_decorator.py for tasks to queue
[2025-01-18T00:16:03.356+0000] {logging_mixin.py:190} INFO - [2025-01-18T00:16:03.355+0000] {dagbag.py:588} INFO - Filling up the DagBag from /home/airflow/.local/lib/python3.12/site-packages/airflow/example_dags/example_bash_decorator.py
[2025-01-18T00:16:03.372+0000] {processor.py:925} INFO - DAG(s) 'example_bash_decorator' retrieved from /home/airflow/.local/lib/python3.12/site-packages/airflow/example_dags/example_bash_decorator.py
[2025-01-18T00:16:03.398+0000] {logging_mixin.py:190} INFO - [2025-01-18T00:16:03.398+0000] {dag.py:3239} INFO - Sync 1 DAGs
[2025-01-18T00:16:03.416+0000] {logging_mixin.py:190} INFO - [2025-01-18T00:16:03.416+0000] {dag.py:4180} INFO - Setting next_dagrun for example_bash_decorator to None, run_after=None
[2025-01-18T00:16:03.443+0000] {processor.py:208} INFO - Processing /home/airflow/.local/lib/python3.12/site-packages/airflow/example_dags/example_bash_decorator.py took 0.099 seconds
[2025-01-18T00:16:34.385+0000] {processor.py:186} INFO - Started process (PID=19539) to work on /home/airflow/.local/lib/python3.12/site-packages/airflow/example_dags/example_bash_decorator.py
[2025-01-18T00:16:34.386+0000] {processor.py:914} INFO - Processing file /home/airflow/.local/lib/python3.12/site-packages/airflow/example_dags/example_bash_decorator.py for tasks to queue
[2025-01-18T00:16:34.389+0000] {logging_mixin.py:190} INFO - [2025-01-18T00:16:34.389+0000] {dagbag.py:588} INFO - Filling up the DagBag from /home/airflow/.local/lib/python3.12/site-packages/airflow/example_dags/example_bash_decorator.py
[2025-01-18T00:16:34.409+0000] {processor.py:925} INFO - DAG(s) 'example_bash_decorator' retrieved from /home/airflow/.local/lib/python3.12/site-packages/airflow/example_dags/example_bash_decorator.py
[2025-01-18T00:16:34.440+0000] {logging_mixin.py:190} INFO - [2025-01-18T00:16:34.439+0000] {dag.py:3239} INFO - Sync 1 DAGs
[2025-01-18T00:16:34.465+0000] {logging_mixin.py:190} INFO - [2025-01-18T00:16:34.465+0000] {dag.py:4180} INFO - Setting next_dagrun for example_bash_decorator to None, run_after=None
[2025-01-18T00:16:34.493+0000] {processor.py:208} INFO - Processing /home/airflow/.local/lib/python3.12/site-packages/airflow/example_dags/example_bash_decorator.py took 0.117 seconds
[2025-01-18T00:17:05.037+0000] {processor.py:186} INFO - Started process (PID=19606) to work on /home/airflow/.local/lib/python3.12/site-packages/airflow/example_dags/example_bash_decorator.py
[2025-01-18T00:17:05.039+0000] {processor.py:914} INFO - Processing file /home/airflow/.local/lib/python3.12/site-packages/airflow/example_dags/example_bash_decorator.py for tasks to queue
[2025-01-18T00:17:05.042+0000] {logging_mixin.py:190} INFO - [2025-01-18T00:17:05.041+0000] {dagbag.py:588} INFO - Filling up the DagBag from /home/airflow/.local/lib/python3.12/site-packages/airflow/example_dags/example_bash_decorator.py
[2025-01-18T00:17:05.062+0000] {processor.py:925} INFO - DAG(s) 'example_bash_decorator' retrieved from /home/airflow/.local/lib/python3.12/site-packages/airflow/example_dags/example_bash_decorator.py
[2025-01-18T00:17:05.092+0000] {logging_mixin.py:190} INFO - [2025-01-18T00:17:05.091+0000] {dag.py:3239} INFO - Sync 1 DAGs
[2025-01-18T00:17:05.112+0000] {logging_mixin.py:190} INFO - [2025-01-18T00:17:05.112+0000] {dag.py:4180} INFO - Setting next_dagrun for example_bash_decorator to None, run_after=None
[2025-01-18T00:17:05.139+0000] {processor.py:208} INFO - Processing /home/airflow/.local/lib/python3.12/site-packages/airflow/example_dags/example_bash_decorator.py took 0.111 seconds
[2025-01-18T00:17:35.791+0000] {processor.py:186} INFO - Started process (PID=19671) to work on /home/airflow/.local/lib/python3.12/site-packages/airflow/example_dags/example_bash_decorator.py
[2025-01-18T00:17:35.793+0000] {processor.py:914} INFO - Processing file /home/airflow/.local/lib/python3.12/site-packages/airflow/example_dags/example_bash_decorator.py for tasks to queue
[2025-01-18T00:17:35.795+0000] {logging_mixin.py:190} INFO - [2025-01-18T00:17:35.795+0000] {dagbag.py:588} INFO - Filling up the DagBag from /home/airflow/.local/lib/python3.12/site-packages/airflow/example_dags/example_bash_decorator.py
[2025-01-18T00:17:35.810+0000] {processor.py:925} INFO - DAG(s) 'example_bash_decorator' retrieved from /home/airflow/.local/lib/python3.12/site-packages/airflow/example_dags/example_bash_decorator.py
[2025-01-18T00:17:35.836+0000] {logging_mixin.py:190} INFO - [2025-01-18T00:17:35.835+0000] {dag.py:3239} INFO - Sync 1 DAGs
[2025-01-18T00:17:35.851+0000] {logging_mixin.py:190} INFO - [2025-01-18T00:17:35.851+0000] {dag.py:4180} INFO - Setting next_dagrun for example_bash_decorator to None, run_after=None
[2025-01-18T00:17:35.872+0000] {processor.py:208} INFO - Processing /home/airflow/.local/lib/python3.12/site-packages/airflow/example_dags/example_bash_decorator.py took 0.086 seconds
[2025-01-18T00:18:06.645+0000] {processor.py:186} INFO - Started process (PID=19745) to work on /home/airflow/.local/lib/python3.12/site-packages/airflow/example_dags/example_bash_decorator.py
[2025-01-18T00:18:06.646+0000] {processor.py:914} INFO - Processing file /home/airflow/.local/lib/python3.12/site-packages/airflow/example_dags/example_bash_decorator.py for tasks to queue
[2025-01-18T00:18:06.649+0000] {logging_mixin.py:190} INFO - [2025-01-18T00:18:06.649+0000] {dagbag.py:588} INFO - Filling up the DagBag from /home/airflow/.local/lib/python3.12/site-packages/airflow/example_dags/example_bash_decorator.py
[2025-01-18T00:18:06.676+0000] {processor.py:925} INFO - DAG(s) 'example_bash_decorator' retrieved from /home/airflow/.local/lib/python3.12/site-packages/airflow/example_dags/example_bash_decorator.py
[2025-01-18T00:18:06.718+0000] {logging_mixin.py:190} INFO - [2025-01-18T00:18:06.717+0000] {dag.py:3239} INFO - Sync 1 DAGs
[2025-01-18T00:18:06.743+0000] {logging_mixin.py:190} INFO - [2025-01-18T00:18:06.742+0000] {dag.py:4180} INFO - Setting next_dagrun for example_bash_decorator to None, run_after=None
[2025-01-18T00:18:06.780+0000] {processor.py:208} INFO - Processing /home/airflow/.local/lib/python3.12/site-packages/airflow/example_dags/example_bash_decorator.py took 0.144 seconds
[2025-01-18T00:18:37.879+0000] {processor.py:186} INFO - Started process (PID=19812) to work on /home/airflow/.local/lib/python3.12/site-packages/airflow/example_dags/example_bash_decorator.py
[2025-01-18T00:18:37.880+0000] {processor.py:914} INFO - Processing file /home/airflow/.local/lib/python3.12/site-packages/airflow/example_dags/example_bash_decorator.py for tasks to queue
[2025-01-18T00:18:37.883+0000] {logging_mixin.py:190} INFO - [2025-01-18T00:18:37.882+0000] {dagbag.py:588} INFO - Filling up the DagBag from /home/airflow/.local/lib/python3.12/site-packages/airflow/example_dags/example_bash_decorator.py
[2025-01-18T00:18:38.128+0000] {processor.py:925} INFO - DAG(s) 'example_bash_decorator' retrieved from /home/airflow/.local/lib/python3.12/site-packages/airflow/example_dags/example_bash_decorator.py
[2025-01-18T00:18:38.152+0000] {logging_mixin.py:190} INFO - [2025-01-18T00:18:38.151+0000] {dag.py:3239} INFO - Sync 1 DAGs
[2025-01-18T00:18:38.167+0000] {logging_mixin.py:190} INFO - [2025-01-18T00:18:38.167+0000] {dag.py:4180} INFO - Setting next_dagrun for example_bash_decorator to None, run_after=None
[2025-01-18T00:18:38.188+0000] {processor.py:208} INFO - Processing /home/airflow/.local/lib/python3.12/site-packages/airflow/example_dags/example_bash_decorator.py took 0.316 seconds
[2025-01-18T00:19:08.710+0000] {processor.py:186} INFO - Started process (PID=19878) to work on /home/airflow/.local/lib/python3.12/site-packages/airflow/example_dags/example_bash_decorator.py
[2025-01-18T00:19:08.712+0000] {processor.py:914} INFO - Processing file /home/airflow/.local/lib/python3.12/site-packages/airflow/example_dags/example_bash_decorator.py for tasks to queue
[2025-01-18T00:19:08.715+0000] {logging_mixin.py:190} INFO - [2025-01-18T00:19:08.714+0000] {dagbag.py:588} INFO - Filling up the DagBag from /home/airflow/.local/lib/python3.12/site-packages/airflow/example_dags/example_bash_decorator.py
[2025-01-18T00:19:08.734+0000] {processor.py:925} INFO - DAG(s) 'example_bash_decorator' retrieved from /home/airflow/.local/lib/python3.12/site-packages/airflow/example_dags/example_bash_decorator.py
[2025-01-18T00:19:08.786+0000] {logging_mixin.py:190} INFO - [2025-01-18T00:19:08.786+0000] {dag.py:3239} INFO - Sync 1 DAGs
[2025-01-18T00:19:08.806+0000] {logging_mixin.py:190} INFO - [2025-01-18T00:19:08.805+0000] {dag.py:4180} INFO - Setting next_dagrun for example_bash_decorator to None, run_after=None
[2025-01-18T00:19:08.828+0000] {processor.py:208} INFO - Processing /home/airflow/.local/lib/python3.12/site-packages/airflow/example_dags/example_bash_decorator.py took 0.126 seconds
[2025-01-18T00:19:39.261+0000] {processor.py:186} INFO - Started process (PID=19945) to work on /home/airflow/.local/lib/python3.12/site-packages/airflow/example_dags/example_bash_decorator.py
[2025-01-18T00:19:39.263+0000] {processor.py:914} INFO - Processing file /home/airflow/.local/lib/python3.12/site-packages/airflow/example_dags/example_bash_decorator.py for tasks to queue
[2025-01-18T00:19:39.265+0000] {logging_mixin.py:190} INFO - [2025-01-18T00:19:39.265+0000] {dagbag.py:588} INFO - Filling up the DagBag from /home/airflow/.local/lib/python3.12/site-packages/airflow/example_dags/example_bash_decorator.py
[2025-01-18T00:19:39.286+0000] {processor.py:925} INFO - DAG(s) 'example_bash_decorator' retrieved from /home/airflow/.local/lib/python3.12/site-packages/airflow/example_dags/example_bash_decorator.py
[2025-01-18T00:19:39.316+0000] {logging_mixin.py:190} INFO - [2025-01-18T00:19:39.315+0000] {dag.py:3239} INFO - Sync 1 DAGs
[2025-01-18T00:19:39.333+0000] {logging_mixin.py:190} INFO - [2025-01-18T00:19:39.333+0000] {dag.py:4180} INFO - Setting next_dagrun for example_bash_decorator to None, run_after=None
[2025-01-18T00:19:39.356+0000] {processor.py:208} INFO - Processing /home/airflow/.local/lib/python3.12/site-packages/airflow/example_dags/example_bash_decorator.py took 0.101 seconds
[2025-01-18T00:20:09.887+0000] {processor.py:186} INFO - Started process (PID=20012) to work on /home/airflow/.local/lib/python3.12/site-packages/airflow/example_dags/example_bash_decorator.py
[2025-01-18T00:20:09.888+0000] {processor.py:914} INFO - Processing file /home/airflow/.local/lib/python3.12/site-packages/airflow/example_dags/example_bash_decorator.py for tasks to queue
[2025-01-18T00:20:09.891+0000] {logging_mixin.py:190} INFO - [2025-01-18T00:20:09.890+0000] {dagbag.py:588} INFO - Filling up the DagBag from /home/airflow/.local/lib/python3.12/site-packages/airflow/example_dags/example_bash_decorator.py
[2025-01-18T00:20:09.911+0000] {processor.py:925} INFO - DAG(s) 'example_bash_decorator' retrieved from /home/airflow/.local/lib/python3.12/site-packages/airflow/example_dags/example_bash_decorator.py
[2025-01-18T00:20:09.946+0000] {logging_mixin.py:190} INFO - [2025-01-18T00:20:09.946+0000] {dag.py:3239} INFO - Sync 1 DAGs
[2025-01-18T00:20:09.968+0000] {logging_mixin.py:190} INFO - [2025-01-18T00:20:09.968+0000] {dag.py:4180} INFO - Setting next_dagrun for example_bash_decorator to None, run_after=None
[2025-01-18T00:20:10.000+0000] {processor.py:208} INFO - Processing /home/airflow/.local/lib/python3.12/site-packages/airflow/example_dags/example_bash_decorator.py took 0.120 seconds
[2025-01-18T00:20:40.241+0000] {processor.py:186} INFO - Started process (PID=20079) to work on /home/airflow/.local/lib/python3.12/site-packages/airflow/example_dags/example_bash_decorator.py
[2025-01-18T00:20:40.242+0000] {processor.py:914} INFO - Processing file /home/airflow/.local/lib/python3.12/site-packages/airflow/example_dags/example_bash_decorator.py for tasks to queue
[2025-01-18T00:20:40.244+0000] {logging_mixin.py:190} INFO - [2025-01-18T00:20:40.244+0000] {dagbag.py:588} INFO - Filling up the DagBag from /home/airflow/.local/lib/python3.12/site-packages/airflow/example_dags/example_bash_decorator.py
[2025-01-18T00:20:40.261+0000] {processor.py:925} INFO - DAG(s) 'example_bash_decorator' retrieved from /home/airflow/.local/lib/python3.12/site-packages/airflow/example_dags/example_bash_decorator.py
[2025-01-18T00:20:40.292+0000] {logging_mixin.py:190} INFO - [2025-01-18T00:20:40.292+0000] {dag.py:3239} INFO - Sync 1 DAGs
[2025-01-18T00:20:40.310+0000] {logging_mixin.py:190} INFO - [2025-01-18T00:20:40.309+0000] {dag.py:4180} INFO - Setting next_dagrun for example_bash_decorator to None, run_after=None
[2025-01-18T00:20:40.334+0000] {processor.py:208} INFO - Processing /home/airflow/.local/lib/python3.12/site-packages/airflow/example_dags/example_bash_decorator.py took 0.100 seconds
[2025-01-18T00:21:10.727+0000] {processor.py:186} INFO - Started process (PID=20146) to work on /home/airflow/.local/lib/python3.12/site-packages/airflow/example_dags/example_bash_decorator.py
[2025-01-18T00:21:10.729+0000] {processor.py:914} INFO - Processing file /home/airflow/.local/lib/python3.12/site-packages/airflow/example_dags/example_bash_decorator.py for tasks to queue
[2025-01-18T00:21:10.732+0000] {logging_mixin.py:190} INFO - [2025-01-18T00:21:10.732+0000] {dagbag.py:588} INFO - Filling up the DagBag from /home/airflow/.local/lib/python3.12/site-packages/airflow/example_dags/example_bash_decorator.py
[2025-01-18T00:21:10.753+0000] {processor.py:925} INFO - DAG(s) 'example_bash_decorator' retrieved from /home/airflow/.local/lib/python3.12/site-packages/airflow/example_dags/example_bash_decorator.py
[2025-01-18T00:21:10.786+0000] {logging_mixin.py:190} INFO - [2025-01-18T00:21:10.786+0000] {dag.py:3239} INFO - Sync 1 DAGs
[2025-01-18T00:21:10.805+0000] {logging_mixin.py:190} INFO - [2025-01-18T00:21:10.805+0000] {dag.py:4180} INFO - Setting next_dagrun for example_bash_decorator to None, run_after=None
[2025-01-18T00:21:10.829+0000] {processor.py:208} INFO - Processing /home/airflow/.local/lib/python3.12/site-packages/airflow/example_dags/example_bash_decorator.py took 0.111 seconds
[2025-01-18T00:21:41.140+0000] {processor.py:186} INFO - Started process (PID=20213) to work on /home/airflow/.local/lib/python3.12/site-packages/airflow/example_dags/example_bash_decorator.py
[2025-01-18T00:21:41.142+0000] {processor.py:914} INFO - Processing file /home/airflow/.local/lib/python3.12/site-packages/airflow/example_dags/example_bash_decorator.py for tasks to queue
[2025-01-18T00:21:41.144+0000] {logging_mixin.py:190} INFO - [2025-01-18T00:21:41.144+0000] {dagbag.py:588} INFO - Filling up the DagBag from /home/airflow/.local/lib/python3.12/site-packages/airflow/example_dags/example_bash_decorator.py
[2025-01-18T00:21:41.160+0000] {processor.py:925} INFO - DAG(s) 'example_bash_decorator' retrieved from /home/airflow/.local/lib/python3.12/site-packages/airflow/example_dags/example_bash_decorator.py
[2025-01-18T00:21:41.189+0000] {logging_mixin.py:190} INFO - [2025-01-18T00:21:41.189+0000] {dag.py:3239} INFO - Sync 1 DAGs
[2025-01-18T00:21:41.208+0000] {logging_mixin.py:190} INFO - [2025-01-18T00:21:41.207+0000] {dag.py:4180} INFO - Setting next_dagrun for example_bash_decorator to None, run_after=None
[2025-01-18T00:21:41.235+0000] {processor.py:208} INFO - Processing /home/airflow/.local/lib/python3.12/site-packages/airflow/example_dags/example_bash_decorator.py took 0.101 seconds
[2025-01-18T00:22:11.589+0000] {processor.py:186} INFO - Started process (PID=20280) to work on /home/airflow/.local/lib/python3.12/site-packages/airflow/example_dags/example_bash_decorator.py
[2025-01-18T00:22:11.590+0000] {processor.py:914} INFO - Processing file /home/airflow/.local/lib/python3.12/site-packages/airflow/example_dags/example_bash_decorator.py for tasks to queue
[2025-01-18T00:22:11.592+0000] {logging_mixin.py:190} INFO - [2025-01-18T00:22:11.592+0000] {dagbag.py:588} INFO - Filling up the DagBag from /home/airflow/.local/lib/python3.12/site-packages/airflow/example_dags/example_bash_decorator.py
[2025-01-18T00:22:11.604+0000] {processor.py:925} INFO - DAG(s) 'example_bash_decorator' retrieved from /home/airflow/.local/lib/python3.12/site-packages/airflow/example_dags/example_bash_decorator.py
[2025-01-18T00:22:11.628+0000] {logging_mixin.py:190} INFO - [2025-01-18T00:22:11.628+0000] {dag.py:3239} INFO - Sync 1 DAGs
[2025-01-18T00:22:11.642+0000] {logging_mixin.py:190} INFO - [2025-01-18T00:22:11.642+0000] {dag.py:4180} INFO - Setting next_dagrun for example_bash_decorator to None, run_after=None
[2025-01-18T00:22:11.662+0000] {processor.py:208} INFO - Processing /home/airflow/.local/lib/python3.12/site-packages/airflow/example_dags/example_bash_decorator.py took 0.079 seconds
[2025-01-18T00:22:42.327+0000] {processor.py:186} INFO - Started process (PID=20353) to work on /home/airflow/.local/lib/python3.12/site-packages/airflow/example_dags/example_bash_decorator.py
[2025-01-18T00:22:42.328+0000] {processor.py:914} INFO - Processing file /home/airflow/.local/lib/python3.12/site-packages/airflow/example_dags/example_bash_decorator.py for tasks to queue
[2025-01-18T00:22:42.330+0000] {logging_mixin.py:190} INFO - [2025-01-18T00:22:42.330+0000] {dagbag.py:588} INFO - Filling up the DagBag from /home/airflow/.local/lib/python3.12/site-packages/airflow/example_dags/example_bash_decorator.py
[2025-01-18T00:22:42.346+0000] {processor.py:925} INFO - DAG(s) 'example_bash_decorator' retrieved from /home/airflow/.local/lib/python3.12/site-packages/airflow/example_dags/example_bash_decorator.py
[2025-01-18T00:22:42.373+0000] {logging_mixin.py:190} INFO - [2025-01-18T00:22:42.373+0000] {dag.py:3239} INFO - Sync 1 DAGs
[2025-01-18T00:22:42.390+0000] {logging_mixin.py:190} INFO - [2025-01-18T00:22:42.390+0000] {dag.py:4180} INFO - Setting next_dagrun for example_bash_decorator to None, run_after=None
[2025-01-18T00:22:42.412+0000] {processor.py:208} INFO - Processing /home/airflow/.local/lib/python3.12/site-packages/airflow/example_dags/example_bash_decorator.py took 0.090 seconds
[2025-01-18T00:23:12.531+0000] {processor.py:186} INFO - Started process (PID=20420) to work on /home/airflow/.local/lib/python3.12/site-packages/airflow/example_dags/example_bash_decorator.py
[2025-01-18T00:23:12.532+0000] {processor.py:914} INFO - Processing file /home/airflow/.local/lib/python3.12/site-packages/airflow/example_dags/example_bash_decorator.py for tasks to queue
[2025-01-18T00:23:12.536+0000] {logging_mixin.py:190} INFO - [2025-01-18T00:23:12.535+0000] {dagbag.py:588} INFO - Filling up the DagBag from /home/airflow/.local/lib/python3.12/site-packages/airflow/example_dags/example_bash_decorator.py
[2025-01-18T00:23:12.558+0000] {processor.py:925} INFO - DAG(s) 'example_bash_decorator' retrieved from /home/airflow/.local/lib/python3.12/site-packages/airflow/example_dags/example_bash_decorator.py
[2025-01-18T00:23:12.588+0000] {logging_mixin.py:190} INFO - [2025-01-18T00:23:12.587+0000] {dag.py:3239} INFO - Sync 1 DAGs
[2025-01-18T00:23:12.606+0000] {logging_mixin.py:190} INFO - [2025-01-18T00:23:12.605+0000] {dag.py:4180} INFO - Setting next_dagrun for example_bash_decorator to None, run_after=None
[2025-01-18T00:23:12.630+0000] {processor.py:208} INFO - Processing /home/airflow/.local/lib/python3.12/site-packages/airflow/example_dags/example_bash_decorator.py took 0.111 seconds
[2025-01-18T00:23:43.421+0000] {processor.py:186} INFO - Started process (PID=20487) to work on /home/airflow/.local/lib/python3.12/site-packages/airflow/example_dags/example_bash_decorator.py
[2025-01-18T00:23:43.422+0000] {processor.py:914} INFO - Processing file /home/airflow/.local/lib/python3.12/site-packages/airflow/example_dags/example_bash_decorator.py for tasks to queue
[2025-01-18T00:23:43.424+0000] {logging_mixin.py:190} INFO - [2025-01-18T00:23:43.424+0000] {dagbag.py:588} INFO - Filling up the DagBag from /home/airflow/.local/lib/python3.12/site-packages/airflow/example_dags/example_bash_decorator.py
[2025-01-18T00:23:43.441+0000] {processor.py:925} INFO - DAG(s) 'example_bash_decorator' retrieved from /home/airflow/.local/lib/python3.12/site-packages/airflow/example_dags/example_bash_decorator.py
[2025-01-18T00:23:43.469+0000] {logging_mixin.py:190} INFO - [2025-01-18T00:23:43.468+0000] {dag.py:3239} INFO - Sync 1 DAGs
[2025-01-18T00:23:43.484+0000] {logging_mixin.py:190} INFO - [2025-01-18T00:23:43.484+0000] {dag.py:4180} INFO - Setting next_dagrun for example_bash_decorator to None, run_after=None
[2025-01-18T00:23:43.509+0000] {processor.py:208} INFO - Processing /home/airflow/.local/lib/python3.12/site-packages/airflow/example_dags/example_bash_decorator.py took 0.094 seconds
[2025-01-18T00:24:13.879+0000] {processor.py:186} INFO - Started process (PID=20554) to work on /home/airflow/.local/lib/python3.12/site-packages/airflow/example_dags/example_bash_decorator.py
[2025-01-18T00:24:13.880+0000] {processor.py:914} INFO - Processing file /home/airflow/.local/lib/python3.12/site-packages/airflow/example_dags/example_bash_decorator.py for tasks to queue
[2025-01-18T00:24:13.882+0000] {logging_mixin.py:190} INFO - [2025-01-18T00:24:13.882+0000] {dagbag.py:588} INFO - Filling up the DagBag from /home/airflow/.local/lib/python3.12/site-packages/airflow/example_dags/example_bash_decorator.py
[2025-01-18T00:24:13.899+0000] {processor.py:925} INFO - DAG(s) 'example_bash_decorator' retrieved from /home/airflow/.local/lib/python3.12/site-packages/airflow/example_dags/example_bash_decorator.py
[2025-01-18T00:24:13.931+0000] {logging_mixin.py:190} INFO - [2025-01-18T00:24:13.930+0000] {dag.py:3239} INFO - Sync 1 DAGs
[2025-01-18T00:24:13.963+0000] {logging_mixin.py:190} INFO - [2025-01-18T00:24:13.963+0000] {dag.py:4180} INFO - Setting next_dagrun for example_bash_decorator to None, run_after=None
[2025-01-18T00:24:13.996+0000] {processor.py:208} INFO - Processing /home/airflow/.local/lib/python3.12/site-packages/airflow/example_dags/example_bash_decorator.py took 0.122 seconds
[2025-01-18T00:24:44.278+0000] {processor.py:186} INFO - Started process (PID=20621) to work on /home/airflow/.local/lib/python3.12/site-packages/airflow/example_dags/example_bash_decorator.py
[2025-01-18T00:24:44.279+0000] {processor.py:914} INFO - Processing file /home/airflow/.local/lib/python3.12/site-packages/airflow/example_dags/example_bash_decorator.py for tasks to queue
[2025-01-18T00:24:44.282+0000] {logging_mixin.py:190} INFO - [2025-01-18T00:24:44.282+0000] {dagbag.py:588} INFO - Filling up the DagBag from /home/airflow/.local/lib/python3.12/site-packages/airflow/example_dags/example_bash_decorator.py
[2025-01-18T00:24:44.298+0000] {processor.py:925} INFO - DAG(s) 'example_bash_decorator' retrieved from /home/airflow/.local/lib/python3.12/site-packages/airflow/example_dags/example_bash_decorator.py
[2025-01-18T00:24:44.329+0000] {logging_mixin.py:190} INFO - [2025-01-18T00:24:44.329+0000] {dag.py:3239} INFO - Sync 1 DAGs
[2025-01-18T00:24:44.348+0000] {logging_mixin.py:190} INFO - [2025-01-18T00:24:44.347+0000] {dag.py:4180} INFO - Setting next_dagrun for example_bash_decorator to None, run_after=None
[2025-01-18T00:24:44.376+0000] {processor.py:208} INFO - Processing /home/airflow/.local/lib/python3.12/site-packages/airflow/example_dags/example_bash_decorator.py took 0.103 seconds
[2025-01-18T00:25:15.096+0000] {processor.py:186} INFO - Started process (PID=20688) to work on /home/airflow/.local/lib/python3.12/site-packages/airflow/example_dags/example_bash_decorator.py
[2025-01-18T00:25:15.097+0000] {processor.py:914} INFO - Processing file /home/airflow/.local/lib/python3.12/site-packages/airflow/example_dags/example_bash_decorator.py for tasks to queue
[2025-01-18T00:25:15.100+0000] {logging_mixin.py:190} INFO - [2025-01-18T00:25:15.100+0000] {dagbag.py:588} INFO - Filling up the DagBag from /home/airflow/.local/lib/python3.12/site-packages/airflow/example_dags/example_bash_decorator.py
[2025-01-18T00:25:15.118+0000] {processor.py:925} INFO - DAG(s) 'example_bash_decorator' retrieved from /home/airflow/.local/lib/python3.12/site-packages/airflow/example_dags/example_bash_decorator.py
[2025-01-18T00:25:15.146+0000] {logging_mixin.py:190} INFO - [2025-01-18T00:25:15.145+0000] {dag.py:3239} INFO - Sync 1 DAGs
[2025-01-18T00:25:15.164+0000] {logging_mixin.py:190} INFO - [2025-01-18T00:25:15.164+0000] {dag.py:4180} INFO - Setting next_dagrun for example_bash_decorator to None, run_after=None
[2025-01-18T00:25:15.190+0000] {processor.py:208} INFO - Processing /home/airflow/.local/lib/python3.12/site-packages/airflow/example_dags/example_bash_decorator.py took 0.103 seconds
[2025-01-18T00:25:45.872+0000] {processor.py:186} INFO - Started process (PID=20755) to work on /home/airflow/.local/lib/python3.12/site-packages/airflow/example_dags/example_bash_decorator.py
[2025-01-18T00:25:45.873+0000] {processor.py:914} INFO - Processing file /home/airflow/.local/lib/python3.12/site-packages/airflow/example_dags/example_bash_decorator.py for tasks to queue
[2025-01-18T00:25:45.876+0000] {logging_mixin.py:190} INFO - [2025-01-18T00:25:45.875+0000] {dagbag.py:588} INFO - Filling up the DagBag from /home/airflow/.local/lib/python3.12/site-packages/airflow/example_dags/example_bash_decorator.py
[2025-01-18T00:25:45.896+0000] {processor.py:925} INFO - DAG(s) 'example_bash_decorator' retrieved from /home/airflow/.local/lib/python3.12/site-packages/airflow/example_dags/example_bash_decorator.py
[2025-01-18T00:25:45.926+0000] {logging_mixin.py:190} INFO - [2025-01-18T00:25:45.925+0000] {dag.py:3239} INFO - Sync 1 DAGs
[2025-01-18T00:25:45.946+0000] {logging_mixin.py:190} INFO - [2025-01-18T00:25:45.946+0000] {dag.py:4180} INFO - Setting next_dagrun for example_bash_decorator to None, run_after=None
[2025-01-18T00:25:45.969+0000] {processor.py:208} INFO - Processing /home/airflow/.local/lib/python3.12/site-packages/airflow/example_dags/example_bash_decorator.py took 0.103 seconds
[2025-01-18T00:26:16.521+0000] {processor.py:186} INFO - Started process (PID=20822) to work on /home/airflow/.local/lib/python3.12/site-packages/airflow/example_dags/example_bash_decorator.py
[2025-01-18T00:26:16.522+0000] {processor.py:914} INFO - Processing file /home/airflow/.local/lib/python3.12/site-packages/airflow/example_dags/example_bash_decorator.py for tasks to queue
[2025-01-18T00:26:16.524+0000] {logging_mixin.py:190} INFO - [2025-01-18T00:26:16.524+0000] {dagbag.py:588} INFO - Filling up the DagBag from /home/airflow/.local/lib/python3.12/site-packages/airflow/example_dags/example_bash_decorator.py
[2025-01-18T00:26:16.538+0000] {processor.py:925} INFO - DAG(s) 'example_bash_decorator' retrieved from /home/airflow/.local/lib/python3.12/site-packages/airflow/example_dags/example_bash_decorator.py
[2025-01-18T00:26:16.561+0000] {logging_mixin.py:190} INFO - [2025-01-18T00:26:16.561+0000] {dag.py:3239} INFO - Sync 1 DAGs
[2025-01-18T00:26:16.576+0000] {logging_mixin.py:190} INFO - [2025-01-18T00:26:16.576+0000] {dag.py:4180} INFO - Setting next_dagrun for example_bash_decorator to None, run_after=None
[2025-01-18T00:26:16.603+0000] {processor.py:208} INFO - Processing /home/airflow/.local/lib/python3.12/site-packages/airflow/example_dags/example_bash_decorator.py took 0.088 seconds
[2025-01-18T00:26:47.302+0000] {processor.py:186} INFO - Started process (PID=20895) to work on /home/airflow/.local/lib/python3.12/site-packages/airflow/example_dags/example_bash_decorator.py
[2025-01-18T00:26:47.304+0000] {processor.py:914} INFO - Processing file /home/airflow/.local/lib/python3.12/site-packages/airflow/example_dags/example_bash_decorator.py for tasks to queue
[2025-01-18T00:26:47.307+0000] {logging_mixin.py:190} INFO - [2025-01-18T00:26:47.306+0000] {dagbag.py:588} INFO - Filling up the DagBag from /home/airflow/.local/lib/python3.12/site-packages/airflow/example_dags/example_bash_decorator.py
[2025-01-18T00:26:47.338+0000] {processor.py:925} INFO - DAG(s) 'example_bash_decorator' retrieved from /home/airflow/.local/lib/python3.12/site-packages/airflow/example_dags/example_bash_decorator.py
[2025-01-18T00:26:47.378+0000] {logging_mixin.py:190} INFO - [2025-01-18T00:26:47.377+0000] {dag.py:3239} INFO - Sync 1 DAGs
[2025-01-18T00:26:47.404+0000] {logging_mixin.py:190} INFO - [2025-01-18T00:26:47.403+0000] {dag.py:4180} INFO - Setting next_dagrun for example_bash_decorator to None, run_after=None
[2025-01-18T00:26:47.433+0000] {processor.py:208} INFO - Processing /home/airflow/.local/lib/python3.12/site-packages/airflow/example_dags/example_bash_decorator.py took 0.139 seconds
[2025-01-18T00:27:18.238+0000] {processor.py:186} INFO - Started process (PID=20962) to work on /home/airflow/.local/lib/python3.12/site-packages/airflow/example_dags/example_bash_decorator.py
[2025-01-18T00:27:18.239+0000] {processor.py:914} INFO - Processing file /home/airflow/.local/lib/python3.12/site-packages/airflow/example_dags/example_bash_decorator.py for tasks to queue
[2025-01-18T00:27:18.242+0000] {logging_mixin.py:190} INFO - [2025-01-18T00:27:18.241+0000] {dagbag.py:588} INFO - Filling up the DagBag from /home/airflow/.local/lib/python3.12/site-packages/airflow/example_dags/example_bash_decorator.py
[2025-01-18T00:27:18.258+0000] {processor.py:925} INFO - DAG(s) 'example_bash_decorator' retrieved from /home/airflow/.local/lib/python3.12/site-packages/airflow/example_dags/example_bash_decorator.py
[2025-01-18T00:27:18.286+0000] {logging_mixin.py:190} INFO - [2025-01-18T00:27:18.285+0000] {dag.py:3239} INFO - Sync 1 DAGs
[2025-01-18T00:27:18.303+0000] {logging_mixin.py:190} INFO - [2025-01-18T00:27:18.303+0000] {dag.py:4180} INFO - Setting next_dagrun for example_bash_decorator to None, run_after=None
[2025-01-18T00:27:18.328+0000] {processor.py:208} INFO - Processing /home/airflow/.local/lib/python3.12/site-packages/airflow/example_dags/example_bash_decorator.py took 0.097 seconds
[2025-01-18T00:27:48.921+0000] {processor.py:186} INFO - Started process (PID=21029) to work on /home/airflow/.local/lib/python3.12/site-packages/airflow/example_dags/example_bash_decorator.py
[2025-01-18T00:27:48.922+0000] {processor.py:914} INFO - Processing file /home/airflow/.local/lib/python3.12/site-packages/airflow/example_dags/example_bash_decorator.py for tasks to queue
[2025-01-18T00:27:48.925+0000] {logging_mixin.py:190} INFO - [2025-01-18T00:27:48.925+0000] {dagbag.py:588} INFO - Filling up the DagBag from /home/airflow/.local/lib/python3.12/site-packages/airflow/example_dags/example_bash_decorator.py
[2025-01-18T00:27:48.940+0000] {processor.py:925} INFO - DAG(s) 'example_bash_decorator' retrieved from /home/airflow/.local/lib/python3.12/site-packages/airflow/example_dags/example_bash_decorator.py
[2025-01-18T00:27:48.965+0000] {logging_mixin.py:190} INFO - [2025-01-18T00:27:48.965+0000] {dag.py:3239} INFO - Sync 1 DAGs
[2025-01-18T00:27:48.981+0000] {logging_mixin.py:190} INFO - [2025-01-18T00:27:48.981+0000] {dag.py:4180} INFO - Setting next_dagrun for example_bash_decorator to None, run_after=None
[2025-01-18T00:27:49.004+0000] {processor.py:208} INFO - Processing /home/airflow/.local/lib/python3.12/site-packages/airflow/example_dags/example_bash_decorator.py took 0.088 seconds
[2025-01-18T00:28:19.329+0000] {processor.py:186} INFO - Started process (PID=21095) to work on /home/airflow/.local/lib/python3.12/site-packages/airflow/example_dags/example_bash_decorator.py
[2025-01-18T00:28:19.330+0000] {processor.py:914} INFO - Processing file /home/airflow/.local/lib/python3.12/site-packages/airflow/example_dags/example_bash_decorator.py for tasks to queue
[2025-01-18T00:28:19.332+0000] {logging_mixin.py:190} INFO - [2025-01-18T00:28:19.332+0000] {dagbag.py:588} INFO - Filling up the DagBag from /home/airflow/.local/lib/python3.12/site-packages/airflow/example_dags/example_bash_decorator.py
[2025-01-18T00:28:19.349+0000] {processor.py:925} INFO - DAG(s) 'example_bash_decorator' retrieved from /home/airflow/.local/lib/python3.12/site-packages/airflow/example_dags/example_bash_decorator.py
[2025-01-18T00:28:19.377+0000] {logging_mixin.py:190} INFO - [2025-01-18T00:28:19.377+0000] {dag.py:3239} INFO - Sync 1 DAGs
[2025-01-18T00:28:19.395+0000] {logging_mixin.py:190} INFO - [2025-01-18T00:28:19.394+0000] {dag.py:4180} INFO - Setting next_dagrun for example_bash_decorator to None, run_after=None
[2025-01-18T00:28:19.418+0000] {processor.py:208} INFO - Processing /home/airflow/.local/lib/python3.12/site-packages/airflow/example_dags/example_bash_decorator.py took 0.095 seconds
[2025-01-18T00:28:49.809+0000] {processor.py:186} INFO - Started process (PID=21162) to work on /home/airflow/.local/lib/python3.12/site-packages/airflow/example_dags/example_bash_decorator.py
[2025-01-18T00:28:49.810+0000] {processor.py:914} INFO - Processing file /home/airflow/.local/lib/python3.12/site-packages/airflow/example_dags/example_bash_decorator.py for tasks to queue
[2025-01-18T00:28:49.812+0000] {logging_mixin.py:190} INFO - [2025-01-18T00:28:49.811+0000] {dagbag.py:588} INFO - Filling up the DagBag from /home/airflow/.local/lib/python3.12/site-packages/airflow/example_dags/example_bash_decorator.py
[2025-01-18T00:28:49.824+0000] {processor.py:925} INFO - DAG(s) 'example_bash_decorator' retrieved from /home/airflow/.local/lib/python3.12/site-packages/airflow/example_dags/example_bash_decorator.py
[2025-01-18T00:28:49.842+0000] {logging_mixin.py:190} INFO - [2025-01-18T00:28:49.842+0000] {dag.py:3239} INFO - Sync 1 DAGs
[2025-01-18T00:28:49.855+0000] {logging_mixin.py:190} INFO - [2025-01-18T00:28:49.855+0000] {dag.py:4180} INFO - Setting next_dagrun for example_bash_decorator to None, run_after=None
[2025-01-18T00:28:49.876+0000] {processor.py:208} INFO - Processing /home/airflow/.local/lib/python3.12/site-packages/airflow/example_dags/example_bash_decorator.py took 0.072 seconds
[2025-01-18T00:29:20.286+0000] {processor.py:186} INFO - Started process (PID=21229) to work on /home/airflow/.local/lib/python3.12/site-packages/airflow/example_dags/example_bash_decorator.py
[2025-01-18T00:29:20.288+0000] {processor.py:914} INFO - Processing file /home/airflow/.local/lib/python3.12/site-packages/airflow/example_dags/example_bash_decorator.py for tasks to queue
[2025-01-18T00:29:20.290+0000] {logging_mixin.py:190} INFO - [2025-01-18T00:29:20.289+0000] {dagbag.py:588} INFO - Filling up the DagBag from /home/airflow/.local/lib/python3.12/site-packages/airflow/example_dags/example_bash_decorator.py
[2025-01-18T00:29:20.307+0000] {processor.py:925} INFO - DAG(s) 'example_bash_decorator' retrieved from /home/airflow/.local/lib/python3.12/site-packages/airflow/example_dags/example_bash_decorator.py
[2025-01-18T00:29:20.340+0000] {logging_mixin.py:190} INFO - [2025-01-18T00:29:20.340+0000] {dag.py:3239} INFO - Sync 1 DAGs
[2025-01-18T00:29:20.364+0000] {logging_mixin.py:190} INFO - [2025-01-18T00:29:20.363+0000] {dag.py:4180} INFO - Setting next_dagrun for example_bash_decorator to None, run_after=None
[2025-01-18T00:29:20.390+0000] {processor.py:208} INFO - Processing /home/airflow/.local/lib/python3.12/site-packages/airflow/example_dags/example_bash_decorator.py took 0.109 seconds
[2025-01-18T00:29:51.215+0000] {processor.py:186} INFO - Started process (PID=21296) to work on /home/airflow/.local/lib/python3.12/site-packages/airflow/example_dags/example_bash_decorator.py
[2025-01-18T00:29:51.216+0000] {processor.py:914} INFO - Processing file /home/airflow/.local/lib/python3.12/site-packages/airflow/example_dags/example_bash_decorator.py for tasks to queue
[2025-01-18T00:29:51.218+0000] {logging_mixin.py:190} INFO - [2025-01-18T00:29:51.218+0000] {dagbag.py:588} INFO - Filling up the DagBag from /home/airflow/.local/lib/python3.12/site-packages/airflow/example_dags/example_bash_decorator.py
[2025-01-18T00:29:51.233+0000] {processor.py:925} INFO - DAG(s) 'example_bash_decorator' retrieved from /home/airflow/.local/lib/python3.12/site-packages/airflow/example_dags/example_bash_decorator.py
[2025-01-18T00:29:51.257+0000] {logging_mixin.py:190} INFO - [2025-01-18T00:29:51.257+0000] {dag.py:3239} INFO - Sync 1 DAGs
[2025-01-18T00:29:51.275+0000] {logging_mixin.py:190} INFO - [2025-01-18T00:29:51.274+0000] {dag.py:4180} INFO - Setting next_dagrun for example_bash_decorator to None, run_after=None
[2025-01-18T00:29:51.297+0000] {processor.py:208} INFO - Processing /home/airflow/.local/lib/python3.12/site-packages/airflow/example_dags/example_bash_decorator.py took 0.088 seconds
[2025-01-18T00:30:21.750+0000] {processor.py:186} INFO - Started process (PID=21363) to work on /home/airflow/.local/lib/python3.12/site-packages/airflow/example_dags/example_bash_decorator.py
[2025-01-18T00:30:21.751+0000] {processor.py:914} INFO - Processing file /home/airflow/.local/lib/python3.12/site-packages/airflow/example_dags/example_bash_decorator.py for tasks to queue
[2025-01-18T00:30:21.753+0000] {logging_mixin.py:190} INFO - [2025-01-18T00:30:21.753+0000] {dagbag.py:588} INFO - Filling up the DagBag from /home/airflow/.local/lib/python3.12/site-packages/airflow/example_dags/example_bash_decorator.py
[2025-01-18T00:30:21.769+0000] {processor.py:925} INFO - DAG(s) 'example_bash_decorator' retrieved from /home/airflow/.local/lib/python3.12/site-packages/airflow/example_dags/example_bash_decorator.py
[2025-01-18T00:30:21.794+0000] {logging_mixin.py:190} INFO - [2025-01-18T00:30:21.794+0000] {dag.py:3239} INFO - Sync 1 DAGs
[2025-01-18T00:30:21.809+0000] {logging_mixin.py:190} INFO - [2025-01-18T00:30:21.809+0000] {dag.py:4180} INFO - Setting next_dagrun for example_bash_decorator to None, run_after=None
[2025-01-18T00:30:21.828+0000] {processor.py:208} INFO - Processing /home/airflow/.local/lib/python3.12/site-packages/airflow/example_dags/example_bash_decorator.py took 0.083 seconds
[2025-01-18T00:30:52.289+0000] {processor.py:186} INFO - Started process (PID=21436) to work on /home/airflow/.local/lib/python3.12/site-packages/airflow/example_dags/example_bash_decorator.py
[2025-01-18T00:30:52.291+0000] {processor.py:914} INFO - Processing file /home/airflow/.local/lib/python3.12/site-packages/airflow/example_dags/example_bash_decorator.py for tasks to queue
[2025-01-18T00:30:52.293+0000] {logging_mixin.py:190} INFO - [2025-01-18T00:30:52.292+0000] {dagbag.py:588} INFO - Filling up the DagBag from /home/airflow/.local/lib/python3.12/site-packages/airflow/example_dags/example_bash_decorator.py
[2025-01-18T00:30:52.312+0000] {processor.py:925} INFO - DAG(s) 'example_bash_decorator' retrieved from /home/airflow/.local/lib/python3.12/site-packages/airflow/example_dags/example_bash_decorator.py
[2025-01-18T00:30:52.349+0000] {logging_mixin.py:190} INFO - [2025-01-18T00:30:52.348+0000] {dag.py:3239} INFO - Sync 1 DAGs
[2025-01-18T00:30:52.376+0000] {logging_mixin.py:190} INFO - [2025-01-18T00:30:52.376+0000] {dag.py:4180} INFO - Setting next_dagrun for example_bash_decorator to None, run_after=None
[2025-01-18T00:30:52.406+0000] {processor.py:208} INFO - Processing /home/airflow/.local/lib/python3.12/site-packages/airflow/example_dags/example_bash_decorator.py took 0.122 seconds
[2025-01-18T00:31:22.479+0000] {processor.py:186} INFO - Started process (PID=21503) to work on /home/airflow/.local/lib/python3.12/site-packages/airflow/example_dags/example_bash_decorator.py
[2025-01-18T00:31:22.480+0000] {processor.py:914} INFO - Processing file /home/airflow/.local/lib/python3.12/site-packages/airflow/example_dags/example_bash_decorator.py for tasks to queue
[2025-01-18T00:31:22.482+0000] {logging_mixin.py:190} INFO - [2025-01-18T00:31:22.482+0000] {dagbag.py:588} INFO - Filling up the DagBag from /home/airflow/.local/lib/python3.12/site-packages/airflow/example_dags/example_bash_decorator.py
[2025-01-18T00:31:22.497+0000] {processor.py:925} INFO - DAG(s) 'example_bash_decorator' retrieved from /home/airflow/.local/lib/python3.12/site-packages/airflow/example_dags/example_bash_decorator.py
[2025-01-18T00:31:22.522+0000] {logging_mixin.py:190} INFO - [2025-01-18T00:31:22.522+0000] {dag.py:3239} INFO - Sync 1 DAGs
[2025-01-18T00:31:22.539+0000] {logging_mixin.py:190} INFO - [2025-01-18T00:31:22.539+0000] {dag.py:4180} INFO - Setting next_dagrun for example_bash_decorator to None, run_after=None
[2025-01-18T00:31:22.568+0000] {processor.py:208} INFO - Processing /home/airflow/.local/lib/python3.12/site-packages/airflow/example_dags/example_bash_decorator.py took 0.094 seconds
[2025-01-18T00:31:52.893+0000] {processor.py:186} INFO - Started process (PID=21570) to work on /home/airflow/.local/lib/python3.12/site-packages/airflow/example_dags/example_bash_decorator.py
[2025-01-18T00:31:52.898+0000] {processor.py:914} INFO - Processing file /home/airflow/.local/lib/python3.12/site-packages/airflow/example_dags/example_bash_decorator.py for tasks to queue
[2025-01-18T00:31:52.902+0000] {logging_mixin.py:190} INFO - [2025-01-18T00:31:52.901+0000] {dagbag.py:588} INFO - Filling up the DagBag from /home/airflow/.local/lib/python3.12/site-packages/airflow/example_dags/example_bash_decorator.py
[2025-01-18T00:31:52.933+0000] {processor.py:925} INFO - DAG(s) 'example_bash_decorator' retrieved from /home/airflow/.local/lib/python3.12/site-packages/airflow/example_dags/example_bash_decorator.py
[2025-01-18T00:31:52.973+0000] {logging_mixin.py:190} INFO - [2025-01-18T00:31:52.973+0000] {dag.py:3239} INFO - Sync 1 DAGs
[2025-01-18T00:31:53.001+0000] {logging_mixin.py:190} INFO - [2025-01-18T00:31:53.001+0000] {dag.py:4180} INFO - Setting next_dagrun for example_bash_decorator to None, run_after=None
[2025-01-18T00:31:53.041+0000] {processor.py:208} INFO - Processing /home/airflow/.local/lib/python3.12/site-packages/airflow/example_dags/example_bash_decorator.py took 0.165 seconds
[2025-01-18T00:32:23.524+0000] {processor.py:186} INFO - Started process (PID=21637) to work on /home/airflow/.local/lib/python3.12/site-packages/airflow/example_dags/example_bash_decorator.py
[2025-01-18T00:32:23.526+0000] {processor.py:914} INFO - Processing file /home/airflow/.local/lib/python3.12/site-packages/airflow/example_dags/example_bash_decorator.py for tasks to queue
[2025-01-18T00:32:23.528+0000] {logging_mixin.py:190} INFO - [2025-01-18T00:32:23.528+0000] {dagbag.py:588} INFO - Filling up the DagBag from /home/airflow/.local/lib/python3.12/site-packages/airflow/example_dags/example_bash_decorator.py
[2025-01-18T00:32:23.543+0000] {processor.py:925} INFO - DAG(s) 'example_bash_decorator' retrieved from /home/airflow/.local/lib/python3.12/site-packages/airflow/example_dags/example_bash_decorator.py
[2025-01-18T00:32:23.568+0000] {logging_mixin.py:190} INFO - [2025-01-18T00:32:23.568+0000] {dag.py:3239} INFO - Sync 1 DAGs
[2025-01-18T00:32:23.585+0000] {logging_mixin.py:190} INFO - [2025-01-18T00:32:23.584+0000] {dag.py:4180} INFO - Setting next_dagrun for example_bash_decorator to None, run_after=None
[2025-01-18T00:32:23.609+0000] {processor.py:208} INFO - Processing /home/airflow/.local/lib/python3.12/site-packages/airflow/example_dags/example_bash_decorator.py took 0.090 seconds
[2025-01-18T00:32:54.431+0000] {processor.py:186} INFO - Started process (PID=21704) to work on /home/airflow/.local/lib/python3.12/site-packages/airflow/example_dags/example_bash_decorator.py
[2025-01-18T00:32:54.432+0000] {processor.py:914} INFO - Processing file /home/airflow/.local/lib/python3.12/site-packages/airflow/example_dags/example_bash_decorator.py for tasks to queue
[2025-01-18T00:32:54.435+0000] {logging_mixin.py:190} INFO - [2025-01-18T00:32:54.434+0000] {dagbag.py:588} INFO - Filling up the DagBag from /home/airflow/.local/lib/python3.12/site-packages/airflow/example_dags/example_bash_decorator.py
[2025-01-18T00:32:54.449+0000] {processor.py:925} INFO - DAG(s) 'example_bash_decorator' retrieved from /home/airflow/.local/lib/python3.12/site-packages/airflow/example_dags/example_bash_decorator.py
[2025-01-18T00:32:54.475+0000] {logging_mixin.py:190} INFO - [2025-01-18T00:32:54.475+0000] {dag.py:3239} INFO - Sync 1 DAGs
[2025-01-18T00:32:54.489+0000] {logging_mixin.py:190} INFO - [2025-01-18T00:32:54.489+0000] {dag.py:4180} INFO - Setting next_dagrun for example_bash_decorator to None, run_after=None
[2025-01-18T00:32:54.509+0000] {processor.py:208} INFO - Processing /home/airflow/.local/lib/python3.12/site-packages/airflow/example_dags/example_bash_decorator.py took 0.084 seconds
[2025-01-18T00:33:24.689+0000] {processor.py:186} INFO - Started process (PID=21771) to work on /home/airflow/.local/lib/python3.12/site-packages/airflow/example_dags/example_bash_decorator.py
[2025-01-18T00:33:24.690+0000] {processor.py:914} INFO - Processing file /home/airflow/.local/lib/python3.12/site-packages/airflow/example_dags/example_bash_decorator.py for tasks to queue
[2025-01-18T00:33:24.692+0000] {logging_mixin.py:190} INFO - [2025-01-18T00:33:24.692+0000] {dagbag.py:588} INFO - Filling up the DagBag from /home/airflow/.local/lib/python3.12/site-packages/airflow/example_dags/example_bash_decorator.py
[2025-01-18T00:33:24.707+0000] {processor.py:925} INFO - DAG(s) 'example_bash_decorator' retrieved from /home/airflow/.local/lib/python3.12/site-packages/airflow/example_dags/example_bash_decorator.py
[2025-01-18T00:33:24.732+0000] {logging_mixin.py:190} INFO - [2025-01-18T00:33:24.732+0000] {dag.py:3239} INFO - Sync 1 DAGs
[2025-01-18T00:33:24.748+0000] {logging_mixin.py:190} INFO - [2025-01-18T00:33:24.748+0000] {dag.py:4180} INFO - Setting next_dagrun for example_bash_decorator to None, run_after=None
[2025-01-18T00:33:24.768+0000] {processor.py:208} INFO - Processing /home/airflow/.local/lib/python3.12/site-packages/airflow/example_dags/example_bash_decorator.py took 0.086 seconds
[2025-01-18T00:33:54.840+0000] {processor.py:186} INFO - Started process (PID=21838) to work on /home/airflow/.local/lib/python3.12/site-packages/airflow/example_dags/example_bash_decorator.py
[2025-01-18T00:33:54.841+0000] {processor.py:914} INFO - Processing file /home/airflow/.local/lib/python3.12/site-packages/airflow/example_dags/example_bash_decorator.py for tasks to queue
[2025-01-18T00:33:54.843+0000] {logging_mixin.py:190} INFO - [2025-01-18T00:33:54.843+0000] {dagbag.py:588} INFO - Filling up the DagBag from /home/airflow/.local/lib/python3.12/site-packages/airflow/example_dags/example_bash_decorator.py
[2025-01-18T00:33:54.857+0000] {processor.py:925} INFO - DAG(s) 'example_bash_decorator' retrieved from /home/airflow/.local/lib/python3.12/site-packages/airflow/example_dags/example_bash_decorator.py
[2025-01-18T00:33:54.882+0000] {logging_mixin.py:190} INFO - [2025-01-18T00:33:54.882+0000] {dag.py:3239} INFO - Sync 1 DAGs
[2025-01-18T00:33:54.902+0000] {logging_mixin.py:190} INFO - [2025-01-18T00:33:54.902+0000] {dag.py:4180} INFO - Setting next_dagrun for example_bash_decorator to None, run_after=None
[2025-01-18T00:33:54.927+0000] {processor.py:208} INFO - Processing /home/airflow/.local/lib/python3.12/site-packages/airflow/example_dags/example_bash_decorator.py took 0.092 seconds
[2025-01-18T00:34:25.176+0000] {processor.py:186} INFO - Started process (PID=21906) to work on /home/airflow/.local/lib/python3.12/site-packages/airflow/example_dags/example_bash_decorator.py
[2025-01-18T00:34:25.177+0000] {processor.py:914} INFO - Processing file /home/airflow/.local/lib/python3.12/site-packages/airflow/example_dags/example_bash_decorator.py for tasks to queue
[2025-01-18T00:34:25.179+0000] {logging_mixin.py:190} INFO - [2025-01-18T00:34:25.179+0000] {dagbag.py:588} INFO - Filling up the DagBag from /home/airflow/.local/lib/python3.12/site-packages/airflow/example_dags/example_bash_decorator.py
[2025-01-18T00:34:25.194+0000] {processor.py:925} INFO - DAG(s) 'example_bash_decorator' retrieved from /home/airflow/.local/lib/python3.12/site-packages/airflow/example_dags/example_bash_decorator.py
[2025-01-18T00:34:25.224+0000] {logging_mixin.py:190} INFO - [2025-01-18T00:34:25.223+0000] {dag.py:3239} INFO - Sync 1 DAGs
[2025-01-18T00:34:25.240+0000] {logging_mixin.py:190} INFO - [2025-01-18T00:34:25.240+0000] {dag.py:4180} INFO - Setting next_dagrun for example_bash_decorator to None, run_after=None
[2025-01-18T00:34:25.263+0000] {processor.py:208} INFO - Processing /home/airflow/.local/lib/python3.12/site-packages/airflow/example_dags/example_bash_decorator.py took 0.092 seconds
[2025-01-18T00:34:55.503+0000] {processor.py:186} INFO - Started process (PID=21972) to work on /home/airflow/.local/lib/python3.12/site-packages/airflow/example_dags/example_bash_decorator.py
[2025-01-18T00:34:55.504+0000] {processor.py:914} INFO - Processing file /home/airflow/.local/lib/python3.12/site-packages/airflow/example_dags/example_bash_decorator.py for tasks to queue
[2025-01-18T00:34:55.507+0000] {logging_mixin.py:190} INFO - [2025-01-18T00:34:55.507+0000] {dagbag.py:588} INFO - Filling up the DagBag from /home/airflow/.local/lib/python3.12/site-packages/airflow/example_dags/example_bash_decorator.py
[2025-01-18T00:34:55.526+0000] {processor.py:925} INFO - DAG(s) 'example_bash_decorator' retrieved from /home/airflow/.local/lib/python3.12/site-packages/airflow/example_dags/example_bash_decorator.py
[2025-01-18T00:34:55.552+0000] {logging_mixin.py:190} INFO - [2025-01-18T00:34:55.551+0000] {dag.py:3239} INFO - Sync 1 DAGs
[2025-01-18T00:34:55.567+0000] {logging_mixin.py:190} INFO - [2025-01-18T00:34:55.566+0000] {dag.py:4180} INFO - Setting next_dagrun for example_bash_decorator to None, run_after=None
[2025-01-18T00:34:55.587+0000] {processor.py:208} INFO - Processing /home/airflow/.local/lib/python3.12/site-packages/airflow/example_dags/example_bash_decorator.py took 0.091 seconds
[2025-01-18T00:35:25.824+0000] {processor.py:186} INFO - Started process (PID=22045) to work on /home/airflow/.local/lib/python3.12/site-packages/airflow/example_dags/example_bash_decorator.py
[2025-01-18T00:35:25.826+0000] {processor.py:914} INFO - Processing file /home/airflow/.local/lib/python3.12/site-packages/airflow/example_dags/example_bash_decorator.py for tasks to queue
[2025-01-18T00:35:25.829+0000] {logging_mixin.py:190} INFO - [2025-01-18T00:35:25.828+0000] {dagbag.py:588} INFO - Filling up the DagBag from /home/airflow/.local/lib/python3.12/site-packages/airflow/example_dags/example_bash_decorator.py
[2025-01-18T00:35:25.850+0000] {processor.py:925} INFO - DAG(s) 'example_bash_decorator' retrieved from /home/airflow/.local/lib/python3.12/site-packages/airflow/example_dags/example_bash_decorator.py
[2025-01-18T00:35:25.882+0000] {logging_mixin.py:190} INFO - [2025-01-18T00:35:25.882+0000] {dag.py:3239} INFO - Sync 1 DAGs
[2025-01-18T00:35:25.903+0000] {logging_mixin.py:190} INFO - [2025-01-18T00:35:25.903+0000] {dag.py:4180} INFO - Setting next_dagrun for example_bash_decorator to None, run_after=None
[2025-01-18T00:35:25.927+0000] {processor.py:208} INFO - Processing /home/airflow/.local/lib/python3.12/site-packages/airflow/example_dags/example_bash_decorator.py took 0.110 seconds
