[2025-01-18T00:00:13.986+0000] {processor.py:186} INFO - Started process (PID=17369) to work on /home/airflow/.local/lib/python3.12/site-packages/airflow/example_dags/example_nested_branch_dag.py
[2025-01-18T00:00:13.987+0000] {processor.py:914} INFO - Processing file /home/airflow/.local/lib/python3.12/site-packages/airflow/example_dags/example_nested_branch_dag.py for tasks to queue
[2025-01-18T00:00:13.989+0000] {logging_mixin.py:190} INFO - [2025-01-18T00:00:13.989+0000] {dagbag.py:588} INFO - Filling up the DagBag from /home/airflow/.local/lib/python3.12/site-packages/airflow/example_dags/example_nested_branch_dag.py
[2025-01-18T00:00:14.001+0000] {processor.py:925} INFO - DAG(s) 'example_nested_branch_dag' retrieved from /home/airflow/.local/lib/python3.12/site-packages/airflow/example_dags/example_nested_branch_dag.py
[2025-01-18T00:00:14.025+0000] {logging_mixin.py:190} INFO - [2025-01-18T00:00:14.025+0000] {dag.py:3239} INFO - Sync 1 DAGs
[2025-01-18T00:00:14.052+0000] {logging_mixin.py:190} INFO - [2025-01-18T00:00:14.052+0000] {dag.py:4180} INFO - Setting next_dagrun for example_nested_branch_dag to 2025-01-17 00:00:00+00:00, run_after=2025-01-18 00:00:00+00:00
[2025-01-18T00:00:14.073+0000] {processor.py:208} INFO - Processing /home/airflow/.local/lib/python3.12/site-packages/airflow/example_dags/example_nested_branch_dag.py took 0.092 seconds
[2025-01-18T00:00:44.181+0000] {processor.py:186} INFO - Started process (PID=17436) to work on /home/airflow/.local/lib/python3.12/site-packages/airflow/example_dags/example_nested_branch_dag.py
[2025-01-18T00:00:44.182+0000] {processor.py:914} INFO - Processing file /home/airflow/.local/lib/python3.12/site-packages/airflow/example_dags/example_nested_branch_dag.py for tasks to queue
[2025-01-18T00:00:44.186+0000] {logging_mixin.py:190} INFO - [2025-01-18T00:00:44.185+0000] {dagbag.py:588} INFO - Filling up the DagBag from /home/airflow/.local/lib/python3.12/site-packages/airflow/example_dags/example_nested_branch_dag.py
[2025-01-18T00:00:44.206+0000] {processor.py:925} INFO - DAG(s) 'example_nested_branch_dag' retrieved from /home/airflow/.local/lib/python3.12/site-packages/airflow/example_dags/example_nested_branch_dag.py
[2025-01-18T00:00:44.271+0000] {logging_mixin.py:190} INFO - [2025-01-18T00:00:44.270+0000] {dag.py:3239} INFO - Sync 1 DAGs
[2025-01-18T00:00:44.366+0000] {logging_mixin.py:190} INFO - [2025-01-18T00:00:44.365+0000] {dag.py:4180} INFO - Setting next_dagrun for example_nested_branch_dag to 2025-01-17 00:00:00+00:00, run_after=2025-01-18 00:00:00+00:00
[2025-01-18T00:00:44.411+0000] {processor.py:208} INFO - Processing /home/airflow/.local/lib/python3.12/site-packages/airflow/example_dags/example_nested_branch_dag.py took 0.239 seconds
[2025-01-18T00:01:15.079+0000] {processor.py:186} INFO - Started process (PID=17503) to work on /home/airflow/.local/lib/python3.12/site-packages/airflow/example_dags/example_nested_branch_dag.py
[2025-01-18T00:01:15.080+0000] {processor.py:914} INFO - Processing file /home/airflow/.local/lib/python3.12/site-packages/airflow/example_dags/example_nested_branch_dag.py for tasks to queue
[2025-01-18T00:01:15.082+0000] {logging_mixin.py:190} INFO - [2025-01-18T00:01:15.082+0000] {dagbag.py:588} INFO - Filling up the DagBag from /home/airflow/.local/lib/python3.12/site-packages/airflow/example_dags/example_nested_branch_dag.py
[2025-01-18T00:01:15.094+0000] {processor.py:925} INFO - DAG(s) 'example_nested_branch_dag' retrieved from /home/airflow/.local/lib/python3.12/site-packages/airflow/example_dags/example_nested_branch_dag.py
[2025-01-18T00:01:15.116+0000] {logging_mixin.py:190} INFO - [2025-01-18T00:01:15.116+0000] {dag.py:3239} INFO - Sync 1 DAGs
[2025-01-18T00:01:15.143+0000] {logging_mixin.py:190} INFO - [2025-01-18T00:01:15.142+0000] {dag.py:4180} INFO - Setting next_dagrun for example_nested_branch_dag to 2025-01-17 00:00:00+00:00, run_after=2025-01-18 00:00:00+00:00
[2025-01-18T00:01:15.162+0000] {processor.py:208} INFO - Processing /home/airflow/.local/lib/python3.12/site-packages/airflow/example_dags/example_nested_branch_dag.py took 0.089 seconds
[2025-01-18T00:01:45.569+0000] {processor.py:186} INFO - Started process (PID=17576) to work on /home/airflow/.local/lib/python3.12/site-packages/airflow/example_dags/example_nested_branch_dag.py
[2025-01-18T00:01:45.570+0000] {processor.py:914} INFO - Processing file /home/airflow/.local/lib/python3.12/site-packages/airflow/example_dags/example_nested_branch_dag.py for tasks to queue
[2025-01-18T00:01:45.573+0000] {logging_mixin.py:190} INFO - [2025-01-18T00:01:45.573+0000] {dagbag.py:588} INFO - Filling up the DagBag from /home/airflow/.local/lib/python3.12/site-packages/airflow/example_dags/example_nested_branch_dag.py
[2025-01-18T00:01:45.588+0000] {processor.py:925} INFO - DAG(s) 'example_nested_branch_dag' retrieved from /home/airflow/.local/lib/python3.12/site-packages/airflow/example_dags/example_nested_branch_dag.py
[2025-01-18T00:01:45.614+0000] {logging_mixin.py:190} INFO - [2025-01-18T00:01:45.614+0000] {dag.py:3239} INFO - Sync 1 DAGs
[2025-01-18T00:01:45.645+0000] {logging_mixin.py:190} INFO - [2025-01-18T00:01:45.644+0000] {dag.py:4180} INFO - Setting next_dagrun for example_nested_branch_dag to 2025-01-17 00:00:00+00:00, run_after=2025-01-18 00:00:00+00:00
[2025-01-18T00:01:45.667+0000] {processor.py:208} INFO - Processing /home/airflow/.local/lib/python3.12/site-packages/airflow/example_dags/example_nested_branch_dag.py took 0.107 seconds
[2025-01-18T00:02:16.270+0000] {processor.py:186} INFO - Started process (PID=17643) to work on /home/airflow/.local/lib/python3.12/site-packages/airflow/example_dags/example_nested_branch_dag.py
[2025-01-18T00:02:16.272+0000] {processor.py:914} INFO - Processing file /home/airflow/.local/lib/python3.12/site-packages/airflow/example_dags/example_nested_branch_dag.py for tasks to queue
[2025-01-18T00:02:16.275+0000] {logging_mixin.py:190} INFO - [2025-01-18T00:02:16.274+0000] {dagbag.py:588} INFO - Filling up the DagBag from /home/airflow/.local/lib/python3.12/site-packages/airflow/example_dags/example_nested_branch_dag.py
[2025-01-18T00:02:16.291+0000] {processor.py:925} INFO - DAG(s) 'example_nested_branch_dag' retrieved from /home/airflow/.local/lib/python3.12/site-packages/airflow/example_dags/example_nested_branch_dag.py
[2025-01-18T00:02:16.328+0000] {logging_mixin.py:190} INFO - [2025-01-18T00:02:16.327+0000] {dag.py:3239} INFO - Sync 1 DAGs
[2025-01-18T00:02:16.383+0000] {logging_mixin.py:190} INFO - [2025-01-18T00:02:16.382+0000] {dag.py:4180} INFO - Setting next_dagrun for example_nested_branch_dag to 2025-01-17 00:00:00+00:00, run_after=2025-01-18 00:00:00+00:00
[2025-01-18T00:02:16.416+0000] {processor.py:208} INFO - Processing /home/airflow/.local/lib/python3.12/site-packages/airflow/example_dags/example_nested_branch_dag.py took 0.154 seconds
[2025-01-18T00:02:46.658+0000] {processor.py:186} INFO - Started process (PID=17711) to work on /home/airflow/.local/lib/python3.12/site-packages/airflow/example_dags/example_nested_branch_dag.py
[2025-01-18T00:02:46.659+0000] {processor.py:914} INFO - Processing file /home/airflow/.local/lib/python3.12/site-packages/airflow/example_dags/example_nested_branch_dag.py for tasks to queue
[2025-01-18T00:02:46.662+0000] {logging_mixin.py:190} INFO - [2025-01-18T00:02:46.662+0000] {dagbag.py:588} INFO - Filling up the DagBag from /home/airflow/.local/lib/python3.12/site-packages/airflow/example_dags/example_nested_branch_dag.py
[2025-01-18T00:02:46.680+0000] {processor.py:925} INFO - DAG(s) 'example_nested_branch_dag' retrieved from /home/airflow/.local/lib/python3.12/site-packages/airflow/example_dags/example_nested_branch_dag.py
[2025-01-18T00:02:46.715+0000] {logging_mixin.py:190} INFO - [2025-01-18T00:02:46.715+0000] {dag.py:3239} INFO - Sync 1 DAGs
[2025-01-18T00:02:46.763+0000] {logging_mixin.py:190} INFO - [2025-01-18T00:02:46.762+0000] {dag.py:4180} INFO - Setting next_dagrun for example_nested_branch_dag to 2025-01-17 00:00:00+00:00, run_after=2025-01-18 00:00:00+00:00
[2025-01-18T00:02:46.797+0000] {processor.py:208} INFO - Processing /home/airflow/.local/lib/python3.12/site-packages/airflow/example_dags/example_nested_branch_dag.py took 0.149 seconds
[2025-01-18T00:03:17.180+0000] {processor.py:186} INFO - Started process (PID=17779) to work on /home/airflow/.local/lib/python3.12/site-packages/airflow/example_dags/example_nested_branch_dag.py
[2025-01-18T00:03:17.181+0000] {processor.py:914} INFO - Processing file /home/airflow/.local/lib/python3.12/site-packages/airflow/example_dags/example_nested_branch_dag.py for tasks to queue
[2025-01-18T00:03:17.185+0000] {logging_mixin.py:190} INFO - [2025-01-18T00:03:17.184+0000] {dagbag.py:588} INFO - Filling up the DagBag from /home/airflow/.local/lib/python3.12/site-packages/airflow/example_dags/example_nested_branch_dag.py
[2025-01-18T00:03:17.199+0000] {processor.py:925} INFO - DAG(s) 'example_nested_branch_dag' retrieved from /home/airflow/.local/lib/python3.12/site-packages/airflow/example_dags/example_nested_branch_dag.py
[2025-01-18T00:03:17.229+0000] {logging_mixin.py:190} INFO - [2025-01-18T00:03:17.228+0000] {dag.py:3239} INFO - Sync 1 DAGs
[2025-01-18T00:03:17.261+0000] {logging_mixin.py:190} INFO - [2025-01-18T00:03:17.260+0000] {dag.py:4180} INFO - Setting next_dagrun for example_nested_branch_dag to 2025-01-17 00:00:00+00:00, run_after=2025-01-18 00:00:00+00:00
[2025-01-18T00:03:17.283+0000] {processor.py:208} INFO - Processing /home/airflow/.local/lib/python3.12/site-packages/airflow/example_dags/example_nested_branch_dag.py took 0.111 seconds
[2025-01-18T00:03:47.894+0000] {processor.py:186} INFO - Started process (PID=17846) to work on /home/airflow/.local/lib/python3.12/site-packages/airflow/example_dags/example_nested_branch_dag.py
[2025-01-18T00:03:47.895+0000] {processor.py:914} INFO - Processing file /home/airflow/.local/lib/python3.12/site-packages/airflow/example_dags/example_nested_branch_dag.py for tasks to queue
[2025-01-18T00:03:47.899+0000] {logging_mixin.py:190} INFO - [2025-01-18T00:03:47.898+0000] {dagbag.py:588} INFO - Filling up the DagBag from /home/airflow/.local/lib/python3.12/site-packages/airflow/example_dags/example_nested_branch_dag.py
[2025-01-18T00:03:47.915+0000] {processor.py:925} INFO - DAG(s) 'example_nested_branch_dag' retrieved from /home/airflow/.local/lib/python3.12/site-packages/airflow/example_dags/example_nested_branch_dag.py
[2025-01-18T00:03:47.944+0000] {logging_mixin.py:190} INFO - [2025-01-18T00:03:47.944+0000] {dag.py:3239} INFO - Sync 1 DAGs
[2025-01-18T00:03:47.975+0000] {logging_mixin.py:190} INFO - [2025-01-18T00:03:47.975+0000] {dag.py:4180} INFO - Setting next_dagrun for example_nested_branch_dag to 2025-01-17 00:00:00+00:00, run_after=2025-01-18 00:00:00+00:00
[2025-01-18T00:03:48.000+0000] {processor.py:208} INFO - Processing /home/airflow/.local/lib/python3.12/site-packages/airflow/example_dags/example_nested_branch_dag.py took 0.112 seconds
[2025-01-18T00:04:18.290+0000] {processor.py:186} INFO - Started process (PID=17913) to work on /home/airflow/.local/lib/python3.12/site-packages/airflow/example_dags/example_nested_branch_dag.py
[2025-01-18T00:04:18.292+0000] {processor.py:914} INFO - Processing file /home/airflow/.local/lib/python3.12/site-packages/airflow/example_dags/example_nested_branch_dag.py for tasks to queue
[2025-01-18T00:04:18.295+0000] {logging_mixin.py:190} INFO - [2025-01-18T00:04:18.294+0000] {dagbag.py:588} INFO - Filling up the DagBag from /home/airflow/.local/lib/python3.12/site-packages/airflow/example_dags/example_nested_branch_dag.py
[2025-01-18T00:04:18.310+0000] {processor.py:925} INFO - DAG(s) 'example_nested_branch_dag' retrieved from /home/airflow/.local/lib/python3.12/site-packages/airflow/example_dags/example_nested_branch_dag.py
[2025-01-18T00:04:18.343+0000] {logging_mixin.py:190} INFO - [2025-01-18T00:04:18.342+0000] {dag.py:3239} INFO - Sync 1 DAGs
[2025-01-18T00:04:18.381+0000] {logging_mixin.py:190} INFO - [2025-01-18T00:04:18.380+0000] {dag.py:4180} INFO - Setting next_dagrun for example_nested_branch_dag to 2025-01-17 00:00:00+00:00, run_after=2025-01-18 00:00:00+00:00
[2025-01-18T00:04:18.404+0000] {processor.py:208} INFO - Processing /home/airflow/.local/lib/python3.12/site-packages/airflow/example_dags/example_nested_branch_dag.py took 0.120 seconds
[2025-01-18T00:04:49.356+0000] {processor.py:186} INFO - Started process (PID=17980) to work on /home/airflow/.local/lib/python3.12/site-packages/airflow/example_dags/example_nested_branch_dag.py
[2025-01-18T00:04:49.357+0000] {processor.py:914} INFO - Processing file /home/airflow/.local/lib/python3.12/site-packages/airflow/example_dags/example_nested_branch_dag.py for tasks to queue
[2025-01-18T00:04:49.359+0000] {logging_mixin.py:190} INFO - [2025-01-18T00:04:49.359+0000] {dagbag.py:588} INFO - Filling up the DagBag from /home/airflow/.local/lib/python3.12/site-packages/airflow/example_dags/example_nested_branch_dag.py
[2025-01-18T00:04:49.371+0000] {processor.py:925} INFO - DAG(s) 'example_nested_branch_dag' retrieved from /home/airflow/.local/lib/python3.12/site-packages/airflow/example_dags/example_nested_branch_dag.py
[2025-01-18T00:04:49.398+0000] {logging_mixin.py:190} INFO - [2025-01-18T00:04:49.398+0000] {dag.py:3239} INFO - Sync 1 DAGs
[2025-01-18T00:04:49.430+0000] {logging_mixin.py:190} INFO - [2025-01-18T00:04:49.430+0000] {dag.py:4180} INFO - Setting next_dagrun for example_nested_branch_dag to 2025-01-17 00:00:00+00:00, run_after=2025-01-18 00:00:00+00:00
[2025-01-18T00:04:49.451+0000] {processor.py:208} INFO - Processing /home/airflow/.local/lib/python3.12/site-packages/airflow/example_dags/example_nested_branch_dag.py took 0.101 seconds
[2025-01-18T00:05:19.661+0000] {processor.py:186} INFO - Started process (PID=18047) to work on /home/airflow/.local/lib/python3.12/site-packages/airflow/example_dags/example_nested_branch_dag.py
[2025-01-18T00:05:19.664+0000] {processor.py:914} INFO - Processing file /home/airflow/.local/lib/python3.12/site-packages/airflow/example_dags/example_nested_branch_dag.py for tasks to queue
[2025-01-18T00:05:19.670+0000] {logging_mixin.py:190} INFO - [2025-01-18T00:05:19.669+0000] {dagbag.py:588} INFO - Filling up the DagBag from /home/airflow/.local/lib/python3.12/site-packages/airflow/example_dags/example_nested_branch_dag.py
[2025-01-18T00:05:19.689+0000] {processor.py:925} INFO - DAG(s) 'example_nested_branch_dag' retrieved from /home/airflow/.local/lib/python3.12/site-packages/airflow/example_dags/example_nested_branch_dag.py
[2025-01-18T00:05:19.723+0000] {logging_mixin.py:190} INFO - [2025-01-18T00:05:19.723+0000] {dag.py:3239} INFO - Sync 1 DAGs
[2025-01-18T00:05:19.758+0000] {logging_mixin.py:190} INFO - [2025-01-18T00:05:19.758+0000] {dag.py:4180} INFO - Setting next_dagrun for example_nested_branch_dag to 2025-01-17 00:00:00+00:00, run_after=2025-01-18 00:00:00+00:00
[2025-01-18T00:05:19.786+0000] {processor.py:208} INFO - Processing /home/airflow/.local/lib/python3.12/site-packages/airflow/example_dags/example_nested_branch_dag.py took 0.136 seconds
[2025-01-18T00:05:50.202+0000] {processor.py:186} INFO - Started process (PID=18120) to work on /home/airflow/.local/lib/python3.12/site-packages/airflow/example_dags/example_nested_branch_dag.py
[2025-01-18T00:05:50.203+0000] {processor.py:914} INFO - Processing file /home/airflow/.local/lib/python3.12/site-packages/airflow/example_dags/example_nested_branch_dag.py for tasks to queue
[2025-01-18T00:05:50.206+0000] {logging_mixin.py:190} INFO - [2025-01-18T00:05:50.206+0000] {dagbag.py:588} INFO - Filling up the DagBag from /home/airflow/.local/lib/python3.12/site-packages/airflow/example_dags/example_nested_branch_dag.py
[2025-01-18T00:05:50.224+0000] {processor.py:925} INFO - DAG(s) 'example_nested_branch_dag' retrieved from /home/airflow/.local/lib/python3.12/site-packages/airflow/example_dags/example_nested_branch_dag.py
[2025-01-18T00:05:50.255+0000] {logging_mixin.py:190} INFO - [2025-01-18T00:05:50.255+0000] {dag.py:3239} INFO - Sync 1 DAGs
[2025-01-18T00:05:50.294+0000] {logging_mixin.py:190} INFO - [2025-01-18T00:05:50.294+0000] {dag.py:4180} INFO - Setting next_dagrun for example_nested_branch_dag to 2025-01-17 00:00:00+00:00, run_after=2025-01-18 00:00:00+00:00
[2025-01-18T00:05:50.321+0000] {processor.py:208} INFO - Processing /home/airflow/.local/lib/python3.12/site-packages/airflow/example_dags/example_nested_branch_dag.py took 0.127 seconds
[2025-01-18T00:06:20.492+0000] {processor.py:186} INFO - Started process (PID=18188) to work on /home/airflow/.local/lib/python3.12/site-packages/airflow/example_dags/example_nested_branch_dag.py
[2025-01-18T00:06:20.493+0000] {processor.py:914} INFO - Processing file /home/airflow/.local/lib/python3.12/site-packages/airflow/example_dags/example_nested_branch_dag.py for tasks to queue
[2025-01-18T00:06:20.495+0000] {logging_mixin.py:190} INFO - [2025-01-18T00:06:20.494+0000] {dagbag.py:588} INFO - Filling up the DagBag from /home/airflow/.local/lib/python3.12/site-packages/airflow/example_dags/example_nested_branch_dag.py
[2025-01-18T00:06:20.510+0000] {processor.py:925} INFO - DAG(s) 'example_nested_branch_dag' retrieved from /home/airflow/.local/lib/python3.12/site-packages/airflow/example_dags/example_nested_branch_dag.py
[2025-01-18T00:06:20.539+0000] {logging_mixin.py:190} INFO - [2025-01-18T00:06:20.539+0000] {dag.py:3239} INFO - Sync 1 DAGs
[2025-01-18T00:06:20.576+0000] {logging_mixin.py:190} INFO - [2025-01-18T00:06:20.575+0000] {dag.py:4180} INFO - Setting next_dagrun for example_nested_branch_dag to 2025-01-17 00:00:00+00:00, run_after=2025-01-18 00:00:00+00:00
[2025-01-18T00:06:20.600+0000] {processor.py:208} INFO - Processing /home/airflow/.local/lib/python3.12/site-packages/airflow/example_dags/example_nested_branch_dag.py took 0.114 seconds
[2025-01-18T00:06:50.858+0000] {processor.py:186} INFO - Started process (PID=18255) to work on /home/airflow/.local/lib/python3.12/site-packages/airflow/example_dags/example_nested_branch_dag.py
[2025-01-18T00:06:50.859+0000] {processor.py:914} INFO - Processing file /home/airflow/.local/lib/python3.12/site-packages/airflow/example_dags/example_nested_branch_dag.py for tasks to queue
[2025-01-18T00:06:50.862+0000] {logging_mixin.py:190} INFO - [2025-01-18T00:06:50.861+0000] {dagbag.py:588} INFO - Filling up the DagBag from /home/airflow/.local/lib/python3.12/site-packages/airflow/example_dags/example_nested_branch_dag.py
[2025-01-18T00:06:50.876+0000] {processor.py:925} INFO - DAG(s) 'example_nested_branch_dag' retrieved from /home/airflow/.local/lib/python3.12/site-packages/airflow/example_dags/example_nested_branch_dag.py
[2025-01-18T00:06:50.901+0000] {logging_mixin.py:190} INFO - [2025-01-18T00:06:50.900+0000] {dag.py:3239} INFO - Sync 1 DAGs
[2025-01-18T00:06:50.932+0000] {logging_mixin.py:190} INFO - [2025-01-18T00:06:50.931+0000] {dag.py:4180} INFO - Setting next_dagrun for example_nested_branch_dag to 2025-01-17 00:00:00+00:00, run_after=2025-01-18 00:00:00+00:00
[2025-01-18T00:06:50.953+0000] {processor.py:208} INFO - Processing /home/airflow/.local/lib/python3.12/site-packages/airflow/example_dags/example_nested_branch_dag.py took 0.104 seconds
[2025-01-18T00:07:21.037+0000] {processor.py:186} INFO - Started process (PID=18322) to work on /home/airflow/.local/lib/python3.12/site-packages/airflow/example_dags/example_nested_branch_dag.py
[2025-01-18T00:07:21.038+0000] {processor.py:914} INFO - Processing file /home/airflow/.local/lib/python3.12/site-packages/airflow/example_dags/example_nested_branch_dag.py for tasks to queue
[2025-01-18T00:07:21.042+0000] {logging_mixin.py:190} INFO - [2025-01-18T00:07:21.041+0000] {dagbag.py:588} INFO - Filling up the DagBag from /home/airflow/.local/lib/python3.12/site-packages/airflow/example_dags/example_nested_branch_dag.py
[2025-01-18T00:07:21.061+0000] {processor.py:925} INFO - DAG(s) 'example_nested_branch_dag' retrieved from /home/airflow/.local/lib/python3.12/site-packages/airflow/example_dags/example_nested_branch_dag.py
[2025-01-18T00:07:21.093+0000] {logging_mixin.py:190} INFO - [2025-01-18T00:07:21.092+0000] {dag.py:3239} INFO - Sync 1 DAGs
[2025-01-18T00:07:21.135+0000] {logging_mixin.py:190} INFO - [2025-01-18T00:07:21.134+0000] {dag.py:4180} INFO - Setting next_dagrun for example_nested_branch_dag to 2025-01-17 00:00:00+00:00, run_after=2025-01-18 00:00:00+00:00
[2025-01-18T00:07:21.164+0000] {processor.py:208} INFO - Processing /home/airflow/.local/lib/python3.12/site-packages/airflow/example_dags/example_nested_branch_dag.py took 0.137 seconds
[2025-01-18T00:07:51.361+0000] {processor.py:186} INFO - Started process (PID=18389) to work on /home/airflow/.local/lib/python3.12/site-packages/airflow/example_dags/example_nested_branch_dag.py
[2025-01-18T00:07:51.362+0000] {processor.py:914} INFO - Processing file /home/airflow/.local/lib/python3.12/site-packages/airflow/example_dags/example_nested_branch_dag.py for tasks to queue
[2025-01-18T00:07:51.365+0000] {logging_mixin.py:190} INFO - [2025-01-18T00:07:51.365+0000] {dagbag.py:588} INFO - Filling up the DagBag from /home/airflow/.local/lib/python3.12/site-packages/airflow/example_dags/example_nested_branch_dag.py
[2025-01-18T00:07:51.378+0000] {processor.py:925} INFO - DAG(s) 'example_nested_branch_dag' retrieved from /home/airflow/.local/lib/python3.12/site-packages/airflow/example_dags/example_nested_branch_dag.py
[2025-01-18T00:07:51.408+0000] {logging_mixin.py:190} INFO - [2025-01-18T00:07:51.408+0000] {dag.py:3239} INFO - Sync 1 DAGs
[2025-01-18T00:07:51.446+0000] {logging_mixin.py:190} INFO - [2025-01-18T00:07:51.446+0000] {dag.py:4180} INFO - Setting next_dagrun for example_nested_branch_dag to 2025-01-17 00:00:00+00:00, run_after=2025-01-18 00:00:00+00:00
[2025-01-18T00:07:51.473+0000] {processor.py:208} INFO - Processing /home/airflow/.local/lib/python3.12/site-packages/airflow/example_dags/example_nested_branch_dag.py took 0.118 seconds
[2025-01-18T00:08:21.704+0000] {processor.py:186} INFO - Started process (PID=18451) to work on /home/airflow/.local/lib/python3.12/site-packages/airflow/example_dags/example_nested_branch_dag.py
[2025-01-18T00:08:21.705+0000] {processor.py:914} INFO - Processing file /home/airflow/.local/lib/python3.12/site-packages/airflow/example_dags/example_nested_branch_dag.py for tasks to queue
[2025-01-18T00:08:21.709+0000] {logging_mixin.py:190} INFO - [2025-01-18T00:08:21.708+0000] {dagbag.py:588} INFO - Filling up the DagBag from /home/airflow/.local/lib/python3.12/site-packages/airflow/example_dags/example_nested_branch_dag.py
[2025-01-18T00:08:21.728+0000] {processor.py:925} INFO - DAG(s) 'example_nested_branch_dag' retrieved from /home/airflow/.local/lib/python3.12/site-packages/airflow/example_dags/example_nested_branch_dag.py
[2025-01-18T00:08:21.759+0000] {logging_mixin.py:190} INFO - [2025-01-18T00:08:21.758+0000] {dag.py:3239} INFO - Sync 1 DAGs
[2025-01-18T00:08:21.790+0000] {logging_mixin.py:190} INFO - [2025-01-18T00:08:21.790+0000] {dag.py:4180} INFO - Setting next_dagrun for example_nested_branch_dag to 2025-01-17 00:00:00+00:00, run_after=2025-01-18 00:00:00+00:00
[2025-01-18T00:08:21.812+0000] {processor.py:208} INFO - Processing /home/airflow/.local/lib/python3.12/site-packages/airflow/example_dags/example_nested_branch_dag.py took 0.120 seconds
[2025-01-18T00:08:51.933+0000] {processor.py:186} INFO - Started process (PID=18517) to work on /home/airflow/.local/lib/python3.12/site-packages/airflow/example_dags/example_nested_branch_dag.py
[2025-01-18T00:08:51.934+0000] {processor.py:914} INFO - Processing file /home/airflow/.local/lib/python3.12/site-packages/airflow/example_dags/example_nested_branch_dag.py for tasks to queue
[2025-01-18T00:08:51.936+0000] {logging_mixin.py:190} INFO - [2025-01-18T00:08:51.935+0000] {dagbag.py:588} INFO - Filling up the DagBag from /home/airflow/.local/lib/python3.12/site-packages/airflow/example_dags/example_nested_branch_dag.py
[2025-01-18T00:08:51.949+0000] {processor.py:925} INFO - DAG(s) 'example_nested_branch_dag' retrieved from /home/airflow/.local/lib/python3.12/site-packages/airflow/example_dags/example_nested_branch_dag.py
[2025-01-18T00:08:51.978+0000] {logging_mixin.py:190} INFO - [2025-01-18T00:08:51.978+0000] {dag.py:3239} INFO - Sync 1 DAGs
[2025-01-18T00:08:52.010+0000] {logging_mixin.py:190} INFO - [2025-01-18T00:08:52.009+0000] {dag.py:4180} INFO - Setting next_dagrun for example_nested_branch_dag to 2025-01-17 00:00:00+00:00, run_after=2025-01-18 00:00:00+00:00
[2025-01-18T00:08:52.036+0000] {processor.py:208} INFO - Processing /home/airflow/.local/lib/python3.12/site-packages/airflow/example_dags/example_nested_branch_dag.py took 0.110 seconds
[2025-01-18T00:09:22.194+0000] {processor.py:186} INFO - Started process (PID=18584) to work on /home/airflow/.local/lib/python3.12/site-packages/airflow/example_dags/example_nested_branch_dag.py
[2025-01-18T00:09:22.195+0000] {processor.py:914} INFO - Processing file /home/airflow/.local/lib/python3.12/site-packages/airflow/example_dags/example_nested_branch_dag.py for tasks to queue
[2025-01-18T00:09:22.197+0000] {logging_mixin.py:190} INFO - [2025-01-18T00:09:22.197+0000] {dagbag.py:588} INFO - Filling up the DagBag from /home/airflow/.local/lib/python3.12/site-packages/airflow/example_dags/example_nested_branch_dag.py
[2025-01-18T00:09:22.213+0000] {processor.py:925} INFO - DAG(s) 'example_nested_branch_dag' retrieved from /home/airflow/.local/lib/python3.12/site-packages/airflow/example_dags/example_nested_branch_dag.py
[2025-01-18T00:09:22.238+0000] {logging_mixin.py:190} INFO - [2025-01-18T00:09:22.238+0000] {dag.py:3239} INFO - Sync 1 DAGs
[2025-01-18T00:09:22.268+0000] {logging_mixin.py:190} INFO - [2025-01-18T00:09:22.268+0000] {dag.py:4180} INFO - Setting next_dagrun for example_nested_branch_dag to 2025-01-17 00:00:00+00:00, run_after=2025-01-18 00:00:00+00:00
[2025-01-18T00:09:22.289+0000] {processor.py:208} INFO - Processing /home/airflow/.local/lib/python3.12/site-packages/airflow/example_dags/example_nested_branch_dag.py took 0.103 seconds
[2025-01-18T00:09:52.682+0000] {processor.py:186} INFO - Started process (PID=18649) to work on /home/airflow/.local/lib/python3.12/site-packages/airflow/example_dags/example_nested_branch_dag.py
[2025-01-18T00:09:52.683+0000] {processor.py:914} INFO - Processing file /home/airflow/.local/lib/python3.12/site-packages/airflow/example_dags/example_nested_branch_dag.py for tasks to queue
[2025-01-18T00:09:52.686+0000] {logging_mixin.py:190} INFO - [2025-01-18T00:09:52.686+0000] {dagbag.py:588} INFO - Filling up the DagBag from /home/airflow/.local/lib/python3.12/site-packages/airflow/example_dags/example_nested_branch_dag.py
[2025-01-18T00:09:52.699+0000] {processor.py:925} INFO - DAG(s) 'example_nested_branch_dag' retrieved from /home/airflow/.local/lib/python3.12/site-packages/airflow/example_dags/example_nested_branch_dag.py
[2025-01-18T00:09:52.731+0000] {logging_mixin.py:190} INFO - [2025-01-18T00:09:52.730+0000] {dag.py:3239} INFO - Sync 1 DAGs
[2025-01-18T00:09:52.766+0000] {logging_mixin.py:190} INFO - [2025-01-18T00:09:52.766+0000] {dag.py:4180} INFO - Setting next_dagrun for example_nested_branch_dag to 2025-01-17 00:00:00+00:00, run_after=2025-01-18 00:00:00+00:00
[2025-01-18T00:09:52.793+0000] {processor.py:208} INFO - Processing /home/airflow/.local/lib/python3.12/site-packages/airflow/example_dags/example_nested_branch_dag.py took 0.117 seconds
[2025-01-18T00:10:23.541+0000] {processor.py:186} INFO - Started process (PID=18718) to work on /home/airflow/.local/lib/python3.12/site-packages/airflow/example_dags/example_nested_branch_dag.py
[2025-01-18T00:10:23.542+0000] {processor.py:914} INFO - Processing file /home/airflow/.local/lib/python3.12/site-packages/airflow/example_dags/example_nested_branch_dag.py for tasks to queue
[2025-01-18T00:10:23.545+0000] {logging_mixin.py:190} INFO - [2025-01-18T00:10:23.545+0000] {dagbag.py:588} INFO - Filling up the DagBag from /home/airflow/.local/lib/python3.12/site-packages/airflow/example_dags/example_nested_branch_dag.py
[2025-01-18T00:10:23.560+0000] {processor.py:925} INFO - DAG(s) 'example_nested_branch_dag' retrieved from /home/airflow/.local/lib/python3.12/site-packages/airflow/example_dags/example_nested_branch_dag.py
[2025-01-18T00:10:23.589+0000] {logging_mixin.py:190} INFO - [2025-01-18T00:10:23.588+0000] {dag.py:3239} INFO - Sync 1 DAGs
[2025-01-18T00:10:23.628+0000] {logging_mixin.py:190} INFO - [2025-01-18T00:10:23.627+0000] {dag.py:4180} INFO - Setting next_dagrun for example_nested_branch_dag to 2025-01-17 00:00:00+00:00, run_after=2025-01-18 00:00:00+00:00
[2025-01-18T00:10:23.658+0000] {processor.py:208} INFO - Processing /home/airflow/.local/lib/python3.12/site-packages/airflow/example_dags/example_nested_branch_dag.py took 0.127 seconds
[2025-01-18T00:10:55.584+0000] {processor.py:186} INFO - Started process (PID=18785) to work on /home/airflow/.local/lib/python3.12/site-packages/airflow/example_dags/example_nested_branch_dag.py
[2025-01-18T00:10:55.585+0000] {processor.py:914} INFO - Processing file /home/airflow/.local/lib/python3.12/site-packages/airflow/example_dags/example_nested_branch_dag.py for tasks to queue
[2025-01-18T00:10:55.588+0000] {logging_mixin.py:190} INFO - [2025-01-18T00:10:55.588+0000] {dagbag.py:588} INFO - Filling up the DagBag from /home/airflow/.local/lib/python3.12/site-packages/airflow/example_dags/example_nested_branch_dag.py
[2025-01-18T00:10:55.608+0000] {processor.py:925} INFO - DAG(s) 'example_nested_branch_dag' retrieved from /home/airflow/.local/lib/python3.12/site-packages/airflow/example_dags/example_nested_branch_dag.py
[2025-01-18T00:10:55.641+0000] {logging_mixin.py:190} INFO - [2025-01-18T00:10:55.640+0000] {dag.py:3239} INFO - Sync 1 DAGs
[2025-01-18T00:10:55.676+0000] {logging_mixin.py:190} INFO - [2025-01-18T00:10:55.676+0000] {dag.py:4180} INFO - Setting next_dagrun for example_nested_branch_dag to 2025-01-17 00:00:00+00:00, run_after=2025-01-18 00:00:00+00:00
[2025-01-18T00:10:55.701+0000] {processor.py:208} INFO - Processing /home/airflow/.local/lib/python3.12/site-packages/airflow/example_dags/example_nested_branch_dag.py took 0.126 seconds
[2025-01-18T00:11:26.111+0000] {processor.py:186} INFO - Started process (PID=18852) to work on /home/airflow/.local/lib/python3.12/site-packages/airflow/example_dags/example_nested_branch_dag.py
[2025-01-18T00:11:26.112+0000] {processor.py:914} INFO - Processing file /home/airflow/.local/lib/python3.12/site-packages/airflow/example_dags/example_nested_branch_dag.py for tasks to queue
[2025-01-18T00:11:26.115+0000] {logging_mixin.py:190} INFO - [2025-01-18T00:11:26.114+0000] {dagbag.py:588} INFO - Filling up the DagBag from /home/airflow/.local/lib/python3.12/site-packages/airflow/example_dags/example_nested_branch_dag.py
[2025-01-18T00:11:26.131+0000] {processor.py:925} INFO - DAG(s) 'example_nested_branch_dag' retrieved from /home/airflow/.local/lib/python3.12/site-packages/airflow/example_dags/example_nested_branch_dag.py
[2025-01-18T00:11:26.164+0000] {logging_mixin.py:190} INFO - [2025-01-18T00:11:26.164+0000] {dag.py:3239} INFO - Sync 1 DAGs
[2025-01-18T00:11:26.208+0000] {logging_mixin.py:190} INFO - [2025-01-18T00:11:26.207+0000] {dag.py:4180} INFO - Setting next_dagrun for example_nested_branch_dag to 2025-01-17 00:00:00+00:00, run_after=2025-01-18 00:00:00+00:00
[2025-01-18T00:11:26.236+0000] {processor.py:208} INFO - Processing /home/airflow/.local/lib/python3.12/site-packages/airflow/example_dags/example_nested_branch_dag.py took 0.134 seconds
[2025-01-18T00:11:56.394+0000] {processor.py:186} INFO - Started process (PID=18920) to work on /home/airflow/.local/lib/python3.12/site-packages/airflow/example_dags/example_nested_branch_dag.py
[2025-01-18T00:11:56.396+0000] {processor.py:914} INFO - Processing file /home/airflow/.local/lib/python3.12/site-packages/airflow/example_dags/example_nested_branch_dag.py for tasks to queue
[2025-01-18T00:11:56.399+0000] {logging_mixin.py:190} INFO - [2025-01-18T00:11:56.398+0000] {dagbag.py:588} INFO - Filling up the DagBag from /home/airflow/.local/lib/python3.12/site-packages/airflow/example_dags/example_nested_branch_dag.py
[2025-01-18T00:11:56.418+0000] {processor.py:925} INFO - DAG(s) 'example_nested_branch_dag' retrieved from /home/airflow/.local/lib/python3.12/site-packages/airflow/example_dags/example_nested_branch_dag.py
[2025-01-18T00:11:56.448+0000] {logging_mixin.py:190} INFO - [2025-01-18T00:11:56.448+0000] {dag.py:3239} INFO - Sync 1 DAGs
[2025-01-18T00:11:56.487+0000] {logging_mixin.py:190} INFO - [2025-01-18T00:11:56.487+0000] {dag.py:4180} INFO - Setting next_dagrun for example_nested_branch_dag to 2025-01-17 00:00:00+00:00, run_after=2025-01-18 00:00:00+00:00
[2025-01-18T00:11:56.510+0000] {processor.py:208} INFO - Processing /home/airflow/.local/lib/python3.12/site-packages/airflow/example_dags/example_nested_branch_dag.py took 0.125 seconds
[2025-01-18T00:12:26.851+0000] {processor.py:186} INFO - Started process (PID=18986) to work on /home/airflow/.local/lib/python3.12/site-packages/airflow/example_dags/example_nested_branch_dag.py
[2025-01-18T00:12:26.852+0000] {processor.py:914} INFO - Processing file /home/airflow/.local/lib/python3.12/site-packages/airflow/example_dags/example_nested_branch_dag.py for tasks to queue
[2025-01-18T00:12:26.854+0000] {logging_mixin.py:190} INFO - [2025-01-18T00:12:26.854+0000] {dagbag.py:588} INFO - Filling up the DagBag from /home/airflow/.local/lib/python3.12/site-packages/airflow/example_dags/example_nested_branch_dag.py
[2025-01-18T00:12:26.868+0000] {processor.py:925} INFO - DAG(s) 'example_nested_branch_dag' retrieved from /home/airflow/.local/lib/python3.12/site-packages/airflow/example_dags/example_nested_branch_dag.py
[2025-01-18T00:12:26.896+0000] {logging_mixin.py:190} INFO - [2025-01-18T00:12:26.896+0000] {dag.py:3239} INFO - Sync 1 DAGs
[2025-01-18T00:12:26.930+0000] {logging_mixin.py:190} INFO - [2025-01-18T00:12:26.930+0000] {dag.py:4180} INFO - Setting next_dagrun for example_nested_branch_dag to 2025-01-17 00:00:00+00:00, run_after=2025-01-18 00:00:00+00:00
[2025-01-18T00:12:26.954+0000] {processor.py:208} INFO - Processing /home/airflow/.local/lib/python3.12/site-packages/airflow/example_dags/example_nested_branch_dag.py took 0.111 seconds
[2025-01-18T00:12:57.480+0000] {processor.py:186} INFO - Started process (PID=19050) to work on /home/airflow/.local/lib/python3.12/site-packages/airflow/example_dags/example_nested_branch_dag.py
[2025-01-18T00:12:57.482+0000] {processor.py:914} INFO - Processing file /home/airflow/.local/lib/python3.12/site-packages/airflow/example_dags/example_nested_branch_dag.py for tasks to queue
[2025-01-18T00:12:57.485+0000] {logging_mixin.py:190} INFO - [2025-01-18T00:12:57.485+0000] {dagbag.py:588} INFO - Filling up the DagBag from /home/airflow/.local/lib/python3.12/site-packages/airflow/example_dags/example_nested_branch_dag.py
[2025-01-18T00:12:57.502+0000] {processor.py:925} INFO - DAG(s) 'example_nested_branch_dag' retrieved from /home/airflow/.local/lib/python3.12/site-packages/airflow/example_dags/example_nested_branch_dag.py
[2025-01-18T00:12:57.535+0000] {logging_mixin.py:190} INFO - [2025-01-18T00:12:57.534+0000] {dag.py:3239} INFO - Sync 1 DAGs
[2025-01-18T00:12:57.586+0000] {logging_mixin.py:190} INFO - [2025-01-18T00:12:57.586+0000] {dag.py:4180} INFO - Setting next_dagrun for example_nested_branch_dag to 2025-01-17 00:00:00+00:00, run_after=2025-01-18 00:00:00+00:00
[2025-01-18T00:12:57.612+0000] {processor.py:208} INFO - Processing /home/airflow/.local/lib/python3.12/site-packages/airflow/example_dags/example_nested_branch_dag.py took 0.139 seconds
[2025-01-18T00:13:27.766+0000] {processor.py:186} INFO - Started process (PID=19117) to work on /home/airflow/.local/lib/python3.12/site-packages/airflow/example_dags/example_nested_branch_dag.py
[2025-01-18T00:13:27.767+0000] {processor.py:914} INFO - Processing file /home/airflow/.local/lib/python3.12/site-packages/airflow/example_dags/example_nested_branch_dag.py for tasks to queue
[2025-01-18T00:13:27.770+0000] {logging_mixin.py:190} INFO - [2025-01-18T00:13:27.770+0000] {dagbag.py:588} INFO - Filling up the DagBag from /home/airflow/.local/lib/python3.12/site-packages/airflow/example_dags/example_nested_branch_dag.py
[2025-01-18T00:13:27.784+0000] {processor.py:925} INFO - DAG(s) 'example_nested_branch_dag' retrieved from /home/airflow/.local/lib/python3.12/site-packages/airflow/example_dags/example_nested_branch_dag.py
[2025-01-18T00:13:27.808+0000] {logging_mixin.py:190} INFO - [2025-01-18T00:13:27.808+0000] {dag.py:3239} INFO - Sync 1 DAGs
[2025-01-18T00:13:27.837+0000] {logging_mixin.py:190} INFO - [2025-01-18T00:13:27.837+0000] {dag.py:4180} INFO - Setting next_dagrun for example_nested_branch_dag to 2025-01-17 00:00:00+00:00, run_after=2025-01-18 00:00:00+00:00
[2025-01-18T00:13:27.861+0000] {processor.py:208} INFO - Processing /home/airflow/.local/lib/python3.12/site-packages/airflow/example_dags/example_nested_branch_dag.py took 0.101 seconds
[2025-01-18T00:13:58.223+0000] {processor.py:186} INFO - Started process (PID=19184) to work on /home/airflow/.local/lib/python3.12/site-packages/airflow/example_dags/example_nested_branch_dag.py
[2025-01-18T00:13:58.225+0000] {processor.py:914} INFO - Processing file /home/airflow/.local/lib/python3.12/site-packages/airflow/example_dags/example_nested_branch_dag.py for tasks to queue
[2025-01-18T00:13:58.228+0000] {logging_mixin.py:190} INFO - [2025-01-18T00:13:58.227+0000] {dagbag.py:588} INFO - Filling up the DagBag from /home/airflow/.local/lib/python3.12/site-packages/airflow/example_dags/example_nested_branch_dag.py
[2025-01-18T00:13:58.242+0000] {processor.py:925} INFO - DAG(s) 'example_nested_branch_dag' retrieved from /home/airflow/.local/lib/python3.12/site-packages/airflow/example_dags/example_nested_branch_dag.py
[2025-01-18T00:13:58.273+0000] {logging_mixin.py:190} INFO - [2025-01-18T00:13:58.272+0000] {dag.py:3239} INFO - Sync 1 DAGs
[2025-01-18T00:13:58.309+0000] {logging_mixin.py:190} INFO - [2025-01-18T00:13:58.309+0000] {dag.py:4180} INFO - Setting next_dagrun for example_nested_branch_dag to 2025-01-17 00:00:00+00:00, run_after=2025-01-18 00:00:00+00:00
[2025-01-18T00:13:58.337+0000] {processor.py:208} INFO - Processing /home/airflow/.local/lib/python3.12/site-packages/airflow/example_dags/example_nested_branch_dag.py took 0.122 seconds
[2025-01-18T00:14:29.172+0000] {processor.py:186} INFO - Started process (PID=19258) to work on /home/airflow/.local/lib/python3.12/site-packages/airflow/example_dags/example_nested_branch_dag.py
[2025-01-18T00:14:29.173+0000] {processor.py:914} INFO - Processing file /home/airflow/.local/lib/python3.12/site-packages/airflow/example_dags/example_nested_branch_dag.py for tasks to queue
[2025-01-18T00:14:29.175+0000] {logging_mixin.py:190} INFO - [2025-01-18T00:14:29.175+0000] {dagbag.py:588} INFO - Filling up the DagBag from /home/airflow/.local/lib/python3.12/site-packages/airflow/example_dags/example_nested_branch_dag.py
[2025-01-18T00:14:29.194+0000] {processor.py:925} INFO - DAG(s) 'example_nested_branch_dag' retrieved from /home/airflow/.local/lib/python3.12/site-packages/airflow/example_dags/example_nested_branch_dag.py
[2025-01-18T00:14:29.225+0000] {logging_mixin.py:190} INFO - [2025-01-18T00:14:29.225+0000] {dag.py:3239} INFO - Sync 1 DAGs
[2025-01-18T00:14:29.260+0000] {logging_mixin.py:190} INFO - [2025-01-18T00:14:29.260+0000] {dag.py:4180} INFO - Setting next_dagrun for example_nested_branch_dag to 2025-01-17 00:00:00+00:00, run_after=2025-01-18 00:00:00+00:00
[2025-01-18T00:14:29.291+0000] {processor.py:208} INFO - Processing /home/airflow/.local/lib/python3.12/site-packages/airflow/example_dags/example_nested_branch_dag.py took 0.127 seconds
[2025-01-18T00:14:59.491+0000] {processor.py:186} INFO - Started process (PID=19325) to work on /home/airflow/.local/lib/python3.12/site-packages/airflow/example_dags/example_nested_branch_dag.py
[2025-01-18T00:14:59.492+0000] {processor.py:914} INFO - Processing file /home/airflow/.local/lib/python3.12/site-packages/airflow/example_dags/example_nested_branch_dag.py for tasks to queue
[2025-01-18T00:14:59.494+0000] {logging_mixin.py:190} INFO - [2025-01-18T00:14:59.494+0000] {dagbag.py:588} INFO - Filling up the DagBag from /home/airflow/.local/lib/python3.12/site-packages/airflow/example_dags/example_nested_branch_dag.py
[2025-01-18T00:14:59.507+0000] {processor.py:925} INFO - DAG(s) 'example_nested_branch_dag' retrieved from /home/airflow/.local/lib/python3.12/site-packages/airflow/example_dags/example_nested_branch_dag.py
[2025-01-18T00:14:59.536+0000] {logging_mixin.py:190} INFO - [2025-01-18T00:14:59.535+0000] {dag.py:3239} INFO - Sync 1 DAGs
[2025-01-18T00:14:59.569+0000] {logging_mixin.py:190} INFO - [2025-01-18T00:14:59.569+0000] {dag.py:4180} INFO - Setting next_dagrun for example_nested_branch_dag to 2025-01-17 00:00:00+00:00, run_after=2025-01-18 00:00:00+00:00
[2025-01-18T00:14:59.600+0000] {processor.py:208} INFO - Processing /home/airflow/.local/lib/python3.12/site-packages/airflow/example_dags/example_nested_branch_dag.py took 0.115 seconds
[2025-01-18T00:15:30.607+0000] {processor.py:186} INFO - Started process (PID=19392) to work on /home/airflow/.local/lib/python3.12/site-packages/airflow/example_dags/example_nested_branch_dag.py
[2025-01-18T00:15:30.609+0000] {processor.py:914} INFO - Processing file /home/airflow/.local/lib/python3.12/site-packages/airflow/example_dags/example_nested_branch_dag.py for tasks to queue
[2025-01-18T00:15:30.611+0000] {logging_mixin.py:190} INFO - [2025-01-18T00:15:30.610+0000] {dagbag.py:588} INFO - Filling up the DagBag from /home/airflow/.local/lib/python3.12/site-packages/airflow/example_dags/example_nested_branch_dag.py
[2025-01-18T00:15:30.622+0000] {processor.py:925} INFO - DAG(s) 'example_nested_branch_dag' retrieved from /home/airflow/.local/lib/python3.12/site-packages/airflow/example_dags/example_nested_branch_dag.py
[2025-01-18T00:15:30.646+0000] {logging_mixin.py:190} INFO - [2025-01-18T00:15:30.645+0000] {dag.py:3239} INFO - Sync 1 DAGs
[2025-01-18T00:15:30.676+0000] {logging_mixin.py:190} INFO - [2025-01-18T00:15:30.675+0000] {dag.py:4180} INFO - Setting next_dagrun for example_nested_branch_dag to 2025-01-17 00:00:00+00:00, run_after=2025-01-18 00:00:00+00:00
[2025-01-18T00:15:30.699+0000] {processor.py:208} INFO - Processing /home/airflow/.local/lib/python3.12/site-packages/airflow/example_dags/example_nested_branch_dag.py took 0.098 seconds
[2025-01-18T00:16:00.928+0000] {processor.py:186} INFO - Started process (PID=19458) to work on /home/airflow/.local/lib/python3.12/site-packages/airflow/example_dags/example_nested_branch_dag.py
[2025-01-18T00:16:00.930+0000] {processor.py:914} INFO - Processing file /home/airflow/.local/lib/python3.12/site-packages/airflow/example_dags/example_nested_branch_dag.py for tasks to queue
[2025-01-18T00:16:00.932+0000] {logging_mixin.py:190} INFO - [2025-01-18T00:16:00.932+0000] {dagbag.py:588} INFO - Filling up the DagBag from /home/airflow/.local/lib/python3.12/site-packages/airflow/example_dags/example_nested_branch_dag.py
[2025-01-18T00:16:00.942+0000] {processor.py:925} INFO - DAG(s) 'example_nested_branch_dag' retrieved from /home/airflow/.local/lib/python3.12/site-packages/airflow/example_dags/example_nested_branch_dag.py
[2025-01-18T00:16:00.963+0000] {logging_mixin.py:190} INFO - [2025-01-18T00:16:00.963+0000] {dag.py:3239} INFO - Sync 1 DAGs
[2025-01-18T00:16:00.989+0000] {logging_mixin.py:190} INFO - [2025-01-18T00:16:00.989+0000] {dag.py:4180} INFO - Setting next_dagrun for example_nested_branch_dag to 2025-01-17 00:00:00+00:00, run_after=2025-01-18 00:00:00+00:00
[2025-01-18T00:16:01.011+0000] {processor.py:208} INFO - Processing /home/airflow/.local/lib/python3.12/site-packages/airflow/example_dags/example_nested_branch_dag.py took 0.088 seconds
[2025-01-18T00:16:32.021+0000] {processor.py:186} INFO - Started process (PID=19525) to work on /home/airflow/.local/lib/python3.12/site-packages/airflow/example_dags/example_nested_branch_dag.py
[2025-01-18T00:16:32.022+0000] {processor.py:914} INFO - Processing file /home/airflow/.local/lib/python3.12/site-packages/airflow/example_dags/example_nested_branch_dag.py for tasks to queue
[2025-01-18T00:16:32.024+0000] {logging_mixin.py:190} INFO - [2025-01-18T00:16:32.024+0000] {dagbag.py:588} INFO - Filling up the DagBag from /home/airflow/.local/lib/python3.12/site-packages/airflow/example_dags/example_nested_branch_dag.py
[2025-01-18T00:16:32.034+0000] {processor.py:925} INFO - DAG(s) 'example_nested_branch_dag' retrieved from /home/airflow/.local/lib/python3.12/site-packages/airflow/example_dags/example_nested_branch_dag.py
[2025-01-18T00:16:32.056+0000] {logging_mixin.py:190} INFO - [2025-01-18T00:16:32.055+0000] {dag.py:3239} INFO - Sync 1 DAGs
[2025-01-18T00:16:32.079+0000] {logging_mixin.py:190} INFO - [2025-01-18T00:16:32.079+0000] {dag.py:4180} INFO - Setting next_dagrun for example_nested_branch_dag to 2025-01-17 00:00:00+00:00, run_after=2025-01-18 00:00:00+00:00
[2025-01-18T00:16:32.098+0000] {processor.py:208} INFO - Processing /home/airflow/.local/lib/python3.12/site-packages/airflow/example_dags/example_nested_branch_dag.py took 0.083 seconds
[2025-01-18T00:17:03.077+0000] {processor.py:186} INFO - Started process (PID=19592) to work on /home/airflow/.local/lib/python3.12/site-packages/airflow/example_dags/example_nested_branch_dag.py
[2025-01-18T00:17:03.078+0000] {processor.py:914} INFO - Processing file /home/airflow/.local/lib/python3.12/site-packages/airflow/example_dags/example_nested_branch_dag.py for tasks to queue
[2025-01-18T00:17:03.080+0000] {logging_mixin.py:190} INFO - [2025-01-18T00:17:03.080+0000] {dagbag.py:588} INFO - Filling up the DagBag from /home/airflow/.local/lib/python3.12/site-packages/airflow/example_dags/example_nested_branch_dag.py
[2025-01-18T00:17:03.094+0000] {processor.py:925} INFO - DAG(s) 'example_nested_branch_dag' retrieved from /home/airflow/.local/lib/python3.12/site-packages/airflow/example_dags/example_nested_branch_dag.py
[2025-01-18T00:17:03.125+0000] {logging_mixin.py:190} INFO - [2025-01-18T00:17:03.125+0000] {dag.py:3239} INFO - Sync 1 DAGs
[2025-01-18T00:17:03.379+0000] {logging_mixin.py:190} INFO - [2025-01-18T00:17:03.379+0000] {dag.py:4180} INFO - Setting next_dagrun for example_nested_branch_dag to 2025-01-17 00:00:00+00:00, run_after=2025-01-18 00:00:00+00:00
[2025-01-18T00:17:03.419+0000] {processor.py:208} INFO - Processing /home/airflow/.local/lib/python3.12/site-packages/airflow/example_dags/example_nested_branch_dag.py took 0.349 seconds
[2025-01-18T00:17:33.772+0000] {processor.py:186} INFO - Started process (PID=19659) to work on /home/airflow/.local/lib/python3.12/site-packages/airflow/example_dags/example_nested_branch_dag.py
[2025-01-18T00:17:33.774+0000] {processor.py:914} INFO - Processing file /home/airflow/.local/lib/python3.12/site-packages/airflow/example_dags/example_nested_branch_dag.py for tasks to queue
[2025-01-18T00:17:33.777+0000] {logging_mixin.py:190} INFO - [2025-01-18T00:17:33.776+0000] {dagbag.py:588} INFO - Filling up the DagBag from /home/airflow/.local/lib/python3.12/site-packages/airflow/example_dags/example_nested_branch_dag.py
[2025-01-18T00:17:33.794+0000] {processor.py:925} INFO - DAG(s) 'example_nested_branch_dag' retrieved from /home/airflow/.local/lib/python3.12/site-packages/airflow/example_dags/example_nested_branch_dag.py
[2025-01-18T00:17:33.820+0000] {logging_mixin.py:190} INFO - [2025-01-18T00:17:33.820+0000] {dag.py:3239} INFO - Sync 1 DAGs
[2025-01-18T00:17:34.042+0000] {logging_mixin.py:190} INFO - [2025-01-18T00:17:34.042+0000] {dag.py:4180} INFO - Setting next_dagrun for example_nested_branch_dag to 2025-01-17 00:00:00+00:00, run_after=2025-01-18 00:00:00+00:00
[2025-01-18T00:17:34.070+0000] {processor.py:208} INFO - Processing /home/airflow/.local/lib/python3.12/site-packages/airflow/example_dags/example_nested_branch_dag.py took 0.304 seconds
[2025-01-18T00:18:04.326+0000] {processor.py:186} INFO - Started process (PID=19727) to work on /home/airflow/.local/lib/python3.12/site-packages/airflow/example_dags/example_nested_branch_dag.py
[2025-01-18T00:18:04.327+0000] {processor.py:914} INFO - Processing file /home/airflow/.local/lib/python3.12/site-packages/airflow/example_dags/example_nested_branch_dag.py for tasks to queue
[2025-01-18T00:18:04.330+0000] {logging_mixin.py:190} INFO - [2025-01-18T00:18:04.330+0000] {dagbag.py:588} INFO - Filling up the DagBag from /home/airflow/.local/lib/python3.12/site-packages/airflow/example_dags/example_nested_branch_dag.py
[2025-01-18T00:18:04.341+0000] {processor.py:925} INFO - DAG(s) 'example_nested_branch_dag' retrieved from /home/airflow/.local/lib/python3.12/site-packages/airflow/example_dags/example_nested_branch_dag.py
[2025-01-18T00:18:04.363+0000] {logging_mixin.py:190} INFO - [2025-01-18T00:18:04.362+0000] {dag.py:3239} INFO - Sync 1 DAGs
[2025-01-18T00:18:04.571+0000] {logging_mixin.py:190} INFO - [2025-01-18T00:18:04.570+0000] {dag.py:4180} INFO - Setting next_dagrun for example_nested_branch_dag to 2025-01-17 00:00:00+00:00, run_after=2025-01-18 00:00:00+00:00
[2025-01-18T00:18:04.598+0000] {processor.py:208} INFO - Processing /home/airflow/.local/lib/python3.12/site-packages/airflow/example_dags/example_nested_branch_dag.py took 0.277 seconds
[2025-01-18T00:18:35.000+0000] {processor.py:186} INFO - Started process (PID=19800) to work on /home/airflow/.local/lib/python3.12/site-packages/airflow/example_dags/example_nested_branch_dag.py
[2025-01-18T00:18:35.002+0000] {processor.py:914} INFO - Processing file /home/airflow/.local/lib/python3.12/site-packages/airflow/example_dags/example_nested_branch_dag.py for tasks to queue
[2025-01-18T00:18:35.004+0000] {logging_mixin.py:190} INFO - [2025-01-18T00:18:35.004+0000] {dagbag.py:588} INFO - Filling up the DagBag from /home/airflow/.local/lib/python3.12/site-packages/airflow/example_dags/example_nested_branch_dag.py
[2025-01-18T00:18:35.016+0000] {processor.py:925} INFO - DAG(s) 'example_nested_branch_dag' retrieved from /home/airflow/.local/lib/python3.12/site-packages/airflow/example_dags/example_nested_branch_dag.py
[2025-01-18T00:18:35.040+0000] {logging_mixin.py:190} INFO - [2025-01-18T00:18:35.040+0000] {dag.py:3239} INFO - Sync 1 DAGs
[2025-01-18T00:18:35.282+0000] {logging_mixin.py:190} INFO - [2025-01-18T00:18:35.282+0000] {dag.py:4180} INFO - Setting next_dagrun for example_nested_branch_dag to 2025-01-17 00:00:00+00:00, run_after=2025-01-18 00:00:00+00:00
[2025-01-18T00:18:35.303+0000] {processor.py:208} INFO - Processing /home/airflow/.local/lib/python3.12/site-packages/airflow/example_dags/example_nested_branch_dag.py took 0.309 seconds
[2025-01-18T00:19:05.633+0000] {processor.py:186} INFO - Started process (PID=19867) to work on /home/airflow/.local/lib/python3.12/site-packages/airflow/example_dags/example_nested_branch_dag.py
[2025-01-18T00:19:05.635+0000] {processor.py:914} INFO - Processing file /home/airflow/.local/lib/python3.12/site-packages/airflow/example_dags/example_nested_branch_dag.py for tasks to queue
[2025-01-18T00:19:05.639+0000] {logging_mixin.py:190} INFO - [2025-01-18T00:19:05.638+0000] {dagbag.py:588} INFO - Filling up the DagBag from /home/airflow/.local/lib/python3.12/site-packages/airflow/example_dags/example_nested_branch_dag.py
[2025-01-18T00:19:05.663+0000] {processor.py:925} INFO - DAG(s) 'example_nested_branch_dag' retrieved from /home/airflow/.local/lib/python3.12/site-packages/airflow/example_dags/example_nested_branch_dag.py
[2025-01-18T00:19:05.747+0000] {logging_mixin.py:190} INFO - [2025-01-18T00:19:05.746+0000] {dag.py:3239} INFO - Sync 1 DAGs
[2025-01-18T00:19:05.794+0000] {logging_mixin.py:190} INFO - [2025-01-18T00:19:05.794+0000] {dag.py:4180} INFO - Setting next_dagrun for example_nested_branch_dag to 2025-01-17 00:00:00+00:00, run_after=2025-01-18 00:00:00+00:00
[2025-01-18T00:19:05.826+0000] {processor.py:208} INFO - Processing /home/airflow/.local/lib/python3.12/site-packages/airflow/example_dags/example_nested_branch_dag.py took 0.208 seconds
[2025-01-18T00:19:36.238+0000] {processor.py:186} INFO - Started process (PID=19935) to work on /home/airflow/.local/lib/python3.12/site-packages/airflow/example_dags/example_nested_branch_dag.py
[2025-01-18T00:19:36.239+0000] {processor.py:914} INFO - Processing file /home/airflow/.local/lib/python3.12/site-packages/airflow/example_dags/example_nested_branch_dag.py for tasks to queue
[2025-01-18T00:19:36.241+0000] {logging_mixin.py:190} INFO - [2025-01-18T00:19:36.241+0000] {dagbag.py:588} INFO - Filling up the DagBag from /home/airflow/.local/lib/python3.12/site-packages/airflow/example_dags/example_nested_branch_dag.py
[2025-01-18T00:19:36.254+0000] {processor.py:925} INFO - DAG(s) 'example_nested_branch_dag' retrieved from /home/airflow/.local/lib/python3.12/site-packages/airflow/example_dags/example_nested_branch_dag.py
[2025-01-18T00:19:36.287+0000] {logging_mixin.py:190} INFO - [2025-01-18T00:19:36.287+0000] {dag.py:3239} INFO - Sync 1 DAGs
[2025-01-18T00:19:36.319+0000] {logging_mixin.py:190} INFO - [2025-01-18T00:19:36.318+0000] {dag.py:4180} INFO - Setting next_dagrun for example_nested_branch_dag to 2025-01-17 00:00:00+00:00, run_after=2025-01-18 00:00:00+00:00
[2025-01-18T00:19:36.348+0000] {processor.py:208} INFO - Processing /home/airflow/.local/lib/python3.12/site-packages/airflow/example_dags/example_nested_branch_dag.py took 0.116 seconds
[2025-01-18T00:20:07.184+0000] {processor.py:186} INFO - Started process (PID=20001) to work on /home/airflow/.local/lib/python3.12/site-packages/airflow/example_dags/example_nested_branch_dag.py
[2025-01-18T00:20:07.185+0000] {processor.py:914} INFO - Processing file /home/airflow/.local/lib/python3.12/site-packages/airflow/example_dags/example_nested_branch_dag.py for tasks to queue
[2025-01-18T00:20:07.188+0000] {logging_mixin.py:190} INFO - [2025-01-18T00:20:07.188+0000] {dagbag.py:588} INFO - Filling up the DagBag from /home/airflow/.local/lib/python3.12/site-packages/airflow/example_dags/example_nested_branch_dag.py
[2025-01-18T00:20:07.202+0000] {processor.py:925} INFO - DAG(s) 'example_nested_branch_dag' retrieved from /home/airflow/.local/lib/python3.12/site-packages/airflow/example_dags/example_nested_branch_dag.py
[2025-01-18T00:20:07.234+0000] {logging_mixin.py:190} INFO - [2025-01-18T00:20:07.233+0000] {dag.py:3239} INFO - Sync 1 DAGs
[2025-01-18T00:20:07.277+0000] {logging_mixin.py:190} INFO - [2025-01-18T00:20:07.277+0000] {dag.py:4180} INFO - Setting next_dagrun for example_nested_branch_dag to 2025-01-17 00:00:00+00:00, run_after=2025-01-18 00:00:00+00:00
[2025-01-18T00:20:07.303+0000] {processor.py:208} INFO - Processing /home/airflow/.local/lib/python3.12/site-packages/airflow/example_dags/example_nested_branch_dag.py took 0.126 seconds
[2025-01-18T00:20:37.557+0000] {processor.py:186} INFO - Started process (PID=20068) to work on /home/airflow/.local/lib/python3.12/site-packages/airflow/example_dags/example_nested_branch_dag.py
[2025-01-18T00:20:37.558+0000] {processor.py:914} INFO - Processing file /home/airflow/.local/lib/python3.12/site-packages/airflow/example_dags/example_nested_branch_dag.py for tasks to queue
[2025-01-18T00:20:37.561+0000] {logging_mixin.py:190} INFO - [2025-01-18T00:20:37.561+0000] {dagbag.py:588} INFO - Filling up the DagBag from /home/airflow/.local/lib/python3.12/site-packages/airflow/example_dags/example_nested_branch_dag.py
[2025-01-18T00:20:37.575+0000] {processor.py:925} INFO - DAG(s) 'example_nested_branch_dag' retrieved from /home/airflow/.local/lib/python3.12/site-packages/airflow/example_dags/example_nested_branch_dag.py
[2025-01-18T00:20:37.603+0000] {logging_mixin.py:190} INFO - [2025-01-18T00:20:37.602+0000] {dag.py:3239} INFO - Sync 1 DAGs
[2025-01-18T00:20:37.632+0000] {logging_mixin.py:190} INFO - [2025-01-18T00:20:37.631+0000] {dag.py:4180} INFO - Setting next_dagrun for example_nested_branch_dag to 2025-01-17 00:00:00+00:00, run_after=2025-01-18 00:00:00+00:00
[2025-01-18T00:20:37.654+0000] {processor.py:208} INFO - Processing /home/airflow/.local/lib/python3.12/site-packages/airflow/example_dags/example_nested_branch_dag.py took 0.104 seconds
[2025-01-18T00:21:08.045+0000] {processor.py:186} INFO - Started process (PID=20135) to work on /home/airflow/.local/lib/python3.12/site-packages/airflow/example_dags/example_nested_branch_dag.py
[2025-01-18T00:21:08.046+0000] {processor.py:914} INFO - Processing file /home/airflow/.local/lib/python3.12/site-packages/airflow/example_dags/example_nested_branch_dag.py for tasks to queue
[2025-01-18T00:21:08.048+0000] {logging_mixin.py:190} INFO - [2025-01-18T00:21:08.048+0000] {dagbag.py:588} INFO - Filling up the DagBag from /home/airflow/.local/lib/python3.12/site-packages/airflow/example_dags/example_nested_branch_dag.py
[2025-01-18T00:21:08.061+0000] {processor.py:925} INFO - DAG(s) 'example_nested_branch_dag' retrieved from /home/airflow/.local/lib/python3.12/site-packages/airflow/example_dags/example_nested_branch_dag.py
[2025-01-18T00:21:08.089+0000] {logging_mixin.py:190} INFO - [2025-01-18T00:21:08.089+0000] {dag.py:3239} INFO - Sync 1 DAGs
[2025-01-18T00:21:08.120+0000] {logging_mixin.py:190} INFO - [2025-01-18T00:21:08.119+0000] {dag.py:4180} INFO - Setting next_dagrun for example_nested_branch_dag to 2025-01-17 00:00:00+00:00, run_after=2025-01-18 00:00:00+00:00
[2025-01-18T00:21:08.142+0000] {processor.py:208} INFO - Processing /home/airflow/.local/lib/python3.12/site-packages/airflow/example_dags/example_nested_branch_dag.py took 0.104 seconds
[2025-01-18T00:21:38.494+0000] {processor.py:186} INFO - Started process (PID=20202) to work on /home/airflow/.local/lib/python3.12/site-packages/airflow/example_dags/example_nested_branch_dag.py
[2025-01-18T00:21:38.495+0000] {processor.py:914} INFO - Processing file /home/airflow/.local/lib/python3.12/site-packages/airflow/example_dags/example_nested_branch_dag.py for tasks to queue
[2025-01-18T00:21:38.497+0000] {logging_mixin.py:190} INFO - [2025-01-18T00:21:38.497+0000] {dagbag.py:588} INFO - Filling up the DagBag from /home/airflow/.local/lib/python3.12/site-packages/airflow/example_dags/example_nested_branch_dag.py
[2025-01-18T00:21:38.508+0000] {processor.py:925} INFO - DAG(s) 'example_nested_branch_dag' retrieved from /home/airflow/.local/lib/python3.12/site-packages/airflow/example_dags/example_nested_branch_dag.py
[2025-01-18T00:21:38.531+0000] {logging_mixin.py:190} INFO - [2025-01-18T00:21:38.531+0000] {dag.py:3239} INFO - Sync 1 DAGs
[2025-01-18T00:21:38.556+0000] {logging_mixin.py:190} INFO - [2025-01-18T00:21:38.556+0000] {dag.py:4180} INFO - Setting next_dagrun for example_nested_branch_dag to 2025-01-17 00:00:00+00:00, run_after=2025-01-18 00:00:00+00:00
[2025-01-18T00:21:38.578+0000] {processor.py:208} INFO - Processing /home/airflow/.local/lib/python3.12/site-packages/airflow/example_dags/example_nested_branch_dag.py took 0.089 seconds
[2025-01-18T00:22:08.910+0000] {processor.py:186} INFO - Started process (PID=20269) to work on /home/airflow/.local/lib/python3.12/site-packages/airflow/example_dags/example_nested_branch_dag.py
[2025-01-18T00:22:08.911+0000] {processor.py:914} INFO - Processing file /home/airflow/.local/lib/python3.12/site-packages/airflow/example_dags/example_nested_branch_dag.py for tasks to queue
[2025-01-18T00:22:08.913+0000] {logging_mixin.py:190} INFO - [2025-01-18T00:22:08.913+0000] {dagbag.py:588} INFO - Filling up the DagBag from /home/airflow/.local/lib/python3.12/site-packages/airflow/example_dags/example_nested_branch_dag.py
[2025-01-18T00:22:08.924+0000] {processor.py:925} INFO - DAG(s) 'example_nested_branch_dag' retrieved from /home/airflow/.local/lib/python3.12/site-packages/airflow/example_dags/example_nested_branch_dag.py
[2025-01-18T00:22:08.948+0000] {logging_mixin.py:190} INFO - [2025-01-18T00:22:08.948+0000] {dag.py:3239} INFO - Sync 1 DAGs
[2025-01-18T00:22:08.975+0000] {logging_mixin.py:190} INFO - [2025-01-18T00:22:08.975+0000] {dag.py:4180} INFO - Setting next_dagrun for example_nested_branch_dag to 2025-01-17 00:00:00+00:00, run_after=2025-01-18 00:00:00+00:00
[2025-01-18T00:22:08.998+0000] {processor.py:208} INFO - Processing /home/airflow/.local/lib/python3.12/site-packages/airflow/example_dags/example_nested_branch_dag.py took 0.094 seconds
[2025-01-18T00:22:39.511+0000] {processor.py:186} INFO - Started process (PID=20342) to work on /home/airflow/.local/lib/python3.12/site-packages/airflow/example_dags/example_nested_branch_dag.py
[2025-01-18T00:22:39.512+0000] {processor.py:914} INFO - Processing file /home/airflow/.local/lib/python3.12/site-packages/airflow/example_dags/example_nested_branch_dag.py for tasks to queue
[2025-01-18T00:22:39.514+0000] {logging_mixin.py:190} INFO - [2025-01-18T00:22:39.514+0000] {dagbag.py:588} INFO - Filling up the DagBag from /home/airflow/.local/lib/python3.12/site-packages/airflow/example_dags/example_nested_branch_dag.py
[2025-01-18T00:22:39.525+0000] {processor.py:925} INFO - DAG(s) 'example_nested_branch_dag' retrieved from /home/airflow/.local/lib/python3.12/site-packages/airflow/example_dags/example_nested_branch_dag.py
[2025-01-18T00:22:39.548+0000] {logging_mixin.py:190} INFO - [2025-01-18T00:22:39.547+0000] {dag.py:3239} INFO - Sync 1 DAGs
[2025-01-18T00:22:39.577+0000] {logging_mixin.py:190} INFO - [2025-01-18T00:22:39.576+0000] {dag.py:4180} INFO - Setting next_dagrun for example_nested_branch_dag to 2025-01-17 00:00:00+00:00, run_after=2025-01-18 00:00:00+00:00
[2025-01-18T00:22:39.600+0000] {processor.py:208} INFO - Processing /home/airflow/.local/lib/python3.12/site-packages/airflow/example_dags/example_nested_branch_dag.py took 0.096 seconds
[2025-01-18T00:23:09.842+0000] {processor.py:186} INFO - Started process (PID=20409) to work on /home/airflow/.local/lib/python3.12/site-packages/airflow/example_dags/example_nested_branch_dag.py
[2025-01-18T00:23:09.843+0000] {processor.py:914} INFO - Processing file /home/airflow/.local/lib/python3.12/site-packages/airflow/example_dags/example_nested_branch_dag.py for tasks to queue
[2025-01-18T00:23:09.845+0000] {logging_mixin.py:190} INFO - [2025-01-18T00:23:09.845+0000] {dagbag.py:588} INFO - Filling up the DagBag from /home/airflow/.local/lib/python3.12/site-packages/airflow/example_dags/example_nested_branch_dag.py
[2025-01-18T00:23:09.857+0000] {processor.py:925} INFO - DAG(s) 'example_nested_branch_dag' retrieved from /home/airflow/.local/lib/python3.12/site-packages/airflow/example_dags/example_nested_branch_dag.py
[2025-01-18T00:23:09.882+0000] {logging_mixin.py:190} INFO - [2025-01-18T00:23:09.881+0000] {dag.py:3239} INFO - Sync 1 DAGs
[2025-01-18T00:23:09.914+0000] {logging_mixin.py:190} INFO - [2025-01-18T00:23:09.914+0000] {dag.py:4180} INFO - Setting next_dagrun for example_nested_branch_dag to 2025-01-17 00:00:00+00:00, run_after=2025-01-18 00:00:00+00:00
[2025-01-18T00:23:09.938+0000] {processor.py:208} INFO - Processing /home/airflow/.local/lib/python3.12/site-packages/airflow/example_dags/example_nested_branch_dag.py took 0.102 seconds
[2025-01-18T00:23:40.460+0000] {processor.py:186} INFO - Started process (PID=20476) to work on /home/airflow/.local/lib/python3.12/site-packages/airflow/example_dags/example_nested_branch_dag.py
[2025-01-18T00:23:40.461+0000] {processor.py:914} INFO - Processing file /home/airflow/.local/lib/python3.12/site-packages/airflow/example_dags/example_nested_branch_dag.py for tasks to queue
[2025-01-18T00:23:40.465+0000] {logging_mixin.py:190} INFO - [2025-01-18T00:23:40.464+0000] {dagbag.py:588} INFO - Filling up the DagBag from /home/airflow/.local/lib/python3.12/site-packages/airflow/example_dags/example_nested_branch_dag.py
[2025-01-18T00:23:40.478+0000] {processor.py:925} INFO - DAG(s) 'example_nested_branch_dag' retrieved from /home/airflow/.local/lib/python3.12/site-packages/airflow/example_dags/example_nested_branch_dag.py
[2025-01-18T00:23:40.502+0000] {logging_mixin.py:190} INFO - [2025-01-18T00:23:40.502+0000] {dag.py:3239} INFO - Sync 1 DAGs
[2025-01-18T00:23:40.534+0000] {logging_mixin.py:190} INFO - [2025-01-18T00:23:40.534+0000] {dag.py:4180} INFO - Setting next_dagrun for example_nested_branch_dag to 2025-01-17 00:00:00+00:00, run_after=2025-01-18 00:00:00+00:00
[2025-01-18T00:23:40.557+0000] {processor.py:208} INFO - Processing /home/airflow/.local/lib/python3.12/site-packages/airflow/example_dags/example_nested_branch_dag.py took 0.104 seconds
[2025-01-18T00:24:11.188+0000] {processor.py:186} INFO - Started process (PID=20543) to work on /home/airflow/.local/lib/python3.12/site-packages/airflow/example_dags/example_nested_branch_dag.py
[2025-01-18T00:24:11.189+0000] {processor.py:914} INFO - Processing file /home/airflow/.local/lib/python3.12/site-packages/airflow/example_dags/example_nested_branch_dag.py for tasks to queue
[2025-01-18T00:24:11.192+0000] {logging_mixin.py:190} INFO - [2025-01-18T00:24:11.191+0000] {dagbag.py:588} INFO - Filling up the DagBag from /home/airflow/.local/lib/python3.12/site-packages/airflow/example_dags/example_nested_branch_dag.py
[2025-01-18T00:24:11.204+0000] {processor.py:925} INFO - DAG(s) 'example_nested_branch_dag' retrieved from /home/airflow/.local/lib/python3.12/site-packages/airflow/example_dags/example_nested_branch_dag.py
[2025-01-18T00:24:11.229+0000] {logging_mixin.py:190} INFO - [2025-01-18T00:24:11.228+0000] {dag.py:3239} INFO - Sync 1 DAGs
[2025-01-18T00:24:11.257+0000] {logging_mixin.py:190} INFO - [2025-01-18T00:24:11.256+0000] {dag.py:4180} INFO - Setting next_dagrun for example_nested_branch_dag to 2025-01-17 00:00:00+00:00, run_after=2025-01-18 00:00:00+00:00
[2025-01-18T00:24:11.283+0000] {processor.py:208} INFO - Processing /home/airflow/.local/lib/python3.12/site-packages/airflow/example_dags/example_nested_branch_dag.py took 0.100 seconds
[2025-01-18T00:24:41.523+0000] {processor.py:186} INFO - Started process (PID=20610) to work on /home/airflow/.local/lib/python3.12/site-packages/airflow/example_dags/example_nested_branch_dag.py
[2025-01-18T00:24:41.524+0000] {processor.py:914} INFO - Processing file /home/airflow/.local/lib/python3.12/site-packages/airflow/example_dags/example_nested_branch_dag.py for tasks to queue
[2025-01-18T00:24:41.528+0000] {logging_mixin.py:190} INFO - [2025-01-18T00:24:41.528+0000] {dagbag.py:588} INFO - Filling up the DagBag from /home/airflow/.local/lib/python3.12/site-packages/airflow/example_dags/example_nested_branch_dag.py
[2025-01-18T00:24:41.542+0000] {processor.py:925} INFO - DAG(s) 'example_nested_branch_dag' retrieved from /home/airflow/.local/lib/python3.12/site-packages/airflow/example_dags/example_nested_branch_dag.py
[2025-01-18T00:24:41.577+0000] {logging_mixin.py:190} INFO - [2025-01-18T00:24:41.576+0000] {dag.py:3239} INFO - Sync 1 DAGs
[2025-01-18T00:24:41.616+0000] {logging_mixin.py:190} INFO - [2025-01-18T00:24:41.615+0000] {dag.py:4180} INFO - Setting next_dagrun for example_nested_branch_dag to 2025-01-17 00:00:00+00:00, run_after=2025-01-18 00:00:00+00:00
[2025-01-18T00:24:41.645+0000] {processor.py:208} INFO - Processing /home/airflow/.local/lib/python3.12/site-packages/airflow/example_dags/example_nested_branch_dag.py took 0.129 seconds
[2025-01-18T00:25:12.337+0000] {processor.py:186} INFO - Started process (PID=20677) to work on /home/airflow/.local/lib/python3.12/site-packages/airflow/example_dags/example_nested_branch_dag.py
[2025-01-18T00:25:12.339+0000] {processor.py:914} INFO - Processing file /home/airflow/.local/lib/python3.12/site-packages/airflow/example_dags/example_nested_branch_dag.py for tasks to queue
[2025-01-18T00:25:12.343+0000] {logging_mixin.py:190} INFO - [2025-01-18T00:25:12.342+0000] {dagbag.py:588} INFO - Filling up the DagBag from /home/airflow/.local/lib/python3.12/site-packages/airflow/example_dags/example_nested_branch_dag.py
[2025-01-18T00:25:12.356+0000] {processor.py:925} INFO - DAG(s) 'example_nested_branch_dag' retrieved from /home/airflow/.local/lib/python3.12/site-packages/airflow/example_dags/example_nested_branch_dag.py
[2025-01-18T00:25:12.385+0000] {logging_mixin.py:190} INFO - [2025-01-18T00:25:12.385+0000] {dag.py:3239} INFO - Sync 1 DAGs
[2025-01-18T00:25:12.414+0000] {logging_mixin.py:190} INFO - [2025-01-18T00:25:12.414+0000] {dag.py:4180} INFO - Setting next_dagrun for example_nested_branch_dag to 2025-01-17 00:00:00+00:00, run_after=2025-01-18 00:00:00+00:00
[2025-01-18T00:25:12.437+0000] {processor.py:208} INFO - Processing /home/airflow/.local/lib/python3.12/site-packages/airflow/example_dags/example_nested_branch_dag.py took 0.107 seconds
[2025-01-18T00:25:43.177+0000] {processor.py:186} INFO - Started process (PID=20744) to work on /home/airflow/.local/lib/python3.12/site-packages/airflow/example_dags/example_nested_branch_dag.py
[2025-01-18T00:25:43.178+0000] {processor.py:914} INFO - Processing file /home/airflow/.local/lib/python3.12/site-packages/airflow/example_dags/example_nested_branch_dag.py for tasks to queue
[2025-01-18T00:25:43.180+0000] {logging_mixin.py:190} INFO - [2025-01-18T00:25:43.180+0000] {dagbag.py:588} INFO - Filling up the DagBag from /home/airflow/.local/lib/python3.12/site-packages/airflow/example_dags/example_nested_branch_dag.py
[2025-01-18T00:25:43.194+0000] {processor.py:925} INFO - DAG(s) 'example_nested_branch_dag' retrieved from /home/airflow/.local/lib/python3.12/site-packages/airflow/example_dags/example_nested_branch_dag.py
[2025-01-18T00:25:43.221+0000] {logging_mixin.py:190} INFO - [2025-01-18T00:25:43.221+0000] {dag.py:3239} INFO - Sync 1 DAGs
[2025-01-18T00:25:43.257+0000] {logging_mixin.py:190} INFO - [2025-01-18T00:25:43.256+0000] {dag.py:4180} INFO - Setting next_dagrun for example_nested_branch_dag to 2025-01-17 00:00:00+00:00, run_after=2025-01-18 00:00:00+00:00
[2025-01-18T00:25:43.282+0000] {processor.py:208} INFO - Processing /home/airflow/.local/lib/python3.12/site-packages/airflow/example_dags/example_nested_branch_dag.py took 0.111 seconds
[2025-01-18T00:26:13.815+0000] {processor.py:186} INFO - Started process (PID=20811) to work on /home/airflow/.local/lib/python3.12/site-packages/airflow/example_dags/example_nested_branch_dag.py
[2025-01-18T00:26:13.817+0000] {processor.py:914} INFO - Processing file /home/airflow/.local/lib/python3.12/site-packages/airflow/example_dags/example_nested_branch_dag.py for tasks to queue
[2025-01-18T00:26:13.820+0000] {logging_mixin.py:190} INFO - [2025-01-18T00:26:13.819+0000] {dagbag.py:588} INFO - Filling up the DagBag from /home/airflow/.local/lib/python3.12/site-packages/airflow/example_dags/example_nested_branch_dag.py
[2025-01-18T00:26:13.833+0000] {processor.py:925} INFO - DAG(s) 'example_nested_branch_dag' retrieved from /home/airflow/.local/lib/python3.12/site-packages/airflow/example_dags/example_nested_branch_dag.py
[2025-01-18T00:26:13.861+0000] {logging_mixin.py:190} INFO - [2025-01-18T00:26:13.860+0000] {dag.py:3239} INFO - Sync 1 DAGs
[2025-01-18T00:26:13.893+0000] {logging_mixin.py:190} INFO - [2025-01-18T00:26:13.893+0000] {dag.py:4180} INFO - Setting next_dagrun for example_nested_branch_dag to 2025-01-17 00:00:00+00:00, run_after=2025-01-18 00:00:00+00:00
[2025-01-18T00:26:13.919+0000] {processor.py:208} INFO - Processing /home/airflow/.local/lib/python3.12/site-packages/airflow/example_dags/example_nested_branch_dag.py took 0.110 seconds
[2025-01-18T00:26:44.600+0000] {processor.py:186} INFO - Started process (PID=20878) to work on /home/airflow/.local/lib/python3.12/site-packages/airflow/example_dags/example_nested_branch_dag.py
[2025-01-18T00:26:44.602+0000] {processor.py:914} INFO - Processing file /home/airflow/.local/lib/python3.12/site-packages/airflow/example_dags/example_nested_branch_dag.py for tasks to queue
[2025-01-18T00:26:44.605+0000] {logging_mixin.py:190} INFO - [2025-01-18T00:26:44.605+0000] {dagbag.py:588} INFO - Filling up the DagBag from /home/airflow/.local/lib/python3.12/site-packages/airflow/example_dags/example_nested_branch_dag.py
[2025-01-18T00:26:44.625+0000] {processor.py:925} INFO - DAG(s) 'example_nested_branch_dag' retrieved from /home/airflow/.local/lib/python3.12/site-packages/airflow/example_dags/example_nested_branch_dag.py
[2025-01-18T00:26:44.657+0000] {logging_mixin.py:190} INFO - [2025-01-18T00:26:44.657+0000] {dag.py:3239} INFO - Sync 1 DAGs
[2025-01-18T00:26:44.695+0000] {logging_mixin.py:190} INFO - [2025-01-18T00:26:44.695+0000] {dag.py:4180} INFO - Setting next_dagrun for example_nested_branch_dag to 2025-01-17 00:00:00+00:00, run_after=2025-01-18 00:00:00+00:00
[2025-01-18T00:26:44.721+0000] {processor.py:208} INFO - Processing /home/airflow/.local/lib/python3.12/site-packages/airflow/example_dags/example_nested_branch_dag.py took 0.128 seconds
[2025-01-18T00:27:15.457+0000] {processor.py:186} INFO - Started process (PID=20951) to work on /home/airflow/.local/lib/python3.12/site-packages/airflow/example_dags/example_nested_branch_dag.py
[2025-01-18T00:27:15.458+0000] {processor.py:914} INFO - Processing file /home/airflow/.local/lib/python3.12/site-packages/airflow/example_dags/example_nested_branch_dag.py for tasks to queue
[2025-01-18T00:27:15.460+0000] {logging_mixin.py:190} INFO - [2025-01-18T00:27:15.460+0000] {dagbag.py:588} INFO - Filling up the DagBag from /home/airflow/.local/lib/python3.12/site-packages/airflow/example_dags/example_nested_branch_dag.py
[2025-01-18T00:27:15.478+0000] {processor.py:925} INFO - DAG(s) 'example_nested_branch_dag' retrieved from /home/airflow/.local/lib/python3.12/site-packages/airflow/example_dags/example_nested_branch_dag.py
[2025-01-18T00:27:15.511+0000] {logging_mixin.py:190} INFO - [2025-01-18T00:27:15.511+0000] {dag.py:3239} INFO - Sync 1 DAGs
[2025-01-18T00:27:15.548+0000] {logging_mixin.py:190} INFO - [2025-01-18T00:27:15.547+0000] {dag.py:4180} INFO - Setting next_dagrun for example_nested_branch_dag to 2025-01-17 00:00:00+00:00, run_after=2025-01-18 00:00:00+00:00
[2025-01-18T00:27:15.579+0000] {processor.py:208} INFO - Processing /home/airflow/.local/lib/python3.12/site-packages/airflow/example_dags/example_nested_branch_dag.py took 0.130 seconds
[2025-01-18T00:27:45.858+0000] {processor.py:186} INFO - Started process (PID=21018) to work on /home/airflow/.local/lib/python3.12/site-packages/airflow/example_dags/example_nested_branch_dag.py
[2025-01-18T00:27:45.859+0000] {processor.py:914} INFO - Processing file /home/airflow/.local/lib/python3.12/site-packages/airflow/example_dags/example_nested_branch_dag.py for tasks to queue
[2025-01-18T00:27:45.861+0000] {logging_mixin.py:190} INFO - [2025-01-18T00:27:45.861+0000] {dagbag.py:588} INFO - Filling up the DagBag from /home/airflow/.local/lib/python3.12/site-packages/airflow/example_dags/example_nested_branch_dag.py
[2025-01-18T00:27:45.874+0000] {processor.py:925} INFO - DAG(s) 'example_nested_branch_dag' retrieved from /home/airflow/.local/lib/python3.12/site-packages/airflow/example_dags/example_nested_branch_dag.py
[2025-01-18T00:27:45.903+0000] {logging_mixin.py:190} INFO - [2025-01-18T00:27:45.903+0000] {dag.py:3239} INFO - Sync 1 DAGs
[2025-01-18T00:27:45.934+0000] {logging_mixin.py:190} INFO - [2025-01-18T00:27:45.934+0000] {dag.py:4180} INFO - Setting next_dagrun for example_nested_branch_dag to 2025-01-17 00:00:00+00:00, run_after=2025-01-18 00:00:00+00:00
[2025-01-18T00:27:45.958+0000] {processor.py:208} INFO - Processing /home/airflow/.local/lib/python3.12/site-packages/airflow/example_dags/example_nested_branch_dag.py took 0.106 seconds
[2025-01-18T00:28:16.689+0000] {processor.py:186} INFO - Started process (PID=21084) to work on /home/airflow/.local/lib/python3.12/site-packages/airflow/example_dags/example_nested_branch_dag.py
[2025-01-18T00:28:16.690+0000] {processor.py:914} INFO - Processing file /home/airflow/.local/lib/python3.12/site-packages/airflow/example_dags/example_nested_branch_dag.py for tasks to queue
[2025-01-18T00:28:16.692+0000] {logging_mixin.py:190} INFO - [2025-01-18T00:28:16.692+0000] {dagbag.py:588} INFO - Filling up the DagBag from /home/airflow/.local/lib/python3.12/site-packages/airflow/example_dags/example_nested_branch_dag.py
[2025-01-18T00:28:16.705+0000] {processor.py:925} INFO - DAG(s) 'example_nested_branch_dag' retrieved from /home/airflow/.local/lib/python3.12/site-packages/airflow/example_dags/example_nested_branch_dag.py
[2025-01-18T00:28:16.728+0000] {logging_mixin.py:190} INFO - [2025-01-18T00:28:16.727+0000] {dag.py:3239} INFO - Sync 1 DAGs
[2025-01-18T00:28:16.754+0000] {logging_mixin.py:190} INFO - [2025-01-18T00:28:16.753+0000] {dag.py:4180} INFO - Setting next_dagrun for example_nested_branch_dag to 2025-01-17 00:00:00+00:00, run_after=2025-01-18 00:00:00+00:00
[2025-01-18T00:28:16.775+0000] {processor.py:208} INFO - Processing /home/airflow/.local/lib/python3.12/site-packages/airflow/example_dags/example_nested_branch_dag.py took 0.091 seconds
[2025-01-18T00:28:47.155+0000] {processor.py:186} INFO - Started process (PID=21151) to work on /home/airflow/.local/lib/python3.12/site-packages/airflow/example_dags/example_nested_branch_dag.py
[2025-01-18T00:28:47.156+0000] {processor.py:914} INFO - Processing file /home/airflow/.local/lib/python3.12/site-packages/airflow/example_dags/example_nested_branch_dag.py for tasks to queue
[2025-01-18T00:28:47.158+0000] {logging_mixin.py:190} INFO - [2025-01-18T00:28:47.158+0000] {dagbag.py:588} INFO - Filling up the DagBag from /home/airflow/.local/lib/python3.12/site-packages/airflow/example_dags/example_nested_branch_dag.py
[2025-01-18T00:28:47.170+0000] {processor.py:925} INFO - DAG(s) 'example_nested_branch_dag' retrieved from /home/airflow/.local/lib/python3.12/site-packages/airflow/example_dags/example_nested_branch_dag.py
[2025-01-18T00:28:47.196+0000] {logging_mixin.py:190} INFO - [2025-01-18T00:28:47.196+0000] {dag.py:3239} INFO - Sync 1 DAGs
[2025-01-18T00:28:47.225+0000] {logging_mixin.py:190} INFO - [2025-01-18T00:28:47.225+0000] {dag.py:4180} INFO - Setting next_dagrun for example_nested_branch_dag to 2025-01-17 00:00:00+00:00, run_after=2025-01-18 00:00:00+00:00
[2025-01-18T00:28:47.248+0000] {processor.py:208} INFO - Processing /home/airflow/.local/lib/python3.12/site-packages/airflow/example_dags/example_nested_branch_dag.py took 0.101 seconds
[2025-01-18T00:29:17.640+0000] {processor.py:186} INFO - Started process (PID=21218) to work on /home/airflow/.local/lib/python3.12/site-packages/airflow/example_dags/example_nested_branch_dag.py
[2025-01-18T00:29:17.641+0000] {processor.py:914} INFO - Processing file /home/airflow/.local/lib/python3.12/site-packages/airflow/example_dags/example_nested_branch_dag.py for tasks to queue
[2025-01-18T00:29:17.644+0000] {logging_mixin.py:190} INFO - [2025-01-18T00:29:17.643+0000] {dagbag.py:588} INFO - Filling up the DagBag from /home/airflow/.local/lib/python3.12/site-packages/airflow/example_dags/example_nested_branch_dag.py
[2025-01-18T00:29:17.658+0000] {processor.py:925} INFO - DAG(s) 'example_nested_branch_dag' retrieved from /home/airflow/.local/lib/python3.12/site-packages/airflow/example_dags/example_nested_branch_dag.py
[2025-01-18T00:29:17.686+0000] {logging_mixin.py:190} INFO - [2025-01-18T00:29:17.686+0000] {dag.py:3239} INFO - Sync 1 DAGs
[2025-01-18T00:29:17.714+0000] {logging_mixin.py:190} INFO - [2025-01-18T00:29:17.714+0000] {dag.py:4180} INFO - Setting next_dagrun for example_nested_branch_dag to 2025-01-17 00:00:00+00:00, run_after=2025-01-18 00:00:00+00:00
[2025-01-18T00:29:17.734+0000] {processor.py:208} INFO - Processing /home/airflow/.local/lib/python3.12/site-packages/airflow/example_dags/example_nested_branch_dag.py took 0.104 seconds
[2025-01-18T00:29:48.573+0000] {processor.py:186} INFO - Started process (PID=21285) to work on /home/airflow/.local/lib/python3.12/site-packages/airflow/example_dags/example_nested_branch_dag.py
[2025-01-18T00:29:48.574+0000] {processor.py:914} INFO - Processing file /home/airflow/.local/lib/python3.12/site-packages/airflow/example_dags/example_nested_branch_dag.py for tasks to queue
[2025-01-18T00:29:48.576+0000] {logging_mixin.py:190} INFO - [2025-01-18T00:29:48.575+0000] {dagbag.py:588} INFO - Filling up the DagBag from /home/airflow/.local/lib/python3.12/site-packages/airflow/example_dags/example_nested_branch_dag.py
[2025-01-18T00:29:48.588+0000] {processor.py:925} INFO - DAG(s) 'example_nested_branch_dag' retrieved from /home/airflow/.local/lib/python3.12/site-packages/airflow/example_dags/example_nested_branch_dag.py
[2025-01-18T00:29:48.613+0000] {logging_mixin.py:190} INFO - [2025-01-18T00:29:48.612+0000] {dag.py:3239} INFO - Sync 1 DAGs
[2025-01-18T00:29:48.641+0000] {logging_mixin.py:190} INFO - [2025-01-18T00:29:48.641+0000] {dag.py:4180} INFO - Setting next_dagrun for example_nested_branch_dag to 2025-01-17 00:00:00+00:00, run_after=2025-01-18 00:00:00+00:00
[2025-01-18T00:29:48.665+0000] {processor.py:208} INFO - Processing /home/airflow/.local/lib/python3.12/site-packages/airflow/example_dags/example_nested_branch_dag.py took 0.097 seconds
[2025-01-18T00:30:19.107+0000] {processor.py:186} INFO - Started process (PID=21352) to work on /home/airflow/.local/lib/python3.12/site-packages/airflow/example_dags/example_nested_branch_dag.py
[2025-01-18T00:30:19.108+0000] {processor.py:914} INFO - Processing file /home/airflow/.local/lib/python3.12/site-packages/airflow/example_dags/example_nested_branch_dag.py for tasks to queue
[2025-01-18T00:30:19.111+0000] {logging_mixin.py:190} INFO - [2025-01-18T00:30:19.110+0000] {dagbag.py:588} INFO - Filling up the DagBag from /home/airflow/.local/lib/python3.12/site-packages/airflow/example_dags/example_nested_branch_dag.py
[2025-01-18T00:30:19.122+0000] {processor.py:925} INFO - DAG(s) 'example_nested_branch_dag' retrieved from /home/airflow/.local/lib/python3.12/site-packages/airflow/example_dags/example_nested_branch_dag.py
[2025-01-18T00:30:19.145+0000] {logging_mixin.py:190} INFO - [2025-01-18T00:30:19.145+0000] {dag.py:3239} INFO - Sync 1 DAGs
[2025-01-18T00:30:19.171+0000] {logging_mixin.py:190} INFO - [2025-01-18T00:30:19.170+0000] {dag.py:4180} INFO - Setting next_dagrun for example_nested_branch_dag to 2025-01-17 00:00:00+00:00, run_after=2025-01-18 00:00:00+00:00
[2025-01-18T00:30:19.195+0000] {processor.py:208} INFO - Processing /home/airflow/.local/lib/python3.12/site-packages/airflow/example_dags/example_nested_branch_dag.py took 0.094 seconds
[2025-01-18T00:30:49.508+0000] {processor.py:186} INFO - Started process (PID=21419) to work on /home/airflow/.local/lib/python3.12/site-packages/airflow/example_dags/example_nested_branch_dag.py
[2025-01-18T00:30:49.510+0000] {processor.py:914} INFO - Processing file /home/airflow/.local/lib/python3.12/site-packages/airflow/example_dags/example_nested_branch_dag.py for tasks to queue
[2025-01-18T00:30:49.512+0000] {logging_mixin.py:190} INFO - [2025-01-18T00:30:49.512+0000] {dagbag.py:588} INFO - Filling up the DagBag from /home/airflow/.local/lib/python3.12/site-packages/airflow/example_dags/example_nested_branch_dag.py
[2025-01-18T00:30:49.525+0000] {processor.py:925} INFO - DAG(s) 'example_nested_branch_dag' retrieved from /home/airflow/.local/lib/python3.12/site-packages/airflow/example_dags/example_nested_branch_dag.py
[2025-01-18T00:30:49.550+0000] {logging_mixin.py:190} INFO - [2025-01-18T00:30:49.549+0000] {dag.py:3239} INFO - Sync 1 DAGs
[2025-01-18T00:30:49.577+0000] {logging_mixin.py:190} INFO - [2025-01-18T00:30:49.577+0000] {dag.py:4180} INFO - Setting next_dagrun for example_nested_branch_dag to 2025-01-17 00:00:00+00:00, run_after=2025-01-18 00:00:00+00:00
[2025-01-18T00:30:49.602+0000] {processor.py:208} INFO - Processing /home/airflow/.local/lib/python3.12/site-packages/airflow/example_dags/example_nested_branch_dag.py took 0.101 seconds
[2025-01-18T00:31:19.667+0000] {processor.py:186} INFO - Started process (PID=21492) to work on /home/airflow/.local/lib/python3.12/site-packages/airflow/example_dags/example_nested_branch_dag.py
[2025-01-18T00:31:19.668+0000] {processor.py:914} INFO - Processing file /home/airflow/.local/lib/python3.12/site-packages/airflow/example_dags/example_nested_branch_dag.py for tasks to queue
[2025-01-18T00:31:19.671+0000] {logging_mixin.py:190} INFO - [2025-01-18T00:31:19.671+0000] {dagbag.py:588} INFO - Filling up the DagBag from /home/airflow/.local/lib/python3.12/site-packages/airflow/example_dags/example_nested_branch_dag.py
[2025-01-18T00:31:19.691+0000] {processor.py:925} INFO - DAG(s) 'example_nested_branch_dag' retrieved from /home/airflow/.local/lib/python3.12/site-packages/airflow/example_dags/example_nested_branch_dag.py
[2025-01-18T00:31:19.721+0000] {logging_mixin.py:190} INFO - [2025-01-18T00:31:19.721+0000] {dag.py:3239} INFO - Sync 1 DAGs
[2025-01-18T00:31:19.756+0000] {logging_mixin.py:190} INFO - [2025-01-18T00:31:19.756+0000] {dag.py:4180} INFO - Setting next_dagrun for example_nested_branch_dag to 2025-01-17 00:00:00+00:00, run_after=2025-01-18 00:00:00+00:00
[2025-01-18T00:31:19.781+0000] {processor.py:208} INFO - Processing /home/airflow/.local/lib/python3.12/site-packages/airflow/example_dags/example_nested_branch_dag.py took 0.121 seconds
[2025-01-18T00:31:50.206+0000] {processor.py:186} INFO - Started process (PID=21559) to work on /home/airflow/.local/lib/python3.12/site-packages/airflow/example_dags/example_nested_branch_dag.py
[2025-01-18T00:31:50.208+0000] {processor.py:914} INFO - Processing file /home/airflow/.local/lib/python3.12/site-packages/airflow/example_dags/example_nested_branch_dag.py for tasks to queue
[2025-01-18T00:31:50.210+0000] {logging_mixin.py:190} INFO - [2025-01-18T00:31:50.210+0000] {dagbag.py:588} INFO - Filling up the DagBag from /home/airflow/.local/lib/python3.12/site-packages/airflow/example_dags/example_nested_branch_dag.py
[2025-01-18T00:31:50.224+0000] {processor.py:925} INFO - DAG(s) 'example_nested_branch_dag' retrieved from /home/airflow/.local/lib/python3.12/site-packages/airflow/example_dags/example_nested_branch_dag.py
[2025-01-18T00:31:50.257+0000] {logging_mixin.py:190} INFO - [2025-01-18T00:31:50.257+0000] {dag.py:3239} INFO - Sync 1 DAGs
[2025-01-18T00:31:50.286+0000] {logging_mixin.py:190} INFO - [2025-01-18T00:31:50.286+0000] {dag.py:4180} INFO - Setting next_dagrun for example_nested_branch_dag to 2025-01-17 00:00:00+00:00, run_after=2025-01-18 00:00:00+00:00
[2025-01-18T00:31:50.310+0000] {processor.py:208} INFO - Processing /home/airflow/.local/lib/python3.12/site-packages/airflow/example_dags/example_nested_branch_dag.py took 0.110 seconds
[2025-01-18T00:32:20.559+0000] {processor.py:186} INFO - Started process (PID=21626) to work on /home/airflow/.local/lib/python3.12/site-packages/airflow/example_dags/example_nested_branch_dag.py
[2025-01-18T00:32:20.560+0000] {processor.py:914} INFO - Processing file /home/airflow/.local/lib/python3.12/site-packages/airflow/example_dags/example_nested_branch_dag.py for tasks to queue
[2025-01-18T00:32:20.562+0000] {logging_mixin.py:190} INFO - [2025-01-18T00:32:20.562+0000] {dagbag.py:588} INFO - Filling up the DagBag from /home/airflow/.local/lib/python3.12/site-packages/airflow/example_dags/example_nested_branch_dag.py
[2025-01-18T00:32:20.573+0000] {processor.py:925} INFO - DAG(s) 'example_nested_branch_dag' retrieved from /home/airflow/.local/lib/python3.12/site-packages/airflow/example_dags/example_nested_branch_dag.py
[2025-01-18T00:32:20.596+0000] {logging_mixin.py:190} INFO - [2025-01-18T00:32:20.596+0000] {dag.py:3239} INFO - Sync 1 DAGs
[2025-01-18T00:32:20.625+0000] {logging_mixin.py:190} INFO - [2025-01-18T00:32:20.625+0000] {dag.py:4180} INFO - Setting next_dagrun for example_nested_branch_dag to 2025-01-17 00:00:00+00:00, run_after=2025-01-18 00:00:00+00:00
[2025-01-18T00:32:20.648+0000] {processor.py:208} INFO - Processing /home/airflow/.local/lib/python3.12/site-packages/airflow/example_dags/example_nested_branch_dag.py took 0.094 seconds
[2025-01-18T00:32:50.826+0000] {processor.py:186} INFO - Started process (PID=21694) to work on /home/airflow/.local/lib/python3.12/site-packages/airflow/example_dags/example_nested_branch_dag.py
[2025-01-18T00:32:50.828+0000] {processor.py:914} INFO - Processing file /home/airflow/.local/lib/python3.12/site-packages/airflow/example_dags/example_nested_branch_dag.py for tasks to queue
[2025-01-18T00:32:50.831+0000] {logging_mixin.py:190} INFO - [2025-01-18T00:32:50.830+0000] {dagbag.py:588} INFO - Filling up the DagBag from /home/airflow/.local/lib/python3.12/site-packages/airflow/example_dags/example_nested_branch_dag.py
[2025-01-18T00:32:50.850+0000] {processor.py:925} INFO - DAG(s) 'example_nested_branch_dag' retrieved from /home/airflow/.local/lib/python3.12/site-packages/airflow/example_dags/example_nested_branch_dag.py
[2025-01-18T00:32:50.885+0000] {logging_mixin.py:190} INFO - [2025-01-18T00:32:50.884+0000] {dag.py:3239} INFO - Sync 1 DAGs
[2025-01-18T00:32:50.923+0000] {logging_mixin.py:190} INFO - [2025-01-18T00:32:50.923+0000] {dag.py:4180} INFO - Setting next_dagrun for example_nested_branch_dag to 2025-01-17 00:00:00+00:00, run_after=2025-01-18 00:00:00+00:00
[2025-01-18T00:32:50.950+0000] {processor.py:208} INFO - Processing /home/airflow/.local/lib/python3.12/site-packages/airflow/example_dags/example_nested_branch_dag.py took 0.133 seconds
[2025-01-18T00:33:21.515+0000] {processor.py:186} INFO - Started process (PID=21762) to work on /home/airflow/.local/lib/python3.12/site-packages/airflow/example_dags/example_nested_branch_dag.py
[2025-01-18T00:33:21.516+0000] {processor.py:914} INFO - Processing file /home/airflow/.local/lib/python3.12/site-packages/airflow/example_dags/example_nested_branch_dag.py for tasks to queue
[2025-01-18T00:33:21.520+0000] {logging_mixin.py:190} INFO - [2025-01-18T00:33:21.519+0000] {dagbag.py:588} INFO - Filling up the DagBag from /home/airflow/.local/lib/python3.12/site-packages/airflow/example_dags/example_nested_branch_dag.py
[2025-01-18T00:33:21.537+0000] {processor.py:925} INFO - DAG(s) 'example_nested_branch_dag' retrieved from /home/airflow/.local/lib/python3.12/site-packages/airflow/example_dags/example_nested_branch_dag.py
[2025-01-18T00:33:21.574+0000] {logging_mixin.py:190} INFO - [2025-01-18T00:33:21.574+0000] {dag.py:3239} INFO - Sync 1 DAGs
[2025-01-18T00:33:21.624+0000] {logging_mixin.py:190} INFO - [2025-01-18T00:33:21.623+0000] {dag.py:4180} INFO - Setting next_dagrun for example_nested_branch_dag to 2025-01-17 00:00:00+00:00, run_after=2025-01-18 00:00:00+00:00
[2025-01-18T00:33:21.658+0000] {processor.py:208} INFO - Processing /home/airflow/.local/lib/python3.12/site-packages/airflow/example_dags/example_nested_branch_dag.py took 0.151 seconds
[2025-01-18T00:33:52.155+0000] {processor.py:186} INFO - Started process (PID=21828) to work on /home/airflow/.local/lib/python3.12/site-packages/airflow/example_dags/example_nested_branch_dag.py
[2025-01-18T00:33:52.157+0000] {processor.py:914} INFO - Processing file /home/airflow/.local/lib/python3.12/site-packages/airflow/example_dags/example_nested_branch_dag.py for tasks to queue
[2025-01-18T00:33:52.160+0000] {logging_mixin.py:190} INFO - [2025-01-18T00:33:52.159+0000] {dagbag.py:588} INFO - Filling up the DagBag from /home/airflow/.local/lib/python3.12/site-packages/airflow/example_dags/example_nested_branch_dag.py
[2025-01-18T00:33:52.174+0000] {processor.py:925} INFO - DAG(s) 'example_nested_branch_dag' retrieved from /home/airflow/.local/lib/python3.12/site-packages/airflow/example_dags/example_nested_branch_dag.py
[2025-01-18T00:33:52.201+0000] {logging_mixin.py:190} INFO - [2025-01-18T00:33:52.201+0000] {dag.py:3239} INFO - Sync 1 DAGs
[2025-01-18T00:33:52.231+0000] {logging_mixin.py:190} INFO - [2025-01-18T00:33:52.231+0000] {dag.py:4180} INFO - Setting next_dagrun for example_nested_branch_dag to 2025-01-17 00:00:00+00:00, run_after=2025-01-18 00:00:00+00:00
[2025-01-18T00:33:52.253+0000] {processor.py:208} INFO - Processing /home/airflow/.local/lib/python3.12/site-packages/airflow/example_dags/example_nested_branch_dag.py took 0.105 seconds
[2025-01-18T00:34:22.353+0000] {processor.py:186} INFO - Started process (PID=21895) to work on /home/airflow/.local/lib/python3.12/site-packages/airflow/example_dags/example_nested_branch_dag.py
[2025-01-18T00:34:22.354+0000] {processor.py:914} INFO - Processing file /home/airflow/.local/lib/python3.12/site-packages/airflow/example_dags/example_nested_branch_dag.py for tasks to queue
[2025-01-18T00:34:22.356+0000] {logging_mixin.py:190} INFO - [2025-01-18T00:34:22.356+0000] {dagbag.py:588} INFO - Filling up the DagBag from /home/airflow/.local/lib/python3.12/site-packages/airflow/example_dags/example_nested_branch_dag.py
[2025-01-18T00:34:22.368+0000] {processor.py:925} INFO - DAG(s) 'example_nested_branch_dag' retrieved from /home/airflow/.local/lib/python3.12/site-packages/airflow/example_dags/example_nested_branch_dag.py
[2025-01-18T00:34:22.392+0000] {logging_mixin.py:190} INFO - [2025-01-18T00:34:22.392+0000] {dag.py:3239} INFO - Sync 1 DAGs
[2025-01-18T00:34:22.419+0000] {logging_mixin.py:190} INFO - [2025-01-18T00:34:22.419+0000] {dag.py:4180} INFO - Setting next_dagrun for example_nested_branch_dag to 2025-01-17 00:00:00+00:00, run_after=2025-01-18 00:00:00+00:00
[2025-01-18T00:34:22.441+0000] {processor.py:208} INFO - Processing /home/airflow/.local/lib/python3.12/site-packages/airflow/example_dags/example_nested_branch_dag.py took 0.095 seconds
[2025-01-18T00:34:52.845+0000] {processor.py:186} INFO - Started process (PID=21962) to work on /home/airflow/.local/lib/python3.12/site-packages/airflow/example_dags/example_nested_branch_dag.py
[2025-01-18T00:34:52.846+0000] {processor.py:914} INFO - Processing file /home/airflow/.local/lib/python3.12/site-packages/airflow/example_dags/example_nested_branch_dag.py for tasks to queue
[2025-01-18T00:34:52.848+0000] {logging_mixin.py:190} INFO - [2025-01-18T00:34:52.848+0000] {dagbag.py:588} INFO - Filling up the DagBag from /home/airflow/.local/lib/python3.12/site-packages/airflow/example_dags/example_nested_branch_dag.py
[2025-01-18T00:34:52.866+0000] {processor.py:925} INFO - DAG(s) 'example_nested_branch_dag' retrieved from /home/airflow/.local/lib/python3.12/site-packages/airflow/example_dags/example_nested_branch_dag.py
[2025-01-18T00:34:52.895+0000] {logging_mixin.py:190} INFO - [2025-01-18T00:34:52.894+0000] {dag.py:3239} INFO - Sync 1 DAGs
[2025-01-18T00:34:52.926+0000] {logging_mixin.py:190} INFO - [2025-01-18T00:34:52.926+0000] {dag.py:4180} INFO - Setting next_dagrun for example_nested_branch_dag to 2025-01-17 00:00:00+00:00, run_after=2025-01-18 00:00:00+00:00
[2025-01-18T00:34:52.951+0000] {processor.py:208} INFO - Processing /home/airflow/.local/lib/python3.12/site-packages/airflow/example_dags/example_nested_branch_dag.py took 0.113 seconds
[2025-01-18T00:35:23.124+0000] {processor.py:186} INFO - Started process (PID=22028) to work on /home/airflow/.local/lib/python3.12/site-packages/airflow/example_dags/example_nested_branch_dag.py
[2025-01-18T00:35:23.125+0000] {processor.py:914} INFO - Processing file /home/airflow/.local/lib/python3.12/site-packages/airflow/example_dags/example_nested_branch_dag.py for tasks to queue
[2025-01-18T00:35:23.127+0000] {logging_mixin.py:190} INFO - [2025-01-18T00:35:23.127+0000] {dagbag.py:588} INFO - Filling up the DagBag from /home/airflow/.local/lib/python3.12/site-packages/airflow/example_dags/example_nested_branch_dag.py
[2025-01-18T00:35:23.142+0000] {processor.py:925} INFO - DAG(s) 'example_nested_branch_dag' retrieved from /home/airflow/.local/lib/python3.12/site-packages/airflow/example_dags/example_nested_branch_dag.py
[2025-01-18T00:35:23.170+0000] {logging_mixin.py:190} INFO - [2025-01-18T00:35:23.169+0000] {dag.py:3239} INFO - Sync 1 DAGs
[2025-01-18T00:35:23.203+0000] {logging_mixin.py:190} INFO - [2025-01-18T00:35:23.203+0000] {dag.py:4180} INFO - Setting next_dagrun for example_nested_branch_dag to 2025-01-17 00:00:00+00:00, run_after=2025-01-18 00:00:00+00:00
[2025-01-18T00:35:23.231+0000] {processor.py:208} INFO - Processing /home/airflow/.local/lib/python3.12/site-packages/airflow/example_dags/example_nested_branch_dag.py took 0.113 seconds
