[2025-01-18T00:00:26.715+0000] {processor.py:186} INFO - Started process (PID=17396) to work on /home/airflow/.local/lib/python3.12/site-packages/airflow/example_dags/example_task_group.py
[2025-01-18T00:00:26.716+0000] {processor.py:914} INFO - Processing file /home/airflow/.local/lib/python3.12/site-packages/airflow/example_dags/example_task_group.py for tasks to queue
[2025-01-18T00:00:26.718+0000] {logging_mixin.py:190} INFO - [2025-01-18T00:00:26.718+0000] {dagbag.py:588} INFO - Filling up the DagBag from /home/airflow/.local/lib/python3.12/site-packages/airflow/example_dags/example_task_group.py
[2025-01-18T00:00:26.728+0000] {processor.py:925} INFO - DAG(s) 'example_task_group' retrieved from /home/airflow/.local/lib/python3.12/site-packages/airflow/example_dags/example_task_group.py
[2025-01-18T00:00:26.757+0000] {logging_mixin.py:190} INFO - [2025-01-18T00:00:26.756+0000] {dag.py:3239} INFO - Sync 1 DAGs
[2025-01-18T00:00:26.775+0000] {logging_mixin.py:190} INFO - [2025-01-18T00:00:26.775+0000] {dag.py:4180} INFO - Setting next_dagrun for example_task_group to None, run_after=None
[2025-01-18T00:00:26.800+0000] {processor.py:208} INFO - Processing /home/airflow/.local/lib/python3.12/site-packages/airflow/example_dags/example_task_group.py took 0.091 seconds
[2025-01-18T00:00:58.338+0000] {processor.py:186} INFO - Started process (PID=17464) to work on /home/airflow/.local/lib/python3.12/site-packages/airflow/example_dags/example_task_group.py
[2025-01-18T00:00:58.339+0000] {processor.py:914} INFO - Processing file /home/airflow/.local/lib/python3.12/site-packages/airflow/example_dags/example_task_group.py for tasks to queue
[2025-01-18T00:00:58.342+0000] {logging_mixin.py:190} INFO - [2025-01-18T00:00:58.341+0000] {dagbag.py:588} INFO - Filling up the DagBag from /home/airflow/.local/lib/python3.12/site-packages/airflow/example_dags/example_task_group.py
[2025-01-18T00:00:58.350+0000] {processor.py:925} INFO - DAG(s) 'example_task_group' retrieved from /home/airflow/.local/lib/python3.12/site-packages/airflow/example_dags/example_task_group.py
[2025-01-18T00:00:58.373+0000] {logging_mixin.py:190} INFO - [2025-01-18T00:00:58.373+0000] {dag.py:3239} INFO - Sync 1 DAGs
[2025-01-18T00:00:58.389+0000] {logging_mixin.py:190} INFO - [2025-01-18T00:00:58.389+0000] {dag.py:4180} INFO - Setting next_dagrun for example_task_group to None, run_after=None
[2025-01-18T00:00:58.410+0000] {processor.py:208} INFO - Processing /home/airflow/.local/lib/python3.12/site-packages/airflow/example_dags/example_task_group.py took 0.077 seconds
[2025-01-18T00:01:29.450+0000] {processor.py:186} INFO - Started process (PID=17531) to work on /home/airflow/.local/lib/python3.12/site-packages/airflow/example_dags/example_task_group.py
[2025-01-18T00:01:29.451+0000] {processor.py:914} INFO - Processing file /home/airflow/.local/lib/python3.12/site-packages/airflow/example_dags/example_task_group.py for tasks to queue
[2025-01-18T00:01:29.454+0000] {logging_mixin.py:190} INFO - [2025-01-18T00:01:29.453+0000] {dagbag.py:588} INFO - Filling up the DagBag from /home/airflow/.local/lib/python3.12/site-packages/airflow/example_dags/example_task_group.py
[2025-01-18T00:01:29.464+0000] {processor.py:925} INFO - DAG(s) 'example_task_group' retrieved from /home/airflow/.local/lib/python3.12/site-packages/airflow/example_dags/example_task_group.py
[2025-01-18T00:01:29.493+0000] {logging_mixin.py:190} INFO - [2025-01-18T00:01:29.493+0000] {dag.py:3239} INFO - Sync 1 DAGs
[2025-01-18T00:01:29.516+0000] {logging_mixin.py:190} INFO - [2025-01-18T00:01:29.515+0000] {dag.py:4180} INFO - Setting next_dagrun for example_task_group to None, run_after=None
[2025-01-18T00:01:29.544+0000] {processor.py:208} INFO - Processing /home/airflow/.local/lib/python3.12/site-packages/airflow/example_dags/example_task_group.py took 0.102 seconds
[2025-01-18T00:02:00.618+0000] {processor.py:186} INFO - Started process (PID=17598) to work on /home/airflow/.local/lib/python3.12/site-packages/airflow/example_dags/example_task_group.py
[2025-01-18T00:02:00.620+0000] {processor.py:914} INFO - Processing file /home/airflow/.local/lib/python3.12/site-packages/airflow/example_dags/example_task_group.py for tasks to queue
[2025-01-18T00:02:00.622+0000] {logging_mixin.py:190} INFO - [2025-01-18T00:02:00.622+0000] {dagbag.py:588} INFO - Filling up the DagBag from /home/airflow/.local/lib/python3.12/site-packages/airflow/example_dags/example_task_group.py
[2025-01-18T00:02:00.635+0000] {processor.py:925} INFO - DAG(s) 'example_task_group' retrieved from /home/airflow/.local/lib/python3.12/site-packages/airflow/example_dags/example_task_group.py
[2025-01-18T00:02:00.661+0000] {logging_mixin.py:190} INFO - [2025-01-18T00:02:00.661+0000] {dag.py:3239} INFO - Sync 1 DAGs
[2025-01-18T00:02:00.683+0000] {logging_mixin.py:190} INFO - [2025-01-18T00:02:00.682+0000] {dag.py:4180} INFO - Setting next_dagrun for example_task_group to None, run_after=None
[2025-01-18T00:02:00.703+0000] {processor.py:208} INFO - Processing /home/airflow/.local/lib/python3.12/site-packages/airflow/example_dags/example_task_group.py took 0.092 seconds
[2025-01-18T00:02:31.092+0000] {processor.py:186} INFO - Started process (PID=17664) to work on /home/airflow/.local/lib/python3.12/site-packages/airflow/example_dags/example_task_group.py
[2025-01-18T00:02:31.093+0000] {processor.py:914} INFO - Processing file /home/airflow/.local/lib/python3.12/site-packages/airflow/example_dags/example_task_group.py for tasks to queue
[2025-01-18T00:02:31.095+0000] {logging_mixin.py:190} INFO - [2025-01-18T00:02:31.095+0000] {dagbag.py:588} INFO - Filling up the DagBag from /home/airflow/.local/lib/python3.12/site-packages/airflow/example_dags/example_task_group.py
[2025-01-18T00:02:31.105+0000] {processor.py:925} INFO - DAG(s) 'example_task_group' retrieved from /home/airflow/.local/lib/python3.12/site-packages/airflow/example_dags/example_task_group.py
[2025-01-18T00:02:31.130+0000] {logging_mixin.py:190} INFO - [2025-01-18T00:02:31.129+0000] {dag.py:3239} INFO - Sync 1 DAGs
[2025-01-18T00:02:31.146+0000] {logging_mixin.py:190} INFO - [2025-01-18T00:02:31.146+0000] {dag.py:4180} INFO - Setting next_dagrun for example_task_group to None, run_after=None
[2025-01-18T00:02:31.170+0000] {processor.py:208} INFO - Processing /home/airflow/.local/lib/python3.12/site-packages/airflow/example_dags/example_task_group.py took 0.085 seconds
[2025-01-18T00:03:01.337+0000] {processor.py:186} INFO - Started process (PID=17731) to work on /home/airflow/.local/lib/python3.12/site-packages/airflow/example_dags/example_task_group.py
[2025-01-18T00:03:01.338+0000] {processor.py:914} INFO - Processing file /home/airflow/.local/lib/python3.12/site-packages/airflow/example_dags/example_task_group.py for tasks to queue
[2025-01-18T00:03:01.340+0000] {logging_mixin.py:190} INFO - [2025-01-18T00:03:01.340+0000] {dagbag.py:588} INFO - Filling up the DagBag from /home/airflow/.local/lib/python3.12/site-packages/airflow/example_dags/example_task_group.py
[2025-01-18T00:03:01.352+0000] {processor.py:925} INFO - DAG(s) 'example_task_group' retrieved from /home/airflow/.local/lib/python3.12/site-packages/airflow/example_dags/example_task_group.py
[2025-01-18T00:03:01.377+0000] {logging_mixin.py:190} INFO - [2025-01-18T00:03:01.377+0000] {dag.py:3239} INFO - Sync 1 DAGs
[2025-01-18T00:03:01.395+0000] {logging_mixin.py:190} INFO - [2025-01-18T00:03:01.395+0000] {dag.py:4180} INFO - Setting next_dagrun for example_task_group to None, run_after=None
[2025-01-18T00:03:01.417+0000] {processor.py:208} INFO - Processing /home/airflow/.local/lib/python3.12/site-packages/airflow/example_dags/example_task_group.py took 0.088 seconds
[2025-01-18T00:03:31.751+0000] {processor.py:186} INFO - Started process (PID=17798) to work on /home/airflow/.local/lib/python3.12/site-packages/airflow/example_dags/example_task_group.py
[2025-01-18T00:03:31.752+0000] {processor.py:914} INFO - Processing file /home/airflow/.local/lib/python3.12/site-packages/airflow/example_dags/example_task_group.py for tasks to queue
[2025-01-18T00:03:31.755+0000] {logging_mixin.py:190} INFO - [2025-01-18T00:03:31.754+0000] {dagbag.py:588} INFO - Filling up the DagBag from /home/airflow/.local/lib/python3.12/site-packages/airflow/example_dags/example_task_group.py
[2025-01-18T00:03:31.765+0000] {processor.py:925} INFO - DAG(s) 'example_task_group' retrieved from /home/airflow/.local/lib/python3.12/site-packages/airflow/example_dags/example_task_group.py
[2025-01-18T00:03:31.792+0000] {logging_mixin.py:190} INFO - [2025-01-18T00:03:31.792+0000] {dag.py:3239} INFO - Sync 1 DAGs
[2025-01-18T00:03:31.810+0000] {logging_mixin.py:190} INFO - [2025-01-18T00:03:31.810+0000] {dag.py:4180} INFO - Setting next_dagrun for example_task_group to None, run_after=None
[2025-01-18T00:03:31.831+0000] {processor.py:208} INFO - Processing /home/airflow/.local/lib/python3.12/site-packages/airflow/example_dags/example_task_group.py took 0.089 seconds
[2025-01-18T00:04:02.643+0000] {processor.py:186} INFO - Started process (PID=17871) to work on /home/airflow/.local/lib/python3.12/site-packages/airflow/example_dags/example_task_group.py
[2025-01-18T00:04:02.645+0000] {processor.py:914} INFO - Processing file /home/airflow/.local/lib/python3.12/site-packages/airflow/example_dags/example_task_group.py for tasks to queue
[2025-01-18T00:04:02.648+0000] {logging_mixin.py:190} INFO - [2025-01-18T00:04:02.648+0000] {dagbag.py:588} INFO - Filling up the DagBag from /home/airflow/.local/lib/python3.12/site-packages/airflow/example_dags/example_task_group.py
[2025-01-18T00:04:02.658+0000] {processor.py:925} INFO - DAG(s) 'example_task_group' retrieved from /home/airflow/.local/lib/python3.12/site-packages/airflow/example_dags/example_task_group.py
[2025-01-18T00:04:02.688+0000] {logging_mixin.py:190} INFO - [2025-01-18T00:04:02.688+0000] {dag.py:3239} INFO - Sync 1 DAGs
[2025-01-18T00:04:02.711+0000] {logging_mixin.py:190} INFO - [2025-01-18T00:04:02.711+0000] {dag.py:4180} INFO - Setting next_dagrun for example_task_group to None, run_after=None
[2025-01-18T00:04:02.746+0000] {processor.py:208} INFO - Processing /home/airflow/.local/lib/python3.12/site-packages/airflow/example_dags/example_task_group.py took 0.108 seconds
[2025-01-18T00:04:32.830+0000] {processor.py:186} INFO - Started process (PID=17937) to work on /home/airflow/.local/lib/python3.12/site-packages/airflow/example_dags/example_task_group.py
[2025-01-18T00:04:32.831+0000] {processor.py:914} INFO - Processing file /home/airflow/.local/lib/python3.12/site-packages/airflow/example_dags/example_task_group.py for tasks to queue
[2025-01-18T00:04:32.833+0000] {logging_mixin.py:190} INFO - [2025-01-18T00:04:32.833+0000] {dagbag.py:588} INFO - Filling up the DagBag from /home/airflow/.local/lib/python3.12/site-packages/airflow/example_dags/example_task_group.py
[2025-01-18T00:04:32.842+0000] {processor.py:925} INFO - DAG(s) 'example_task_group' retrieved from /home/airflow/.local/lib/python3.12/site-packages/airflow/example_dags/example_task_group.py
[2025-01-18T00:04:32.867+0000] {logging_mixin.py:190} INFO - [2025-01-18T00:04:32.866+0000] {dag.py:3239} INFO - Sync 1 DAGs
[2025-01-18T00:04:32.885+0000] {logging_mixin.py:190} INFO - [2025-01-18T00:04:32.885+0000] {dag.py:4180} INFO - Setting next_dagrun for example_task_group to None, run_after=None
[2025-01-18T00:04:32.904+0000] {processor.py:208} INFO - Processing /home/airflow/.local/lib/python3.12/site-packages/airflow/example_dags/example_task_group.py took 0.081 seconds
[2025-01-18T00:05:02.982+0000] {processor.py:186} INFO - Started process (PID=18004) to work on /home/airflow/.local/lib/python3.12/site-packages/airflow/example_dags/example_task_group.py
[2025-01-18T00:05:02.983+0000] {processor.py:914} INFO - Processing file /home/airflow/.local/lib/python3.12/site-packages/airflow/example_dags/example_task_group.py for tasks to queue
[2025-01-18T00:05:02.985+0000] {logging_mixin.py:190} INFO - [2025-01-18T00:05:02.985+0000] {dagbag.py:588} INFO - Filling up the DagBag from /home/airflow/.local/lib/python3.12/site-packages/airflow/example_dags/example_task_group.py
[2025-01-18T00:05:02.995+0000] {processor.py:925} INFO - DAG(s) 'example_task_group' retrieved from /home/airflow/.local/lib/python3.12/site-packages/airflow/example_dags/example_task_group.py
[2025-01-18T00:05:03.018+0000] {logging_mixin.py:190} INFO - [2025-01-18T00:05:03.018+0000] {dag.py:3239} INFO - Sync 1 DAGs
[2025-01-18T00:05:03.039+0000] {logging_mixin.py:190} INFO - [2025-01-18T00:05:03.038+0000] {dag.py:4180} INFO - Setting next_dagrun for example_task_group to None, run_after=None
[2025-01-18T00:05:03.059+0000] {processor.py:208} INFO - Processing /home/airflow/.local/lib/python3.12/site-packages/airflow/example_dags/example_task_group.py took 0.082 seconds
[2025-01-18T00:05:33.804+0000] {processor.py:186} INFO - Started process (PID=18071) to work on /home/airflow/.local/lib/python3.12/site-packages/airflow/example_dags/example_task_group.py
[2025-01-18T00:05:33.806+0000] {processor.py:914} INFO - Processing file /home/airflow/.local/lib/python3.12/site-packages/airflow/example_dags/example_task_group.py for tasks to queue
[2025-01-18T00:05:33.810+0000] {logging_mixin.py:190} INFO - [2025-01-18T00:05:33.809+0000] {dagbag.py:588} INFO - Filling up the DagBag from /home/airflow/.local/lib/python3.12/site-packages/airflow/example_dags/example_task_group.py
[2025-01-18T00:05:33.821+0000] {processor.py:925} INFO - DAG(s) 'example_task_group' retrieved from /home/airflow/.local/lib/python3.12/site-packages/airflow/example_dags/example_task_group.py
[2025-01-18T00:05:33.848+0000] {logging_mixin.py:190} INFO - [2025-01-18T00:05:33.847+0000] {dag.py:3239} INFO - Sync 1 DAGs
[2025-01-18T00:05:33.866+0000] {logging_mixin.py:190} INFO - [2025-01-18T00:05:33.865+0000] {dag.py:4180} INFO - Setting next_dagrun for example_task_group to None, run_after=None
[2025-01-18T00:05:33.886+0000] {processor.py:208} INFO - Processing /home/airflow/.local/lib/python3.12/site-packages/airflow/example_dags/example_task_group.py took 0.090 seconds
[2025-01-18T00:06:04.111+0000] {processor.py:186} INFO - Started process (PID=18138) to work on /home/airflow/.local/lib/python3.12/site-packages/airflow/example_dags/example_task_group.py
[2025-01-18T00:06:04.112+0000] {processor.py:914} INFO - Processing file /home/airflow/.local/lib/python3.12/site-packages/airflow/example_dags/example_task_group.py for tasks to queue
[2025-01-18T00:06:04.114+0000] {logging_mixin.py:190} INFO - [2025-01-18T00:06:04.114+0000] {dagbag.py:588} INFO - Filling up the DagBag from /home/airflow/.local/lib/python3.12/site-packages/airflow/example_dags/example_task_group.py
[2025-01-18T00:06:04.122+0000] {processor.py:925} INFO - DAG(s) 'example_task_group' retrieved from /home/airflow/.local/lib/python3.12/site-packages/airflow/example_dags/example_task_group.py
[2025-01-18T00:06:04.143+0000] {logging_mixin.py:190} INFO - [2025-01-18T00:06:04.143+0000] {dag.py:3239} INFO - Sync 1 DAGs
[2025-01-18T00:06:04.159+0000] {logging_mixin.py:190} INFO - [2025-01-18T00:06:04.158+0000] {dag.py:4180} INFO - Setting next_dagrun for example_task_group to None, run_after=None
[2025-01-18T00:06:04.183+0000] {processor.py:208} INFO - Processing /home/airflow/.local/lib/python3.12/site-packages/airflow/example_dags/example_task_group.py took 0.077 seconds
[2025-01-18T00:06:34.488+0000] {processor.py:186} INFO - Started process (PID=18206) to work on /home/airflow/.local/lib/python3.12/site-packages/airflow/example_dags/example_task_group.py
[2025-01-18T00:06:34.489+0000] {processor.py:914} INFO - Processing file /home/airflow/.local/lib/python3.12/site-packages/airflow/example_dags/example_task_group.py for tasks to queue
[2025-01-18T00:06:34.492+0000] {logging_mixin.py:190} INFO - [2025-01-18T00:06:34.492+0000] {dagbag.py:588} INFO - Filling up the DagBag from /home/airflow/.local/lib/python3.12/site-packages/airflow/example_dags/example_task_group.py
[2025-01-18T00:06:34.504+0000] {processor.py:925} INFO - DAG(s) 'example_task_group' retrieved from /home/airflow/.local/lib/python3.12/site-packages/airflow/example_dags/example_task_group.py
[2025-01-18T00:06:34.533+0000] {logging_mixin.py:190} INFO - [2025-01-18T00:06:34.532+0000] {dag.py:3239} INFO - Sync 1 DAGs
[2025-01-18T00:06:34.550+0000] {logging_mixin.py:190} INFO - [2025-01-18T00:06:34.549+0000] {dag.py:4180} INFO - Setting next_dagrun for example_task_group to None, run_after=None
[2025-01-18T00:06:34.573+0000] {processor.py:208} INFO - Processing /home/airflow/.local/lib/python3.12/site-packages/airflow/example_dags/example_task_group.py took 0.093 seconds
[2025-01-18T00:07:04.763+0000] {processor.py:186} INFO - Started process (PID=18273) to work on /home/airflow/.local/lib/python3.12/site-packages/airflow/example_dags/example_task_group.py
[2025-01-18T00:07:04.765+0000] {processor.py:914} INFO - Processing file /home/airflow/.local/lib/python3.12/site-packages/airflow/example_dags/example_task_group.py for tasks to queue
[2025-01-18T00:07:04.769+0000] {logging_mixin.py:190} INFO - [2025-01-18T00:07:04.768+0000] {dagbag.py:588} INFO - Filling up the DagBag from /home/airflow/.local/lib/python3.12/site-packages/airflow/example_dags/example_task_group.py
[2025-01-18T00:07:04.805+0000] {processor.py:925} INFO - DAG(s) 'example_task_group' retrieved from /home/airflow/.local/lib/python3.12/site-packages/airflow/example_dags/example_task_group.py
[2025-01-18T00:07:04.858+0000] {logging_mixin.py:190} INFO - [2025-01-18T00:07:04.858+0000] {dag.py:3239} INFO - Sync 1 DAGs
[2025-01-18T00:07:04.900+0000] {logging_mixin.py:190} INFO - [2025-01-18T00:07:04.899+0000] {dag.py:4180} INFO - Setting next_dagrun for example_task_group to None, run_after=None
[2025-01-18T00:07:04.947+0000] {processor.py:208} INFO - Processing /home/airflow/.local/lib/python3.12/site-packages/airflow/example_dags/example_task_group.py took 0.198 seconds
[2025-01-18T00:07:35.903+0000] {processor.py:186} INFO - Started process (PID=18340) to work on /home/airflow/.local/lib/python3.12/site-packages/airflow/example_dags/example_task_group.py
[2025-01-18T00:07:35.905+0000] {processor.py:914} INFO - Processing file /home/airflow/.local/lib/python3.12/site-packages/airflow/example_dags/example_task_group.py for tasks to queue
[2025-01-18T00:07:35.908+0000] {logging_mixin.py:190} INFO - [2025-01-18T00:07:35.908+0000] {dagbag.py:588} INFO - Filling up the DagBag from /home/airflow/.local/lib/python3.12/site-packages/airflow/example_dags/example_task_group.py
[2025-01-18T00:07:35.925+0000] {processor.py:925} INFO - DAG(s) 'example_task_group' retrieved from /home/airflow/.local/lib/python3.12/site-packages/airflow/example_dags/example_task_group.py
[2025-01-18T00:07:35.956+0000] {logging_mixin.py:190} INFO - [2025-01-18T00:07:35.956+0000] {dag.py:3239} INFO - Sync 1 DAGs
[2025-01-18T00:07:35.977+0000] {logging_mixin.py:190} INFO - [2025-01-18T00:07:35.977+0000] {dag.py:4180} INFO - Setting next_dagrun for example_task_group to None, run_after=None
[2025-01-18T00:07:36.014+0000] {processor.py:208} INFO - Processing /home/airflow/.local/lib/python3.12/site-packages/airflow/example_dags/example_task_group.py took 0.122 seconds
[2025-01-18T00:08:06.116+0000] {processor.py:186} INFO - Started process (PID=18413) to work on /home/airflow/.local/lib/python3.12/site-packages/airflow/example_dags/example_task_group.py
[2025-01-18T00:08:06.127+0000] {processor.py:914} INFO - Processing file /home/airflow/.local/lib/python3.12/site-packages/airflow/example_dags/example_task_group.py for tasks to queue
[2025-01-18T00:08:06.130+0000] {logging_mixin.py:190} INFO - [2025-01-18T00:08:06.129+0000] {dagbag.py:588} INFO - Filling up the DagBag from /home/airflow/.local/lib/python3.12/site-packages/airflow/example_dags/example_task_group.py
[2025-01-18T00:08:06.141+0000] {processor.py:925} INFO - DAG(s) 'example_task_group' retrieved from /home/airflow/.local/lib/python3.12/site-packages/airflow/example_dags/example_task_group.py
[2025-01-18T00:08:06.179+0000] {logging_mixin.py:190} INFO - [2025-01-18T00:08:06.178+0000] {dag.py:3239} INFO - Sync 1 DAGs
[2025-01-18T00:08:06.214+0000] {logging_mixin.py:190} INFO - [2025-01-18T00:08:06.214+0000] {dag.py:4180} INFO - Setting next_dagrun for example_task_group to None, run_after=None
[2025-01-18T00:08:06.258+0000] {processor.py:208} INFO - Processing /home/airflow/.local/lib/python3.12/site-packages/airflow/example_dags/example_task_group.py took 0.148 seconds
[2025-01-18T00:08:36.624+0000] {processor.py:186} INFO - Started process (PID=18481) to work on /home/airflow/.local/lib/python3.12/site-packages/airflow/example_dags/example_task_group.py
[2025-01-18T00:08:36.625+0000] {processor.py:914} INFO - Processing file /home/airflow/.local/lib/python3.12/site-packages/airflow/example_dags/example_task_group.py for tasks to queue
[2025-01-18T00:08:36.630+0000] {logging_mixin.py:190} INFO - [2025-01-18T00:08:36.629+0000] {dagbag.py:588} INFO - Filling up the DagBag from /home/airflow/.local/lib/python3.12/site-packages/airflow/example_dags/example_task_group.py
[2025-01-18T00:08:36.642+0000] {processor.py:925} INFO - DAG(s) 'example_task_group' retrieved from /home/airflow/.local/lib/python3.12/site-packages/airflow/example_dags/example_task_group.py
[2025-01-18T00:08:36.681+0000] {logging_mixin.py:190} INFO - [2025-01-18T00:08:36.681+0000] {dag.py:3239} INFO - Sync 1 DAGs
[2025-01-18T00:08:36.706+0000] {logging_mixin.py:190} INFO - [2025-01-18T00:08:36.706+0000] {dag.py:4180} INFO - Setting next_dagrun for example_task_group to None, run_after=None
[2025-01-18T00:08:36.735+0000] {processor.py:208} INFO - Processing /home/airflow/.local/lib/python3.12/site-packages/airflow/example_dags/example_task_group.py took 0.122 seconds
[2025-01-18T00:09:06.851+0000] {processor.py:186} INFO - Started process (PID=18549) to work on /home/airflow/.local/lib/python3.12/site-packages/airflow/example_dags/example_task_group.py
[2025-01-18T00:09:06.852+0000] {processor.py:914} INFO - Processing file /home/airflow/.local/lib/python3.12/site-packages/airflow/example_dags/example_task_group.py for tasks to queue
[2025-01-18T00:09:06.856+0000] {logging_mixin.py:190} INFO - [2025-01-18T00:09:06.856+0000] {dagbag.py:588} INFO - Filling up the DagBag from /home/airflow/.local/lib/python3.12/site-packages/airflow/example_dags/example_task_group.py
[2025-01-18T00:09:06.872+0000] {processor.py:925} INFO - DAG(s) 'example_task_group' retrieved from /home/airflow/.local/lib/python3.12/site-packages/airflow/example_dags/example_task_group.py
[2025-01-18T00:09:06.913+0000] {logging_mixin.py:190} INFO - [2025-01-18T00:09:06.912+0000] {dag.py:3239} INFO - Sync 1 DAGs
[2025-01-18T00:09:06.952+0000] {logging_mixin.py:190} INFO - [2025-01-18T00:09:06.951+0000] {dag.py:4180} INFO - Setting next_dagrun for example_task_group to None, run_after=None
[2025-01-18T00:09:06.984+0000] {processor.py:208} INFO - Processing /home/airflow/.local/lib/python3.12/site-packages/airflow/example_dags/example_task_group.py took 0.146 seconds
[2025-01-18T00:09:37.091+0000] {processor.py:186} INFO - Started process (PID=18616) to work on /home/airflow/.local/lib/python3.12/site-packages/airflow/example_dags/example_task_group.py
[2025-01-18T00:09:37.092+0000] {processor.py:914} INFO - Processing file /home/airflow/.local/lib/python3.12/site-packages/airflow/example_dags/example_task_group.py for tasks to queue
[2025-01-18T00:09:37.096+0000] {logging_mixin.py:190} INFO - [2025-01-18T00:09:37.095+0000] {dagbag.py:588} INFO - Filling up the DagBag from /home/airflow/.local/lib/python3.12/site-packages/airflow/example_dags/example_task_group.py
[2025-01-18T00:09:37.109+0000] {processor.py:925} INFO - DAG(s) 'example_task_group' retrieved from /home/airflow/.local/lib/python3.12/site-packages/airflow/example_dags/example_task_group.py
[2025-01-18T00:09:37.144+0000] {logging_mixin.py:190} INFO - [2025-01-18T00:09:37.144+0000] {dag.py:3239} INFO - Sync 1 DAGs
[2025-01-18T00:09:37.175+0000] {logging_mixin.py:190} INFO - [2025-01-18T00:09:37.175+0000] {dag.py:4180} INFO - Setting next_dagrun for example_task_group to None, run_after=None
[2025-01-18T00:09:37.201+0000] {processor.py:208} INFO - Processing /home/airflow/.local/lib/python3.12/site-packages/airflow/example_dags/example_task_group.py took 0.118 seconds
[2025-01-18T00:10:07.317+0000] {processor.py:186} INFO - Started process (PID=18683) to work on /home/airflow/.local/lib/python3.12/site-packages/airflow/example_dags/example_task_group.py
[2025-01-18T00:10:07.319+0000] {processor.py:914} INFO - Processing file /home/airflow/.local/lib/python3.12/site-packages/airflow/example_dags/example_task_group.py for tasks to queue
[2025-01-18T00:10:07.322+0000] {logging_mixin.py:190} INFO - [2025-01-18T00:10:07.321+0000] {dagbag.py:588} INFO - Filling up the DagBag from /home/airflow/.local/lib/python3.12/site-packages/airflow/example_dags/example_task_group.py
[2025-01-18T00:10:07.336+0000] {processor.py:925} INFO - DAG(s) 'example_task_group' retrieved from /home/airflow/.local/lib/python3.12/site-packages/airflow/example_dags/example_task_group.py
[2025-01-18T00:10:07.371+0000] {logging_mixin.py:190} INFO - [2025-01-18T00:10:07.371+0000] {dag.py:3239} INFO - Sync 1 DAGs
[2025-01-18T00:10:07.402+0000] {logging_mixin.py:190} INFO - [2025-01-18T00:10:07.402+0000] {dag.py:4180} INFO - Setting next_dagrun for example_task_group to None, run_after=None
[2025-01-18T00:10:07.434+0000] {processor.py:208} INFO - Processing /home/airflow/.local/lib/python3.12/site-packages/airflow/example_dags/example_task_group.py took 0.125 seconds
[2025-01-18T00:10:37.794+0000] {processor.py:186} INFO - Started process (PID=18750) to work on /home/airflow/.local/lib/python3.12/site-packages/airflow/example_dags/example_task_group.py
[2025-01-18T00:10:37.795+0000] {processor.py:914} INFO - Processing file /home/airflow/.local/lib/python3.12/site-packages/airflow/example_dags/example_task_group.py for tasks to queue
[2025-01-18T00:10:37.797+0000] {logging_mixin.py:190} INFO - [2025-01-18T00:10:37.797+0000] {dagbag.py:588} INFO - Filling up the DagBag from /home/airflow/.local/lib/python3.12/site-packages/airflow/example_dags/example_task_group.py
[2025-01-18T00:10:37.807+0000] {processor.py:925} INFO - DAG(s) 'example_task_group' retrieved from /home/airflow/.local/lib/python3.12/site-packages/airflow/example_dags/example_task_group.py
[2025-01-18T00:10:37.834+0000] {logging_mixin.py:190} INFO - [2025-01-18T00:10:37.834+0000] {dag.py:3239} INFO - Sync 1 DAGs
[2025-01-18T00:10:37.851+0000] {logging_mixin.py:190} INFO - [2025-01-18T00:10:37.851+0000] {dag.py:4180} INFO - Setting next_dagrun for example_task_group to None, run_after=None
[2025-01-18T00:10:37.875+0000] {processor.py:208} INFO - Processing /home/airflow/.local/lib/python3.12/site-packages/airflow/example_dags/example_task_group.py took 0.088 seconds
[2025-01-18T00:11:08.814+0000] {processor.py:186} INFO - Started process (PID=18817) to work on /home/airflow/.local/lib/python3.12/site-packages/airflow/example_dags/example_task_group.py
[2025-01-18T00:11:08.816+0000] {processor.py:914} INFO - Processing file /home/airflow/.local/lib/python3.12/site-packages/airflow/example_dags/example_task_group.py for tasks to queue
[2025-01-18T00:11:08.818+0000] {logging_mixin.py:190} INFO - [2025-01-18T00:11:08.818+0000] {dagbag.py:588} INFO - Filling up the DagBag from /home/airflow/.local/lib/python3.12/site-packages/airflow/example_dags/example_task_group.py
[2025-01-18T00:11:08.828+0000] {processor.py:925} INFO - DAG(s) 'example_task_group' retrieved from /home/airflow/.local/lib/python3.12/site-packages/airflow/example_dags/example_task_group.py
[2025-01-18T00:11:08.851+0000] {logging_mixin.py:190} INFO - [2025-01-18T00:11:08.851+0000] {dag.py:3239} INFO - Sync 1 DAGs
[2025-01-18T00:11:08.869+0000] {logging_mixin.py:190} INFO - [2025-01-18T00:11:08.869+0000] {dag.py:4180} INFO - Setting next_dagrun for example_task_group to None, run_after=None
[2025-01-18T00:11:08.893+0000] {processor.py:208} INFO - Processing /home/airflow/.local/lib/python3.12/site-packages/airflow/example_dags/example_task_group.py took 0.085 seconds
[2025-01-18T00:11:39.148+0000] {processor.py:186} INFO - Started process (PID=18884) to work on /home/airflow/.local/lib/python3.12/site-packages/airflow/example_dags/example_task_group.py
[2025-01-18T00:11:39.150+0000] {processor.py:914} INFO - Processing file /home/airflow/.local/lib/python3.12/site-packages/airflow/example_dags/example_task_group.py for tasks to queue
[2025-01-18T00:11:39.153+0000] {logging_mixin.py:190} INFO - [2025-01-18T00:11:39.152+0000] {dagbag.py:588} INFO - Filling up the DagBag from /home/airflow/.local/lib/python3.12/site-packages/airflow/example_dags/example_task_group.py
[2025-01-18T00:11:39.179+0000] {processor.py:925} INFO - DAG(s) 'example_task_group' retrieved from /home/airflow/.local/lib/python3.12/site-packages/airflow/example_dags/example_task_group.py
[2025-01-18T00:11:39.224+0000] {logging_mixin.py:190} INFO - [2025-01-18T00:11:39.223+0000] {dag.py:3239} INFO - Sync 1 DAGs
[2025-01-18T00:11:39.252+0000] {logging_mixin.py:190} INFO - [2025-01-18T00:11:39.252+0000] {dag.py:4180} INFO - Setting next_dagrun for example_task_group to None, run_after=None
[2025-01-18T00:11:39.279+0000] {processor.py:208} INFO - Processing /home/airflow/.local/lib/python3.12/site-packages/airflow/example_dags/example_task_group.py took 0.146 seconds
[2025-01-18T00:12:09.479+0000] {processor.py:186} INFO - Started process (PID=18952) to work on /home/airflow/.local/lib/python3.12/site-packages/airflow/example_dags/example_task_group.py
[2025-01-18T00:12:09.480+0000] {processor.py:914} INFO - Processing file /home/airflow/.local/lib/python3.12/site-packages/airflow/example_dags/example_task_group.py for tasks to queue
[2025-01-18T00:12:09.483+0000] {logging_mixin.py:190} INFO - [2025-01-18T00:12:09.483+0000] {dagbag.py:588} INFO - Filling up the DagBag from /home/airflow/.local/lib/python3.12/site-packages/airflow/example_dags/example_task_group.py
[2025-01-18T00:12:09.498+0000] {processor.py:925} INFO - DAG(s) 'example_task_group' retrieved from /home/airflow/.local/lib/python3.12/site-packages/airflow/example_dags/example_task_group.py
[2025-01-18T00:12:09.536+0000] {logging_mixin.py:190} INFO - [2025-01-18T00:12:09.535+0000] {dag.py:3239} INFO - Sync 1 DAGs
[2025-01-18T00:12:09.560+0000] {logging_mixin.py:190} INFO - [2025-01-18T00:12:09.559+0000] {dag.py:4180} INFO - Setting next_dagrun for example_task_group to None, run_after=None
[2025-01-18T00:12:09.584+0000] {processor.py:208} INFO - Processing /home/airflow/.local/lib/python3.12/site-packages/airflow/example_dags/example_task_group.py took 0.118 seconds
[2025-01-18T00:12:39.832+0000] {processor.py:186} INFO - Started process (PID=19025) to work on /home/airflow/.local/lib/python3.12/site-packages/airflow/example_dags/example_task_group.py
[2025-01-18T00:12:39.834+0000] {processor.py:914} INFO - Processing file /home/airflow/.local/lib/python3.12/site-packages/airflow/example_dags/example_task_group.py for tasks to queue
[2025-01-18T00:12:39.836+0000] {logging_mixin.py:190} INFO - [2025-01-18T00:12:39.836+0000] {dagbag.py:588} INFO - Filling up the DagBag from /home/airflow/.local/lib/python3.12/site-packages/airflow/example_dags/example_task_group.py
[2025-01-18T00:12:39.846+0000] {processor.py:925} INFO - DAG(s) 'example_task_group' retrieved from /home/airflow/.local/lib/python3.12/site-packages/airflow/example_dags/example_task_group.py
[2025-01-18T00:12:39.872+0000] {logging_mixin.py:190} INFO - [2025-01-18T00:12:39.872+0000] {dag.py:3239} INFO - Sync 1 DAGs
[2025-01-18T00:12:39.889+0000] {logging_mixin.py:190} INFO - [2025-01-18T00:12:39.889+0000] {dag.py:4180} INFO - Setting next_dagrun for example_task_group to None, run_after=None
[2025-01-18T00:12:39.910+0000] {processor.py:208} INFO - Processing /home/airflow/.local/lib/python3.12/site-packages/airflow/example_dags/example_task_group.py took 0.086 seconds
[2025-01-18T00:13:10.794+0000] {processor.py:186} INFO - Started process (PID=19092) to work on /home/airflow/.local/lib/python3.12/site-packages/airflow/example_dags/example_task_group.py
[2025-01-18T00:13:10.795+0000] {processor.py:914} INFO - Processing file /home/airflow/.local/lib/python3.12/site-packages/airflow/example_dags/example_task_group.py for tasks to queue
[2025-01-18T00:13:10.798+0000] {logging_mixin.py:190} INFO - [2025-01-18T00:13:10.797+0000] {dagbag.py:588} INFO - Filling up the DagBag from /home/airflow/.local/lib/python3.12/site-packages/airflow/example_dags/example_task_group.py
[2025-01-18T00:13:10.809+0000] {processor.py:925} INFO - DAG(s) 'example_task_group' retrieved from /home/airflow/.local/lib/python3.12/site-packages/airflow/example_dags/example_task_group.py
[2025-01-18T00:13:10.842+0000] {logging_mixin.py:190} INFO - [2025-01-18T00:13:10.842+0000] {dag.py:3239} INFO - Sync 1 DAGs
[2025-01-18T00:13:10.866+0000] {logging_mixin.py:190} INFO - [2025-01-18T00:13:10.866+0000] {dag.py:4180} INFO - Setting next_dagrun for example_task_group to None, run_after=None
[2025-01-18T00:13:10.895+0000] {processor.py:208} INFO - Processing /home/airflow/.local/lib/python3.12/site-packages/airflow/example_dags/example_task_group.py took 0.108 seconds
[2025-01-18T00:13:41.035+0000] {processor.py:186} INFO - Started process (PID=19159) to work on /home/airflow/.local/lib/python3.12/site-packages/airflow/example_dags/example_task_group.py
[2025-01-18T00:13:41.037+0000] {processor.py:914} INFO - Processing file /home/airflow/.local/lib/python3.12/site-packages/airflow/example_dags/example_task_group.py for tasks to queue
[2025-01-18T00:13:41.040+0000] {logging_mixin.py:190} INFO - [2025-01-18T00:13:41.039+0000] {dagbag.py:588} INFO - Filling up the DagBag from /home/airflow/.local/lib/python3.12/site-packages/airflow/example_dags/example_task_group.py
[2025-01-18T00:13:41.051+0000] {processor.py:925} INFO - DAG(s) 'example_task_group' retrieved from /home/airflow/.local/lib/python3.12/site-packages/airflow/example_dags/example_task_group.py
[2025-01-18T00:13:41.114+0000] {logging_mixin.py:190} INFO - [2025-01-18T00:13:41.114+0000] {dag.py:3239} INFO - Sync 1 DAGs
[2025-01-18T00:13:41.154+0000] {logging_mixin.py:190} INFO - [2025-01-18T00:13:41.154+0000] {dag.py:4180} INFO - Setting next_dagrun for example_task_group to None, run_after=None
[2025-01-18T00:13:41.210+0000] {processor.py:208} INFO - Processing /home/airflow/.local/lib/python3.12/site-packages/airflow/example_dags/example_task_group.py took 0.183 seconds
[2025-01-18T00:14:11.673+0000] {processor.py:186} INFO - Started process (PID=19226) to work on /home/airflow/.local/lib/python3.12/site-packages/airflow/example_dags/example_task_group.py
[2025-01-18T00:14:11.675+0000] {processor.py:914} INFO - Processing file /home/airflow/.local/lib/python3.12/site-packages/airflow/example_dags/example_task_group.py for tasks to queue
[2025-01-18T00:14:11.677+0000] {logging_mixin.py:190} INFO - [2025-01-18T00:14:11.677+0000] {dagbag.py:588} INFO - Filling up the DagBag from /home/airflow/.local/lib/python3.12/site-packages/airflow/example_dags/example_task_group.py
[2025-01-18T00:14:11.685+0000] {processor.py:925} INFO - DAG(s) 'example_task_group' retrieved from /home/airflow/.local/lib/python3.12/site-packages/airflow/example_dags/example_task_group.py
[2025-01-18T00:14:11.709+0000] {logging_mixin.py:190} INFO - [2025-01-18T00:14:11.709+0000] {dag.py:3239} INFO - Sync 1 DAGs
[2025-01-18T00:14:11.724+0000] {logging_mixin.py:190} INFO - [2025-01-18T00:14:11.724+0000] {dag.py:4180} INFO - Setting next_dagrun for example_task_group to None, run_after=None
[2025-01-18T00:14:11.747+0000] {processor.py:208} INFO - Processing /home/airflow/.local/lib/python3.12/site-packages/airflow/example_dags/example_task_group.py took 0.081 seconds
[2025-01-18T00:14:42.115+0000] {processor.py:186} INFO - Started process (PID=19294) to work on /home/airflow/.local/lib/python3.12/site-packages/airflow/example_dags/example_task_group.py
[2025-01-18T00:14:42.116+0000] {processor.py:914} INFO - Processing file /home/airflow/.local/lib/python3.12/site-packages/airflow/example_dags/example_task_group.py for tasks to queue
[2025-01-18T00:14:42.118+0000] {logging_mixin.py:190} INFO - [2025-01-18T00:14:42.118+0000] {dagbag.py:588} INFO - Filling up the DagBag from /home/airflow/.local/lib/python3.12/site-packages/airflow/example_dags/example_task_group.py
[2025-01-18T00:14:42.125+0000] {processor.py:925} INFO - DAG(s) 'example_task_group' retrieved from /home/airflow/.local/lib/python3.12/site-packages/airflow/example_dags/example_task_group.py
[2025-01-18T00:14:42.151+0000] {logging_mixin.py:190} INFO - [2025-01-18T00:14:42.151+0000] {dag.py:3239} INFO - Sync 1 DAGs
[2025-01-18T00:14:42.170+0000] {logging_mixin.py:190} INFO - [2025-01-18T00:14:42.170+0000] {dag.py:4180} INFO - Setting next_dagrun for example_task_group to None, run_after=None
[2025-01-18T00:14:42.196+0000] {processor.py:208} INFO - Processing /home/airflow/.local/lib/python3.12/site-packages/airflow/example_dags/example_task_group.py took 0.087 seconds
[2025-01-18T00:15:12.362+0000] {processor.py:186} INFO - Started process (PID=19361) to work on /home/airflow/.local/lib/python3.12/site-packages/airflow/example_dags/example_task_group.py
[2025-01-18T00:15:12.363+0000] {processor.py:914} INFO - Processing file /home/airflow/.local/lib/python3.12/site-packages/airflow/example_dags/example_task_group.py for tasks to queue
[2025-01-18T00:15:12.366+0000] {logging_mixin.py:190} INFO - [2025-01-18T00:15:12.365+0000] {dagbag.py:588} INFO - Filling up the DagBag from /home/airflow/.local/lib/python3.12/site-packages/airflow/example_dags/example_task_group.py
[2025-01-18T00:15:12.373+0000] {processor.py:925} INFO - DAG(s) 'example_task_group' retrieved from /home/airflow/.local/lib/python3.12/site-packages/airflow/example_dags/example_task_group.py
[2025-01-18T00:15:12.399+0000] {logging_mixin.py:190} INFO - [2025-01-18T00:15:12.399+0000] {dag.py:3239} INFO - Sync 1 DAGs
[2025-01-18T00:15:12.417+0000] {logging_mixin.py:190} INFO - [2025-01-18T00:15:12.416+0000] {dag.py:4180} INFO - Setting next_dagrun for example_task_group to None, run_after=None
[2025-01-18T00:15:12.447+0000] {processor.py:208} INFO - Processing /home/airflow/.local/lib/python3.12/site-packages/airflow/example_dags/example_task_group.py took 0.091 seconds
[2025-01-18T00:15:42.716+0000] {processor.py:186} INFO - Started process (PID=19428) to work on /home/airflow/.local/lib/python3.12/site-packages/airflow/example_dags/example_task_group.py
[2025-01-18T00:15:42.717+0000] {processor.py:914} INFO - Processing file /home/airflow/.local/lib/python3.12/site-packages/airflow/example_dags/example_task_group.py for tasks to queue
[2025-01-18T00:15:42.719+0000] {logging_mixin.py:190} INFO - [2025-01-18T00:15:42.719+0000] {dagbag.py:588} INFO - Filling up the DagBag from /home/airflow/.local/lib/python3.12/site-packages/airflow/example_dags/example_task_group.py
[2025-01-18T00:15:42.726+0000] {processor.py:925} INFO - DAG(s) 'example_task_group' retrieved from /home/airflow/.local/lib/python3.12/site-packages/airflow/example_dags/example_task_group.py
[2025-01-18T00:15:42.751+0000] {logging_mixin.py:190} INFO - [2025-01-18T00:15:42.751+0000] {dag.py:3239} INFO - Sync 1 DAGs
[2025-01-18T00:15:42.768+0000] {logging_mixin.py:190} INFO - [2025-01-18T00:15:42.768+0000] {dag.py:4180} INFO - Setting next_dagrun for example_task_group to None, run_after=None
[2025-01-18T00:15:42.791+0000] {processor.py:208} INFO - Processing /home/airflow/.local/lib/python3.12/site-packages/airflow/example_dags/example_task_group.py took 0.080 seconds
[2025-01-18T00:16:13.184+0000] {processor.py:186} INFO - Started process (PID=19495) to work on /home/airflow/.local/lib/python3.12/site-packages/airflow/example_dags/example_task_group.py
[2025-01-18T00:16:13.185+0000] {processor.py:914} INFO - Processing file /home/airflow/.local/lib/python3.12/site-packages/airflow/example_dags/example_task_group.py for tasks to queue
[2025-01-18T00:16:13.188+0000] {logging_mixin.py:190} INFO - [2025-01-18T00:16:13.188+0000] {dagbag.py:588} INFO - Filling up the DagBag from /home/airflow/.local/lib/python3.12/site-packages/airflow/example_dags/example_task_group.py
[2025-01-18T00:16:13.202+0000] {processor.py:925} INFO - DAG(s) 'example_task_group' retrieved from /home/airflow/.local/lib/python3.12/site-packages/airflow/example_dags/example_task_group.py
[2025-01-18T00:16:13.245+0000] {logging_mixin.py:190} INFO - [2025-01-18T00:16:13.244+0000] {dag.py:3239} INFO - Sync 1 DAGs
[2025-01-18T00:16:13.285+0000] {logging_mixin.py:190} INFO - [2025-01-18T00:16:13.285+0000] {dag.py:4180} INFO - Setting next_dagrun for example_task_group to None, run_after=None
[2025-01-18T00:16:13.318+0000] {processor.py:208} INFO - Processing /home/airflow/.local/lib/python3.12/site-packages/airflow/example_dags/example_task_group.py took 0.143 seconds
[2025-01-18T00:16:43.573+0000] {processor.py:186} INFO - Started process (PID=19562) to work on /home/airflow/.local/lib/python3.12/site-packages/airflow/example_dags/example_task_group.py
[2025-01-18T00:16:43.574+0000] {processor.py:914} INFO - Processing file /home/airflow/.local/lib/python3.12/site-packages/airflow/example_dags/example_task_group.py for tasks to queue
[2025-01-18T00:16:43.577+0000] {logging_mixin.py:190} INFO - [2025-01-18T00:16:43.577+0000] {dagbag.py:588} INFO - Filling up the DagBag from /home/airflow/.local/lib/python3.12/site-packages/airflow/example_dags/example_task_group.py
[2025-01-18T00:16:43.587+0000] {processor.py:925} INFO - DAG(s) 'example_task_group' retrieved from /home/airflow/.local/lib/python3.12/site-packages/airflow/example_dags/example_task_group.py
[2025-01-18T00:16:43.612+0000] {logging_mixin.py:190} INFO - [2025-01-18T00:16:43.612+0000] {dag.py:3239} INFO - Sync 1 DAGs
[2025-01-18T00:16:43.630+0000] {logging_mixin.py:190} INFO - [2025-01-18T00:16:43.630+0000] {dag.py:4180} INFO - Setting next_dagrun for example_task_group to None, run_after=None
[2025-01-18T00:16:43.657+0000] {processor.py:208} INFO - Processing /home/airflow/.local/lib/python3.12/site-packages/airflow/example_dags/example_task_group.py took 0.091 seconds
[2025-01-18T00:17:14.254+0000] {processor.py:186} INFO - Started process (PID=19635) to work on /home/airflow/.local/lib/python3.12/site-packages/airflow/example_dags/example_task_group.py
[2025-01-18T00:17:14.256+0000] {processor.py:914} INFO - Processing file /home/airflow/.local/lib/python3.12/site-packages/airflow/example_dags/example_task_group.py for tasks to queue
[2025-01-18T00:17:14.258+0000] {logging_mixin.py:190} INFO - [2025-01-18T00:17:14.258+0000] {dagbag.py:588} INFO - Filling up the DagBag from /home/airflow/.local/lib/python3.12/site-packages/airflow/example_dags/example_task_group.py
[2025-01-18T00:17:14.271+0000] {processor.py:925} INFO - DAG(s) 'example_task_group' retrieved from /home/airflow/.local/lib/python3.12/site-packages/airflow/example_dags/example_task_group.py
[2025-01-18T00:17:14.300+0000] {logging_mixin.py:190} INFO - [2025-01-18T00:17:14.299+0000] {dag.py:3239} INFO - Sync 1 DAGs
[2025-01-18T00:17:14.322+0000] {logging_mixin.py:190} INFO - [2025-01-18T00:17:14.322+0000] {dag.py:4180} INFO - Setting next_dagrun for example_task_group to None, run_after=None
[2025-01-18T00:17:14.350+0000] {processor.py:208} INFO - Processing /home/airflow/.local/lib/python3.12/site-packages/airflow/example_dags/example_task_group.py took 0.105 seconds
[2025-01-18T00:17:45.061+0000] {processor.py:186} INFO - Started process (PID=19703) to work on /home/airflow/.local/lib/python3.12/site-packages/airflow/example_dags/example_task_group.py
[2025-01-18T00:17:45.062+0000] {processor.py:914} INFO - Processing file /home/airflow/.local/lib/python3.12/site-packages/airflow/example_dags/example_task_group.py for tasks to queue
[2025-01-18T00:17:45.066+0000] {logging_mixin.py:190} INFO - [2025-01-18T00:17:45.065+0000] {dagbag.py:588} INFO - Filling up the DagBag from /home/airflow/.local/lib/python3.12/site-packages/airflow/example_dags/example_task_group.py
[2025-01-18T00:17:45.078+0000] {processor.py:925} INFO - DAG(s) 'example_task_group' retrieved from /home/airflow/.local/lib/python3.12/site-packages/airflow/example_dags/example_task_group.py
[2025-01-18T00:17:45.107+0000] {logging_mixin.py:190} INFO - [2025-01-18T00:17:45.106+0000] {dag.py:3239} INFO - Sync 1 DAGs
[2025-01-18T00:17:45.125+0000] {logging_mixin.py:190} INFO - [2025-01-18T00:17:45.125+0000] {dag.py:4180} INFO - Setting next_dagrun for example_task_group to None, run_after=None
[2025-01-18T00:17:45.150+0000] {processor.py:208} INFO - Processing /home/airflow/.local/lib/python3.12/site-packages/airflow/example_dags/example_task_group.py took 0.095 seconds
[2025-01-18T00:18:15.402+0000] {processor.py:186} INFO - Started process (PID=19770) to work on /home/airflow/.local/lib/python3.12/site-packages/airflow/example_dags/example_task_group.py
[2025-01-18T00:18:15.403+0000] {processor.py:914} INFO - Processing file /home/airflow/.local/lib/python3.12/site-packages/airflow/example_dags/example_task_group.py for tasks to queue
[2025-01-18T00:18:15.406+0000] {logging_mixin.py:190} INFO - [2025-01-18T00:18:15.406+0000] {dagbag.py:588} INFO - Filling up the DagBag from /home/airflow/.local/lib/python3.12/site-packages/airflow/example_dags/example_task_group.py
[2025-01-18T00:18:15.417+0000] {processor.py:925} INFO - DAG(s) 'example_task_group' retrieved from /home/airflow/.local/lib/python3.12/site-packages/airflow/example_dags/example_task_group.py
[2025-01-18T00:18:15.445+0000] {logging_mixin.py:190} INFO - [2025-01-18T00:18:15.445+0000] {dag.py:3239} INFO - Sync 1 DAGs
[2025-01-18T00:18:15.464+0000] {logging_mixin.py:190} INFO - [2025-01-18T00:18:15.464+0000] {dag.py:4180} INFO - Setting next_dagrun for example_task_group to None, run_after=None
[2025-01-18T00:18:15.489+0000] {processor.py:208} INFO - Processing /home/airflow/.local/lib/python3.12/site-packages/airflow/example_dags/example_task_group.py took 0.094 seconds
[2025-01-18T00:18:46.110+0000] {processor.py:186} INFO - Started process (PID=19837) to work on /home/airflow/.local/lib/python3.12/site-packages/airflow/example_dags/example_task_group.py
[2025-01-18T00:18:46.111+0000] {processor.py:914} INFO - Processing file /home/airflow/.local/lib/python3.12/site-packages/airflow/example_dags/example_task_group.py for tasks to queue
[2025-01-18T00:18:46.114+0000] {logging_mixin.py:190} INFO - [2025-01-18T00:18:46.113+0000] {dagbag.py:588} INFO - Filling up the DagBag from /home/airflow/.local/lib/python3.12/site-packages/airflow/example_dags/example_task_group.py
[2025-01-18T00:18:46.124+0000] {processor.py:925} INFO - DAG(s) 'example_task_group' retrieved from /home/airflow/.local/lib/python3.12/site-packages/airflow/example_dags/example_task_group.py
[2025-01-18T00:18:46.155+0000] {logging_mixin.py:190} INFO - [2025-01-18T00:18:46.155+0000] {dag.py:3239} INFO - Sync 1 DAGs
[2025-01-18T00:18:46.177+0000] {logging_mixin.py:190} INFO - [2025-01-18T00:18:46.177+0000] {dag.py:4180} INFO - Setting next_dagrun for example_task_group to None, run_after=None
[2025-01-18T00:18:46.203+0000] {processor.py:208} INFO - Processing /home/airflow/.local/lib/python3.12/site-packages/airflow/example_dags/example_task_group.py took 0.104 seconds
[2025-01-18T00:19:16.608+0000] {processor.py:186} INFO - Started process (PID=19903) to work on /home/airflow/.local/lib/python3.12/site-packages/airflow/example_dags/example_task_group.py
[2025-01-18T00:19:16.610+0000] {processor.py:914} INFO - Processing file /home/airflow/.local/lib/python3.12/site-packages/airflow/example_dags/example_task_group.py for tasks to queue
[2025-01-18T00:19:16.612+0000] {logging_mixin.py:190} INFO - [2025-01-18T00:19:16.611+0000] {dagbag.py:588} INFO - Filling up the DagBag from /home/airflow/.local/lib/python3.12/site-packages/airflow/example_dags/example_task_group.py
[2025-01-18T00:19:16.621+0000] {processor.py:925} INFO - DAG(s) 'example_task_group' retrieved from /home/airflow/.local/lib/python3.12/site-packages/airflow/example_dags/example_task_group.py
[2025-01-18T00:19:16.646+0000] {logging_mixin.py:190} INFO - [2025-01-18T00:19:16.646+0000] {dag.py:3239} INFO - Sync 1 DAGs
[2025-01-18T00:19:16.665+0000] {logging_mixin.py:190} INFO - [2025-01-18T00:19:16.664+0000] {dag.py:4180} INFO - Setting next_dagrun for example_task_group to None, run_after=None
[2025-01-18T00:19:16.698+0000] {processor.py:208} INFO - Processing /home/airflow/.local/lib/python3.12/site-packages/airflow/example_dags/example_task_group.py took 0.095 seconds
[2025-01-18T00:19:46.747+0000] {processor.py:186} INFO - Started process (PID=19969) to work on /home/airflow/.local/lib/python3.12/site-packages/airflow/example_dags/example_task_group.py
[2025-01-18T00:19:46.748+0000] {processor.py:914} INFO - Processing file /home/airflow/.local/lib/python3.12/site-packages/airflow/example_dags/example_task_group.py for tasks to queue
[2025-01-18T00:19:46.751+0000] {logging_mixin.py:190} INFO - [2025-01-18T00:19:46.751+0000] {dagbag.py:588} INFO - Filling up the DagBag from /home/airflow/.local/lib/python3.12/site-packages/airflow/example_dags/example_task_group.py
[2025-01-18T00:19:46.759+0000] {processor.py:925} INFO - DAG(s) 'example_task_group' retrieved from /home/airflow/.local/lib/python3.12/site-packages/airflow/example_dags/example_task_group.py
[2025-01-18T00:19:46.783+0000] {logging_mixin.py:190} INFO - [2025-01-18T00:19:46.783+0000] {dag.py:3239} INFO - Sync 1 DAGs
[2025-01-18T00:19:46.801+0000] {logging_mixin.py:190} INFO - [2025-01-18T00:19:46.801+0000] {dag.py:4180} INFO - Setting next_dagrun for example_task_group to None, run_after=None
[2025-01-18T00:19:46.826+0000] {processor.py:208} INFO - Processing /home/airflow/.local/lib/python3.12/site-packages/airflow/example_dags/example_task_group.py took 0.085 seconds
[2025-01-18T00:20:17.791+0000] {processor.py:186} INFO - Started process (PID=20037) to work on /home/airflow/.local/lib/python3.12/site-packages/airflow/example_dags/example_task_group.py
[2025-01-18T00:20:17.792+0000] {processor.py:914} INFO - Processing file /home/airflow/.local/lib/python3.12/site-packages/airflow/example_dags/example_task_group.py for tasks to queue
[2025-01-18T00:20:17.795+0000] {logging_mixin.py:190} INFO - [2025-01-18T00:20:17.795+0000] {dagbag.py:588} INFO - Filling up the DagBag from /home/airflow/.local/lib/python3.12/site-packages/airflow/example_dags/example_task_group.py
[2025-01-18T00:20:17.804+0000] {processor.py:925} INFO - DAG(s) 'example_task_group' retrieved from /home/airflow/.local/lib/python3.12/site-packages/airflow/example_dags/example_task_group.py
[2025-01-18T00:20:17.830+0000] {logging_mixin.py:190} INFO - [2025-01-18T00:20:17.829+0000] {dag.py:3239} INFO - Sync 1 DAGs
[2025-01-18T00:20:17.847+0000] {logging_mixin.py:190} INFO - [2025-01-18T00:20:17.847+0000] {dag.py:4180} INFO - Setting next_dagrun for example_task_group to None, run_after=None
[2025-01-18T00:20:17.872+0000] {processor.py:208} INFO - Processing /home/airflow/.local/lib/python3.12/site-packages/airflow/example_dags/example_task_group.py took 0.087 seconds
[2025-01-18T00:20:48.766+0000] {processor.py:186} INFO - Started process (PID=20104) to work on /home/airflow/.local/lib/python3.12/site-packages/airflow/example_dags/example_task_group.py
[2025-01-18T00:20:48.767+0000] {processor.py:914} INFO - Processing file /home/airflow/.local/lib/python3.12/site-packages/airflow/example_dags/example_task_group.py for tasks to queue
[2025-01-18T00:20:48.770+0000] {logging_mixin.py:190} INFO - [2025-01-18T00:20:48.769+0000] {dagbag.py:588} INFO - Filling up the DagBag from /home/airflow/.local/lib/python3.12/site-packages/airflow/example_dags/example_task_group.py
[2025-01-18T00:20:48.781+0000] {processor.py:925} INFO - DAG(s) 'example_task_group' retrieved from /home/airflow/.local/lib/python3.12/site-packages/airflow/example_dags/example_task_group.py
[2025-01-18T00:20:48.809+0000] {logging_mixin.py:190} INFO - [2025-01-18T00:20:48.808+0000] {dag.py:3239} INFO - Sync 1 DAGs
[2025-01-18T00:20:48.829+0000] {logging_mixin.py:190} INFO - [2025-01-18T00:20:48.829+0000] {dag.py:4180} INFO - Setting next_dagrun for example_task_group to None, run_after=None
[2025-01-18T00:20:48.856+0000] {processor.py:208} INFO - Processing /home/airflow/.local/lib/python3.12/site-packages/airflow/example_dags/example_task_group.py took 0.096 seconds
[2025-01-18T00:21:19.686+0000] {processor.py:186} INFO - Started process (PID=20175) to work on /home/airflow/.local/lib/python3.12/site-packages/airflow/example_dags/example_task_group.py
[2025-01-18T00:21:19.688+0000] {processor.py:914} INFO - Processing file /home/airflow/.local/lib/python3.12/site-packages/airflow/example_dags/example_task_group.py for tasks to queue
[2025-01-18T00:21:19.690+0000] {logging_mixin.py:190} INFO - [2025-01-18T00:21:19.690+0000] {dagbag.py:588} INFO - Filling up the DagBag from /home/airflow/.local/lib/python3.12/site-packages/airflow/example_dags/example_task_group.py
[2025-01-18T00:21:19.702+0000] {processor.py:925} INFO - DAG(s) 'example_task_group' retrieved from /home/airflow/.local/lib/python3.12/site-packages/airflow/example_dags/example_task_group.py
[2025-01-18T00:21:19.727+0000] {logging_mixin.py:190} INFO - [2025-01-18T00:21:19.727+0000] {dag.py:3239} INFO - Sync 1 DAGs
[2025-01-18T00:21:19.745+0000] {logging_mixin.py:190} INFO - [2025-01-18T00:21:19.744+0000] {dag.py:4180} INFO - Setting next_dagrun for example_task_group to None, run_after=None
[2025-01-18T00:21:19.772+0000] {processor.py:208} INFO - Processing /home/airflow/.local/lib/python3.12/site-packages/airflow/example_dags/example_task_group.py took 0.093 seconds
[2025-01-18T00:21:50.330+0000] {processor.py:186} INFO - Started process (PID=20242) to work on /home/airflow/.local/lib/python3.12/site-packages/airflow/example_dags/example_task_group.py
[2025-01-18T00:21:50.331+0000] {processor.py:914} INFO - Processing file /home/airflow/.local/lib/python3.12/site-packages/airflow/example_dags/example_task_group.py for tasks to queue
[2025-01-18T00:21:50.333+0000] {logging_mixin.py:190} INFO - [2025-01-18T00:21:50.333+0000] {dagbag.py:588} INFO - Filling up the DagBag from /home/airflow/.local/lib/python3.12/site-packages/airflow/example_dags/example_task_group.py
[2025-01-18T00:21:50.343+0000] {processor.py:925} INFO - DAG(s) 'example_task_group' retrieved from /home/airflow/.local/lib/python3.12/site-packages/airflow/example_dags/example_task_group.py
[2025-01-18T00:21:50.368+0000] {logging_mixin.py:190} INFO - [2025-01-18T00:21:50.368+0000] {dag.py:3239} INFO - Sync 1 DAGs
[2025-01-18T00:21:50.386+0000] {logging_mixin.py:190} INFO - [2025-01-18T00:21:50.386+0000] {dag.py:4180} INFO - Setting next_dagrun for example_task_group to None, run_after=None
[2025-01-18T00:21:50.411+0000] {processor.py:208} INFO - Processing /home/airflow/.local/lib/python3.12/site-packages/airflow/example_dags/example_task_group.py took 0.088 seconds
[2025-01-18T00:22:20.942+0000] {processor.py:186} INFO - Started process (PID=20308) to work on /home/airflow/.local/lib/python3.12/site-packages/airflow/example_dags/example_task_group.py
[2025-01-18T00:22:20.944+0000] {processor.py:914} INFO - Processing file /home/airflow/.local/lib/python3.12/site-packages/airflow/example_dags/example_task_group.py for tasks to queue
[2025-01-18T00:22:20.946+0000] {logging_mixin.py:190} INFO - [2025-01-18T00:22:20.946+0000] {dagbag.py:588} INFO - Filling up the DagBag from /home/airflow/.local/lib/python3.12/site-packages/airflow/example_dags/example_task_group.py
[2025-01-18T00:22:20.955+0000] {processor.py:925} INFO - DAG(s) 'example_task_group' retrieved from /home/airflow/.local/lib/python3.12/site-packages/airflow/example_dags/example_task_group.py
[2025-01-18T00:22:20.979+0000] {logging_mixin.py:190} INFO - [2025-01-18T00:22:20.979+0000] {dag.py:3239} INFO - Sync 1 DAGs
[2025-01-18T00:22:20.993+0000] {logging_mixin.py:190} INFO - [2025-01-18T00:22:20.992+0000] {dag.py:4180} INFO - Setting next_dagrun for example_task_group to None, run_after=None
[2025-01-18T00:22:20.553+0000] {processor.py:208} INFO - Processing /home/airflow/.local/lib/python3.12/site-packages/airflow/example_dags/example_task_group.py took 0.077 seconds
[2025-01-18T00:22:51.905+0000] {processor.py:186} INFO - Started process (PID=20378) to work on /home/airflow/.local/lib/python3.12/site-packages/airflow/example_dags/example_task_group.py
[2025-01-18T00:22:51.907+0000] {processor.py:914} INFO - Processing file /home/airflow/.local/lib/python3.12/site-packages/airflow/example_dags/example_task_group.py for tasks to queue
[2025-01-18T00:22:51.909+0000] {logging_mixin.py:190} INFO - [2025-01-18T00:22:51.908+0000] {dagbag.py:588} INFO - Filling up the DagBag from /home/airflow/.local/lib/python3.12/site-packages/airflow/example_dags/example_task_group.py
[2025-01-18T00:22:51.918+0000] {processor.py:925} INFO - DAG(s) 'example_task_group' retrieved from /home/airflow/.local/lib/python3.12/site-packages/airflow/example_dags/example_task_group.py
[2025-01-18T00:22:51.945+0000] {logging_mixin.py:190} INFO - [2025-01-18T00:22:51.945+0000] {dag.py:3239} INFO - Sync 1 DAGs
[2025-01-18T00:22:51.964+0000] {logging_mixin.py:190} INFO - [2025-01-18T00:22:51.963+0000] {dag.py:4180} INFO - Setting next_dagrun for example_task_group to None, run_after=None
[2025-01-18T00:22:51.991+0000] {processor.py:208} INFO - Processing /home/airflow/.local/lib/python3.12/site-packages/airflow/example_dags/example_task_group.py took 0.092 seconds
[2025-01-18T00:23:23.417+0000] {processor.py:186} INFO - Started process (PID=20445) to work on /home/airflow/.local/lib/python3.12/site-packages/airflow/example_dags/example_task_group.py
[2025-01-18T00:23:23.419+0000] {processor.py:914} INFO - Processing file /home/airflow/.local/lib/python3.12/site-packages/airflow/example_dags/example_task_group.py for tasks to queue
[2025-01-18T00:23:23.422+0000] {logging_mixin.py:190} INFO - [2025-01-18T00:23:23.422+0000] {dagbag.py:588} INFO - Filling up the DagBag from /home/airflow/.local/lib/python3.12/site-packages/airflow/example_dags/example_task_group.py
[2025-01-18T00:23:23.432+0000] {processor.py:925} INFO - DAG(s) 'example_task_group' retrieved from /home/airflow/.local/lib/python3.12/site-packages/airflow/example_dags/example_task_group.py
[2025-01-18T00:23:23.461+0000] {logging_mixin.py:190} INFO - [2025-01-18T00:23:23.461+0000] {dag.py:3239} INFO - Sync 1 DAGs
[2025-01-18T00:23:23.482+0000] {logging_mixin.py:190} INFO - [2025-01-18T00:23:23.482+0000] {dag.py:4180} INFO - Setting next_dagrun for example_task_group to None, run_after=None
[2025-01-18T00:23:23.508+0000] {processor.py:208} INFO - Processing /home/airflow/.local/lib/python3.12/site-packages/airflow/example_dags/example_task_group.py took 0.100 seconds
[2025-01-18T00:23:55.271+0000] {processor.py:186} INFO - Started process (PID=20514) to work on /home/airflow/.local/lib/python3.12/site-packages/airflow/example_dags/example_task_group.py
[2025-01-18T00:23:55.272+0000] {processor.py:914} INFO - Processing file /home/airflow/.local/lib/python3.12/site-packages/airflow/example_dags/example_task_group.py for tasks to queue
[2025-01-18T00:23:55.276+0000] {logging_mixin.py:190} INFO - [2025-01-18T00:23:55.275+0000] {dagbag.py:588} INFO - Filling up the DagBag from /home/airflow/.local/lib/python3.12/site-packages/airflow/example_dags/example_task_group.py
[2025-01-18T00:23:55.288+0000] {processor.py:925} INFO - DAG(s) 'example_task_group' retrieved from /home/airflow/.local/lib/python3.12/site-packages/airflow/example_dags/example_task_group.py
[2025-01-18T00:23:55.316+0000] {logging_mixin.py:190} INFO - [2025-01-18T00:23:55.316+0000] {dag.py:3239} INFO - Sync 1 DAGs
[2025-01-18T00:23:55.334+0000] {logging_mixin.py:190} INFO - [2025-01-18T00:23:55.334+0000] {dag.py:4180} INFO - Setting next_dagrun for example_task_group to None, run_after=None
[2025-01-18T00:23:55.358+0000] {processor.py:208} INFO - Processing /home/airflow/.local/lib/python3.12/site-packages/airflow/example_dags/example_task_group.py took 0.096 seconds
[2025-01-18T00:24:26.453+0000] {processor.py:186} INFO - Started process (PID=20583) to work on /home/airflow/.local/lib/python3.12/site-packages/airflow/example_dags/example_task_group.py
[2025-01-18T00:24:26.454+0000] {processor.py:914} INFO - Processing file /home/airflow/.local/lib/python3.12/site-packages/airflow/example_dags/example_task_group.py for tasks to queue
[2025-01-18T00:24:26.457+0000] {logging_mixin.py:190} INFO - [2025-01-18T00:24:26.457+0000] {dagbag.py:588} INFO - Filling up the DagBag from /home/airflow/.local/lib/python3.12/site-packages/airflow/example_dags/example_task_group.py
[2025-01-18T00:24:26.466+0000] {processor.py:925} INFO - DAG(s) 'example_task_group' retrieved from /home/airflow/.local/lib/python3.12/site-packages/airflow/example_dags/example_task_group.py
[2025-01-18T00:24:26.492+0000] {logging_mixin.py:190} INFO - [2025-01-18T00:24:26.491+0000] {dag.py:3239} INFO - Sync 1 DAGs
[2025-01-18T00:24:26.509+0000] {logging_mixin.py:190} INFO - [2025-01-18T00:24:26.509+0000] {dag.py:4180} INFO - Setting next_dagrun for example_task_group to None, run_after=None
[2025-01-18T00:24:26.535+0000] {processor.py:208} INFO - Processing /home/airflow/.local/lib/python3.12/site-packages/airflow/example_dags/example_task_group.py took 0.088 seconds
[2025-01-18T00:24:57.828+0000] {processor.py:186} INFO - Started process (PID=20656) to work on /home/airflow/.local/lib/python3.12/site-packages/airflow/example_dags/example_task_group.py
[2025-01-18T00:24:57.830+0000] {processor.py:914} INFO - Processing file /home/airflow/.local/lib/python3.12/site-packages/airflow/example_dags/example_task_group.py for tasks to queue
[2025-01-18T00:24:57.833+0000] {logging_mixin.py:190} INFO - [2025-01-18T00:24:57.833+0000] {dagbag.py:588} INFO - Filling up the DagBag from /home/airflow/.local/lib/python3.12/site-packages/airflow/example_dags/example_task_group.py
[2025-01-18T00:24:57.841+0000] {processor.py:925} INFO - DAG(s) 'example_task_group' retrieved from /home/airflow/.local/lib/python3.12/site-packages/airflow/example_dags/example_task_group.py
[2025-01-18T00:24:57.864+0000] {logging_mixin.py:190} INFO - [2025-01-18T00:24:57.864+0000] {dag.py:3239} INFO - Sync 1 DAGs
[2025-01-18T00:24:57.880+0000] {logging_mixin.py:190} INFO - [2025-01-18T00:24:57.880+0000] {dag.py:4180} INFO - Setting next_dagrun for example_task_group to None, run_after=None
[2025-01-18T00:24:57.906+0000] {processor.py:208} INFO - Processing /home/airflow/.local/lib/python3.12/site-packages/airflow/example_dags/example_task_group.py took 0.083 seconds
[2025-01-18T00:25:28.782+0000] {processor.py:186} INFO - Started process (PID=20723) to work on /home/airflow/.local/lib/python3.12/site-packages/airflow/example_dags/example_task_group.py
[2025-01-18T00:25:28.784+0000] {processor.py:914} INFO - Processing file /home/airflow/.local/lib/python3.12/site-packages/airflow/example_dags/example_task_group.py for tasks to queue
[2025-01-18T00:25:28.787+0000] {logging_mixin.py:190} INFO - [2025-01-18T00:25:28.786+0000] {dagbag.py:588} INFO - Filling up the DagBag from /home/airflow/.local/lib/python3.12/site-packages/airflow/example_dags/example_task_group.py
[2025-01-18T00:25:28.797+0000] {processor.py:925} INFO - DAG(s) 'example_task_group' retrieved from /home/airflow/.local/lib/python3.12/site-packages/airflow/example_dags/example_task_group.py
[2025-01-18T00:25:28.821+0000] {logging_mixin.py:190} INFO - [2025-01-18T00:25:28.820+0000] {dag.py:3239} INFO - Sync 1 DAGs
[2025-01-18T00:25:28.836+0000] {logging_mixin.py:190} INFO - [2025-01-18T00:25:28.836+0000] {dag.py:4180} INFO - Setting next_dagrun for example_task_group to None, run_after=None
[2025-01-18T00:25:28.857+0000] {processor.py:208} INFO - Processing /home/airflow/.local/lib/python3.12/site-packages/airflow/example_dags/example_task_group.py took 0.081 seconds
[2025-01-18T00:25:59.330+0000] {processor.py:186} INFO - Started process (PID=20790) to work on /home/airflow/.local/lib/python3.12/site-packages/airflow/example_dags/example_task_group.py
[2025-01-18T00:25:59.331+0000] {processor.py:914} INFO - Processing file /home/airflow/.local/lib/python3.12/site-packages/airflow/example_dags/example_task_group.py for tasks to queue
[2025-01-18T00:25:59.334+0000] {logging_mixin.py:190} INFO - [2025-01-18T00:25:59.334+0000] {dagbag.py:588} INFO - Filling up the DagBag from /home/airflow/.local/lib/python3.12/site-packages/airflow/example_dags/example_task_group.py
[2025-01-18T00:25:59.342+0000] {processor.py:925} INFO - DAG(s) 'example_task_group' retrieved from /home/airflow/.local/lib/python3.12/site-packages/airflow/example_dags/example_task_group.py
[2025-01-18T00:25:59.366+0000] {logging_mixin.py:190} INFO - [2025-01-18T00:25:59.365+0000] {dag.py:3239} INFO - Sync 1 DAGs
[2025-01-18T00:25:59.384+0000] {logging_mixin.py:190} INFO - [2025-01-18T00:25:59.384+0000] {dag.py:4180} INFO - Setting next_dagrun for example_task_group to None, run_after=None
[2025-01-18T00:25:59.412+0000] {processor.py:208} INFO - Processing /home/airflow/.local/lib/python3.12/site-packages/airflow/example_dags/example_task_group.py took 0.087 seconds
[2025-01-18T00:26:30.080+0000] {processor.py:186} INFO - Started process (PID=20857) to work on /home/airflow/.local/lib/python3.12/site-packages/airflow/example_dags/example_task_group.py
[2025-01-18T00:26:30.080+0000] {processor.py:914} INFO - Processing file /home/airflow/.local/lib/python3.12/site-packages/airflow/example_dags/example_task_group.py for tasks to queue
[2025-01-18T00:26:30.082+0000] {logging_mixin.py:190} INFO - [2025-01-18T00:26:30.082+0000] {dagbag.py:588} INFO - Filling up the DagBag from /home/airflow/.local/lib/python3.12/site-packages/airflow/example_dags/example_task_group.py
[2025-01-18T00:26:30.092+0000] {processor.py:925} INFO - DAG(s) 'example_task_group' retrieved from /home/airflow/.local/lib/python3.12/site-packages/airflow/example_dags/example_task_group.py
[2025-01-18T00:26:30.118+0000] {logging_mixin.py:190} INFO - [2025-01-18T00:26:30.118+0000] {dag.py:3239} INFO - Sync 1 DAGs
[2025-01-18T00:26:30.135+0000] {logging_mixin.py:190} INFO - [2025-01-18T00:26:30.135+0000] {dag.py:4180} INFO - Setting next_dagrun for example_task_group to None, run_after=None
[2025-01-18T00:26:30.160+0000] {processor.py:208} INFO - Processing /home/airflow/.local/lib/python3.12/site-packages/airflow/example_dags/example_task_group.py took 0.085 seconds
[2025-01-18T00:27:00.839+0000] {processor.py:186} INFO - Started process (PID=20924) to work on /home/airflow/.local/lib/python3.12/site-packages/airflow/example_dags/example_task_group.py
[2025-01-18T00:27:00.840+0000] {processor.py:914} INFO - Processing file /home/airflow/.local/lib/python3.12/site-packages/airflow/example_dags/example_task_group.py for tasks to queue
[2025-01-18T00:27:00.842+0000] {logging_mixin.py:190} INFO - [2025-01-18T00:27:00.842+0000] {dagbag.py:588} INFO - Filling up the DagBag from /home/airflow/.local/lib/python3.12/site-packages/airflow/example_dags/example_task_group.py
[2025-01-18T00:27:00.851+0000] {processor.py:925} INFO - DAG(s) 'example_task_group' retrieved from /home/airflow/.local/lib/python3.12/site-packages/airflow/example_dags/example_task_group.py
[2025-01-18T00:27:00.873+0000] {logging_mixin.py:190} INFO - [2025-01-18T00:27:00.873+0000] {dag.py:3239} INFO - Sync 1 DAGs
[2025-01-18T00:27:00.890+0000] {logging_mixin.py:190} INFO - [2025-01-18T00:27:00.889+0000] {dag.py:4180} INFO - Setting next_dagrun for example_task_group to None, run_after=None
[2025-01-18T00:27:00.919+0000] {processor.py:208} INFO - Processing /home/airflow/.local/lib/python3.12/site-packages/airflow/example_dags/example_task_group.py took 0.085 seconds
[2025-01-18T00:27:31.238+0000] {processor.py:186} INFO - Started process (PID=20991) to work on /home/airflow/.local/lib/python3.12/site-packages/airflow/example_dags/example_task_group.py
[2025-01-18T00:27:31.240+0000] {processor.py:914} INFO - Processing file /home/airflow/.local/lib/python3.12/site-packages/airflow/example_dags/example_task_group.py for tasks to queue
[2025-01-18T00:27:31.244+0000] {logging_mixin.py:190} INFO - [2025-01-18T00:27:31.244+0000] {dagbag.py:588} INFO - Filling up the DagBag from /home/airflow/.local/lib/python3.12/site-packages/airflow/example_dags/example_task_group.py
[2025-01-18T00:27:31.255+0000] {processor.py:925} INFO - DAG(s) 'example_task_group' retrieved from /home/airflow/.local/lib/python3.12/site-packages/airflow/example_dags/example_task_group.py
[2025-01-18T00:27:31.288+0000] {logging_mixin.py:190} INFO - [2025-01-18T00:27:31.288+0000] {dag.py:3239} INFO - Sync 1 DAGs
[2025-01-18T00:27:31.310+0000] {logging_mixin.py:190} INFO - [2025-01-18T00:27:31.310+0000] {dag.py:4180} INFO - Setting next_dagrun for example_task_group to None, run_after=None
[2025-01-18T00:27:31.348+0000] {processor.py:208} INFO - Processing /home/airflow/.local/lib/python3.12/site-packages/airflow/example_dags/example_task_group.py took 0.117 seconds
[2025-01-18T00:28:01.509+0000] {processor.py:186} INFO - Started process (PID=21057) to work on /home/airflow/.local/lib/python3.12/site-packages/airflow/example_dags/example_task_group.py
[2025-01-18T00:28:01.510+0000] {processor.py:914} INFO - Processing file /home/airflow/.local/lib/python3.12/site-packages/airflow/example_dags/example_task_group.py for tasks to queue
[2025-01-18T00:28:01.513+0000] {logging_mixin.py:190} INFO - [2025-01-18T00:28:01.512+0000] {dagbag.py:588} INFO - Filling up the DagBag from /home/airflow/.local/lib/python3.12/site-packages/airflow/example_dags/example_task_group.py
[2025-01-18T00:28:01.524+0000] {processor.py:925} INFO - DAG(s) 'example_task_group' retrieved from /home/airflow/.local/lib/python3.12/site-packages/airflow/example_dags/example_task_group.py
[2025-01-18T00:28:01.553+0000] {logging_mixin.py:190} INFO - [2025-01-18T00:28:01.553+0000] {dag.py:3239} INFO - Sync 1 DAGs
[2025-01-18T00:28:01.571+0000] {logging_mixin.py:190} INFO - [2025-01-18T00:28:01.570+0000] {dag.py:4180} INFO - Setting next_dagrun for example_task_group to None, run_after=None
[2025-01-18T00:28:01.606+0000] {processor.py:208} INFO - Processing /home/airflow/.local/lib/python3.12/site-packages/airflow/example_dags/example_task_group.py took 0.103 seconds
[2025-01-18T00:28:32.118+0000] {processor.py:186} INFO - Started process (PID=21123) to work on /home/airflow/.local/lib/python3.12/site-packages/airflow/example_dags/example_task_group.py
[2025-01-18T00:28:32.120+0000] {processor.py:914} INFO - Processing file /home/airflow/.local/lib/python3.12/site-packages/airflow/example_dags/example_task_group.py for tasks to queue
[2025-01-18T00:28:32.123+0000] {logging_mixin.py:190} INFO - [2025-01-18T00:28:32.122+0000] {dagbag.py:588} INFO - Filling up the DagBag from /home/airflow/.local/lib/python3.12/site-packages/airflow/example_dags/example_task_group.py
[2025-01-18T00:28:32.135+0000] {processor.py:925} INFO - DAG(s) 'example_task_group' retrieved from /home/airflow/.local/lib/python3.12/site-packages/airflow/example_dags/example_task_group.py
[2025-01-18T00:28:32.163+0000] {logging_mixin.py:190} INFO - [2025-01-18T00:28:32.163+0000] {dag.py:3239} INFO - Sync 1 DAGs
[2025-01-18T00:28:32.180+0000] {logging_mixin.py:190} INFO - [2025-01-18T00:28:32.180+0000] {dag.py:4180} INFO - Setting next_dagrun for example_task_group to None, run_after=None
[2025-01-18T00:28:32.206+0000] {processor.py:208} INFO - Processing /home/airflow/.local/lib/python3.12/site-packages/airflow/example_dags/example_task_group.py took 0.095 seconds
[2025-01-18T00:29:03.198+0000] {processor.py:186} INFO - Started process (PID=21195) to work on /home/airflow/.local/lib/python3.12/site-packages/airflow/example_dags/example_task_group.py
[2025-01-18T00:29:03.200+0000] {processor.py:914} INFO - Processing file /home/airflow/.local/lib/python3.12/site-packages/airflow/example_dags/example_task_group.py for tasks to queue
[2025-01-18T00:29:03.202+0000] {logging_mixin.py:190} INFO - [2025-01-18T00:29:03.202+0000] {dagbag.py:588} INFO - Filling up the DagBag from /home/airflow/.local/lib/python3.12/site-packages/airflow/example_dags/example_task_group.py
[2025-01-18T00:29:03.211+0000] {processor.py:925} INFO - DAG(s) 'example_task_group' retrieved from /home/airflow/.local/lib/python3.12/site-packages/airflow/example_dags/example_task_group.py
[2025-01-18T00:29:03.233+0000] {logging_mixin.py:190} INFO - [2025-01-18T00:29:03.233+0000] {dag.py:3239} INFO - Sync 1 DAGs
[2025-01-18T00:29:03.250+0000] {logging_mixin.py:190} INFO - [2025-01-18T00:29:03.250+0000] {dag.py:4180} INFO - Setting next_dagrun for example_task_group to None, run_after=None
[2025-01-18T00:29:03.277+0000] {processor.py:208} INFO - Processing /home/airflow/.local/lib/python3.12/site-packages/airflow/example_dags/example_task_group.py took 0.084 seconds
[2025-01-18T00:29:34.653+0000] {processor.py:186} INFO - Started process (PID=21263) to work on /home/airflow/.local/lib/python3.12/site-packages/airflow/example_dags/example_task_group.py
[2025-01-18T00:29:34.654+0000] {processor.py:914} INFO - Processing file /home/airflow/.local/lib/python3.12/site-packages/airflow/example_dags/example_task_group.py for tasks to queue
[2025-01-18T00:29:34.657+0000] {logging_mixin.py:190} INFO - [2025-01-18T00:29:34.656+0000] {dagbag.py:588} INFO - Filling up the DagBag from /home/airflow/.local/lib/python3.12/site-packages/airflow/example_dags/example_task_group.py
[2025-01-18T00:29:34.667+0000] {processor.py:925} INFO - DAG(s) 'example_task_group' retrieved from /home/airflow/.local/lib/python3.12/site-packages/airflow/example_dags/example_task_group.py
[2025-01-18T00:29:34.689+0000] {logging_mixin.py:190} INFO - [2025-01-18T00:29:34.689+0000] {dag.py:3239} INFO - Sync 1 DAGs
[2025-01-18T00:29:34.705+0000] {logging_mixin.py:190} INFO - [2025-01-18T00:29:34.705+0000] {dag.py:4180} INFO - Setting next_dagrun for example_task_group to None, run_after=None
[2025-01-18T00:29:34.729+0000] {processor.py:208} INFO - Processing /home/airflow/.local/lib/python3.12/site-packages/airflow/example_dags/example_task_group.py took 0.082 seconds
[2025-01-18T00:30:05.330+0000] {processor.py:186} INFO - Started process (PID=21331) to work on /home/airflow/.local/lib/python3.12/site-packages/airflow/example_dags/example_task_group.py
[2025-01-18T00:30:05.331+0000] {processor.py:914} INFO - Processing file /home/airflow/.local/lib/python3.12/site-packages/airflow/example_dags/example_task_group.py for tasks to queue
[2025-01-18T00:30:05.334+0000] {logging_mixin.py:190} INFO - [2025-01-18T00:30:05.334+0000] {dagbag.py:588} INFO - Filling up the DagBag from /home/airflow/.local/lib/python3.12/site-packages/airflow/example_dags/example_task_group.py
[2025-01-18T00:30:05.344+0000] {processor.py:925} INFO - DAG(s) 'example_task_group' retrieved from /home/airflow/.local/lib/python3.12/site-packages/airflow/example_dags/example_task_group.py
[2025-01-18T00:30:05.370+0000] {logging_mixin.py:190} INFO - [2025-01-18T00:30:05.370+0000] {dag.py:3239} INFO - Sync 1 DAGs
[2025-01-18T00:30:05.387+0000] {logging_mixin.py:190} INFO - [2025-01-18T00:30:05.387+0000] {dag.py:4180} INFO - Setting next_dagrun for example_task_group to None, run_after=None
[2025-01-18T00:30:05.411+0000] {processor.py:208} INFO - Processing /home/airflow/.local/lib/python3.12/site-packages/airflow/example_dags/example_task_group.py took 0.089 seconds
[2025-01-18T00:30:35.467+0000] {processor.py:186} INFO - Started process (PID=21397) to work on /home/airflow/.local/lib/python3.12/site-packages/airflow/example_dags/example_task_group.py
[2025-01-18T00:30:35.468+0000] {processor.py:914} INFO - Processing file /home/airflow/.local/lib/python3.12/site-packages/airflow/example_dags/example_task_group.py for tasks to queue
[2025-01-18T00:30:35.471+0000] {logging_mixin.py:190} INFO - [2025-01-18T00:30:35.470+0000] {dagbag.py:588} INFO - Filling up the DagBag from /home/airflow/.local/lib/python3.12/site-packages/airflow/example_dags/example_task_group.py
[2025-01-18T00:30:35.480+0000] {processor.py:925} INFO - DAG(s) 'example_task_group' retrieved from /home/airflow/.local/lib/python3.12/site-packages/airflow/example_dags/example_task_group.py
[2025-01-18T00:30:35.504+0000] {logging_mixin.py:190} INFO - [2025-01-18T00:30:35.503+0000] {dag.py:3239} INFO - Sync 1 DAGs
[2025-01-18T00:30:35.519+0000] {logging_mixin.py:190} INFO - [2025-01-18T00:30:35.519+0000] {dag.py:4180} INFO - Setting next_dagrun for example_task_group to None, run_after=None
[2025-01-18T00:30:35.542+0000] {processor.py:208} INFO - Processing /home/airflow/.local/lib/python3.12/site-packages/airflow/example_dags/example_task_group.py took 0.082 seconds
[2025-01-18T00:31:06.040+0000] {processor.py:186} INFO - Started process (PID=21464) to work on /home/airflow/.local/lib/python3.12/site-packages/airflow/example_dags/example_task_group.py
[2025-01-18T00:31:06.041+0000] {processor.py:914} INFO - Processing file /home/airflow/.local/lib/python3.12/site-packages/airflow/example_dags/example_task_group.py for tasks to queue
[2025-01-18T00:31:06.044+0000] {logging_mixin.py:190} INFO - [2025-01-18T00:31:06.044+0000] {dagbag.py:588} INFO - Filling up the DagBag from /home/airflow/.local/lib/python3.12/site-packages/airflow/example_dags/example_task_group.py
[2025-01-18T00:31:06.060+0000] {processor.py:925} INFO - DAG(s) 'example_task_group' retrieved from /home/airflow/.local/lib/python3.12/site-packages/airflow/example_dags/example_task_group.py
[2025-01-18T00:31:06.097+0000] {logging_mixin.py:190} INFO - [2025-01-18T00:31:06.097+0000] {dag.py:3239} INFO - Sync 1 DAGs
[2025-01-18T00:31:06.118+0000] {logging_mixin.py:190} INFO - [2025-01-18T00:31:06.118+0000] {dag.py:4180} INFO - Setting next_dagrun for example_task_group to None, run_after=None
[2025-01-18T00:31:06.158+0000] {processor.py:208} INFO - Processing /home/airflow/.local/lib/python3.12/site-packages/airflow/example_dags/example_task_group.py took 0.127 seconds
[2025-01-18T00:31:37.175+0000] {processor.py:186} INFO - Started process (PID=21530) to work on /home/airflow/.local/lib/python3.12/site-packages/airflow/example_dags/example_task_group.py
[2025-01-18T00:31:37.176+0000] {processor.py:914} INFO - Processing file /home/airflow/.local/lib/python3.12/site-packages/airflow/example_dags/example_task_group.py for tasks to queue
[2025-01-18T00:31:37.179+0000] {logging_mixin.py:190} INFO - [2025-01-18T00:31:37.179+0000] {dagbag.py:588} INFO - Filling up the DagBag from /home/airflow/.local/lib/python3.12/site-packages/airflow/example_dags/example_task_group.py
[2025-01-18T00:31:37.189+0000] {processor.py:925} INFO - DAG(s) 'example_task_group' retrieved from /home/airflow/.local/lib/python3.12/site-packages/airflow/example_dags/example_task_group.py
[2025-01-18T00:31:37.218+0000] {logging_mixin.py:190} INFO - [2025-01-18T00:31:37.217+0000] {dag.py:3239} INFO - Sync 1 DAGs
[2025-01-18T00:31:37.239+0000] {logging_mixin.py:190} INFO - [2025-01-18T00:31:37.238+0000] {dag.py:4180} INFO - Setting next_dagrun for example_task_group to None, run_after=None
[2025-01-18T00:31:37.271+0000] {processor.py:208} INFO - Processing /home/airflow/.local/lib/python3.12/site-packages/airflow/example_dags/example_task_group.py took 0.102 seconds
[2025-01-18T00:32:08.797+0000] {processor.py:186} INFO - Started process (PID=21598) to work on /home/airflow/.local/lib/python3.12/site-packages/airflow/example_dags/example_task_group.py
[2025-01-18T00:32:08.798+0000] {processor.py:914} INFO - Processing file /home/airflow/.local/lib/python3.12/site-packages/airflow/example_dags/example_task_group.py for tasks to queue
[2025-01-18T00:32:08.801+0000] {logging_mixin.py:190} INFO - [2025-01-18T00:32:08.800+0000] {dagbag.py:588} INFO - Filling up the DagBag from /home/airflow/.local/lib/python3.12/site-packages/airflow/example_dags/example_task_group.py
[2025-01-18T00:32:08.809+0000] {processor.py:925} INFO - DAG(s) 'example_task_group' retrieved from /home/airflow/.local/lib/python3.12/site-packages/airflow/example_dags/example_task_group.py
[2025-01-18T00:32:08.833+0000] {logging_mixin.py:190} INFO - [2025-01-18T00:32:08.833+0000] {dag.py:3239} INFO - Sync 1 DAGs
[2025-01-18T00:32:08.851+0000] {logging_mixin.py:190} INFO - [2025-01-18T00:32:08.851+0000] {dag.py:4180} INFO - Setting next_dagrun for example_task_group to None, run_after=None
[2025-01-18T00:32:08.881+0000] {processor.py:208} INFO - Processing /home/airflow/.local/lib/python3.12/site-packages/airflow/example_dags/example_task_group.py took 0.089 seconds
[2025-01-18T00:32:40.097+0000] {processor.py:186} INFO - Started process (PID=21665) to work on /home/airflow/.local/lib/python3.12/site-packages/airflow/example_dags/example_task_group.py
[2025-01-18T00:32:40.099+0000] {processor.py:914} INFO - Processing file /home/airflow/.local/lib/python3.12/site-packages/airflow/example_dags/example_task_group.py for tasks to queue
[2025-01-18T00:32:40.105+0000] {logging_mixin.py:190} INFO - [2025-01-18T00:32:40.104+0000] {dagbag.py:588} INFO - Filling up the DagBag from /home/airflow/.local/lib/python3.12/site-packages/airflow/example_dags/example_task_group.py
[2025-01-18T00:32:40.121+0000] {processor.py:925} INFO - DAG(s) 'example_task_group' retrieved from /home/airflow/.local/lib/python3.12/site-packages/airflow/example_dags/example_task_group.py
[2025-01-18T00:32:40.165+0000] {logging_mixin.py:190} INFO - [2025-01-18T00:32:40.165+0000] {dag.py:3239} INFO - Sync 1 DAGs
[2025-01-18T00:32:40.187+0000] {logging_mixin.py:190} INFO - [2025-01-18T00:32:40.187+0000] {dag.py:4180} INFO - Setting next_dagrun for example_task_group to None, run_after=None
[2025-01-18T00:32:40.217+0000] {processor.py:208} INFO - Processing /home/airflow/.local/lib/python3.12/site-packages/airflow/example_dags/example_task_group.py took 0.126 seconds
[2025-01-18T00:33:11.842+0000] {processor.py:186} INFO - Started process (PID=21738) to work on /home/airflow/.local/lib/python3.12/site-packages/airflow/example_dags/example_task_group.py
[2025-01-18T00:33:11.843+0000] {processor.py:914} INFO - Processing file /home/airflow/.local/lib/python3.12/site-packages/airflow/example_dags/example_task_group.py for tasks to queue
[2025-01-18T00:33:11.845+0000] {logging_mixin.py:190} INFO - [2025-01-18T00:33:11.844+0000] {dagbag.py:588} INFO - Filling up the DagBag from /home/airflow/.local/lib/python3.12/site-packages/airflow/example_dags/example_task_group.py
[2025-01-18T00:33:11.854+0000] {processor.py:925} INFO - DAG(s) 'example_task_group' retrieved from /home/airflow/.local/lib/python3.12/site-packages/airflow/example_dags/example_task_group.py
[2025-01-18T00:33:11.876+0000] {logging_mixin.py:190} INFO - [2025-01-18T00:33:11.876+0000] {dag.py:3239} INFO - Sync 1 DAGs
[2025-01-18T00:33:11.891+0000] {logging_mixin.py:190} INFO - [2025-01-18T00:33:11.891+0000] {dag.py:4180} INFO - Setting next_dagrun for example_task_group to None, run_after=None
[2025-01-18T00:33:11.914+0000] {processor.py:208} INFO - Processing /home/airflow/.local/lib/python3.12/site-packages/airflow/example_dags/example_task_group.py took 0.079 seconds
[2025-01-18T00:33:40.611+0000] {processor.py:186} INFO - Started process (PID=21807) to work on /home/airflow/.local/lib/python3.12/site-packages/airflow/example_dags/example_task_group.py
[2025-01-18T00:33:40.612+0000] {processor.py:914} INFO - Processing file /home/airflow/.local/lib/python3.12/site-packages/airflow/example_dags/example_task_group.py for tasks to queue
[2025-01-18T00:33:40.625+0000] {logging_mixin.py:190} INFO - [2025-01-18T00:33:40.624+0000] {dagbag.py:588} INFO - Filling up the DagBag from /home/airflow/.local/lib/python3.12/site-packages/airflow/example_dags/example_task_group.py
[2025-01-18T00:33:40.641+0000] {processor.py:925} INFO - DAG(s) 'example_task_group' retrieved from /home/airflow/.local/lib/python3.12/site-packages/airflow/example_dags/example_task_group.py
[2025-01-18T00:33:40.675+0000] {logging_mixin.py:190} INFO - [2025-01-18T00:33:40.674+0000] {dag.py:3239} INFO - Sync 1 DAGs
[2025-01-18T00:33:40.694+0000] {logging_mixin.py:190} INFO - [2025-01-18T00:33:40.693+0000] {dag.py:4180} INFO - Setting next_dagrun for example_task_group to None, run_after=None
[2025-01-18T00:33:40.718+0000] {processor.py:208} INFO - Processing /home/airflow/.local/lib/python3.12/site-packages/airflow/example_dags/example_task_group.py took 0.114 seconds
[2025-01-18T00:34:11.964+0000] {processor.py:186} INFO - Started process (PID=21873) to work on /home/airflow/.local/lib/python3.12/site-packages/airflow/example_dags/example_task_group.py
[2025-01-18T00:34:11.965+0000] {processor.py:914} INFO - Processing file /home/airflow/.local/lib/python3.12/site-packages/airflow/example_dags/example_task_group.py for tasks to queue
[2025-01-18T00:34:11.968+0000] {logging_mixin.py:190} INFO - [2025-01-18T00:34:11.968+0000] {dagbag.py:588} INFO - Filling up the DagBag from /home/airflow/.local/lib/python3.12/site-packages/airflow/example_dags/example_task_group.py
[2025-01-18T00:34:11.981+0000] {processor.py:925} INFO - DAG(s) 'example_task_group' retrieved from /home/airflow/.local/lib/python3.12/site-packages/airflow/example_dags/example_task_group.py
[2025-01-18T00:34:12.011+0000] {logging_mixin.py:190} INFO - [2025-01-18T00:34:12.010+0000] {dag.py:3239} INFO - Sync 1 DAGs
[2025-01-18T00:34:12.029+0000] {logging_mixin.py:190} INFO - [2025-01-18T00:34:12.029+0000] {dag.py:4180} INFO - Setting next_dagrun for example_task_group to None, run_after=None
[2025-01-18T00:34:12.058+0000] {processor.py:208} INFO - Processing /home/airflow/.local/lib/python3.12/site-packages/airflow/example_dags/example_task_group.py took 0.103 seconds
[2025-01-18T00:34:43.386+0000] {processor.py:186} INFO - Started process (PID=21940) to work on /home/airflow/.local/lib/python3.12/site-packages/airflow/example_dags/example_task_group.py
[2025-01-18T00:34:43.387+0000] {processor.py:914} INFO - Processing file /home/airflow/.local/lib/python3.12/site-packages/airflow/example_dags/example_task_group.py for tasks to queue
[2025-01-18T00:34:43.389+0000] {logging_mixin.py:190} INFO - [2025-01-18T00:34:43.389+0000] {dagbag.py:588} INFO - Filling up the DagBag from /home/airflow/.local/lib/python3.12/site-packages/airflow/example_dags/example_task_group.py
[2025-01-18T00:34:43.398+0000] {processor.py:925} INFO - DAG(s) 'example_task_group' retrieved from /home/airflow/.local/lib/python3.12/site-packages/airflow/example_dags/example_task_group.py
[2025-01-18T00:34:43.424+0000] {logging_mixin.py:190} INFO - [2025-01-18T00:34:43.423+0000] {dag.py:3239} INFO - Sync 1 DAGs
[2025-01-18T00:34:43.440+0000] {logging_mixin.py:190} INFO - [2025-01-18T00:34:43.440+0000] {dag.py:4180} INFO - Setting next_dagrun for example_task_group to None, run_after=None
[2025-01-18T00:34:43.463+0000] {processor.py:208} INFO - Processing /home/airflow/.local/lib/python3.12/site-packages/airflow/example_dags/example_task_group.py took 0.084 seconds
[2025-01-18T00:35:15.405+0000] {processor.py:186} INFO - Started process (PID=22009) to work on /home/airflow/.local/lib/python3.12/site-packages/airflow/example_dags/example_task_group.py
[2025-01-18T00:35:15.406+0000] {processor.py:914} INFO - Processing file /home/airflow/.local/lib/python3.12/site-packages/airflow/example_dags/example_task_group.py for tasks to queue
[2025-01-18T00:35:15.409+0000] {logging_mixin.py:190} INFO - [2025-01-18T00:35:15.409+0000] {dagbag.py:588} INFO - Filling up the DagBag from /home/airflow/.local/lib/python3.12/site-packages/airflow/example_dags/example_task_group.py
[2025-01-18T00:35:15.418+0000] {processor.py:925} INFO - DAG(s) 'example_task_group' retrieved from /home/airflow/.local/lib/python3.12/site-packages/airflow/example_dags/example_task_group.py
[2025-01-18T00:35:15.445+0000] {logging_mixin.py:190} INFO - [2025-01-18T00:35:15.444+0000] {dag.py:3239} INFO - Sync 1 DAGs
[2025-01-18T00:35:15.461+0000] {logging_mixin.py:190} INFO - [2025-01-18T00:35:15.460+0000] {dag.py:4180} INFO - Setting next_dagrun for example_task_group to None, run_after=None
[2025-01-18T00:35:15.487+0000] {processor.py:208} INFO - Processing /home/airflow/.local/lib/python3.12/site-packages/airflow/example_dags/example_task_group.py took 0.089 seconds
[2025-01-18T00:35:48.400+0000] {processor.py:186} INFO - Started process (PID=22076) to work on /home/airflow/.local/lib/python3.12/site-packages/airflow/example_dags/example_task_group.py
[2025-01-18T00:35:48.403+0000] {processor.py:914} INFO - Processing file /home/airflow/.local/lib/python3.12/site-packages/airflow/example_dags/example_task_group.py for tasks to queue
[2025-01-18T00:35:48.409+0000] {logging_mixin.py:190} INFO - [2025-01-18T00:35:48.408+0000] {dagbag.py:588} INFO - Filling up the DagBag from /home/airflow/.local/lib/python3.12/site-packages/airflow/example_dags/example_task_group.py
[2025-01-18T00:35:48.427+0000] {processor.py:925} INFO - DAG(s) 'example_task_group' retrieved from /home/airflow/.local/lib/python3.12/site-packages/airflow/example_dags/example_task_group.py
[2025-01-18T00:35:48.467+0000] {logging_mixin.py:190} INFO - [2025-01-18T00:35:48.466+0000] {dag.py:3239} INFO - Sync 1 DAGs
[2025-01-18T00:35:48.500+0000] {logging_mixin.py:190} INFO - [2025-01-18T00:35:48.500+0000] {dag.py:4180} INFO - Setting next_dagrun for example_task_group to None, run_after=None
[2025-01-18T00:35:48.535+0000] {processor.py:208} INFO - Processing /home/airflow/.local/lib/python3.12/site-packages/airflow/example_dags/example_task_group.py took 0.145 seconds
