[2025-01-18T00:00:16.520+0000] {processor.py:186} INFO - Started process (PID=17377) to work on /home/airflow/.local/lib/python3.12/site-packages/airflow/example_dags/example_dag_decorator.py
[2025-01-18T00:00:16.521+0000] {processor.py:914} INFO - Processing file /home/airflow/.local/lib/python3.12/site-packages/airflow/example_dags/example_dag_decorator.py for tasks to queue
[2025-01-18T00:00:16.524+0000] {logging_mixin.py:190} INFO - [2025-01-18T00:00:16.523+0000] {dagbag.py:588} INFO - Filling up the DagBag from /home/airflow/.local/lib/python3.12/site-packages/airflow/example_dags/example_dag_decorator.py
[2025-01-18T00:00:16.541+0000] {processor.py:925} INFO - DAG(s) 'example_dag_decorator' retrieved from /home/airflow/.local/lib/python3.12/site-packages/airflow/example_dags/example_dag_decorator.py
[2025-01-18T00:00:16.694+0000] {logging_mixin.py:190} INFO - [2025-01-18T00:00:16.693+0000] {dag.py:3239} INFO - Sync 1 DAGs
[2025-01-18T00:00:16.707+0000] {logging_mixin.py:190} INFO - [2025-01-18T00:00:16.706+0000] {dag.py:4180} INFO - Setting next_dagrun for example_dag_decorator to None, run_after=None
[2025-01-18T00:00:16.727+0000] {processor.py:208} INFO - Processing /home/airflow/.local/lib/python3.12/site-packages/airflow/example_dags/example_dag_decorator.py took 0.213 seconds
[2025-01-18T00:00:46.963+0000] {processor.py:186} INFO - Started process (PID=17444) to work on /home/airflow/.local/lib/python3.12/site-packages/airflow/example_dags/example_dag_decorator.py
[2025-01-18T00:00:46.965+0000] {processor.py:914} INFO - Processing file /home/airflow/.local/lib/python3.12/site-packages/airflow/example_dags/example_dag_decorator.py for tasks to queue
[2025-01-18T00:00:46.967+0000] {logging_mixin.py:190} INFO - [2025-01-18T00:00:46.967+0000] {dagbag.py:588} INFO - Filling up the DagBag from /home/airflow/.local/lib/python3.12/site-packages/airflow/example_dags/example_dag_decorator.py
[2025-01-18T00:00:46.980+0000] {processor.py:925} INFO - DAG(s) 'example_dag_decorator' retrieved from /home/airflow/.local/lib/python3.12/site-packages/airflow/example_dags/example_dag_decorator.py
[2025-01-18T00:00:47.144+0000] {logging_mixin.py:190} INFO - [2025-01-18T00:00:47.144+0000] {dag.py:3239} INFO - Sync 1 DAGs
[2025-01-18T00:00:47.162+0000] {logging_mixin.py:190} INFO - [2025-01-18T00:00:47.161+0000] {dag.py:4180} INFO - Setting next_dagrun for example_dag_decorator to None, run_after=None
[2025-01-18T00:00:47.187+0000] {processor.py:208} INFO - Processing /home/airflow/.local/lib/python3.12/site-packages/airflow/example_dags/example_dag_decorator.py took 0.230 seconds
[2025-01-18T00:01:17.531+0000] {processor.py:186} INFO - Started process (PID=17517) to work on /home/airflow/.local/lib/python3.12/site-packages/airflow/example_dags/example_dag_decorator.py
[2025-01-18T00:01:17.532+0000] {processor.py:914} INFO - Processing file /home/airflow/.local/lib/python3.12/site-packages/airflow/example_dags/example_dag_decorator.py for tasks to queue
[2025-01-18T00:01:17.534+0000] {logging_mixin.py:190} INFO - [2025-01-18T00:01:17.534+0000] {dagbag.py:588} INFO - Filling up the DagBag from /home/airflow/.local/lib/python3.12/site-packages/airflow/example_dags/example_dag_decorator.py
[2025-01-18T00:01:17.545+0000] {processor.py:925} INFO - DAG(s) 'example_dag_decorator' retrieved from /home/airflow/.local/lib/python3.12/site-packages/airflow/example_dags/example_dag_decorator.py
[2025-01-18T00:01:17.700+0000] {logging_mixin.py:190} INFO - [2025-01-18T00:01:17.700+0000] {dag.py:3239} INFO - Sync 1 DAGs
[2025-01-18T00:01:17.725+0000] {logging_mixin.py:190} INFO - [2025-01-18T00:01:17.724+0000] {dag.py:4180} INFO - Setting next_dagrun for example_dag_decorator to None, run_after=None
[2025-01-18T00:01:17.757+0000] {processor.py:208} INFO - Processing /home/airflow/.local/lib/python3.12/site-packages/airflow/example_dags/example_dag_decorator.py took 0.231 seconds
[2025-01-18T00:01:48.094+0000] {processor.py:186} INFO - Started process (PID=17584) to work on /home/airflow/.local/lib/python3.12/site-packages/airflow/example_dags/example_dag_decorator.py
[2025-01-18T00:01:48.095+0000] {processor.py:914} INFO - Processing file /home/airflow/.local/lib/python3.12/site-packages/airflow/example_dags/example_dag_decorator.py for tasks to queue
[2025-01-18T00:01:48.097+0000] {logging_mixin.py:190} INFO - [2025-01-18T00:01:48.097+0000] {dagbag.py:588} INFO - Filling up the DagBag from /home/airflow/.local/lib/python3.12/site-packages/airflow/example_dags/example_dag_decorator.py
[2025-01-18T00:01:48.113+0000] {processor.py:925} INFO - DAG(s) 'example_dag_decorator' retrieved from /home/airflow/.local/lib/python3.12/site-packages/airflow/example_dags/example_dag_decorator.py
[2025-01-18T00:01:48.149+0000] {logging_mixin.py:190} INFO - [2025-01-18T00:01:48.148+0000] {dag.py:3239} INFO - Sync 1 DAGs
[2025-01-18T00:01:48.171+0000] {logging_mixin.py:190} INFO - [2025-01-18T00:01:48.170+0000] {dag.py:4180} INFO - Setting next_dagrun for example_dag_decorator to None, run_after=None
[2025-01-18T00:01:48.196+0000] {processor.py:208} INFO - Processing /home/airflow/.local/lib/python3.12/site-packages/airflow/example_dags/example_dag_decorator.py took 0.108 seconds
[2025-01-18T00:02:18.833+0000] {processor.py:186} INFO - Started process (PID=17651) to work on /home/airflow/.local/lib/python3.12/site-packages/airflow/example_dags/example_dag_decorator.py
[2025-01-18T00:02:18.834+0000] {processor.py:914} INFO - Processing file /home/airflow/.local/lib/python3.12/site-packages/airflow/example_dags/example_dag_decorator.py for tasks to queue
[2025-01-18T00:02:18.840+0000] {logging_mixin.py:190} INFO - [2025-01-18T00:02:18.839+0000] {dagbag.py:588} INFO - Filling up the DagBag from /home/airflow/.local/lib/python3.12/site-packages/airflow/example_dags/example_dag_decorator.py
[2025-01-18T00:02:18.857+0000] {processor.py:925} INFO - DAG(s) 'example_dag_decorator' retrieved from /home/airflow/.local/lib/python3.12/site-packages/airflow/example_dags/example_dag_decorator.py
[2025-01-18T00:02:18.888+0000] {logging_mixin.py:190} INFO - [2025-01-18T00:02:18.887+0000] {dag.py:3239} INFO - Sync 1 DAGs
[2025-01-18T00:02:18.908+0000] {logging_mixin.py:190} INFO - [2025-01-18T00:02:18.908+0000] {dag.py:4180} INFO - Setting next_dagrun for example_dag_decorator to None, run_after=None
[2025-01-18T00:02:18.935+0000] {processor.py:208} INFO - Processing /home/airflow/.local/lib/python3.12/site-packages/airflow/example_dags/example_dag_decorator.py took 0.110 seconds
[2025-01-18T00:02:49.740+0000] {processor.py:186} INFO - Started process (PID=17721) to work on /home/airflow/.local/lib/python3.12/site-packages/airflow/example_dags/example_dag_decorator.py
[2025-01-18T00:02:49.741+0000] {processor.py:914} INFO - Processing file /home/airflow/.local/lib/python3.12/site-packages/airflow/example_dags/example_dag_decorator.py for tasks to queue
[2025-01-18T00:02:49.744+0000] {logging_mixin.py:190} INFO - [2025-01-18T00:02:49.743+0000] {dagbag.py:588} INFO - Filling up the DagBag from /home/airflow/.local/lib/python3.12/site-packages/airflow/example_dags/example_dag_decorator.py
[2025-01-18T00:02:49.755+0000] {processor.py:925} INFO - DAG(s) 'example_dag_decorator' retrieved from /home/airflow/.local/lib/python3.12/site-packages/airflow/example_dags/example_dag_decorator.py
[2025-01-18T00:02:49.779+0000] {logging_mixin.py:190} INFO - [2025-01-18T00:02:49.779+0000] {dag.py:3239} INFO - Sync 1 DAGs
[2025-01-18T00:02:49.799+0000] {logging_mixin.py:190} INFO - [2025-01-18T00:02:49.799+0000] {dag.py:4180} INFO - Setting next_dagrun for example_dag_decorator to None, run_after=None
[2025-01-18T00:02:49.820+0000] {processor.py:208} INFO - Processing /home/airflow/.local/lib/python3.12/site-packages/airflow/example_dags/example_dag_decorator.py took 0.085 seconds
[2025-01-18T00:03:19.877+0000] {processor.py:186} INFO - Started process (PID=17787) to work on /home/airflow/.local/lib/python3.12/site-packages/airflow/example_dags/example_dag_decorator.py
[2025-01-18T00:03:19.879+0000] {processor.py:914} INFO - Processing file /home/airflow/.local/lib/python3.12/site-packages/airflow/example_dags/example_dag_decorator.py for tasks to queue
[2025-01-18T00:03:19.885+0000] {logging_mixin.py:190} INFO - [2025-01-18T00:03:19.884+0000] {dagbag.py:588} INFO - Filling up the DagBag from /home/airflow/.local/lib/python3.12/site-packages/airflow/example_dags/example_dag_decorator.py
[2025-01-18T00:03:19.906+0000] {processor.py:925} INFO - DAG(s) 'example_dag_decorator' retrieved from /home/airflow/.local/lib/python3.12/site-packages/airflow/example_dags/example_dag_decorator.py
[2025-01-18T00:03:20.111+0000] {logging_mixin.py:190} INFO - [2025-01-18T00:03:20.111+0000] {dag.py:3239} INFO - Sync 1 DAGs
[2025-01-18T00:03:20.130+0000] {logging_mixin.py:190} INFO - [2025-01-18T00:03:20.130+0000] {dag.py:4180} INFO - Setting next_dagrun for example_dag_decorator to None, run_after=None
[2025-01-18T00:03:20.167+0000] {processor.py:208} INFO - Processing /home/airflow/.local/lib/python3.12/site-packages/airflow/example_dags/example_dag_decorator.py took 0.301 seconds
[2025-01-18T00:03:50.627+0000] {processor.py:186} INFO - Started process (PID=17855) to work on /home/airflow/.local/lib/python3.12/site-packages/airflow/example_dags/example_dag_decorator.py
[2025-01-18T00:03:50.628+0000] {processor.py:914} INFO - Processing file /home/airflow/.local/lib/python3.12/site-packages/airflow/example_dags/example_dag_decorator.py for tasks to queue
[2025-01-18T00:03:50.631+0000] {logging_mixin.py:190} INFO - [2025-01-18T00:03:50.631+0000] {dagbag.py:588} INFO - Filling up the DagBag from /home/airflow/.local/lib/python3.12/site-packages/airflow/example_dags/example_dag_decorator.py
[2025-01-18T00:03:50.648+0000] {processor.py:925} INFO - DAG(s) 'example_dag_decorator' retrieved from /home/airflow/.local/lib/python3.12/site-packages/airflow/example_dags/example_dag_decorator.py
[2025-01-18T00:03:50.682+0000] {logging_mixin.py:190} INFO - [2025-01-18T00:03:50.682+0000] {dag.py:3239} INFO - Sync 1 DAGs
[2025-01-18T00:03:50.705+0000] {logging_mixin.py:190} INFO - [2025-01-18T00:03:50.705+0000] {dag.py:4180} INFO - Setting next_dagrun for example_dag_decorator to None, run_after=None
[2025-01-18T00:03:50.734+0000] {processor.py:208} INFO - Processing /home/airflow/.local/lib/python3.12/site-packages/airflow/example_dags/example_dag_decorator.py took 0.117 seconds
[2025-01-18T00:04:20.893+0000] {processor.py:186} INFO - Started process (PID=17922) to work on /home/airflow/.local/lib/python3.12/site-packages/airflow/example_dags/example_dag_decorator.py
[2025-01-18T00:04:20.894+0000] {processor.py:914} INFO - Processing file /home/airflow/.local/lib/python3.12/site-packages/airflow/example_dags/example_dag_decorator.py for tasks to queue
[2025-01-18T00:04:20.897+0000] {logging_mixin.py:190} INFO - [2025-01-18T00:04:20.896+0000] {dagbag.py:588} INFO - Filling up the DagBag from /home/airflow/.local/lib/python3.12/site-packages/airflow/example_dags/example_dag_decorator.py
[2025-01-18T00:04:20.915+0000] {processor.py:925} INFO - DAG(s) 'example_dag_decorator' retrieved from /home/airflow/.local/lib/python3.12/site-packages/airflow/example_dags/example_dag_decorator.py
[2025-01-18T00:04:20.958+0000] {logging_mixin.py:190} INFO - [2025-01-18T00:04:20.957+0000] {dag.py:3239} INFO - Sync 1 DAGs
[2025-01-18T00:04:20.989+0000] {logging_mixin.py:190} INFO - [2025-01-18T00:04:20.989+0000] {dag.py:4180} INFO - Setting next_dagrun for example_dag_decorator to None, run_after=None
[2025-01-18T00:04:21.027+0000] {processor.py:208} INFO - Processing /home/airflow/.local/lib/python3.12/site-packages/airflow/example_dags/example_dag_decorator.py took 0.144 seconds
[2025-01-18T00:04:51.288+0000] {processor.py:186} INFO - Started process (PID=17989) to work on /home/airflow/.local/lib/python3.12/site-packages/airflow/example_dags/example_dag_decorator.py
[2025-01-18T00:04:51.289+0000] {processor.py:914} INFO - Processing file /home/airflow/.local/lib/python3.12/site-packages/airflow/example_dags/example_dag_decorator.py for tasks to queue
[2025-01-18T00:04:51.293+0000] {logging_mixin.py:190} INFO - [2025-01-18T00:04:51.293+0000] {dagbag.py:588} INFO - Filling up the DagBag from /home/airflow/.local/lib/python3.12/site-packages/airflow/example_dags/example_dag_decorator.py
[2025-01-18T00:04:51.315+0000] {processor.py:925} INFO - DAG(s) 'example_dag_decorator' retrieved from /home/airflow/.local/lib/python3.12/site-packages/airflow/example_dags/example_dag_decorator.py
[2025-01-18T00:04:51.484+0000] {logging_mixin.py:190} INFO - [2025-01-18T00:04:51.484+0000] {dag.py:3239} INFO - Sync 1 DAGs
[2025-01-18T00:04:51.501+0000] {logging_mixin.py:190} INFO - [2025-01-18T00:04:51.501+0000] {dag.py:4180} INFO - Setting next_dagrun for example_dag_decorator to None, run_after=None
[2025-01-18T00:04:51.528+0000] {processor.py:208} INFO - Processing /home/airflow/.local/lib/python3.12/site-packages/airflow/example_dags/example_dag_decorator.py took 0.249 seconds
[2025-01-18T00:05:21.737+0000] {processor.py:186} INFO - Started process (PID=18062) to work on /home/airflow/.local/lib/python3.12/site-packages/airflow/example_dags/example_dag_decorator.py
[2025-01-18T00:05:21.740+0000] {processor.py:914} INFO - Processing file /home/airflow/.local/lib/python3.12/site-packages/airflow/example_dags/example_dag_decorator.py for tasks to queue
[2025-01-18T00:05:21.743+0000] {logging_mixin.py:190} INFO - [2025-01-18T00:05:21.743+0000] {dagbag.py:588} INFO - Filling up the DagBag from /home/airflow/.local/lib/python3.12/site-packages/airflow/example_dags/example_dag_decorator.py
[2025-01-18T00:05:21.770+0000] {processor.py:925} INFO - DAG(s) 'example_dag_decorator' retrieved from /home/airflow/.local/lib/python3.12/site-packages/airflow/example_dags/example_dag_decorator.py
[2025-01-18T00:05:21.945+0000] {logging_mixin.py:190} INFO - [2025-01-18T00:05:21.944+0000] {dag.py:3239} INFO - Sync 1 DAGs
[2025-01-18T00:05:21.962+0000] {logging_mixin.py:190} INFO - [2025-01-18T00:05:21.962+0000] {dag.py:4180} INFO - Setting next_dagrun for example_dag_decorator to None, run_after=None
[2025-01-18T00:05:21.988+0000] {processor.py:208} INFO - Processing /home/airflow/.local/lib/python3.12/site-packages/airflow/example_dags/example_dag_decorator.py took 0.262 seconds
[2025-01-18T00:05:52.103+0000] {processor.py:186} INFO - Started process (PID=18129) to work on /home/airflow/.local/lib/python3.12/site-packages/airflow/example_dags/example_dag_decorator.py
[2025-01-18T00:05:52.104+0000] {processor.py:914} INFO - Processing file /home/airflow/.local/lib/python3.12/site-packages/airflow/example_dags/example_dag_decorator.py for tasks to queue
[2025-01-18T00:05:52.106+0000] {logging_mixin.py:190} INFO - [2025-01-18T00:05:52.106+0000] {dagbag.py:588} INFO - Filling up the DagBag from /home/airflow/.local/lib/python3.12/site-packages/airflow/example_dags/example_dag_decorator.py
[2025-01-18T00:05:52.122+0000] {processor.py:925} INFO - DAG(s) 'example_dag_decorator' retrieved from /home/airflow/.local/lib/python3.12/site-packages/airflow/example_dags/example_dag_decorator.py
[2025-01-18T00:05:52.286+0000] {logging_mixin.py:190} INFO - [2025-01-18T00:05:52.285+0000] {dag.py:3239} INFO - Sync 1 DAGs
[2025-01-18T00:05:52.303+0000] {logging_mixin.py:190} INFO - [2025-01-18T00:05:52.303+0000] {dag.py:4180} INFO - Setting next_dagrun for example_dag_decorator to None, run_after=None
[2025-01-18T00:05:52.329+0000] {processor.py:208} INFO - Processing /home/airflow/.local/lib/python3.12/site-packages/airflow/example_dags/example_dag_decorator.py took 0.234 seconds
[2025-01-18T00:06:22.554+0000] {processor.py:186} INFO - Started process (PID=18198) to work on /home/airflow/.local/lib/python3.12/site-packages/airflow/example_dags/example_dag_decorator.py
[2025-01-18T00:06:22.555+0000] {processor.py:914} INFO - Processing file /home/airflow/.local/lib/python3.12/site-packages/airflow/example_dags/example_dag_decorator.py for tasks to queue
[2025-01-18T00:06:22.558+0000] {logging_mixin.py:190} INFO - [2025-01-18T00:06:22.558+0000] {dagbag.py:588} INFO - Filling up the DagBag from /home/airflow/.local/lib/python3.12/site-packages/airflow/example_dags/example_dag_decorator.py
[2025-01-18T00:06:22.574+0000] {processor.py:925} INFO - DAG(s) 'example_dag_decorator' retrieved from /home/airflow/.local/lib/python3.12/site-packages/airflow/example_dags/example_dag_decorator.py
[2025-01-18T00:06:22.733+0000] {logging_mixin.py:190} INFO - [2025-01-18T00:06:22.733+0000] {dag.py:3239} INFO - Sync 1 DAGs
[2025-01-18T00:06:22.751+0000] {logging_mixin.py:190} INFO - [2025-01-18T00:06:22.750+0000] {dag.py:4180} INFO - Setting next_dagrun for example_dag_decorator to None, run_after=None
[2025-01-18T00:06:22.781+0000] {processor.py:208} INFO - Processing /home/airflow/.local/lib/python3.12/site-packages/airflow/example_dags/example_dag_decorator.py took 0.233 seconds
[2025-01-18T00:06:53.086+0000] {processor.py:186} INFO - Started process (PID=18265) to work on /home/airflow/.local/lib/python3.12/site-packages/airflow/example_dags/example_dag_decorator.py
[2025-01-18T00:06:53.087+0000] {processor.py:914} INFO - Processing file /home/airflow/.local/lib/python3.12/site-packages/airflow/example_dags/example_dag_decorator.py for tasks to queue
[2025-01-18T00:06:53.089+0000] {logging_mixin.py:190} INFO - [2025-01-18T00:06:53.089+0000] {dagbag.py:588} INFO - Filling up the DagBag from /home/airflow/.local/lib/python3.12/site-packages/airflow/example_dags/example_dag_decorator.py
[2025-01-18T00:06:53.105+0000] {processor.py:925} INFO - DAG(s) 'example_dag_decorator' retrieved from /home/airflow/.local/lib/python3.12/site-packages/airflow/example_dags/example_dag_decorator.py
[2025-01-18T00:06:53.288+0000] {logging_mixin.py:190} INFO - [2025-01-18T00:06:53.287+0000] {dag.py:3239} INFO - Sync 1 DAGs
[2025-01-18T00:06:53.311+0000] {logging_mixin.py:190} INFO - [2025-01-18T00:06:53.311+0000] {dag.py:4180} INFO - Setting next_dagrun for example_dag_decorator to None, run_after=None
[2025-01-18T00:06:53.343+0000] {processor.py:208} INFO - Processing /home/airflow/.local/lib/python3.12/site-packages/airflow/example_dags/example_dag_decorator.py took 0.263 seconds
[2025-01-18T00:07:23.969+0000] {processor.py:186} INFO - Started process (PID=18332) to work on /home/airflow/.local/lib/python3.12/site-packages/airflow/example_dags/example_dag_decorator.py
[2025-01-18T00:07:23.971+0000] {processor.py:914} INFO - Processing file /home/airflow/.local/lib/python3.12/site-packages/airflow/example_dags/example_dag_decorator.py for tasks to queue
[2025-01-18T00:07:23.974+0000] {logging_mixin.py:190} INFO - [2025-01-18T00:07:23.974+0000] {dagbag.py:588} INFO - Filling up the DagBag from /home/airflow/.local/lib/python3.12/site-packages/airflow/example_dags/example_dag_decorator.py
[2025-01-18T00:07:23.988+0000] {processor.py:925} INFO - DAG(s) 'example_dag_decorator' retrieved from /home/airflow/.local/lib/python3.12/site-packages/airflow/example_dags/example_dag_decorator.py
[2025-01-18T00:07:24.154+0000] {logging_mixin.py:190} INFO - [2025-01-18T00:07:24.153+0000] {dag.py:3239} INFO - Sync 1 DAGs
[2025-01-18T00:07:24.175+0000] {logging_mixin.py:190} INFO - [2025-01-18T00:07:24.175+0000] {dag.py:4180} INFO - Setting next_dagrun for example_dag_decorator to None, run_after=None
[2025-01-18T00:07:24.208+0000] {processor.py:208} INFO - Processing /home/airflow/.local/lib/python3.12/site-packages/airflow/example_dags/example_dag_decorator.py took 0.245 seconds
[2025-01-18T00:07:54.256+0000] {processor.py:186} INFO - Started process (PID=18399) to work on /home/airflow/.local/lib/python3.12/site-packages/airflow/example_dags/example_dag_decorator.py
[2025-01-18T00:07:54.267+0000] {processor.py:914} INFO - Processing file /home/airflow/.local/lib/python3.12/site-packages/airflow/example_dags/example_dag_decorator.py for tasks to queue
[2025-01-18T00:07:54.270+0000] {logging_mixin.py:190} INFO - [2025-01-18T00:07:54.270+0000] {dagbag.py:588} INFO - Filling up the DagBag from /home/airflow/.local/lib/python3.12/site-packages/airflow/example_dags/example_dag_decorator.py
[2025-01-18T00:07:54.285+0000] {processor.py:925} INFO - DAG(s) 'example_dag_decorator' retrieved from /home/airflow/.local/lib/python3.12/site-packages/airflow/example_dags/example_dag_decorator.py
[2025-01-18T00:07:54.428+0000] {logging_mixin.py:190} INFO - [2025-01-18T00:07:54.428+0000] {dag.py:3239} INFO - Sync 1 DAGs
[2025-01-18T00:07:54.443+0000] {logging_mixin.py:190} INFO - [2025-01-18T00:07:54.442+0000] {dag.py:4180} INFO - Setting next_dagrun for example_dag_decorator to None, run_after=None
[2025-01-18T00:07:54.463+0000] {processor.py:208} INFO - Processing /home/airflow/.local/lib/python3.12/site-packages/airflow/example_dags/example_dag_decorator.py took 0.214 seconds
[2025-01-18T00:08:24.956+0000] {processor.py:186} INFO - Started process (PID=18466) to work on /home/airflow/.local/lib/python3.12/site-packages/airflow/example_dags/example_dag_decorator.py
[2025-01-18T00:08:24.958+0000] {processor.py:914} INFO - Processing file /home/airflow/.local/lib/python3.12/site-packages/airflow/example_dags/example_dag_decorator.py for tasks to queue
[2025-01-18T00:08:24.959+0000] {logging_mixin.py:190} INFO - [2025-01-18T00:08:24.959+0000] {dagbag.py:588} INFO - Filling up the DagBag from /home/airflow/.local/lib/python3.12/site-packages/airflow/example_dags/example_dag_decorator.py
[2025-01-18T00:08:24.970+0000] {processor.py:925} INFO - DAG(s) 'example_dag_decorator' retrieved from /home/airflow/.local/lib/python3.12/site-packages/airflow/example_dags/example_dag_decorator.py
[2025-01-18T00:08:24.993+0000] {logging_mixin.py:190} INFO - [2025-01-18T00:08:24.993+0000] {dag.py:3239} INFO - Sync 1 DAGs
[2025-01-18T00:08:25.008+0000] {logging_mixin.py:190} INFO - [2025-01-18T00:08:25.008+0000] {dag.py:4180} INFO - Setting next_dagrun for example_dag_decorator to None, run_after=None
[2025-01-18T00:08:25.031+0000] {processor.py:208} INFO - Processing /home/airflow/.local/lib/python3.12/site-packages/airflow/example_dags/example_dag_decorator.py took 0.080 seconds
[2025-01-18T00:08:55.124+0000] {processor.py:186} INFO - Started process (PID=18533) to work on /home/airflow/.local/lib/python3.12/site-packages/airflow/example_dags/example_dag_decorator.py
[2025-01-18T00:08:55.126+0000] {processor.py:914} INFO - Processing file /home/airflow/.local/lib/python3.12/site-packages/airflow/example_dags/example_dag_decorator.py for tasks to queue
[2025-01-18T00:08:55.128+0000] {logging_mixin.py:190} INFO - [2025-01-18T00:08:55.127+0000] {dagbag.py:588} INFO - Filling up the DagBag from /home/airflow/.local/lib/python3.12/site-packages/airflow/example_dags/example_dag_decorator.py
[2025-01-18T00:08:55.141+0000] {processor.py:925} INFO - DAG(s) 'example_dag_decorator' retrieved from /home/airflow/.local/lib/python3.12/site-packages/airflow/example_dags/example_dag_decorator.py
[2025-01-18T00:08:55.268+0000] {logging_mixin.py:190} INFO - [2025-01-18T00:08:55.268+0000] {dag.py:3239} INFO - Sync 1 DAGs
[2025-01-18T00:08:55.283+0000] {logging_mixin.py:190} INFO - [2025-01-18T00:08:55.283+0000] {dag.py:4180} INFO - Setting next_dagrun for example_dag_decorator to None, run_after=None
[2025-01-18T00:08:55.306+0000] {processor.py:208} INFO - Processing /home/airflow/.local/lib/python3.12/site-packages/airflow/example_dags/example_dag_decorator.py took 0.188 seconds
[2025-01-18T00:09:25.387+0000] {processor.py:186} INFO - Started process (PID=18601) to work on /home/airflow/.local/lib/python3.12/site-packages/airflow/example_dags/example_dag_decorator.py
[2025-01-18T00:09:25.388+0000] {processor.py:914} INFO - Processing file /home/airflow/.local/lib/python3.12/site-packages/airflow/example_dags/example_dag_decorator.py for tasks to queue
[2025-01-18T00:09:25.391+0000] {logging_mixin.py:190} INFO - [2025-01-18T00:09:25.390+0000] {dagbag.py:588} INFO - Filling up the DagBag from /home/airflow/.local/lib/python3.12/site-packages/airflow/example_dags/example_dag_decorator.py
[2025-01-18T00:09:25.411+0000] {processor.py:925} INFO - DAG(s) 'example_dag_decorator' retrieved from /home/airflow/.local/lib/python3.12/site-packages/airflow/example_dags/example_dag_decorator.py
[2025-01-18T00:09:25.548+0000] {logging_mixin.py:190} INFO - [2025-01-18T00:09:25.548+0000] {dag.py:3239} INFO - Sync 1 DAGs
[2025-01-18T00:09:25.561+0000] {logging_mixin.py:190} INFO - [2025-01-18T00:09:25.561+0000] {dag.py:4180} INFO - Setting next_dagrun for example_dag_decorator to None, run_after=None
[2025-01-18T00:09:25.580+0000] {processor.py:208} INFO - Processing /home/airflow/.local/lib/python3.12/site-packages/airflow/example_dags/example_dag_decorator.py took 0.203 seconds
[2025-01-18T00:09:57.245+0000] {processor.py:186} INFO - Started process (PID=18673) to work on /home/airflow/.local/lib/python3.12/site-packages/airflow/example_dags/example_dag_decorator.py
[2025-01-18T00:09:57.246+0000] {processor.py:914} INFO - Processing file /home/airflow/.local/lib/python3.12/site-packages/airflow/example_dags/example_dag_decorator.py for tasks to queue
[2025-01-18T00:09:57.248+0000] {logging_mixin.py:190} INFO - [2025-01-18T00:09:57.248+0000] {dagbag.py:588} INFO - Filling up the DagBag from /home/airflow/.local/lib/python3.12/site-packages/airflow/example_dags/example_dag_decorator.py
[2025-01-18T00:09:57.263+0000] {processor.py:925} INFO - DAG(s) 'example_dag_decorator' retrieved from /home/airflow/.local/lib/python3.12/site-packages/airflow/example_dags/example_dag_decorator.py
[2025-01-18T00:09:57.416+0000] {logging_mixin.py:190} INFO - [2025-01-18T00:09:57.416+0000] {dag.py:3239} INFO - Sync 1 DAGs
[2025-01-18T00:09:57.432+0000] {logging_mixin.py:190} INFO - [2025-01-18T00:09:57.432+0000] {dag.py:4180} INFO - Setting next_dagrun for example_dag_decorator to None, run_after=None
[2025-01-18T00:09:57.459+0000] {processor.py:208} INFO - Processing /home/airflow/.local/lib/python3.12/site-packages/airflow/example_dags/example_dag_decorator.py took 0.222 seconds
[2025-01-18T00:10:28.691+0000] {processor.py:186} INFO - Started process (PID=18739) to work on /home/airflow/.local/lib/python3.12/site-packages/airflow/example_dags/example_dag_decorator.py
[2025-01-18T00:10:28.692+0000] {processor.py:914} INFO - Processing file /home/airflow/.local/lib/python3.12/site-packages/airflow/example_dags/example_dag_decorator.py for tasks to queue
[2025-01-18T00:10:28.696+0000] {logging_mixin.py:190} INFO - [2025-01-18T00:10:28.695+0000] {dagbag.py:588} INFO - Filling up the DagBag from /home/airflow/.local/lib/python3.12/site-packages/airflow/example_dags/example_dag_decorator.py
[2025-01-18T00:10:28.710+0000] {processor.py:925} INFO - DAG(s) 'example_dag_decorator' retrieved from /home/airflow/.local/lib/python3.12/site-packages/airflow/example_dags/example_dag_decorator.py
[2025-01-18T00:10:28.860+0000] {logging_mixin.py:190} INFO - [2025-01-18T00:10:28.860+0000] {dag.py:3239} INFO - Sync 1 DAGs
[2025-01-18T00:10:28.876+0000] {logging_mixin.py:190} INFO - [2025-01-18T00:10:28.876+0000] {dag.py:4180} INFO - Setting next_dagrun for example_dag_decorator to None, run_after=None
[2025-01-18T00:10:28.900+0000] {processor.py:208} INFO - Processing /home/airflow/.local/lib/python3.12/site-packages/airflow/example_dags/example_dag_decorator.py took 0.216 seconds
[2025-01-18T00:10:57.120+0000] {processor.py:186} INFO - Started process (PID=18806) to work on /home/airflow/.local/lib/python3.12/site-packages/airflow/example_dags/example_dag_decorator.py
[2025-01-18T00:10:57.121+0000] {processor.py:914} INFO - Processing file /home/airflow/.local/lib/python3.12/site-packages/airflow/example_dags/example_dag_decorator.py for tasks to queue
[2025-01-18T00:10:57.123+0000] {logging_mixin.py:190} INFO - [2025-01-18T00:10:57.123+0000] {dagbag.py:588} INFO - Filling up the DagBag from /home/airflow/.local/lib/python3.12/site-packages/airflow/example_dags/example_dag_decorator.py
[2025-01-18T00:10:57.136+0000] {processor.py:925} INFO - DAG(s) 'example_dag_decorator' retrieved from /home/airflow/.local/lib/python3.12/site-packages/airflow/example_dags/example_dag_decorator.py
[2025-01-18T00:10:57.148+0000] {logging_mixin.py:190} INFO - [2025-01-18T00:10:57.148+0000] {dag.py:3239} INFO - Sync 1 DAGs
[2025-01-18T00:10:57.163+0000] {logging_mixin.py:190} INFO - [2025-01-18T00:10:57.163+0000] {dag.py:4180} INFO - Setting next_dagrun for example_dag_decorator to None, run_after=None
[2025-01-18T00:10:57.182+0000] {processor.py:208} INFO - Processing /home/airflow/.local/lib/python3.12/site-packages/airflow/example_dags/example_dag_decorator.py took 0.068 seconds
[2025-01-18T00:11:28.291+0000] {processor.py:186} INFO - Started process (PID=18872) to work on /home/airflow/.local/lib/python3.12/site-packages/airflow/example_dags/example_dag_decorator.py
[2025-01-18T00:11:28.292+0000] {processor.py:914} INFO - Processing file /home/airflow/.local/lib/python3.12/site-packages/airflow/example_dags/example_dag_decorator.py for tasks to queue
[2025-01-18T00:11:28.294+0000] {logging_mixin.py:190} INFO - [2025-01-18T00:11:28.294+0000] {dagbag.py:588} INFO - Filling up the DagBag from /home/airflow/.local/lib/python3.12/site-packages/airflow/example_dags/example_dag_decorator.py
[2025-01-18T00:11:28.306+0000] {processor.py:925} INFO - DAG(s) 'example_dag_decorator' retrieved from /home/airflow/.local/lib/python3.12/site-packages/airflow/example_dags/example_dag_decorator.py
[2025-01-18T00:11:28.443+0000] {logging_mixin.py:190} INFO - [2025-01-18T00:11:28.442+0000] {dag.py:3239} INFO - Sync 1 DAGs
[2025-01-18T00:11:28.460+0000] {logging_mixin.py:190} INFO - [2025-01-18T00:11:28.459+0000] {dag.py:4180} INFO - Setting next_dagrun for example_dag_decorator to None, run_after=None
[2025-01-18T00:11:28.484+0000] {processor.py:208} INFO - Processing /home/airflow/.local/lib/python3.12/site-packages/airflow/example_dags/example_dag_decorator.py took 0.198 seconds
[2025-01-18T00:11:59.623+0000] {processor.py:186} INFO - Started process (PID=18941) to work on /home/airflow/.local/lib/python3.12/site-packages/airflow/example_dags/example_dag_decorator.py
[2025-01-18T00:11:59.626+0000] {processor.py:914} INFO - Processing file /home/airflow/.local/lib/python3.12/site-packages/airflow/example_dags/example_dag_decorator.py for tasks to queue
[2025-01-18T00:11:59.629+0000] {logging_mixin.py:190} INFO - [2025-01-18T00:11:59.628+0000] {dagbag.py:588} INFO - Filling up the DagBag from /home/airflow/.local/lib/python3.12/site-packages/airflow/example_dags/example_dag_decorator.py
[2025-01-18T00:11:59.644+0000] {processor.py:925} INFO - DAG(s) 'example_dag_decorator' retrieved from /home/airflow/.local/lib/python3.12/site-packages/airflow/example_dags/example_dag_decorator.py
[2025-01-18T00:11:59.794+0000] {logging_mixin.py:190} INFO - [2025-01-18T00:11:59.794+0000] {dag.py:3239} INFO - Sync 1 DAGs
[2025-01-18T00:11:59.808+0000] {logging_mixin.py:190} INFO - [2025-01-18T00:11:59.808+0000] {dag.py:4180} INFO - Setting next_dagrun for example_dag_decorator to None, run_after=None
[2025-01-18T00:11:59.829+0000] {processor.py:208} INFO - Processing /home/airflow/.local/lib/python3.12/site-packages/airflow/example_dags/example_dag_decorator.py took 0.213 seconds
[2025-01-18T00:12:30.984+0000] {processor.py:186} INFO - Started process (PID=19008) to work on /home/airflow/.local/lib/python3.12/site-packages/airflow/example_dags/example_dag_decorator.py
[2025-01-18T00:12:30.985+0000] {processor.py:914} INFO - Processing file /home/airflow/.local/lib/python3.12/site-packages/airflow/example_dags/example_dag_decorator.py for tasks to queue
[2025-01-18T00:12:30.988+0000] {logging_mixin.py:190} INFO - [2025-01-18T00:12:30.988+0000] {dagbag.py:588} INFO - Filling up the DagBag from /home/airflow/.local/lib/python3.12/site-packages/airflow/example_dags/example_dag_decorator.py
[2025-01-18T00:12:31.005+0000] {processor.py:925} INFO - DAG(s) 'example_dag_decorator' retrieved from /home/airflow/.local/lib/python3.12/site-packages/airflow/example_dags/example_dag_decorator.py
[2025-01-18T00:12:31.197+0000] {logging_mixin.py:190} INFO - [2025-01-18T00:12:31.196+0000] {dag.py:3239} INFO - Sync 1 DAGs
[2025-01-18T00:12:31.217+0000] {logging_mixin.py:190} INFO - [2025-01-18T00:12:31.216+0000] {dag.py:4180} INFO - Setting next_dagrun for example_dag_decorator to None, run_after=None
[2025-01-18T00:12:31.250+0000] {processor.py:208} INFO - Processing /home/airflow/.local/lib/python3.12/site-packages/airflow/example_dags/example_dag_decorator.py took 0.276 seconds
[2025-01-18T00:13:02.113+0000] {processor.py:186} INFO - Started process (PID=19075) to work on /home/airflow/.local/lib/python3.12/site-packages/airflow/example_dags/example_dag_decorator.py
[2025-01-18T00:13:02.114+0000] {processor.py:914} INFO - Processing file /home/airflow/.local/lib/python3.12/site-packages/airflow/example_dags/example_dag_decorator.py for tasks to queue
[2025-01-18T00:13:02.117+0000] {logging_mixin.py:190} INFO - [2025-01-18T00:13:02.116+0000] {dagbag.py:588} INFO - Filling up the DagBag from /home/airflow/.local/lib/python3.12/site-packages/airflow/example_dags/example_dag_decorator.py
[2025-01-18T00:13:02.131+0000] {processor.py:925} INFO - DAG(s) 'example_dag_decorator' retrieved from /home/airflow/.local/lib/python3.12/site-packages/airflow/example_dags/example_dag_decorator.py
[2025-01-18T00:13:02.164+0000] {logging_mixin.py:190} INFO - [2025-01-18T00:13:02.164+0000] {dag.py:3239} INFO - Sync 1 DAGs
[2025-01-18T00:13:02.183+0000] {logging_mixin.py:190} INFO - [2025-01-18T00:13:02.183+0000] {dag.py:4180} INFO - Setting next_dagrun for example_dag_decorator to None, run_after=None
[2025-01-18T00:13:02.206+0000] {processor.py:208} INFO - Processing /home/airflow/.local/lib/python3.12/site-packages/airflow/example_dags/example_dag_decorator.py took 0.101 seconds
[2025-01-18T00:13:33.110+0000] {processor.py:186} INFO - Started process (PID=19148) to work on /home/airflow/.local/lib/python3.12/site-packages/airflow/example_dags/example_dag_decorator.py
[2025-01-18T00:13:33.111+0000] {processor.py:914} INFO - Processing file /home/airflow/.local/lib/python3.12/site-packages/airflow/example_dags/example_dag_decorator.py for tasks to queue
[2025-01-18T00:13:33.115+0000] {logging_mixin.py:190} INFO - [2025-01-18T00:13:33.114+0000] {dagbag.py:588} INFO - Filling up the DagBag from /home/airflow/.local/lib/python3.12/site-packages/airflow/example_dags/example_dag_decorator.py
[2025-01-18T00:13:33.136+0000] {processor.py:925} INFO - DAG(s) 'example_dag_decorator' retrieved from /home/airflow/.local/lib/python3.12/site-packages/airflow/example_dags/example_dag_decorator.py
[2025-01-18T00:13:33.318+0000] {logging_mixin.py:190} INFO - [2025-01-18T00:13:33.318+0000] {dag.py:3239} INFO - Sync 1 DAGs
[2025-01-18T00:13:33.335+0000] {logging_mixin.py:190} INFO - [2025-01-18T00:13:33.335+0000] {dag.py:4180} INFO - Setting next_dagrun for example_dag_decorator to None, run_after=None
[2025-01-18T00:13:33.359+0000] {processor.py:208} INFO - Processing /home/airflow/.local/lib/python3.12/site-packages/airflow/example_dags/example_dag_decorator.py took 0.260 seconds
[2025-01-18T00:14:04.571+0000] {processor.py:186} INFO - Started process (PID=19215) to work on /home/airflow/.local/lib/python3.12/site-packages/airflow/example_dags/example_dag_decorator.py
[2025-01-18T00:14:04.572+0000] {processor.py:914} INFO - Processing file /home/airflow/.local/lib/python3.12/site-packages/airflow/example_dags/example_dag_decorator.py for tasks to queue
[2025-01-18T00:14:04.575+0000] {logging_mixin.py:190} INFO - [2025-01-18T00:14:04.575+0000] {dagbag.py:588} INFO - Filling up the DagBag from /home/airflow/.local/lib/python3.12/site-packages/airflow/example_dags/example_dag_decorator.py
[2025-01-18T00:14:04.590+0000] {processor.py:925} INFO - DAG(s) 'example_dag_decorator' retrieved from /home/airflow/.local/lib/python3.12/site-packages/airflow/example_dags/example_dag_decorator.py
[2025-01-18T00:14:04.751+0000] {logging_mixin.py:190} INFO - [2025-01-18T00:14:04.751+0000] {dag.py:3239} INFO - Sync 1 DAGs
[2025-01-18T00:14:04.767+0000] {logging_mixin.py:190} INFO - [2025-01-18T00:14:04.767+0000] {dag.py:4180} INFO - Setting next_dagrun for example_dag_decorator to None, run_after=None
[2025-01-18T00:14:04.793+0000] {processor.py:208} INFO - Processing /home/airflow/.local/lib/python3.12/site-packages/airflow/example_dags/example_dag_decorator.py took 0.228 seconds
[2025-01-18T00:14:35.928+0000] {processor.py:186} INFO - Started process (PID=19283) to work on /home/airflow/.local/lib/python3.12/site-packages/airflow/example_dags/example_dag_decorator.py
[2025-01-18T00:14:35.929+0000] {processor.py:914} INFO - Processing file /home/airflow/.local/lib/python3.12/site-packages/airflow/example_dags/example_dag_decorator.py for tasks to queue
[2025-01-18T00:14:35.932+0000] {logging_mixin.py:190} INFO - [2025-01-18T00:14:35.931+0000] {dagbag.py:588} INFO - Filling up the DagBag from /home/airflow/.local/lib/python3.12/site-packages/airflow/example_dags/example_dag_decorator.py
[2025-01-18T00:14:35.948+0000] {processor.py:925} INFO - DAG(s) 'example_dag_decorator' retrieved from /home/airflow/.local/lib/python3.12/site-packages/airflow/example_dags/example_dag_decorator.py
[2025-01-18T00:14:36.318+0000] {logging_mixin.py:190} INFO - [2025-01-18T00:14:36.318+0000] {dag.py:3239} INFO - Sync 1 DAGs
[2025-01-18T00:14:36.333+0000] {logging_mixin.py:190} INFO - [2025-01-18T00:14:36.333+0000] {dag.py:4180} INFO - Setting next_dagrun for example_dag_decorator to None, run_after=None
[2025-01-18T00:14:36.359+0000] {processor.py:208} INFO - Processing /home/airflow/.local/lib/python3.12/site-packages/airflow/example_dags/example_dag_decorator.py took 0.439 seconds
[2025-01-18T00:15:07.388+0000] {processor.py:186} INFO - Started process (PID=19353) to work on /home/airflow/.local/lib/python3.12/site-packages/airflow/example_dags/example_dag_decorator.py
[2025-01-18T00:15:07.389+0000] {processor.py:914} INFO - Processing file /home/airflow/.local/lib/python3.12/site-packages/airflow/example_dags/example_dag_decorator.py for tasks to queue
[2025-01-18T00:15:07.391+0000] {logging_mixin.py:190} INFO - [2025-01-18T00:15:07.391+0000] {dagbag.py:588} INFO - Filling up the DagBag from /home/airflow/.local/lib/python3.12/site-packages/airflow/example_dags/example_dag_decorator.py
[2025-01-18T00:15:07.405+0000] {processor.py:925} INFO - DAG(s) 'example_dag_decorator' retrieved from /home/airflow/.local/lib/python3.12/site-packages/airflow/example_dags/example_dag_decorator.py
[2025-01-18T00:15:07.789+0000] {logging_mixin.py:190} INFO - [2025-01-18T00:15:07.789+0000] {dag.py:3239} INFO - Sync 1 DAGs
[2025-01-18T00:15:07.802+0000] {logging_mixin.py:190} INFO - [2025-01-18T00:15:07.802+0000] {dag.py:4180} INFO - Setting next_dagrun for example_dag_decorator to None, run_after=None
[2025-01-18T00:15:07.828+0000] {processor.py:208} INFO - Processing /home/airflow/.local/lib/python3.12/site-packages/airflow/example_dags/example_dag_decorator.py took 0.449 seconds
[2025-01-18T00:15:39.381+0000] {processor.py:186} INFO - Started process (PID=19424) to work on /home/airflow/.local/lib/python3.12/site-packages/airflow/example_dags/example_dag_decorator.py
[2025-01-18T00:15:39.383+0000] {processor.py:914} INFO - Processing file /home/airflow/.local/lib/python3.12/site-packages/airflow/example_dags/example_dag_decorator.py for tasks to queue
[2025-01-18T00:15:39.385+0000] {logging_mixin.py:190} INFO - [2025-01-18T00:15:39.385+0000] {dagbag.py:588} INFO - Filling up the DagBag from /home/airflow/.local/lib/python3.12/site-packages/airflow/example_dags/example_dag_decorator.py
[2025-01-18T00:15:39.402+0000] {processor.py:925} INFO - DAG(s) 'example_dag_decorator' retrieved from /home/airflow/.local/lib/python3.12/site-packages/airflow/example_dags/example_dag_decorator.py
[2025-01-18T00:15:39.805+0000] {logging_mixin.py:190} INFO - [2025-01-18T00:15:39.804+0000] {dag.py:3239} INFO - Sync 1 DAGs
[2025-01-18T00:15:39.818+0000] {logging_mixin.py:190} INFO - [2025-01-18T00:15:39.817+0000] {dag.py:4180} INFO - Setting next_dagrun for example_dag_decorator to None, run_after=None
[2025-01-18T00:15:39.837+0000] {processor.py:208} INFO - Processing /home/airflow/.local/lib/python3.12/site-packages/airflow/example_dags/example_dag_decorator.py took 0.462 seconds
[2025-01-18T00:16:10.749+0000] {processor.py:186} INFO - Started process (PID=19491) to work on /home/airflow/.local/lib/python3.12/site-packages/airflow/example_dags/example_dag_decorator.py
[2025-01-18T00:16:10.750+0000] {processor.py:914} INFO - Processing file /home/airflow/.local/lib/python3.12/site-packages/airflow/example_dags/example_dag_decorator.py for tasks to queue
[2025-01-18T00:16:10.753+0000] {logging_mixin.py:190} INFO - [2025-01-18T00:16:10.752+0000] {dagbag.py:588} INFO - Filling up the DagBag from /home/airflow/.local/lib/python3.12/site-packages/airflow/example_dags/example_dag_decorator.py
[2025-01-18T00:16:10.765+0000] {processor.py:925} INFO - DAG(s) 'example_dag_decorator' retrieved from /home/airflow/.local/lib/python3.12/site-packages/airflow/example_dags/example_dag_decorator.py
[2025-01-18T00:16:11.230+0000] {logging_mixin.py:190} INFO - [2025-01-18T00:16:11.229+0000] {dag.py:3239} INFO - Sync 1 DAGs
[2025-01-18T00:16:11.248+0000] {logging_mixin.py:190} INFO - [2025-01-18T00:16:11.247+0000] {dag.py:4180} INFO - Setting next_dagrun for example_dag_decorator to None, run_after=None
[2025-01-18T00:16:11.274+0000] {processor.py:208} INFO - Processing /home/airflow/.local/lib/python3.12/site-packages/airflow/example_dags/example_dag_decorator.py took 0.531 seconds
[2025-01-18T00:16:42.051+0000] {processor.py:186} INFO - Started process (PID=19560) to work on /home/airflow/.local/lib/python3.12/site-packages/airflow/example_dags/example_dag_decorator.py
[2025-01-18T00:16:42.052+0000] {processor.py:914} INFO - Processing file /home/airflow/.local/lib/python3.12/site-packages/airflow/example_dags/example_dag_decorator.py for tasks to queue
[2025-01-18T00:16:42.056+0000] {logging_mixin.py:190} INFO - [2025-01-18T00:16:42.056+0000] {dagbag.py:588} INFO - Filling up the DagBag from /home/airflow/.local/lib/python3.12/site-packages/airflow/example_dags/example_dag_decorator.py
[2025-01-18T00:16:42.074+0000] {processor.py:925} INFO - DAG(s) 'example_dag_decorator' retrieved from /home/airflow/.local/lib/python3.12/site-packages/airflow/example_dags/example_dag_decorator.py
[2025-01-18T00:16:42.455+0000] {logging_mixin.py:190} INFO - [2025-01-18T00:16:42.455+0000] {dag.py:3239} INFO - Sync 1 DAGs
[2025-01-18T00:16:42.471+0000] {logging_mixin.py:190} INFO - [2025-01-18T00:16:42.471+0000] {dag.py:4180} INFO - Setting next_dagrun for example_dag_decorator to None, run_after=None
[2025-01-18T00:16:42.502+0000] {processor.py:208} INFO - Processing /home/airflow/.local/lib/python3.12/site-packages/airflow/example_dags/example_dag_decorator.py took 0.459 seconds
[2025-01-18T00:17:13.187+0000] {processor.py:186} INFO - Started process (PID=19633) to work on /home/airflow/.local/lib/python3.12/site-packages/airflow/example_dags/example_dag_decorator.py
[2025-01-18T00:17:13.188+0000] {processor.py:914} INFO - Processing file /home/airflow/.local/lib/python3.12/site-packages/airflow/example_dags/example_dag_decorator.py for tasks to queue
[2025-01-18T00:17:13.192+0000] {logging_mixin.py:190} INFO - [2025-01-18T00:17:13.191+0000] {dagbag.py:588} INFO - Filling up the DagBag from /home/airflow/.local/lib/python3.12/site-packages/airflow/example_dags/example_dag_decorator.py
[2025-01-18T00:17:13.209+0000] {processor.py:925} INFO - DAG(s) 'example_dag_decorator' retrieved from /home/airflow/.local/lib/python3.12/site-packages/airflow/example_dags/example_dag_decorator.py
[2025-01-18T00:17:13.591+0000] {logging_mixin.py:190} INFO - [2025-01-18T00:17:13.590+0000] {dag.py:3239} INFO - Sync 1 DAGs
[2025-01-18T00:17:13.609+0000] {logging_mixin.py:190} INFO - [2025-01-18T00:17:13.608+0000] {dag.py:4180} INFO - Setting next_dagrun for example_dag_decorator to None, run_after=None
[2025-01-18T00:17:13.639+0000] {processor.py:208} INFO - Processing /home/airflow/.local/lib/python3.12/site-packages/airflow/example_dags/example_dag_decorator.py took 0.461 seconds
[2025-01-18T00:17:43.908+0000] {processor.py:186} INFO - Started process (PID=19701) to work on /home/airflow/.local/lib/python3.12/site-packages/airflow/example_dags/example_dag_decorator.py
[2025-01-18T00:17:43.910+0000] {processor.py:914} INFO - Processing file /home/airflow/.local/lib/python3.12/site-packages/airflow/example_dags/example_dag_decorator.py for tasks to queue
[2025-01-18T00:17:43.913+0000] {logging_mixin.py:190} INFO - [2025-01-18T00:17:43.913+0000] {dagbag.py:588} INFO - Filling up the DagBag from /home/airflow/.local/lib/python3.12/site-packages/airflow/example_dags/example_dag_decorator.py
[2025-01-18T00:17:43.932+0000] {processor.py:925} INFO - DAG(s) 'example_dag_decorator' retrieved from /home/airflow/.local/lib/python3.12/site-packages/airflow/example_dags/example_dag_decorator.py
[2025-01-18T00:17:43.964+0000] {logging_mixin.py:190} INFO - [2025-01-18T00:17:43.964+0000] {dag.py:3239} INFO - Sync 1 DAGs
[2025-01-18T00:17:43.982+0000] {logging_mixin.py:190} INFO - [2025-01-18T00:17:43.981+0000] {dag.py:4180} INFO - Setting next_dagrun for example_dag_decorator to None, run_after=None
[2025-01-18T00:17:44.006+0000] {processor.py:208} INFO - Processing /home/airflow/.local/lib/python3.12/site-packages/airflow/example_dags/example_dag_decorator.py took 0.106 seconds
[2025-01-18T00:18:14.190+0000] {processor.py:186} INFO - Started process (PID=19767) to work on /home/airflow/.local/lib/python3.12/site-packages/airflow/example_dags/example_dag_decorator.py
[2025-01-18T00:18:14.191+0000] {processor.py:914} INFO - Processing file /home/airflow/.local/lib/python3.12/site-packages/airflow/example_dags/example_dag_decorator.py for tasks to queue
[2025-01-18T00:18:14.194+0000] {logging_mixin.py:190} INFO - [2025-01-18T00:18:14.193+0000] {dagbag.py:588} INFO - Filling up the DagBag from /home/airflow/.local/lib/python3.12/site-packages/airflow/example_dags/example_dag_decorator.py
[2025-01-18T00:18:14.208+0000] {processor.py:925} INFO - DAG(s) 'example_dag_decorator' retrieved from /home/airflow/.local/lib/python3.12/site-packages/airflow/example_dags/example_dag_decorator.py
[2025-01-18T00:18:14.567+0000] {logging_mixin.py:190} INFO - [2025-01-18T00:18:14.567+0000] {dag.py:3239} INFO - Sync 1 DAGs
[2025-01-18T00:18:14.583+0000] {logging_mixin.py:190} INFO - [2025-01-18T00:18:14.582+0000] {dag.py:4180} INFO - Setting next_dagrun for example_dag_decorator to None, run_after=None
[2025-01-18T00:18:14.608+0000] {processor.py:208} INFO - Processing /home/airflow/.local/lib/python3.12/site-packages/airflow/example_dags/example_dag_decorator.py took 0.425 seconds
[2025-01-18T00:18:44.691+0000] {processor.py:186} INFO - Started process (PID=19834) to work on /home/airflow/.local/lib/python3.12/site-packages/airflow/example_dags/example_dag_decorator.py
[2025-01-18T00:18:44.692+0000] {processor.py:914} INFO - Processing file /home/airflow/.local/lib/python3.12/site-packages/airflow/example_dags/example_dag_decorator.py for tasks to queue
[2025-01-18T00:18:44.696+0000] {logging_mixin.py:190} INFO - [2025-01-18T00:18:44.695+0000] {dagbag.py:588} INFO - Filling up the DagBag from /home/airflow/.local/lib/python3.12/site-packages/airflow/example_dags/example_dag_decorator.py
[2025-01-18T00:18:44.709+0000] {processor.py:925} INFO - DAG(s) 'example_dag_decorator' retrieved from /home/airflow/.local/lib/python3.12/site-packages/airflow/example_dags/example_dag_decorator.py
[2025-01-18T00:18:44.853+0000] {logging_mixin.py:190} INFO - [2025-01-18T00:18:44.853+0000] {dag.py:3239} INFO - Sync 1 DAGs
[2025-01-18T00:18:44.867+0000] {logging_mixin.py:190} INFO - [2025-01-18T00:18:44.867+0000] {dag.py:4180} INFO - Setting next_dagrun for example_dag_decorator to None, run_after=None
[2025-01-18T00:18:44.890+0000] {processor.py:208} INFO - Processing /home/airflow/.local/lib/python3.12/site-packages/airflow/example_dags/example_dag_decorator.py took 0.204 seconds
[2025-01-18T00:19:15.086+0000] {processor.py:186} INFO - Started process (PID=19899) to work on /home/airflow/.local/lib/python3.12/site-packages/airflow/example_dags/example_dag_decorator.py
[2025-01-18T00:19:15.088+0000] {processor.py:914} INFO - Processing file /home/airflow/.local/lib/python3.12/site-packages/airflow/example_dags/example_dag_decorator.py for tasks to queue
[2025-01-18T00:19:15.090+0000] {logging_mixin.py:190} INFO - [2025-01-18T00:19:15.090+0000] {dagbag.py:588} INFO - Filling up the DagBag from /home/airflow/.local/lib/python3.12/site-packages/airflow/example_dags/example_dag_decorator.py
[2025-01-18T00:19:15.102+0000] {processor.py:925} INFO - DAG(s) 'example_dag_decorator' retrieved from /home/airflow/.local/lib/python3.12/site-packages/airflow/example_dags/example_dag_decorator.py
[2025-01-18T00:19:15.230+0000] {logging_mixin.py:190} INFO - [2025-01-18T00:19:15.230+0000] {dag.py:3239} INFO - Sync 1 DAGs
[2025-01-18T00:19:15.249+0000] {logging_mixin.py:190} INFO - [2025-01-18T00:19:15.248+0000] {dag.py:4180} INFO - Setting next_dagrun for example_dag_decorator to None, run_after=None
[2025-01-18T00:19:15.276+0000] {processor.py:208} INFO - Processing /home/airflow/.local/lib/python3.12/site-packages/airflow/example_dags/example_dag_decorator.py took 0.197 seconds
[2025-01-18T00:19:46.528+0000] {processor.py:186} INFO - Started process (PID=19966) to work on /home/airflow/.local/lib/python3.12/site-packages/airflow/example_dags/example_dag_decorator.py
[2025-01-18T00:19:46.529+0000] {processor.py:914} INFO - Processing file /home/airflow/.local/lib/python3.12/site-packages/airflow/example_dags/example_dag_decorator.py for tasks to queue
[2025-01-18T00:19:46.531+0000] {logging_mixin.py:190} INFO - [2025-01-18T00:19:46.531+0000] {dagbag.py:588} INFO - Filling up the DagBag from /home/airflow/.local/lib/python3.12/site-packages/airflow/example_dags/example_dag_decorator.py
[2025-01-18T00:19:46.545+0000] {processor.py:925} INFO - DAG(s) 'example_dag_decorator' retrieved from /home/airflow/.local/lib/python3.12/site-packages/airflow/example_dags/example_dag_decorator.py
[2025-01-18T00:19:46.677+0000] {logging_mixin.py:190} INFO - [2025-01-18T00:19:46.677+0000] {dag.py:3239} INFO - Sync 1 DAGs
[2025-01-18T00:19:46.690+0000] {logging_mixin.py:190} INFO - [2025-01-18T00:19:46.690+0000] {dag.py:4180} INFO - Setting next_dagrun for example_dag_decorator to None, run_after=None
[2025-01-18T00:19:46.712+0000] {processor.py:208} INFO - Processing /home/airflow/.local/lib/python3.12/site-packages/airflow/example_dags/example_dag_decorator.py took 0.191 seconds
[2025-01-18T00:20:17.435+0000] {processor.py:186} INFO - Started process (PID=20033) to work on /home/airflow/.local/lib/python3.12/site-packages/airflow/example_dags/example_dag_decorator.py
[2025-01-18T00:20:17.436+0000] {processor.py:914} INFO - Processing file /home/airflow/.local/lib/python3.12/site-packages/airflow/example_dags/example_dag_decorator.py for tasks to queue
[2025-01-18T00:20:17.438+0000] {logging_mixin.py:190} INFO - [2025-01-18T00:20:17.437+0000] {dagbag.py:588} INFO - Filling up the DagBag from /home/airflow/.local/lib/python3.12/site-packages/airflow/example_dags/example_dag_decorator.py
[2025-01-18T00:20:17.450+0000] {processor.py:925} INFO - DAG(s) 'example_dag_decorator' retrieved from /home/airflow/.local/lib/python3.12/site-packages/airflow/example_dags/example_dag_decorator.py
[2025-01-18T00:20:17.562+0000] {logging_mixin.py:190} INFO - [2025-01-18T00:20:17.562+0000] {dag.py:3239} INFO - Sync 1 DAGs
[2025-01-18T00:20:17.575+0000] {logging_mixin.py:190} INFO - [2025-01-18T00:20:17.575+0000] {dag.py:4180} INFO - Setting next_dagrun for example_dag_decorator to None, run_after=None
[2025-01-18T00:20:17.604+0000] {processor.py:208} INFO - Processing /home/airflow/.local/lib/python3.12/site-packages/airflow/example_dags/example_dag_decorator.py took 0.175 seconds
[2025-01-18T00:20:48.505+0000] {processor.py:186} INFO - Started process (PID=20100) to work on /home/airflow/.local/lib/python3.12/site-packages/airflow/example_dags/example_dag_decorator.py
[2025-01-18T00:20:48.506+0000] {processor.py:914} INFO - Processing file /home/airflow/.local/lib/python3.12/site-packages/airflow/example_dags/example_dag_decorator.py for tasks to queue
[2025-01-18T00:20:48.508+0000] {logging_mixin.py:190} INFO - [2025-01-18T00:20:48.508+0000] {dagbag.py:588} INFO - Filling up the DagBag from /home/airflow/.local/lib/python3.12/site-packages/airflow/example_dags/example_dag_decorator.py
[2025-01-18T00:20:48.521+0000] {processor.py:925} INFO - DAG(s) 'example_dag_decorator' retrieved from /home/airflow/.local/lib/python3.12/site-packages/airflow/example_dags/example_dag_decorator.py
[2025-01-18T00:20:48.553+0000] {logging_mixin.py:190} INFO - [2025-01-18T00:20:48.553+0000] {dag.py:3239} INFO - Sync 1 DAGs
[2025-01-18T00:20:48.571+0000] {logging_mixin.py:190} INFO - [2025-01-18T00:20:48.571+0000] {dag.py:4180} INFO - Setting next_dagrun for example_dag_decorator to None, run_after=None
[2025-01-18T00:20:48.596+0000] {processor.py:208} INFO - Processing /home/airflow/.local/lib/python3.12/site-packages/airflow/example_dags/example_dag_decorator.py took 0.098 seconds
[2025-01-18T00:21:19.573+0000] {processor.py:186} INFO - Started process (PID=20174) to work on /home/airflow/.local/lib/python3.12/site-packages/airflow/example_dags/example_dag_decorator.py
[2025-01-18T00:21:19.575+0000] {processor.py:914} INFO - Processing file /home/airflow/.local/lib/python3.12/site-packages/airflow/example_dags/example_dag_decorator.py for tasks to queue
[2025-01-18T00:21:19.577+0000] {logging_mixin.py:190} INFO - [2025-01-18T00:21:19.577+0000] {dagbag.py:588} INFO - Filling up the DagBag from /home/airflow/.local/lib/python3.12/site-packages/airflow/example_dags/example_dag_decorator.py
[2025-01-18T00:21:19.590+0000] {processor.py:925} INFO - DAG(s) 'example_dag_decorator' retrieved from /home/airflow/.local/lib/python3.12/site-packages/airflow/example_dags/example_dag_decorator.py
[2025-01-18T00:21:19.621+0000] {logging_mixin.py:190} INFO - [2025-01-18T00:21:19.621+0000] {dag.py:3239} INFO - Sync 1 DAGs
[2025-01-18T00:21:19.643+0000] {logging_mixin.py:190} INFO - [2025-01-18T00:21:19.643+0000] {dag.py:4180} INFO - Setting next_dagrun for example_dag_decorator to None, run_after=None
[2025-01-18T00:21:19.672+0000] {processor.py:208} INFO - Processing /home/airflow/.local/lib/python3.12/site-packages/airflow/example_dags/example_dag_decorator.py took 0.105 seconds
[2025-01-18T00:21:50.212+0000] {processor.py:186} INFO - Started process (PID=20241) to work on /home/airflow/.local/lib/python3.12/site-packages/airflow/example_dags/example_dag_decorator.py
[2025-01-18T00:21:50.213+0000] {processor.py:914} INFO - Processing file /home/airflow/.local/lib/python3.12/site-packages/airflow/example_dags/example_dag_decorator.py for tasks to queue
[2025-01-18T00:21:50.216+0000] {logging_mixin.py:190} INFO - [2025-01-18T00:21:50.215+0000] {dagbag.py:588} INFO - Filling up the DagBag from /home/airflow/.local/lib/python3.12/site-packages/airflow/example_dags/example_dag_decorator.py
[2025-01-18T00:21:50.226+0000] {processor.py:925} INFO - DAG(s) 'example_dag_decorator' retrieved from /home/airflow/.local/lib/python3.12/site-packages/airflow/example_dags/example_dag_decorator.py
[2025-01-18T00:21:50.254+0000] {logging_mixin.py:190} INFO - [2025-01-18T00:21:50.253+0000] {dag.py:3239} INFO - Sync 1 DAGs
[2025-01-18T00:21:50.269+0000] {logging_mixin.py:190} INFO - [2025-01-18T00:21:50.269+0000] {dag.py:4180} INFO - Setting next_dagrun for example_dag_decorator to None, run_after=None
[2025-01-18T00:21:50.293+0000] {processor.py:208} INFO - Processing /home/airflow/.local/lib/python3.12/site-packages/airflow/example_dags/example_dag_decorator.py took 0.086 seconds
[2025-01-18T00:22:20.827+0000] {processor.py:186} INFO - Started process (PID=20307) to work on /home/airflow/.local/lib/python3.12/site-packages/airflow/example_dags/example_dag_decorator.py
[2025-01-18T00:22:20.828+0000] {processor.py:914} INFO - Processing file /home/airflow/.local/lib/python3.12/site-packages/airflow/example_dags/example_dag_decorator.py for tasks to queue
[2025-01-18T00:22:20.830+0000] {logging_mixin.py:190} INFO - [2025-01-18T00:22:20.830+0000] {dagbag.py:588} INFO - Filling up the DagBag from /home/airflow/.local/lib/python3.12/site-packages/airflow/example_dags/example_dag_decorator.py
[2025-01-18T00:22:20.843+0000] {processor.py:925} INFO - DAG(s) 'example_dag_decorator' retrieved from /home/airflow/.local/lib/python3.12/site-packages/airflow/example_dags/example_dag_decorator.py
[2025-01-18T00:22:20.870+0000] {logging_mixin.py:190} INFO - [2025-01-18T00:22:20.870+0000] {dag.py:3239} INFO - Sync 1 DAGs
[2025-01-18T00:22:20.888+0000] {logging_mixin.py:190} INFO - [2025-01-18T00:22:20.888+0000] {dag.py:4180} INFO - Setting next_dagrun for example_dag_decorator to None, run_after=None
[2025-01-18T00:22:20.915+0000] {processor.py:208} INFO - Processing /home/airflow/.local/lib/python3.12/site-packages/airflow/example_dags/example_dag_decorator.py took 0.096 seconds
[2025-01-18T00:22:51.782+0000] {processor.py:186} INFO - Started process (PID=20377) to work on /home/airflow/.local/lib/python3.12/site-packages/airflow/example_dags/example_dag_decorator.py
[2025-01-18T00:22:51.786+0000] {processor.py:914} INFO - Processing file /home/airflow/.local/lib/python3.12/site-packages/airflow/example_dags/example_dag_decorator.py for tasks to queue
[2025-01-18T00:22:51.790+0000] {logging_mixin.py:190} INFO - [2025-01-18T00:22:51.790+0000] {dagbag.py:588} INFO - Filling up the DagBag from /home/airflow/.local/lib/python3.12/site-packages/airflow/example_dags/example_dag_decorator.py
[2025-01-18T00:22:51.803+0000] {processor.py:925} INFO - DAG(s) 'example_dag_decorator' retrieved from /home/airflow/.local/lib/python3.12/site-packages/airflow/example_dags/example_dag_decorator.py
[2025-01-18T00:22:51.832+0000] {logging_mixin.py:190} INFO - [2025-01-18T00:22:51.832+0000] {dag.py:3239} INFO - Sync 1 DAGs
[2025-01-18T00:22:51.849+0000] {logging_mixin.py:190} INFO - [2025-01-18T00:22:51.849+0000] {dag.py:4180} INFO - Setting next_dagrun for example_dag_decorator to None, run_after=None
[2025-01-18T00:22:51.874+0000] {processor.py:208} INFO - Processing /home/airflow/.local/lib/python3.12/site-packages/airflow/example_dags/example_dag_decorator.py took 0.099 seconds
[2025-01-18T00:23:23.382+0000] {processor.py:186} INFO - Started process (PID=20444) to work on /home/airflow/.local/lib/python3.12/site-packages/airflow/example_dags/example_dag_decorator.py
[2025-01-18T00:23:23.383+0000] {processor.py:914} INFO - Processing file /home/airflow/.local/lib/python3.12/site-packages/airflow/example_dags/example_dag_decorator.py for tasks to queue
[2025-01-18T00:23:23.386+0000] {logging_mixin.py:190} INFO - [2025-01-18T00:23:23.386+0000] {dagbag.py:588} INFO - Filling up the DagBag from /home/airflow/.local/lib/python3.12/site-packages/airflow/example_dags/example_dag_decorator.py
[2025-01-18T00:23:23.401+0000] {processor.py:925} INFO - DAG(s) 'example_dag_decorator' retrieved from /home/airflow/.local/lib/python3.12/site-packages/airflow/example_dags/example_dag_decorator.py
[2025-01-18T00:23:23.545+0000] {logging_mixin.py:190} INFO - [2025-01-18T00:23:23.545+0000] {dag.py:3239} INFO - Sync 1 DAGs
[2025-01-18T00:23:23.563+0000] {logging_mixin.py:190} INFO - [2025-01-18T00:23:23.563+0000] {dag.py:4180} INFO - Setting next_dagrun for example_dag_decorator to None, run_after=None
[2025-01-18T00:23:23.588+0000] {processor.py:208} INFO - Processing /home/airflow/.local/lib/python3.12/site-packages/airflow/example_dags/example_dag_decorator.py took 0.214 seconds
[2025-01-18T00:23:55.023+0000] {processor.py:186} INFO - Started process (PID=20513) to work on /home/airflow/.local/lib/python3.12/site-packages/airflow/example_dags/example_dag_decorator.py
[2025-01-18T00:23:55.025+0000] {processor.py:914} INFO - Processing file /home/airflow/.local/lib/python3.12/site-packages/airflow/example_dags/example_dag_decorator.py for tasks to queue
[2025-01-18T00:23:55.027+0000] {logging_mixin.py:190} INFO - [2025-01-18T00:23:55.027+0000] {dagbag.py:588} INFO - Filling up the DagBag from /home/airflow/.local/lib/python3.12/site-packages/airflow/example_dags/example_dag_decorator.py
[2025-01-18T00:23:55.040+0000] {processor.py:925} INFO - DAG(s) 'example_dag_decorator' retrieved from /home/airflow/.local/lib/python3.12/site-packages/airflow/example_dags/example_dag_decorator.py
[2025-01-18T00:23:55.183+0000] {logging_mixin.py:190} INFO - [2025-01-18T00:23:55.182+0000] {dag.py:3239} INFO - Sync 1 DAGs
[2025-01-18T00:23:55.201+0000] {logging_mixin.py:190} INFO - [2025-01-18T00:23:55.200+0000] {dag.py:4180} INFO - Setting next_dagrun for example_dag_decorator to None, run_after=None
[2025-01-18T00:23:55.229+0000] {processor.py:208} INFO - Processing /home/airflow/.local/lib/python3.12/site-packages/airflow/example_dags/example_dag_decorator.py took 0.213 seconds
[2025-01-18T00:24:26.352+0000] {processor.py:186} INFO - Started process (PID=20582) to work on /home/airflow/.local/lib/python3.12/site-packages/airflow/example_dags/example_dag_decorator.py
[2025-01-18T00:24:26.354+0000] {processor.py:914} INFO - Processing file /home/airflow/.local/lib/python3.12/site-packages/airflow/example_dags/example_dag_decorator.py for tasks to queue
[2025-01-18T00:24:26.357+0000] {logging_mixin.py:190} INFO - [2025-01-18T00:24:26.356+0000] {dagbag.py:588} INFO - Filling up the DagBag from /home/airflow/.local/lib/python3.12/site-packages/airflow/example_dags/example_dag_decorator.py
[2025-01-18T00:24:26.369+0000] {processor.py:925} INFO - DAG(s) 'example_dag_decorator' retrieved from /home/airflow/.local/lib/python3.12/site-packages/airflow/example_dags/example_dag_decorator.py
[2025-01-18T00:24:26.500+0000] {logging_mixin.py:190} INFO - [2025-01-18T00:24:26.499+0000] {dag.py:3239} INFO - Sync 1 DAGs
[2025-01-18T00:24:26.516+0000] {logging_mixin.py:190} INFO - [2025-01-18T00:24:26.516+0000] {dag.py:4180} INFO - Setting next_dagrun for example_dag_decorator to None, run_after=None
[2025-01-18T00:24:26.544+0000] {processor.py:208} INFO - Processing /home/airflow/.local/lib/python3.12/site-packages/airflow/example_dags/example_dag_decorator.py took 0.197 seconds
[2025-01-18T00:24:57.597+0000] {processor.py:186} INFO - Started process (PID=20655) to work on /home/airflow/.local/lib/python3.12/site-packages/airflow/example_dags/example_dag_decorator.py
[2025-01-18T00:24:57.599+0000] {processor.py:914} INFO - Processing file /home/airflow/.local/lib/python3.12/site-packages/airflow/example_dags/example_dag_decorator.py for tasks to queue
[2025-01-18T00:24:57.602+0000] {logging_mixin.py:190} INFO - [2025-01-18T00:24:57.602+0000] {dagbag.py:588} INFO - Filling up the DagBag from /home/airflow/.local/lib/python3.12/site-packages/airflow/example_dags/example_dag_decorator.py
[2025-01-18T00:24:57.616+0000] {processor.py:925} INFO - DAG(s) 'example_dag_decorator' retrieved from /home/airflow/.local/lib/python3.12/site-packages/airflow/example_dags/example_dag_decorator.py
[2025-01-18T00:24:57.751+0000] {logging_mixin.py:190} INFO - [2025-01-18T00:24:57.751+0000] {dag.py:3239} INFO - Sync 1 DAGs
[2025-01-18T00:24:57.768+0000] {logging_mixin.py:190} INFO - [2025-01-18T00:24:57.767+0000] {dag.py:4180} INFO - Setting next_dagrun for example_dag_decorator to None, run_after=None
[2025-01-18T00:24:57.793+0000] {processor.py:208} INFO - Processing /home/airflow/.local/lib/python3.12/site-packages/airflow/example_dags/example_dag_decorator.py took 0.203 seconds
[2025-01-18T00:25:28.622+0000] {processor.py:186} INFO - Started process (PID=20722) to work on /home/airflow/.local/lib/python3.12/site-packages/airflow/example_dags/example_dag_decorator.py
[2025-01-18T00:25:28.624+0000] {processor.py:914} INFO - Processing file /home/airflow/.local/lib/python3.12/site-packages/airflow/example_dags/example_dag_decorator.py for tasks to queue
[2025-01-18T00:25:28.628+0000] {logging_mixin.py:190} INFO - [2025-01-18T00:25:28.627+0000] {dagbag.py:588} INFO - Filling up the DagBag from /home/airflow/.local/lib/python3.12/site-packages/airflow/example_dags/example_dag_decorator.py
[2025-01-18T00:25:28.641+0000] {processor.py:925} INFO - DAG(s) 'example_dag_decorator' retrieved from /home/airflow/.local/lib/python3.12/site-packages/airflow/example_dags/example_dag_decorator.py
[2025-01-18T00:25:28.797+0000] {logging_mixin.py:190} INFO - [2025-01-18T00:25:28.796+0000] {dag.py:3239} INFO - Sync 1 DAGs
[2025-01-18T00:25:28.813+0000] {logging_mixin.py:190} INFO - [2025-01-18T00:25:28.813+0000] {dag.py:4180} INFO - Setting next_dagrun for example_dag_decorator to None, run_after=None
[2025-01-18T00:25:28.836+0000] {processor.py:208} INFO - Processing /home/airflow/.local/lib/python3.12/site-packages/airflow/example_dags/example_dag_decorator.py took 0.222 seconds
[2025-01-18T00:25:59.319+0000] {processor.py:186} INFO - Started process (PID=20789) to work on /home/airflow/.local/lib/python3.12/site-packages/airflow/example_dags/example_dag_decorator.py
[2025-01-18T00:25:59.322+0000] {processor.py:914} INFO - Processing file /home/airflow/.local/lib/python3.12/site-packages/airflow/example_dags/example_dag_decorator.py for tasks to queue
[2025-01-18T00:25:59.325+0000] {logging_mixin.py:190} INFO - [2025-01-18T00:25:59.325+0000] {dagbag.py:588} INFO - Filling up the DagBag from /home/airflow/.local/lib/python3.12/site-packages/airflow/example_dags/example_dag_decorator.py
[2025-01-18T00:25:59.336+0000] {processor.py:925} INFO - DAG(s) 'example_dag_decorator' retrieved from /home/airflow/.local/lib/python3.12/site-packages/airflow/example_dags/example_dag_decorator.py
[2025-01-18T00:25:59.488+0000] {logging_mixin.py:190} INFO - [2025-01-18T00:25:59.487+0000] {dag.py:3239} INFO - Sync 1 DAGs
[2025-01-18T00:25:59.508+0000] {logging_mixin.py:190} INFO - [2025-01-18T00:25:59.507+0000] {dag.py:4180} INFO - Setting next_dagrun for example_dag_decorator to None, run_after=None
[2025-01-18T00:25:59.534+0000] {processor.py:208} INFO - Processing /home/airflow/.local/lib/python3.12/site-packages/airflow/example_dags/example_dag_decorator.py took 0.222 seconds
[2025-01-18T00:26:30.069+0000] {processor.py:186} INFO - Started process (PID=20856) to work on /home/airflow/.local/lib/python3.12/site-packages/airflow/example_dags/example_dag_decorator.py
[2025-01-18T00:26:30.079+0000] {processor.py:914} INFO - Processing file /home/airflow/.local/lib/python3.12/site-packages/airflow/example_dags/example_dag_decorator.py for tasks to queue
[2025-01-18T00:26:30.082+0000] {logging_mixin.py:190} INFO - [2025-01-18T00:26:30.081+0000] {dagbag.py:588} INFO - Filling up the DagBag from /home/airflow/.local/lib/python3.12/site-packages/airflow/example_dags/example_dag_decorator.py
[2025-01-18T00:26:30.095+0000] {processor.py:925} INFO - DAG(s) 'example_dag_decorator' retrieved from /home/airflow/.local/lib/python3.12/site-packages/airflow/example_dags/example_dag_decorator.py
[2025-01-18T00:26:30.230+0000] {logging_mixin.py:190} INFO - [2025-01-18T00:26:30.230+0000] {dag.py:3239} INFO - Sync 1 DAGs
[2025-01-18T00:26:30.245+0000] {logging_mixin.py:190} INFO - [2025-01-18T00:26:30.245+0000] {dag.py:4180} INFO - Setting next_dagrun for example_dag_decorator to None, run_after=None
[2025-01-18T00:26:30.266+0000] {processor.py:208} INFO - Processing /home/airflow/.local/lib/python3.12/site-packages/airflow/example_dags/example_dag_decorator.py took 0.202 seconds
[2025-01-18T00:27:00.829+0000] {processor.py:186} INFO - Started process (PID=20923) to work on /home/airflow/.local/lib/python3.12/site-packages/airflow/example_dags/example_dag_decorator.py
[2025-01-18T00:27:00.840+0000] {processor.py:914} INFO - Processing file /home/airflow/.local/lib/python3.12/site-packages/airflow/example_dags/example_dag_decorator.py for tasks to queue
[2025-01-18T00:27:00.842+0000] {logging_mixin.py:190} INFO - [2025-01-18T00:27:00.842+0000] {dagbag.py:588} INFO - Filling up the DagBag from /home/airflow/.local/lib/python3.12/site-packages/airflow/example_dags/example_dag_decorator.py
[2025-01-18T00:27:00.853+0000] {processor.py:925} INFO - DAG(s) 'example_dag_decorator' retrieved from /home/airflow/.local/lib/python3.12/site-packages/airflow/example_dags/example_dag_decorator.py
[2025-01-18T00:27:01.021+0000] {logging_mixin.py:190} INFO - [2025-01-18T00:27:01.021+0000] {dag.py:3239} INFO - Sync 1 DAGs
[2025-01-18T00:27:01.046+0000] {logging_mixin.py:190} INFO - [2025-01-18T00:27:01.046+0000] {dag.py:4180} INFO - Setting next_dagrun for example_dag_decorator to None, run_after=None
[2025-01-18T00:27:01.076+0000] {processor.py:208} INFO - Processing /home/airflow/.local/lib/python3.12/site-packages/airflow/example_dags/example_dag_decorator.py took 0.251 seconds
[2025-01-18T00:27:31.225+0000] {processor.py:186} INFO - Started process (PID=20990) to work on /home/airflow/.local/lib/python3.12/site-packages/airflow/example_dags/example_dag_decorator.py
[2025-01-18T00:27:31.226+0000] {processor.py:914} INFO - Processing file /home/airflow/.local/lib/python3.12/site-packages/airflow/example_dags/example_dag_decorator.py for tasks to queue
[2025-01-18T00:27:31.230+0000] {logging_mixin.py:190} INFO - [2025-01-18T00:27:31.230+0000] {dagbag.py:588} INFO - Filling up the DagBag from /home/airflow/.local/lib/python3.12/site-packages/airflow/example_dags/example_dag_decorator.py
[2025-01-18T00:27:31.247+0000] {processor.py:925} INFO - DAG(s) 'example_dag_decorator' retrieved from /home/airflow/.local/lib/python3.12/site-packages/airflow/example_dags/example_dag_decorator.py
[2025-01-18T00:27:31.460+0000] {logging_mixin.py:190} INFO - [2025-01-18T00:27:31.459+0000] {dag.py:3239} INFO - Sync 1 DAGs
[2025-01-18T00:27:31.485+0000] {logging_mixin.py:190} INFO - [2025-01-18T00:27:31.484+0000] {dag.py:4180} INFO - Setting next_dagrun for example_dag_decorator to None, run_after=None
[2025-01-18T00:27:31.518+0000] {processor.py:208} INFO - Processing /home/airflow/.local/lib/python3.12/site-packages/airflow/example_dags/example_dag_decorator.py took 0.302 seconds
[2025-01-18T00:28:01.633+0000] {processor.py:186} INFO - Started process (PID=21058) to work on /home/airflow/.local/lib/python3.12/site-packages/airflow/example_dags/example_dag_decorator.py
[2025-01-18T00:28:01.635+0000] {processor.py:914} INFO - Processing file /home/airflow/.local/lib/python3.12/site-packages/airflow/example_dags/example_dag_decorator.py for tasks to queue
[2025-01-18T00:28:01.640+0000] {logging_mixin.py:190} INFO - [2025-01-18T00:28:01.639+0000] {dagbag.py:588} INFO - Filling up the DagBag from /home/airflow/.local/lib/python3.12/site-packages/airflow/example_dags/example_dag_decorator.py
[2025-01-18T00:28:01.660+0000] {processor.py:925} INFO - DAG(s) 'example_dag_decorator' retrieved from /home/airflow/.local/lib/python3.12/site-packages/airflow/example_dags/example_dag_decorator.py
[2025-01-18T00:28:01.701+0000] {logging_mixin.py:190} INFO - [2025-01-18T00:28:01.701+0000] {dag.py:3239} INFO - Sync 1 DAGs
[2025-01-18T00:28:01.733+0000] {logging_mixin.py:190} INFO - [2025-01-18T00:28:01.732+0000] {dag.py:4180} INFO - Setting next_dagrun for example_dag_decorator to None, run_after=None
[2025-01-18T00:28:01.774+0000] {processor.py:208} INFO - Processing /home/airflow/.local/lib/python3.12/site-packages/airflow/example_dags/example_dag_decorator.py took 0.151 seconds
[2025-01-18T00:28:32.244+0000] {processor.py:186} INFO - Started process (PID=21124) to work on /home/airflow/.local/lib/python3.12/site-packages/airflow/example_dags/example_dag_decorator.py
[2025-01-18T00:28:32.245+0000] {processor.py:914} INFO - Processing file /home/airflow/.local/lib/python3.12/site-packages/airflow/example_dags/example_dag_decorator.py for tasks to queue
[2025-01-18T00:28:32.248+0000] {logging_mixin.py:190} INFO - [2025-01-18T00:28:32.247+0000] {dagbag.py:588} INFO - Filling up the DagBag from /home/airflow/.local/lib/python3.12/site-packages/airflow/example_dags/example_dag_decorator.py
[2025-01-18T00:28:32.260+0000] {processor.py:925} INFO - DAG(s) 'example_dag_decorator' retrieved from /home/airflow/.local/lib/python3.12/site-packages/airflow/example_dags/example_dag_decorator.py
[2025-01-18T00:28:32.410+0000] {logging_mixin.py:190} INFO - [2025-01-18T00:28:32.410+0000] {dag.py:3239} INFO - Sync 1 DAGs
[2025-01-18T00:28:32.434+0000] {logging_mixin.py:190} INFO - [2025-01-18T00:28:32.433+0000] {dag.py:4180} INFO - Setting next_dagrun for example_dag_decorator to None, run_after=None
[2025-01-18T00:28:32.465+0000] {processor.py:208} INFO - Processing /home/airflow/.local/lib/python3.12/site-packages/airflow/example_dags/example_dag_decorator.py took 0.228 seconds
[2025-01-18T00:29:03.317+0000] {processor.py:186} INFO - Started process (PID=21197) to work on /home/airflow/.local/lib/python3.12/site-packages/airflow/example_dags/example_dag_decorator.py
[2025-01-18T00:29:03.318+0000] {processor.py:914} INFO - Processing file /home/airflow/.local/lib/python3.12/site-packages/airflow/example_dags/example_dag_decorator.py for tasks to queue
[2025-01-18T00:29:03.323+0000] {logging_mixin.py:190} INFO - [2025-01-18T00:29:03.322+0000] {dagbag.py:588} INFO - Filling up the DagBag from /home/airflow/.local/lib/python3.12/site-packages/airflow/example_dags/example_dag_decorator.py
[2025-01-18T00:29:03.337+0000] {processor.py:925} INFO - DAG(s) 'example_dag_decorator' retrieved from /home/airflow/.local/lib/python3.12/site-packages/airflow/example_dags/example_dag_decorator.py
[2025-01-18T00:29:03.501+0000] {logging_mixin.py:190} INFO - [2025-01-18T00:29:03.500+0000] {dag.py:3239} INFO - Sync 1 DAGs
[2025-01-18T00:29:03.519+0000] {logging_mixin.py:190} INFO - [2025-01-18T00:29:03.518+0000] {dag.py:4180} INFO - Setting next_dagrun for example_dag_decorator to None, run_after=None
[2025-01-18T00:29:03.543+0000] {processor.py:208} INFO - Processing /home/airflow/.local/lib/python3.12/site-packages/airflow/example_dags/example_dag_decorator.py took 0.235 seconds
[2025-01-18T00:29:34.625+0000] {processor.py:186} INFO - Started process (PID=21262) to work on /home/airflow/.local/lib/python3.12/site-packages/airflow/example_dags/example_dag_decorator.py
[2025-01-18T00:29:34.627+0000] {processor.py:914} INFO - Processing file /home/airflow/.local/lib/python3.12/site-packages/airflow/example_dags/example_dag_decorator.py for tasks to queue
[2025-01-18T00:29:34.629+0000] {logging_mixin.py:190} INFO - [2025-01-18T00:29:34.629+0000] {dagbag.py:588} INFO - Filling up the DagBag from /home/airflow/.local/lib/python3.12/site-packages/airflow/example_dags/example_dag_decorator.py
[2025-01-18T00:29:34.640+0000] {processor.py:925} INFO - DAG(s) 'example_dag_decorator' retrieved from /home/airflow/.local/lib/python3.12/site-packages/airflow/example_dags/example_dag_decorator.py
[2025-01-18T00:29:34.786+0000] {logging_mixin.py:190} INFO - [2025-01-18T00:29:34.786+0000] {dag.py:3239} INFO - Sync 1 DAGs
[2025-01-18T00:29:34.803+0000] {logging_mixin.py:190} INFO - [2025-01-18T00:29:34.803+0000] {dag.py:4180} INFO - Setting next_dagrun for example_dag_decorator to None, run_after=None
[2025-01-18T00:29:34.833+0000] {processor.py:208} INFO - Processing /home/airflow/.local/lib/python3.12/site-packages/airflow/example_dags/example_dag_decorator.py took 0.214 seconds
[2025-01-18T00:30:05.074+0000] {processor.py:186} INFO - Started process (PID=21330) to work on /home/airflow/.local/lib/python3.12/site-packages/airflow/example_dags/example_dag_decorator.py
[2025-01-18T00:30:05.075+0000] {processor.py:914} INFO - Processing file /home/airflow/.local/lib/python3.12/site-packages/airflow/example_dags/example_dag_decorator.py for tasks to queue
[2025-01-18T00:30:05.077+0000] {logging_mixin.py:190} INFO - [2025-01-18T00:30:05.077+0000] {dagbag.py:588} INFO - Filling up the DagBag from /home/airflow/.local/lib/python3.12/site-packages/airflow/example_dags/example_dag_decorator.py
[2025-01-18T00:30:05.089+0000] {processor.py:925} INFO - DAG(s) 'example_dag_decorator' retrieved from /home/airflow/.local/lib/python3.12/site-packages/airflow/example_dags/example_dag_decorator.py
[2025-01-18T00:30:05.236+0000] {logging_mixin.py:190} INFO - [2025-01-18T00:30:05.235+0000] {dag.py:3239} INFO - Sync 1 DAGs
[2025-01-18T00:30:05.259+0000] {logging_mixin.py:190} INFO - [2025-01-18T00:30:05.258+0000] {dag.py:4180} INFO - Setting next_dagrun for example_dag_decorator to None, run_after=None
[2025-01-18T00:30:05.290+0000] {processor.py:208} INFO - Processing /home/airflow/.local/lib/python3.12/site-packages/airflow/example_dags/example_dag_decorator.py took 0.222 seconds
[2025-01-18T00:30:35.362+0000] {processor.py:186} INFO - Started process (PID=21396) to work on /home/airflow/.local/lib/python3.12/site-packages/airflow/example_dags/example_dag_decorator.py
[2025-01-18T00:30:35.363+0000] {processor.py:914} INFO - Processing file /home/airflow/.local/lib/python3.12/site-packages/airflow/example_dags/example_dag_decorator.py for tasks to queue
[2025-01-18T00:30:35.365+0000] {logging_mixin.py:190} INFO - [2025-01-18T00:30:35.364+0000] {dagbag.py:588} INFO - Filling up the DagBag from /home/airflow/.local/lib/python3.12/site-packages/airflow/example_dags/example_dag_decorator.py
[2025-01-18T00:30:35.375+0000] {processor.py:925} INFO - DAG(s) 'example_dag_decorator' retrieved from /home/airflow/.local/lib/python3.12/site-packages/airflow/example_dags/example_dag_decorator.py
[2025-01-18T00:30:35.399+0000] {logging_mixin.py:190} INFO - [2025-01-18T00:30:35.399+0000] {dag.py:3239} INFO - Sync 1 DAGs
[2025-01-18T00:30:35.415+0000] {logging_mixin.py:190} INFO - [2025-01-18T00:30:35.414+0000] {dag.py:4180} INFO - Setting next_dagrun for example_dag_decorator to None, run_after=None
[2025-01-18T00:30:35.435+0000] {processor.py:208} INFO - Processing /home/airflow/.local/lib/python3.12/site-packages/airflow/example_dags/example_dag_decorator.py took 0.078 seconds
[2025-01-18T00:31:05.939+0000] {processor.py:186} INFO - Started process (PID=21463) to work on /home/airflow/.local/lib/python3.12/site-packages/airflow/example_dags/example_dag_decorator.py
[2025-01-18T00:31:05.940+0000] {processor.py:914} INFO - Processing file /home/airflow/.local/lib/python3.12/site-packages/airflow/example_dags/example_dag_decorator.py for tasks to queue
[2025-01-18T00:31:05.943+0000] {logging_mixin.py:190} INFO - [2025-01-18T00:31:05.942+0000] {dagbag.py:588} INFO - Filling up the DagBag from /home/airflow/.local/lib/python3.12/site-packages/airflow/example_dags/example_dag_decorator.py
[2025-01-18T00:31:05.955+0000] {processor.py:925} INFO - DAG(s) 'example_dag_decorator' retrieved from /home/airflow/.local/lib/python3.12/site-packages/airflow/example_dags/example_dag_decorator.py
[2025-01-18T00:31:06.123+0000] {logging_mixin.py:190} INFO - [2025-01-18T00:31:06.123+0000] {dag.py:3239} INFO - Sync 1 DAGs
[2025-01-18T00:31:06.156+0000] {logging_mixin.py:190} INFO - [2025-01-18T00:31:06.156+0000] {dag.py:4180} INFO - Setting next_dagrun for example_dag_decorator to None, run_after=None
[2025-01-18T00:31:06.194+0000] {processor.py:208} INFO - Processing /home/airflow/.local/lib/python3.12/site-packages/airflow/example_dags/example_dag_decorator.py took 0.261 seconds
[2025-01-18T00:31:37.256+0000] {processor.py:186} INFO - Started process (PID=21531) to work on /home/airflow/.local/lib/python3.12/site-packages/airflow/example_dags/example_dag_decorator.py
[2025-01-18T00:31:37.257+0000] {processor.py:914} INFO - Processing file /home/airflow/.local/lib/python3.12/site-packages/airflow/example_dags/example_dag_decorator.py for tasks to queue
[2025-01-18T00:31:37.260+0000] {logging_mixin.py:190} INFO - [2025-01-18T00:31:37.260+0000] {dagbag.py:588} INFO - Filling up the DagBag from /home/airflow/.local/lib/python3.12/site-packages/airflow/example_dags/example_dag_decorator.py
[2025-01-18T00:31:37.277+0000] {processor.py:925} INFO - DAG(s) 'example_dag_decorator' retrieved from /home/airflow/.local/lib/python3.12/site-packages/airflow/example_dags/example_dag_decorator.py
[2025-01-18T00:31:37.430+0000] {logging_mixin.py:190} INFO - [2025-01-18T00:31:37.429+0000] {dag.py:3239} INFO - Sync 1 DAGs
[2025-01-18T00:31:37.445+0000] {logging_mixin.py:190} INFO - [2025-01-18T00:31:37.445+0000] {dag.py:4180} INFO - Setting next_dagrun for example_dag_decorator to None, run_after=None
[2025-01-18T00:31:37.473+0000] {processor.py:208} INFO - Processing /home/airflow/.local/lib/python3.12/site-packages/airflow/example_dags/example_dag_decorator.py took 0.227 seconds
[2025-01-18T00:32:08.778+0000] {processor.py:186} INFO - Started process (PID=21597) to work on /home/airflow/.local/lib/python3.12/site-packages/airflow/example_dags/example_dag_decorator.py
[2025-01-18T00:32:08.779+0000] {processor.py:914} INFO - Processing file /home/airflow/.local/lib/python3.12/site-packages/airflow/example_dags/example_dag_decorator.py for tasks to queue
[2025-01-18T00:32:08.782+0000] {logging_mixin.py:190} INFO - [2025-01-18T00:32:08.781+0000] {dagbag.py:588} INFO - Filling up the DagBag from /home/airflow/.local/lib/python3.12/site-packages/airflow/example_dags/example_dag_decorator.py
[2025-01-18T00:32:08.793+0000] {processor.py:925} INFO - DAG(s) 'example_dag_decorator' retrieved from /home/airflow/.local/lib/python3.12/site-packages/airflow/example_dags/example_dag_decorator.py
[2025-01-18T00:32:08.950+0000] {logging_mixin.py:190} INFO - [2025-01-18T00:32:08.950+0000] {dag.py:3239} INFO - Sync 1 DAGs
[2025-01-18T00:32:08.965+0000] {logging_mixin.py:190} INFO - [2025-01-18T00:32:08.964+0000] {dag.py:4180} INFO - Setting next_dagrun for example_dag_decorator to None, run_after=None
[2025-01-18T00:32:08.988+0000] {processor.py:208} INFO - Processing /home/airflow/.local/lib/python3.12/site-packages/airflow/example_dags/example_dag_decorator.py took 0.214 seconds
[2025-01-18T00:32:40.069+0000] {processor.py:186} INFO - Started process (PID=21664) to work on /home/airflow/.local/lib/python3.12/site-packages/airflow/example_dags/example_dag_decorator.py
[2025-01-18T00:32:40.071+0000] {processor.py:914} INFO - Processing file /home/airflow/.local/lib/python3.12/site-packages/airflow/example_dags/example_dag_decorator.py for tasks to queue
[2025-01-18T00:32:40.073+0000] {logging_mixin.py:190} INFO - [2025-01-18T00:32:40.073+0000] {dagbag.py:588} INFO - Filling up the DagBag from /home/airflow/.local/lib/python3.12/site-packages/airflow/example_dags/example_dag_decorator.py
[2025-01-18T00:32:40.085+0000] {processor.py:925} INFO - DAG(s) 'example_dag_decorator' retrieved from /home/airflow/.local/lib/python3.12/site-packages/airflow/example_dags/example_dag_decorator.py
[2025-01-18T00:32:40.266+0000] {logging_mixin.py:190} INFO - [2025-01-18T00:32:40.266+0000] {dag.py:3239} INFO - Sync 1 DAGs
[2025-01-18T00:32:40.279+0000] {logging_mixin.py:190} INFO - [2025-01-18T00:32:40.279+0000] {dag.py:4180} INFO - Setting next_dagrun for example_dag_decorator to None, run_after=None
[2025-01-18T00:32:40.299+0000] {processor.py:208} INFO - Processing /home/airflow/.local/lib/python3.12/site-packages/airflow/example_dags/example_dag_decorator.py took 0.236 seconds
[2025-01-18T00:33:11.813+0000] {processor.py:186} INFO - Started process (PID=21737) to work on /home/airflow/.local/lib/python3.12/site-packages/airflow/example_dags/example_dag_decorator.py
[2025-01-18T00:33:11.814+0000] {processor.py:914} INFO - Processing file /home/airflow/.local/lib/python3.12/site-packages/airflow/example_dags/example_dag_decorator.py for tasks to queue
[2025-01-18T00:33:11.816+0000] {logging_mixin.py:190} INFO - [2025-01-18T00:33:11.816+0000] {dagbag.py:588} INFO - Filling up the DagBag from /home/airflow/.local/lib/python3.12/site-packages/airflow/example_dags/example_dag_decorator.py
[2025-01-18T00:33:11.829+0000] {processor.py:925} INFO - DAG(s) 'example_dag_decorator' retrieved from /home/airflow/.local/lib/python3.12/site-packages/airflow/example_dags/example_dag_decorator.py
[2025-01-18T00:33:11.953+0000] {logging_mixin.py:190} INFO - [2025-01-18T00:33:11.952+0000] {dag.py:3239} INFO - Sync 1 DAGs
[2025-01-18T00:33:11.966+0000] {logging_mixin.py:190} INFO - [2025-01-18T00:33:11.965+0000] {dag.py:4180} INFO - Setting next_dagrun for example_dag_decorator to None, run_after=None
[2025-01-18T00:33:11.990+0000] {processor.py:208} INFO - Processing /home/airflow/.local/lib/python3.12/site-packages/airflow/example_dags/example_dag_decorator.py took 0.184 seconds
[2025-01-18T00:33:40.525+0000] {processor.py:186} INFO - Started process (PID=21806) to work on /home/airflow/.local/lib/python3.12/site-packages/airflow/example_dags/example_dag_decorator.py
[2025-01-18T00:33:40.526+0000] {processor.py:914} INFO - Processing file /home/airflow/.local/lib/python3.12/site-packages/airflow/example_dags/example_dag_decorator.py for tasks to queue
[2025-01-18T00:33:40.530+0000] {logging_mixin.py:190} INFO - [2025-01-18T00:33:40.529+0000] {dagbag.py:588} INFO - Filling up the DagBag from /home/airflow/.local/lib/python3.12/site-packages/airflow/example_dags/example_dag_decorator.py
[2025-01-18T00:33:40.553+0000] {processor.py:925} INFO - DAG(s) 'example_dag_decorator' retrieved from /home/airflow/.local/lib/python3.12/site-packages/airflow/example_dags/example_dag_decorator.py
[2025-01-18T00:33:40.568+0000] {logging_mixin.py:190} INFO - [2025-01-18T00:33:40.567+0000] {dag.py:3239} INFO - Sync 1 DAGs
[2025-01-18T00:33:40.590+0000] {logging_mixin.py:190} INFO - [2025-01-18T00:33:40.590+0000] {dag.py:4180} INFO - Setting next_dagrun for example_dag_decorator to None, run_after=None
[2025-01-18T00:33:40.625+0000] {processor.py:208} INFO - Processing /home/airflow/.local/lib/python3.12/site-packages/airflow/example_dags/example_dag_decorator.py took 0.108 seconds
[2025-01-18T00:34:11.910+0000] {processor.py:186} INFO - Started process (PID=21872) to work on /home/airflow/.local/lib/python3.12/site-packages/airflow/example_dags/example_dag_decorator.py
[2025-01-18T00:34:11.911+0000] {processor.py:914} INFO - Processing file /home/airflow/.local/lib/python3.12/site-packages/airflow/example_dags/example_dag_decorator.py for tasks to queue
[2025-01-18T00:34:11.913+0000] {logging_mixin.py:190} INFO - [2025-01-18T00:34:11.913+0000] {dagbag.py:588} INFO - Filling up the DagBag from /home/airflow/.local/lib/python3.12/site-packages/airflow/example_dags/example_dag_decorator.py
[2025-01-18T00:34:11.928+0000] {processor.py:925} INFO - DAG(s) 'example_dag_decorator' retrieved from /home/airflow/.local/lib/python3.12/site-packages/airflow/example_dags/example_dag_decorator.py
[2025-01-18T00:34:12.076+0000] {logging_mixin.py:190} INFO - [2025-01-18T00:34:12.076+0000] {dag.py:3239} INFO - Sync 1 DAGs
[2025-01-18T00:34:12.092+0000] {logging_mixin.py:190} INFO - [2025-01-18T00:34:12.092+0000] {dag.py:4180} INFO - Setting next_dagrun for example_dag_decorator to None, run_after=None
[2025-01-18T00:34:12.117+0000] {processor.py:208} INFO - Processing /home/airflow/.local/lib/python3.12/site-packages/airflow/example_dags/example_dag_decorator.py took 0.214 seconds
[2025-01-18T00:34:43.336+0000] {processor.py:186} INFO - Started process (PID=21939) to work on /home/airflow/.local/lib/python3.12/site-packages/airflow/example_dags/example_dag_decorator.py
[2025-01-18T00:34:43.337+0000] {processor.py:914} INFO - Processing file /home/airflow/.local/lib/python3.12/site-packages/airflow/example_dags/example_dag_decorator.py for tasks to queue
[2025-01-18T00:34:43.339+0000] {logging_mixin.py:190} INFO - [2025-01-18T00:34:43.338+0000] {dagbag.py:588} INFO - Filling up the DagBag from /home/airflow/.local/lib/python3.12/site-packages/airflow/example_dags/example_dag_decorator.py
[2025-01-18T00:34:43.352+0000] {processor.py:925} INFO - DAG(s) 'example_dag_decorator' retrieved from /home/airflow/.local/lib/python3.12/site-packages/airflow/example_dags/example_dag_decorator.py
[2025-01-18T00:34:43.481+0000] {logging_mixin.py:190} INFO - [2025-01-18T00:34:43.481+0000] {dag.py:3239} INFO - Sync 1 DAGs
[2025-01-18T00:34:43.497+0000] {logging_mixin.py:190} INFO - [2025-01-18T00:34:43.496+0000] {dag.py:4180} INFO - Setting next_dagrun for example_dag_decorator to None, run_after=None
[2025-01-18T00:34:43.521+0000] {processor.py:208} INFO - Processing /home/airflow/.local/lib/python3.12/site-packages/airflow/example_dags/example_dag_decorator.py took 0.192 seconds
[2025-01-18T00:35:15.322+0000] {processor.py:186} INFO - Started process (PID=22008) to work on /home/airflow/.local/lib/python3.12/site-packages/airflow/example_dags/example_dag_decorator.py
[2025-01-18T00:35:15.323+0000] {processor.py:914} INFO - Processing file /home/airflow/.local/lib/python3.12/site-packages/airflow/example_dags/example_dag_decorator.py for tasks to queue
[2025-01-18T00:35:15.325+0000] {logging_mixin.py:190} INFO - [2025-01-18T00:35:15.325+0000] {dagbag.py:588} INFO - Filling up the DagBag from /home/airflow/.local/lib/python3.12/site-packages/airflow/example_dags/example_dag_decorator.py
[2025-01-18T00:35:15.339+0000] {processor.py:925} INFO - DAG(s) 'example_dag_decorator' retrieved from /home/airflow/.local/lib/python3.12/site-packages/airflow/example_dags/example_dag_decorator.py
[2025-01-18T00:35:15.477+0000] {logging_mixin.py:190} INFO - [2025-01-18T00:35:15.476+0000] {dag.py:3239} INFO - Sync 1 DAGs
[2025-01-18T00:35:15.494+0000] {logging_mixin.py:190} INFO - [2025-01-18T00:35:15.494+0000] {dag.py:4180} INFO - Setting next_dagrun for example_dag_decorator to None, run_after=None
[2025-01-18T00:35:15.524+0000] {processor.py:208} INFO - Processing /home/airflow/.local/lib/python3.12/site-packages/airflow/example_dags/example_dag_decorator.py took 0.210 seconds
[2025-01-18T00:35:48.099+0000] {processor.py:186} INFO - Started process (PID=22075) to work on /home/airflow/.local/lib/python3.12/site-packages/airflow/example_dags/example_dag_decorator.py
[2025-01-18T00:35:48.101+0000] {processor.py:914} INFO - Processing file /home/airflow/.local/lib/python3.12/site-packages/airflow/example_dags/example_dag_decorator.py for tasks to queue
[2025-01-18T00:35:48.107+0000] {logging_mixin.py:190} INFO - [2025-01-18T00:35:48.106+0000] {dagbag.py:588} INFO - Filling up the DagBag from /home/airflow/.local/lib/python3.12/site-packages/airflow/example_dags/example_dag_decorator.py
[2025-01-18T00:35:48.140+0000] {processor.py:925} INFO - DAG(s) 'example_dag_decorator' retrieved from /home/airflow/.local/lib/python3.12/site-packages/airflow/example_dags/example_dag_decorator.py
[2025-01-18T00:35:48.215+0000] {logging_mixin.py:190} INFO - [2025-01-18T00:35:48.215+0000] {dag.py:3239} INFO - Sync 1 DAGs
[2025-01-18T00:35:48.280+0000] {logging_mixin.py:190} INFO - [2025-01-18T00:35:48.279+0000] {dag.py:4180} INFO - Setting next_dagrun for example_dag_decorator to None, run_after=None
[2025-01-18T00:35:48.354+0000] {processor.py:208} INFO - Processing /home/airflow/.local/lib/python3.12/site-packages/airflow/example_dags/example_dag_decorator.py took 0.265 seconds
