[2025-01-18T00:00:18.694+0000] {processor.py:186} INFO - Started process (PID=17379) to work on /home/airflow/.local/lib/python3.12/site-packages/airflow/example_dags/example_params_trigger_ui.py
[2025-01-18T00:00:18.695+0000] {processor.py:914} INFO - Processing file /home/airflow/.local/lib/python3.12/site-packages/airflow/example_dags/example_params_trigger_ui.py for tasks to queue
[2025-01-18T00:00:18.699+0000] {logging_mixin.py:190} INFO - [2025-01-18T00:00:18.698+0000] {dagbag.py:588} INFO - Filling up the DagBag from /home/airflow/.local/lib/python3.12/site-packages/airflow/example_dags/example_params_trigger_ui.py
[2025-01-18T00:00:18.710+0000] {processor.py:925} INFO - DAG(s) 'example_params_trigger_ui' retrieved from /home/airflow/.local/lib/python3.12/site-packages/airflow/example_dags/example_params_trigger_ui.py
[2025-01-18T00:00:18.759+0000] {logging_mixin.py:190} INFO - [2025-01-18T00:00:18.759+0000] {dag.py:3239} INFO - Sync 1 DAGs
[2025-01-18T00:00:18.776+0000] {logging_mixin.py:190} INFO - [2025-01-18T00:00:18.775+0000] {dag.py:4180} INFO - Setting next_dagrun for example_params_trigger_ui to None, run_after=None
[2025-01-18T00:00:18.798+0000] {processor.py:208} INFO - Processing /home/airflow/.local/lib/python3.12/site-packages/airflow/example_dags/example_params_trigger_ui.py took 0.109 seconds
[2025-01-18T00:00:49.118+0000] {processor.py:186} INFO - Started process (PID=17452) to work on /home/airflow/.local/lib/python3.12/site-packages/airflow/example_dags/example_params_trigger_ui.py
[2025-01-18T00:00:49.120+0000] {processor.py:914} INFO - Processing file /home/airflow/.local/lib/python3.12/site-packages/airflow/example_dags/example_params_trigger_ui.py for tasks to queue
[2025-01-18T00:00:49.123+0000] {logging_mixin.py:190} INFO - [2025-01-18T00:00:49.123+0000] {dagbag.py:588} INFO - Filling up the DagBag from /home/airflow/.local/lib/python3.12/site-packages/airflow/example_dags/example_params_trigger_ui.py
[2025-01-18T00:00:49.140+0000] {processor.py:925} INFO - DAG(s) 'example_params_trigger_ui' retrieved from /home/airflow/.local/lib/python3.12/site-packages/airflow/example_dags/example_params_trigger_ui.py
[2025-01-18T00:00:49.194+0000] {logging_mixin.py:190} INFO - [2025-01-18T00:00:49.193+0000] {dag.py:3239} INFO - Sync 1 DAGs
[2025-01-18T00:00:49.209+0000] {logging_mixin.py:190} INFO - [2025-01-18T00:00:49.208+0000] {dag.py:4180} INFO - Setting next_dagrun for example_params_trigger_ui to None, run_after=None
[2025-01-18T00:00:49.228+0000] {processor.py:208} INFO - Processing /home/airflow/.local/lib/python3.12/site-packages/airflow/example_dags/example_params_trigger_ui.py took 0.119 seconds
[2025-01-18T00:01:19.668+0000] {processor.py:186} INFO - Started process (PID=17519) to work on /home/airflow/.local/lib/python3.12/site-packages/airflow/example_dags/example_params_trigger_ui.py
[2025-01-18T00:01:19.670+0000] {processor.py:914} INFO - Processing file /home/airflow/.local/lib/python3.12/site-packages/airflow/example_dags/example_params_trigger_ui.py for tasks to queue
[2025-01-18T00:01:19.672+0000] {logging_mixin.py:190} INFO - [2025-01-18T00:01:19.672+0000] {dagbag.py:588} INFO - Filling up the DagBag from /home/airflow/.local/lib/python3.12/site-packages/airflow/example_dags/example_params_trigger_ui.py
[2025-01-18T00:01:19.683+0000] {processor.py:925} INFO - DAG(s) 'example_params_trigger_ui' retrieved from /home/airflow/.local/lib/python3.12/site-packages/airflow/example_dags/example_params_trigger_ui.py
[2025-01-18T00:01:19.728+0000] {logging_mixin.py:190} INFO - [2025-01-18T00:01:19.728+0000] {dag.py:3239} INFO - Sync 1 DAGs
[2025-01-18T00:01:19.743+0000] {logging_mixin.py:190} INFO - [2025-01-18T00:01:19.743+0000] {dag.py:4180} INFO - Setting next_dagrun for example_params_trigger_ui to None, run_after=None
[2025-01-18T00:01:19.763+0000] {processor.py:208} INFO - Processing /home/airflow/.local/lib/python3.12/site-packages/airflow/example_dags/example_params_trigger_ui.py took 0.101 seconds
[2025-01-18T00:01:50.247+0000] {processor.py:186} INFO - Started process (PID=17586) to work on /home/airflow/.local/lib/python3.12/site-packages/airflow/example_dags/example_params_trigger_ui.py
[2025-01-18T00:01:50.249+0000] {processor.py:914} INFO - Processing file /home/airflow/.local/lib/python3.12/site-packages/airflow/example_dags/example_params_trigger_ui.py for tasks to queue
[2025-01-18T00:01:50.251+0000] {logging_mixin.py:190} INFO - [2025-01-18T00:01:50.250+0000] {dagbag.py:588} INFO - Filling up the DagBag from /home/airflow/.local/lib/python3.12/site-packages/airflow/example_dags/example_params_trigger_ui.py
[2025-01-18T00:01:50.260+0000] {processor.py:925} INFO - DAG(s) 'example_params_trigger_ui' retrieved from /home/airflow/.local/lib/python3.12/site-packages/airflow/example_dags/example_params_trigger_ui.py
[2025-01-18T00:01:50.302+0000] {logging_mixin.py:190} INFO - [2025-01-18T00:01:50.302+0000] {dag.py:3239} INFO - Sync 1 DAGs
[2025-01-18T00:01:50.317+0000] {logging_mixin.py:190} INFO - [2025-01-18T00:01:50.317+0000] {dag.py:4180} INFO - Setting next_dagrun for example_params_trigger_ui to None, run_after=None
[2025-01-18T00:01:50.339+0000] {processor.py:208} INFO - Processing /home/airflow/.local/lib/python3.12/site-packages/airflow/example_dags/example_params_trigger_ui.py took 0.097 seconds
[2025-01-18T00:02:20.465+0000] {processor.py:186} INFO - Started process (PID=17653) to work on /home/airflow/.local/lib/python3.12/site-packages/airflow/example_dags/example_params_trigger_ui.py
[2025-01-18T00:02:20.466+0000] {processor.py:914} INFO - Processing file /home/airflow/.local/lib/python3.12/site-packages/airflow/example_dags/example_params_trigger_ui.py for tasks to queue
[2025-01-18T00:02:18.269+0000] {logging_mixin.py:190} INFO - [2025-01-18T00:02:18.268+0000] {dagbag.py:588} INFO - Filling up the DagBag from /home/airflow/.local/lib/python3.12/site-packages/airflow/example_dags/example_params_trigger_ui.py
[2025-01-18T00:02:18.283+0000] {processor.py:925} INFO - DAG(s) 'example_params_trigger_ui' retrieved from /home/airflow/.local/lib/python3.12/site-packages/airflow/example_dags/example_params_trigger_ui.py
[2025-01-18T00:02:18.336+0000] {logging_mixin.py:190} INFO - [2025-01-18T00:02:18.336+0000] {dag.py:3239} INFO - Sync 1 DAGs
[2025-01-18T00:02:18.352+0000] {logging_mixin.py:190} INFO - [2025-01-18T00:02:18.352+0000] {dag.py:4180} INFO - Setting next_dagrun for example_params_trigger_ui to None, run_after=None
[2025-01-18T00:02:18.373+0000] {processor.py:208} INFO - Processing /home/airflow/.local/lib/python3.12/site-packages/airflow/example_dags/example_params_trigger_ui.py took 0.115 seconds
[2025-01-18T00:02:48.580+0000] {processor.py:186} INFO - Started process (PID=17718) to work on /home/airflow/.local/lib/python3.12/site-packages/airflow/example_dags/example_params_trigger_ui.py
[2025-01-18T00:02:48.581+0000] {processor.py:914} INFO - Processing file /home/airflow/.local/lib/python3.12/site-packages/airflow/example_dags/example_params_trigger_ui.py for tasks to queue
[2025-01-18T00:02:48.584+0000] {logging_mixin.py:190} INFO - [2025-01-18T00:02:48.583+0000] {dagbag.py:588} INFO - Filling up the DagBag from /home/airflow/.local/lib/python3.12/site-packages/airflow/example_dags/example_params_trigger_ui.py
[2025-01-18T00:02:48.596+0000] {processor.py:925} INFO - DAG(s) 'example_params_trigger_ui' retrieved from /home/airflow/.local/lib/python3.12/site-packages/airflow/example_dags/example_params_trigger_ui.py
[2025-01-18T00:02:48.657+0000] {logging_mixin.py:190} INFO - [2025-01-18T00:02:48.656+0000] {dag.py:3239} INFO - Sync 1 DAGs
[2025-01-18T00:02:48.678+0000] {logging_mixin.py:190} INFO - [2025-01-18T00:02:48.678+0000] {dag.py:4180} INFO - Setting next_dagrun for example_params_trigger_ui to None, run_after=None
[2025-01-18T00:02:48.706+0000] {processor.py:208} INFO - Processing /home/airflow/.local/lib/python3.12/site-packages/airflow/example_dags/example_params_trigger_ui.py took 0.131 seconds
[2025-01-18T00:03:19.692+0000] {processor.py:186} INFO - Started process (PID=17785) to work on /home/airflow/.local/lib/python3.12/site-packages/airflow/example_dags/example_params_trigger_ui.py
[2025-01-18T00:03:19.694+0000] {processor.py:914} INFO - Processing file /home/airflow/.local/lib/python3.12/site-packages/airflow/example_dags/example_params_trigger_ui.py for tasks to queue
[2025-01-18T00:03:19.697+0000] {logging_mixin.py:190} INFO - [2025-01-18T00:03:19.697+0000] {dagbag.py:588} INFO - Filling up the DagBag from /home/airflow/.local/lib/python3.12/site-packages/airflow/example_dags/example_params_trigger_ui.py
[2025-01-18T00:03:19.709+0000] {processor.py:925} INFO - DAG(s) 'example_params_trigger_ui' retrieved from /home/airflow/.local/lib/python3.12/site-packages/airflow/example_dags/example_params_trigger_ui.py
[2025-01-18T00:03:19.782+0000] {logging_mixin.py:190} INFO - [2025-01-18T00:03:19.781+0000] {dag.py:3239} INFO - Sync 1 DAGs
[2025-01-18T00:03:19.817+0000] {logging_mixin.py:190} INFO - [2025-01-18T00:03:19.816+0000] {dag.py:4180} INFO - Setting next_dagrun for example_params_trigger_ui to None, run_after=None
[2025-01-18T00:03:19.862+0000] {processor.py:208} INFO - Processing /home/airflow/.local/lib/python3.12/site-packages/airflow/example_dags/example_params_trigger_ui.py took 0.175 seconds
[2025-01-18T00:03:50.434+0000] {processor.py:186} INFO - Started process (PID=17853) to work on /home/airflow/.local/lib/python3.12/site-packages/airflow/example_dags/example_params_trigger_ui.py
[2025-01-18T00:03:50.435+0000] {processor.py:914} INFO - Processing file /home/airflow/.local/lib/python3.12/site-packages/airflow/example_dags/example_params_trigger_ui.py for tasks to queue
[2025-01-18T00:03:50.438+0000] {logging_mixin.py:190} INFO - [2025-01-18T00:03:50.438+0000] {dagbag.py:588} INFO - Filling up the DagBag from /home/airflow/.local/lib/python3.12/site-packages/airflow/example_dags/example_params_trigger_ui.py
[2025-01-18T00:03:50.453+0000] {processor.py:925} INFO - DAG(s) 'example_params_trigger_ui' retrieved from /home/airflow/.local/lib/python3.12/site-packages/airflow/example_dags/example_params_trigger_ui.py
[2025-01-18T00:03:50.521+0000] {logging_mixin.py:190} INFO - [2025-01-18T00:03:50.521+0000] {dag.py:3239} INFO - Sync 1 DAGs
[2025-01-18T00:03:50.543+0000] {logging_mixin.py:190} INFO - [2025-01-18T00:03:50.542+0000] {dag.py:4180} INFO - Setting next_dagrun for example_params_trigger_ui to None, run_after=None
[2025-01-18T00:03:50.575+0000] {processor.py:208} INFO - Processing /home/airflow/.local/lib/python3.12/site-packages/airflow/example_dags/example_params_trigger_ui.py took 0.146 seconds
[2025-01-18T00:04:20.720+0000] {processor.py:186} INFO - Started process (PID=17920) to work on /home/airflow/.local/lib/python3.12/site-packages/airflow/example_dags/example_params_trigger_ui.py
[2025-01-18T00:04:20.721+0000] {processor.py:914} INFO - Processing file /home/airflow/.local/lib/python3.12/site-packages/airflow/example_dags/example_params_trigger_ui.py for tasks to queue
[2025-01-18T00:04:20.723+0000] {logging_mixin.py:190} INFO - [2025-01-18T00:04:20.723+0000] {dagbag.py:588} INFO - Filling up the DagBag from /home/airflow/.local/lib/python3.12/site-packages/airflow/example_dags/example_params_trigger_ui.py
[2025-01-18T00:04:20.733+0000] {processor.py:925} INFO - DAG(s) 'example_params_trigger_ui' retrieved from /home/airflow/.local/lib/python3.12/site-packages/airflow/example_dags/example_params_trigger_ui.py
[2025-01-18T00:04:20.795+0000] {logging_mixin.py:190} INFO - [2025-01-18T00:04:20.795+0000] {dag.py:3239} INFO - Sync 1 DAGs
[2025-01-18T00:04:20.818+0000] {logging_mixin.py:190} INFO - [2025-01-18T00:04:20.817+0000] {dag.py:4180} INFO - Setting next_dagrun for example_params_trigger_ui to None, run_after=None
[2025-01-18T00:04:20.844+0000] {processor.py:208} INFO - Processing /home/airflow/.local/lib/python3.12/site-packages/airflow/example_dags/example_params_trigger_ui.py took 0.130 seconds
[2025-01-18T00:04:51.045+0000] {processor.py:186} INFO - Started process (PID=17987) to work on /home/airflow/.local/lib/python3.12/site-packages/airflow/example_dags/example_params_trigger_ui.py
[2025-01-18T00:04:51.047+0000] {processor.py:914} INFO - Processing file /home/airflow/.local/lib/python3.12/site-packages/airflow/example_dags/example_params_trigger_ui.py for tasks to queue
[2025-01-18T00:04:51.051+0000] {logging_mixin.py:190} INFO - [2025-01-18T00:04:51.050+0000] {dagbag.py:588} INFO - Filling up the DagBag from /home/airflow/.local/lib/python3.12/site-packages/airflow/example_dags/example_params_trigger_ui.py
[2025-01-18T00:04:51.081+0000] {processor.py:925} INFO - DAG(s) 'example_params_trigger_ui' retrieved from /home/airflow/.local/lib/python3.12/site-packages/airflow/example_dags/example_params_trigger_ui.py
[2025-01-18T00:04:51.171+0000] {logging_mixin.py:190} INFO - [2025-01-18T00:04:51.171+0000] {dag.py:3239} INFO - Sync 1 DAGs
[2025-01-18T00:04:51.195+0000] {logging_mixin.py:190} INFO - [2025-01-18T00:04:51.195+0000] {dag.py:4180} INFO - Setting next_dagrun for example_params_trigger_ui to None, run_after=None
[2025-01-18T00:04:51.225+0000] {processor.py:208} INFO - Processing /home/airflow/.local/lib/python3.12/site-packages/airflow/example_dags/example_params_trigger_ui.py took 0.197 seconds
[2025-01-18T00:05:21.525+0000] {processor.py:186} INFO - Started process (PID=18060) to work on /home/airflow/.local/lib/python3.12/site-packages/airflow/example_dags/example_params_trigger_ui.py
[2025-01-18T00:05:21.527+0000] {processor.py:914} INFO - Processing file /home/airflow/.local/lib/python3.12/site-packages/airflow/example_dags/example_params_trigger_ui.py for tasks to queue
[2025-01-18T00:05:21.530+0000] {logging_mixin.py:190} INFO - [2025-01-18T00:05:21.530+0000] {dagbag.py:588} INFO - Filling up the DagBag from /home/airflow/.local/lib/python3.12/site-packages/airflow/example_dags/example_params_trigger_ui.py
[2025-01-18T00:05:21.550+0000] {processor.py:925} INFO - DAG(s) 'example_params_trigger_ui' retrieved from /home/airflow/.local/lib/python3.12/site-packages/airflow/example_dags/example_params_trigger_ui.py
[2025-01-18T00:05:21.657+0000] {logging_mixin.py:190} INFO - [2025-01-18T00:05:21.656+0000] {dag.py:3239} INFO - Sync 1 DAGs
[2025-01-18T00:05:21.687+0000] {logging_mixin.py:190} INFO - [2025-01-18T00:05:21.686+0000] {dag.py:4180} INFO - Setting next_dagrun for example_params_trigger_ui to None, run_after=None
[2025-01-18T00:05:21.723+0000] {processor.py:208} INFO - Processing /home/airflow/.local/lib/python3.12/site-packages/airflow/example_dags/example_params_trigger_ui.py took 0.210 seconds
[2025-01-18T00:05:51.927+0000] {processor.py:186} INFO - Started process (PID=18127) to work on /home/airflow/.local/lib/python3.12/site-packages/airflow/example_dags/example_params_trigger_ui.py
[2025-01-18T00:05:51.929+0000] {processor.py:914} INFO - Processing file /home/airflow/.local/lib/python3.12/site-packages/airflow/example_dags/example_params_trigger_ui.py for tasks to queue
[2025-01-18T00:05:51.933+0000] {logging_mixin.py:190} INFO - [2025-01-18T00:05:51.932+0000] {dagbag.py:588} INFO - Filling up the DagBag from /home/airflow/.local/lib/python3.12/site-packages/airflow/example_dags/example_params_trigger_ui.py
[2025-01-18T00:05:51.960+0000] {processor.py:925} INFO - DAG(s) 'example_params_trigger_ui' retrieved from /home/airflow/.local/lib/python3.12/site-packages/airflow/example_dags/example_params_trigger_ui.py
[2025-01-18T00:05:52.033+0000] {logging_mixin.py:190} INFO - [2025-01-18T00:05:52.032+0000] {dag.py:3239} INFO - Sync 1 DAGs
[2025-01-18T00:05:52.055+0000] {logging_mixin.py:190} INFO - [2025-01-18T00:05:52.055+0000] {dag.py:4180} INFO - Setting next_dagrun for example_params_trigger_ui to None, run_after=None
[2025-01-18T00:05:52.083+0000] {processor.py:208} INFO - Processing /home/airflow/.local/lib/python3.12/site-packages/airflow/example_dags/example_params_trigger_ui.py took 0.166 seconds
[2025-01-18T00:06:22.270+0000] {processor.py:186} INFO - Started process (PID=18195) to work on /home/airflow/.local/lib/python3.12/site-packages/airflow/example_dags/example_params_trigger_ui.py
[2025-01-18T00:06:22.271+0000] {processor.py:914} INFO - Processing file /home/airflow/.local/lib/python3.12/site-packages/airflow/example_dags/example_params_trigger_ui.py for tasks to queue
[2025-01-18T00:06:22.273+0000] {logging_mixin.py:190} INFO - [2025-01-18T00:06:22.273+0000] {dagbag.py:588} INFO - Filling up the DagBag from /home/airflow/.local/lib/python3.12/site-packages/airflow/example_dags/example_params_trigger_ui.py
[2025-01-18T00:06:22.285+0000] {processor.py:925} INFO - DAG(s) 'example_params_trigger_ui' retrieved from /home/airflow/.local/lib/python3.12/site-packages/airflow/example_dags/example_params_trigger_ui.py
[2025-01-18T00:06:22.337+0000] {logging_mixin.py:190} INFO - [2025-01-18T00:06:22.336+0000] {dag.py:3239} INFO - Sync 1 DAGs
[2025-01-18T00:06:22.353+0000] {logging_mixin.py:190} INFO - [2025-01-18T00:06:22.353+0000] {dag.py:4180} INFO - Setting next_dagrun for example_params_trigger_ui to None, run_after=None
[2025-01-18T00:06:22.377+0000] {processor.py:208} INFO - Processing /home/airflow/.local/lib/python3.12/site-packages/airflow/example_dags/example_params_trigger_ui.py took 0.113 seconds
[2025-01-18T00:06:52.486+0000] {processor.py:186} INFO - Started process (PID=18262) to work on /home/airflow/.local/lib/python3.12/site-packages/airflow/example_dags/example_params_trigger_ui.py
[2025-01-18T00:06:52.488+0000] {processor.py:914} INFO - Processing file /home/airflow/.local/lib/python3.12/site-packages/airflow/example_dags/example_params_trigger_ui.py for tasks to queue
[2025-01-18T00:06:52.491+0000] {logging_mixin.py:190} INFO - [2025-01-18T00:06:52.491+0000] {dagbag.py:588} INFO - Filling up the DagBag from /home/airflow/.local/lib/python3.12/site-packages/airflow/example_dags/example_params_trigger_ui.py
[2025-01-18T00:06:52.508+0000] {processor.py:925} INFO - DAG(s) 'example_params_trigger_ui' retrieved from /home/airflow/.local/lib/python3.12/site-packages/airflow/example_dags/example_params_trigger_ui.py
[2025-01-18T00:06:52.570+0000] {logging_mixin.py:190} INFO - [2025-01-18T00:06:52.570+0000] {dag.py:3239} INFO - Sync 1 DAGs
[2025-01-18T00:06:52.588+0000] {logging_mixin.py:190} INFO - [2025-01-18T00:06:52.587+0000] {dag.py:4180} INFO - Setting next_dagrun for example_params_trigger_ui to None, run_after=None
[2025-01-18T00:06:52.613+0000] {processor.py:208} INFO - Processing /home/airflow/.local/lib/python3.12/site-packages/airflow/example_dags/example_params_trigger_ui.py took 0.140 seconds
[2025-01-18T00:07:22.804+0000] {processor.py:186} INFO - Started process (PID=18329) to work on /home/airflow/.local/lib/python3.12/site-packages/airflow/example_dags/example_params_trigger_ui.py
[2025-01-18T00:07:22.805+0000] {processor.py:914} INFO - Processing file /home/airflow/.local/lib/python3.12/site-packages/airflow/example_dags/example_params_trigger_ui.py for tasks to queue
[2025-01-18T00:07:22.808+0000] {logging_mixin.py:190} INFO - [2025-01-18T00:07:22.807+0000] {dagbag.py:588} INFO - Filling up the DagBag from /home/airflow/.local/lib/python3.12/site-packages/airflow/example_dags/example_params_trigger_ui.py
[2025-01-18T00:07:22.822+0000] {processor.py:925} INFO - DAG(s) 'example_params_trigger_ui' retrieved from /home/airflow/.local/lib/python3.12/site-packages/airflow/example_dags/example_params_trigger_ui.py
[2025-01-18T00:07:22.877+0000] {logging_mixin.py:190} INFO - [2025-01-18T00:07:22.876+0000] {dag.py:3239} INFO - Sync 1 DAGs
[2025-01-18T00:07:22.894+0000] {logging_mixin.py:190} INFO - [2025-01-18T00:07:22.893+0000] {dag.py:4180} INFO - Setting next_dagrun for example_params_trigger_ui to None, run_after=None
[2025-01-18T00:07:22.916+0000] {processor.py:208} INFO - Processing /home/airflow/.local/lib/python3.12/site-packages/airflow/example_dags/example_params_trigger_ui.py took 0.119 seconds
[2025-01-18T00:07:52.988+0000] {processor.py:186} INFO - Started process (PID=18396) to work on /home/airflow/.local/lib/python3.12/site-packages/airflow/example_dags/example_params_trigger_ui.py
[2025-01-18T00:07:52.989+0000] {processor.py:914} INFO - Processing file /home/airflow/.local/lib/python3.12/site-packages/airflow/example_dags/example_params_trigger_ui.py for tasks to queue
[2025-01-18T00:07:52.992+0000] {logging_mixin.py:190} INFO - [2025-01-18T00:07:52.991+0000] {dagbag.py:588} INFO - Filling up the DagBag from /home/airflow/.local/lib/python3.12/site-packages/airflow/example_dags/example_params_trigger_ui.py
[2025-01-18T00:07:53.004+0000] {processor.py:925} INFO - DAG(s) 'example_params_trigger_ui' retrieved from /home/airflow/.local/lib/python3.12/site-packages/airflow/example_dags/example_params_trigger_ui.py
[2025-01-18T00:07:53.072+0000] {logging_mixin.py:190} INFO - [2025-01-18T00:07:53.072+0000] {dag.py:3239} INFO - Sync 1 DAGs
[2025-01-18T00:07:53.088+0000] {logging_mixin.py:190} INFO - [2025-01-18T00:07:53.088+0000] {dag.py:4180} INFO - Setting next_dagrun for example_params_trigger_ui to None, run_after=None
[2025-01-18T00:07:53.110+0000] {processor.py:208} INFO - Processing /home/airflow/.local/lib/python3.12/site-packages/airflow/example_dags/example_params_trigger_ui.py took 0.128 seconds
[2025-01-18T00:08:23.798+0000] {processor.py:186} INFO - Started process (PID=18463) to work on /home/airflow/.local/lib/python3.12/site-packages/airflow/example_dags/example_params_trigger_ui.py
[2025-01-18T00:08:23.799+0000] {processor.py:914} INFO - Processing file /home/airflow/.local/lib/python3.12/site-packages/airflow/example_dags/example_params_trigger_ui.py for tasks to queue
[2025-01-18T00:08:23.802+0000] {logging_mixin.py:190} INFO - [2025-01-18T00:08:23.801+0000] {dagbag.py:588} INFO - Filling up the DagBag from /home/airflow/.local/lib/python3.12/site-packages/airflow/example_dags/example_params_trigger_ui.py
[2025-01-18T00:08:23.819+0000] {processor.py:925} INFO - DAG(s) 'example_params_trigger_ui' retrieved from /home/airflow/.local/lib/python3.12/site-packages/airflow/example_dags/example_params_trigger_ui.py
[2025-01-18T00:08:23.880+0000] {logging_mixin.py:190} INFO - [2025-01-18T00:08:23.879+0000] {dag.py:3239} INFO - Sync 1 DAGs
[2025-01-18T00:08:23.896+0000] {logging_mixin.py:190} INFO - [2025-01-18T00:08:23.896+0000] {dag.py:4180} INFO - Setting next_dagrun for example_params_trigger_ui to None, run_after=None
[2025-01-18T00:08:23.916+0000] {processor.py:208} INFO - Processing /home/airflow/.local/lib/python3.12/site-packages/airflow/example_dags/example_params_trigger_ui.py took 0.127 seconds
[2025-01-18T00:08:53.969+0000] {processor.py:186} INFO - Started process (PID=18530) to work on /home/airflow/.local/lib/python3.12/site-packages/airflow/example_dags/example_params_trigger_ui.py
[2025-01-18T00:08:53.970+0000] {processor.py:914} INFO - Processing file /home/airflow/.local/lib/python3.12/site-packages/airflow/example_dags/example_params_trigger_ui.py for tasks to queue
[2025-01-18T00:08:53.973+0000] {logging_mixin.py:190} INFO - [2025-01-18T00:08:53.972+0000] {dagbag.py:588} INFO - Filling up the DagBag from /home/airflow/.local/lib/python3.12/site-packages/airflow/example_dags/example_params_trigger_ui.py
[2025-01-18T00:08:53.986+0000] {processor.py:925} INFO - DAG(s) 'example_params_trigger_ui' retrieved from /home/airflow/.local/lib/python3.12/site-packages/airflow/example_dags/example_params_trigger_ui.py
[2025-01-18T00:08:54.040+0000] {logging_mixin.py:190} INFO - [2025-01-18T00:08:54.040+0000] {dag.py:3239} INFO - Sync 1 DAGs
[2025-01-18T00:08:54.057+0000] {logging_mixin.py:190} INFO - [2025-01-18T00:08:54.057+0000] {dag.py:4180} INFO - Setting next_dagrun for example_params_trigger_ui to None, run_after=None
[2025-01-18T00:08:54.079+0000] {processor.py:208} INFO - Processing /home/airflow/.local/lib/python3.12/site-packages/airflow/example_dags/example_params_trigger_ui.py took 0.117 seconds
[2025-01-18T00:09:25.105+0000] {processor.py:186} INFO - Started process (PID=18598) to work on /home/airflow/.local/lib/python3.12/site-packages/airflow/example_dags/example_params_trigger_ui.py
[2025-01-18T00:09:25.107+0000] {processor.py:914} INFO - Processing file /home/airflow/.local/lib/python3.12/site-packages/airflow/example_dags/example_params_trigger_ui.py for tasks to queue
[2025-01-18T00:09:25.110+0000] {logging_mixin.py:190} INFO - [2025-01-18T00:09:25.110+0000] {dagbag.py:588} INFO - Filling up the DagBag from /home/airflow/.local/lib/python3.12/site-packages/airflow/example_dags/example_params_trigger_ui.py
[2025-01-18T00:09:25.123+0000] {processor.py:925} INFO - DAG(s) 'example_params_trigger_ui' retrieved from /home/airflow/.local/lib/python3.12/site-packages/airflow/example_dags/example_params_trigger_ui.py
[2025-01-18T00:09:25.178+0000] {logging_mixin.py:190} INFO - [2025-01-18T00:09:25.178+0000] {dag.py:3239} INFO - Sync 1 DAGs
[2025-01-18T00:09:25.198+0000] {logging_mixin.py:190} INFO - [2025-01-18T00:09:25.198+0000] {dag.py:4180} INFO - Setting next_dagrun for example_params_trigger_ui to None, run_after=None
[2025-01-18T00:09:25.225+0000] {processor.py:208} INFO - Processing /home/airflow/.local/lib/python3.12/site-packages/airflow/example_dags/example_params_trigger_ui.py took 0.126 seconds
[2025-01-18T00:09:55.726+0000] {processor.py:186} INFO - Started process (PID=18668) to work on /home/airflow/.local/lib/python3.12/site-packages/airflow/example_dags/example_params_trigger_ui.py
[2025-01-18T00:09:55.728+0000] {processor.py:914} INFO - Processing file /home/airflow/.local/lib/python3.12/site-packages/airflow/example_dags/example_params_trigger_ui.py for tasks to queue
[2025-01-18T00:09:55.732+0000] {logging_mixin.py:190} INFO - [2025-01-18T00:09:55.731+0000] {dagbag.py:588} INFO - Filling up the DagBag from /home/airflow/.local/lib/python3.12/site-packages/airflow/example_dags/example_params_trigger_ui.py
[2025-01-18T00:09:55.753+0000] {processor.py:925} INFO - DAG(s) 'example_params_trigger_ui' retrieved from /home/airflow/.local/lib/python3.12/site-packages/airflow/example_dags/example_params_trigger_ui.py
[2025-01-18T00:09:55.854+0000] {logging_mixin.py:190} INFO - [2025-01-18T00:09:55.853+0000] {dag.py:3239} INFO - Sync 1 DAGs
[2025-01-18T00:09:55.876+0000] {logging_mixin.py:190} INFO - [2025-01-18T00:09:55.876+0000] {dag.py:4180} INFO - Setting next_dagrun for example_params_trigger_ui to None, run_after=None
[2025-01-18T00:09:55.907+0000] {processor.py:208} INFO - Processing /home/airflow/.local/lib/python3.12/site-packages/airflow/example_dags/example_params_trigger_ui.py took 0.191 seconds
[2025-01-18T00:10:26.755+0000] {processor.py:186} INFO - Started process (PID=18735) to work on /home/airflow/.local/lib/python3.12/site-packages/airflow/example_dags/example_params_trigger_ui.py
[2025-01-18T00:10:26.758+0000] {processor.py:914} INFO - Processing file /home/airflow/.local/lib/python3.12/site-packages/airflow/example_dags/example_params_trigger_ui.py for tasks to queue
[2025-01-18T00:10:26.762+0000] {logging_mixin.py:190} INFO - [2025-01-18T00:10:26.762+0000] {dagbag.py:588} INFO - Filling up the DagBag from /home/airflow/.local/lib/python3.12/site-packages/airflow/example_dags/example_params_trigger_ui.py
[2025-01-18T00:10:26.784+0000] {processor.py:925} INFO - DAG(s) 'example_params_trigger_ui' retrieved from /home/airflow/.local/lib/python3.12/site-packages/airflow/example_dags/example_params_trigger_ui.py
[2025-01-18T00:10:26.856+0000] {logging_mixin.py:190} INFO - [2025-01-18T00:10:26.855+0000] {dag.py:3239} INFO - Sync 1 DAGs
[2025-01-18T00:10:26.878+0000] {logging_mixin.py:190} INFO - [2025-01-18T00:10:26.878+0000] {dag.py:4180} INFO - Setting next_dagrun for example_params_trigger_ui to None, run_after=None
[2025-01-18T00:10:26.903+0000] {processor.py:208} INFO - Processing /home/airflow/.local/lib/python3.12/site-packages/airflow/example_dags/example_params_trigger_ui.py took 0.158 seconds
[2025-01-18T00:10:56.956+0000] {processor.py:186} INFO - Started process (PID=18802) to work on /home/airflow/.local/lib/python3.12/site-packages/airflow/example_dags/example_params_trigger_ui.py
[2025-01-18T00:10:56.958+0000] {processor.py:914} INFO - Processing file /home/airflow/.local/lib/python3.12/site-packages/airflow/example_dags/example_params_trigger_ui.py for tasks to queue
[2025-01-18T00:10:56.961+0000] {logging_mixin.py:190} INFO - [2025-01-18T00:10:56.961+0000] {dagbag.py:588} INFO - Filling up the DagBag from /home/airflow/.local/lib/python3.12/site-packages/airflow/example_dags/example_params_trigger_ui.py
[2025-01-18T00:10:56.977+0000] {processor.py:925} INFO - DAG(s) 'example_params_trigger_ui' retrieved from /home/airflow/.local/lib/python3.12/site-packages/airflow/example_dags/example_params_trigger_ui.py
[2025-01-18T00:10:57.059+0000] {logging_mixin.py:190} INFO - [2025-01-18T00:10:57.058+0000] {dag.py:3239} INFO - Sync 1 DAGs
[2025-01-18T00:10:57.089+0000] {logging_mixin.py:190} INFO - [2025-01-18T00:10:57.089+0000] {dag.py:4180} INFO - Setting next_dagrun for example_params_trigger_ui to None, run_after=None
[2025-01-18T00:10:57.128+0000] {processor.py:208} INFO - Processing /home/airflow/.local/lib/python3.12/site-packages/airflow/example_dags/example_params_trigger_ui.py took 0.180 seconds
[2025-01-18T00:11:27.421+0000] {processor.py:186} INFO - Started process (PID=18869) to work on /home/airflow/.local/lib/python3.12/site-packages/airflow/example_dags/example_params_trigger_ui.py
[2025-01-18T00:11:27.422+0000] {processor.py:914} INFO - Processing file /home/airflow/.local/lib/python3.12/site-packages/airflow/example_dags/example_params_trigger_ui.py for tasks to queue
[2025-01-18T00:11:27.424+0000] {logging_mixin.py:190} INFO - [2025-01-18T00:11:27.424+0000] {dagbag.py:588} INFO - Filling up the DagBag from /home/airflow/.local/lib/python3.12/site-packages/airflow/example_dags/example_params_trigger_ui.py
[2025-01-18T00:11:27.437+0000] {processor.py:925} INFO - DAG(s) 'example_params_trigger_ui' retrieved from /home/airflow/.local/lib/python3.12/site-packages/airflow/example_dags/example_params_trigger_ui.py
[2025-01-18T00:11:27.490+0000] {logging_mixin.py:190} INFO - [2025-01-18T00:11:27.489+0000] {dag.py:3239} INFO - Sync 1 DAGs
[2025-01-18T00:11:27.508+0000] {logging_mixin.py:190} INFO - [2025-01-18T00:11:27.508+0000] {dag.py:4180} INFO - Setting next_dagrun for example_params_trigger_ui to None, run_after=None
[2025-01-18T00:11:27.528+0000] {processor.py:208} INFO - Processing /home/airflow/.local/lib/python3.12/site-packages/airflow/example_dags/example_params_trigger_ui.py took 0.114 seconds
[2025-01-18T00:11:57.579+0000] {processor.py:186} INFO - Started process (PID=18937) to work on /home/airflow/.local/lib/python3.12/site-packages/airflow/example_dags/example_params_trigger_ui.py
[2025-01-18T00:11:57.580+0000] {processor.py:914} INFO - Processing file /home/airflow/.local/lib/python3.12/site-packages/airflow/example_dags/example_params_trigger_ui.py for tasks to queue
[2025-01-18T00:11:57.583+0000] {logging_mixin.py:190} INFO - [2025-01-18T00:11:57.582+0000] {dagbag.py:588} INFO - Filling up the DagBag from /home/airflow/.local/lib/python3.12/site-packages/airflow/example_dags/example_params_trigger_ui.py
[2025-01-18T00:11:57.595+0000] {processor.py:925} INFO - DAG(s) 'example_params_trigger_ui' retrieved from /home/airflow/.local/lib/python3.12/site-packages/airflow/example_dags/example_params_trigger_ui.py
[2025-01-18T00:11:57.658+0000] {logging_mixin.py:190} INFO - [2025-01-18T00:11:57.658+0000] {dag.py:3239} INFO - Sync 1 DAGs
[2025-01-18T00:11:57.680+0000] {logging_mixin.py:190} INFO - [2025-01-18T00:11:57.680+0000] {dag.py:4180} INFO - Setting next_dagrun for example_params_trigger_ui to None, run_after=None
[2025-01-18T00:11:57.703+0000] {processor.py:208} INFO - Processing /home/airflow/.local/lib/python3.12/site-packages/airflow/example_dags/example_params_trigger_ui.py took 0.130 seconds
[2025-01-18T00:12:28.727+0000] {processor.py:186} INFO - Started process (PID=19000) to work on /home/airflow/.local/lib/python3.12/site-packages/airflow/example_dags/example_params_trigger_ui.py
[2025-01-18T00:12:28.729+0000] {processor.py:914} INFO - Processing file /home/airflow/.local/lib/python3.12/site-packages/airflow/example_dags/example_params_trigger_ui.py for tasks to queue
[2025-01-18T00:12:28.731+0000] {logging_mixin.py:190} INFO - [2025-01-18T00:12:28.731+0000] {dagbag.py:588} INFO - Filling up the DagBag from /home/airflow/.local/lib/python3.12/site-packages/airflow/example_dags/example_params_trigger_ui.py
[2025-01-18T00:12:28.744+0000] {processor.py:925} INFO - DAG(s) 'example_params_trigger_ui' retrieved from /home/airflow/.local/lib/python3.12/site-packages/airflow/example_dags/example_params_trigger_ui.py
[2025-01-18T00:12:28.806+0000] {logging_mixin.py:190} INFO - [2025-01-18T00:12:28.806+0000] {dag.py:3239} INFO - Sync 1 DAGs
[2025-01-18T00:12:28.830+0000] {logging_mixin.py:190} INFO - [2025-01-18T00:12:28.830+0000] {dag.py:4180} INFO - Setting next_dagrun for example_params_trigger_ui to None, run_after=None
[2025-01-18T00:12:28.862+0000] {processor.py:208} INFO - Processing /home/airflow/.local/lib/python3.12/site-packages/airflow/example_dags/example_params_trigger_ui.py took 0.142 seconds
[2025-01-18T00:12:59.749+0000] {processor.py:186} INFO - Started process (PID=19067) to work on /home/airflow/.local/lib/python3.12/site-packages/airflow/example_dags/example_params_trigger_ui.py
[2025-01-18T00:12:59.751+0000] {processor.py:914} INFO - Processing file /home/airflow/.local/lib/python3.12/site-packages/airflow/example_dags/example_params_trigger_ui.py for tasks to queue
[2025-01-18T00:12:59.753+0000] {logging_mixin.py:190} INFO - [2025-01-18T00:12:59.753+0000] {dagbag.py:588} INFO - Filling up the DagBag from /home/airflow/.local/lib/python3.12/site-packages/airflow/example_dags/example_params_trigger_ui.py
[2025-01-18T00:12:59.770+0000] {processor.py:925} INFO - DAG(s) 'example_params_trigger_ui' retrieved from /home/airflow/.local/lib/python3.12/site-packages/airflow/example_dags/example_params_trigger_ui.py
[2025-01-18T00:12:59.839+0000] {logging_mixin.py:190} INFO - [2025-01-18T00:12:59.839+0000] {dag.py:3239} INFO - Sync 1 DAGs
[2025-01-18T00:12:59.867+0000] {logging_mixin.py:190} INFO - [2025-01-18T00:12:59.866+0000] {dag.py:4180} INFO - Setting next_dagrun for example_params_trigger_ui to None, run_after=None
[2025-01-18T00:12:59.896+0000] {processor.py:208} INFO - Processing /home/airflow/.local/lib/python3.12/site-packages/airflow/example_dags/example_params_trigger_ui.py took 0.155 seconds
[2025-01-18T00:13:30.796+0000] {processor.py:186} INFO - Started process (PID=19134) to work on /home/airflow/.local/lib/python3.12/site-packages/airflow/example_dags/example_params_trigger_ui.py
[2025-01-18T00:13:30.797+0000] {processor.py:914} INFO - Processing file /home/airflow/.local/lib/python3.12/site-packages/airflow/example_dags/example_params_trigger_ui.py for tasks to queue
[2025-01-18T00:13:30.800+0000] {logging_mixin.py:190} INFO - [2025-01-18T00:13:30.799+0000] {dagbag.py:588} INFO - Filling up the DagBag from /home/airflow/.local/lib/python3.12/site-packages/airflow/example_dags/example_params_trigger_ui.py
[2025-01-18T00:13:30.815+0000] {processor.py:925} INFO - DAG(s) 'example_params_trigger_ui' retrieved from /home/airflow/.local/lib/python3.12/site-packages/airflow/example_dags/example_params_trigger_ui.py
[2025-01-18T00:13:30.876+0000] {logging_mixin.py:190} INFO - [2025-01-18T00:13:30.875+0000] {dag.py:3239} INFO - Sync 1 DAGs
[2025-01-18T00:13:30.895+0000] {logging_mixin.py:190} INFO - [2025-01-18T00:13:30.894+0000] {dag.py:4180} INFO - Setting next_dagrun for example_params_trigger_ui to None, run_after=None
[2025-01-18T00:13:30.920+0000] {processor.py:208} INFO - Processing /home/airflow/.local/lib/python3.12/site-packages/airflow/example_dags/example_params_trigger_ui.py took 0.133 seconds
[2025-01-18T00:14:01.678+0000] {processor.py:186} INFO - Started process (PID=19206) to work on /home/airflow/.local/lib/python3.12/site-packages/airflow/example_dags/example_params_trigger_ui.py
[2025-01-18T00:14:01.680+0000] {processor.py:914} INFO - Processing file /home/airflow/.local/lib/python3.12/site-packages/airflow/example_dags/example_params_trigger_ui.py for tasks to queue
[2025-01-18T00:14:01.684+0000] {logging_mixin.py:190} INFO - [2025-01-18T00:14:01.683+0000] {dagbag.py:588} INFO - Filling up the DagBag from /home/airflow/.local/lib/python3.12/site-packages/airflow/example_dags/example_params_trigger_ui.py
[2025-01-18T00:14:01.702+0000] {processor.py:925} INFO - DAG(s) 'example_params_trigger_ui' retrieved from /home/airflow/.local/lib/python3.12/site-packages/airflow/example_dags/example_params_trigger_ui.py
[2025-01-18T00:14:01.819+0000] {logging_mixin.py:190} INFO - [2025-01-18T00:14:01.815+0000] {dag.py:3239} INFO - Sync 1 DAGs
[2025-01-18T00:14:01.851+0000] {logging_mixin.py:190} INFO - [2025-01-18T00:14:01.851+0000] {dag.py:4180} INFO - Setting next_dagrun for example_params_trigger_ui to None, run_after=None
[2025-01-18T00:14:01.879+0000] {processor.py:208} INFO - Processing /home/airflow/.local/lib/python3.12/site-packages/airflow/example_dags/example_params_trigger_ui.py took 0.211 seconds
[2025-01-18T00:14:32.572+0000] {processor.py:186} INFO - Started process (PID=19273) to work on /home/airflow/.local/lib/python3.12/site-packages/airflow/example_dags/example_params_trigger_ui.py
[2025-01-18T00:14:32.574+0000] {processor.py:914} INFO - Processing file /home/airflow/.local/lib/python3.12/site-packages/airflow/example_dags/example_params_trigger_ui.py for tasks to queue
[2025-01-18T00:14:32.576+0000] {logging_mixin.py:190} INFO - [2025-01-18T00:14:32.576+0000] {dagbag.py:588} INFO - Filling up the DagBag from /home/airflow/.local/lib/python3.12/site-packages/airflow/example_dags/example_params_trigger_ui.py
[2025-01-18T00:14:32.589+0000] {processor.py:925} INFO - DAG(s) 'example_params_trigger_ui' retrieved from /home/airflow/.local/lib/python3.12/site-packages/airflow/example_dags/example_params_trigger_ui.py
[2025-01-18T00:14:32.639+0000] {logging_mixin.py:190} INFO - [2025-01-18T00:14:32.638+0000] {dag.py:3239} INFO - Sync 1 DAGs
[2025-01-18T00:14:32.654+0000] {logging_mixin.py:190} INFO - [2025-01-18T00:14:32.654+0000] {dag.py:4180} INFO - Setting next_dagrun for example_params_trigger_ui to None, run_after=None
[2025-01-18T00:14:32.675+0000] {processor.py:208} INFO - Processing /home/airflow/.local/lib/python3.12/site-packages/airflow/example_dags/example_params_trigger_ui.py took 0.110 seconds
[2025-01-18T00:15:02.799+0000] {processor.py:186} INFO - Started process (PID=19340) to work on /home/airflow/.local/lib/python3.12/site-packages/airflow/example_dags/example_params_trigger_ui.py
[2025-01-18T00:15:02.801+0000] {processor.py:914} INFO - Processing file /home/airflow/.local/lib/python3.12/site-packages/airflow/example_dags/example_params_trigger_ui.py for tasks to queue
[2025-01-18T00:15:02.805+0000] {logging_mixin.py:190} INFO - [2025-01-18T00:15:02.804+0000] {dagbag.py:588} INFO - Filling up the DagBag from /home/airflow/.local/lib/python3.12/site-packages/airflow/example_dags/example_params_trigger_ui.py
[2025-01-18T00:15:02.828+0000] {processor.py:925} INFO - DAG(s) 'example_params_trigger_ui' retrieved from /home/airflow/.local/lib/python3.12/site-packages/airflow/example_dags/example_params_trigger_ui.py
[2025-01-18T00:15:02.895+0000] {logging_mixin.py:190} INFO - [2025-01-18T00:15:02.895+0000] {dag.py:3239} INFO - Sync 1 DAGs
[2025-01-18T00:15:02.914+0000] {logging_mixin.py:190} INFO - [2025-01-18T00:15:02.914+0000] {dag.py:4180} INFO - Setting next_dagrun for example_params_trigger_ui to None, run_after=None
[2025-01-18T00:15:02.939+0000] {processor.py:208} INFO - Processing /home/airflow/.local/lib/python3.12/site-packages/airflow/example_dags/example_params_trigger_ui.py took 0.150 seconds
[2025-01-18T00:15:33.392+0000] {processor.py:186} INFO - Started process (PID=19408) to work on /home/airflow/.local/lib/python3.12/site-packages/airflow/example_dags/example_params_trigger_ui.py
[2025-01-18T00:15:33.395+0000] {processor.py:914} INFO - Processing file /home/airflow/.local/lib/python3.12/site-packages/airflow/example_dags/example_params_trigger_ui.py for tasks to queue
[2025-01-18T00:15:33.398+0000] {logging_mixin.py:190} INFO - [2025-01-18T00:15:33.398+0000] {dagbag.py:588} INFO - Filling up the DagBag from /home/airflow/.local/lib/python3.12/site-packages/airflow/example_dags/example_params_trigger_ui.py
[2025-01-18T00:15:33.412+0000] {processor.py:925} INFO - DAG(s) 'example_params_trigger_ui' retrieved from /home/airflow/.local/lib/python3.12/site-packages/airflow/example_dags/example_params_trigger_ui.py
[2025-01-18T00:15:33.471+0000] {logging_mixin.py:190} INFO - [2025-01-18T00:15:33.470+0000] {dag.py:3239} INFO - Sync 1 DAGs
[2025-01-18T00:15:33.489+0000] {logging_mixin.py:190} INFO - [2025-01-18T00:15:33.488+0000] {dag.py:4180} INFO - Setting next_dagrun for example_params_trigger_ui to None, run_after=None
[2025-01-18T00:15:33.511+0000] {processor.py:208} INFO - Processing /home/airflow/.local/lib/python3.12/site-packages/airflow/example_dags/example_params_trigger_ui.py took 0.128 seconds
[2025-01-18T00:16:03.599+0000] {processor.py:186} INFO - Started process (PID=19474) to work on /home/airflow/.local/lib/python3.12/site-packages/airflow/example_dags/example_params_trigger_ui.py
[2025-01-18T00:16:03.600+0000] {processor.py:914} INFO - Processing file /home/airflow/.local/lib/python3.12/site-packages/airflow/example_dags/example_params_trigger_ui.py for tasks to queue
[2025-01-18T00:16:03.602+0000] {logging_mixin.py:190} INFO - [2025-01-18T00:16:03.602+0000] {dagbag.py:588} INFO - Filling up the DagBag from /home/airflow/.local/lib/python3.12/site-packages/airflow/example_dags/example_params_trigger_ui.py
[2025-01-18T00:16:03.614+0000] {processor.py:925} INFO - DAG(s) 'example_params_trigger_ui' retrieved from /home/airflow/.local/lib/python3.12/site-packages/airflow/example_dags/example_params_trigger_ui.py
[2025-01-18T00:16:03.665+0000] {logging_mixin.py:190} INFO - [2025-01-18T00:16:03.665+0000] {dag.py:3239} INFO - Sync 1 DAGs
[2025-01-18T00:16:03.680+0000] {logging_mixin.py:190} INFO - [2025-01-18T00:16:03.679+0000] {dag.py:4180} INFO - Setting next_dagrun for example_params_trigger_ui to None, run_after=None
[2025-01-18T00:16:03.701+0000] {processor.py:208} INFO - Processing /home/airflow/.local/lib/python3.12/site-packages/airflow/example_dags/example_params_trigger_ui.py took 0.109 seconds
[2025-01-18T00:16:34.660+0000] {processor.py:186} INFO - Started process (PID=19541) to work on /home/airflow/.local/lib/python3.12/site-packages/airflow/example_dags/example_params_trigger_ui.py
[2025-01-18T00:16:34.661+0000] {processor.py:914} INFO - Processing file /home/airflow/.local/lib/python3.12/site-packages/airflow/example_dags/example_params_trigger_ui.py for tasks to queue
[2025-01-18T00:16:34.665+0000] {logging_mixin.py:190} INFO - [2025-01-18T00:16:34.664+0000] {dagbag.py:588} INFO - Filling up the DagBag from /home/airflow/.local/lib/python3.12/site-packages/airflow/example_dags/example_params_trigger_ui.py
[2025-01-18T00:16:34.678+0000] {processor.py:925} INFO - DAG(s) 'example_params_trigger_ui' retrieved from /home/airflow/.local/lib/python3.12/site-packages/airflow/example_dags/example_params_trigger_ui.py
[2025-01-18T00:16:34.752+0000] {logging_mixin.py:190} INFO - [2025-01-18T00:16:34.752+0000] {dag.py:3239} INFO - Sync 1 DAGs
[2025-01-18T00:16:34.783+0000] {logging_mixin.py:190} INFO - [2025-01-18T00:16:34.783+0000] {dag.py:4180} INFO - Setting next_dagrun for example_params_trigger_ui to None, run_after=None
[2025-01-18T00:16:34.816+0000] {processor.py:208} INFO - Processing /home/airflow/.local/lib/python3.12/site-packages/airflow/example_dags/example_params_trigger_ui.py took 0.163 seconds
[2025-01-18T00:17:05.181+0000] {processor.py:186} INFO - Started process (PID=19608) to work on /home/airflow/.local/lib/python3.12/site-packages/airflow/example_dags/example_params_trigger_ui.py
[2025-01-18T00:17:05.182+0000] {processor.py:914} INFO - Processing file /home/airflow/.local/lib/python3.12/site-packages/airflow/example_dags/example_params_trigger_ui.py for tasks to queue
[2025-01-18T00:17:05.185+0000] {logging_mixin.py:190} INFO - [2025-01-18T00:17:05.184+0000] {dagbag.py:588} INFO - Filling up the DagBag from /home/airflow/.local/lib/python3.12/site-packages/airflow/example_dags/example_params_trigger_ui.py
[2025-01-18T00:17:05.196+0000] {processor.py:925} INFO - DAG(s) 'example_params_trigger_ui' retrieved from /home/airflow/.local/lib/python3.12/site-packages/airflow/example_dags/example_params_trigger_ui.py
[2025-01-18T00:17:05.251+0000] {logging_mixin.py:190} INFO - [2025-01-18T00:17:05.250+0000] {dag.py:3239} INFO - Sync 1 DAGs
[2025-01-18T00:17:05.266+0000] {logging_mixin.py:190} INFO - [2025-01-18T00:17:05.266+0000] {dag.py:4180} INFO - Setting next_dagrun for example_params_trigger_ui to None, run_after=None
[2025-01-18T00:17:05.288+0000] {processor.py:208} INFO - Processing /home/airflow/.local/lib/python3.12/site-packages/airflow/example_dags/example_params_trigger_ui.py took 0.114 seconds
[2025-01-18T00:17:35.917+0000] {processor.py:186} INFO - Started process (PID=19673) to work on /home/airflow/.local/lib/python3.12/site-packages/airflow/example_dags/example_params_trigger_ui.py
[2025-01-18T00:17:35.918+0000] {processor.py:914} INFO - Processing file /home/airflow/.local/lib/python3.12/site-packages/airflow/example_dags/example_params_trigger_ui.py for tasks to queue
[2025-01-18T00:17:35.920+0000] {logging_mixin.py:190} INFO - [2025-01-18T00:17:35.920+0000] {dagbag.py:588} INFO - Filling up the DagBag from /home/airflow/.local/lib/python3.12/site-packages/airflow/example_dags/example_params_trigger_ui.py
[2025-01-18T00:17:35.934+0000] {processor.py:925} INFO - DAG(s) 'example_params_trigger_ui' retrieved from /home/airflow/.local/lib/python3.12/site-packages/airflow/example_dags/example_params_trigger_ui.py
[2025-01-18T00:17:35.988+0000] {logging_mixin.py:190} INFO - [2025-01-18T00:17:35.987+0000] {dag.py:3239} INFO - Sync 1 DAGs
[2025-01-18T00:17:36.005+0000] {logging_mixin.py:190} INFO - [2025-01-18T00:17:36.004+0000] {dag.py:4180} INFO - Setting next_dagrun for example_params_trigger_ui to None, run_after=None
[2025-01-18T00:17:36.031+0000] {processor.py:208} INFO - Processing /home/airflow/.local/lib/python3.12/site-packages/airflow/example_dags/example_params_trigger_ui.py took 0.120 seconds
[2025-01-18T00:18:06.973+0000] {processor.py:186} INFO - Started process (PID=19747) to work on /home/airflow/.local/lib/python3.12/site-packages/airflow/example_dags/example_params_trigger_ui.py
[2025-01-18T00:18:06.975+0000] {processor.py:914} INFO - Processing file /home/airflow/.local/lib/python3.12/site-packages/airflow/example_dags/example_params_trigger_ui.py for tasks to queue
[2025-01-18T00:18:06.977+0000] {logging_mixin.py:190} INFO - [2025-01-18T00:18:06.977+0000] {dagbag.py:588} INFO - Filling up the DagBag from /home/airflow/.local/lib/python3.12/site-packages/airflow/example_dags/example_params_trigger_ui.py
[2025-01-18T00:18:06.989+0000] {processor.py:925} INFO - DAG(s) 'example_params_trigger_ui' retrieved from /home/airflow/.local/lib/python3.12/site-packages/airflow/example_dags/example_params_trigger_ui.py
[2025-01-18T00:18:07.038+0000] {logging_mixin.py:190} INFO - [2025-01-18T00:18:07.038+0000] {dag.py:3239} INFO - Sync 1 DAGs
[2025-01-18T00:18:07.056+0000] {logging_mixin.py:190} INFO - [2025-01-18T00:18:07.055+0000] {dag.py:4180} INFO - Setting next_dagrun for example_params_trigger_ui to None, run_after=None
[2025-01-18T00:18:07.079+0000] {processor.py:208} INFO - Processing /home/airflow/.local/lib/python3.12/site-packages/airflow/example_dags/example_params_trigger_ui.py took 0.113 seconds
[2025-01-18T00:18:38.560+0000] {processor.py:186} INFO - Started process (PID=19814) to work on /home/airflow/.local/lib/python3.12/site-packages/airflow/example_dags/example_params_trigger_ui.py
[2025-01-18T00:18:38.561+0000] {processor.py:914} INFO - Processing file /home/airflow/.local/lib/python3.12/site-packages/airflow/example_dags/example_params_trigger_ui.py for tasks to queue
[2025-01-18T00:18:38.564+0000] {logging_mixin.py:190} INFO - [2025-01-18T00:18:38.563+0000] {dagbag.py:588} INFO - Filling up the DagBag from /home/airflow/.local/lib/python3.12/site-packages/airflow/example_dags/example_params_trigger_ui.py
[2025-01-18T00:18:38.578+0000] {processor.py:925} INFO - DAG(s) 'example_params_trigger_ui' retrieved from /home/airflow/.local/lib/python3.12/site-packages/airflow/example_dags/example_params_trigger_ui.py
[2025-01-18T00:18:38.869+0000] {logging_mixin.py:190} INFO - [2025-01-18T00:18:38.868+0000] {dag.py:3239} INFO - Sync 1 DAGs
[2025-01-18T00:18:38.886+0000] {logging_mixin.py:190} INFO - [2025-01-18T00:18:38.886+0000] {dag.py:4180} INFO - Setting next_dagrun for example_params_trigger_ui to None, run_after=None
[2025-01-18T00:18:38.911+0000] {processor.py:208} INFO - Processing /home/airflow/.local/lib/python3.12/site-packages/airflow/example_dags/example_params_trigger_ui.py took 0.359 seconds
[2025-01-18T00:19:08.985+0000] {processor.py:186} INFO - Started process (PID=19881) to work on /home/airflow/.local/lib/python3.12/site-packages/airflow/example_dags/example_params_trigger_ui.py
[2025-01-18T00:19:08.986+0000] {processor.py:914} INFO - Processing file /home/airflow/.local/lib/python3.12/site-packages/airflow/example_dags/example_params_trigger_ui.py for tasks to queue
[2025-01-18T00:19:08.989+0000] {logging_mixin.py:190} INFO - [2025-01-18T00:19:08.988+0000] {dagbag.py:588} INFO - Filling up the DagBag from /home/airflow/.local/lib/python3.12/site-packages/airflow/example_dags/example_params_trigger_ui.py
[2025-01-18T00:19:08.998+0000] {processor.py:925} INFO - DAG(s) 'example_params_trigger_ui' retrieved from /home/airflow/.local/lib/python3.12/site-packages/airflow/example_dags/example_params_trigger_ui.py
[2025-01-18T00:19:09.051+0000] {logging_mixin.py:190} INFO - [2025-01-18T00:19:09.050+0000] {dag.py:3239} INFO - Sync 1 DAGs
[2025-01-18T00:19:09.066+0000] {logging_mixin.py:190} INFO - [2025-01-18T00:19:09.066+0000] {dag.py:4180} INFO - Setting next_dagrun for example_params_trigger_ui to None, run_after=None
[2025-01-18T00:19:09.089+0000] {processor.py:208} INFO - Processing /home/airflow/.local/lib/python3.12/site-packages/airflow/example_dags/example_params_trigger_ui.py took 0.109 seconds
[2025-01-18T00:19:39.505+0000] {processor.py:186} INFO - Started process (PID=19947) to work on /home/airflow/.local/lib/python3.12/site-packages/airflow/example_dags/example_params_trigger_ui.py
[2025-01-18T00:19:39.506+0000] {processor.py:914} INFO - Processing file /home/airflow/.local/lib/python3.12/site-packages/airflow/example_dags/example_params_trigger_ui.py for tasks to queue
[2025-01-18T00:19:39.509+0000] {logging_mixin.py:190} INFO - [2025-01-18T00:19:39.509+0000] {dagbag.py:588} INFO - Filling up the DagBag from /home/airflow/.local/lib/python3.12/site-packages/airflow/example_dags/example_params_trigger_ui.py
[2025-01-18T00:19:39.520+0000] {processor.py:925} INFO - DAG(s) 'example_params_trigger_ui' retrieved from /home/airflow/.local/lib/python3.12/site-packages/airflow/example_dags/example_params_trigger_ui.py
[2025-01-18T00:19:39.570+0000] {logging_mixin.py:190} INFO - [2025-01-18T00:19:39.569+0000] {dag.py:3239} INFO - Sync 1 DAGs
[2025-01-18T00:19:39.586+0000] {logging_mixin.py:190} INFO - [2025-01-18T00:19:39.585+0000] {dag.py:4180} INFO - Setting next_dagrun for example_params_trigger_ui to None, run_after=None
[2025-01-18T00:19:39.610+0000] {processor.py:208} INFO - Processing /home/airflow/.local/lib/python3.12/site-packages/airflow/example_dags/example_params_trigger_ui.py took 0.110 seconds
[2025-01-18T00:20:10.179+0000] {processor.py:186} INFO - Started process (PID=20014) to work on /home/airflow/.local/lib/python3.12/site-packages/airflow/example_dags/example_params_trigger_ui.py
[2025-01-18T00:20:10.180+0000] {processor.py:914} INFO - Processing file /home/airflow/.local/lib/python3.12/site-packages/airflow/example_dags/example_params_trigger_ui.py for tasks to queue
[2025-01-18T00:20:10.183+0000] {logging_mixin.py:190} INFO - [2025-01-18T00:20:10.182+0000] {dagbag.py:588} INFO - Filling up the DagBag from /home/airflow/.local/lib/python3.12/site-packages/airflow/example_dags/example_params_trigger_ui.py
[2025-01-18T00:20:10.198+0000] {processor.py:925} INFO - DAG(s) 'example_params_trigger_ui' retrieved from /home/airflow/.local/lib/python3.12/site-packages/airflow/example_dags/example_params_trigger_ui.py
[2025-01-18T00:20:10.252+0000] {logging_mixin.py:190} INFO - [2025-01-18T00:20:10.252+0000] {dag.py:3239} INFO - Sync 1 DAGs
[2025-01-18T00:20:10.269+0000] {logging_mixin.py:190} INFO - [2025-01-18T00:20:10.269+0000] {dag.py:4180} INFO - Setting next_dagrun for example_params_trigger_ui to None, run_after=None
[2025-01-18T00:20:10.294+0000] {processor.py:208} INFO - Processing /home/airflow/.local/lib/python3.12/site-packages/airflow/example_dags/example_params_trigger_ui.py took 0.122 seconds
[2025-01-18T00:20:40.487+0000] {processor.py:186} INFO - Started process (PID=20081) to work on /home/airflow/.local/lib/python3.12/site-packages/airflow/example_dags/example_params_trigger_ui.py
[2025-01-18T00:20:40.488+0000] {processor.py:914} INFO - Processing file /home/airflow/.local/lib/python3.12/site-packages/airflow/example_dags/example_params_trigger_ui.py for tasks to queue
[2025-01-18T00:20:40.491+0000] {logging_mixin.py:190} INFO - [2025-01-18T00:20:40.491+0000] {dagbag.py:588} INFO - Filling up the DagBag from /home/airflow/.local/lib/python3.12/site-packages/airflow/example_dags/example_params_trigger_ui.py
[2025-01-18T00:20:40.502+0000] {processor.py:925} INFO - DAG(s) 'example_params_trigger_ui' retrieved from /home/airflow/.local/lib/python3.12/site-packages/airflow/example_dags/example_params_trigger_ui.py
[2025-01-18T00:20:40.549+0000] {logging_mixin.py:190} INFO - [2025-01-18T00:20:40.549+0000] {dag.py:3239} INFO - Sync 1 DAGs
[2025-01-18T00:20:40.565+0000] {logging_mixin.py:190} INFO - [2025-01-18T00:20:40.564+0000] {dag.py:4180} INFO - Setting next_dagrun for example_params_trigger_ui to None, run_after=None
[2025-01-18T00:20:40.589+0000] {processor.py:208} INFO - Processing /home/airflow/.local/lib/python3.12/site-packages/airflow/example_dags/example_params_trigger_ui.py took 0.108 seconds
[2025-01-18T00:21:10.974+0000] {processor.py:186} INFO - Started process (PID=20148) to work on /home/airflow/.local/lib/python3.12/site-packages/airflow/example_dags/example_params_trigger_ui.py
[2025-01-18T00:21:10.975+0000] {processor.py:914} INFO - Processing file /home/airflow/.local/lib/python3.12/site-packages/airflow/example_dags/example_params_trigger_ui.py for tasks to queue
[2025-01-18T00:21:10.978+0000] {logging_mixin.py:190} INFO - [2025-01-18T00:21:10.978+0000] {dagbag.py:588} INFO - Filling up the DagBag from /home/airflow/.local/lib/python3.12/site-packages/airflow/example_dags/example_params_trigger_ui.py
[2025-01-18T00:21:10.990+0000] {processor.py:925} INFO - DAG(s) 'example_params_trigger_ui' retrieved from /home/airflow/.local/lib/python3.12/site-packages/airflow/example_dags/example_params_trigger_ui.py
[2025-01-18T00:21:11.041+0000] {logging_mixin.py:190} INFO - [2025-01-18T00:21:11.040+0000] {dag.py:3239} INFO - Sync 1 DAGs
[2025-01-18T00:21:11.057+0000] {logging_mixin.py:190} INFO - [2025-01-18T00:21:11.057+0000] {dag.py:4180} INFO - Setting next_dagrun for example_params_trigger_ui to None, run_after=None
[2025-01-18T00:21:11.078+0000] {processor.py:208} INFO - Processing /home/airflow/.local/lib/python3.12/site-packages/airflow/example_dags/example_params_trigger_ui.py took 0.110 seconds
[2025-01-18T00:21:41.289+0000] {processor.py:186} INFO - Started process (PID=20215) to work on /home/airflow/.local/lib/python3.12/site-packages/airflow/example_dags/example_params_trigger_ui.py
[2025-01-18T00:21:41.290+0000] {processor.py:914} INFO - Processing file /home/airflow/.local/lib/python3.12/site-packages/airflow/example_dags/example_params_trigger_ui.py for tasks to queue
[2025-01-18T00:21:41.293+0000] {logging_mixin.py:190} INFO - [2025-01-18T00:21:41.293+0000] {dagbag.py:588} INFO - Filling up the DagBag from /home/airflow/.local/lib/python3.12/site-packages/airflow/example_dags/example_params_trigger_ui.py
[2025-01-18T00:21:41.305+0000] {processor.py:925} INFO - DAG(s) 'example_params_trigger_ui' retrieved from /home/airflow/.local/lib/python3.12/site-packages/airflow/example_dags/example_params_trigger_ui.py
[2025-01-18T00:21:41.361+0000] {logging_mixin.py:190} INFO - [2025-01-18T00:21:41.360+0000] {dag.py:3239} INFO - Sync 1 DAGs
[2025-01-18T00:21:41.385+0000] {logging_mixin.py:190} INFO - [2025-01-18T00:21:41.385+0000] {dag.py:4180} INFO - Setting next_dagrun for example_params_trigger_ui to None, run_after=None
[2025-01-18T00:21:41.440+0000] {processor.py:208} INFO - Processing /home/airflow/.local/lib/python3.12/site-packages/airflow/example_dags/example_params_trigger_ui.py took 0.158 seconds
[2025-01-18T00:22:11.830+0000] {processor.py:186} INFO - Started process (PID=20288) to work on /home/airflow/.local/lib/python3.12/site-packages/airflow/example_dags/example_params_trigger_ui.py
[2025-01-18T00:22:11.833+0000] {processor.py:914} INFO - Processing file /home/airflow/.local/lib/python3.12/site-packages/airflow/example_dags/example_params_trigger_ui.py for tasks to queue
[2025-01-18T00:22:11.837+0000] {logging_mixin.py:190} INFO - [2025-01-18T00:22:11.836+0000] {dagbag.py:588} INFO - Filling up the DagBag from /home/airflow/.local/lib/python3.12/site-packages/airflow/example_dags/example_params_trigger_ui.py
[2025-01-18T00:22:11.858+0000] {processor.py:925} INFO - DAG(s) 'example_params_trigger_ui' retrieved from /home/airflow/.local/lib/python3.12/site-packages/airflow/example_dags/example_params_trigger_ui.py
[2025-01-18T00:22:11.957+0000] {logging_mixin.py:190} INFO - [2025-01-18T00:22:11.956+0000] {dag.py:3239} INFO - Sync 1 DAGs
[2025-01-18T00:22:11.981+0000] {logging_mixin.py:190} INFO - [2025-01-18T00:22:11.981+0000] {dag.py:4180} INFO - Setting next_dagrun for example_params_trigger_ui to None, run_after=None
[2025-01-18T00:22:12.013+0000] {processor.py:208} INFO - Processing /home/airflow/.local/lib/python3.12/site-packages/airflow/example_dags/example_params_trigger_ui.py took 0.193 seconds
[2025-01-18T00:22:42.573+0000] {processor.py:186} INFO - Started process (PID=20355) to work on /home/airflow/.local/lib/python3.12/site-packages/airflow/example_dags/example_params_trigger_ui.py
[2025-01-18T00:22:42.574+0000] {processor.py:914} INFO - Processing file /home/airflow/.local/lib/python3.12/site-packages/airflow/example_dags/example_params_trigger_ui.py for tasks to queue
[2025-01-18T00:22:42.579+0000] {logging_mixin.py:190} INFO - [2025-01-18T00:22:42.578+0000] {dagbag.py:588} INFO - Filling up the DagBag from /home/airflow/.local/lib/python3.12/site-packages/airflow/example_dags/example_params_trigger_ui.py
[2025-01-18T00:22:42.600+0000] {processor.py:925} INFO - DAG(s) 'example_params_trigger_ui' retrieved from /home/airflow/.local/lib/python3.12/site-packages/airflow/example_dags/example_params_trigger_ui.py
[2025-01-18T00:22:42.691+0000] {logging_mixin.py:190} INFO - [2025-01-18T00:22:42.690+0000] {dag.py:3239} INFO - Sync 1 DAGs
[2025-01-18T00:22:42.718+0000] {logging_mixin.py:190} INFO - [2025-01-18T00:22:42.718+0000] {dag.py:4180} INFO - Setting next_dagrun for example_params_trigger_ui to None, run_after=None
[2025-01-18T00:22:42.756+0000] {processor.py:208} INFO - Processing /home/airflow/.local/lib/python3.12/site-packages/airflow/example_dags/example_params_trigger_ui.py took 0.193 seconds
[2025-01-18T00:23:13.674+0000] {processor.py:186} INFO - Started process (PID=20422) to work on /home/airflow/.local/lib/python3.12/site-packages/airflow/example_dags/example_params_trigger_ui.py
[2025-01-18T00:23:13.677+0000] {processor.py:914} INFO - Processing file /home/airflow/.local/lib/python3.12/site-packages/airflow/example_dags/example_params_trigger_ui.py for tasks to queue
[2025-01-18T00:23:13.679+0000] {logging_mixin.py:190} INFO - [2025-01-18T00:23:13.678+0000] {dagbag.py:588} INFO - Filling up the DagBag from /home/airflow/.local/lib/python3.12/site-packages/airflow/example_dags/example_params_trigger_ui.py
[2025-01-18T00:23:13.689+0000] {processor.py:925} INFO - DAG(s) 'example_params_trigger_ui' retrieved from /home/airflow/.local/lib/python3.12/site-packages/airflow/example_dags/example_params_trigger_ui.py
[2025-01-18T00:23:13.739+0000] {logging_mixin.py:190} INFO - [2025-01-18T00:23:13.739+0000] {dag.py:3239} INFO - Sync 1 DAGs
[2025-01-18T00:23:13.756+0000] {logging_mixin.py:190} INFO - [2025-01-18T00:23:13.756+0000] {dag.py:4180} INFO - Setting next_dagrun for example_params_trigger_ui to None, run_after=None
[2025-01-18T00:23:13.782+0000] {processor.py:208} INFO - Processing /home/airflow/.local/lib/python3.12/site-packages/airflow/example_dags/example_params_trigger_ui.py took 0.113 seconds
[2025-01-18T00:23:44.556+0000] {processor.py:186} INFO - Started process (PID=20489) to work on /home/airflow/.local/lib/python3.12/site-packages/airflow/example_dags/example_params_trigger_ui.py
[2025-01-18T00:23:44.557+0000] {processor.py:914} INFO - Processing file /home/airflow/.local/lib/python3.12/site-packages/airflow/example_dags/example_params_trigger_ui.py for tasks to queue
[2025-01-18T00:23:44.560+0000] {logging_mixin.py:190} INFO - [2025-01-18T00:23:44.560+0000] {dagbag.py:588} INFO - Filling up the DagBag from /home/airflow/.local/lib/python3.12/site-packages/airflow/example_dags/example_params_trigger_ui.py
[2025-01-18T00:23:44.574+0000] {processor.py:925} INFO - DAG(s) 'example_params_trigger_ui' retrieved from /home/airflow/.local/lib/python3.12/site-packages/airflow/example_dags/example_params_trigger_ui.py
[2025-01-18T00:23:44.630+0000] {logging_mixin.py:190} INFO - [2025-01-18T00:23:44.629+0000] {dag.py:3239} INFO - Sync 1 DAGs
[2025-01-18T00:23:44.648+0000] {logging_mixin.py:190} INFO - [2025-01-18T00:23:44.648+0000] {dag.py:4180} INFO - Setting next_dagrun for example_params_trigger_ui to None, run_after=None
[2025-01-18T00:23:44.674+0000] {processor.py:208} INFO - Processing /home/airflow/.local/lib/python3.12/site-packages/airflow/example_dags/example_params_trigger_ui.py took 0.123 seconds
[2025-01-18T00:24:15.051+0000] {processor.py:186} INFO - Started process (PID=20556) to work on /home/airflow/.local/lib/python3.12/site-packages/airflow/example_dags/example_params_trigger_ui.py
[2025-01-18T00:24:15.052+0000] {processor.py:914} INFO - Processing file /home/airflow/.local/lib/python3.12/site-packages/airflow/example_dags/example_params_trigger_ui.py for tasks to queue
[2025-01-18T00:24:15.054+0000] {logging_mixin.py:190} INFO - [2025-01-18T00:24:15.054+0000] {dagbag.py:588} INFO - Filling up the DagBag from /home/airflow/.local/lib/python3.12/site-packages/airflow/example_dags/example_params_trigger_ui.py
[2025-01-18T00:24:15.064+0000] {processor.py:925} INFO - DAG(s) 'example_params_trigger_ui' retrieved from /home/airflow/.local/lib/python3.12/site-packages/airflow/example_dags/example_params_trigger_ui.py
[2025-01-18T00:24:15.115+0000] {logging_mixin.py:190} INFO - [2025-01-18T00:24:15.115+0000] {dag.py:3239} INFO - Sync 1 DAGs
[2025-01-18T00:24:15.132+0000] {logging_mixin.py:190} INFO - [2025-01-18T00:24:15.131+0000] {dag.py:4180} INFO - Setting next_dagrun for example_params_trigger_ui to None, run_after=None
[2025-01-18T00:24:15.157+0000] {processor.py:208} INFO - Processing /home/airflow/.local/lib/python3.12/site-packages/airflow/example_dags/example_params_trigger_ui.py took 0.110 seconds
[2025-01-18T00:24:45.437+0000] {processor.py:186} INFO - Started process (PID=20623) to work on /home/airflow/.local/lib/python3.12/site-packages/airflow/example_dags/example_params_trigger_ui.py
[2025-01-18T00:24:45.438+0000] {processor.py:914} INFO - Processing file /home/airflow/.local/lib/python3.12/site-packages/airflow/example_dags/example_params_trigger_ui.py for tasks to queue
[2025-01-18T00:24:45.442+0000] {logging_mixin.py:190} INFO - [2025-01-18T00:24:45.441+0000] {dagbag.py:588} INFO - Filling up the DagBag from /home/airflow/.local/lib/python3.12/site-packages/airflow/example_dags/example_params_trigger_ui.py
[2025-01-18T00:24:45.458+0000] {processor.py:925} INFO - DAG(s) 'example_params_trigger_ui' retrieved from /home/airflow/.local/lib/python3.12/site-packages/airflow/example_dags/example_params_trigger_ui.py
[2025-01-18T00:24:45.520+0000] {logging_mixin.py:190} INFO - [2025-01-18T00:24:45.520+0000] {dag.py:3239} INFO - Sync 1 DAGs
[2025-01-18T00:24:45.538+0000] {logging_mixin.py:190} INFO - [2025-01-18T00:24:45.537+0000] {dag.py:4180} INFO - Setting next_dagrun for example_params_trigger_ui to None, run_after=None
[2025-01-18T00:24:45.561+0000] {processor.py:208} INFO - Processing /home/airflow/.local/lib/python3.12/site-packages/airflow/example_dags/example_params_trigger_ui.py took 0.131 seconds
[2025-01-18T00:25:16.242+0000] {processor.py:186} INFO - Started process (PID=20690) to work on /home/airflow/.local/lib/python3.12/site-packages/airflow/example_dags/example_params_trigger_ui.py
[2025-01-18T00:25:16.244+0000] {processor.py:914} INFO - Processing file /home/airflow/.local/lib/python3.12/site-packages/airflow/example_dags/example_params_trigger_ui.py for tasks to queue
[2025-01-18T00:25:16.247+0000] {logging_mixin.py:190} INFO - [2025-01-18T00:25:16.246+0000] {dagbag.py:588} INFO - Filling up the DagBag from /home/airflow/.local/lib/python3.12/site-packages/airflow/example_dags/example_params_trigger_ui.py
[2025-01-18T00:25:16.268+0000] {processor.py:925} INFO - DAG(s) 'example_params_trigger_ui' retrieved from /home/airflow/.local/lib/python3.12/site-packages/airflow/example_dags/example_params_trigger_ui.py
[2025-01-18T00:25:16.334+0000] {logging_mixin.py:190} INFO - [2025-01-18T00:25:16.334+0000] {dag.py:3239} INFO - Sync 1 DAGs
[2025-01-18T00:25:16.360+0000] {logging_mixin.py:190} INFO - [2025-01-18T00:25:16.359+0000] {dag.py:4180} INFO - Setting next_dagrun for example_params_trigger_ui to None, run_after=None
[2025-01-18T00:25:16.392+0000] {processor.py:208} INFO - Processing /home/airflow/.local/lib/python3.12/site-packages/airflow/example_dags/example_params_trigger_ui.py took 0.159 seconds
[2025-01-18T00:25:47.014+0000] {processor.py:186} INFO - Started process (PID=20757) to work on /home/airflow/.local/lib/python3.12/site-packages/airflow/example_dags/example_params_trigger_ui.py
[2025-01-18T00:25:47.017+0000] {processor.py:914} INFO - Processing file /home/airflow/.local/lib/python3.12/site-packages/airflow/example_dags/example_params_trigger_ui.py for tasks to queue
[2025-01-18T00:25:47.020+0000] {logging_mixin.py:190} INFO - [2025-01-18T00:25:47.019+0000] {dagbag.py:588} INFO - Filling up the DagBag from /home/airflow/.local/lib/python3.12/site-packages/airflow/example_dags/example_params_trigger_ui.py
[2025-01-18T00:25:47.033+0000] {processor.py:925} INFO - DAG(s) 'example_params_trigger_ui' retrieved from /home/airflow/.local/lib/python3.12/site-packages/airflow/example_dags/example_params_trigger_ui.py
[2025-01-18T00:25:47.095+0000] {logging_mixin.py:190} INFO - [2025-01-18T00:25:47.094+0000] {dag.py:3239} INFO - Sync 1 DAGs
[2025-01-18T00:25:47.116+0000] {logging_mixin.py:190} INFO - [2025-01-18T00:25:47.116+0000] {dag.py:4180} INFO - Setting next_dagrun for example_params_trigger_ui to None, run_after=None
[2025-01-18T00:25:47.144+0000] {processor.py:208} INFO - Processing /home/airflow/.local/lib/python3.12/site-packages/airflow/example_dags/example_params_trigger_ui.py took 0.137 seconds
[2025-01-18T00:26:17.654+0000] {processor.py:186} INFO - Started process (PID=20824) to work on /home/airflow/.local/lib/python3.12/site-packages/airflow/example_dags/example_params_trigger_ui.py
[2025-01-18T00:26:17.657+0000] {processor.py:914} INFO - Processing file /home/airflow/.local/lib/python3.12/site-packages/airflow/example_dags/example_params_trigger_ui.py for tasks to queue
[2025-01-18T00:26:17.659+0000] {logging_mixin.py:190} INFO - [2025-01-18T00:26:17.659+0000] {dagbag.py:588} INFO - Filling up the DagBag from /home/airflow/.local/lib/python3.12/site-packages/airflow/example_dags/example_params_trigger_ui.py
[2025-01-18T00:26:17.673+0000] {processor.py:925} INFO - DAG(s) 'example_params_trigger_ui' retrieved from /home/airflow/.local/lib/python3.12/site-packages/airflow/example_dags/example_params_trigger_ui.py
[2025-01-18T00:26:17.718+0000] {logging_mixin.py:190} INFO - [2025-01-18T00:26:17.718+0000] {dag.py:3239} INFO - Sync 1 DAGs
[2025-01-18T00:26:17.735+0000] {logging_mixin.py:190} INFO - [2025-01-18T00:26:17.735+0000] {dag.py:4180} INFO - Setting next_dagrun for example_params_trigger_ui to None, run_after=None
[2025-01-18T00:26:17.760+0000] {processor.py:208} INFO - Processing /home/airflow/.local/lib/python3.12/site-packages/airflow/example_dags/example_params_trigger_ui.py took 0.112 seconds
[2025-01-18T00:26:48.480+0000] {processor.py:186} INFO - Started process (PID=20897) to work on /home/airflow/.local/lib/python3.12/site-packages/airflow/example_dags/example_params_trigger_ui.py
[2025-01-18T00:26:48.481+0000] {processor.py:914} INFO - Processing file /home/airflow/.local/lib/python3.12/site-packages/airflow/example_dags/example_params_trigger_ui.py for tasks to queue
[2025-01-18T00:26:48.483+0000] {logging_mixin.py:190} INFO - [2025-01-18T00:26:48.483+0000] {dagbag.py:588} INFO - Filling up the DagBag from /home/airflow/.local/lib/python3.12/site-packages/airflow/example_dags/example_params_trigger_ui.py
[2025-01-18T00:26:48.495+0000] {processor.py:925} INFO - DAG(s) 'example_params_trigger_ui' retrieved from /home/airflow/.local/lib/python3.12/site-packages/airflow/example_dags/example_params_trigger_ui.py
[2025-01-18T00:26:48.545+0000] {logging_mixin.py:190} INFO - [2025-01-18T00:26:48.544+0000] {dag.py:3239} INFO - Sync 1 DAGs
[2025-01-18T00:26:48.562+0000] {logging_mixin.py:190} INFO - [2025-01-18T00:26:48.561+0000] {dag.py:4180} INFO - Setting next_dagrun for example_params_trigger_ui to None, run_after=None
[2025-01-18T00:26:48.586+0000] {processor.py:208} INFO - Processing /home/airflow/.local/lib/python3.12/site-packages/airflow/example_dags/example_params_trigger_ui.py took 0.111 seconds
[2025-01-18T00:27:19.375+0000] {processor.py:186} INFO - Started process (PID=20964) to work on /home/airflow/.local/lib/python3.12/site-packages/airflow/example_dags/example_params_trigger_ui.py
[2025-01-18T00:27:19.376+0000] {processor.py:914} INFO - Processing file /home/airflow/.local/lib/python3.12/site-packages/airflow/example_dags/example_params_trigger_ui.py for tasks to queue
[2025-01-18T00:27:19.379+0000] {logging_mixin.py:190} INFO - [2025-01-18T00:27:19.379+0000] {dagbag.py:588} INFO - Filling up the DagBag from /home/airflow/.local/lib/python3.12/site-packages/airflow/example_dags/example_params_trigger_ui.py
[2025-01-18T00:27:19.392+0000] {processor.py:925} INFO - DAG(s) 'example_params_trigger_ui' retrieved from /home/airflow/.local/lib/python3.12/site-packages/airflow/example_dags/example_params_trigger_ui.py
[2025-01-18T00:27:19.456+0000] {logging_mixin.py:190} INFO - [2025-01-18T00:27:19.456+0000] {dag.py:3239} INFO - Sync 1 DAGs
[2025-01-18T00:27:19.476+0000] {logging_mixin.py:190} INFO - [2025-01-18T00:27:19.475+0000] {dag.py:4180} INFO - Setting next_dagrun for example_params_trigger_ui to None, run_after=None
[2025-01-18T00:27:19.502+0000] {processor.py:208} INFO - Processing /home/airflow/.local/lib/python3.12/site-packages/airflow/example_dags/example_params_trigger_ui.py took 0.133 seconds
[2025-01-18T00:27:50.050+0000] {processor.py:186} INFO - Started process (PID=21031) to work on /home/airflow/.local/lib/python3.12/site-packages/airflow/example_dags/example_params_trigger_ui.py
[2025-01-18T00:27:50.053+0000] {processor.py:914} INFO - Processing file /home/airflow/.local/lib/python3.12/site-packages/airflow/example_dags/example_params_trigger_ui.py for tasks to queue
[2025-01-18T00:27:50.055+0000] {logging_mixin.py:190} INFO - [2025-01-18T00:27:50.055+0000] {dagbag.py:588} INFO - Filling up the DagBag from /home/airflow/.local/lib/python3.12/site-packages/airflow/example_dags/example_params_trigger_ui.py
[2025-01-18T00:27:50.069+0000] {processor.py:925} INFO - DAG(s) 'example_params_trigger_ui' retrieved from /home/airflow/.local/lib/python3.12/site-packages/airflow/example_dags/example_params_trigger_ui.py
[2025-01-18T00:27:50.114+0000] {logging_mixin.py:190} INFO - [2025-01-18T00:27:50.114+0000] {dag.py:3239} INFO - Sync 1 DAGs
[2025-01-18T00:27:50.130+0000] {logging_mixin.py:190} INFO - [2025-01-18T00:27:50.129+0000] {dag.py:4180} INFO - Setting next_dagrun for example_params_trigger_ui to None, run_after=None
[2025-01-18T00:27:50.151+0000] {processor.py:208} INFO - Processing /home/airflow/.local/lib/python3.12/site-packages/airflow/example_dags/example_params_trigger_ui.py took 0.108 seconds
[2025-01-18T00:28:20.463+0000] {processor.py:186} INFO - Started process (PID=21097) to work on /home/airflow/.local/lib/python3.12/site-packages/airflow/example_dags/example_params_trigger_ui.py
[2025-01-18T00:28:20.464+0000] {processor.py:914} INFO - Processing file /home/airflow/.local/lib/python3.12/site-packages/airflow/example_dags/example_params_trigger_ui.py for tasks to queue
[2025-01-18T00:28:20.466+0000] {logging_mixin.py:190} INFO - [2025-01-18T00:28:20.465+0000] {dagbag.py:588} INFO - Filling up the DagBag from /home/airflow/.local/lib/python3.12/site-packages/airflow/example_dags/example_params_trigger_ui.py
[2025-01-18T00:28:20.476+0000] {processor.py:925} INFO - DAG(s) 'example_params_trigger_ui' retrieved from /home/airflow/.local/lib/python3.12/site-packages/airflow/example_dags/example_params_trigger_ui.py
[2025-01-18T00:28:20.527+0000] {logging_mixin.py:190} INFO - [2025-01-18T00:28:20.527+0000] {dag.py:3239} INFO - Sync 1 DAGs
[2025-01-18T00:28:20.547+0000] {logging_mixin.py:190} INFO - [2025-01-18T00:28:20.546+0000] {dag.py:4180} INFO - Setting next_dagrun for example_params_trigger_ui to None, run_after=None
[2025-01-18T00:28:20.572+0000] {processor.py:208} INFO - Processing /home/airflow/.local/lib/python3.12/site-packages/airflow/example_dags/example_params_trigger_ui.py took 0.114 seconds
[2025-01-18T00:28:50.925+0000] {processor.py:186} INFO - Started process (PID=21164) to work on /home/airflow/.local/lib/python3.12/site-packages/airflow/example_dags/example_params_trigger_ui.py
[2025-01-18T00:28:50.926+0000] {processor.py:914} INFO - Processing file /home/airflow/.local/lib/python3.12/site-packages/airflow/example_dags/example_params_trigger_ui.py for tasks to queue
[2025-01-18T00:28:50.928+0000] {logging_mixin.py:190} INFO - [2025-01-18T00:28:50.927+0000] {dagbag.py:588} INFO - Filling up the DagBag from /home/airflow/.local/lib/python3.12/site-packages/airflow/example_dags/example_params_trigger_ui.py
[2025-01-18T00:28:50.939+0000] {processor.py:925} INFO - DAG(s) 'example_params_trigger_ui' retrieved from /home/airflow/.local/lib/python3.12/site-packages/airflow/example_dags/example_params_trigger_ui.py
[2025-01-18T00:28:50.987+0000] {logging_mixin.py:190} INFO - [2025-01-18T00:28:50.987+0000] {dag.py:3239} INFO - Sync 1 DAGs
[2025-01-18T00:28:51.004+0000] {logging_mixin.py:190} INFO - [2025-01-18T00:28:51.004+0000] {dag.py:4180} INFO - Setting next_dagrun for example_params_trigger_ui to None, run_after=None
[2025-01-18T00:28:51.026+0000] {processor.py:208} INFO - Processing /home/airflow/.local/lib/python3.12/site-packages/airflow/example_dags/example_params_trigger_ui.py took 0.106 seconds
[2025-01-18T00:29:21.445+0000] {processor.py:186} INFO - Started process (PID=21231) to work on /home/airflow/.local/lib/python3.12/site-packages/airflow/example_dags/example_params_trigger_ui.py
[2025-01-18T00:29:21.447+0000] {processor.py:914} INFO - Processing file /home/airflow/.local/lib/python3.12/site-packages/airflow/example_dags/example_params_trigger_ui.py for tasks to queue
[2025-01-18T00:29:21.450+0000] {logging_mixin.py:190} INFO - [2025-01-18T00:29:21.449+0000] {dagbag.py:588} INFO - Filling up the DagBag from /home/airflow/.local/lib/python3.12/site-packages/airflow/example_dags/example_params_trigger_ui.py
[2025-01-18T00:29:21.467+0000] {processor.py:925} INFO - DAG(s) 'example_params_trigger_ui' retrieved from /home/airflow/.local/lib/python3.12/site-packages/airflow/example_dags/example_params_trigger_ui.py
[2025-01-18T00:29:21.559+0000] {logging_mixin.py:190} INFO - [2025-01-18T00:29:21.558+0000] {dag.py:3239} INFO - Sync 1 DAGs
[2025-01-18T00:29:21.590+0000] {logging_mixin.py:190} INFO - [2025-01-18T00:29:21.590+0000] {dag.py:4180} INFO - Setting next_dagrun for example_params_trigger_ui to None, run_after=None
[2025-01-18T00:29:21.629+0000] {processor.py:208} INFO - Processing /home/airflow/.local/lib/python3.12/site-packages/airflow/example_dags/example_params_trigger_ui.py took 0.192 seconds
[2025-01-18T00:29:52.349+0000] {processor.py:186} INFO - Started process (PID=21298) to work on /home/airflow/.local/lib/python3.12/site-packages/airflow/example_dags/example_params_trigger_ui.py
[2025-01-18T00:29:52.353+0000] {processor.py:914} INFO - Processing file /home/airflow/.local/lib/python3.12/site-packages/airflow/example_dags/example_params_trigger_ui.py for tasks to queue
[2025-01-18T00:29:52.357+0000] {logging_mixin.py:190} INFO - [2025-01-18T00:29:52.356+0000] {dagbag.py:588} INFO - Filling up the DagBag from /home/airflow/.local/lib/python3.12/site-packages/airflow/example_dags/example_params_trigger_ui.py
[2025-01-18T00:29:52.376+0000] {processor.py:925} INFO - DAG(s) 'example_params_trigger_ui' retrieved from /home/airflow/.local/lib/python3.12/site-packages/airflow/example_dags/example_params_trigger_ui.py
[2025-01-18T00:29:52.454+0000] {logging_mixin.py:190} INFO - [2025-01-18T00:29:52.454+0000] {dag.py:3239} INFO - Sync 1 DAGs
[2025-01-18T00:29:52.479+0000] {logging_mixin.py:190} INFO - [2025-01-18T00:29:52.479+0000] {dag.py:4180} INFO - Setting next_dagrun for example_params_trigger_ui to None, run_after=None
[2025-01-18T00:29:52.513+0000] {processor.py:208} INFO - Processing /home/airflow/.local/lib/python3.12/site-packages/airflow/example_dags/example_params_trigger_ui.py took 0.174 seconds
[2025-01-18T00:30:22.871+0000] {processor.py:186} INFO - Started process (PID=21365) to work on /home/airflow/.local/lib/python3.12/site-packages/airflow/example_dags/example_params_trigger_ui.py
[2025-01-18T00:30:22.872+0000] {processor.py:914} INFO - Processing file /home/airflow/.local/lib/python3.12/site-packages/airflow/example_dags/example_params_trigger_ui.py for tasks to queue
[2025-01-18T00:30:22.874+0000] {logging_mixin.py:190} INFO - [2025-01-18T00:30:22.874+0000] {dagbag.py:588} INFO - Filling up the DagBag from /home/airflow/.local/lib/python3.12/site-packages/airflow/example_dags/example_params_trigger_ui.py
[2025-01-18T00:30:22.886+0000] {processor.py:925} INFO - DAG(s) 'example_params_trigger_ui' retrieved from /home/airflow/.local/lib/python3.12/site-packages/airflow/example_dags/example_params_trigger_ui.py
[2025-01-18T00:30:22.937+0000] {logging_mixin.py:190} INFO - [2025-01-18T00:30:22.936+0000] {dag.py:3239} INFO - Sync 1 DAGs
[2025-01-18T00:30:22.956+0000] {logging_mixin.py:190} INFO - [2025-01-18T00:30:22.956+0000] {dag.py:4180} INFO - Setting next_dagrun for example_params_trigger_ui to None, run_after=None
[2025-01-18T00:30:22.978+0000] {processor.py:208} INFO - Processing /home/airflow/.local/lib/python3.12/site-packages/airflow/example_dags/example_params_trigger_ui.py took 0.112 seconds
[2025-01-18T00:30:53.456+0000] {processor.py:186} INFO - Started process (PID=21438) to work on /home/airflow/.local/lib/python3.12/site-packages/airflow/example_dags/example_params_trigger_ui.py
[2025-01-18T00:30:53.458+0000] {processor.py:914} INFO - Processing file /home/airflow/.local/lib/python3.12/site-packages/airflow/example_dags/example_params_trigger_ui.py for tasks to queue
[2025-01-18T00:30:53.460+0000] {logging_mixin.py:190} INFO - [2025-01-18T00:30:53.460+0000] {dagbag.py:588} INFO - Filling up the DagBag from /home/airflow/.local/lib/python3.12/site-packages/airflow/example_dags/example_params_trigger_ui.py
[2025-01-18T00:30:53.470+0000] {processor.py:925} INFO - DAG(s) 'example_params_trigger_ui' retrieved from /home/airflow/.local/lib/python3.12/site-packages/airflow/example_dags/example_params_trigger_ui.py
[2025-01-18T00:30:53.536+0000] {logging_mixin.py:190} INFO - [2025-01-18T00:30:53.535+0000] {dag.py:3239} INFO - Sync 1 DAGs
[2025-01-18T00:30:53.557+0000] {logging_mixin.py:190} INFO - [2025-01-18T00:30:53.557+0000] {dag.py:4180} INFO - Setting next_dagrun for example_params_trigger_ui to None, run_after=None
[2025-01-18T00:30:53.581+0000] {processor.py:208} INFO - Processing /home/airflow/.local/lib/python3.12/site-packages/airflow/example_dags/example_params_trigger_ui.py took 0.131 seconds
[2025-01-18T00:31:23.626+0000] {processor.py:186} INFO - Started process (PID=21505) to work on /home/airflow/.local/lib/python3.12/site-packages/airflow/example_dags/example_params_trigger_ui.py
[2025-01-18T00:31:23.627+0000] {processor.py:914} INFO - Processing file /home/airflow/.local/lib/python3.12/site-packages/airflow/example_dags/example_params_trigger_ui.py for tasks to queue
[2025-01-18T00:31:23.630+0000] {logging_mixin.py:190} INFO - [2025-01-18T00:31:23.629+0000] {dagbag.py:588} INFO - Filling up the DagBag from /home/airflow/.local/lib/python3.12/site-packages/airflow/example_dags/example_params_trigger_ui.py
[2025-01-18T00:31:23.641+0000] {processor.py:925} INFO - DAG(s) 'example_params_trigger_ui' retrieved from /home/airflow/.local/lib/python3.12/site-packages/airflow/example_dags/example_params_trigger_ui.py
[2025-01-18T00:31:23.694+0000] {logging_mixin.py:190} INFO - [2025-01-18T00:31:23.693+0000] {dag.py:3239} INFO - Sync 1 DAGs
[2025-01-18T00:31:23.719+0000] {logging_mixin.py:190} INFO - [2025-01-18T00:31:23.719+0000] {dag.py:4180} INFO - Setting next_dagrun for example_params_trigger_ui to None, run_after=None
[2025-01-18T00:31:23.748+0000] {processor.py:208} INFO - Processing /home/airflow/.local/lib/python3.12/site-packages/airflow/example_dags/example_params_trigger_ui.py took 0.130 seconds
[2025-01-18T00:31:54.395+0000] {processor.py:186} INFO - Started process (PID=21572) to work on /home/airflow/.local/lib/python3.12/site-packages/airflow/example_dags/example_params_trigger_ui.py
[2025-01-18T00:31:54.398+0000] {processor.py:914} INFO - Processing file /home/airflow/.local/lib/python3.12/site-packages/airflow/example_dags/example_params_trigger_ui.py for tasks to queue
[2025-01-18T00:31:54.401+0000] {logging_mixin.py:190} INFO - [2025-01-18T00:31:54.401+0000] {dagbag.py:588} INFO - Filling up the DagBag from /home/airflow/.local/lib/python3.12/site-packages/airflow/example_dags/example_params_trigger_ui.py
[2025-01-18T00:31:54.419+0000] {processor.py:925} INFO - DAG(s) 'example_params_trigger_ui' retrieved from /home/airflow/.local/lib/python3.12/site-packages/airflow/example_dags/example_params_trigger_ui.py
[2025-01-18T00:31:54.518+0000] {logging_mixin.py:190} INFO - [2025-01-18T00:31:54.516+0000] {dag.py:3239} INFO - Sync 1 DAGs
[2025-01-18T00:31:54.542+0000] {logging_mixin.py:190} INFO - [2025-01-18T00:31:54.542+0000] {dag.py:4180} INFO - Setting next_dagrun for example_params_trigger_ui to None, run_after=None
[2025-01-18T00:31:54.571+0000] {processor.py:208} INFO - Processing /home/airflow/.local/lib/python3.12/site-packages/airflow/example_dags/example_params_trigger_ui.py took 0.184 seconds
[2025-01-18T00:32:24.660+0000] {processor.py:186} INFO - Started process (PID=21639) to work on /home/airflow/.local/lib/python3.12/site-packages/airflow/example_dags/example_params_trigger_ui.py
[2025-01-18T00:32:24.661+0000] {processor.py:914} INFO - Processing file /home/airflow/.local/lib/python3.12/site-packages/airflow/example_dags/example_params_trigger_ui.py for tasks to queue
[2025-01-18T00:32:24.664+0000] {logging_mixin.py:190} INFO - [2025-01-18T00:32:24.664+0000] {dagbag.py:588} INFO - Filling up the DagBag from /home/airflow/.local/lib/python3.12/site-packages/airflow/example_dags/example_params_trigger_ui.py
[2025-01-18T00:32:24.677+0000] {processor.py:925} INFO - DAG(s) 'example_params_trigger_ui' retrieved from /home/airflow/.local/lib/python3.12/site-packages/airflow/example_dags/example_params_trigger_ui.py
[2025-01-18T00:32:24.728+0000] {logging_mixin.py:190} INFO - [2025-01-18T00:32:24.728+0000] {dag.py:3239} INFO - Sync 1 DAGs
[2025-01-18T00:32:24.744+0000] {logging_mixin.py:190} INFO - [2025-01-18T00:32:24.744+0000] {dag.py:4180} INFO - Setting next_dagrun for example_params_trigger_ui to None, run_after=None
[2025-01-18T00:32:24.766+0000] {processor.py:208} INFO - Processing /home/airflow/.local/lib/python3.12/site-packages/airflow/example_dags/example_params_trigger_ui.py took 0.111 seconds
[2025-01-18T00:32:55.553+0000] {processor.py:186} INFO - Started process (PID=21706) to work on /home/airflow/.local/lib/python3.12/site-packages/airflow/example_dags/example_params_trigger_ui.py
[2025-01-18T00:32:55.554+0000] {processor.py:914} INFO - Processing file /home/airflow/.local/lib/python3.12/site-packages/airflow/example_dags/example_params_trigger_ui.py for tasks to queue
[2025-01-18T00:32:55.558+0000] {logging_mixin.py:190} INFO - [2025-01-18T00:32:55.557+0000] {dagbag.py:588} INFO - Filling up the DagBag from /home/airflow/.local/lib/python3.12/site-packages/airflow/example_dags/example_params_trigger_ui.py
[2025-01-18T00:32:55.571+0000] {processor.py:925} INFO - DAG(s) 'example_params_trigger_ui' retrieved from /home/airflow/.local/lib/python3.12/site-packages/airflow/example_dags/example_params_trigger_ui.py
[2025-01-18T00:32:55.629+0000] {logging_mixin.py:190} INFO - [2025-01-18T00:32:55.628+0000] {dag.py:3239} INFO - Sync 1 DAGs
[2025-01-18T00:32:55.653+0000] {logging_mixin.py:190} INFO - [2025-01-18T00:32:55.653+0000] {dag.py:4180} INFO - Setting next_dagrun for example_params_trigger_ui to None, run_after=None
[2025-01-18T00:32:55.682+0000] {processor.py:208} INFO - Processing /home/airflow/.local/lib/python3.12/site-packages/airflow/example_dags/example_params_trigger_ui.py took 0.135 seconds
[2025-01-18T00:33:25.812+0000] {processor.py:186} INFO - Started process (PID=21773) to work on /home/airflow/.local/lib/python3.12/site-packages/airflow/example_dags/example_params_trigger_ui.py
[2025-01-18T00:33:25.815+0000] {processor.py:914} INFO - Processing file /home/airflow/.local/lib/python3.12/site-packages/airflow/example_dags/example_params_trigger_ui.py for tasks to queue
[2025-01-18T00:33:25.820+0000] {logging_mixin.py:190} INFO - [2025-01-18T00:33:25.819+0000] {dagbag.py:588} INFO - Filling up the DagBag from /home/airflow/.local/lib/python3.12/site-packages/airflow/example_dags/example_params_trigger_ui.py
[2025-01-18T00:33:25.835+0000] {processor.py:925} INFO - DAG(s) 'example_params_trigger_ui' retrieved from /home/airflow/.local/lib/python3.12/site-packages/airflow/example_dags/example_params_trigger_ui.py
[2025-01-18T00:33:25.909+0000] {logging_mixin.py:190} INFO - [2025-01-18T00:33:25.908+0000] {dag.py:3239} INFO - Sync 1 DAGs
[2025-01-18T00:33:25.929+0000] {logging_mixin.py:190} INFO - [2025-01-18T00:33:25.929+0000] {dag.py:4180} INFO - Setting next_dagrun for example_params_trigger_ui to None, run_after=None
[2025-01-18T00:33:25.954+0000] {processor.py:208} INFO - Processing /home/airflow/.local/lib/python3.12/site-packages/airflow/example_dags/example_params_trigger_ui.py took 0.149 seconds
[2025-01-18T00:33:56.093+0000] {processor.py:186} INFO - Started process (PID=21841) to work on /home/airflow/.local/lib/python3.12/site-packages/airflow/example_dags/example_params_trigger_ui.py
[2025-01-18T00:33:56.094+0000] {processor.py:914} INFO - Processing file /home/airflow/.local/lib/python3.12/site-packages/airflow/example_dags/example_params_trigger_ui.py for tasks to queue
[2025-01-18T00:33:56.099+0000] {logging_mixin.py:190} INFO - [2025-01-18T00:33:56.099+0000] {dagbag.py:588} INFO - Filling up the DagBag from /home/airflow/.local/lib/python3.12/site-packages/airflow/example_dags/example_params_trigger_ui.py
[2025-01-18T00:33:56.111+0000] {processor.py:925} INFO - DAG(s) 'example_params_trigger_ui' retrieved from /home/airflow/.local/lib/python3.12/site-packages/airflow/example_dags/example_params_trigger_ui.py
[2025-01-18T00:33:56.167+0000] {logging_mixin.py:190} INFO - [2025-01-18T00:33:56.167+0000] {dag.py:3239} INFO - Sync 1 DAGs
[2025-01-18T00:33:56.185+0000] {logging_mixin.py:190} INFO - [2025-01-18T00:33:56.185+0000] {dag.py:4180} INFO - Setting next_dagrun for example_params_trigger_ui to None, run_after=None
[2025-01-18T00:33:56.212+0000] {processor.py:208} INFO - Processing /home/airflow/.local/lib/python3.12/site-packages/airflow/example_dags/example_params_trigger_ui.py took 0.126 seconds
[2025-01-18T00:34:26.307+0000] {processor.py:186} INFO - Started process (PID=21908) to work on /home/airflow/.local/lib/python3.12/site-packages/airflow/example_dags/example_params_trigger_ui.py
[2025-01-18T00:34:26.308+0000] {processor.py:914} INFO - Processing file /home/airflow/.local/lib/python3.12/site-packages/airflow/example_dags/example_params_trigger_ui.py for tasks to queue
[2025-01-18T00:34:26.309+0000] {logging_mixin.py:190} INFO - [2025-01-18T00:34:26.309+0000] {dagbag.py:588} INFO - Filling up the DagBag from /home/airflow/.local/lib/python3.12/site-packages/airflow/example_dags/example_params_trigger_ui.py
[2025-01-18T00:34:26.319+0000] {processor.py:925} INFO - DAG(s) 'example_params_trigger_ui' retrieved from /home/airflow/.local/lib/python3.12/site-packages/airflow/example_dags/example_params_trigger_ui.py
[2025-01-18T00:34:26.367+0000] {logging_mixin.py:190} INFO - [2025-01-18T00:34:26.366+0000] {dag.py:3239} INFO - Sync 1 DAGs
[2025-01-18T00:34:26.389+0000] {logging_mixin.py:190} INFO - [2025-01-18T00:34:26.388+0000] {dag.py:4180} INFO - Setting next_dagrun for example_params_trigger_ui to None, run_after=None
[2025-01-18T00:34:26.419+0000] {processor.py:208} INFO - Processing /home/airflow/.local/lib/python3.12/site-packages/airflow/example_dags/example_params_trigger_ui.py took 0.118 seconds
[2025-01-18T00:34:56.492+0000] {processor.py:186} INFO - Started process (PID=21975) to work on /home/airflow/.local/lib/python3.12/site-packages/airflow/example_dags/example_params_trigger_ui.py
[2025-01-18T00:34:56.494+0000] {processor.py:914} INFO - Processing file /home/airflow/.local/lib/python3.12/site-packages/airflow/example_dags/example_params_trigger_ui.py for tasks to queue
[2025-01-18T00:34:56.497+0000] {logging_mixin.py:190} INFO - [2025-01-18T00:34:56.496+0000] {dagbag.py:588} INFO - Filling up the DagBag from /home/airflow/.local/lib/python3.12/site-packages/airflow/example_dags/example_params_trigger_ui.py
[2025-01-18T00:34:56.510+0000] {processor.py:925} INFO - DAG(s) 'example_params_trigger_ui' retrieved from /home/airflow/.local/lib/python3.12/site-packages/airflow/example_dags/example_params_trigger_ui.py
[2025-01-18T00:34:56.563+0000] {logging_mixin.py:190} INFO - [2025-01-18T00:34:56.562+0000] {dag.py:3239} INFO - Sync 1 DAGs
[2025-01-18T00:34:56.582+0000] {logging_mixin.py:190} INFO - [2025-01-18T00:34:56.581+0000] {dag.py:4180} INFO - Setting next_dagrun for example_params_trigger_ui to None, run_after=None
[2025-01-18T00:34:56.606+0000] {processor.py:208} INFO - Processing /home/airflow/.local/lib/python3.12/site-packages/airflow/example_dags/example_params_trigger_ui.py took 0.120 seconds
[2025-01-18T00:35:26.979+0000] {processor.py:186} INFO - Started process (PID=22047) to work on /home/airflow/.local/lib/python3.12/site-packages/airflow/example_dags/example_params_trigger_ui.py
[2025-01-18T00:35:26.981+0000] {processor.py:914} INFO - Processing file /home/airflow/.local/lib/python3.12/site-packages/airflow/example_dags/example_params_trigger_ui.py for tasks to queue
[2025-01-18T00:35:26.985+0000] {logging_mixin.py:190} INFO - [2025-01-18T00:35:26.983+0000] {dagbag.py:588} INFO - Filling up the DagBag from /home/airflow/.local/lib/python3.12/site-packages/airflow/example_dags/example_params_trigger_ui.py
[2025-01-18T00:35:26.999+0000] {processor.py:925} INFO - DAG(s) 'example_params_trigger_ui' retrieved from /home/airflow/.local/lib/python3.12/site-packages/airflow/example_dags/example_params_trigger_ui.py
[2025-01-18T00:35:27.056+0000] {logging_mixin.py:190} INFO - [2025-01-18T00:35:27.056+0000] {dag.py:3239} INFO - Sync 1 DAGs
[2025-01-18T00:35:27.076+0000] {logging_mixin.py:190} INFO - [2025-01-18T00:35:27.076+0000] {dag.py:4180} INFO - Setting next_dagrun for example_params_trigger_ui to None, run_after=None
[2025-01-18T00:35:27.106+0000] {processor.py:208} INFO - Processing /home/airflow/.local/lib/python3.12/site-packages/airflow/example_dags/example_params_trigger_ui.py took 0.132 seconds
