[2025-01-18T00:00:15.100+0000] {processor.py:186} INFO - Started process (PID=17370) to work on /home/airflow/.local/lib/python3.12/site-packages/airflow/example_dags/example_branch_labels.py
[2025-01-18T00:00:15.100+0000] {processor.py:914} INFO - Processing file /home/airflow/.local/lib/python3.12/site-packages/airflow/example_dags/example_branch_labels.py for tasks to queue
[2025-01-18T00:00:15.103+0000] {logging_mixin.py:190} INFO - [2025-01-18T00:00:15.102+0000] {dagbag.py:588} INFO - Filling up the DagBag from /home/airflow/.local/lib/python3.12/site-packages/airflow/example_dags/example_branch_labels.py
[2025-01-18T00:00:15.113+0000] {processor.py:925} INFO - DAG(s) 'example_branch_labels' retrieved from /home/airflow/.local/lib/python3.12/site-packages/airflow/example_dags/example_branch_labels.py
[2025-01-18T00:00:15.137+0000] {logging_mixin.py:190} INFO - [2025-01-18T00:00:15.136+0000] {dag.py:3239} INFO - Sync 1 DAGs
[2025-01-18T00:00:15.169+0000] {logging_mixin.py:190} INFO - [2025-01-18T00:00:15.168+0000] {dag.py:4180} INFO - Setting next_dagrun for example_branch_labels to 2025-01-17 00:00:00+00:00, run_after=2025-01-18 00:00:00+00:00
[2025-01-18T00:00:15.193+0000] {processor.py:208} INFO - Processing /home/airflow/.local/lib/python3.12/site-packages/airflow/example_dags/example_branch_labels.py took 0.099 seconds
[2025-01-18T00:00:45.455+0000] {processor.py:186} INFO - Started process (PID=17437) to work on /home/airflow/.local/lib/python3.12/site-packages/airflow/example_dags/example_branch_labels.py
[2025-01-18T00:00:45.456+0000] {processor.py:914} INFO - Processing file /home/airflow/.local/lib/python3.12/site-packages/airflow/example_dags/example_branch_labels.py for tasks to queue
[2025-01-18T00:00:45.459+0000] {logging_mixin.py:190} INFO - [2025-01-18T00:00:45.459+0000] {dagbag.py:588} INFO - Filling up the DagBag from /home/airflow/.local/lib/python3.12/site-packages/airflow/example_dags/example_branch_labels.py
[2025-01-18T00:00:45.478+0000] {processor.py:925} INFO - DAG(s) 'example_branch_labels' retrieved from /home/airflow/.local/lib/python3.12/site-packages/airflow/example_dags/example_branch_labels.py
[2025-01-18T00:00:45.520+0000] {logging_mixin.py:190} INFO - [2025-01-18T00:00:45.519+0000] {dag.py:3239} INFO - Sync 1 DAGs
[2025-01-18T00:00:45.583+0000] {logging_mixin.py:190} INFO - [2025-01-18T00:00:45.583+0000] {dag.py:4180} INFO - Setting next_dagrun for example_branch_labels to 2025-01-17 00:00:00+00:00, run_after=2025-01-18 00:00:00+00:00
[2025-01-18T00:00:45.638+0000] {processor.py:208} INFO - Processing /home/airflow/.local/lib/python3.12/site-packages/airflow/example_dags/example_branch_labels.py took 0.195 seconds
[2025-01-18T00:01:16.182+0000] {processor.py:186} INFO - Started process (PID=17510) to work on /home/airflow/.local/lib/python3.12/site-packages/airflow/example_dags/example_branch_labels.py
[2025-01-18T00:01:16.183+0000] {processor.py:914} INFO - Processing file /home/airflow/.local/lib/python3.12/site-packages/airflow/example_dags/example_branch_labels.py for tasks to queue
[2025-01-18T00:01:16.186+0000] {logging_mixin.py:190} INFO - [2025-01-18T00:01:16.186+0000] {dagbag.py:588} INFO - Filling up the DagBag from /home/airflow/.local/lib/python3.12/site-packages/airflow/example_dags/example_branch_labels.py
[2025-01-18T00:01:16.196+0000] {processor.py:925} INFO - DAG(s) 'example_branch_labels' retrieved from /home/airflow/.local/lib/python3.12/site-packages/airflow/example_dags/example_branch_labels.py
[2025-01-18T00:01:16.218+0000] {logging_mixin.py:190} INFO - [2025-01-18T00:01:16.218+0000] {dag.py:3239} INFO - Sync 1 DAGs
[2025-01-18T00:01:16.246+0000] {logging_mixin.py:190} INFO - [2025-01-18T00:01:16.246+0000] {dag.py:4180} INFO - Setting next_dagrun for example_branch_labels to 2025-01-17 00:00:00+00:00, run_after=2025-01-18 00:00:00+00:00
[2025-01-18T00:01:16.265+0000] {processor.py:208} INFO - Processing /home/airflow/.local/lib/python3.12/site-packages/airflow/example_dags/example_branch_labels.py took 0.089 seconds
[2025-01-18T00:01:46.688+0000] {processor.py:186} INFO - Started process (PID=17577) to work on /home/airflow/.local/lib/python3.12/site-packages/airflow/example_dags/example_branch_labels.py
[2025-01-18T00:01:46.689+0000] {processor.py:914} INFO - Processing file /home/airflow/.local/lib/python3.12/site-packages/airflow/example_dags/example_branch_labels.py for tasks to queue
[2025-01-18T00:01:46.691+0000] {logging_mixin.py:190} INFO - [2025-01-18T00:01:46.691+0000] {dagbag.py:588} INFO - Filling up the DagBag from /home/airflow/.local/lib/python3.12/site-packages/airflow/example_dags/example_branch_labels.py
[2025-01-18T00:01:46.701+0000] {processor.py:925} INFO - DAG(s) 'example_branch_labels' retrieved from /home/airflow/.local/lib/python3.12/site-packages/airflow/example_dags/example_branch_labels.py
[2025-01-18T00:01:46.725+0000] {logging_mixin.py:190} INFO - [2025-01-18T00:01:46.725+0000] {dag.py:3239} INFO - Sync 1 DAGs
[2025-01-18T00:01:46.753+0000] {logging_mixin.py:190} INFO - [2025-01-18T00:01:46.753+0000] {dag.py:4180} INFO - Setting next_dagrun for example_branch_labels to 2025-01-17 00:00:00+00:00, run_after=2025-01-18 00:00:00+00:00
[2025-01-18T00:01:46.773+0000] {processor.py:208} INFO - Processing /home/airflow/.local/lib/python3.12/site-packages/airflow/example_dags/example_branch_labels.py took 0.090 seconds
[2025-01-18T00:02:17.422+0000] {processor.py:186} INFO - Started process (PID=17644) to work on /home/airflow/.local/lib/python3.12/site-packages/airflow/example_dags/example_branch_labels.py
[2025-01-18T00:02:17.424+0000] {processor.py:914} INFO - Processing file /home/airflow/.local/lib/python3.12/site-packages/airflow/example_dags/example_branch_labels.py for tasks to queue
[2025-01-18T00:02:17.427+0000] {logging_mixin.py:190} INFO - [2025-01-18T00:02:17.426+0000] {dagbag.py:588} INFO - Filling up the DagBag from /home/airflow/.local/lib/python3.12/site-packages/airflow/example_dags/example_branch_labels.py
[2025-01-18T00:02:17.438+0000] {processor.py:925} INFO - DAG(s) 'example_branch_labels' retrieved from /home/airflow/.local/lib/python3.12/site-packages/airflow/example_dags/example_branch_labels.py
[2025-01-18T00:02:17.465+0000] {logging_mixin.py:190} INFO - [2025-01-18T00:02:17.465+0000] {dag.py:3239} INFO - Sync 1 DAGs
[2025-01-18T00:02:17.495+0000] {logging_mixin.py:190} INFO - [2025-01-18T00:02:17.495+0000] {dag.py:4180} INFO - Setting next_dagrun for example_branch_labels to 2025-01-17 00:00:00+00:00, run_after=2025-01-18 00:00:00+00:00
[2025-01-18T00:02:17.516+0000] {processor.py:208} INFO - Processing /home/airflow/.local/lib/python3.12/site-packages/airflow/example_dags/example_branch_labels.py took 0.101 seconds
[2025-01-18T00:02:47.832+0000] {processor.py:186} INFO - Started process (PID=17712) to work on /home/airflow/.local/lib/python3.12/site-packages/airflow/example_dags/example_branch_labels.py
[2025-01-18T00:02:47.837+0000] {processor.py:914} INFO - Processing file /home/airflow/.local/lib/python3.12/site-packages/airflow/example_dags/example_branch_labels.py for tasks to queue
[2025-01-18T00:02:47.841+0000] {logging_mixin.py:190} INFO - [2025-01-18T00:02:47.840+0000] {dagbag.py:588} INFO - Filling up the DagBag from /home/airflow/.local/lib/python3.12/site-packages/airflow/example_dags/example_branch_labels.py
[2025-01-18T00:02:47.855+0000] {processor.py:925} INFO - DAG(s) 'example_branch_labels' retrieved from /home/airflow/.local/lib/python3.12/site-packages/airflow/example_dags/example_branch_labels.py
[2025-01-18T00:02:47.889+0000] {logging_mixin.py:190} INFO - [2025-01-18T00:02:47.888+0000] {dag.py:3239} INFO - Sync 1 DAGs
[2025-01-18T00:02:47.930+0000] {logging_mixin.py:190} INFO - [2025-01-18T00:02:47.929+0000] {dag.py:4180} INFO - Setting next_dagrun for example_branch_labels to 2025-01-17 00:00:00+00:00, run_after=2025-01-18 00:00:00+00:00
[2025-01-18T00:02:47.959+0000] {processor.py:208} INFO - Processing /home/airflow/.local/lib/python3.12/site-packages/airflow/example_dags/example_branch_labels.py took 0.137 seconds
[2025-01-18T00:03:18.305+0000] {processor.py:186} INFO - Started process (PID=17780) to work on /home/airflow/.local/lib/python3.12/site-packages/airflow/example_dags/example_branch_labels.py
[2025-01-18T00:03:18.306+0000] {processor.py:914} INFO - Processing file /home/airflow/.local/lib/python3.12/site-packages/airflow/example_dags/example_branch_labels.py for tasks to queue
[2025-01-18T00:03:18.308+0000] {logging_mixin.py:190} INFO - [2025-01-18T00:03:18.308+0000] {dagbag.py:588} INFO - Filling up the DagBag from /home/airflow/.local/lib/python3.12/site-packages/airflow/example_dags/example_branch_labels.py
[2025-01-18T00:03:18.319+0000] {processor.py:925} INFO - DAG(s) 'example_branch_labels' retrieved from /home/airflow/.local/lib/python3.12/site-packages/airflow/example_dags/example_branch_labels.py
[2025-01-18T00:03:18.346+0000] {logging_mixin.py:190} INFO - [2025-01-18T00:03:18.346+0000] {dag.py:3239} INFO - Sync 1 DAGs
[2025-01-18T00:03:18.383+0000] {logging_mixin.py:190} INFO - [2025-01-18T00:03:18.383+0000] {dag.py:4180} INFO - Setting next_dagrun for example_branch_labels to 2025-01-17 00:00:00+00:00, run_after=2025-01-18 00:00:00+00:00
[2025-01-18T00:03:18.413+0000] {processor.py:208} INFO - Processing /home/airflow/.local/lib/python3.12/site-packages/airflow/example_dags/example_branch_labels.py took 0.115 seconds
[2025-01-18T00:03:49.028+0000] {processor.py:186} INFO - Started process (PID=17847) to work on /home/airflow/.local/lib/python3.12/site-packages/airflow/example_dags/example_branch_labels.py
[2025-01-18T00:03:49.030+0000] {processor.py:914} INFO - Processing file /home/airflow/.local/lib/python3.12/site-packages/airflow/example_dags/example_branch_labels.py for tasks to queue
[2025-01-18T00:03:49.033+0000] {logging_mixin.py:190} INFO - [2025-01-18T00:03:49.033+0000] {dagbag.py:588} INFO - Filling up the DagBag from /home/airflow/.local/lib/python3.12/site-packages/airflow/example_dags/example_branch_labels.py
[2025-01-18T00:03:49.048+0000] {processor.py:925} INFO - DAG(s) 'example_branch_labels' retrieved from /home/airflow/.local/lib/python3.12/site-packages/airflow/example_dags/example_branch_labels.py
[2025-01-18T00:03:49.077+0000] {logging_mixin.py:190} INFO - [2025-01-18T00:03:49.077+0000] {dag.py:3239} INFO - Sync 1 DAGs
[2025-01-18T00:03:49.113+0000] {logging_mixin.py:190} INFO - [2025-01-18T00:03:49.113+0000] {dag.py:4180} INFO - Setting next_dagrun for example_branch_labels to 2025-01-17 00:00:00+00:00, run_after=2025-01-18 00:00:00+00:00
[2025-01-18T00:03:49.138+0000] {processor.py:208} INFO - Processing /home/airflow/.local/lib/python3.12/site-packages/airflow/example_dags/example_branch_labels.py took 0.119 seconds
[2025-01-18T00:04:19.427+0000] {processor.py:186} INFO - Started process (PID=17914) to work on /home/airflow/.local/lib/python3.12/site-packages/airflow/example_dags/example_branch_labels.py
[2025-01-18T00:04:19.428+0000] {processor.py:914} INFO - Processing file /home/airflow/.local/lib/python3.12/site-packages/airflow/example_dags/example_branch_labels.py for tasks to queue
[2025-01-18T00:04:19.431+0000] {logging_mixin.py:190} INFO - [2025-01-18T00:04:19.430+0000] {dagbag.py:588} INFO - Filling up the DagBag from /home/airflow/.local/lib/python3.12/site-packages/airflow/example_dags/example_branch_labels.py
[2025-01-18T00:04:19.443+0000] {processor.py:925} INFO - DAG(s) 'example_branch_labels' retrieved from /home/airflow/.local/lib/python3.12/site-packages/airflow/example_dags/example_branch_labels.py
[2025-01-18T00:04:19.468+0000] {logging_mixin.py:190} INFO - [2025-01-18T00:04:19.467+0000] {dag.py:3239} INFO - Sync 1 DAGs
[2025-01-18T00:04:19.500+0000] {logging_mixin.py:190} INFO - [2025-01-18T00:04:19.499+0000] {dag.py:4180} INFO - Setting next_dagrun for example_branch_labels to 2025-01-17 00:00:00+00:00, run_after=2025-01-18 00:00:00+00:00
[2025-01-18T00:04:19.523+0000] {processor.py:208} INFO - Processing /home/airflow/.local/lib/python3.12/site-packages/airflow/example_dags/example_branch_labels.py took 0.102 seconds
[2025-01-18T00:04:50.473+0000] {processor.py:186} INFO - Started process (PID=17981) to work on /home/airflow/.local/lib/python3.12/site-packages/airflow/example_dags/example_branch_labels.py
[2025-01-18T00:04:50.474+0000] {processor.py:914} INFO - Processing file /home/airflow/.local/lib/python3.12/site-packages/airflow/example_dags/example_branch_labels.py for tasks to queue
[2025-01-18T00:04:50.477+0000] {logging_mixin.py:190} INFO - [2025-01-18T00:04:50.477+0000] {dagbag.py:588} INFO - Filling up the DagBag from /home/airflow/.local/lib/python3.12/site-packages/airflow/example_dags/example_branch_labels.py
[2025-01-18T00:04:50.490+0000] {processor.py:925} INFO - DAG(s) 'example_branch_labels' retrieved from /home/airflow/.local/lib/python3.12/site-packages/airflow/example_dags/example_branch_labels.py
[2025-01-18T00:04:50.516+0000] {logging_mixin.py:190} INFO - [2025-01-18T00:04:50.516+0000] {dag.py:3239} INFO - Sync 1 DAGs
[2025-01-18T00:04:50.547+0000] {logging_mixin.py:190} INFO - [2025-01-18T00:04:50.546+0000] {dag.py:4180} INFO - Setting next_dagrun for example_branch_labels to 2025-01-17 00:00:00+00:00, run_after=2025-01-18 00:00:00+00:00
[2025-01-18T00:04:50.570+0000] {processor.py:208} INFO - Processing /home/airflow/.local/lib/python3.12/site-packages/airflow/example_dags/example_branch_labels.py took 0.103 seconds
[2025-01-18T00:05:20.810+0000] {processor.py:186} INFO - Started process (PID=18048) to work on /home/airflow/.local/lib/python3.12/site-packages/airflow/example_dags/example_branch_labels.py
[2025-01-18T00:05:20.821+0000] {processor.py:914} INFO - Processing file /home/airflow/.local/lib/python3.12/site-packages/airflow/example_dags/example_branch_labels.py for tasks to queue
[2025-01-18T00:05:20.823+0000] {logging_mixin.py:190} INFO - [2025-01-18T00:05:20.823+0000] {dagbag.py:588} INFO - Filling up the DagBag from /home/airflow/.local/lib/python3.12/site-packages/airflow/example_dags/example_branch_labels.py
[2025-01-18T00:05:20.835+0000] {processor.py:925} INFO - DAG(s) 'example_branch_labels' retrieved from /home/airflow/.local/lib/python3.12/site-packages/airflow/example_dags/example_branch_labels.py
[2025-01-18T00:05:20.862+0000] {logging_mixin.py:190} INFO - [2025-01-18T00:05:20.862+0000] {dag.py:3239} INFO - Sync 1 DAGs
[2025-01-18T00:05:20.902+0000] {logging_mixin.py:190} INFO - [2025-01-18T00:05:20.901+0000] {dag.py:4180} INFO - Setting next_dagrun for example_branch_labels to 2025-01-17 00:00:00+00:00, run_after=2025-01-18 00:00:00+00:00
[2025-01-18T00:05:20.928+0000] {processor.py:208} INFO - Processing /home/airflow/.local/lib/python3.12/site-packages/airflow/example_dags/example_branch_labels.py took 0.124 seconds
[2025-01-18T00:05:51.337+0000] {processor.py:186} INFO - Started process (PID=18121) to work on /home/airflow/.local/lib/python3.12/site-packages/airflow/example_dags/example_branch_labels.py
[2025-01-18T00:05:51.348+0000] {processor.py:914} INFO - Processing file /home/airflow/.local/lib/python3.12/site-packages/airflow/example_dags/example_branch_labels.py for tasks to queue
[2025-01-18T00:05:51.352+0000] {logging_mixin.py:190} INFO - [2025-01-18T00:05:51.351+0000] {dagbag.py:588} INFO - Filling up the DagBag from /home/airflow/.local/lib/python3.12/site-packages/airflow/example_dags/example_branch_labels.py
[2025-01-18T00:05:51.370+0000] {processor.py:925} INFO - DAG(s) 'example_branch_labels' retrieved from /home/airflow/.local/lib/python3.12/site-packages/airflow/example_dags/example_branch_labels.py
[2025-01-18T00:05:51.415+0000] {logging_mixin.py:190} INFO - [2025-01-18T00:05:51.414+0000] {dag.py:3239} INFO - Sync 1 DAGs
[2025-01-18T00:05:51.477+0000] {logging_mixin.py:190} INFO - [2025-01-18T00:05:51.477+0000] {dag.py:4180} INFO - Setting next_dagrun for example_branch_labels to 2025-01-17 00:00:00+00:00, run_after=2025-01-18 00:00:00+00:00
[2025-01-18T00:05:51.513+0000] {processor.py:208} INFO - Processing /home/airflow/.local/lib/python3.12/site-packages/airflow/example_dags/example_branch_labels.py took 0.184 seconds
[2025-01-18T00:06:21.620+0000] {processor.py:186} INFO - Started process (PID=18189) to work on /home/airflow/.local/lib/python3.12/site-packages/airflow/example_dags/example_branch_labels.py
[2025-01-18T00:06:21.622+0000] {processor.py:914} INFO - Processing file /home/airflow/.local/lib/python3.12/site-packages/airflow/example_dags/example_branch_labels.py for tasks to queue
[2025-01-18T00:06:21.625+0000] {logging_mixin.py:190} INFO - [2025-01-18T00:06:21.625+0000] {dagbag.py:588} INFO - Filling up the DagBag from /home/airflow/.local/lib/python3.12/site-packages/airflow/example_dags/example_branch_labels.py
[2025-01-18T00:06:21.641+0000] {processor.py:925} INFO - DAG(s) 'example_branch_labels' retrieved from /home/airflow/.local/lib/python3.12/site-packages/airflow/example_dags/example_branch_labels.py
[2025-01-18T00:06:21.682+0000] {logging_mixin.py:190} INFO - [2025-01-18T00:06:21.682+0000] {dag.py:3239} INFO - Sync 1 DAGs
[2025-01-18T00:06:21.732+0000] {logging_mixin.py:190} INFO - [2025-01-18T00:06:21.731+0000] {dag.py:4180} INFO - Setting next_dagrun for example_branch_labels to 2025-01-17 00:00:00+00:00, run_after=2025-01-18 00:00:00+00:00
[2025-01-18T00:06:21.763+0000] {processor.py:208} INFO - Processing /home/airflow/.local/lib/python3.12/site-packages/airflow/example_dags/example_branch_labels.py took 0.155 seconds
[2025-01-18T00:06:51.978+0000] {processor.py:186} INFO - Started process (PID=18256) to work on /home/airflow/.local/lib/python3.12/site-packages/airflow/example_dags/example_branch_labels.py
[2025-01-18T00:06:51.992+0000] {processor.py:914} INFO - Processing file /home/airflow/.local/lib/python3.12/site-packages/airflow/example_dags/example_branch_labels.py for tasks to queue
[2025-01-18T00:06:51.996+0000] {logging_mixin.py:190} INFO - [2025-01-18T00:06:51.995+0000] {dagbag.py:588} INFO - Filling up the DagBag from /home/airflow/.local/lib/python3.12/site-packages/airflow/example_dags/example_branch_labels.py
[2025-01-18T00:06:52.017+0000] {processor.py:925} INFO - DAG(s) 'example_branch_labels' retrieved from /home/airflow/.local/lib/python3.12/site-packages/airflow/example_dags/example_branch_labels.py
[2025-01-18T00:06:52.052+0000] {logging_mixin.py:190} INFO - [2025-01-18T00:06:52.052+0000] {dag.py:3239} INFO - Sync 1 DAGs
[2025-01-18T00:06:52.096+0000] {logging_mixin.py:190} INFO - [2025-01-18T00:06:52.096+0000] {dag.py:4180} INFO - Setting next_dagrun for example_branch_labels to 2025-01-17 00:00:00+00:00, run_after=2025-01-18 00:00:00+00:00
[2025-01-18T00:06:52.128+0000] {processor.py:208} INFO - Processing /home/airflow/.local/lib/python3.12/site-packages/airflow/example_dags/example_branch_labels.py took 0.160 seconds
[2025-01-18T00:07:22.190+0000] {processor.py:186} INFO - Started process (PID=18323) to work on /home/airflow/.local/lib/python3.12/site-packages/airflow/example_dags/example_branch_labels.py
[2025-01-18T00:07:22.192+0000] {processor.py:914} INFO - Processing file /home/airflow/.local/lib/python3.12/site-packages/airflow/example_dags/example_branch_labels.py for tasks to queue
[2025-01-18T00:07:22.195+0000] {logging_mixin.py:190} INFO - [2025-01-18T00:07:22.195+0000] {dagbag.py:588} INFO - Filling up the DagBag from /home/airflow/.local/lib/python3.12/site-packages/airflow/example_dags/example_branch_labels.py
[2025-01-18T00:07:22.203+0000] {processor.py:925} INFO - DAG(s) 'example_branch_labels' retrieved from /home/airflow/.local/lib/python3.12/site-packages/airflow/example_dags/example_branch_labels.py
[2025-01-18T00:07:22.230+0000] {logging_mixin.py:190} INFO - [2025-01-18T00:07:22.230+0000] {dag.py:3239} INFO - Sync 1 DAGs
[2025-01-18T00:07:22.260+0000] {logging_mixin.py:190} INFO - [2025-01-18T00:07:22.260+0000] {dag.py:4180} INFO - Setting next_dagrun for example_branch_labels to 2025-01-17 00:00:00+00:00, run_after=2025-01-18 00:00:00+00:00
[2025-01-18T00:07:22.285+0000] {processor.py:208} INFO - Processing /home/airflow/.local/lib/python3.12/site-packages/airflow/example_dags/example_branch_labels.py took 0.099 seconds
[2025-01-18T00:07:52.458+0000] {processor.py:186} INFO - Started process (PID=18390) to work on /home/airflow/.local/lib/python3.12/site-packages/airflow/example_dags/example_branch_labels.py
[2025-01-18T00:07:52.459+0000] {processor.py:914} INFO - Processing file /home/airflow/.local/lib/python3.12/site-packages/airflow/example_dags/example_branch_labels.py for tasks to queue
[2025-01-18T00:07:52.461+0000] {logging_mixin.py:190} INFO - [2025-01-18T00:07:52.461+0000] {dagbag.py:588} INFO - Filling up the DagBag from /home/airflow/.local/lib/python3.12/site-packages/airflow/example_dags/example_branch_labels.py
[2025-01-18T00:07:52.473+0000] {processor.py:925} INFO - DAG(s) 'example_branch_labels' retrieved from /home/airflow/.local/lib/python3.12/site-packages/airflow/example_dags/example_branch_labels.py
[2025-01-18T00:07:52.496+0000] {logging_mixin.py:190} INFO - [2025-01-18T00:07:52.495+0000] {dag.py:3239} INFO - Sync 1 DAGs
[2025-01-18T00:07:52.524+0000] {logging_mixin.py:190} INFO - [2025-01-18T00:07:52.524+0000] {dag.py:4180} INFO - Setting next_dagrun for example_branch_labels to 2025-01-17 00:00:00+00:00, run_after=2025-01-18 00:00:00+00:00
[2025-01-18T00:07:52.548+0000] {processor.py:208} INFO - Processing /home/airflow/.local/lib/python3.12/site-packages/airflow/example_dags/example_branch_labels.py took 0.096 seconds
[2025-01-18T00:08:23.325+0000] {processor.py:186} INFO - Started process (PID=18457) to work on /home/airflow/.local/lib/python3.12/site-packages/airflow/example_dags/example_branch_labels.py
[2025-01-18T00:08:23.326+0000] {processor.py:914} INFO - Processing file /home/airflow/.local/lib/python3.12/site-packages/airflow/example_dags/example_branch_labels.py for tasks to queue
[2025-01-18T00:08:23.329+0000] {logging_mixin.py:190} INFO - [2025-01-18T00:08:23.328+0000] {dagbag.py:588} INFO - Filling up the DagBag from /home/airflow/.local/lib/python3.12/site-packages/airflow/example_dags/example_branch_labels.py
[2025-01-18T00:08:23.341+0000] {processor.py:925} INFO - DAG(s) 'example_branch_labels' retrieved from /home/airflow/.local/lib/python3.12/site-packages/airflow/example_dags/example_branch_labels.py
[2025-01-18T00:08:23.367+0000] {logging_mixin.py:190} INFO - [2025-01-18T00:08:23.367+0000] {dag.py:3239} INFO - Sync 1 DAGs
[2025-01-18T00:08:23.398+0000] {logging_mixin.py:190} INFO - [2025-01-18T00:08:23.398+0000] {dag.py:4180} INFO - Setting next_dagrun for example_branch_labels to 2025-01-17 00:00:00+00:00, run_after=2025-01-18 00:00:00+00:00
[2025-01-18T00:08:23.417+0000] {processor.py:208} INFO - Processing /home/airflow/.local/lib/python3.12/site-packages/airflow/example_dags/example_branch_labels.py took 0.099 seconds
[2025-01-18T00:08:53.471+0000] {processor.py:186} INFO - Started process (PID=18524) to work on /home/airflow/.local/lib/python3.12/site-packages/airflow/example_dags/example_branch_labels.py
[2025-01-18T00:08:53.473+0000] {processor.py:914} INFO - Processing file /home/airflow/.local/lib/python3.12/site-packages/airflow/example_dags/example_branch_labels.py for tasks to queue
[2025-01-18T00:08:53.475+0000] {logging_mixin.py:190} INFO - [2025-01-18T00:08:53.475+0000] {dagbag.py:588} INFO - Filling up the DagBag from /home/airflow/.local/lib/python3.12/site-packages/airflow/example_dags/example_branch_labels.py
[2025-01-18T00:08:53.487+0000] {processor.py:925} INFO - DAG(s) 'example_branch_labels' retrieved from /home/airflow/.local/lib/python3.12/site-packages/airflow/example_dags/example_branch_labels.py
[2025-01-18T00:08:53.519+0000] {logging_mixin.py:190} INFO - [2025-01-18T00:08:53.518+0000] {dag.py:3239} INFO - Sync 1 DAGs
[2025-01-18T00:08:53.557+0000] {logging_mixin.py:190} INFO - [2025-01-18T00:08:53.556+0000] {dag.py:4180} INFO - Setting next_dagrun for example_branch_labels to 2025-01-17 00:00:00+00:00, run_after=2025-01-18 00:00:00+00:00
[2025-01-18T00:08:53.583+0000] {processor.py:208} INFO - Processing /home/airflow/.local/lib/python3.12/site-packages/airflow/example_dags/example_branch_labels.py took 0.119 seconds
[2025-01-18T00:09:24.837+0000] {processor.py:186} INFO - Started process (PID=18593) to work on /home/airflow/.local/lib/python3.12/site-packages/airflow/example_dags/example_branch_labels.py
[2025-01-18T00:09:24.838+0000] {processor.py:914} INFO - Processing file /home/airflow/.local/lib/python3.12/site-packages/airflow/example_dags/example_branch_labels.py for tasks to queue
[2025-01-18T00:09:24.840+0000] {logging_mixin.py:190} INFO - [2025-01-18T00:09:24.840+0000] {dagbag.py:588} INFO - Filling up the DagBag from /home/airflow/.local/lib/python3.12/site-packages/airflow/example_dags/example_branch_labels.py
[2025-01-18T00:09:24.850+0000] {processor.py:925} INFO - DAG(s) 'example_branch_labels' retrieved from /home/airflow/.local/lib/python3.12/site-packages/airflow/example_dags/example_branch_labels.py
[2025-01-18T00:09:24.872+0000] {logging_mixin.py:190} INFO - [2025-01-18T00:09:24.872+0000] {dag.py:3239} INFO - Sync 1 DAGs
[2025-01-18T00:09:24.897+0000] {logging_mixin.py:190} INFO - [2025-01-18T00:09:24.897+0000] {dag.py:4180} INFO - Setting next_dagrun for example_branch_labels to 2025-01-17 00:00:00+00:00, run_after=2025-01-18 00:00:00+00:00
[2025-01-18T00:09:24.919+0000] {processor.py:208} INFO - Processing /home/airflow/.local/lib/python3.12/site-packages/airflow/example_dags/example_branch_labels.py took 0.087 seconds
[2025-01-18T00:09:55.289+0000] {processor.py:186} INFO - Started process (PID=18663) to work on /home/airflow/.local/lib/python3.12/site-packages/airflow/example_dags/example_branch_labels.py
[2025-01-18T00:09:55.292+0000] {processor.py:914} INFO - Processing file /home/airflow/.local/lib/python3.12/site-packages/airflow/example_dags/example_branch_labels.py for tasks to queue
[2025-01-18T00:09:55.295+0000] {logging_mixin.py:190} INFO - [2025-01-18T00:09:55.294+0000] {dagbag.py:588} INFO - Filling up the DagBag from /home/airflow/.local/lib/python3.12/site-packages/airflow/example_dags/example_branch_labels.py
[2025-01-18T00:09:55.307+0000] {processor.py:925} INFO - DAG(s) 'example_branch_labels' retrieved from /home/airflow/.local/lib/python3.12/site-packages/airflow/example_dags/example_branch_labels.py
[2025-01-18T00:09:55.339+0000] {logging_mixin.py:190} INFO - [2025-01-18T00:09:55.339+0000] {dag.py:3239} INFO - Sync 1 DAGs
[2025-01-18T00:09:55.377+0000] {logging_mixin.py:190} INFO - [2025-01-18T00:09:55.377+0000] {dag.py:4180} INFO - Setting next_dagrun for example_branch_labels to 2025-01-17 00:00:00+00:00, run_after=2025-01-18 00:00:00+00:00
[2025-01-18T00:09:55.407+0000] {processor.py:208} INFO - Processing /home/airflow/.local/lib/python3.12/site-packages/airflow/example_dags/example_branch_labels.py took 0.125 seconds
[2025-01-18T00:10:26.266+0000] {processor.py:186} INFO - Started process (PID=18730) to work on /home/airflow/.local/lib/python3.12/site-packages/airflow/example_dags/example_branch_labels.py
[2025-01-18T00:10:26.269+0000] {processor.py:914} INFO - Processing file /home/airflow/.local/lib/python3.12/site-packages/airflow/example_dags/example_branch_labels.py for tasks to queue
[2025-01-18T00:10:26.272+0000] {logging_mixin.py:190} INFO - [2025-01-18T00:10:26.272+0000] {dagbag.py:588} INFO - Filling up the DagBag from /home/airflow/.local/lib/python3.12/site-packages/airflow/example_dags/example_branch_labels.py
[2025-01-18T00:10:26.285+0000] {processor.py:925} INFO - DAG(s) 'example_branch_labels' retrieved from /home/airflow/.local/lib/python3.12/site-packages/airflow/example_dags/example_branch_labels.py
[2025-01-18T00:10:26.315+0000] {logging_mixin.py:190} INFO - [2025-01-18T00:10:26.315+0000] {dag.py:3239} INFO - Sync 1 DAGs
[2025-01-18T00:10:26.348+0000] {logging_mixin.py:190} INFO - [2025-01-18T00:10:26.348+0000] {dag.py:4180} INFO - Setting next_dagrun for example_branch_labels to 2025-01-17 00:00:00+00:00, run_after=2025-01-18 00:00:00+00:00
[2025-01-18T00:10:26.375+0000] {processor.py:208} INFO - Processing /home/airflow/.local/lib/python3.12/site-packages/airflow/example_dags/example_branch_labels.py took 0.115 seconds
[2025-01-18T00:10:56.516+0000] {processor.py:186} INFO - Started process (PID=18797) to work on /home/airflow/.local/lib/python3.12/site-packages/airflow/example_dags/example_branch_labels.py
[2025-01-18T00:10:56.517+0000] {processor.py:914} INFO - Processing file /home/airflow/.local/lib/python3.12/site-packages/airflow/example_dags/example_branch_labels.py for tasks to queue
[2025-01-18T00:10:56.520+0000] {logging_mixin.py:190} INFO - [2025-01-18T00:10:56.520+0000] {dagbag.py:588} INFO - Filling up the DagBag from /home/airflow/.local/lib/python3.12/site-packages/airflow/example_dags/example_branch_labels.py
[2025-01-18T00:10:56.531+0000] {processor.py:925} INFO - DAG(s) 'example_branch_labels' retrieved from /home/airflow/.local/lib/python3.12/site-packages/airflow/example_dags/example_branch_labels.py
[2025-01-18T00:10:56.565+0000] {logging_mixin.py:190} INFO - [2025-01-18T00:10:56.565+0000] {dag.py:3239} INFO - Sync 1 DAGs
[2025-01-18T00:10:56.607+0000] {logging_mixin.py:190} INFO - [2025-01-18T00:10:56.607+0000] {dag.py:4180} INFO - Setting next_dagrun for example_branch_labels to 2025-01-17 00:00:00+00:00, run_after=2025-01-18 00:00:00+00:00
[2025-01-18T00:10:56.632+0000] {processor.py:208} INFO - Processing /home/airflow/.local/lib/python3.12/site-packages/airflow/example_dags/example_branch_labels.py took 0.123 seconds
[2025-01-18T00:11:26.834+0000] {processor.py:186} INFO - Started process (PID=18863) to work on /home/airflow/.local/lib/python3.12/site-packages/airflow/example_dags/example_branch_labels.py
[2025-01-18T00:11:26.835+0000] {processor.py:914} INFO - Processing file /home/airflow/.local/lib/python3.12/site-packages/airflow/example_dags/example_branch_labels.py for tasks to queue
[2025-01-18T00:11:26.838+0000] {logging_mixin.py:190} INFO - [2025-01-18T00:11:26.838+0000] {dagbag.py:588} INFO - Filling up the DagBag from /home/airflow/.local/lib/python3.12/site-packages/airflow/example_dags/example_branch_labels.py
[2025-01-18T00:11:26.850+0000] {processor.py:925} INFO - DAG(s) 'example_branch_labels' retrieved from /home/airflow/.local/lib/python3.12/site-packages/airflow/example_dags/example_branch_labels.py
[2025-01-18T00:11:26.877+0000] {logging_mixin.py:190} INFO - [2025-01-18T00:11:26.877+0000] {dag.py:3239} INFO - Sync 1 DAGs
[2025-01-18T00:11:26.913+0000] {logging_mixin.py:190} INFO - [2025-01-18T00:11:26.912+0000] {dag.py:4180} INFO - Setting next_dagrun for example_branch_labels to 2025-01-17 00:00:00+00:00, run_after=2025-01-18 00:00:00+00:00
[2025-01-18T00:11:26.940+0000] {processor.py:208} INFO - Processing /home/airflow/.local/lib/python3.12/site-packages/airflow/example_dags/example_branch_labels.py took 0.112 seconds
[2025-01-18T00:11:57.099+0000] {processor.py:186} INFO - Started process (PID=18930) to work on /home/airflow/.local/lib/python3.12/site-packages/airflow/example_dags/example_branch_labels.py
[2025-01-18T00:11:57.101+0000] {processor.py:914} INFO - Processing file /home/airflow/.local/lib/python3.12/site-packages/airflow/example_dags/example_branch_labels.py for tasks to queue
[2025-01-18T00:11:57.104+0000] {logging_mixin.py:190} INFO - [2025-01-18T00:11:57.103+0000] {dagbag.py:588} INFO - Filling up the DagBag from /home/airflow/.local/lib/python3.12/site-packages/airflow/example_dags/example_branch_labels.py
[2025-01-18T00:11:57.117+0000] {processor.py:925} INFO - DAG(s) 'example_branch_labels' retrieved from /home/airflow/.local/lib/python3.12/site-packages/airflow/example_dags/example_branch_labels.py
[2025-01-18T00:11:57.146+0000] {logging_mixin.py:190} INFO - [2025-01-18T00:11:57.146+0000] {dag.py:3239} INFO - Sync 1 DAGs
[2025-01-18T00:11:57.182+0000] {logging_mixin.py:190} INFO - [2025-01-18T00:11:57.181+0000] {dag.py:4180} INFO - Setting next_dagrun for example_branch_labels to 2025-01-17 00:00:00+00:00, run_after=2025-01-18 00:00:00+00:00
[2025-01-18T00:11:57.210+0000] {processor.py:208} INFO - Processing /home/airflow/.local/lib/python3.12/site-packages/airflow/example_dags/example_branch_labels.py took 0.119 seconds
[2025-01-18T00:12:28.324+0000] {processor.py:186} INFO - Started process (PID=18994) to work on /home/airflow/.local/lib/python3.12/site-packages/airflow/example_dags/example_branch_labels.py
[2025-01-18T00:12:28.325+0000] {processor.py:914} INFO - Processing file /home/airflow/.local/lib/python3.12/site-packages/airflow/example_dags/example_branch_labels.py for tasks to queue
[2025-01-18T00:12:28.328+0000] {logging_mixin.py:190} INFO - [2025-01-18T00:12:28.328+0000] {dagbag.py:588} INFO - Filling up the DagBag from /home/airflow/.local/lib/python3.12/site-packages/airflow/example_dags/example_branch_labels.py
[2025-01-18T00:12:28.343+0000] {processor.py:925} INFO - DAG(s) 'example_branch_labels' retrieved from /home/airflow/.local/lib/python3.12/site-packages/airflow/example_dags/example_branch_labels.py
[2025-01-18T00:12:28.374+0000] {logging_mixin.py:190} INFO - [2025-01-18T00:12:28.373+0000] {dag.py:3239} INFO - Sync 1 DAGs
[2025-01-18T00:12:28.413+0000] {logging_mixin.py:190} INFO - [2025-01-18T00:12:28.413+0000] {dag.py:4180} INFO - Setting next_dagrun for example_branch_labels to 2025-01-17 00:00:00+00:00, run_after=2025-01-18 00:00:00+00:00
[2025-01-18T00:12:28.439+0000] {processor.py:208} INFO - Processing /home/airflow/.local/lib/python3.12/site-packages/airflow/example_dags/example_branch_labels.py took 0.124 seconds
[2025-01-18T00:12:59.072+0000] {processor.py:186} INFO - Started process (PID=19061) to work on /home/airflow/.local/lib/python3.12/site-packages/airflow/example_dags/example_branch_labels.py
[2025-01-18T00:12:59.073+0000] {processor.py:914} INFO - Processing file /home/airflow/.local/lib/python3.12/site-packages/airflow/example_dags/example_branch_labels.py for tasks to queue
[2025-01-18T00:12:59.077+0000] {logging_mixin.py:190} INFO - [2025-01-18T00:12:59.076+0000] {dagbag.py:588} INFO - Filling up the DagBag from /home/airflow/.local/lib/python3.12/site-packages/airflow/example_dags/example_branch_labels.py
[2025-01-18T00:12:59.091+0000] {processor.py:925} INFO - DAG(s) 'example_branch_labels' retrieved from /home/airflow/.local/lib/python3.12/site-packages/airflow/example_dags/example_branch_labels.py
[2025-01-18T00:12:59.119+0000] {logging_mixin.py:190} INFO - [2025-01-18T00:12:59.119+0000] {dag.py:3239} INFO - Sync 1 DAGs
[2025-01-18T00:12:59.149+0000] {logging_mixin.py:190} INFO - [2025-01-18T00:12:59.149+0000] {dag.py:4180} INFO - Setting next_dagrun for example_branch_labels to 2025-01-17 00:00:00+00:00, run_after=2025-01-18 00:00:00+00:00
[2025-01-18T00:12:59.171+0000] {processor.py:208} INFO - Processing /home/airflow/.local/lib/python3.12/site-packages/airflow/example_dags/example_branch_labels.py took 0.106 seconds
[2025-01-18T00:13:29.552+0000] {processor.py:186} INFO - Started process (PID=19127) to work on /home/airflow/.local/lib/python3.12/site-packages/airflow/example_dags/example_branch_labels.py
[2025-01-18T00:13:29.555+0000] {processor.py:914} INFO - Processing file /home/airflow/.local/lib/python3.12/site-packages/airflow/example_dags/example_branch_labels.py for tasks to queue
[2025-01-18T00:13:29.558+0000] {logging_mixin.py:190} INFO - [2025-01-18T00:13:29.558+0000] {dagbag.py:588} INFO - Filling up the DagBag from /home/airflow/.local/lib/python3.12/site-packages/airflow/example_dags/example_branch_labels.py
[2025-01-18T00:13:29.580+0000] {processor.py:925} INFO - DAG(s) 'example_branch_labels' retrieved from /home/airflow/.local/lib/python3.12/site-packages/airflow/example_dags/example_branch_labels.py
[2025-01-18T00:13:29.617+0000] {logging_mixin.py:190} INFO - [2025-01-18T00:13:29.617+0000] {dag.py:3239} INFO - Sync 1 DAGs
[2025-01-18T00:13:29.658+0000] {logging_mixin.py:190} INFO - [2025-01-18T00:13:29.658+0000] {dag.py:4180} INFO - Setting next_dagrun for example_branch_labels to 2025-01-17 00:00:00+00:00, run_after=2025-01-18 00:00:00+00:00
[2025-01-18T00:13:29.682+0000] {processor.py:208} INFO - Processing /home/airflow/.local/lib/python3.12/site-packages/airflow/example_dags/example_branch_labels.py took 0.143 seconds
[2025-01-18T00:14:00.036+0000] {processor.py:186} INFO - Started process (PID=19193) to work on /home/airflow/.local/lib/python3.12/site-packages/airflow/example_dags/example_branch_labels.py
[2025-01-18T00:14:00.037+0000] {processor.py:914} INFO - Processing file /home/airflow/.local/lib/python3.12/site-packages/airflow/example_dags/example_branch_labels.py for tasks to queue
[2025-01-18T00:14:00.039+0000] {logging_mixin.py:190} INFO - [2025-01-18T00:14:00.039+0000] {dagbag.py:588} INFO - Filling up the DagBag from /home/airflow/.local/lib/python3.12/site-packages/airflow/example_dags/example_branch_labels.py
[2025-01-18T00:14:00.051+0000] {processor.py:925} INFO - DAG(s) 'example_branch_labels' retrieved from /home/airflow/.local/lib/python3.12/site-packages/airflow/example_dags/example_branch_labels.py
[2025-01-18T00:14:00.075+0000] {logging_mixin.py:190} INFO - [2025-01-18T00:14:00.075+0000] {dag.py:3239} INFO - Sync 1 DAGs
[2025-01-18T00:14:00.103+0000] {logging_mixin.py:190} INFO - [2025-01-18T00:14:00.102+0000] {dag.py:4180} INFO - Setting next_dagrun for example_branch_labels to 2025-01-17 00:00:00+00:00, run_after=2025-01-18 00:00:00+00:00
[2025-01-18T00:14:00.125+0000] {processor.py:208} INFO - Processing /home/airflow/.local/lib/python3.12/site-packages/airflow/example_dags/example_branch_labels.py took 0.095 seconds
[2025-01-18T00:14:30.977+0000] {processor.py:186} INFO - Started process (PID=19267) to work on /home/airflow/.local/lib/python3.12/site-packages/airflow/example_dags/example_branch_labels.py
[2025-01-18T00:14:30.978+0000] {processor.py:914} INFO - Processing file /home/airflow/.local/lib/python3.12/site-packages/airflow/example_dags/example_branch_labels.py for tasks to queue
[2025-01-18T00:14:30.986+0000] {logging_mixin.py:190} INFO - [2025-01-18T00:14:30.984+0000] {dagbag.py:588} INFO - Filling up the DagBag from /home/airflow/.local/lib/python3.12/site-packages/airflow/example_dags/example_branch_labels.py
[2025-01-18T00:14:31.006+0000] {processor.py:925} INFO - DAG(s) 'example_branch_labels' retrieved from /home/airflow/.local/lib/python3.12/site-packages/airflow/example_dags/example_branch_labels.py
[2025-01-18T00:14:31.048+0000] {logging_mixin.py:190} INFO - [2025-01-18T00:14:31.048+0000] {dag.py:3239} INFO - Sync 1 DAGs
[2025-01-18T00:14:31.105+0000] {logging_mixin.py:190} INFO - [2025-01-18T00:14:31.105+0000] {dag.py:4180} INFO - Setting next_dagrun for example_branch_labels to 2025-01-17 00:00:00+00:00, run_after=2025-01-18 00:00:00+00:00
[2025-01-18T00:14:31.134+0000] {processor.py:208} INFO - Processing /home/airflow/.local/lib/python3.12/site-packages/airflow/example_dags/example_branch_labels.py took 0.168 seconds
[2025-01-18T00:15:01.303+0000] {processor.py:186} INFO - Started process (PID=19334) to work on /home/airflow/.local/lib/python3.12/site-packages/airflow/example_dags/example_branch_labels.py
[2025-01-18T00:15:01.305+0000] {processor.py:914} INFO - Processing file /home/airflow/.local/lib/python3.12/site-packages/airflow/example_dags/example_branch_labels.py for tasks to queue
[2025-01-18T00:15:01.308+0000] {logging_mixin.py:190} INFO - [2025-01-18T00:15:01.307+0000] {dagbag.py:588} INFO - Filling up the DagBag from /home/airflow/.local/lib/python3.12/site-packages/airflow/example_dags/example_branch_labels.py
[2025-01-18T00:15:01.321+0000] {processor.py:925} INFO - DAG(s) 'example_branch_labels' retrieved from /home/airflow/.local/lib/python3.12/site-packages/airflow/example_dags/example_branch_labels.py
[2025-01-18T00:15:01.350+0000] {logging_mixin.py:190} INFO - [2025-01-18T00:15:01.350+0000] {dag.py:3239} INFO - Sync 1 DAGs
[2025-01-18T00:15:01.383+0000] {logging_mixin.py:190} INFO - [2025-01-18T00:15:01.383+0000] {dag.py:4180} INFO - Setting next_dagrun for example_branch_labels to 2025-01-17 00:00:00+00:00, run_after=2025-01-18 00:00:00+00:00
[2025-01-18T00:15:01.410+0000] {processor.py:208} INFO - Processing /home/airflow/.local/lib/python3.12/site-packages/airflow/example_dags/example_branch_labels.py took 0.115 seconds
[2025-01-18T00:15:31.472+0000] {processor.py:186} INFO - Started process (PID=19401) to work on /home/airflow/.local/lib/python3.12/site-packages/airflow/example_dags/example_branch_labels.py
[2025-01-18T00:15:31.473+0000] {processor.py:914} INFO - Processing file /home/airflow/.local/lib/python3.12/site-packages/airflow/example_dags/example_branch_labels.py for tasks to queue
[2025-01-18T00:15:31.476+0000] {logging_mixin.py:190} INFO - [2025-01-18T00:15:31.475+0000] {dagbag.py:588} INFO - Filling up the DagBag from /home/airflow/.local/lib/python3.12/site-packages/airflow/example_dags/example_branch_labels.py
[2025-01-18T00:15:31.488+0000] {processor.py:925} INFO - DAG(s) 'example_branch_labels' retrieved from /home/airflow/.local/lib/python3.12/site-packages/airflow/example_dags/example_branch_labels.py
[2025-01-18T00:15:31.518+0000] {logging_mixin.py:190} INFO - [2025-01-18T00:15:31.517+0000] {dag.py:3239} INFO - Sync 1 DAGs
[2025-01-18T00:15:31.553+0000] {logging_mixin.py:190} INFO - [2025-01-18T00:15:31.552+0000] {dag.py:4180} INFO - Setting next_dagrun for example_branch_labels to 2025-01-17 00:00:00+00:00, run_after=2025-01-18 00:00:00+00:00
[2025-01-18T00:15:31.577+0000] {processor.py:208} INFO - Processing /home/airflow/.local/lib/python3.12/site-packages/airflow/example_dags/example_branch_labels.py took 0.111 seconds
[2025-01-18T00:16:02.130+0000] {processor.py:186} INFO - Started process (PID=19468) to work on /home/airflow/.local/lib/python3.12/site-packages/airflow/example_dags/example_branch_labels.py
[2025-01-18T00:16:02.131+0000] {processor.py:914} INFO - Processing file /home/airflow/.local/lib/python3.12/site-packages/airflow/example_dags/example_branch_labels.py for tasks to queue
[2025-01-18T00:16:02.136+0000] {logging_mixin.py:190} INFO - [2025-01-18T00:16:02.135+0000] {dagbag.py:588} INFO - Filling up the DagBag from /home/airflow/.local/lib/python3.12/site-packages/airflow/example_dags/example_branch_labels.py
[2025-01-18T00:16:02.153+0000] {processor.py:925} INFO - DAG(s) 'example_branch_labels' retrieved from /home/airflow/.local/lib/python3.12/site-packages/airflow/example_dags/example_branch_labels.py
[2025-01-18T00:16:02.179+0000] {logging_mixin.py:190} INFO - [2025-01-18T00:16:02.179+0000] {dag.py:3239} INFO - Sync 1 DAGs
[2025-01-18T00:16:02.208+0000] {logging_mixin.py:190} INFO - [2025-01-18T00:16:02.208+0000] {dag.py:4180} INFO - Setting next_dagrun for example_branch_labels to 2025-01-17 00:00:00+00:00, run_after=2025-01-18 00:00:00+00:00
[2025-01-18T00:16:02.229+0000] {processor.py:208} INFO - Processing /home/airflow/.local/lib/python3.12/site-packages/airflow/example_dags/example_branch_labels.py took 0.107 seconds
[2025-01-18T00:16:32.952+0000] {processor.py:186} INFO - Started process (PID=19535) to work on /home/airflow/.local/lib/python3.12/site-packages/airflow/example_dags/example_branch_labels.py
[2025-01-18T00:16:32.953+0000] {processor.py:914} INFO - Processing file /home/airflow/.local/lib/python3.12/site-packages/airflow/example_dags/example_branch_labels.py for tasks to queue
[2025-01-18T00:16:32.956+0000] {logging_mixin.py:190} INFO - [2025-01-18T00:16:32.956+0000] {dagbag.py:588} INFO - Filling up the DagBag from /home/airflow/.local/lib/python3.12/site-packages/airflow/example_dags/example_branch_labels.py
[2025-01-18T00:16:32.966+0000] {processor.py:925} INFO - DAG(s) 'example_branch_labels' retrieved from /home/airflow/.local/lib/python3.12/site-packages/airflow/example_dags/example_branch_labels.py
[2025-01-18T00:16:32.990+0000] {logging_mixin.py:190} INFO - [2025-01-18T00:16:32.990+0000] {dag.py:3239} INFO - Sync 1 DAGs
[2025-01-18T00:16:33.023+0000] {logging_mixin.py:190} INFO - [2025-01-18T00:16:33.023+0000] {dag.py:4180} INFO - Setting next_dagrun for example_branch_labels to 2025-01-17 00:00:00+00:00, run_after=2025-01-18 00:00:00+00:00
[2025-01-18T00:16:33.051+0000] {processor.py:208} INFO - Processing /home/airflow/.local/lib/python3.12/site-packages/airflow/example_dags/example_branch_labels.py took 0.105 seconds
[2025-01-18T00:17:04.486+0000] {processor.py:186} INFO - Started process (PID=19600) to work on /home/airflow/.local/lib/python3.12/site-packages/airflow/example_dags/example_branch_labels.py
[2025-01-18T00:17:04.487+0000] {processor.py:914} INFO - Processing file /home/airflow/.local/lib/python3.12/site-packages/airflow/example_dags/example_branch_labels.py for tasks to queue
[2025-01-18T00:17:04.490+0000] {logging_mixin.py:190} INFO - [2025-01-18T00:17:04.489+0000] {dagbag.py:588} INFO - Filling up the DagBag from /home/airflow/.local/lib/python3.12/site-packages/airflow/example_dags/example_branch_labels.py
[2025-01-18T00:17:04.501+0000] {processor.py:925} INFO - DAG(s) 'example_branch_labels' retrieved from /home/airflow/.local/lib/python3.12/site-packages/airflow/example_dags/example_branch_labels.py
[2025-01-18T00:17:04.527+0000] {logging_mixin.py:190} INFO - [2025-01-18T00:17:04.527+0000] {dag.py:3239} INFO - Sync 1 DAGs
[2025-01-18T00:17:04.554+0000] {logging_mixin.py:190} INFO - [2025-01-18T00:17:04.553+0000] {dag.py:4180} INFO - Setting next_dagrun for example_branch_labels to 2025-01-17 00:00:00+00:00, run_after=2025-01-18 00:00:00+00:00
[2025-01-18T00:17:04.579+0000] {processor.py:208} INFO - Processing /home/airflow/.local/lib/python3.12/site-packages/airflow/example_dags/example_branch_labels.py took 0.100 seconds
[2025-01-18T00:17:35.279+0000] {processor.py:186} INFO - Started process (PID=19667) to work on /home/airflow/.local/lib/python3.12/site-packages/airflow/example_dags/example_branch_labels.py
[2025-01-18T00:17:35.280+0000] {processor.py:914} INFO - Processing file /home/airflow/.local/lib/python3.12/site-packages/airflow/example_dags/example_branch_labels.py for tasks to queue
[2025-01-18T00:17:35.284+0000] {logging_mixin.py:190} INFO - [2025-01-18T00:17:35.283+0000] {dagbag.py:588} INFO - Filling up the DagBag from /home/airflow/.local/lib/python3.12/site-packages/airflow/example_dags/example_branch_labels.py
[2025-01-18T00:17:35.295+0000] {processor.py:925} INFO - DAG(s) 'example_branch_labels' retrieved from /home/airflow/.local/lib/python3.12/site-packages/airflow/example_dags/example_branch_labels.py
[2025-01-18T00:17:35.324+0000] {logging_mixin.py:190} INFO - [2025-01-18T00:17:35.323+0000] {dag.py:3239} INFO - Sync 1 DAGs
[2025-01-18T00:17:35.355+0000] {logging_mixin.py:190} INFO - [2025-01-18T00:17:35.355+0000] {dag.py:4180} INFO - Setting next_dagrun for example_branch_labels to 2025-01-17 00:00:00+00:00, run_after=2025-01-18 00:00:00+00:00
[2025-01-18T00:17:35.380+0000] {processor.py:208} INFO - Processing /home/airflow/.local/lib/python3.12/site-packages/airflow/example_dags/example_branch_labels.py took 0.109 seconds
[2025-01-18T00:18:05.956+0000] {processor.py:186} INFO - Started process (PID=19734) to work on /home/airflow/.local/lib/python3.12/site-packages/airflow/example_dags/example_branch_labels.py
[2025-01-18T00:18:05.957+0000] {processor.py:914} INFO - Processing file /home/airflow/.local/lib/python3.12/site-packages/airflow/example_dags/example_branch_labels.py for tasks to queue
[2025-01-18T00:18:05.960+0000] {logging_mixin.py:190} INFO - [2025-01-18T00:18:05.959+0000] {dagbag.py:588} INFO - Filling up the DagBag from /home/airflow/.local/lib/python3.12/site-packages/airflow/example_dags/example_branch_labels.py
[2025-01-18T00:18:05.975+0000] {processor.py:925} INFO - DAG(s) 'example_branch_labels' retrieved from /home/airflow/.local/lib/python3.12/site-packages/airflow/example_dags/example_branch_labels.py
[2025-01-18T00:18:06.218+0000] {logging_mixin.py:190} INFO - [2025-01-18T00:18:06.218+0000] {dag.py:3239} INFO - Sync 1 DAGs
[2025-01-18T00:18:06.243+0000] {logging_mixin.py:190} INFO - [2025-01-18T00:18:06.243+0000] {dag.py:4180} INFO - Setting next_dagrun for example_branch_labels to 2025-01-17 00:00:00+00:00, run_after=2025-01-18 00:00:00+00:00
[2025-01-18T00:18:06.263+0000] {processor.py:208} INFO - Processing /home/airflow/.local/lib/python3.12/site-packages/airflow/example_dags/example_branch_labels.py took 0.312 seconds
[2025-01-18T00:18:36.694+0000] {processor.py:186} INFO - Started process (PID=19807) to work on /home/airflow/.local/lib/python3.12/site-packages/airflow/example_dags/example_branch_labels.py
[2025-01-18T00:18:36.696+0000] {processor.py:914} INFO - Processing file /home/airflow/.local/lib/python3.12/site-packages/airflow/example_dags/example_branch_labels.py for tasks to queue
[2025-01-18T00:18:36.698+0000] {logging_mixin.py:190} INFO - [2025-01-18T00:18:36.698+0000] {dagbag.py:588} INFO - Filling up the DagBag from /home/airflow/.local/lib/python3.12/site-packages/airflow/example_dags/example_branch_labels.py
[2025-01-18T00:18:36.713+0000] {processor.py:925} INFO - DAG(s) 'example_branch_labels' retrieved from /home/airflow/.local/lib/python3.12/site-packages/airflow/example_dags/example_branch_labels.py
[2025-01-18T00:18:37.056+0000] {logging_mixin.py:190} INFO - [2025-01-18T00:18:37.056+0000] {dag.py:3239} INFO - Sync 1 DAGs
[2025-01-18T00:18:37.098+0000] {logging_mixin.py:190} INFO - [2025-01-18T00:18:37.098+0000] {dag.py:4180} INFO - Setting next_dagrun for example_branch_labels to 2025-01-17 00:00:00+00:00, run_after=2025-01-18 00:00:00+00:00
[2025-01-18T00:18:37.131+0000] {processor.py:208} INFO - Processing /home/airflow/.local/lib/python3.12/site-packages/airflow/example_dags/example_branch_labels.py took 0.446 seconds
[2025-01-18T00:19:07.430+0000] {processor.py:186} INFO - Started process (PID=19874) to work on /home/airflow/.local/lib/python3.12/site-packages/airflow/example_dags/example_branch_labels.py
[2025-01-18T00:19:07.432+0000] {processor.py:914} INFO - Processing file /home/airflow/.local/lib/python3.12/site-packages/airflow/example_dags/example_branch_labels.py for tasks to queue
[2025-01-18T00:19:07.434+0000] {logging_mixin.py:190} INFO - [2025-01-18T00:19:07.434+0000] {dagbag.py:588} INFO - Filling up the DagBag from /home/airflow/.local/lib/python3.12/site-packages/airflow/example_dags/example_branch_labels.py
[2025-01-18T00:19:07.446+0000] {processor.py:925} INFO - DAG(s) 'example_branch_labels' retrieved from /home/airflow/.local/lib/python3.12/site-packages/airflow/example_dags/example_branch_labels.py
[2025-01-18T00:19:07.471+0000] {logging_mixin.py:190} INFO - [2025-01-18T00:19:07.470+0000] {dag.py:3239} INFO - Sync 1 DAGs
[2025-01-18T00:19:07.496+0000] {logging_mixin.py:190} INFO - [2025-01-18T00:19:07.496+0000] {dag.py:4180} INFO - Setting next_dagrun for example_branch_labels to 2025-01-17 00:00:00+00:00, run_after=2025-01-18 00:00:00+00:00
[2025-01-18T00:19:07.519+0000] {processor.py:208} INFO - Processing /home/airflow/.local/lib/python3.12/site-packages/airflow/example_dags/example_branch_labels.py took 0.096 seconds
[2025-01-18T00:19:37.923+0000] {processor.py:186} INFO - Started process (PID=19941) to work on /home/airflow/.local/lib/python3.12/site-packages/airflow/example_dags/example_branch_labels.py
[2025-01-18T00:19:37.924+0000] {processor.py:914} INFO - Processing file /home/airflow/.local/lib/python3.12/site-packages/airflow/example_dags/example_branch_labels.py for tasks to queue
[2025-01-18T00:19:37.926+0000] {logging_mixin.py:190} INFO - [2025-01-18T00:19:37.926+0000] {dagbag.py:588} INFO - Filling up the DagBag from /home/airflow/.local/lib/python3.12/site-packages/airflow/example_dags/example_branch_labels.py
[2025-01-18T00:19:37.937+0000] {processor.py:925} INFO - DAG(s) 'example_branch_labels' retrieved from /home/airflow/.local/lib/python3.12/site-packages/airflow/example_dags/example_branch_labels.py
[2025-01-18T00:19:37.968+0000] {logging_mixin.py:190} INFO - [2025-01-18T00:19:37.968+0000] {dag.py:3239} INFO - Sync 1 DAGs
[2025-01-18T00:19:38.014+0000] {logging_mixin.py:190} INFO - [2025-01-18T00:19:38.014+0000] {dag.py:4180} INFO - Setting next_dagrun for example_branch_labels to 2025-01-17 00:00:00+00:00, run_after=2025-01-18 00:00:00+00:00
[2025-01-18T00:19:38.051+0000] {processor.py:208} INFO - Processing /home/airflow/.local/lib/python3.12/site-packages/airflow/example_dags/example_branch_labels.py took 0.134 seconds
[2025-01-18T00:20:08.603+0000] {processor.py:186} INFO - Started process (PID=20008) to work on /home/airflow/.local/lib/python3.12/site-packages/airflow/example_dags/example_branch_labels.py
[2025-01-18T00:20:08.604+0000] {processor.py:914} INFO - Processing file /home/airflow/.local/lib/python3.12/site-packages/airflow/example_dags/example_branch_labels.py for tasks to queue
[2025-01-18T00:20:08.607+0000] {logging_mixin.py:190} INFO - [2025-01-18T00:20:08.607+0000] {dagbag.py:588} INFO - Filling up the DagBag from /home/airflow/.local/lib/python3.12/site-packages/airflow/example_dags/example_branch_labels.py
[2025-01-18T00:20:08.620+0000] {processor.py:925} INFO - DAG(s) 'example_branch_labels' retrieved from /home/airflow/.local/lib/python3.12/site-packages/airflow/example_dags/example_branch_labels.py
[2025-01-18T00:20:08.646+0000] {logging_mixin.py:190} INFO - [2025-01-18T00:20:08.646+0000] {dag.py:3239} INFO - Sync 1 DAGs
[2025-01-18T00:20:08.676+0000] {logging_mixin.py:190} INFO - [2025-01-18T00:20:08.676+0000] {dag.py:4180} INFO - Setting next_dagrun for example_branch_labels to 2025-01-17 00:00:00+00:00, run_after=2025-01-18 00:00:00+00:00
[2025-01-18T00:20:08.703+0000] {processor.py:208} INFO - Processing /home/airflow/.local/lib/python3.12/site-packages/airflow/example_dags/example_branch_labels.py took 0.105 seconds
[2025-01-18T00:20:38.962+0000] {processor.py:186} INFO - Started process (PID=20075) to work on /home/airflow/.local/lib/python3.12/site-packages/airflow/example_dags/example_branch_labels.py
[2025-01-18T00:20:38.963+0000] {processor.py:914} INFO - Processing file /home/airflow/.local/lib/python3.12/site-packages/airflow/example_dags/example_branch_labels.py for tasks to queue
[2025-01-18T00:20:38.966+0000] {logging_mixin.py:190} INFO - [2025-01-18T00:20:38.965+0000] {dagbag.py:588} INFO - Filling up the DagBag from /home/airflow/.local/lib/python3.12/site-packages/airflow/example_dags/example_branch_labels.py
[2025-01-18T00:20:38.979+0000] {processor.py:925} INFO - DAG(s) 'example_branch_labels' retrieved from /home/airflow/.local/lib/python3.12/site-packages/airflow/example_dags/example_branch_labels.py
[2025-01-18T00:20:39.008+0000] {logging_mixin.py:190} INFO - [2025-01-18T00:20:39.008+0000] {dag.py:3239} INFO - Sync 1 DAGs
[2025-01-18T00:20:39.041+0000] {logging_mixin.py:190} INFO - [2025-01-18T00:20:39.040+0000] {dag.py:4180} INFO - Setting next_dagrun for example_branch_labels to 2025-01-17 00:00:00+00:00, run_after=2025-01-18 00:00:00+00:00
[2025-01-18T00:20:39.067+0000] {processor.py:208} INFO - Processing /home/airflow/.local/lib/python3.12/site-packages/airflow/example_dags/example_branch_labels.py took 0.112 seconds
[2025-01-18T00:21:09.433+0000] {processor.py:186} INFO - Started process (PID=20142) to work on /home/airflow/.local/lib/python3.12/site-packages/airflow/example_dags/example_branch_labels.py
[2025-01-18T00:21:09.434+0000] {processor.py:914} INFO - Processing file /home/airflow/.local/lib/python3.12/site-packages/airflow/example_dags/example_branch_labels.py for tasks to queue
[2025-01-18T00:21:09.437+0000] {logging_mixin.py:190} INFO - [2025-01-18T00:21:09.437+0000] {dagbag.py:588} INFO - Filling up the DagBag from /home/airflow/.local/lib/python3.12/site-packages/airflow/example_dags/example_branch_labels.py
[2025-01-18T00:21:09.447+0000] {processor.py:925} INFO - DAG(s) 'example_branch_labels' retrieved from /home/airflow/.local/lib/python3.12/site-packages/airflow/example_dags/example_branch_labels.py
[2025-01-18T00:21:09.469+0000] {logging_mixin.py:190} INFO - [2025-01-18T00:21:09.469+0000] {dag.py:3239} INFO - Sync 1 DAGs
[2025-01-18T00:21:09.496+0000] {logging_mixin.py:190} INFO - [2025-01-18T00:21:09.496+0000] {dag.py:4180} INFO - Setting next_dagrun for example_branch_labels to 2025-01-17 00:00:00+00:00, run_after=2025-01-18 00:00:00+00:00
[2025-01-18T00:21:09.518+0000] {processor.py:208} INFO - Processing /home/airflow/.local/lib/python3.12/site-packages/airflow/example_dags/example_branch_labels.py took 0.090 seconds
[2025-01-18T00:21:39.887+0000] {processor.py:186} INFO - Started process (PID=20209) to work on /home/airflow/.local/lib/python3.12/site-packages/airflow/example_dags/example_branch_labels.py
[2025-01-18T00:21:39.888+0000] {processor.py:914} INFO - Processing file /home/airflow/.local/lib/python3.12/site-packages/airflow/example_dags/example_branch_labels.py for tasks to queue
[2025-01-18T00:21:39.890+0000] {logging_mixin.py:190} INFO - [2025-01-18T00:21:39.889+0000] {dagbag.py:588} INFO - Filling up the DagBag from /home/airflow/.local/lib/python3.12/site-packages/airflow/example_dags/example_branch_labels.py
[2025-01-18T00:21:39.900+0000] {processor.py:925} INFO - DAG(s) 'example_branch_labels' retrieved from /home/airflow/.local/lib/python3.12/site-packages/airflow/example_dags/example_branch_labels.py
[2025-01-18T00:21:39.926+0000] {logging_mixin.py:190} INFO - [2025-01-18T00:21:39.925+0000] {dag.py:3239} INFO - Sync 1 DAGs
[2025-01-18T00:21:39.957+0000] {logging_mixin.py:190} INFO - [2025-01-18T00:21:39.956+0000] {dag.py:4180} INFO - Setting next_dagrun for example_branch_labels to 2025-01-17 00:00:00+00:00, run_after=2025-01-18 00:00:00+00:00
[2025-01-18T00:21:39.982+0000] {processor.py:208} INFO - Processing /home/airflow/.local/lib/python3.12/site-packages/airflow/example_dags/example_branch_labels.py took 0.100 seconds
[2025-01-18T00:22:10.353+0000] {processor.py:186} INFO - Started process (PID=20276) to work on /home/airflow/.local/lib/python3.12/site-packages/airflow/example_dags/example_branch_labels.py
[2025-01-18T00:22:10.354+0000] {processor.py:914} INFO - Processing file /home/airflow/.local/lib/python3.12/site-packages/airflow/example_dags/example_branch_labels.py for tasks to queue
[2025-01-18T00:22:10.356+0000] {logging_mixin.py:190} INFO - [2025-01-18T00:22:10.356+0000] {dagbag.py:588} INFO - Filling up the DagBag from /home/airflow/.local/lib/python3.12/site-packages/airflow/example_dags/example_branch_labels.py
[2025-01-18T00:22:10.366+0000] {processor.py:925} INFO - DAG(s) 'example_branch_labels' retrieved from /home/airflow/.local/lib/python3.12/site-packages/airflow/example_dags/example_branch_labels.py
[2025-01-18T00:22:10.385+0000] {logging_mixin.py:190} INFO - [2025-01-18T00:22:10.385+0000] {dag.py:3239} INFO - Sync 1 DAGs
[2025-01-18T00:22:10.408+0000] {logging_mixin.py:190} INFO - [2025-01-18T00:22:10.407+0000] {dag.py:4180} INFO - Setting next_dagrun for example_branch_labels to 2025-01-17 00:00:00+00:00, run_after=2025-01-18 00:00:00+00:00
[2025-01-18T00:22:10.429+0000] {processor.py:208} INFO - Processing /home/airflow/.local/lib/python3.12/site-packages/airflow/example_dags/example_branch_labels.py took 0.081 seconds
[2025-01-18T00:22:41.028+0000] {processor.py:186} INFO - Started process (PID=20349) to work on /home/airflow/.local/lib/python3.12/site-packages/airflow/example_dags/example_branch_labels.py
[2025-01-18T00:22:41.029+0000] {processor.py:914} INFO - Processing file /home/airflow/.local/lib/python3.12/site-packages/airflow/example_dags/example_branch_labels.py for tasks to queue
[2025-01-18T00:22:41.031+0000] {logging_mixin.py:190} INFO - [2025-01-18T00:22:41.031+0000] {dagbag.py:588} INFO - Filling up the DagBag from /home/airflow/.local/lib/python3.12/site-packages/airflow/example_dags/example_branch_labels.py
[2025-01-18T00:22:41.043+0000] {processor.py:925} INFO - DAG(s) 'example_branch_labels' retrieved from /home/airflow/.local/lib/python3.12/site-packages/airflow/example_dags/example_branch_labels.py
[2025-01-18T00:22:41.069+0000] {logging_mixin.py:190} INFO - [2025-01-18T00:22:41.068+0000] {dag.py:3239} INFO - Sync 1 DAGs
[2025-01-18T00:22:41.109+0000] {logging_mixin.py:190} INFO - [2025-01-18T00:22:41.109+0000] {dag.py:4180} INFO - Setting next_dagrun for example_branch_labels to 2025-01-17 00:00:00+00:00, run_after=2025-01-18 00:00:00+00:00
[2025-01-18T00:22:41.140+0000] {processor.py:208} INFO - Processing /home/airflow/.local/lib/python3.12/site-packages/airflow/example_dags/example_branch_labels.py took 0.119 seconds
[2025-01-18T00:23:11.245+0000] {processor.py:186} INFO - Started process (PID=20416) to work on /home/airflow/.local/lib/python3.12/site-packages/airflow/example_dags/example_branch_labels.py
[2025-01-18T00:23:11.246+0000] {processor.py:914} INFO - Processing file /home/airflow/.local/lib/python3.12/site-packages/airflow/example_dags/example_branch_labels.py for tasks to queue
[2025-01-18T00:23:11.249+0000] {logging_mixin.py:190} INFO - [2025-01-18T00:23:11.248+0000] {dagbag.py:588} INFO - Filling up the DagBag from /home/airflow/.local/lib/python3.12/site-packages/airflow/example_dags/example_branch_labels.py
[2025-01-18T00:23:11.259+0000] {processor.py:925} INFO - DAG(s) 'example_branch_labels' retrieved from /home/airflow/.local/lib/python3.12/site-packages/airflow/example_dags/example_branch_labels.py
[2025-01-18T00:23:11.282+0000] {logging_mixin.py:190} INFO - [2025-01-18T00:23:11.282+0000] {dag.py:3239} INFO - Sync 1 DAGs
[2025-01-18T00:23:11.311+0000] {logging_mixin.py:190} INFO - [2025-01-18T00:23:11.311+0000] {dag.py:4180} INFO - Setting next_dagrun for example_branch_labels to 2025-01-17 00:00:00+00:00, run_after=2025-01-18 00:00:00+00:00
[2025-01-18T00:23:11.333+0000] {processor.py:208} INFO - Processing /home/airflow/.local/lib/python3.12/site-packages/airflow/example_dags/example_branch_labels.py took 0.095 seconds
[2025-01-18T00:23:41.873+0000] {processor.py:186} INFO - Started process (PID=20483) to work on /home/airflow/.local/lib/python3.12/site-packages/airflow/example_dags/example_branch_labels.py
[2025-01-18T00:23:41.874+0000] {processor.py:914} INFO - Processing file /home/airflow/.local/lib/python3.12/site-packages/airflow/example_dags/example_branch_labels.py for tasks to queue
[2025-01-18T00:23:41.876+0000] {logging_mixin.py:190} INFO - [2025-01-18T00:23:41.876+0000] {dagbag.py:588} INFO - Filling up the DagBag from /home/airflow/.local/lib/python3.12/site-packages/airflow/example_dags/example_branch_labels.py
[2025-01-18T00:23:41.884+0000] {processor.py:925} INFO - DAG(s) 'example_branch_labels' retrieved from /home/airflow/.local/lib/python3.12/site-packages/airflow/example_dags/example_branch_labels.py
[2025-01-18T00:23:41.904+0000] {logging_mixin.py:190} INFO - [2025-01-18T00:23:41.904+0000] {dag.py:3239} INFO - Sync 1 DAGs
[2025-01-18T00:23:41.934+0000] {logging_mixin.py:190} INFO - [2025-01-18T00:23:41.934+0000] {dag.py:4180} INFO - Setting next_dagrun for example_branch_labels to 2025-01-17 00:00:00+00:00, run_after=2025-01-18 00:00:00+00:00
[2025-01-18T00:23:41.959+0000] {processor.py:208} INFO - Processing /home/airflow/.local/lib/python3.12/site-packages/airflow/example_dags/example_branch_labels.py took 0.091 seconds
[2025-01-18T00:24:12.608+0000] {processor.py:186} INFO - Started process (PID=20550) to work on /home/airflow/.local/lib/python3.12/site-packages/airflow/example_dags/example_branch_labels.py
[2025-01-18T00:24:12.609+0000] {processor.py:914} INFO - Processing file /home/airflow/.local/lib/python3.12/site-packages/airflow/example_dags/example_branch_labels.py for tasks to queue
[2025-01-18T00:24:12.611+0000] {logging_mixin.py:190} INFO - [2025-01-18T00:24:12.611+0000] {dagbag.py:588} INFO - Filling up the DagBag from /home/airflow/.local/lib/python3.12/site-packages/airflow/example_dags/example_branch_labels.py
[2025-01-18T00:24:12.621+0000] {processor.py:925} INFO - DAG(s) 'example_branch_labels' retrieved from /home/airflow/.local/lib/python3.12/site-packages/airflow/example_dags/example_branch_labels.py
[2025-01-18T00:24:12.648+0000] {logging_mixin.py:190} INFO - [2025-01-18T00:24:12.647+0000] {dag.py:3239} INFO - Sync 1 DAGs
[2025-01-18T00:24:12.681+0000] {logging_mixin.py:190} INFO - [2025-01-18T00:24:12.680+0000] {dag.py:4180} INFO - Setting next_dagrun for example_branch_labels to 2025-01-17 00:00:00+00:00, run_after=2025-01-18 00:00:00+00:00
[2025-01-18T00:24:12.704+0000] {processor.py:208} INFO - Processing /home/airflow/.local/lib/python3.12/site-packages/airflow/example_dags/example_branch_labels.py took 0.103 seconds
[2025-01-18T00:24:42.972+0000] {processor.py:186} INFO - Started process (PID=20617) to work on /home/airflow/.local/lib/python3.12/site-packages/airflow/example_dags/example_branch_labels.py
[2025-01-18T00:24:42.973+0000] {processor.py:914} INFO - Processing file /home/airflow/.local/lib/python3.12/site-packages/airflow/example_dags/example_branch_labels.py for tasks to queue
[2025-01-18T00:24:42.976+0000] {logging_mixin.py:190} INFO - [2025-01-18T00:24:42.975+0000] {dagbag.py:588} INFO - Filling up the DagBag from /home/airflow/.local/lib/python3.12/site-packages/airflow/example_dags/example_branch_labels.py
[2025-01-18T00:24:42.991+0000] {processor.py:925} INFO - DAG(s) 'example_branch_labels' retrieved from /home/airflow/.local/lib/python3.12/site-packages/airflow/example_dags/example_branch_labels.py
[2025-01-18T00:24:43.023+0000] {logging_mixin.py:190} INFO - [2025-01-18T00:24:43.022+0000] {dag.py:3239} INFO - Sync 1 DAGs
[2025-01-18T00:24:43.062+0000] {logging_mixin.py:190} INFO - [2025-01-18T00:24:43.062+0000] {dag.py:4180} INFO - Setting next_dagrun for example_branch_labels to 2025-01-17 00:00:00+00:00, run_after=2025-01-18 00:00:00+00:00
[2025-01-18T00:24:43.089+0000] {processor.py:208} INFO - Processing /home/airflow/.local/lib/python3.12/site-packages/airflow/example_dags/example_branch_labels.py took 0.124 seconds
[2025-01-18T00:25:13.807+0000] {processor.py:186} INFO - Started process (PID=20684) to work on /home/airflow/.local/lib/python3.12/site-packages/airflow/example_dags/example_branch_labels.py
[2025-01-18T00:25:13.809+0000] {processor.py:914} INFO - Processing file /home/airflow/.local/lib/python3.12/site-packages/airflow/example_dags/example_branch_labels.py for tasks to queue
[2025-01-18T00:25:13.812+0000] {logging_mixin.py:190} INFO - [2025-01-18T00:25:13.812+0000] {dagbag.py:588} INFO - Filling up the DagBag from /home/airflow/.local/lib/python3.12/site-packages/airflow/example_dags/example_branch_labels.py
[2025-01-18T00:25:13.824+0000] {processor.py:925} INFO - DAG(s) 'example_branch_labels' retrieved from /home/airflow/.local/lib/python3.12/site-packages/airflow/example_dags/example_branch_labels.py
[2025-01-18T00:25:13.849+0000] {logging_mixin.py:190} INFO - [2025-01-18T00:25:13.849+0000] {dag.py:3239} INFO - Sync 1 DAGs
[2025-01-18T00:25:13.880+0000] {logging_mixin.py:190} INFO - [2025-01-18T00:25:13.880+0000] {dag.py:4180} INFO - Setting next_dagrun for example_branch_labels to 2025-01-17 00:00:00+00:00, run_after=2025-01-18 00:00:00+00:00
[2025-01-18T00:25:13.911+0000] {processor.py:208} INFO - Processing /home/airflow/.local/lib/python3.12/site-packages/airflow/example_dags/example_branch_labels.py took 0.110 seconds
[2025-01-18T00:25:44.594+0000] {processor.py:186} INFO - Started process (PID=20751) to work on /home/airflow/.local/lib/python3.12/site-packages/airflow/example_dags/example_branch_labels.py
[2025-01-18T00:25:44.595+0000] {processor.py:914} INFO - Processing file /home/airflow/.local/lib/python3.12/site-packages/airflow/example_dags/example_branch_labels.py for tasks to queue
[2025-01-18T00:25:44.597+0000] {logging_mixin.py:190} INFO - [2025-01-18T00:25:44.597+0000] {dagbag.py:588} INFO - Filling up the DagBag from /home/airflow/.local/lib/python3.12/site-packages/airflow/example_dags/example_branch_labels.py
[2025-01-18T00:25:44.606+0000] {processor.py:925} INFO - DAG(s) 'example_branch_labels' retrieved from /home/airflow/.local/lib/python3.12/site-packages/airflow/example_dags/example_branch_labels.py
[2025-01-18T00:25:44.628+0000] {logging_mixin.py:190} INFO - [2025-01-18T00:25:44.628+0000] {dag.py:3239} INFO - Sync 1 DAGs
[2025-01-18T00:25:44.662+0000] {logging_mixin.py:190} INFO - [2025-01-18T00:25:44.662+0000] {dag.py:4180} INFO - Setting next_dagrun for example_branch_labels to 2025-01-17 00:00:00+00:00, run_after=2025-01-18 00:00:00+00:00
[2025-01-18T00:25:44.691+0000] {processor.py:208} INFO - Processing /home/airflow/.local/lib/python3.12/site-packages/airflow/example_dags/example_branch_labels.py took 0.102 seconds
[2025-01-18T00:26:15.233+0000] {processor.py:186} INFO - Started process (PID=20818) to work on /home/airflow/.local/lib/python3.12/site-packages/airflow/example_dags/example_branch_labels.py
[2025-01-18T00:26:15.237+0000] {processor.py:914} INFO - Processing file /home/airflow/.local/lib/python3.12/site-packages/airflow/example_dags/example_branch_labels.py for tasks to queue
[2025-01-18T00:26:15.241+0000] {logging_mixin.py:190} INFO - [2025-01-18T00:26:15.240+0000] {dagbag.py:588} INFO - Filling up the DagBag from /home/airflow/.local/lib/python3.12/site-packages/airflow/example_dags/example_branch_labels.py
[2025-01-18T00:26:15.255+0000] {processor.py:925} INFO - DAG(s) 'example_branch_labels' retrieved from /home/airflow/.local/lib/python3.12/site-packages/airflow/example_dags/example_branch_labels.py
[2025-01-18T00:26:15.279+0000] {logging_mixin.py:190} INFO - [2025-01-18T00:26:15.279+0000] {dag.py:3239} INFO - Sync 1 DAGs
[2025-01-18T00:26:15.307+0000] {logging_mixin.py:190} INFO - [2025-01-18T00:26:15.307+0000] {dag.py:4180} INFO - Setting next_dagrun for example_branch_labels to 2025-01-17 00:00:00+00:00, run_after=2025-01-18 00:00:00+00:00
[2025-01-18T00:26:15.335+0000] {processor.py:208} INFO - Processing /home/airflow/.local/lib/python3.12/site-packages/airflow/example_dags/example_branch_labels.py took 0.112 seconds
[2025-01-18T00:26:46.019+0000] {processor.py:186} INFO - Started process (PID=20891) to work on /home/airflow/.local/lib/python3.12/site-packages/airflow/example_dags/example_branch_labels.py
[2025-01-18T00:26:46.020+0000] {processor.py:914} INFO - Processing file /home/airflow/.local/lib/python3.12/site-packages/airflow/example_dags/example_branch_labels.py for tasks to queue
[2025-01-18T00:26:46.022+0000] {logging_mixin.py:190} INFO - [2025-01-18T00:26:46.022+0000] {dagbag.py:588} INFO - Filling up the DagBag from /home/airflow/.local/lib/python3.12/site-packages/airflow/example_dags/example_branch_labels.py
[2025-01-18T00:26:46.033+0000] {processor.py:925} INFO - DAG(s) 'example_branch_labels' retrieved from /home/airflow/.local/lib/python3.12/site-packages/airflow/example_dags/example_branch_labels.py
[2025-01-18T00:26:46.057+0000] {logging_mixin.py:190} INFO - [2025-01-18T00:26:46.057+0000] {dag.py:3239} INFO - Sync 1 DAGs
[2025-01-18T00:26:46.091+0000] {logging_mixin.py:190} INFO - [2025-01-18T00:26:46.090+0000] {dag.py:4180} INFO - Setting next_dagrun for example_branch_labels to 2025-01-17 00:00:00+00:00, run_after=2025-01-18 00:00:00+00:00
[2025-01-18T00:26:46.117+0000] {processor.py:208} INFO - Processing /home/airflow/.local/lib/python3.12/site-packages/airflow/example_dags/example_branch_labels.py took 0.105 seconds
[2025-01-18T00:27:16.922+0000] {processor.py:186} INFO - Started process (PID=20958) to work on /home/airflow/.local/lib/python3.12/site-packages/airflow/example_dags/example_branch_labels.py
[2025-01-18T00:27:16.924+0000] {processor.py:914} INFO - Processing file /home/airflow/.local/lib/python3.12/site-packages/airflow/example_dags/example_branch_labels.py for tasks to queue
[2025-01-18T00:27:16.926+0000] {logging_mixin.py:190} INFO - [2025-01-18T00:27:16.926+0000] {dagbag.py:588} INFO - Filling up the DagBag from /home/airflow/.local/lib/python3.12/site-packages/airflow/example_dags/example_branch_labels.py
[2025-01-18T00:27:16.941+0000] {processor.py:925} INFO - DAG(s) 'example_branch_labels' retrieved from /home/airflow/.local/lib/python3.12/site-packages/airflow/example_dags/example_branch_labels.py
[2025-01-18T00:27:16.975+0000] {logging_mixin.py:190} INFO - [2025-01-18T00:27:16.975+0000] {dag.py:3239} INFO - Sync 1 DAGs
[2025-01-18T00:27:17.018+0000] {logging_mixin.py:190} INFO - [2025-01-18T00:27:17.018+0000] {dag.py:4180} INFO - Setting next_dagrun for example_branch_labels to 2025-01-17 00:00:00+00:00, run_after=2025-01-18 00:00:00+00:00
[2025-01-18T00:27:17.051+0000] {processor.py:208} INFO - Processing /home/airflow/.local/lib/python3.12/site-packages/airflow/example_dags/example_branch_labels.py took 0.136 seconds
[2025-01-18T00:27:47.283+0000] {processor.py:186} INFO - Started process (PID=21025) to work on /home/airflow/.local/lib/python3.12/site-packages/airflow/example_dags/example_branch_labels.py
[2025-01-18T00:27:47.285+0000] {processor.py:914} INFO - Processing file /home/airflow/.local/lib/python3.12/site-packages/airflow/example_dags/example_branch_labels.py for tasks to queue
[2025-01-18T00:27:47.287+0000] {logging_mixin.py:190} INFO - [2025-01-18T00:27:47.287+0000] {dagbag.py:588} INFO - Filling up the DagBag from /home/airflow/.local/lib/python3.12/site-packages/airflow/example_dags/example_branch_labels.py
[2025-01-18T00:27:47.295+0000] {processor.py:925} INFO - DAG(s) 'example_branch_labels' retrieved from /home/airflow/.local/lib/python3.12/site-packages/airflow/example_dags/example_branch_labels.py
[2025-01-18T00:27:47.317+0000] {logging_mixin.py:190} INFO - [2025-01-18T00:27:47.317+0000] {dag.py:3239} INFO - Sync 1 DAGs
[2025-01-18T00:27:47.351+0000] {logging_mixin.py:190} INFO - [2025-01-18T00:27:47.350+0000] {dag.py:4180} INFO - Setting next_dagrun for example_branch_labels to 2025-01-17 00:00:00+00:00, run_after=2025-01-18 00:00:00+00:00
[2025-01-18T00:27:47.379+0000] {processor.py:208} INFO - Processing /home/airflow/.local/lib/python3.12/site-packages/airflow/example_dags/example_branch_labels.py took 0.100 seconds
[2025-01-18T00:28:18.055+0000] {processor.py:186} INFO - Started process (PID=21091) to work on /home/airflow/.local/lib/python3.12/site-packages/airflow/example_dags/example_branch_labels.py
[2025-01-18T00:28:18.056+0000] {processor.py:914} INFO - Processing file /home/airflow/.local/lib/python3.12/site-packages/airflow/example_dags/example_branch_labels.py for tasks to queue
[2025-01-18T00:28:18.058+0000] {logging_mixin.py:190} INFO - [2025-01-18T00:28:18.058+0000] {dagbag.py:588} INFO - Filling up the DagBag from /home/airflow/.local/lib/python3.12/site-packages/airflow/example_dags/example_branch_labels.py
[2025-01-18T00:28:18.069+0000] {processor.py:925} INFO - DAG(s) 'example_branch_labels' retrieved from /home/airflow/.local/lib/python3.12/site-packages/airflow/example_dags/example_branch_labels.py
[2025-01-18T00:28:18.094+0000] {logging_mixin.py:190} INFO - [2025-01-18T00:28:18.093+0000] {dag.py:3239} INFO - Sync 1 DAGs
[2025-01-18T00:28:18.131+0000] {logging_mixin.py:190} INFO - [2025-01-18T00:28:18.130+0000] {dag.py:4180} INFO - Setting next_dagrun for example_branch_labels to 2025-01-17 00:00:00+00:00, run_after=2025-01-18 00:00:00+00:00
[2025-01-18T00:28:18.160+0000] {processor.py:208} INFO - Processing /home/airflow/.local/lib/python3.12/site-packages/airflow/example_dags/example_branch_labels.py took 0.111 seconds
[2025-01-18T00:28:48.557+0000] {processor.py:186} INFO - Started process (PID=21158) to work on /home/airflow/.local/lib/python3.12/site-packages/airflow/example_dags/example_branch_labels.py
[2025-01-18T00:28:48.558+0000] {processor.py:914} INFO - Processing file /home/airflow/.local/lib/python3.12/site-packages/airflow/example_dags/example_branch_labels.py for tasks to queue
[2025-01-18T00:28:48.560+0000] {logging_mixin.py:190} INFO - [2025-01-18T00:28:48.560+0000] {dagbag.py:588} INFO - Filling up the DagBag from /home/airflow/.local/lib/python3.12/site-packages/airflow/example_dags/example_branch_labels.py
[2025-01-18T00:28:48.571+0000] {processor.py:925} INFO - DAG(s) 'example_branch_labels' retrieved from /home/airflow/.local/lib/python3.12/site-packages/airflow/example_dags/example_branch_labels.py
[2025-01-18T00:28:48.597+0000] {logging_mixin.py:190} INFO - [2025-01-18T00:28:48.596+0000] {dag.py:3239} INFO - Sync 1 DAGs
[2025-01-18T00:28:48.627+0000] {logging_mixin.py:190} INFO - [2025-01-18T00:28:48.627+0000] {dag.py:4180} INFO - Setting next_dagrun for example_branch_labels to 2025-01-17 00:00:00+00:00, run_after=2025-01-18 00:00:00+00:00
[2025-01-18T00:28:48.650+0000] {processor.py:208} INFO - Processing /home/airflow/.local/lib/python3.12/site-packages/airflow/example_dags/example_branch_labels.py took 0.099 seconds
[2025-01-18T00:29:19.035+0000] {processor.py:186} INFO - Started process (PID=21225) to work on /home/airflow/.local/lib/python3.12/site-packages/airflow/example_dags/example_branch_labels.py
[2025-01-18T00:29:19.036+0000] {processor.py:914} INFO - Processing file /home/airflow/.local/lib/python3.12/site-packages/airflow/example_dags/example_branch_labels.py for tasks to queue
[2025-01-18T00:29:19.039+0000] {logging_mixin.py:190} INFO - [2025-01-18T00:29:19.038+0000] {dagbag.py:588} INFO - Filling up the DagBag from /home/airflow/.local/lib/python3.12/site-packages/airflow/example_dags/example_branch_labels.py
[2025-01-18T00:29:19.049+0000] {processor.py:925} INFO - DAG(s) 'example_branch_labels' retrieved from /home/airflow/.local/lib/python3.12/site-packages/airflow/example_dags/example_branch_labels.py
[2025-01-18T00:29:19.073+0000] {logging_mixin.py:190} INFO - [2025-01-18T00:29:19.072+0000] {dag.py:3239} INFO - Sync 1 DAGs
[2025-01-18T00:29:19.099+0000] {logging_mixin.py:190} INFO - [2025-01-18T00:29:19.099+0000] {dag.py:4180} INFO - Setting next_dagrun for example_branch_labels to 2025-01-17 00:00:00+00:00, run_after=2025-01-18 00:00:00+00:00
[2025-01-18T00:29:19.120+0000] {processor.py:208} INFO - Processing /home/airflow/.local/lib/python3.12/site-packages/airflow/example_dags/example_branch_labels.py took 0.092 seconds
[2025-01-18T00:29:49.965+0000] {processor.py:186} INFO - Started process (PID=21292) to work on /home/airflow/.local/lib/python3.12/site-packages/airflow/example_dags/example_branch_labels.py
[2025-01-18T00:29:49.967+0000] {processor.py:914} INFO - Processing file /home/airflow/.local/lib/python3.12/site-packages/airflow/example_dags/example_branch_labels.py for tasks to queue
[2025-01-18T00:29:49.969+0000] {logging_mixin.py:190} INFO - [2025-01-18T00:29:49.969+0000] {dagbag.py:588} INFO - Filling up the DagBag from /home/airflow/.local/lib/python3.12/site-packages/airflow/example_dags/example_branch_labels.py
[2025-01-18T00:29:49.979+0000] {processor.py:925} INFO - DAG(s) 'example_branch_labels' retrieved from /home/airflow/.local/lib/python3.12/site-packages/airflow/example_dags/example_branch_labels.py
[2025-01-18T00:29:50.000+0000] {logging_mixin.py:190} INFO - [2025-01-18T00:29:50.000+0000] {dag.py:3239} INFO - Sync 1 DAGs
[2025-01-18T00:29:50.026+0000] {logging_mixin.py:190} INFO - [2025-01-18T00:29:50.025+0000] {dag.py:4180} INFO - Setting next_dagrun for example_branch_labels to 2025-01-17 00:00:00+00:00, run_after=2025-01-18 00:00:00+00:00
[2025-01-18T00:29:50.051+0000] {processor.py:208} INFO - Processing /home/airflow/.local/lib/python3.12/site-packages/airflow/example_dags/example_branch_labels.py took 0.091 seconds
[2025-01-18T00:30:20.493+0000] {processor.py:186} INFO - Started process (PID=21359) to work on /home/airflow/.local/lib/python3.12/site-packages/airflow/example_dags/example_branch_labels.py
[2025-01-18T00:30:20.495+0000] {processor.py:914} INFO - Processing file /home/airflow/.local/lib/python3.12/site-packages/airflow/example_dags/example_branch_labels.py for tasks to queue
[2025-01-18T00:30:20.497+0000] {logging_mixin.py:190} INFO - [2025-01-18T00:30:20.497+0000] {dagbag.py:588} INFO - Filling up the DagBag from /home/airflow/.local/lib/python3.12/site-packages/airflow/example_dags/example_branch_labels.py
[2025-01-18T00:30:20.508+0000] {processor.py:925} INFO - DAG(s) 'example_branch_labels' retrieved from /home/airflow/.local/lib/python3.12/site-packages/airflow/example_dags/example_branch_labels.py
[2025-01-18T00:30:20.535+0000] {logging_mixin.py:190} INFO - [2025-01-18T00:30:20.534+0000] {dag.py:3239} INFO - Sync 1 DAGs
[2025-01-18T00:30:20.565+0000] {logging_mixin.py:190} INFO - [2025-01-18T00:30:20.564+0000] {dag.py:4180} INFO - Setting next_dagrun for example_branch_labels to 2025-01-17 00:00:00+00:00, run_after=2025-01-18 00:00:00+00:00
[2025-01-18T00:30:20.592+0000] {processor.py:208} INFO - Processing /home/airflow/.local/lib/python3.12/site-packages/airflow/example_dags/example_branch_labels.py took 0.105 seconds
[2025-01-18T00:30:51.041+0000] {processor.py:186} INFO - Started process (PID=21432) to work on /home/airflow/.local/lib/python3.12/site-packages/airflow/example_dags/example_branch_labels.py
[2025-01-18T00:30:51.042+0000] {processor.py:914} INFO - Processing file /home/airflow/.local/lib/python3.12/site-packages/airflow/example_dags/example_branch_labels.py for tasks to queue
[2025-01-18T00:30:51.044+0000] {logging_mixin.py:190} INFO - [2025-01-18T00:30:51.044+0000] {dagbag.py:588} INFO - Filling up the DagBag from /home/airflow/.local/lib/python3.12/site-packages/airflow/example_dags/example_branch_labels.py
[2025-01-18T00:30:51.053+0000] {processor.py:925} INFO - DAG(s) 'example_branch_labels' retrieved from /home/airflow/.local/lib/python3.12/site-packages/airflow/example_dags/example_branch_labels.py
[2025-01-18T00:30:51.075+0000] {logging_mixin.py:190} INFO - [2025-01-18T00:30:51.075+0000] {dag.py:3239} INFO - Sync 1 DAGs
[2025-01-18T00:30:51.101+0000] {logging_mixin.py:190} INFO - [2025-01-18T00:30:51.101+0000] {dag.py:4180} INFO - Setting next_dagrun for example_branch_labels to 2025-01-17 00:00:00+00:00, run_after=2025-01-18 00:00:00+00:00
[2025-01-18T00:30:51.126+0000] {processor.py:208} INFO - Processing /home/airflow/.local/lib/python3.12/site-packages/airflow/example_dags/example_branch_labels.py took 0.090 seconds
[2025-01-18T00:31:21.166+0000] {processor.py:186} INFO - Started process (PID=21498) to work on /home/airflow/.local/lib/python3.12/site-packages/airflow/example_dags/example_branch_labels.py
[2025-01-18T00:31:21.176+0000] {processor.py:914} INFO - Processing file /home/airflow/.local/lib/python3.12/site-packages/airflow/example_dags/example_branch_labels.py for tasks to queue
[2025-01-18T00:31:21.179+0000] {logging_mixin.py:190} INFO - [2025-01-18T00:31:21.178+0000] {dagbag.py:588} INFO - Filling up the DagBag from /home/airflow/.local/lib/python3.12/site-packages/airflow/example_dags/example_branch_labels.py
[2025-01-18T00:31:21.188+0000] {processor.py:925} INFO - DAG(s) 'example_branch_labels' retrieved from /home/airflow/.local/lib/python3.12/site-packages/airflow/example_dags/example_branch_labels.py
[2025-01-18T00:31:21.211+0000] {logging_mixin.py:190} INFO - [2025-01-18T00:31:21.210+0000] {dag.py:3239} INFO - Sync 1 DAGs
[2025-01-18T00:31:21.241+0000] {logging_mixin.py:190} INFO - [2025-01-18T00:31:21.241+0000] {dag.py:4180} INFO - Setting next_dagrun for example_branch_labels to 2025-01-17 00:00:00+00:00, run_after=2025-01-18 00:00:00+00:00
[2025-01-18T00:31:21.265+0000] {processor.py:208} INFO - Processing /home/airflow/.local/lib/python3.12/site-packages/airflow/example_dags/example_branch_labels.py took 0.106 seconds
[2025-01-18T00:31:51.616+0000] {processor.py:186} INFO - Started process (PID=21566) to work on /home/airflow/.local/lib/python3.12/site-packages/airflow/example_dags/example_branch_labels.py
[2025-01-18T00:31:51.617+0000] {processor.py:914} INFO - Processing file /home/airflow/.local/lib/python3.12/site-packages/airflow/example_dags/example_branch_labels.py for tasks to queue
[2025-01-18T00:31:51.619+0000] {logging_mixin.py:190} INFO - [2025-01-18T00:31:51.618+0000] {dagbag.py:588} INFO - Filling up the DagBag from /home/airflow/.local/lib/python3.12/site-packages/airflow/example_dags/example_branch_labels.py
[2025-01-18T00:31:51.629+0000] {processor.py:925} INFO - DAG(s) 'example_branch_labels' retrieved from /home/airflow/.local/lib/python3.12/site-packages/airflow/example_dags/example_branch_labels.py
[2025-01-18T00:31:51.652+0000] {logging_mixin.py:190} INFO - [2025-01-18T00:31:51.651+0000] {dag.py:3239} INFO - Sync 1 DAGs
[2025-01-18T00:31:51.680+0000] {logging_mixin.py:190} INFO - [2025-01-18T00:31:51.680+0000] {dag.py:4180} INFO - Setting next_dagrun for example_branch_labels to 2025-01-17 00:00:00+00:00, run_after=2025-01-18 00:00:00+00:00
[2025-01-18T00:31:51.704+0000] {processor.py:208} INFO - Processing /home/airflow/.local/lib/python3.12/site-packages/airflow/example_dags/example_branch_labels.py took 0.094 seconds
[2025-01-18T00:32:22.237+0000] {processor.py:186} INFO - Started process (PID=21633) to work on /home/airflow/.local/lib/python3.12/site-packages/airflow/example_dags/example_branch_labels.py
[2025-01-18T00:32:22.238+0000] {processor.py:914} INFO - Processing file /home/airflow/.local/lib/python3.12/site-packages/airflow/example_dags/example_branch_labels.py for tasks to queue
[2025-01-18T00:32:22.240+0000] {logging_mixin.py:190} INFO - [2025-01-18T00:32:22.239+0000] {dagbag.py:588} INFO - Filling up the DagBag from /home/airflow/.local/lib/python3.12/site-packages/airflow/example_dags/example_branch_labels.py
[2025-01-18T00:32:22.250+0000] {processor.py:925} INFO - DAG(s) 'example_branch_labels' retrieved from /home/airflow/.local/lib/python3.12/site-packages/airflow/example_dags/example_branch_labels.py
[2025-01-18T00:32:22.274+0000] {logging_mixin.py:190} INFO - [2025-01-18T00:32:22.274+0000] {dag.py:3239} INFO - Sync 1 DAGs
[2025-01-18T00:32:22.307+0000] {logging_mixin.py:190} INFO - [2025-01-18T00:32:22.307+0000] {dag.py:4180} INFO - Setting next_dagrun for example_branch_labels to 2025-01-17 00:00:00+00:00, run_after=2025-01-18 00:00:00+00:00
[2025-01-18T00:32:22.333+0000] {processor.py:208} INFO - Processing /home/airflow/.local/lib/python3.12/site-packages/airflow/example_dags/example_branch_labels.py took 0.101 seconds
[2025-01-18T00:32:53.164+0000] {processor.py:186} INFO - Started process (PID=21700) to work on /home/airflow/.local/lib/python3.12/site-packages/airflow/example_dags/example_branch_labels.py
[2025-01-18T00:32:53.165+0000] {processor.py:914} INFO - Processing file /home/airflow/.local/lib/python3.12/site-packages/airflow/example_dags/example_branch_labels.py for tasks to queue
[2025-01-18T00:32:53.167+0000] {logging_mixin.py:190} INFO - [2025-01-18T00:32:53.167+0000] {dagbag.py:588} INFO - Filling up the DagBag from /home/airflow/.local/lib/python3.12/site-packages/airflow/example_dags/example_branch_labels.py
[2025-01-18T00:32:53.177+0000] {processor.py:925} INFO - DAG(s) 'example_branch_labels' retrieved from /home/airflow/.local/lib/python3.12/site-packages/airflow/example_dags/example_branch_labels.py
[2025-01-18T00:32:53.200+0000] {logging_mixin.py:190} INFO - [2025-01-18T00:32:53.200+0000] {dag.py:3239} INFO - Sync 1 DAGs
[2025-01-18T00:32:53.230+0000] {logging_mixin.py:190} INFO - [2025-01-18T00:32:53.229+0000] {dag.py:4180} INFO - Setting next_dagrun for example_branch_labels to 2025-01-17 00:00:00+00:00, run_after=2025-01-18 00:00:00+00:00
[2025-01-18T00:32:53.253+0000] {processor.py:208} INFO - Processing /home/airflow/.local/lib/python3.12/site-packages/airflow/example_dags/example_branch_labels.py took 0.094 seconds
[2025-01-18T00:33:23.426+0000] {processor.py:186} INFO - Started process (PID=21767) to work on /home/airflow/.local/lib/python3.12/site-packages/airflow/example_dags/example_branch_labels.py
[2025-01-18T00:33:23.427+0000] {processor.py:914} INFO - Processing file /home/airflow/.local/lib/python3.12/site-packages/airflow/example_dags/example_branch_labels.py for tasks to queue
[2025-01-18T00:33:23.429+0000] {logging_mixin.py:190} INFO - [2025-01-18T00:33:23.429+0000] {dagbag.py:588} INFO - Filling up the DagBag from /home/airflow/.local/lib/python3.12/site-packages/airflow/example_dags/example_branch_labels.py
[2025-01-18T00:33:23.438+0000] {processor.py:925} INFO - DAG(s) 'example_branch_labels' retrieved from /home/airflow/.local/lib/python3.12/site-packages/airflow/example_dags/example_branch_labels.py
[2025-01-18T00:33:23.460+0000] {logging_mixin.py:190} INFO - [2025-01-18T00:33:23.459+0000] {dag.py:3239} INFO - Sync 1 DAGs
[2025-01-18T00:33:23.489+0000] {logging_mixin.py:190} INFO - [2025-01-18T00:33:23.489+0000] {dag.py:4180} INFO - Setting next_dagrun for example_branch_labels to 2025-01-17 00:00:00+00:00, run_after=2025-01-18 00:00:00+00:00
[2025-01-18T00:33:23.511+0000] {processor.py:208} INFO - Processing /home/airflow/.local/lib/python3.12/site-packages/airflow/example_dags/example_branch_labels.py took 0.090 seconds
[2025-01-18T00:33:53.544+0000] {processor.py:186} INFO - Started process (PID=21833) to work on /home/airflow/.local/lib/python3.12/site-packages/airflow/example_dags/example_branch_labels.py
[2025-01-18T00:33:53.545+0000] {processor.py:914} INFO - Processing file /home/airflow/.local/lib/python3.12/site-packages/airflow/example_dags/example_branch_labels.py for tasks to queue
[2025-01-18T00:33:53.547+0000] {logging_mixin.py:190} INFO - [2025-01-18T00:33:53.547+0000] {dagbag.py:588} INFO - Filling up the DagBag from /home/airflow/.local/lib/python3.12/site-packages/airflow/example_dags/example_branch_labels.py
[2025-01-18T00:33:53.557+0000] {processor.py:925} INFO - DAG(s) 'example_branch_labels' retrieved from /home/airflow/.local/lib/python3.12/site-packages/airflow/example_dags/example_branch_labels.py
[2025-01-18T00:33:53.579+0000] {logging_mixin.py:190} INFO - [2025-01-18T00:33:53.578+0000] {dag.py:3239} INFO - Sync 1 DAGs
[2025-01-18T00:33:53.611+0000] {logging_mixin.py:190} INFO - [2025-01-18T00:33:53.611+0000] {dag.py:4180} INFO - Setting next_dagrun for example_branch_labels to 2025-01-17 00:00:00+00:00, run_after=2025-01-18 00:00:00+00:00
[2025-01-18T00:33:53.632+0000] {processor.py:208} INFO - Processing /home/airflow/.local/lib/python3.12/site-packages/airflow/example_dags/example_branch_labels.py took 0.094 seconds
[2025-01-18T00:34:23.714+0000] {processor.py:186} INFO - Started process (PID=21900) to work on /home/airflow/.local/lib/python3.12/site-packages/airflow/example_dags/example_branch_labels.py
[2025-01-18T00:34:23.725+0000] {processor.py:914} INFO - Processing file /home/airflow/.local/lib/python3.12/site-packages/airflow/example_dags/example_branch_labels.py for tasks to queue
[2025-01-18T00:34:23.729+0000] {logging_mixin.py:190} INFO - [2025-01-18T00:34:23.728+0000] {dagbag.py:588} INFO - Filling up the DagBag from /home/airflow/.local/lib/python3.12/site-packages/airflow/example_dags/example_branch_labels.py
[2025-01-18T00:34:23.742+0000] {processor.py:925} INFO - DAG(s) 'example_branch_labels' retrieved from /home/airflow/.local/lib/python3.12/site-packages/airflow/example_dags/example_branch_labels.py
[2025-01-18T00:34:23.768+0000] {logging_mixin.py:190} INFO - [2025-01-18T00:34:23.768+0000] {dag.py:3239} INFO - Sync 1 DAGs
[2025-01-18T00:34:23.800+0000] {logging_mixin.py:190} INFO - [2025-01-18T00:34:23.799+0000] {dag.py:4180} INFO - Setting next_dagrun for example_branch_labels to 2025-01-17 00:00:00+00:00, run_after=2025-01-18 00:00:00+00:00
[2025-01-18T00:34:23.826+0000] {processor.py:208} INFO - Processing /home/airflow/.local/lib/python3.12/site-packages/airflow/example_dags/example_branch_labels.py took 0.119 seconds
[2025-01-18T00:34:54.200+0000] {processor.py:186} INFO - Started process (PID=21968) to work on /home/airflow/.local/lib/python3.12/site-packages/airflow/example_dags/example_branch_labels.py
[2025-01-18T00:34:54.201+0000] {processor.py:914} INFO - Processing file /home/airflow/.local/lib/python3.12/site-packages/airflow/example_dags/example_branch_labels.py for tasks to queue
[2025-01-18T00:34:54.203+0000] {logging_mixin.py:190} INFO - [2025-01-18T00:34:54.203+0000] {dagbag.py:588} INFO - Filling up the DagBag from /home/airflow/.local/lib/python3.12/site-packages/airflow/example_dags/example_branch_labels.py
[2025-01-18T00:34:54.215+0000] {processor.py:925} INFO - DAG(s) 'example_branch_labels' retrieved from /home/airflow/.local/lib/python3.12/site-packages/airflow/example_dags/example_branch_labels.py
[2025-01-18T00:34:54.240+0000] {logging_mixin.py:190} INFO - [2025-01-18T00:34:54.239+0000] {dag.py:3239} INFO - Sync 1 DAGs
[2025-01-18T00:34:54.274+0000] {logging_mixin.py:190} INFO - [2025-01-18T00:34:54.273+0000] {dag.py:4180} INFO - Setting next_dagrun for example_branch_labels to 2025-01-17 00:00:00+00:00, run_after=2025-01-18 00:00:00+00:00
[2025-01-18T00:34:54.300+0000] {processor.py:208} INFO - Processing /home/airflow/.local/lib/python3.12/site-packages/airflow/example_dags/example_branch_labels.py took 0.108 seconds
[2025-01-18T00:35:24.561+0000] {processor.py:186} INFO - Started process (PID=22041) to work on /home/airflow/.local/lib/python3.12/site-packages/airflow/example_dags/example_branch_labels.py
[2025-01-18T00:35:24.562+0000] {processor.py:914} INFO - Processing file /home/airflow/.local/lib/python3.12/site-packages/airflow/example_dags/example_branch_labels.py for tasks to queue
[2025-01-18T00:35:24.565+0000] {logging_mixin.py:190} INFO - [2025-01-18T00:35:24.565+0000] {dagbag.py:588} INFO - Filling up the DagBag from /home/airflow/.local/lib/python3.12/site-packages/airflow/example_dags/example_branch_labels.py
[2025-01-18T00:35:24.576+0000] {processor.py:925} INFO - DAG(s) 'example_branch_labels' retrieved from /home/airflow/.local/lib/python3.12/site-packages/airflow/example_dags/example_branch_labels.py
[2025-01-18T00:35:24.597+0000] {logging_mixin.py:190} INFO - [2025-01-18T00:35:24.597+0000] {dag.py:3239} INFO - Sync 1 DAGs
[2025-01-18T00:35:24.621+0000] {logging_mixin.py:190} INFO - [2025-01-18T00:35:24.621+0000] {dag.py:4180} INFO - Setting next_dagrun for example_branch_labels to 2025-01-17 00:00:00+00:00, run_after=2025-01-18 00:00:00+00:00
[2025-01-18T00:35:24.649+0000] {processor.py:208} INFO - Processing /home/airflow/.local/lib/python3.12/site-packages/airflow/example_dags/example_branch_labels.py took 0.093 seconds
