[2025-01-18T00:00:12.820+0000] {processor.py:186} INFO - Started process (PID=17366) to work on /home/airflow/.local/lib/python3.12/site-packages/airflow/example_dags/example_latest_only_with_trigger.py
[2025-01-18T00:00:12.822+0000] {processor.py:914} INFO - Processing file /home/airflow/.local/lib/python3.12/site-packages/airflow/example_dags/example_latest_only_with_trigger.py for tasks to queue
[2025-01-18T00:00:12.827+0000] {logging_mixin.py:190} INFO - [2025-01-18T00:00:12.827+0000] {dagbag.py:588} INFO - Filling up the DagBag from /home/airflow/.local/lib/python3.12/site-packages/airflow/example_dags/example_latest_only_with_trigger.py
[2025-01-18T00:00:12.842+0000] {processor.py:925} INFO - DAG(s) 'latest_only_with_trigger' retrieved from /home/airflow/.local/lib/python3.12/site-packages/airflow/example_dags/example_latest_only_with_trigger.py
[2025-01-18T00:00:12.870+0000] {logging_mixin.py:190} INFO - [2025-01-18T00:00:12.869+0000] {dag.py:3239} INFO - Sync 1 DAGs
[2025-01-18T00:00:12.901+0000] {logging_mixin.py:190} INFO - [2025-01-18T00:00:12.900+0000] {dag.py:4180} INFO - Setting next_dagrun for latest_only_with_trigger to 2025-01-17 20:00:00+00:00, run_after=2025-01-18 00:00:00+00:00
[2025-01-18T00:00:12.925+0000] {processor.py:208} INFO - Processing /home/airflow/.local/lib/python3.12/site-packages/airflow/example_dags/example_latest_only_with_trigger.py took 0.113 seconds
[2025-01-18T00:00:43.021+0000] {processor.py:186} INFO - Started process (PID=17433) to work on /home/airflow/.local/lib/python3.12/site-packages/airflow/example_dags/example_latest_only_with_trigger.py
[2025-01-18T00:00:43.022+0000] {processor.py:914} INFO - Processing file /home/airflow/.local/lib/python3.12/site-packages/airflow/example_dags/example_latest_only_with_trigger.py for tasks to queue
[2025-01-18T00:00:43.024+0000] {logging_mixin.py:190} INFO - [2025-01-18T00:00:43.024+0000] {dagbag.py:588} INFO - Filling up the DagBag from /home/airflow/.local/lib/python3.12/site-packages/airflow/example_dags/example_latest_only_with_trigger.py
[2025-01-18T00:00:43.032+0000] {processor.py:925} INFO - DAG(s) 'latest_only_with_trigger' retrieved from /home/airflow/.local/lib/python3.12/site-packages/airflow/example_dags/example_latest_only_with_trigger.py
[2025-01-18T00:00:43.056+0000] {logging_mixin.py:190} INFO - [2025-01-18T00:00:43.056+0000] {dag.py:3239} INFO - Sync 1 DAGs
[2025-01-18T00:00:43.087+0000] {logging_mixin.py:190} INFO - [2025-01-18T00:00:43.087+0000] {dag.py:4180} INFO - Setting next_dagrun for latest_only_with_trigger to 2025-01-17 20:00:00+00:00, run_after=2025-01-18 00:00:00+00:00
[2025-01-18T00:00:43.111+0000] {processor.py:208} INFO - Processing /home/airflow/.local/lib/python3.12/site-packages/airflow/example_dags/example_latest_only_with_trigger.py took 0.097 seconds
[2025-01-18T00:01:13.939+0000] {processor.py:186} INFO - Started process (PID=17500) to work on /home/airflow/.local/lib/python3.12/site-packages/airflow/example_dags/example_latest_only_with_trigger.py
[2025-01-18T00:01:13.940+0000] {processor.py:914} INFO - Processing file /home/airflow/.local/lib/python3.12/site-packages/airflow/example_dags/example_latest_only_with_trigger.py for tasks to queue
[2025-01-18T00:01:13.942+0000] {logging_mixin.py:190} INFO - [2025-01-18T00:01:13.941+0000] {dagbag.py:588} INFO - Filling up the DagBag from /home/airflow/.local/lib/python3.12/site-packages/airflow/example_dags/example_latest_only_with_trigger.py
[2025-01-18T00:01:13.950+0000] {processor.py:925} INFO - DAG(s) 'latest_only_with_trigger' retrieved from /home/airflow/.local/lib/python3.12/site-packages/airflow/example_dags/example_latest_only_with_trigger.py
[2025-01-18T00:01:13.975+0000] {logging_mixin.py:190} INFO - [2025-01-18T00:01:13.975+0000] {dag.py:3239} INFO - Sync 1 DAGs
[2025-01-18T00:01:14.005+0000] {logging_mixin.py:190} INFO - [2025-01-18T00:01:14.005+0000] {dag.py:4180} INFO - Setting next_dagrun for latest_only_with_trigger to 2025-01-17 20:00:00+00:00, run_after=2025-01-18 00:00:00+00:00
[2025-01-18T00:01:14.027+0000] {processor.py:208} INFO - Processing /home/airflow/.local/lib/python3.12/site-packages/airflow/example_dags/example_latest_only_with_trigger.py took 0.094 seconds
[2025-01-18T00:01:44.363+0000] {processor.py:186} INFO - Started process (PID=17573) to work on /home/airflow/.local/lib/python3.12/site-packages/airflow/example_dags/example_latest_only_with_trigger.py
[2025-01-18T00:01:44.364+0000] {processor.py:914} INFO - Processing file /home/airflow/.local/lib/python3.12/site-packages/airflow/example_dags/example_latest_only_with_trigger.py for tasks to queue
[2025-01-18T00:01:44.366+0000] {logging_mixin.py:190} INFO - [2025-01-18T00:01:44.366+0000] {dagbag.py:588} INFO - Filling up the DagBag from /home/airflow/.local/lib/python3.12/site-packages/airflow/example_dags/example_latest_only_with_trigger.py
[2025-01-18T00:01:44.377+0000] {processor.py:925} INFO - DAG(s) 'latest_only_with_trigger' retrieved from /home/airflow/.local/lib/python3.12/site-packages/airflow/example_dags/example_latest_only_with_trigger.py
[2025-01-18T00:01:44.419+0000] {logging_mixin.py:190} INFO - [2025-01-18T00:01:44.418+0000] {dag.py:3239} INFO - Sync 1 DAGs
[2025-01-18T00:01:44.461+0000] {logging_mixin.py:190} INFO - [2025-01-18T00:01:44.461+0000] {dag.py:4180} INFO - Setting next_dagrun for latest_only_with_trigger to 2025-01-17 20:00:00+00:00, run_after=2025-01-18 00:00:00+00:00
[2025-01-18T00:01:44.496+0000] {processor.py:208} INFO - Processing /home/airflow/.local/lib/python3.12/site-packages/airflow/example_dags/example_latest_only_with_trigger.py took 0.140 seconds
[2025-01-18T00:02:15.109+0000] {processor.py:186} INFO - Started process (PID=17640) to work on /home/airflow/.local/lib/python3.12/site-packages/airflow/example_dags/example_latest_only_with_trigger.py
[2025-01-18T00:02:15.111+0000] {processor.py:914} INFO - Processing file /home/airflow/.local/lib/python3.12/site-packages/airflow/example_dags/example_latest_only_with_trigger.py for tasks to queue
[2025-01-18T00:02:15.114+0000] {logging_mixin.py:190} INFO - [2025-01-18T00:02:15.113+0000] {dagbag.py:588} INFO - Filling up the DagBag from /home/airflow/.local/lib/python3.12/site-packages/airflow/example_dags/example_latest_only_with_trigger.py
[2025-01-18T00:02:15.122+0000] {processor.py:925} INFO - DAG(s) 'latest_only_with_trigger' retrieved from /home/airflow/.local/lib/python3.12/site-packages/airflow/example_dags/example_latest_only_with_trigger.py
[2025-01-18T00:02:15.146+0000] {logging_mixin.py:190} INFO - [2025-01-18T00:02:15.146+0000] {dag.py:3239} INFO - Sync 1 DAGs
[2025-01-18T00:02:15.178+0000] {logging_mixin.py:190} INFO - [2025-01-18T00:02:15.178+0000] {dag.py:4180} INFO - Setting next_dagrun for latest_only_with_trigger to 2025-01-17 20:00:00+00:00, run_after=2025-01-18 00:00:00+00:00
[2025-01-18T00:02:15.204+0000] {processor.py:208} INFO - Processing /home/airflow/.local/lib/python3.12/site-packages/airflow/example_dags/example_latest_only_with_trigger.py took 0.103 seconds
[2025-01-18T00:02:45.491+0000] {processor.py:186} INFO - Started process (PID=17708) to work on /home/airflow/.local/lib/python3.12/site-packages/airflow/example_dags/example_latest_only_with_trigger.py
[2025-01-18T00:02:45.492+0000] {processor.py:914} INFO - Processing file /home/airflow/.local/lib/python3.12/site-packages/airflow/example_dags/example_latest_only_with_trigger.py for tasks to queue
[2025-01-18T00:02:45.494+0000] {logging_mixin.py:190} INFO - [2025-01-18T00:02:45.494+0000] {dagbag.py:588} INFO - Filling up the DagBag from /home/airflow/.local/lib/python3.12/site-packages/airflow/example_dags/example_latest_only_with_trigger.py
[2025-01-18T00:02:45.503+0000] {processor.py:925} INFO - DAG(s) 'latest_only_with_trigger' retrieved from /home/airflow/.local/lib/python3.12/site-packages/airflow/example_dags/example_latest_only_with_trigger.py
[2025-01-18T00:02:45.529+0000] {logging_mixin.py:190} INFO - [2025-01-18T00:02:45.528+0000] {dag.py:3239} INFO - Sync 1 DAGs
[2025-01-18T00:02:45.563+0000] {logging_mixin.py:190} INFO - [2025-01-18T00:02:45.563+0000] {dag.py:4180} INFO - Setting next_dagrun for latest_only_with_trigger to 2025-01-17 20:00:00+00:00, run_after=2025-01-18 00:00:00+00:00
[2025-01-18T00:02:45.587+0000] {processor.py:208} INFO - Processing /home/airflow/.local/lib/python3.12/site-packages/airflow/example_dags/example_latest_only_with_trigger.py took 0.103 seconds
[2025-01-18T00:03:15.934+0000] {processor.py:186} INFO - Started process (PID=17775) to work on /home/airflow/.local/lib/python3.12/site-packages/airflow/example_dags/example_latest_only_with_trigger.py
[2025-01-18T00:03:15.936+0000] {processor.py:914} INFO - Processing file /home/airflow/.local/lib/python3.12/site-packages/airflow/example_dags/example_latest_only_with_trigger.py for tasks to queue
[2025-01-18T00:03:15.939+0000] {logging_mixin.py:190} INFO - [2025-01-18T00:03:15.938+0000] {dagbag.py:588} INFO - Filling up the DagBag from /home/airflow/.local/lib/python3.12/site-packages/airflow/example_dags/example_latest_only_with_trigger.py
[2025-01-18T00:03:15.949+0000] {processor.py:925} INFO - DAG(s) 'latest_only_with_trigger' retrieved from /home/airflow/.local/lib/python3.12/site-packages/airflow/example_dags/example_latest_only_with_trigger.py
[2025-01-18T00:03:15.974+0000] {logging_mixin.py:190} INFO - [2025-01-18T00:03:15.973+0000] {dag.py:3239} INFO - Sync 1 DAGs
[2025-01-18T00:03:16.004+0000] {logging_mixin.py:190} INFO - [2025-01-18T00:03:16.004+0000] {dag.py:4180} INFO - Setting next_dagrun for latest_only_with_trigger to 2025-01-17 20:00:00+00:00, run_after=2025-01-18 00:00:00+00:00
[2025-01-18T00:03:16.025+0000] {processor.py:208} INFO - Processing /home/airflow/.local/lib/python3.12/site-packages/airflow/example_dags/example_latest_only_with_trigger.py took 0.097 seconds
[2025-01-18T00:03:46.551+0000] {processor.py:186} INFO - Started process (PID=17842) to work on /home/airflow/.local/lib/python3.12/site-packages/airflow/example_dags/example_latest_only_with_trigger.py
[2025-01-18T00:03:46.553+0000] {processor.py:914} INFO - Processing file /home/airflow/.local/lib/python3.12/site-packages/airflow/example_dags/example_latest_only_with_trigger.py for tasks to queue
[2025-01-18T00:03:46.556+0000] {logging_mixin.py:190} INFO - [2025-01-18T00:03:46.555+0000] {dagbag.py:588} INFO - Filling up the DagBag from /home/airflow/.local/lib/python3.12/site-packages/airflow/example_dags/example_latest_only_with_trigger.py
[2025-01-18T00:03:46.568+0000] {processor.py:925} INFO - DAG(s) 'latest_only_with_trigger' retrieved from /home/airflow/.local/lib/python3.12/site-packages/airflow/example_dags/example_latest_only_with_trigger.py
[2025-01-18T00:03:46.599+0000] {logging_mixin.py:190} INFO - [2025-01-18T00:03:46.599+0000] {dag.py:3239} INFO - Sync 1 DAGs
[2025-01-18T00:03:46.646+0000] {logging_mixin.py:190} INFO - [2025-01-18T00:03:46.646+0000] {dag.py:4180} INFO - Setting next_dagrun for latest_only_with_trigger to 2025-01-17 20:00:00+00:00, run_after=2025-01-18 00:00:00+00:00
[2025-01-18T00:03:46.679+0000] {processor.py:208} INFO - Processing /home/airflow/.local/lib/python3.12/site-packages/airflow/example_dags/example_latest_only_with_trigger.py took 0.139 seconds
[2025-01-18T00:04:16.982+0000] {processor.py:186} INFO - Started process (PID=17909) to work on /home/airflow/.local/lib/python3.12/site-packages/airflow/example_dags/example_latest_only_with_trigger.py
[2025-01-18T00:04:16.984+0000] {processor.py:914} INFO - Processing file /home/airflow/.local/lib/python3.12/site-packages/airflow/example_dags/example_latest_only_with_trigger.py for tasks to queue
[2025-01-18T00:04:16.987+0000] {logging_mixin.py:190} INFO - [2025-01-18T00:04:16.986+0000] {dagbag.py:588} INFO - Filling up the DagBag from /home/airflow/.local/lib/python3.12/site-packages/airflow/example_dags/example_latest_only_with_trigger.py
[2025-01-18T00:04:16.997+0000] {processor.py:925} INFO - DAG(s) 'latest_only_with_trigger' retrieved from /home/airflow/.local/lib/python3.12/site-packages/airflow/example_dags/example_latest_only_with_trigger.py
[2025-01-18T00:04:17.034+0000] {logging_mixin.py:190} INFO - [2025-01-18T00:04:17.033+0000] {dag.py:3239} INFO - Sync 1 DAGs
[2025-01-18T00:04:17.071+0000] {logging_mixin.py:190} INFO - [2025-01-18T00:04:17.070+0000] {dag.py:4180} INFO - Setting next_dagrun for latest_only_with_trigger to 2025-01-17 20:00:00+00:00, run_after=2025-01-18 00:00:00+00:00
[2025-01-18T00:04:17.093+0000] {processor.py:208} INFO - Processing /home/airflow/.local/lib/python3.12/site-packages/airflow/example_dags/example_latest_only_with_trigger.py took 0.120 seconds
[2025-01-18T00:04:47.140+0000] {processor.py:186} INFO - Started process (PID=17976) to work on /home/airflow/.local/lib/python3.12/site-packages/airflow/example_dags/example_latest_only_with_trigger.py
[2025-01-18T00:04:47.141+0000] {processor.py:914} INFO - Processing file /home/airflow/.local/lib/python3.12/site-packages/airflow/example_dags/example_latest_only_with_trigger.py for tasks to queue
[2025-01-18T00:04:47.144+0000] {logging_mixin.py:190} INFO - [2025-01-18T00:04:47.144+0000] {dagbag.py:588} INFO - Filling up the DagBag from /home/airflow/.local/lib/python3.12/site-packages/airflow/example_dags/example_latest_only_with_trigger.py
[2025-01-18T00:04:47.152+0000] {processor.py:925} INFO - DAG(s) 'latest_only_with_trigger' retrieved from /home/airflow/.local/lib/python3.12/site-packages/airflow/example_dags/example_latest_only_with_trigger.py
[2025-01-18T00:04:47.173+0000] {logging_mixin.py:190} INFO - [2025-01-18T00:04:47.173+0000] {dag.py:3239} INFO - Sync 1 DAGs
[2025-01-18T00:04:47.198+0000] {logging_mixin.py:190} INFO - [2025-01-18T00:04:47.198+0000] {dag.py:4180} INFO - Setting next_dagrun for latest_only_with_trigger to 2025-01-17 20:00:00+00:00, run_after=2025-01-18 00:00:00+00:00
[2025-01-18T00:04:47.215+0000] {processor.py:208} INFO - Processing /home/airflow/.local/lib/python3.12/site-packages/airflow/example_dags/example_latest_only_with_trigger.py took 0.081 seconds
[2025-01-18T00:05:17.377+0000] {processor.py:186} INFO - Started process (PID=18043) to work on /home/airflow/.local/lib/python3.12/site-packages/airflow/example_dags/example_latest_only_with_trigger.py
[2025-01-18T00:05:17.379+0000] {processor.py:914} INFO - Processing file /home/airflow/.local/lib/python3.12/site-packages/airflow/example_dags/example_latest_only_with_trigger.py for tasks to queue
[2025-01-18T00:05:17.381+0000] {logging_mixin.py:190} INFO - [2025-01-18T00:05:17.381+0000] {dagbag.py:588} INFO - Filling up the DagBag from /home/airflow/.local/lib/python3.12/site-packages/airflow/example_dags/example_latest_only_with_trigger.py
[2025-01-18T00:05:17.392+0000] {processor.py:925} INFO - DAG(s) 'latest_only_with_trigger' retrieved from /home/airflow/.local/lib/python3.12/site-packages/airflow/example_dags/example_latest_only_with_trigger.py
[2025-01-18T00:05:17.423+0000] {logging_mixin.py:190} INFO - [2025-01-18T00:05:17.422+0000] {dag.py:3239} INFO - Sync 1 DAGs
[2025-01-18T00:05:17.457+0000] {logging_mixin.py:190} INFO - [2025-01-18T00:05:17.457+0000] {dag.py:4180} INFO - Setting next_dagrun for latest_only_with_trigger to 2025-01-17 20:00:00+00:00, run_after=2025-01-18 00:00:00+00:00
[2025-01-18T00:05:17.483+0000] {processor.py:208} INFO - Processing /home/airflow/.local/lib/python3.12/site-packages/airflow/example_dags/example_latest_only_with_trigger.py took 0.113 seconds
[2025-01-18T00:05:47.956+0000] {processor.py:186} INFO - Started process (PID=18110) to work on /home/airflow/.local/lib/python3.12/site-packages/airflow/example_dags/example_latest_only_with_trigger.py
[2025-01-18T00:05:47.958+0000] {processor.py:914} INFO - Processing file /home/airflow/.local/lib/python3.12/site-packages/airflow/example_dags/example_latest_only_with_trigger.py for tasks to queue
[2025-01-18T00:05:47.961+0000] {logging_mixin.py:190} INFO - [2025-01-18T00:05:47.961+0000] {dagbag.py:588} INFO - Filling up the DagBag from /home/airflow/.local/lib/python3.12/site-packages/airflow/example_dags/example_latest_only_with_trigger.py
[2025-01-18T00:05:47.971+0000] {processor.py:925} INFO - DAG(s) 'latest_only_with_trigger' retrieved from /home/airflow/.local/lib/python3.12/site-packages/airflow/example_dags/example_latest_only_with_trigger.py
[2025-01-18T00:05:48.001+0000] {logging_mixin.py:190} INFO - [2025-01-18T00:05:48.000+0000] {dag.py:3239} INFO - Sync 1 DAGs
[2025-01-18T00:05:48.033+0000] {logging_mixin.py:190} INFO - [2025-01-18T00:05:48.033+0000] {dag.py:4180} INFO - Setting next_dagrun for latest_only_with_trigger to 2025-01-17 20:00:00+00:00, run_after=2025-01-18 00:00:00+00:00
[2025-01-18T00:05:48.057+0000] {processor.py:208} INFO - Processing /home/airflow/.local/lib/python3.12/site-packages/airflow/example_dags/example_latest_only_with_trigger.py took 0.118 seconds
[2025-01-18T00:06:18.263+0000] {processor.py:186} INFO - Started process (PID=18184) to work on /home/airflow/.local/lib/python3.12/site-packages/airflow/example_dags/example_latest_only_with_trigger.py
[2025-01-18T00:06:18.265+0000] {processor.py:914} INFO - Processing file /home/airflow/.local/lib/python3.12/site-packages/airflow/example_dags/example_latest_only_with_trigger.py for tasks to queue
[2025-01-18T00:06:18.267+0000] {logging_mixin.py:190} INFO - [2025-01-18T00:06:18.267+0000] {dagbag.py:588} INFO - Filling up the DagBag from /home/airflow/.local/lib/python3.12/site-packages/airflow/example_dags/example_latest_only_with_trigger.py
[2025-01-18T00:06:18.275+0000] {processor.py:925} INFO - DAG(s) 'latest_only_with_trigger' retrieved from /home/airflow/.local/lib/python3.12/site-packages/airflow/example_dags/example_latest_only_with_trigger.py
[2025-01-18T00:06:18.297+0000] {logging_mixin.py:190} INFO - [2025-01-18T00:06:18.297+0000] {dag.py:3239} INFO - Sync 1 DAGs
[2025-01-18T00:06:18.322+0000] {logging_mixin.py:190} INFO - [2025-01-18T00:06:18.321+0000] {dag.py:4180} INFO - Setting next_dagrun for latest_only_with_trigger to 2025-01-17 20:00:00+00:00, run_after=2025-01-18 00:00:00+00:00
[2025-01-18T00:06:18.341+0000] {processor.py:208} INFO - Processing /home/airflow/.local/lib/python3.12/site-packages/airflow/example_dags/example_latest_only_with_trigger.py took 0.084 seconds
[2025-01-18T00:06:49.586+0000] {processor.py:186} INFO - Started process (PID=18251) to work on /home/airflow/.local/lib/python3.12/site-packages/airflow/example_dags/example_latest_only_with_trigger.py
[2025-01-18T00:06:49.587+0000] {processor.py:914} INFO - Processing file /home/airflow/.local/lib/python3.12/site-packages/airflow/example_dags/example_latest_only_with_trigger.py for tasks to queue
[2025-01-18T00:06:49.591+0000] {logging_mixin.py:190} INFO - [2025-01-18T00:06:49.590+0000] {dagbag.py:588} INFO - Filling up the DagBag from /home/airflow/.local/lib/python3.12/site-packages/airflow/example_dags/example_latest_only_with_trigger.py
[2025-01-18T00:06:49.601+0000] {processor.py:925} INFO - DAG(s) 'latest_only_with_trigger' retrieved from /home/airflow/.local/lib/python3.12/site-packages/airflow/example_dags/example_latest_only_with_trigger.py
[2025-01-18T00:06:49.624+0000] {logging_mixin.py:190} INFO - [2025-01-18T00:06:49.623+0000] {dag.py:3239} INFO - Sync 1 DAGs
[2025-01-18T00:06:49.652+0000] {logging_mixin.py:190} INFO - [2025-01-18T00:06:49.652+0000] {dag.py:4180} INFO - Setting next_dagrun for latest_only_with_trigger to 2025-01-17 20:00:00+00:00, run_after=2025-01-18 00:00:00+00:00
[2025-01-18T00:06:49.675+0000] {processor.py:208} INFO - Processing /home/airflow/.local/lib/python3.12/site-packages/airflow/example_dags/example_latest_only_with_trigger.py took 0.095 seconds
[2025-01-18T00:07:20.335+0000] {processor.py:186} INFO - Started process (PID=18317) to work on /home/airflow/.local/lib/python3.12/site-packages/airflow/example_dags/example_latest_only_with_trigger.py
[2025-01-18T00:07:20.337+0000] {processor.py:914} INFO - Processing file /home/airflow/.local/lib/python3.12/site-packages/airflow/example_dags/example_latest_only_with_trigger.py for tasks to queue
[2025-01-18T00:07:20.340+0000] {logging_mixin.py:190} INFO - [2025-01-18T00:07:20.340+0000] {dagbag.py:588} INFO - Filling up the DagBag from /home/airflow/.local/lib/python3.12/site-packages/airflow/example_dags/example_latest_only_with_trigger.py
[2025-01-18T00:07:20.352+0000] {processor.py:925} INFO - DAG(s) 'latest_only_with_trigger' retrieved from /home/airflow/.local/lib/python3.12/site-packages/airflow/example_dags/example_latest_only_with_trigger.py
[2025-01-18T00:07:20.382+0000] {logging_mixin.py:190} INFO - [2025-01-18T00:07:20.381+0000] {dag.py:3239} INFO - Sync 1 DAGs
[2025-01-18T00:07:20.413+0000] {logging_mixin.py:190} INFO - [2025-01-18T00:07:20.413+0000] {dag.py:4180} INFO - Setting next_dagrun for latest_only_with_trigger to 2025-01-17 20:00:00+00:00, run_after=2025-01-18 00:00:00+00:00
[2025-01-18T00:07:20.439+0000] {processor.py:208} INFO - Processing /home/airflow/.local/lib/python3.12/site-packages/airflow/example_dags/example_latest_only_with_trigger.py took 0.113 seconds
[2025-01-18T00:07:51.120+0000] {processor.py:186} INFO - Started process (PID=18385) to work on /home/airflow/.local/lib/python3.12/site-packages/airflow/example_dags/example_latest_only_with_trigger.py
[2025-01-18T00:07:51.121+0000] {processor.py:914} INFO - Processing file /home/airflow/.local/lib/python3.12/site-packages/airflow/example_dags/example_latest_only_with_trigger.py for tasks to queue
[2025-01-18T00:07:51.125+0000] {logging_mixin.py:190} INFO - [2025-01-18T00:07:51.124+0000] {dagbag.py:588} INFO - Filling up the DagBag from /home/airflow/.local/lib/python3.12/site-packages/airflow/example_dags/example_latest_only_with_trigger.py
[2025-01-18T00:07:51.134+0000] {processor.py:925} INFO - DAG(s) 'latest_only_with_trigger' retrieved from /home/airflow/.local/lib/python3.12/site-packages/airflow/example_dags/example_latest_only_with_trigger.py
[2025-01-18T00:07:51.159+0000] {logging_mixin.py:190} INFO - [2025-01-18T00:07:51.159+0000] {dag.py:3239} INFO - Sync 1 DAGs
[2025-01-18T00:07:51.186+0000] {logging_mixin.py:190} INFO - [2025-01-18T00:07:51.185+0000] {dag.py:4180} INFO - Setting next_dagrun for latest_only_with_trigger to 2025-01-17 20:00:00+00:00, run_after=2025-01-18 00:00:00+00:00
[2025-01-18T00:07:51.207+0000] {processor.py:208} INFO - Processing /home/airflow/.local/lib/python3.12/site-packages/airflow/example_dags/example_latest_only_with_trigger.py took 0.094 seconds
[2025-01-18T00:08:22.124+0000] {processor.py:186} INFO - Started process (PID=18454) to work on /home/airflow/.local/lib/python3.12/site-packages/airflow/example_dags/example_latest_only_with_trigger.py
[2025-01-18T00:08:22.126+0000] {processor.py:914} INFO - Processing file /home/airflow/.local/lib/python3.12/site-packages/airflow/example_dags/example_latest_only_with_trigger.py for tasks to queue
[2025-01-18T00:08:22.128+0000] {logging_mixin.py:190} INFO - [2025-01-18T00:08:22.127+0000] {dagbag.py:588} INFO - Filling up the DagBag from /home/airflow/.local/lib/python3.12/site-packages/airflow/example_dags/example_latest_only_with_trigger.py
[2025-01-18T00:08:22.134+0000] {processor.py:925} INFO - DAG(s) 'latest_only_with_trigger' retrieved from /home/airflow/.local/lib/python3.12/site-packages/airflow/example_dags/example_latest_only_with_trigger.py
[2025-01-18T00:08:22.155+0000] {logging_mixin.py:190} INFO - [2025-01-18T00:08:22.155+0000] {dag.py:3239} INFO - Sync 1 DAGs
[2025-01-18T00:08:22.181+0000] {logging_mixin.py:190} INFO - [2025-01-18T00:08:22.181+0000] {dag.py:4180} INFO - Setting next_dagrun for latest_only_with_trigger to 2025-01-17 20:00:00+00:00, run_after=2025-01-18 00:00:00+00:00
[2025-01-18T00:08:22.201+0000] {processor.py:208} INFO - Processing /home/airflow/.local/lib/python3.12/site-packages/airflow/example_dags/example_latest_only_with_trigger.py took 0.083 seconds
[2025-01-18T00:08:52.383+0000] {processor.py:186} INFO - Started process (PID=18520) to work on /home/airflow/.local/lib/python3.12/site-packages/airflow/example_dags/example_latest_only_with_trigger.py
[2025-01-18T00:08:52.385+0000] {processor.py:914} INFO - Processing file /home/airflow/.local/lib/python3.12/site-packages/airflow/example_dags/example_latest_only_with_trigger.py for tasks to queue
[2025-01-18T00:08:52.388+0000] {logging_mixin.py:190} INFO - [2025-01-18T00:08:52.388+0000] {dagbag.py:588} INFO - Filling up the DagBag from /home/airflow/.local/lib/python3.12/site-packages/airflow/example_dags/example_latest_only_with_trigger.py
[2025-01-18T00:08:52.398+0000] {processor.py:925} INFO - DAG(s) 'latest_only_with_trigger' retrieved from /home/airflow/.local/lib/python3.12/site-packages/airflow/example_dags/example_latest_only_with_trigger.py
[2025-01-18T00:08:52.425+0000] {logging_mixin.py:190} INFO - [2025-01-18T00:08:52.425+0000] {dag.py:3239} INFO - Sync 1 DAGs
[2025-01-18T00:08:52.456+0000] {logging_mixin.py:190} INFO - [2025-01-18T00:08:52.456+0000] {dag.py:4180} INFO - Setting next_dagrun for latest_only_with_trigger to 2025-01-17 20:00:00+00:00, run_after=2025-01-18 00:00:00+00:00
[2025-01-18T00:08:52.484+0000] {processor.py:208} INFO - Processing /home/airflow/.local/lib/python3.12/site-packages/airflow/example_dags/example_latest_only_with_trigger.py took 0.109 seconds
[2025-01-18T00:09:22.608+0000] {processor.py:186} INFO - Started process (PID=18587) to work on /home/airflow/.local/lib/python3.12/site-packages/airflow/example_dags/example_latest_only_with_trigger.py
[2025-01-18T00:09:22.610+0000] {processor.py:914} INFO - Processing file /home/airflow/.local/lib/python3.12/site-packages/airflow/example_dags/example_latest_only_with_trigger.py for tasks to queue
[2025-01-18T00:09:22.612+0000] {logging_mixin.py:190} INFO - [2025-01-18T00:09:22.612+0000] {dagbag.py:588} INFO - Filling up the DagBag from /home/airflow/.local/lib/python3.12/site-packages/airflow/example_dags/example_latest_only_with_trigger.py
[2025-01-18T00:09:22.620+0000] {processor.py:925} INFO - DAG(s) 'latest_only_with_trigger' retrieved from /home/airflow/.local/lib/python3.12/site-packages/airflow/example_dags/example_latest_only_with_trigger.py
[2025-01-18T00:09:22.644+0000] {logging_mixin.py:190} INFO - [2025-01-18T00:09:22.644+0000] {dag.py:3239} INFO - Sync 1 DAGs
[2025-01-18T00:09:22.670+0000] {logging_mixin.py:190} INFO - [2025-01-18T00:09:22.669+0000] {dag.py:4180} INFO - Setting next_dagrun for latest_only_with_trigger to 2025-01-17 20:00:00+00:00, run_after=2025-01-18 00:00:00+00:00
[2025-01-18T00:09:22.688+0000] {processor.py:208} INFO - Processing /home/airflow/.local/lib/python3.12/site-packages/airflow/example_dags/example_latest_only_with_trigger.py took 0.086 seconds
[2025-01-18T00:09:53.100+0000] {processor.py:186} INFO - Started process (PID=18654) to work on /home/airflow/.local/lib/python3.12/site-packages/airflow/example_dags/example_latest_only_with_trigger.py
[2025-01-18T00:09:53.101+0000] {processor.py:914} INFO - Processing file /home/airflow/.local/lib/python3.12/site-packages/airflow/example_dags/example_latest_only_with_trigger.py for tasks to queue
[2025-01-18T00:09:53.106+0000] {logging_mixin.py:190} INFO - [2025-01-18T00:09:53.106+0000] {dagbag.py:588} INFO - Filling up the DagBag from /home/airflow/.local/lib/python3.12/site-packages/airflow/example_dags/example_latest_only_with_trigger.py
[2025-01-18T00:09:53.120+0000] {processor.py:925} INFO - DAG(s) 'latest_only_with_trigger' retrieved from /home/airflow/.local/lib/python3.12/site-packages/airflow/example_dags/example_latest_only_with_trigger.py
[2025-01-18T00:09:53.153+0000] {logging_mixin.py:190} INFO - [2025-01-18T00:09:53.153+0000] {dag.py:3239} INFO - Sync 1 DAGs
[2025-01-18T00:09:53.205+0000] {logging_mixin.py:190} INFO - [2025-01-18T00:09:53.205+0000] {dag.py:4180} INFO - Setting next_dagrun for latest_only_with_trigger to 2025-01-17 20:00:00+00:00, run_after=2025-01-18 00:00:00+00:00
[2025-01-18T00:09:53.239+0000] {processor.py:208} INFO - Processing /home/airflow/.local/lib/python3.12/site-packages/airflow/example_dags/example_latest_only_with_trigger.py took 0.147 seconds
[2025-01-18T00:10:24.064+0000] {processor.py:186} INFO - Started process (PID=18727) to work on /home/airflow/.local/lib/python3.12/site-packages/airflow/example_dags/example_latest_only_with_trigger.py
[2025-01-18T00:10:24.065+0000] {processor.py:914} INFO - Processing file /home/airflow/.local/lib/python3.12/site-packages/airflow/example_dags/example_latest_only_with_trigger.py for tasks to queue
[2025-01-18T00:10:24.069+0000] {logging_mixin.py:190} INFO - [2025-01-18T00:10:24.068+0000] {dagbag.py:588} INFO - Filling up the DagBag from /home/airflow/.local/lib/python3.12/site-packages/airflow/example_dags/example_latest_only_with_trigger.py
[2025-01-18T00:10:24.080+0000] {processor.py:925} INFO - DAG(s) 'latest_only_with_trigger' retrieved from /home/airflow/.local/lib/python3.12/site-packages/airflow/example_dags/example_latest_only_with_trigger.py
[2025-01-18T00:10:24.108+0000] {logging_mixin.py:190} INFO - [2025-01-18T00:10:24.107+0000] {dag.py:3239} INFO - Sync 1 DAGs
[2025-01-18T00:10:24.139+0000] {logging_mixin.py:190} INFO - [2025-01-18T00:10:24.139+0000] {dag.py:4180} INFO - Setting next_dagrun for latest_only_with_trigger to 2025-01-17 20:00:00+00:00, run_after=2025-01-18 00:00:00+00:00
[2025-01-18T00:10:24.163+0000] {processor.py:208} INFO - Processing /home/airflow/.local/lib/python3.12/site-packages/airflow/example_dags/example_latest_only_with_trigger.py took 0.107 seconds
[2025-01-18T00:10:56.082+0000] {processor.py:186} INFO - Started process (PID=18790) to work on /home/airflow/.local/lib/python3.12/site-packages/airflow/example_dags/example_latest_only_with_trigger.py
[2025-01-18T00:10:56.084+0000] {processor.py:914} INFO - Processing file /home/airflow/.local/lib/python3.12/site-packages/airflow/example_dags/example_latest_only_with_trigger.py for tasks to queue
[2025-01-18T00:10:56.086+0000] {logging_mixin.py:190} INFO - [2025-01-18T00:10:56.086+0000] {dagbag.py:588} INFO - Filling up the DagBag from /home/airflow/.local/lib/python3.12/site-packages/airflow/example_dags/example_latest_only_with_trigger.py
[2025-01-18T00:10:56.097+0000] {processor.py:925} INFO - DAG(s) 'latest_only_with_trigger' retrieved from /home/airflow/.local/lib/python3.12/site-packages/airflow/example_dags/example_latest_only_with_trigger.py
[2025-01-18T00:10:56.123+0000] {logging_mixin.py:190} INFO - [2025-01-18T00:10:56.123+0000] {dag.py:3239} INFO - Sync 1 DAGs
[2025-01-18T00:10:56.152+0000] {logging_mixin.py:190} INFO - [2025-01-18T00:10:56.152+0000] {dag.py:4180} INFO - Setting next_dagrun for latest_only_with_trigger to 2025-01-17 20:00:00+00:00, run_after=2025-01-18 00:00:00+00:00
[2025-01-18T00:10:56.175+0000] {processor.py:208} INFO - Processing /home/airflow/.local/lib/python3.12/site-packages/airflow/example_dags/example_latest_only_with_trigger.py took 0.100 seconds
[2025-01-18T00:11:26.544+0000] {processor.py:186} INFO - Started process (PID=18857) to work on /home/airflow/.local/lib/python3.12/site-packages/airflow/example_dags/example_latest_only_with_trigger.py
[2025-01-18T00:11:26.546+0000] {processor.py:914} INFO - Processing file /home/airflow/.local/lib/python3.12/site-packages/airflow/example_dags/example_latest_only_with_trigger.py for tasks to queue
[2025-01-18T00:11:26.548+0000] {logging_mixin.py:190} INFO - [2025-01-18T00:11:26.548+0000] {dagbag.py:588} INFO - Filling up the DagBag from /home/airflow/.local/lib/python3.12/site-packages/airflow/example_dags/example_latest_only_with_trigger.py
[2025-01-18T00:11:26.556+0000] {processor.py:925} INFO - DAG(s) 'latest_only_with_trigger' retrieved from /home/airflow/.local/lib/python3.12/site-packages/airflow/example_dags/example_latest_only_with_trigger.py
[2025-01-18T00:11:26.578+0000] {logging_mixin.py:190} INFO - [2025-01-18T00:11:26.578+0000] {dag.py:3239} INFO - Sync 1 DAGs
[2025-01-18T00:11:26.606+0000] {logging_mixin.py:190} INFO - [2025-01-18T00:11:26.606+0000] {dag.py:4180} INFO - Setting next_dagrun for latest_only_with_trigger to 2025-01-17 20:00:00+00:00, run_after=2025-01-18 00:00:00+00:00
[2025-01-18T00:11:26.626+0000] {processor.py:208} INFO - Processing /home/airflow/.local/lib/python3.12/site-packages/airflow/example_dags/example_latest_only_with_trigger.py took 0.088 seconds
[2025-01-18T00:11:56.891+0000] {processor.py:186} INFO - Started process (PID=18925) to work on /home/airflow/.local/lib/python3.12/site-packages/airflow/example_dags/example_latest_only_with_trigger.py
[2025-01-18T00:11:56.892+0000] {processor.py:914} INFO - Processing file /home/airflow/.local/lib/python3.12/site-packages/airflow/example_dags/example_latest_only_with_trigger.py for tasks to queue
[2025-01-18T00:11:56.895+0000] {logging_mixin.py:190} INFO - [2025-01-18T00:11:56.894+0000] {dagbag.py:588} INFO - Filling up the DagBag from /home/airflow/.local/lib/python3.12/site-packages/airflow/example_dags/example_latest_only_with_trigger.py
[2025-01-18T00:11:56.904+0000] {processor.py:925} INFO - DAG(s) 'latest_only_with_trigger' retrieved from /home/airflow/.local/lib/python3.12/site-packages/airflow/example_dags/example_latest_only_with_trigger.py
[2025-01-18T00:11:56.932+0000] {logging_mixin.py:190} INFO - [2025-01-18T00:11:56.931+0000] {dag.py:3239} INFO - Sync 1 DAGs
[2025-01-18T00:11:56.962+0000] {logging_mixin.py:190} INFO - [2025-01-18T00:11:56.962+0000] {dag.py:4180} INFO - Setting next_dagrun for latest_only_with_trigger to 2025-01-17 20:00:00+00:00, run_after=2025-01-18 00:00:00+00:00
[2025-01-18T00:11:56.985+0000] {processor.py:208} INFO - Processing /home/airflow/.local/lib/python3.12/site-packages/airflow/example_dags/example_latest_only_with_trigger.py took 0.101 seconds
[2025-01-18T00:12:28.130+0000] {processor.py:186} INFO - Started process (PID=18992) to work on /home/airflow/.local/lib/python3.12/site-packages/airflow/example_dags/example_latest_only_with_trigger.py
[2025-01-18T00:12:28.132+0000] {processor.py:914} INFO - Processing file /home/airflow/.local/lib/python3.12/site-packages/airflow/example_dags/example_latest_only_with_trigger.py for tasks to queue
[2025-01-18T00:12:28.137+0000] {logging_mixin.py:190} INFO - [2025-01-18T00:12:28.135+0000] {dagbag.py:588} INFO - Filling up the DagBag from /home/airflow/.local/lib/python3.12/site-packages/airflow/example_dags/example_latest_only_with_trigger.py
[2025-01-18T00:12:28.150+0000] {processor.py:925} INFO - DAG(s) 'latest_only_with_trigger' retrieved from /home/airflow/.local/lib/python3.12/site-packages/airflow/example_dags/example_latest_only_with_trigger.py
[2025-01-18T00:12:28.191+0000] {logging_mixin.py:190} INFO - [2025-01-18T00:12:28.190+0000] {dag.py:3239} INFO - Sync 1 DAGs
[2025-01-18T00:12:28.238+0000] {logging_mixin.py:190} INFO - [2025-01-18T00:12:28.237+0000] {dag.py:4180} INFO - Setting next_dagrun for latest_only_with_trigger to 2025-01-17 20:00:00+00:00, run_after=2025-01-18 00:00:00+00:00
[2025-01-18T00:12:28.277+0000] {processor.py:208} INFO - Processing /home/airflow/.local/lib/python3.12/site-packages/airflow/example_dags/example_latest_only_with_trigger.py took 0.157 seconds
[2025-01-18T00:12:58.375+0000] {processor.py:186} INFO - Started process (PID=19058) to work on /home/airflow/.local/lib/python3.12/site-packages/airflow/example_dags/example_latest_only_with_trigger.py
[2025-01-18T00:12:58.376+0000] {processor.py:914} INFO - Processing file /home/airflow/.local/lib/python3.12/site-packages/airflow/example_dags/example_latest_only_with_trigger.py for tasks to queue
[2025-01-18T00:12:58.379+0000] {logging_mixin.py:190} INFO - [2025-01-18T00:12:58.379+0000] {dagbag.py:588} INFO - Filling up the DagBag from /home/airflow/.local/lib/python3.12/site-packages/airflow/example_dags/example_latest_only_with_trigger.py
[2025-01-18T00:12:58.391+0000] {processor.py:925} INFO - DAG(s) 'latest_only_with_trigger' retrieved from /home/airflow/.local/lib/python3.12/site-packages/airflow/example_dags/example_latest_only_with_trigger.py
[2025-01-18T00:12:58.423+0000] {logging_mixin.py:190} INFO - [2025-01-18T00:12:58.423+0000] {dag.py:3239} INFO - Sync 1 DAGs
[2025-01-18T00:12:58.461+0000] {logging_mixin.py:190} INFO - [2025-01-18T00:12:58.461+0000] {dag.py:4180} INFO - Setting next_dagrun for latest_only_with_trigger to 2025-01-17 20:00:00+00:00, run_after=2025-01-18 00:00:00+00:00
[2025-01-18T00:12:58.487+0000] {processor.py:208} INFO - Processing /home/airflow/.local/lib/python3.12/site-packages/airflow/example_dags/example_latest_only_with_trigger.py took 0.120 seconds
[2025-01-18T00:13:29.228+0000] {processor.py:186} INFO - Started process (PID=19124) to work on /home/airflow/.local/lib/python3.12/site-packages/airflow/example_dags/example_latest_only_with_trigger.py
[2025-01-18T00:13:29.229+0000] {processor.py:914} INFO - Processing file /home/airflow/.local/lib/python3.12/site-packages/airflow/example_dags/example_latest_only_with_trigger.py for tasks to queue
[2025-01-18T00:13:29.231+0000] {logging_mixin.py:190} INFO - [2025-01-18T00:13:29.231+0000] {dagbag.py:588} INFO - Filling up the DagBag from /home/airflow/.local/lib/python3.12/site-packages/airflow/example_dags/example_latest_only_with_trigger.py
[2025-01-18T00:13:29.239+0000] {processor.py:925} INFO - DAG(s) 'latest_only_with_trigger' retrieved from /home/airflow/.local/lib/python3.12/site-packages/airflow/example_dags/example_latest_only_with_trigger.py
[2025-01-18T00:13:29.261+0000] {logging_mixin.py:190} INFO - [2025-01-18T00:13:29.261+0000] {dag.py:3239} INFO - Sync 1 DAGs
[2025-01-18T00:13:29.288+0000] {logging_mixin.py:190} INFO - [2025-01-18T00:13:29.287+0000] {dag.py:4180} INFO - Setting next_dagrun for latest_only_with_trigger to 2025-01-17 20:00:00+00:00, run_after=2025-01-18 00:00:00+00:00
[2025-01-18T00:13:29.309+0000] {processor.py:208} INFO - Processing /home/airflow/.local/lib/python3.12/site-packages/airflow/example_dags/example_latest_only_with_trigger.py took 0.087 seconds
[2025-01-18T00:13:59.712+0000] {processor.py:186} INFO - Started process (PID=19191) to work on /home/airflow/.local/lib/python3.12/site-packages/airflow/example_dags/example_latest_only_with_trigger.py
[2025-01-18T00:13:59.714+0000] {processor.py:914} INFO - Processing file /home/airflow/.local/lib/python3.12/site-packages/airflow/example_dags/example_latest_only_with_trigger.py for tasks to queue
[2025-01-18T00:13:59.717+0000] {logging_mixin.py:190} INFO - [2025-01-18T00:13:59.717+0000] {dagbag.py:588} INFO - Filling up the DagBag from /home/airflow/.local/lib/python3.12/site-packages/airflow/example_dags/example_latest_only_with_trigger.py
[2025-01-18T00:13:59.728+0000] {processor.py:925} INFO - DAG(s) 'latest_only_with_trigger' retrieved from /home/airflow/.local/lib/python3.12/site-packages/airflow/example_dags/example_latest_only_with_trigger.py
[2025-01-18T00:13:59.759+0000] {logging_mixin.py:190} INFO - [2025-01-18T00:13:59.759+0000] {dag.py:3239} INFO - Sync 1 DAGs
[2025-01-18T00:13:59.790+0000] {logging_mixin.py:190} INFO - [2025-01-18T00:13:59.790+0000] {dag.py:4180} INFO - Setting next_dagrun for latest_only_with_trigger to 2025-01-17 20:00:00+00:00, run_after=2025-01-18 00:00:00+00:00
[2025-01-18T00:13:59.812+0000] {processor.py:208} INFO - Processing /home/airflow/.local/lib/python3.12/site-packages/airflow/example_dags/example_latest_only_with_trigger.py took 0.109 seconds
[2025-01-18T00:14:30.770+0000] {processor.py:186} INFO - Started process (PID=19265) to work on /home/airflow/.local/lib/python3.12/site-packages/airflow/example_dags/example_latest_only_with_trigger.py
[2025-01-18T00:14:30.772+0000] {processor.py:914} INFO - Processing file /home/airflow/.local/lib/python3.12/site-packages/airflow/example_dags/example_latest_only_with_trigger.py for tasks to queue
[2025-01-18T00:14:30.776+0000] {logging_mixin.py:190} INFO - [2025-01-18T00:14:30.776+0000] {dagbag.py:588} INFO - Filling up the DagBag from /home/airflow/.local/lib/python3.12/site-packages/airflow/example_dags/example_latest_only_with_trigger.py
[2025-01-18T00:14:30.794+0000] {processor.py:925} INFO - DAG(s) 'latest_only_with_trigger' retrieved from /home/airflow/.local/lib/python3.12/site-packages/airflow/example_dags/example_latest_only_with_trigger.py
[2025-01-18T00:14:30.834+0000] {logging_mixin.py:190} INFO - [2025-01-18T00:14:30.833+0000] {dag.py:3239} INFO - Sync 1 DAGs
[2025-01-18T00:14:30.884+0000] {logging_mixin.py:190} INFO - [2025-01-18T00:14:30.884+0000] {dag.py:4180} INFO - Setting next_dagrun for latest_only_with_trigger to 2025-01-17 20:00:00+00:00, run_after=2025-01-18 00:00:00+00:00
[2025-01-18T00:14:30.921+0000] {processor.py:208} INFO - Processing /home/airflow/.local/lib/python3.12/site-packages/airflow/example_dags/example_latest_only_with_trigger.py took 0.165 seconds
[2025-01-18T00:15:00.991+0000] {processor.py:186} INFO - Started process (PID=19332) to work on /home/airflow/.local/lib/python3.12/site-packages/airflow/example_dags/example_latest_only_with_trigger.py
[2025-01-18T00:15:00.993+0000] {processor.py:914} INFO - Processing file /home/airflow/.local/lib/python3.12/site-packages/airflow/example_dags/example_latest_only_with_trigger.py for tasks to queue
[2025-01-18T00:15:00.995+0000] {logging_mixin.py:190} INFO - [2025-01-18T00:15:00.995+0000] {dagbag.py:588} INFO - Filling up the DagBag from /home/airflow/.local/lib/python3.12/site-packages/airflow/example_dags/example_latest_only_with_trigger.py
[2025-01-18T00:15:01.003+0000] {processor.py:925} INFO - DAG(s) 'latest_only_with_trigger' retrieved from /home/airflow/.local/lib/python3.12/site-packages/airflow/example_dags/example_latest_only_with_trigger.py
[2025-01-18T00:15:01.031+0000] {logging_mixin.py:190} INFO - [2025-01-18T00:15:01.031+0000] {dag.py:3239} INFO - Sync 1 DAGs
[2025-01-18T00:15:01.060+0000] {logging_mixin.py:190} INFO - [2025-01-18T00:15:01.060+0000] {dag.py:4180} INFO - Setting next_dagrun for latest_only_with_trigger to 2025-01-17 20:00:00+00:00, run_after=2025-01-18 00:00:00+00:00
[2025-01-18T00:15:01.085+0000] {processor.py:208} INFO - Processing /home/airflow/.local/lib/python3.12/site-packages/airflow/example_dags/example_latest_only_with_trigger.py took 0.101 seconds
[2025-01-18T00:15:31.218+0000] {processor.py:186} INFO - Started process (PID=19399) to work on /home/airflow/.local/lib/python3.12/site-packages/airflow/example_dags/example_latest_only_with_trigger.py
[2025-01-18T00:15:31.219+0000] {processor.py:914} INFO - Processing file /home/airflow/.local/lib/python3.12/site-packages/airflow/example_dags/example_latest_only_with_trigger.py for tasks to queue
[2025-01-18T00:15:31.221+0000] {logging_mixin.py:190} INFO - [2025-01-18T00:15:31.221+0000] {dagbag.py:588} INFO - Filling up the DagBag from /home/airflow/.local/lib/python3.12/site-packages/airflow/example_dags/example_latest_only_with_trigger.py
[2025-01-18T00:15:31.228+0000] {processor.py:925} INFO - DAG(s) 'latest_only_with_trigger' retrieved from /home/airflow/.local/lib/python3.12/site-packages/airflow/example_dags/example_latest_only_with_trigger.py
[2025-01-18T00:15:31.249+0000] {logging_mixin.py:190} INFO - [2025-01-18T00:15:31.248+0000] {dag.py:3239} INFO - Sync 1 DAGs
[2025-01-18T00:15:31.272+0000] {logging_mixin.py:190} INFO - [2025-01-18T00:15:31.272+0000] {dag.py:4180} INFO - Setting next_dagrun for latest_only_with_trigger to 2025-01-17 20:00:00+00:00, run_after=2025-01-18 00:00:00+00:00
[2025-01-18T00:15:31.291+0000] {processor.py:208} INFO - Processing /home/airflow/.local/lib/python3.12/site-packages/airflow/example_dags/example_latest_only_with_trigger.py took 0.080 seconds
[2025-01-18T00:16:01.801+0000] {processor.py:186} INFO - Started process (PID=19466) to work on /home/airflow/.local/lib/python3.12/site-packages/airflow/example_dags/example_latest_only_with_trigger.py
[2025-01-18T00:16:01.803+0000] {processor.py:914} INFO - Processing file /home/airflow/.local/lib/python3.12/site-packages/airflow/example_dags/example_latest_only_with_trigger.py for tasks to queue
[2025-01-18T00:16:01.807+0000] {logging_mixin.py:190} INFO - [2025-01-18T00:16:01.806+0000] {dagbag.py:588} INFO - Filling up the DagBag from /home/airflow/.local/lib/python3.12/site-packages/airflow/example_dags/example_latest_only_with_trigger.py
[2025-01-18T00:16:01.820+0000] {processor.py:925} INFO - DAG(s) 'latest_only_with_trigger' retrieved from /home/airflow/.local/lib/python3.12/site-packages/airflow/example_dags/example_latest_only_with_trigger.py
[2025-01-18T00:16:01.875+0000] {logging_mixin.py:190} INFO - [2025-01-18T00:16:01.874+0000] {dag.py:3239} INFO - Sync 1 DAGs
[2025-01-18T00:16:01.924+0000] {logging_mixin.py:190} INFO - [2025-01-18T00:16:01.924+0000] {dag.py:4180} INFO - Setting next_dagrun for latest_only_with_trigger to 2025-01-17 20:00:00+00:00, run_after=2025-01-18 00:00:00+00:00
[2025-01-18T00:16:01.949+0000] {processor.py:208} INFO - Processing /home/airflow/.local/lib/python3.12/site-packages/airflow/example_dags/example_latest_only_with_trigger.py took 0.158 seconds
[2025-01-18T00:16:32.645+0000] {processor.py:186} INFO - Started process (PID=19533) to work on /home/airflow/.local/lib/python3.12/site-packages/airflow/example_dags/example_latest_only_with_trigger.py
[2025-01-18T00:16:32.646+0000] {processor.py:914} INFO - Processing file /home/airflow/.local/lib/python3.12/site-packages/airflow/example_dags/example_latest_only_with_trigger.py for tasks to queue
[2025-01-18T00:16:32.649+0000] {logging_mixin.py:190} INFO - [2025-01-18T00:16:32.649+0000] {dagbag.py:588} INFO - Filling up the DagBag from /home/airflow/.local/lib/python3.12/site-packages/airflow/example_dags/example_latest_only_with_trigger.py
[2025-01-18T00:16:32.659+0000] {processor.py:925} INFO - DAG(s) 'latest_only_with_trigger' retrieved from /home/airflow/.local/lib/python3.12/site-packages/airflow/example_dags/example_latest_only_with_trigger.py
[2025-01-18T00:16:32.685+0000] {logging_mixin.py:190} INFO - [2025-01-18T00:16:32.684+0000] {dag.py:3239} INFO - Sync 1 DAGs
[2025-01-18T00:16:32.711+0000] {logging_mixin.py:190} INFO - [2025-01-18T00:16:32.711+0000] {dag.py:4180} INFO - Setting next_dagrun for latest_only_with_trigger to 2025-01-17 20:00:00+00:00, run_after=2025-01-18 00:00:00+00:00
[2025-01-18T00:16:32.733+0000] {processor.py:208} INFO - Processing /home/airflow/.local/lib/python3.12/site-packages/airflow/example_dags/example_latest_only_with_trigger.py took 0.096 seconds
[2025-01-18T00:17:04.182+0000] {processor.py:186} INFO - Started process (PID=19598) to work on /home/airflow/.local/lib/python3.12/site-packages/airflow/example_dags/example_latest_only_with_trigger.py
[2025-01-18T00:17:04.183+0000] {processor.py:914} INFO - Processing file /home/airflow/.local/lib/python3.12/site-packages/airflow/example_dags/example_latest_only_with_trigger.py for tasks to queue
[2025-01-18T00:17:04.185+0000] {logging_mixin.py:190} INFO - [2025-01-18T00:17:04.185+0000] {dagbag.py:588} INFO - Filling up the DagBag from /home/airflow/.local/lib/python3.12/site-packages/airflow/example_dags/example_latest_only_with_trigger.py
[2025-01-18T00:17:04.193+0000] {processor.py:925} INFO - DAG(s) 'latest_only_with_trigger' retrieved from /home/airflow/.local/lib/python3.12/site-packages/airflow/example_dags/example_latest_only_with_trigger.py
[2025-01-18T00:17:04.217+0000] {logging_mixin.py:190} INFO - [2025-01-18T00:17:04.217+0000] {dag.py:3239} INFO - Sync 1 DAGs
[2025-01-18T00:17:04.245+0000] {logging_mixin.py:190} INFO - [2025-01-18T00:17:04.244+0000] {dag.py:4180} INFO - Setting next_dagrun for latest_only_with_trigger to 2025-01-17 20:00:00+00:00, run_after=2025-01-18 00:00:00+00:00
[2025-01-18T00:17:04.269+0000] {processor.py:208} INFO - Processing /home/airflow/.local/lib/python3.12/site-packages/airflow/example_dags/example_latest_only_with_trigger.py took 0.093 seconds
[2025-01-18T00:17:34.954+0000] {processor.py:186} INFO - Started process (PID=19665) to work on /home/airflow/.local/lib/python3.12/site-packages/airflow/example_dags/example_latest_only_with_trigger.py
[2025-01-18T00:17:34.957+0000] {processor.py:914} INFO - Processing file /home/airflow/.local/lib/python3.12/site-packages/airflow/example_dags/example_latest_only_with_trigger.py for tasks to queue
[2025-01-18T00:17:34.960+0000] {logging_mixin.py:190} INFO - [2025-01-18T00:17:34.960+0000] {dagbag.py:588} INFO - Filling up the DagBag from /home/airflow/.local/lib/python3.12/site-packages/airflow/example_dags/example_latest_only_with_trigger.py
[2025-01-18T00:17:34.972+0000] {processor.py:925} INFO - DAG(s) 'latest_only_with_trigger' retrieved from /home/airflow/.local/lib/python3.12/site-packages/airflow/example_dags/example_latest_only_with_trigger.py
[2025-01-18T00:17:35.003+0000] {logging_mixin.py:190} INFO - [2025-01-18T00:17:35.002+0000] {dag.py:3239} INFO - Sync 1 DAGs
[2025-01-18T00:17:35.035+0000] {logging_mixin.py:190} INFO - [2025-01-18T00:17:35.035+0000] {dag.py:4180} INFO - Setting next_dagrun for latest_only_with_trigger to 2025-01-17 20:00:00+00:00, run_after=2025-01-18 00:00:00+00:00
[2025-01-18T00:17:35.065+0000] {processor.py:208} INFO - Processing /home/airflow/.local/lib/python3.12/site-packages/airflow/example_dags/example_latest_only_with_trigger.py took 0.120 seconds
[2025-01-18T00:18:05.610+0000] {processor.py:186} INFO - Started process (PID=19732) to work on /home/airflow/.local/lib/python3.12/site-packages/airflow/example_dags/example_latest_only_with_trigger.py
[2025-01-18T00:18:05.612+0000] {processor.py:914} INFO - Processing file /home/airflow/.local/lib/python3.12/site-packages/airflow/example_dags/example_latest_only_with_trigger.py for tasks to queue
[2025-01-18T00:18:05.615+0000] {logging_mixin.py:190} INFO - [2025-01-18T00:18:05.615+0000] {dagbag.py:588} INFO - Filling up the DagBag from /home/airflow/.local/lib/python3.12/site-packages/airflow/example_dags/example_latest_only_with_trigger.py
[2025-01-18T00:18:05.624+0000] {processor.py:925} INFO - DAG(s) 'latest_only_with_trigger' retrieved from /home/airflow/.local/lib/python3.12/site-packages/airflow/example_dags/example_latest_only_with_trigger.py
[2025-01-18T00:18:05.867+0000] {logging_mixin.py:190} INFO - [2025-01-18T00:18:05.866+0000] {dag.py:3239} INFO - Sync 1 DAGs
[2025-01-18T00:18:05.891+0000] {logging_mixin.py:190} INFO - [2025-01-18T00:18:05.890+0000] {dag.py:4180} INFO - Setting next_dagrun for latest_only_with_trigger to 2025-01-17 20:00:00+00:00, run_after=2025-01-18 00:00:00+00:00
[2025-01-18T00:18:05.913+0000] {processor.py:208} INFO - Processing /home/airflow/.local/lib/python3.12/site-packages/airflow/example_dags/example_latest_only_with_trigger.py took 0.311 seconds
[2025-01-18T00:18:35.996+0000] {processor.py:186} INFO - Started process (PID=19805) to work on /home/airflow/.local/lib/python3.12/site-packages/airflow/example_dags/example_latest_only_with_trigger.py
[2025-01-18T00:18:35.997+0000] {processor.py:914} INFO - Processing file /home/airflow/.local/lib/python3.12/site-packages/airflow/example_dags/example_latest_only_with_trigger.py for tasks to queue
[2025-01-18T00:18:35.999+0000] {logging_mixin.py:190} INFO - [2025-01-18T00:18:35.999+0000] {dagbag.py:588} INFO - Filling up the DagBag from /home/airflow/.local/lib/python3.12/site-packages/airflow/example_dags/example_latest_only_with_trigger.py
[2025-01-18T00:18:36.008+0000] {processor.py:925} INFO - DAG(s) 'latest_only_with_trigger' retrieved from /home/airflow/.local/lib/python3.12/site-packages/airflow/example_dags/example_latest_only_with_trigger.py
[2025-01-18T00:18:36.216+0000] {logging_mixin.py:190} INFO - [2025-01-18T00:18:36.216+0000] {dag.py:3239} INFO - Sync 1 DAGs
[2025-01-18T00:18:36.237+0000] {logging_mixin.py:190} INFO - [2025-01-18T00:18:36.237+0000] {dag.py:4180} INFO - Setting next_dagrun for latest_only_with_trigger to 2025-01-17 20:00:00+00:00, run_after=2025-01-18 00:00:00+00:00
[2025-01-18T00:18:36.255+0000] {processor.py:208} INFO - Processing /home/airflow/.local/lib/python3.12/site-packages/airflow/example_dags/example_latest_only_with_trigger.py took 0.266 seconds
[2025-01-18T00:19:06.400+0000] {processor.py:186} INFO - Started process (PID=19872) to work on /home/airflow/.local/lib/python3.12/site-packages/airflow/example_dags/example_latest_only_with_trigger.py
[2025-01-18T00:19:06.402+0000] {processor.py:914} INFO - Processing file /home/airflow/.local/lib/python3.12/site-packages/airflow/example_dags/example_latest_only_with_trigger.py for tasks to queue
[2025-01-18T00:19:06.405+0000] {logging_mixin.py:190} INFO - [2025-01-18T00:19:06.404+0000] {dagbag.py:588} INFO - Filling up the DagBag from /home/airflow/.local/lib/python3.12/site-packages/airflow/example_dags/example_latest_only_with_trigger.py
[2025-01-18T00:19:06.417+0000] {processor.py:925} INFO - DAG(s) 'latest_only_with_trigger' retrieved from /home/airflow/.local/lib/python3.12/site-packages/airflow/example_dags/example_latest_only_with_trigger.py
[2025-01-18T00:19:06.450+0000] {logging_mixin.py:190} INFO - [2025-01-18T00:19:06.449+0000] {dag.py:3239} INFO - Sync 1 DAGs
[2025-01-18T00:19:06.479+0000] {logging_mixin.py:190} INFO - [2025-01-18T00:19:06.479+0000] {dag.py:4180} INFO - Setting next_dagrun for latest_only_with_trigger to 2025-01-17 20:00:00+00:00, run_after=2025-01-18 00:00:00+00:00
[2025-01-18T00:19:06.501+0000] {processor.py:208} INFO - Processing /home/airflow/.local/lib/python3.12/site-packages/airflow/example_dags/example_latest_only_with_trigger.py took 0.111 seconds
[2025-01-18T00:19:36.603+0000] {processor.py:186} INFO - Started process (PID=19939) to work on /home/airflow/.local/lib/python3.12/site-packages/airflow/example_dags/example_latest_only_with_trigger.py
[2025-01-18T00:19:36.605+0000] {processor.py:914} INFO - Processing file /home/airflow/.local/lib/python3.12/site-packages/airflow/example_dags/example_latest_only_with_trigger.py for tasks to queue
[2025-01-18T00:19:36.607+0000] {logging_mixin.py:190} INFO - [2025-01-18T00:19:36.606+0000] {dagbag.py:588} INFO - Filling up the DagBag from /home/airflow/.local/lib/python3.12/site-packages/airflow/example_dags/example_latest_only_with_trigger.py
[2025-01-18T00:19:36.614+0000] {processor.py:925} INFO - DAG(s) 'latest_only_with_trigger' retrieved from /home/airflow/.local/lib/python3.12/site-packages/airflow/example_dags/example_latest_only_with_trigger.py
[2025-01-18T00:19:36.634+0000] {logging_mixin.py:190} INFO - [2025-01-18T00:19:36.634+0000] {dag.py:3239} INFO - Sync 1 DAGs
[2025-01-18T00:19:36.660+0000] {logging_mixin.py:190} INFO - [2025-01-18T00:19:36.659+0000] {dag.py:4180} INFO - Setting next_dagrun for latest_only_with_trigger to 2025-01-17 20:00:00+00:00, run_after=2025-01-18 00:00:00+00:00
[2025-01-18T00:19:36.682+0000] {processor.py:208} INFO - Processing /home/airflow/.local/lib/python3.12/site-packages/airflow/example_dags/example_latest_only_with_trigger.py took 0.084 seconds
[2025-01-18T00:20:07.567+0000] {processor.py:186} INFO - Started process (PID=20006) to work on /home/airflow/.local/lib/python3.12/site-packages/airflow/example_dags/example_latest_only_with_trigger.py
[2025-01-18T00:20:07.568+0000] {processor.py:914} INFO - Processing file /home/airflow/.local/lib/python3.12/site-packages/airflow/example_dags/example_latest_only_with_trigger.py for tasks to queue
[2025-01-18T00:20:07.570+0000] {logging_mixin.py:190} INFO - [2025-01-18T00:20:07.570+0000] {dagbag.py:588} INFO - Filling up the DagBag from /home/airflow/.local/lib/python3.12/site-packages/airflow/example_dags/example_latest_only_with_trigger.py
[2025-01-18T00:20:07.578+0000] {processor.py:925} INFO - DAG(s) 'latest_only_with_trigger' retrieved from /home/airflow/.local/lib/python3.12/site-packages/airflow/example_dags/example_latest_only_with_trigger.py
[2025-01-18T00:20:07.599+0000] {logging_mixin.py:190} INFO - [2025-01-18T00:20:07.598+0000] {dag.py:3239} INFO - Sync 1 DAGs
[2025-01-18T00:20:07.623+0000] {logging_mixin.py:190} INFO - [2025-01-18T00:20:07.623+0000] {dag.py:4180} INFO - Setting next_dagrun for latest_only_with_trigger to 2025-01-17 20:00:00+00:00, run_after=2025-01-18 00:00:00+00:00
[2025-01-18T00:20:07.643+0000] {processor.py:208} INFO - Processing /home/airflow/.local/lib/python3.12/site-packages/airflow/example_dags/example_latest_only_with_trigger.py took 0.081 seconds
[2025-01-18T00:20:37.911+0000] {processor.py:186} INFO - Started process (PID=20073) to work on /home/airflow/.local/lib/python3.12/site-packages/airflow/example_dags/example_latest_only_with_trigger.py
[2025-01-18T00:20:37.912+0000] {processor.py:914} INFO - Processing file /home/airflow/.local/lib/python3.12/site-packages/airflow/example_dags/example_latest_only_with_trigger.py for tasks to queue
[2025-01-18T00:20:37.914+0000] {logging_mixin.py:190} INFO - [2025-01-18T00:20:37.914+0000] {dagbag.py:588} INFO - Filling up the DagBag from /home/airflow/.local/lib/python3.12/site-packages/airflow/example_dags/example_latest_only_with_trigger.py
[2025-01-18T00:20:37.924+0000] {processor.py:925} INFO - DAG(s) 'latest_only_with_trigger' retrieved from /home/airflow/.local/lib/python3.12/site-packages/airflow/example_dags/example_latest_only_with_trigger.py
[2025-01-18T00:20:37.947+0000] {logging_mixin.py:190} INFO - [2025-01-18T00:20:37.947+0000] {dag.py:3239} INFO - Sync 1 DAGs
[2025-01-18T00:20:37.977+0000] {logging_mixin.py:190} INFO - [2025-01-18T00:20:37.976+0000] {dag.py:4180} INFO - Setting next_dagrun for latest_only_with_trigger to 2025-01-17 20:00:00+00:00, run_after=2025-01-18 00:00:00+00:00
[2025-01-18T00:20:38.000+0000] {processor.py:208} INFO - Processing /home/airflow/.local/lib/python3.12/site-packages/airflow/example_dags/example_latest_only_with_trigger.py took 0.096 seconds
[2025-01-18T00:21:08.395+0000] {processor.py:186} INFO - Started process (PID=20140) to work on /home/airflow/.local/lib/python3.12/site-packages/airflow/example_dags/example_latest_only_with_trigger.py
[2025-01-18T00:21:08.396+0000] {processor.py:914} INFO - Processing file /home/airflow/.local/lib/python3.12/site-packages/airflow/example_dags/example_latest_only_with_trigger.py for tasks to queue
[2025-01-18T00:21:08.398+0000] {logging_mixin.py:190} INFO - [2025-01-18T00:21:08.398+0000] {dagbag.py:588} INFO - Filling up the DagBag from /home/airflow/.local/lib/python3.12/site-packages/airflow/example_dags/example_latest_only_with_trigger.py
[2025-01-18T00:21:08.409+0000] {processor.py:925} INFO - DAG(s) 'latest_only_with_trigger' retrieved from /home/airflow/.local/lib/python3.12/site-packages/airflow/example_dags/example_latest_only_with_trigger.py
[2025-01-18T00:21:08.432+0000] {logging_mixin.py:190} INFO - [2025-01-18T00:21:08.431+0000] {dag.py:3239} INFO - Sync 1 DAGs
[2025-01-18T00:21:08.458+0000] {logging_mixin.py:190} INFO - [2025-01-18T00:21:08.458+0000] {dag.py:4180} INFO - Setting next_dagrun for latest_only_with_trigger to 2025-01-17 20:00:00+00:00, run_after=2025-01-18 00:00:00+00:00
[2025-01-18T00:21:08.484+0000] {processor.py:208} INFO - Processing /home/airflow/.local/lib/python3.12/site-packages/airflow/example_dags/example_latest_only_with_trigger.py took 0.094 seconds
[2025-01-18T00:21:38.852+0000] {processor.py:186} INFO - Started process (PID=20207) to work on /home/airflow/.local/lib/python3.12/site-packages/airflow/example_dags/example_latest_only_with_trigger.py
[2025-01-18T00:21:38.853+0000] {processor.py:914} INFO - Processing file /home/airflow/.local/lib/python3.12/site-packages/airflow/example_dags/example_latest_only_with_trigger.py for tasks to queue
[2025-01-18T00:21:38.855+0000] {logging_mixin.py:190} INFO - [2025-01-18T00:21:38.855+0000] {dagbag.py:588} INFO - Filling up the DagBag from /home/airflow/.local/lib/python3.12/site-packages/airflow/example_dags/example_latest_only_with_trigger.py
[2025-01-18T00:21:38.862+0000] {processor.py:925} INFO - DAG(s) 'latest_only_with_trigger' retrieved from /home/airflow/.local/lib/python3.12/site-packages/airflow/example_dags/example_latest_only_with_trigger.py
[2025-01-18T00:21:38.882+0000] {logging_mixin.py:190} INFO - [2025-01-18T00:21:38.882+0000] {dag.py:3239} INFO - Sync 1 DAGs
[2025-01-18T00:21:38.908+0000] {logging_mixin.py:190} INFO - [2025-01-18T00:21:38.908+0000] {dag.py:4180} INFO - Setting next_dagrun for latest_only_with_trigger to 2025-01-17 20:00:00+00:00, run_after=2025-01-18 00:00:00+00:00
[2025-01-18T00:21:38.931+0000] {processor.py:208} INFO - Processing /home/airflow/.local/lib/python3.12/site-packages/airflow/example_dags/example_latest_only_with_trigger.py took 0.084 seconds
[2025-01-18T00:22:09.327+0000] {processor.py:186} INFO - Started process (PID=20274) to work on /home/airflow/.local/lib/python3.12/site-packages/airflow/example_dags/example_latest_only_with_trigger.py
[2025-01-18T00:22:09.329+0000] {processor.py:914} INFO - Processing file /home/airflow/.local/lib/python3.12/site-packages/airflow/example_dags/example_latest_only_with_trigger.py for tasks to queue
[2025-01-18T00:22:09.332+0000] {logging_mixin.py:190} INFO - [2025-01-18T00:22:09.332+0000] {dagbag.py:588} INFO - Filling up the DagBag from /home/airflow/.local/lib/python3.12/site-packages/airflow/example_dags/example_latest_only_with_trigger.py
[2025-01-18T00:22:09.340+0000] {processor.py:925} INFO - DAG(s) 'latest_only_with_trigger' retrieved from /home/airflow/.local/lib/python3.12/site-packages/airflow/example_dags/example_latest_only_with_trigger.py
[2025-01-18T00:22:09.363+0000] {logging_mixin.py:190} INFO - [2025-01-18T00:22:09.363+0000] {dag.py:3239} INFO - Sync 1 DAGs
[2025-01-18T00:22:09.391+0000] {logging_mixin.py:190} INFO - [2025-01-18T00:22:09.391+0000] {dag.py:4180} INFO - Setting next_dagrun for latest_only_with_trigger to 2025-01-17 20:00:00+00:00, run_after=2025-01-18 00:00:00+00:00
[2025-01-18T00:22:09.417+0000] {processor.py:208} INFO - Processing /home/airflow/.local/lib/python3.12/site-packages/airflow/example_dags/example_latest_only_with_trigger.py took 0.095 seconds
[2025-01-18T00:22:39.989+0000] {processor.py:186} INFO - Started process (PID=20347) to work on /home/airflow/.local/lib/python3.12/site-packages/airflow/example_dags/example_latest_only_with_trigger.py
[2025-01-18T00:22:39.990+0000] {processor.py:914} INFO - Processing file /home/airflow/.local/lib/python3.12/site-packages/airflow/example_dags/example_latest_only_with_trigger.py for tasks to queue
[2025-01-18T00:22:39.992+0000] {logging_mixin.py:190} INFO - [2025-01-18T00:22:39.992+0000] {dagbag.py:588} INFO - Filling up the DagBag from /home/airflow/.local/lib/python3.12/site-packages/airflow/example_dags/example_latest_only_with_trigger.py
[2025-01-18T00:22:40.000+0000] {processor.py:925} INFO - DAG(s) 'latest_only_with_trigger' retrieved from /home/airflow/.local/lib/python3.12/site-packages/airflow/example_dags/example_latest_only_with_trigger.py
[2025-01-18T00:22:40.020+0000] {logging_mixin.py:190} INFO - [2025-01-18T00:22:40.020+0000] {dag.py:3239} INFO - Sync 1 DAGs
[2025-01-18T00:22:40.046+0000] {logging_mixin.py:190} INFO - [2025-01-18T00:22:40.046+0000] {dag.py:4180} INFO - Setting next_dagrun for latest_only_with_trigger to 2025-01-17 20:00:00+00:00, run_after=2025-01-18 00:00:00+00:00
[2025-01-18T00:22:40.073+0000] {processor.py:208} INFO - Processing /home/airflow/.local/lib/python3.12/site-packages/airflow/example_dags/example_latest_only_with_trigger.py took 0.089 seconds
[2025-01-18T00:23:10.194+0000] {processor.py:186} INFO - Started process (PID=20414) to work on /home/airflow/.local/lib/python3.12/site-packages/airflow/example_dags/example_latest_only_with_trigger.py
[2025-01-18T00:23:10.195+0000] {processor.py:914} INFO - Processing file /home/airflow/.local/lib/python3.12/site-packages/airflow/example_dags/example_latest_only_with_trigger.py for tasks to queue
[2025-01-18T00:23:10.197+0000] {logging_mixin.py:190} INFO - [2025-01-18T00:23:10.197+0000] {dagbag.py:588} INFO - Filling up the DagBag from /home/airflow/.local/lib/python3.12/site-packages/airflow/example_dags/example_latest_only_with_trigger.py
[2025-01-18T00:23:10.206+0000] {processor.py:925} INFO - DAG(s) 'latest_only_with_trigger' retrieved from /home/airflow/.local/lib/python3.12/site-packages/airflow/example_dags/example_latest_only_with_trigger.py
[2025-01-18T00:23:10.228+0000] {logging_mixin.py:190} INFO - [2025-01-18T00:23:10.228+0000] {dag.py:3239} INFO - Sync 1 DAGs
[2025-01-18T00:23:10.254+0000] {logging_mixin.py:190} INFO - [2025-01-18T00:23:10.253+0000] {dag.py:4180} INFO - Setting next_dagrun for latest_only_with_trigger to 2025-01-17 20:00:00+00:00, run_after=2025-01-18 00:00:00+00:00
[2025-01-18T00:23:10.280+0000] {processor.py:208} INFO - Processing /home/airflow/.local/lib/python3.12/site-packages/airflow/example_dags/example_latest_only_with_trigger.py took 0.093 seconds
[2025-01-18T00:23:40.812+0000] {processor.py:186} INFO - Started process (PID=20481) to work on /home/airflow/.local/lib/python3.12/site-packages/airflow/example_dags/example_latest_only_with_trigger.py
[2025-01-18T00:23:40.813+0000] {processor.py:914} INFO - Processing file /home/airflow/.local/lib/python3.12/site-packages/airflow/example_dags/example_latest_only_with_trigger.py for tasks to queue
[2025-01-18T00:23:40.815+0000] {logging_mixin.py:190} INFO - [2025-01-18T00:23:40.815+0000] {dagbag.py:588} INFO - Filling up the DagBag from /home/airflow/.local/lib/python3.12/site-packages/airflow/example_dags/example_latest_only_with_trigger.py
[2025-01-18T00:23:40.824+0000] {processor.py:925} INFO - DAG(s) 'latest_only_with_trigger' retrieved from /home/airflow/.local/lib/python3.12/site-packages/airflow/example_dags/example_latest_only_with_trigger.py
[2025-01-18T00:23:40.848+0000] {logging_mixin.py:190} INFO - [2025-01-18T00:23:40.847+0000] {dag.py:3239} INFO - Sync 1 DAGs
[2025-01-18T00:23:40.885+0000] {logging_mixin.py:190} INFO - [2025-01-18T00:23:40.884+0000] {dag.py:4180} INFO - Setting next_dagrun for latest_only_with_trigger to 2025-01-17 20:00:00+00:00, run_after=2025-01-18 00:00:00+00:00
[2025-01-18T00:23:40.915+0000] {processor.py:208} INFO - Processing /home/airflow/.local/lib/python3.12/site-packages/airflow/example_dags/example_latest_only_with_trigger.py took 0.109 seconds
[2025-01-18T00:24:11.564+0000] {processor.py:186} INFO - Started process (PID=20548) to work on /home/airflow/.local/lib/python3.12/site-packages/airflow/example_dags/example_latest_only_with_trigger.py
[2025-01-18T00:24:11.566+0000] {processor.py:914} INFO - Processing file /home/airflow/.local/lib/python3.12/site-packages/airflow/example_dags/example_latest_only_with_trigger.py for tasks to queue
[2025-01-18T00:24:11.568+0000] {logging_mixin.py:190} INFO - [2025-01-18T00:24:11.568+0000] {dagbag.py:588} INFO - Filling up the DagBag from /home/airflow/.local/lib/python3.12/site-packages/airflow/example_dags/example_latest_only_with_trigger.py
[2025-01-18T00:24:11.575+0000] {processor.py:925} INFO - DAG(s) 'latest_only_with_trigger' retrieved from /home/airflow/.local/lib/python3.12/site-packages/airflow/example_dags/example_latest_only_with_trigger.py
[2025-01-18T00:24:11.594+0000] {logging_mixin.py:190} INFO - [2025-01-18T00:24:11.593+0000] {dag.py:3239} INFO - Sync 1 DAGs
[2025-01-18T00:24:11.618+0000] {logging_mixin.py:190} INFO - [2025-01-18T00:24:11.618+0000] {dag.py:4180} INFO - Setting next_dagrun for latest_only_with_trigger to 2025-01-17 20:00:00+00:00, run_after=2025-01-18 00:00:00+00:00
[2025-01-18T00:24:11.644+0000] {processor.py:208} INFO - Processing /home/airflow/.local/lib/python3.12/site-packages/airflow/example_dags/example_latest_only_with_trigger.py took 0.085 seconds
[2025-01-18T00:24:41.927+0000] {processor.py:186} INFO - Started process (PID=20615) to work on /home/airflow/.local/lib/python3.12/site-packages/airflow/example_dags/example_latest_only_with_trigger.py
[2025-01-18T00:24:41.929+0000] {processor.py:914} INFO - Processing file /home/airflow/.local/lib/python3.12/site-packages/airflow/example_dags/example_latest_only_with_trigger.py for tasks to queue
[2025-01-18T00:24:41.932+0000] {logging_mixin.py:190} INFO - [2025-01-18T00:24:41.931+0000] {dagbag.py:588} INFO - Filling up the DagBag from /home/airflow/.local/lib/python3.12/site-packages/airflow/example_dags/example_latest_only_with_trigger.py
[2025-01-18T00:24:41.940+0000] {processor.py:925} INFO - DAG(s) 'latest_only_with_trigger' retrieved from /home/airflow/.local/lib/python3.12/site-packages/airflow/example_dags/example_latest_only_with_trigger.py
[2025-01-18T00:24:41.963+0000] {logging_mixin.py:190} INFO - [2025-01-18T00:24:41.963+0000] {dag.py:3239} INFO - Sync 1 DAGs
[2025-01-18T00:24:41.989+0000] {logging_mixin.py:190} INFO - [2025-01-18T00:24:41.989+0000] {dag.py:4180} INFO - Setting next_dagrun for latest_only_with_trigger to 2025-01-17 20:00:00+00:00, run_after=2025-01-18 00:00:00+00:00
[2025-01-18T00:24:42.010+0000] {processor.py:208} INFO - Processing /home/airflow/.local/lib/python3.12/site-packages/airflow/example_dags/example_latest_only_with_trigger.py took 0.089 seconds
[2025-01-18T00:25:12.732+0000] {processor.py:186} INFO - Started process (PID=20682) to work on /home/airflow/.local/lib/python3.12/site-packages/airflow/example_dags/example_latest_only_with_trigger.py
[2025-01-18T00:25:12.734+0000] {processor.py:914} INFO - Processing file /home/airflow/.local/lib/python3.12/site-packages/airflow/example_dags/example_latest_only_with_trigger.py for tasks to queue
[2025-01-18T00:25:12.736+0000] {logging_mixin.py:190} INFO - [2025-01-18T00:25:12.736+0000] {dagbag.py:588} INFO - Filling up the DagBag from /home/airflow/.local/lib/python3.12/site-packages/airflow/example_dags/example_latest_only_with_trigger.py
[2025-01-18T00:25:12.747+0000] {processor.py:925} INFO - DAG(s) 'latest_only_with_trigger' retrieved from /home/airflow/.local/lib/python3.12/site-packages/airflow/example_dags/example_latest_only_with_trigger.py
[2025-01-18T00:25:12.776+0000] {logging_mixin.py:190} INFO - [2025-01-18T00:25:12.775+0000] {dag.py:3239} INFO - Sync 1 DAGs
[2025-01-18T00:25:12.801+0000] {logging_mixin.py:190} INFO - [2025-01-18T00:25:12.800+0000] {dag.py:4180} INFO - Setting next_dagrun for latest_only_with_trigger to 2025-01-17 20:00:00+00:00, run_after=2025-01-18 00:00:00+00:00
[2025-01-18T00:25:12.821+0000] {processor.py:208} INFO - Processing /home/airflow/.local/lib/python3.12/site-packages/airflow/example_dags/example_latest_only_with_trigger.py took 0.098 seconds
[2025-01-18T00:25:43.556+0000] {processor.py:186} INFO - Started process (PID=20749) to work on /home/airflow/.local/lib/python3.12/site-packages/airflow/example_dags/example_latest_only_with_trigger.py
[2025-01-18T00:25:43.557+0000] {processor.py:914} INFO - Processing file /home/airflow/.local/lib/python3.12/site-packages/airflow/example_dags/example_latest_only_with_trigger.py for tasks to queue
[2025-01-18T00:25:43.560+0000] {logging_mixin.py:190} INFO - [2025-01-18T00:25:43.559+0000] {dagbag.py:588} INFO - Filling up the DagBag from /home/airflow/.local/lib/python3.12/site-packages/airflow/example_dags/example_latest_only_with_trigger.py
[2025-01-18T00:25:43.568+0000] {processor.py:925} INFO - DAG(s) 'latest_only_with_trigger' retrieved from /home/airflow/.local/lib/python3.12/site-packages/airflow/example_dags/example_latest_only_with_trigger.py
[2025-01-18T00:25:43.595+0000] {logging_mixin.py:190} INFO - [2025-01-18T00:25:43.595+0000] {dag.py:3239} INFO - Sync 1 DAGs
[2025-01-18T00:25:43.625+0000] {logging_mixin.py:190} INFO - [2025-01-18T00:25:43.624+0000] {dag.py:4180} INFO - Setting next_dagrun for latest_only_with_trigger to 2025-01-17 20:00:00+00:00, run_after=2025-01-18 00:00:00+00:00
[2025-01-18T00:25:43.652+0000] {processor.py:208} INFO - Processing /home/airflow/.local/lib/python3.12/site-packages/airflow/example_dags/example_latest_only_with_trigger.py took 0.103 seconds
[2025-01-18T00:26:14.166+0000] {processor.py:186} INFO - Started process (PID=20816) to work on /home/airflow/.local/lib/python3.12/site-packages/airflow/example_dags/example_latest_only_with_trigger.py
[2025-01-18T00:26:14.168+0000] {processor.py:914} INFO - Processing file /home/airflow/.local/lib/python3.12/site-packages/airflow/example_dags/example_latest_only_with_trigger.py for tasks to queue
[2025-01-18T00:26:14.171+0000] {logging_mixin.py:190} INFO - [2025-01-18T00:26:14.171+0000] {dagbag.py:588} INFO - Filling up the DagBag from /home/airflow/.local/lib/python3.12/site-packages/airflow/example_dags/example_latest_only_with_trigger.py
[2025-01-18T00:26:14.180+0000] {processor.py:925} INFO - DAG(s) 'latest_only_with_trigger' retrieved from /home/airflow/.local/lib/python3.12/site-packages/airflow/example_dags/example_latest_only_with_trigger.py
[2025-01-18T00:26:14.207+0000] {logging_mixin.py:190} INFO - [2025-01-18T00:26:14.206+0000] {dag.py:3239} INFO - Sync 1 DAGs
[2025-01-18T00:26:14.247+0000] {logging_mixin.py:190} INFO - [2025-01-18T00:26:14.247+0000] {dag.py:4180} INFO - Setting next_dagrun for latest_only_with_trigger to 2025-01-17 20:00:00+00:00, run_after=2025-01-18 00:00:00+00:00
[2025-01-18T00:26:14.272+0000] {processor.py:208} INFO - Processing /home/airflow/.local/lib/python3.12/site-packages/airflow/example_dags/example_latest_only_with_trigger.py took 0.112 seconds
[2025-01-18T00:26:44.959+0000] {processor.py:186} INFO - Started process (PID=20883) to work on /home/airflow/.local/lib/python3.12/site-packages/airflow/example_dags/example_latest_only_with_trigger.py
[2025-01-18T00:26:44.960+0000] {processor.py:914} INFO - Processing file /home/airflow/.local/lib/python3.12/site-packages/airflow/example_dags/example_latest_only_with_trigger.py for tasks to queue
[2025-01-18T00:26:44.963+0000] {logging_mixin.py:190} INFO - [2025-01-18T00:26:44.963+0000] {dagbag.py:588} INFO - Filling up the DagBag from /home/airflow/.local/lib/python3.12/site-packages/airflow/example_dags/example_latest_only_with_trigger.py
[2025-01-18T00:26:44.974+0000] {processor.py:925} INFO - DAG(s) 'latest_only_with_trigger' retrieved from /home/airflow/.local/lib/python3.12/site-packages/airflow/example_dags/example_latest_only_with_trigger.py
[2025-01-18T00:26:45.002+0000] {logging_mixin.py:190} INFO - [2025-01-18T00:26:45.001+0000] {dag.py:3239} INFO - Sync 1 DAGs
[2025-01-18T00:26:45.031+0000] {logging_mixin.py:190} INFO - [2025-01-18T00:26:45.031+0000] {dag.py:4180} INFO - Setting next_dagrun for latest_only_with_trigger to 2025-01-17 20:00:00+00:00, run_after=2025-01-18 00:00:00+00:00
[2025-01-18T00:26:45.054+0000] {processor.py:208} INFO - Processing /home/airflow/.local/lib/python3.12/site-packages/airflow/example_dags/example_latest_only_with_trigger.py took 0.103 seconds
[2025-01-18T00:27:15.825+0000] {processor.py:186} INFO - Started process (PID=20956) to work on /home/airflow/.local/lib/python3.12/site-packages/airflow/example_dags/example_latest_only_with_trigger.py
[2025-01-18T00:27:15.826+0000] {processor.py:914} INFO - Processing file /home/airflow/.local/lib/python3.12/site-packages/airflow/example_dags/example_latest_only_with_trigger.py for tasks to queue
[2025-01-18T00:27:15.829+0000] {logging_mixin.py:190} INFO - [2025-01-18T00:27:15.828+0000] {dagbag.py:588} INFO - Filling up the DagBag from /home/airflow/.local/lib/python3.12/site-packages/airflow/example_dags/example_latest_only_with_trigger.py
[2025-01-18T00:27:15.838+0000] {processor.py:925} INFO - DAG(s) 'latest_only_with_trigger' retrieved from /home/airflow/.local/lib/python3.12/site-packages/airflow/example_dags/example_latest_only_with_trigger.py
[2025-01-18T00:27:15.863+0000] {logging_mixin.py:190} INFO - [2025-01-18T00:27:15.862+0000] {dag.py:3239} INFO - Sync 1 DAGs
[2025-01-18T00:27:15.894+0000] {logging_mixin.py:190} INFO - [2025-01-18T00:27:15.893+0000] {dag.py:4180} INFO - Setting next_dagrun for latest_only_with_trigger to 2025-01-17 20:00:00+00:00, run_after=2025-01-18 00:00:00+00:00
[2025-01-18T00:27:15.917+0000] {processor.py:208} INFO - Processing /home/airflow/.local/lib/python3.12/site-packages/airflow/example_dags/example_latest_only_with_trigger.py took 0.098 seconds
[2025-01-18T00:27:46.234+0000] {processor.py:186} INFO - Started process (PID=21023) to work on /home/airflow/.local/lib/python3.12/site-packages/airflow/example_dags/example_latest_only_with_trigger.py
[2025-01-18T00:27:46.235+0000] {processor.py:914} INFO - Processing file /home/airflow/.local/lib/python3.12/site-packages/airflow/example_dags/example_latest_only_with_trigger.py for tasks to queue
[2025-01-18T00:27:46.238+0000] {logging_mixin.py:190} INFO - [2025-01-18T00:27:46.238+0000] {dagbag.py:588} INFO - Filling up the DagBag from /home/airflow/.local/lib/python3.12/site-packages/airflow/example_dags/example_latest_only_with_trigger.py
[2025-01-18T00:27:46.246+0000] {processor.py:925} INFO - DAG(s) 'latest_only_with_trigger' retrieved from /home/airflow/.local/lib/python3.12/site-packages/airflow/example_dags/example_latest_only_with_trigger.py
[2025-01-18T00:27:46.268+0000] {logging_mixin.py:190} INFO - [2025-01-18T00:27:46.268+0000] {dag.py:3239} INFO - Sync 1 DAGs
[2025-01-18T00:27:46.292+0000] {logging_mixin.py:190} INFO - [2025-01-18T00:27:46.292+0000] {dag.py:4180} INFO - Setting next_dagrun for latest_only_with_trigger to 2025-01-17 20:00:00+00:00, run_after=2025-01-18 00:00:00+00:00
[2025-01-18T00:27:46.313+0000] {processor.py:208} INFO - Processing /home/airflow/.local/lib/python3.12/site-packages/airflow/example_dags/example_latest_only_with_trigger.py took 0.086 seconds
[2025-01-18T00:28:17.008+0000] {processor.py:186} INFO - Started process (PID=21089) to work on /home/airflow/.local/lib/python3.12/site-packages/airflow/example_dags/example_latest_only_with_trigger.py
[2025-01-18T00:28:17.009+0000] {processor.py:914} INFO - Processing file /home/airflow/.local/lib/python3.12/site-packages/airflow/example_dags/example_latest_only_with_trigger.py for tasks to queue
[2025-01-18T00:28:17.012+0000] {logging_mixin.py:190} INFO - [2025-01-18T00:28:17.011+0000] {dagbag.py:588} INFO - Filling up the DagBag from /home/airflow/.local/lib/python3.12/site-packages/airflow/example_dags/example_latest_only_with_trigger.py
[2025-01-18T00:28:17.019+0000] {processor.py:925} INFO - DAG(s) 'latest_only_with_trigger' retrieved from /home/airflow/.local/lib/python3.12/site-packages/airflow/example_dags/example_latest_only_with_trigger.py
[2025-01-18T00:28:17.042+0000] {logging_mixin.py:190} INFO - [2025-01-18T00:28:17.041+0000] {dag.py:3239} INFO - Sync 1 DAGs
[2025-01-18T00:28:17.070+0000] {logging_mixin.py:190} INFO - [2025-01-18T00:28:17.070+0000] {dag.py:4180} INFO - Setting next_dagrun for latest_only_with_trigger to 2025-01-17 20:00:00+00:00, run_after=2025-01-18 00:00:00+00:00
[2025-01-18T00:28:17.094+0000] {processor.py:208} INFO - Processing /home/airflow/.local/lib/python3.12/site-packages/airflow/example_dags/example_latest_only_with_trigger.py took 0.093 seconds
[2025-01-18T00:28:47.509+0000] {processor.py:186} INFO - Started process (PID=21156) to work on /home/airflow/.local/lib/python3.12/site-packages/airflow/example_dags/example_latest_only_with_trigger.py
[2025-01-18T00:28:47.510+0000] {processor.py:914} INFO - Processing file /home/airflow/.local/lib/python3.12/site-packages/airflow/example_dags/example_latest_only_with_trigger.py for tasks to queue
[2025-01-18T00:28:47.513+0000] {logging_mixin.py:190} INFO - [2025-01-18T00:28:47.512+0000] {dagbag.py:588} INFO - Filling up the DagBag from /home/airflow/.local/lib/python3.12/site-packages/airflow/example_dags/example_latest_only_with_trigger.py
[2025-01-18T00:28:47.520+0000] {processor.py:925} INFO - DAG(s) 'latest_only_with_trigger' retrieved from /home/airflow/.local/lib/python3.12/site-packages/airflow/example_dags/example_latest_only_with_trigger.py
[2025-01-18T00:28:47.542+0000] {logging_mixin.py:190} INFO - [2025-01-18T00:28:47.542+0000] {dag.py:3239} INFO - Sync 1 DAGs
[2025-01-18T00:28:47.567+0000] {logging_mixin.py:190} INFO - [2025-01-18T00:28:47.567+0000] {dag.py:4180} INFO - Setting next_dagrun for latest_only_with_trigger to 2025-01-17 20:00:00+00:00, run_after=2025-01-18 00:00:00+00:00
[2025-01-18T00:28:47.590+0000] {processor.py:208} INFO - Processing /home/airflow/.local/lib/python3.12/site-packages/airflow/example_dags/example_latest_only_with_trigger.py took 0.086 seconds
[2025-01-18T00:29:18.004+0000] {processor.py:186} INFO - Started process (PID=21223) to work on /home/airflow/.local/lib/python3.12/site-packages/airflow/example_dags/example_latest_only_with_trigger.py
[2025-01-18T00:29:18.005+0000] {processor.py:914} INFO - Processing file /home/airflow/.local/lib/python3.12/site-packages/airflow/example_dags/example_latest_only_with_trigger.py for tasks to queue
[2025-01-18T00:29:18.007+0000] {logging_mixin.py:190} INFO - [2025-01-18T00:29:18.007+0000] {dagbag.py:588} INFO - Filling up the DagBag from /home/airflow/.local/lib/python3.12/site-packages/airflow/example_dags/example_latest_only_with_trigger.py
[2025-01-18T00:29:18.014+0000] {processor.py:925} INFO - DAG(s) 'latest_only_with_trigger' retrieved from /home/airflow/.local/lib/python3.12/site-packages/airflow/example_dags/example_latest_only_with_trigger.py
[2025-01-18T00:29:18.034+0000] {logging_mixin.py:190} INFO - [2025-01-18T00:29:18.034+0000] {dag.py:3239} INFO - Sync 1 DAGs
[2025-01-18T00:29:18.058+0000] {logging_mixin.py:190} INFO - [2025-01-18T00:29:18.058+0000] {dag.py:4180} INFO - Setting next_dagrun for latest_only_with_trigger to 2025-01-17 20:00:00+00:00, run_after=2025-01-18 00:00:00+00:00
[2025-01-18T00:29:18.077+0000] {processor.py:208} INFO - Processing /home/airflow/.local/lib/python3.12/site-packages/airflow/example_dags/example_latest_only_with_trigger.py took 0.080 seconds
[2025-01-18T00:29:48.917+0000] {processor.py:186} INFO - Started process (PID=21290) to work on /home/airflow/.local/lib/python3.12/site-packages/airflow/example_dags/example_latest_only_with_trigger.py
[2025-01-18T00:29:48.919+0000] {processor.py:914} INFO - Processing file /home/airflow/.local/lib/python3.12/site-packages/airflow/example_dags/example_latest_only_with_trigger.py for tasks to queue
[2025-01-18T00:29:48.922+0000] {logging_mixin.py:190} INFO - [2025-01-18T00:29:48.921+0000] {dagbag.py:588} INFO - Filling up the DagBag from /home/airflow/.local/lib/python3.12/site-packages/airflow/example_dags/example_latest_only_with_trigger.py
[2025-01-18T00:29:48.931+0000] {processor.py:925} INFO - DAG(s) 'latest_only_with_trigger' retrieved from /home/airflow/.local/lib/python3.12/site-packages/airflow/example_dags/example_latest_only_with_trigger.py
[2025-01-18T00:29:48.957+0000] {logging_mixin.py:190} INFO - [2025-01-18T00:29:48.957+0000] {dag.py:3239} INFO - Sync 1 DAGs
[2025-01-18T00:29:48.984+0000] {logging_mixin.py:190} INFO - [2025-01-18T00:29:48.984+0000] {dag.py:4180} INFO - Setting next_dagrun for latest_only_with_trigger to 2025-01-17 20:00:00+00:00, run_after=2025-01-18 00:00:00+00:00
[2025-01-18T00:29:49.006+0000] {processor.py:208} INFO - Processing /home/airflow/.local/lib/python3.12/site-packages/airflow/example_dags/example_latest_only_with_trigger.py took 0.095 seconds
[2025-01-18T00:30:19.465+0000] {processor.py:186} INFO - Started process (PID=21357) to work on /home/airflow/.local/lib/python3.12/site-packages/airflow/example_dags/example_latest_only_with_trigger.py
[2025-01-18T00:30:19.466+0000] {processor.py:914} INFO - Processing file /home/airflow/.local/lib/python3.12/site-packages/airflow/example_dags/example_latest_only_with_trigger.py for tasks to queue
[2025-01-18T00:30:19.468+0000] {logging_mixin.py:190} INFO - [2025-01-18T00:30:19.468+0000] {dagbag.py:588} INFO - Filling up the DagBag from /home/airflow/.local/lib/python3.12/site-packages/airflow/example_dags/example_latest_only_with_trigger.py
[2025-01-18T00:30:19.475+0000] {processor.py:925} INFO - DAG(s) 'latest_only_with_trigger' retrieved from /home/airflow/.local/lib/python3.12/site-packages/airflow/example_dags/example_latest_only_with_trigger.py
[2025-01-18T00:30:19.497+0000] {logging_mixin.py:190} INFO - [2025-01-18T00:30:19.497+0000] {dag.py:3239} INFO - Sync 1 DAGs
[2025-01-18T00:30:19.528+0000] {logging_mixin.py:190} INFO - [2025-01-18T00:30:19.528+0000] {dag.py:4180} INFO - Setting next_dagrun for latest_only_with_trigger to 2025-01-17 20:00:00+00:00, run_after=2025-01-18 00:00:00+00:00
[2025-01-18T00:30:19.559+0000] {processor.py:208} INFO - Processing /home/airflow/.local/lib/python3.12/site-packages/airflow/example_dags/example_latest_only_with_trigger.py took 0.099 seconds
[2025-01-18T00:30:49.896+0000] {processor.py:186} INFO - Started process (PID=21424) to work on /home/airflow/.local/lib/python3.12/site-packages/airflow/example_dags/example_latest_only_with_trigger.py
[2025-01-18T00:30:49.897+0000] {processor.py:914} INFO - Processing file /home/airflow/.local/lib/python3.12/site-packages/airflow/example_dags/example_latest_only_with_trigger.py for tasks to queue
[2025-01-18T00:30:49.900+0000] {logging_mixin.py:190} INFO - [2025-01-18T00:30:49.899+0000] {dagbag.py:588} INFO - Filling up the DagBag from /home/airflow/.local/lib/python3.12/site-packages/airflow/example_dags/example_latest_only_with_trigger.py
[2025-01-18T00:30:49.909+0000] {processor.py:925} INFO - DAG(s) 'latest_only_with_trigger' retrieved from /home/airflow/.local/lib/python3.12/site-packages/airflow/example_dags/example_latest_only_with_trigger.py
[2025-01-18T00:30:49.938+0000] {logging_mixin.py:190} INFO - [2025-01-18T00:30:49.938+0000] {dag.py:3239} INFO - Sync 1 DAGs
[2025-01-18T00:30:49.973+0000] {logging_mixin.py:190} INFO - [2025-01-18T00:30:49.973+0000] {dag.py:4180} INFO - Setting next_dagrun for latest_only_with_trigger to 2025-01-17 20:00:00+00:00, run_after=2025-01-18 00:00:00+00:00
[2025-01-18T00:30:49.997+0000] {processor.py:208} INFO - Processing /home/airflow/.local/lib/python3.12/site-packages/airflow/example_dags/example_latest_only_with_trigger.py took 0.108 seconds
[2025-01-18T00:31:20.042+0000] {processor.py:186} INFO - Started process (PID=21497) to work on /home/airflow/.local/lib/python3.12/site-packages/airflow/example_dags/example_latest_only_with_trigger.py
[2025-01-18T00:31:20.044+0000] {processor.py:914} INFO - Processing file /home/airflow/.local/lib/python3.12/site-packages/airflow/example_dags/example_latest_only_with_trigger.py for tasks to queue
[2025-01-18T00:31:20.047+0000] {logging_mixin.py:190} INFO - [2025-01-18T00:31:20.046+0000] {dagbag.py:588} INFO - Filling up the DagBag from /home/airflow/.local/lib/python3.12/site-packages/airflow/example_dags/example_latest_only_with_trigger.py
[2025-01-18T00:31:20.054+0000] {processor.py:925} INFO - DAG(s) 'latest_only_with_trigger' retrieved from /home/airflow/.local/lib/python3.12/site-packages/airflow/example_dags/example_latest_only_with_trigger.py
[2025-01-18T00:31:20.077+0000] {logging_mixin.py:190} INFO - [2025-01-18T00:31:20.076+0000] {dag.py:3239} INFO - Sync 1 DAGs
[2025-01-18T00:31:20.107+0000] {logging_mixin.py:190} INFO - [2025-01-18T00:31:20.107+0000] {dag.py:4180} INFO - Setting next_dagrun for latest_only_with_trigger to 2025-01-17 20:00:00+00:00, run_after=2025-01-18 00:00:00+00:00
[2025-01-18T00:31:20.132+0000] {processor.py:208} INFO - Processing /home/airflow/.local/lib/python3.12/site-packages/airflow/example_dags/example_latest_only_with_trigger.py took 0.096 seconds
[2025-01-18T00:31:50.574+0000] {processor.py:186} INFO - Started process (PID=21564) to work on /home/airflow/.local/lib/python3.12/site-packages/airflow/example_dags/example_latest_only_with_trigger.py
[2025-01-18T00:31:50.575+0000] {processor.py:914} INFO - Processing file /home/airflow/.local/lib/python3.12/site-packages/airflow/example_dags/example_latest_only_with_trigger.py for tasks to queue
[2025-01-18T00:31:50.577+0000] {logging_mixin.py:190} INFO - [2025-01-18T00:31:50.577+0000] {dagbag.py:588} INFO - Filling up the DagBag from /home/airflow/.local/lib/python3.12/site-packages/airflow/example_dags/example_latest_only_with_trigger.py
[2025-01-18T00:31:50.586+0000] {processor.py:925} INFO - DAG(s) 'latest_only_with_trigger' retrieved from /home/airflow/.local/lib/python3.12/site-packages/airflow/example_dags/example_latest_only_with_trigger.py
[2025-01-18T00:31:50.609+0000] {logging_mixin.py:190} INFO - [2025-01-18T00:31:50.609+0000] {dag.py:3239} INFO - Sync 1 DAGs
[2025-01-18T00:31:50.636+0000] {logging_mixin.py:190} INFO - [2025-01-18T00:31:50.635+0000] {dag.py:4180} INFO - Setting next_dagrun for latest_only_with_trigger to 2025-01-17 20:00:00+00:00, run_after=2025-01-18 00:00:00+00:00
[2025-01-18T00:31:50.661+0000] {processor.py:208} INFO - Processing /home/airflow/.local/lib/python3.12/site-packages/airflow/example_dags/example_latest_only_with_trigger.py took 0.094 seconds
[2025-01-18T00:32:20.910+0000] {processor.py:186} INFO - Started process (PID=21631) to work on /home/airflow/.local/lib/python3.12/site-packages/airflow/example_dags/example_latest_only_with_trigger.py
[2025-01-18T00:32:20.911+0000] {processor.py:914} INFO - Processing file /home/airflow/.local/lib/python3.12/site-packages/airflow/example_dags/example_latest_only_with_trigger.py for tasks to queue
[2025-01-18T00:32:20.914+0000] {logging_mixin.py:190} INFO - [2025-01-18T00:32:20.914+0000] {dagbag.py:588} INFO - Filling up the DagBag from /home/airflow/.local/lib/python3.12/site-packages/airflow/example_dags/example_latest_only_with_trigger.py
[2025-01-18T00:32:20.923+0000] {processor.py:925} INFO - DAG(s) 'latest_only_with_trigger' retrieved from /home/airflow/.local/lib/python3.12/site-packages/airflow/example_dags/example_latest_only_with_trigger.py
[2025-01-18T00:32:20.946+0000] {logging_mixin.py:190} INFO - [2025-01-18T00:32:20.945+0000] {dag.py:3239} INFO - Sync 1 DAGs
[2025-01-18T00:32:20.976+0000] {logging_mixin.py:190} INFO - [2025-01-18T00:32:20.975+0000] {dag.py:4180} INFO - Setting next_dagrun for latest_only_with_trigger to 2025-01-17 20:00:00+00:00, run_after=2025-01-18 00:00:00+00:00
[2025-01-18T00:32:20.999+0000] {processor.py:208} INFO - Processing /home/airflow/.local/lib/python3.12/site-packages/airflow/example_dags/example_latest_only_with_trigger.py took 0.095 seconds
[2025-01-18T00:32:51.114+0000] {processor.py:186} INFO - Started process (PID=21698) to work on /home/airflow/.local/lib/python3.12/site-packages/airflow/example_dags/example_latest_only_with_trigger.py
[2025-01-18T00:32:51.115+0000] {processor.py:914} INFO - Processing file /home/airflow/.local/lib/python3.12/site-packages/airflow/example_dags/example_latest_only_with_trigger.py for tasks to queue
[2025-01-18T00:32:51.117+0000] {logging_mixin.py:190} INFO - [2025-01-18T00:32:51.117+0000] {dagbag.py:588} INFO - Filling up the DagBag from /home/airflow/.local/lib/python3.12/site-packages/airflow/example_dags/example_latest_only_with_trigger.py
[2025-01-18T00:32:51.124+0000] {processor.py:925} INFO - DAG(s) 'latest_only_with_trigger' retrieved from /home/airflow/.local/lib/python3.12/site-packages/airflow/example_dags/example_latest_only_with_trigger.py
[2025-01-18T00:32:51.145+0000] {logging_mixin.py:190} INFO - [2025-01-18T00:32:51.144+0000] {dag.py:3239} INFO - Sync 1 DAGs
[2025-01-18T00:32:51.170+0000] {logging_mixin.py:190} INFO - [2025-01-18T00:32:51.170+0000] {dag.py:4180} INFO - Setting next_dagrun for latest_only_with_trigger to 2025-01-17 20:00:00+00:00, run_after=2025-01-18 00:00:00+00:00
[2025-01-18T00:32:51.191+0000] {processor.py:208} INFO - Processing /home/airflow/.local/lib/python3.12/site-packages/airflow/example_dags/example_latest_only_with_trigger.py took 0.084 seconds
[2025-01-18T00:33:22.036+0000] {processor.py:186} INFO - Started process (PID=21765) to work on /home/airflow/.local/lib/python3.12/site-packages/airflow/example_dags/example_latest_only_with_trigger.py
[2025-01-18T00:33:22.037+0000] {processor.py:914} INFO - Processing file /home/airflow/.local/lib/python3.12/site-packages/airflow/example_dags/example_latest_only_with_trigger.py for tasks to queue
[2025-01-18T00:33:22.039+0000] {logging_mixin.py:190} INFO - [2025-01-18T00:33:22.039+0000] {dagbag.py:588} INFO - Filling up the DagBag from /home/airflow/.local/lib/python3.12/site-packages/airflow/example_dags/example_latest_only_with_trigger.py
[2025-01-18T00:33:22.046+0000] {processor.py:925} INFO - DAG(s) 'latest_only_with_trigger' retrieved from /home/airflow/.local/lib/python3.12/site-packages/airflow/example_dags/example_latest_only_with_trigger.py
[2025-01-18T00:33:22.067+0000] {logging_mixin.py:190} INFO - [2025-01-18T00:33:22.066+0000] {dag.py:3239} INFO - Sync 1 DAGs
[2025-01-18T00:33:22.094+0000] {logging_mixin.py:190} INFO - [2025-01-18T00:33:22.093+0000] {dag.py:4180} INFO - Setting next_dagrun for latest_only_with_trigger to 2025-01-17 20:00:00+00:00, run_after=2025-01-18 00:00:00+00:00
[2025-01-18T00:33:22.115+0000] {processor.py:208} INFO - Processing /home/airflow/.local/lib/python3.12/site-packages/airflow/example_dags/example_latest_only_with_trigger.py took 0.084 seconds
[2025-01-18T00:33:52.420+0000] {processor.py:186} INFO - Started process (PID=21831) to work on /home/airflow/.local/lib/python3.12/site-packages/airflow/example_dags/example_latest_only_with_trigger.py
[2025-01-18T00:33:52.421+0000] {processor.py:914} INFO - Processing file /home/airflow/.local/lib/python3.12/site-packages/airflow/example_dags/example_latest_only_with_trigger.py for tasks to queue
[2025-01-18T00:33:52.424+0000] {logging_mixin.py:190} INFO - [2025-01-18T00:33:52.424+0000] {dagbag.py:588} INFO - Filling up the DagBag from /home/airflow/.local/lib/python3.12/site-packages/airflow/example_dags/example_latest_only_with_trigger.py
[2025-01-18T00:33:52.431+0000] {processor.py:925} INFO - DAG(s) 'latest_only_with_trigger' retrieved from /home/airflow/.local/lib/python3.12/site-packages/airflow/example_dags/example_latest_only_with_trigger.py
[2025-01-18T00:33:52.454+0000] {logging_mixin.py:190} INFO - [2025-01-18T00:33:52.454+0000] {dag.py:3239} INFO - Sync 1 DAGs
[2025-01-18T00:33:52.477+0000] {logging_mixin.py:190} INFO - [2025-01-18T00:33:52.477+0000] {dag.py:4180} INFO - Setting next_dagrun for latest_only_with_trigger to 2025-01-17 20:00:00+00:00, run_after=2025-01-18 00:00:00+00:00
[2025-01-18T00:33:52.495+0000] {processor.py:208} INFO - Processing /home/airflow/.local/lib/python3.12/site-packages/airflow/example_dags/example_latest_only_with_trigger.py took 0.080 seconds
[2025-01-18T00:34:22.611+0000] {processor.py:186} INFO - Started process (PID=21899) to work on /home/airflow/.local/lib/python3.12/site-packages/airflow/example_dags/example_latest_only_with_trigger.py
[2025-01-18T00:34:22.612+0000] {processor.py:914} INFO - Processing file /home/airflow/.local/lib/python3.12/site-packages/airflow/example_dags/example_latest_only_with_trigger.py for tasks to queue
[2025-01-18T00:34:22.615+0000] {logging_mixin.py:190} INFO - [2025-01-18T00:34:22.615+0000] {dagbag.py:588} INFO - Filling up the DagBag from /home/airflow/.local/lib/python3.12/site-packages/airflow/example_dags/example_latest_only_with_trigger.py
[2025-01-18T00:34:22.623+0000] {processor.py:925} INFO - DAG(s) 'latest_only_with_trigger' retrieved from /home/airflow/.local/lib/python3.12/site-packages/airflow/example_dags/example_latest_only_with_trigger.py
[2025-01-18T00:34:22.651+0000] {logging_mixin.py:190} INFO - [2025-01-18T00:34:22.651+0000] {dag.py:3239} INFO - Sync 1 DAGs
[2025-01-18T00:34:22.683+0000] {logging_mixin.py:190} INFO - [2025-01-18T00:34:22.682+0000] {dag.py:4180} INFO - Setting next_dagrun for latest_only_with_trigger to 2025-01-17 20:00:00+00:00, run_after=2025-01-18 00:00:00+00:00
[2025-01-18T00:34:22.707+0000] {processor.py:208} INFO - Processing /home/airflow/.local/lib/python3.12/site-packages/airflow/example_dags/example_latest_only_with_trigger.py took 0.104 seconds
[2025-01-18T00:34:53.107+0000] {processor.py:186} INFO - Started process (PID=21966) to work on /home/airflow/.local/lib/python3.12/site-packages/airflow/example_dags/example_latest_only_with_trigger.py
[2025-01-18T00:34:53.108+0000] {processor.py:914} INFO - Processing file /home/airflow/.local/lib/python3.12/site-packages/airflow/example_dags/example_latest_only_with_trigger.py for tasks to queue
[2025-01-18T00:34:53.110+0000] {logging_mixin.py:190} INFO - [2025-01-18T00:34:53.109+0000] {dagbag.py:588} INFO - Filling up the DagBag from /home/airflow/.local/lib/python3.12/site-packages/airflow/example_dags/example_latest_only_with_trigger.py
[2025-01-18T00:34:53.117+0000] {processor.py:925} INFO - DAG(s) 'latest_only_with_trigger' retrieved from /home/airflow/.local/lib/python3.12/site-packages/airflow/example_dags/example_latest_only_with_trigger.py
[2025-01-18T00:34:53.140+0000] {logging_mixin.py:190} INFO - [2025-01-18T00:34:53.139+0000] {dag.py:3239} INFO - Sync 1 DAGs
[2025-01-18T00:34:53.167+0000] {logging_mixin.py:190} INFO - [2025-01-18T00:34:53.167+0000] {dag.py:4180} INFO - Setting next_dagrun for latest_only_with_trigger to 2025-01-17 20:00:00+00:00, run_after=2025-01-18 00:00:00+00:00
[2025-01-18T00:34:53.187+0000] {processor.py:208} INFO - Processing /home/airflow/.local/lib/python3.12/site-packages/airflow/example_dags/example_latest_only_with_trigger.py took 0.086 seconds
[2025-01-18T00:35:23.510+0000] {processor.py:186} INFO - Started process (PID=22033) to work on /home/airflow/.local/lib/python3.12/site-packages/airflow/example_dags/example_latest_only_with_trigger.py
[2025-01-18T00:35:23.511+0000] {processor.py:914} INFO - Processing file /home/airflow/.local/lib/python3.12/site-packages/airflow/example_dags/example_latest_only_with_trigger.py for tasks to queue
[2025-01-18T00:35:23.513+0000] {logging_mixin.py:190} INFO - [2025-01-18T00:35:23.513+0000] {dagbag.py:588} INFO - Filling up the DagBag from /home/airflow/.local/lib/python3.12/site-packages/airflow/example_dags/example_latest_only_with_trigger.py
[2025-01-18T00:35:23.521+0000] {processor.py:925} INFO - DAG(s) 'latest_only_with_trigger' retrieved from /home/airflow/.local/lib/python3.12/site-packages/airflow/example_dags/example_latest_only_with_trigger.py
[2025-01-18T00:35:23.543+0000] {logging_mixin.py:190} INFO - [2025-01-18T00:35:23.543+0000] {dag.py:3239} INFO - Sync 1 DAGs
[2025-01-18T00:35:23.570+0000] {logging_mixin.py:190} INFO - [2025-01-18T00:35:23.570+0000] {dag.py:4180} INFO - Setting next_dagrun for latest_only_with_trigger to 2025-01-17 20:00:00+00:00, run_after=2025-01-18 00:00:00+00:00
[2025-01-18T00:35:23.593+0000] {processor.py:208} INFO - Processing /home/airflow/.local/lib/python3.12/site-packages/airflow/example_dags/example_latest_only_with_trigger.py took 0.091 seconds
