[2025-01-18T00:00:01.769+0000] {processor.py:186} INFO - Started process (PID=17344) to work on /home/airflow/.local/lib/python3.12/site-packages/airflow/example_dags/example_setup_teardown_taskflow.py
[2025-01-18T00:00:01.770+0000] {processor.py:914} INFO - Processing file /home/airflow/.local/lib/python3.12/site-packages/airflow/example_dags/example_setup_teardown_taskflow.py for tasks to queue
[2025-01-18T00:00:01.773+0000] {logging_mixin.py:190} INFO - [2025-01-18T00:00:01.772+0000] {dagbag.py:588} INFO - Filling up the DagBag from /home/airflow/.local/lib/python3.12/site-packages/airflow/example_dags/example_setup_teardown_taskflow.py
[2025-01-18T00:00:01.790+0000] {processor.py:925} INFO - DAG(s) 'example_setup_teardown_taskflow' retrieved from /home/airflow/.local/lib/python3.12/site-packages/airflow/example_dags/example_setup_teardown_taskflow.py
[2025-01-18T00:00:01.826+0000] {logging_mixin.py:190} INFO - [2025-01-18T00:00:01.826+0000] {dag.py:3239} INFO - Sync 1 DAGs
[2025-01-18T00:00:01.849+0000] {logging_mixin.py:190} INFO - [2025-01-18T00:00:01.848+0000] {dag.py:4180} INFO - Setting next_dagrun for example_setup_teardown_taskflow to None, run_after=None
[2025-01-18T00:00:01.877+0000] {processor.py:208} INFO - Processing /home/airflow/.local/lib/python3.12/site-packages/airflow/example_dags/example_setup_teardown_taskflow.py took 0.116 seconds
[2025-01-18T00:00:32.705+0000] {processor.py:186} INFO - Started process (PID=17412) to work on /home/airflow/.local/lib/python3.12/site-packages/airflow/example_dags/example_setup_teardown_taskflow.py
[2025-01-18T00:00:32.706+0000] {processor.py:914} INFO - Processing file /home/airflow/.local/lib/python3.12/site-packages/airflow/example_dags/example_setup_teardown_taskflow.py for tasks to queue
[2025-01-18T00:00:32.709+0000] {logging_mixin.py:190} INFO - [2025-01-18T00:00:32.708+0000] {dagbag.py:588} INFO - Filling up the DagBag from /home/airflow/.local/lib/python3.12/site-packages/airflow/example_dags/example_setup_teardown_taskflow.py
[2025-01-18T00:00:32.719+0000] {processor.py:925} INFO - DAG(s) 'example_setup_teardown_taskflow' retrieved from /home/airflow/.local/lib/python3.12/site-packages/airflow/example_dags/example_setup_teardown_taskflow.py
[2025-01-18T00:00:32.743+0000] {logging_mixin.py:190} INFO - [2025-01-18T00:00:32.742+0000] {dag.py:3239} INFO - Sync 1 DAGs
[2025-01-18T00:00:32.757+0000] {logging_mixin.py:190} INFO - [2025-01-18T00:00:32.757+0000] {dag.py:4180} INFO - Setting next_dagrun for example_setup_teardown_taskflow to None, run_after=None
[2025-01-18T00:00:32.782+0000] {processor.py:208} INFO - Processing /home/airflow/.local/lib/python3.12/site-packages/airflow/example_dags/example_setup_teardown_taskflow.py took 0.083 seconds
[2025-01-18T00:01:03.311+0000] {processor.py:186} INFO - Started process (PID=17479) to work on /home/airflow/.local/lib/python3.12/site-packages/airflow/example_dags/example_setup_teardown_taskflow.py
[2025-01-18T00:01:03.312+0000] {processor.py:914} INFO - Processing file /home/airflow/.local/lib/python3.12/site-packages/airflow/example_dags/example_setup_teardown_taskflow.py for tasks to queue
[2025-01-18T00:01:03.315+0000] {logging_mixin.py:190} INFO - [2025-01-18T00:01:03.315+0000] {dagbag.py:588} INFO - Filling up the DagBag from /home/airflow/.local/lib/python3.12/site-packages/airflow/example_dags/example_setup_teardown_taskflow.py
[2025-01-18T00:01:03.328+0000] {processor.py:925} INFO - DAG(s) 'example_setup_teardown_taskflow' retrieved from /home/airflow/.local/lib/python3.12/site-packages/airflow/example_dags/example_setup_teardown_taskflow.py
[2025-01-18T00:01:03.355+0000] {logging_mixin.py:190} INFO - [2025-01-18T00:01:03.354+0000] {dag.py:3239} INFO - Sync 1 DAGs
[2025-01-18T00:01:03.374+0000] {logging_mixin.py:190} INFO - [2025-01-18T00:01:03.374+0000] {dag.py:4180} INFO - Setting next_dagrun for example_setup_teardown_taskflow to None, run_after=None
[2025-01-18T00:01:03.396+0000] {processor.py:208} INFO - Processing /home/airflow/.local/lib/python3.12/site-packages/airflow/example_dags/example_setup_teardown_taskflow.py took 0.092 seconds
[2025-01-18T00:01:34.108+0000] {processor.py:186} INFO - Started process (PID=17544) to work on /home/airflow/.local/lib/python3.12/site-packages/airflow/example_dags/example_setup_teardown_taskflow.py
[2025-01-18T00:01:34.110+0000] {processor.py:914} INFO - Processing file /home/airflow/.local/lib/python3.12/site-packages/airflow/example_dags/example_setup_teardown_taskflow.py for tasks to queue
[2025-01-18T00:01:34.112+0000] {logging_mixin.py:190} INFO - [2025-01-18T00:01:34.112+0000] {dagbag.py:588} INFO - Filling up the DagBag from /home/airflow/.local/lib/python3.12/site-packages/airflow/example_dags/example_setup_teardown_taskflow.py
[2025-01-18T00:01:34.124+0000] {processor.py:925} INFO - DAG(s) 'example_setup_teardown_taskflow' retrieved from /home/airflow/.local/lib/python3.12/site-packages/airflow/example_dags/example_setup_teardown_taskflow.py
[2025-01-18T00:01:34.150+0000] {logging_mixin.py:190} INFO - [2025-01-18T00:01:34.149+0000] {dag.py:3239} INFO - Sync 1 DAGs
[2025-01-18T00:01:34.165+0000] {logging_mixin.py:190} INFO - [2025-01-18T00:01:34.165+0000] {dag.py:4180} INFO - Setting next_dagrun for example_setup_teardown_taskflow to None, run_after=None
[2025-01-18T00:01:34.188+0000] {processor.py:208} INFO - Processing /home/airflow/.local/lib/python3.12/site-packages/airflow/example_dags/example_setup_teardown_taskflow.py took 0.087 seconds
[2025-01-18T00:02:04.944+0000] {processor.py:186} INFO - Started process (PID=17611) to work on /home/airflow/.local/lib/python3.12/site-packages/airflow/example_dags/example_setup_teardown_taskflow.py
[2025-01-18T00:02:04.945+0000] {processor.py:914} INFO - Processing file /home/airflow/.local/lib/python3.12/site-packages/airflow/example_dags/example_setup_teardown_taskflow.py for tasks to queue
[2025-01-18T00:02:04.947+0000] {logging_mixin.py:190} INFO - [2025-01-18T00:02:04.947+0000] {dagbag.py:588} INFO - Filling up the DagBag from /home/airflow/.local/lib/python3.12/site-packages/airflow/example_dags/example_setup_teardown_taskflow.py
[2025-01-18T00:02:04.959+0000] {processor.py:925} INFO - DAG(s) 'example_setup_teardown_taskflow' retrieved from /home/airflow/.local/lib/python3.12/site-packages/airflow/example_dags/example_setup_teardown_taskflow.py
[2025-01-18T00:02:04.986+0000] {logging_mixin.py:190} INFO - [2025-01-18T00:02:04.985+0000] {dag.py:3239} INFO - Sync 1 DAGs
[2025-01-18T00:02:05.010+0000] {logging_mixin.py:190} INFO - [2025-01-18T00:02:05.009+0000] {dag.py:4180} INFO - Setting next_dagrun for example_setup_teardown_taskflow to None, run_after=None
[2025-01-18T00:02:05.041+0000] {processor.py:208} INFO - Processing /home/airflow/.local/lib/python3.12/site-packages/airflow/example_dags/example_setup_teardown_taskflow.py took 0.104 seconds
[2025-01-18T00:02:36.106+0000] {processor.py:186} INFO - Started process (PID=17678) to work on /home/airflow/.local/lib/python3.12/site-packages/airflow/example_dags/example_setup_teardown_taskflow.py
[2025-01-18T00:02:36.108+0000] {processor.py:914} INFO - Processing file /home/airflow/.local/lib/python3.12/site-packages/airflow/example_dags/example_setup_teardown_taskflow.py for tasks to queue
[2025-01-18T00:02:36.111+0000] {logging_mixin.py:190} INFO - [2025-01-18T00:02:36.111+0000] {dagbag.py:588} INFO - Filling up the DagBag from /home/airflow/.local/lib/python3.12/site-packages/airflow/example_dags/example_setup_teardown_taskflow.py
[2025-01-18T00:02:36.125+0000] {processor.py:925} INFO - DAG(s) 'example_setup_teardown_taskflow' retrieved from /home/airflow/.local/lib/python3.12/site-packages/airflow/example_dags/example_setup_teardown_taskflow.py
[2025-01-18T00:02:36.156+0000] {logging_mixin.py:190} INFO - [2025-01-18T00:02:36.155+0000] {dag.py:3239} INFO - Sync 1 DAGs
[2025-01-18T00:02:36.177+0000] {logging_mixin.py:190} INFO - [2025-01-18T00:02:36.176+0000] {dag.py:4180} INFO - Setting next_dagrun for example_setup_teardown_taskflow to None, run_after=None
[2025-01-18T00:02:36.202+0000] {processor.py:208} INFO - Processing /home/airflow/.local/lib/python3.12/site-packages/airflow/example_dags/example_setup_teardown_taskflow.py took 0.104 seconds
[2025-01-18T00:03:07.313+0000] {processor.py:186} INFO - Started process (PID=17753) to work on /home/airflow/.local/lib/python3.12/site-packages/airflow/example_dags/example_setup_teardown_taskflow.py
[2025-01-18T00:03:07.314+0000] {processor.py:914} INFO - Processing file /home/airflow/.local/lib/python3.12/site-packages/airflow/example_dags/example_setup_teardown_taskflow.py for tasks to queue
[2025-01-18T00:03:07.317+0000] {logging_mixin.py:190} INFO - [2025-01-18T00:03:07.317+0000] {dagbag.py:588} INFO - Filling up the DagBag from /home/airflow/.local/lib/python3.12/site-packages/airflow/example_dags/example_setup_teardown_taskflow.py
[2025-01-18T00:03:07.330+0000] {processor.py:925} INFO - DAG(s) 'example_setup_teardown_taskflow' retrieved from /home/airflow/.local/lib/python3.12/site-packages/airflow/example_dags/example_setup_teardown_taskflow.py
[2025-01-18T00:03:07.359+0000] {logging_mixin.py:190} INFO - [2025-01-18T00:03:07.358+0000] {dag.py:3239} INFO - Sync 1 DAGs
[2025-01-18T00:03:07.378+0000] {logging_mixin.py:190} INFO - [2025-01-18T00:03:07.377+0000] {dag.py:4180} INFO - Setting next_dagrun for example_setup_teardown_taskflow to None, run_after=None
[2025-01-18T00:03:07.405+0000] {processor.py:208} INFO - Processing /home/airflow/.local/lib/python3.12/site-packages/airflow/example_dags/example_setup_teardown_taskflow.py took 0.097 seconds
[2025-01-18T00:03:37.472+0000] {processor.py:186} INFO - Started process (PID=17819) to work on /home/airflow/.local/lib/python3.12/site-packages/airflow/example_dags/example_setup_teardown_taskflow.py
[2025-01-18T00:03:37.474+0000] {processor.py:914} INFO - Processing file /home/airflow/.local/lib/python3.12/site-packages/airflow/example_dags/example_setup_teardown_taskflow.py for tasks to queue
[2025-01-18T00:03:37.477+0000] {logging_mixin.py:190} INFO - [2025-01-18T00:03:37.476+0000] {dagbag.py:588} INFO - Filling up the DagBag from /home/airflow/.local/lib/python3.12/site-packages/airflow/example_dags/example_setup_teardown_taskflow.py
[2025-01-18T00:03:37.490+0000] {processor.py:925} INFO - DAG(s) 'example_setup_teardown_taskflow' retrieved from /home/airflow/.local/lib/python3.12/site-packages/airflow/example_dags/example_setup_teardown_taskflow.py
[2025-01-18T00:03:37.520+0000] {logging_mixin.py:190} INFO - [2025-01-18T00:03:37.520+0000] {dag.py:3239} INFO - Sync 1 DAGs
[2025-01-18T00:03:37.540+0000] {logging_mixin.py:190} INFO - [2025-01-18T00:03:37.540+0000] {dag.py:4180} INFO - Setting next_dagrun for example_setup_teardown_taskflow to None, run_after=None
[2025-01-18T00:03:37.566+0000] {processor.py:208} INFO - Processing /home/airflow/.local/lib/python3.12/site-packages/airflow/example_dags/example_setup_teardown_taskflow.py took 0.102 seconds
[2025-01-18T00:04:08.027+0000] {processor.py:186} INFO - Started process (PID=17886) to work on /home/airflow/.local/lib/python3.12/site-packages/airflow/example_dags/example_setup_teardown_taskflow.py
[2025-01-18T00:04:08.028+0000] {processor.py:914} INFO - Processing file /home/airflow/.local/lib/python3.12/site-packages/airflow/example_dags/example_setup_teardown_taskflow.py for tasks to queue
[2025-01-18T00:04:08.030+0000] {logging_mixin.py:190} INFO - [2025-01-18T00:04:08.030+0000] {dagbag.py:588} INFO - Filling up the DagBag from /home/airflow/.local/lib/python3.12/site-packages/airflow/example_dags/example_setup_teardown_taskflow.py
[2025-01-18T00:04:08.041+0000] {processor.py:925} INFO - DAG(s) 'example_setup_teardown_taskflow' retrieved from /home/airflow/.local/lib/python3.12/site-packages/airflow/example_dags/example_setup_teardown_taskflow.py
[2025-01-18T00:04:08.066+0000] {logging_mixin.py:190} INFO - [2025-01-18T00:04:08.065+0000] {dag.py:3239} INFO - Sync 1 DAGs
[2025-01-18T00:04:08.081+0000] {logging_mixin.py:190} INFO - [2025-01-18T00:04:08.081+0000] {dag.py:4180} INFO - Setting next_dagrun for example_setup_teardown_taskflow to None, run_after=None
[2025-01-18T00:04:08.104+0000] {processor.py:208} INFO - Processing /home/airflow/.local/lib/python3.12/site-packages/airflow/example_dags/example_setup_teardown_taskflow.py took 0.083 seconds
[2025-01-18T00:04:38.627+0000] {processor.py:186} INFO - Started process (PID=17953) to work on /home/airflow/.local/lib/python3.12/site-packages/airflow/example_dags/example_setup_teardown_taskflow.py
[2025-01-18T00:04:38.628+0000] {processor.py:914} INFO - Processing file /home/airflow/.local/lib/python3.12/site-packages/airflow/example_dags/example_setup_teardown_taskflow.py for tasks to queue
[2025-01-18T00:04:38.630+0000] {logging_mixin.py:190} INFO - [2025-01-18T00:04:38.630+0000] {dagbag.py:588} INFO - Filling up the DagBag from /home/airflow/.local/lib/python3.12/site-packages/airflow/example_dags/example_setup_teardown_taskflow.py
[2025-01-18T00:04:38.640+0000] {processor.py:925} INFO - DAG(s) 'example_setup_teardown_taskflow' retrieved from /home/airflow/.local/lib/python3.12/site-packages/airflow/example_dags/example_setup_teardown_taskflow.py
[2025-01-18T00:04:38.663+0000] {logging_mixin.py:190} INFO - [2025-01-18T00:04:38.663+0000] {dag.py:3239} INFO - Sync 1 DAGs
[2025-01-18T00:04:38.678+0000] {logging_mixin.py:190} INFO - [2025-01-18T00:04:38.678+0000] {dag.py:4180} INFO - Setting next_dagrun for example_setup_teardown_taskflow to None, run_after=None
[2025-01-18T00:04:38.698+0000] {processor.py:208} INFO - Processing /home/airflow/.local/lib/python3.12/site-packages/airflow/example_dags/example_setup_teardown_taskflow.py took 0.077 seconds
[2025-01-18T00:05:08.809+0000] {processor.py:186} INFO - Started process (PID=18020) to work on /home/airflow/.local/lib/python3.12/site-packages/airflow/example_dags/example_setup_teardown_taskflow.py
[2025-01-18T00:05:08.811+0000] {processor.py:914} INFO - Processing file /home/airflow/.local/lib/python3.12/site-packages/airflow/example_dags/example_setup_teardown_taskflow.py for tasks to queue
[2025-01-18T00:05:08.818+0000] {logging_mixin.py:190} INFO - [2025-01-18T00:05:08.817+0000] {dagbag.py:588} INFO - Filling up the DagBag from /home/airflow/.local/lib/python3.12/site-packages/airflow/example_dags/example_setup_teardown_taskflow.py
[2025-01-18T00:05:08.841+0000] {processor.py:925} INFO - DAG(s) 'example_setup_teardown_taskflow' retrieved from /home/airflow/.local/lib/python3.12/site-packages/airflow/example_dags/example_setup_teardown_taskflow.py
[2025-01-18T00:05:08.882+0000] {logging_mixin.py:190} INFO - [2025-01-18T00:05:08.881+0000] {dag.py:3239} INFO - Sync 1 DAGs
[2025-01-18T00:05:08.908+0000] {logging_mixin.py:190} INFO - [2025-01-18T00:05:08.907+0000] {dag.py:4180} INFO - Setting next_dagrun for example_setup_teardown_taskflow to None, run_after=None
[2025-01-18T00:05:08.944+0000] {processor.py:208} INFO - Processing /home/airflow/.local/lib/python3.12/site-packages/airflow/example_dags/example_setup_teardown_taskflow.py took 0.142 seconds
[2025-01-18T00:05:40.551+0000] {processor.py:186} INFO - Started process (PID=18088) to work on /home/airflow/.local/lib/python3.12/site-packages/airflow/example_dags/example_setup_teardown_taskflow.py
[2025-01-18T00:05:40.552+0000] {processor.py:914} INFO - Processing file /home/airflow/.local/lib/python3.12/site-packages/airflow/example_dags/example_setup_teardown_taskflow.py for tasks to queue
[2025-01-18T00:05:40.555+0000] {logging_mixin.py:190} INFO - [2025-01-18T00:05:40.554+0000] {dagbag.py:588} INFO - Filling up the DagBag from /home/airflow/.local/lib/python3.12/site-packages/airflow/example_dags/example_setup_teardown_taskflow.py
[2025-01-18T00:05:40.567+0000] {processor.py:925} INFO - DAG(s) 'example_setup_teardown_taskflow' retrieved from /home/airflow/.local/lib/python3.12/site-packages/airflow/example_dags/example_setup_teardown_taskflow.py
[2025-01-18T00:05:40.593+0000] {logging_mixin.py:190} INFO - [2025-01-18T00:05:40.593+0000] {dag.py:3239} INFO - Sync 1 DAGs
[2025-01-18T00:05:40.612+0000] {logging_mixin.py:190} INFO - [2025-01-18T00:05:40.612+0000] {dag.py:4180} INFO - Setting next_dagrun for example_setup_teardown_taskflow to None, run_after=None
[2025-01-18T00:05:40.634+0000] {processor.py:208} INFO - Processing /home/airflow/.local/lib/python3.12/site-packages/airflow/example_dags/example_setup_teardown_taskflow.py took 0.090 seconds
[2025-01-18T00:06:12.197+0000] {processor.py:186} INFO - Started process (PID=18155) to work on /home/airflow/.local/lib/python3.12/site-packages/airflow/example_dags/example_setup_teardown_taskflow.py
[2025-01-18T00:06:12.198+0000] {processor.py:914} INFO - Processing file /home/airflow/.local/lib/python3.12/site-packages/airflow/example_dags/example_setup_teardown_taskflow.py for tasks to queue
[2025-01-18T00:06:12.200+0000] {logging_mixin.py:190} INFO - [2025-01-18T00:06:12.200+0000] {dagbag.py:588} INFO - Filling up the DagBag from /home/airflow/.local/lib/python3.12/site-packages/airflow/example_dags/example_setup_teardown_taskflow.py
[2025-01-18T00:06:12.212+0000] {processor.py:925} INFO - DAG(s) 'example_setup_teardown_taskflow' retrieved from /home/airflow/.local/lib/python3.12/site-packages/airflow/example_dags/example_setup_teardown_taskflow.py
[2025-01-18T00:06:12.240+0000] {logging_mixin.py:190} INFO - [2025-01-18T00:06:12.239+0000] {dag.py:3239} INFO - Sync 1 DAGs
[2025-01-18T00:06:12.256+0000] {logging_mixin.py:190} INFO - [2025-01-18T00:06:12.256+0000] {dag.py:4180} INFO - Setting next_dagrun for example_setup_teardown_taskflow to None, run_after=None
[2025-01-18T00:06:12.280+0000] {processor.py:208} INFO - Processing /home/airflow/.local/lib/python3.12/site-packages/airflow/example_dags/example_setup_teardown_taskflow.py took 0.089 seconds
[2025-01-18T00:06:43.244+0000] {processor.py:186} INFO - Started process (PID=18229) to work on /home/airflow/.local/lib/python3.12/site-packages/airflow/example_dags/example_setup_teardown_taskflow.py
[2025-01-18T00:06:43.245+0000] {processor.py:914} INFO - Processing file /home/airflow/.local/lib/python3.12/site-packages/airflow/example_dags/example_setup_teardown_taskflow.py for tasks to queue
[2025-01-18T00:06:43.248+0000] {logging_mixin.py:190} INFO - [2025-01-18T00:06:43.247+0000] {dagbag.py:588} INFO - Filling up the DagBag from /home/airflow/.local/lib/python3.12/site-packages/airflow/example_dags/example_setup_teardown_taskflow.py
[2025-01-18T00:06:43.264+0000] {processor.py:925} INFO - DAG(s) 'example_setup_teardown_taskflow' retrieved from /home/airflow/.local/lib/python3.12/site-packages/airflow/example_dags/example_setup_teardown_taskflow.py
[2025-01-18T00:06:43.293+0000] {logging_mixin.py:190} INFO - [2025-01-18T00:06:43.293+0000] {dag.py:3239} INFO - Sync 1 DAGs
[2025-01-18T00:06:43.312+0000] {logging_mixin.py:190} INFO - [2025-01-18T00:06:43.312+0000] {dag.py:4180} INFO - Setting next_dagrun for example_setup_teardown_taskflow to None, run_after=None
[2025-01-18T00:06:43.337+0000] {processor.py:208} INFO - Processing /home/airflow/.local/lib/python3.12/site-packages/airflow/example_dags/example_setup_teardown_taskflow.py took 0.099 seconds
[2025-01-18T00:07:14.810+0000] {processor.py:186} INFO - Started process (PID=18296) to work on /home/airflow/.local/lib/python3.12/site-packages/airflow/example_dags/example_setup_teardown_taskflow.py
[2025-01-18T00:07:14.812+0000] {processor.py:914} INFO - Processing file /home/airflow/.local/lib/python3.12/site-packages/airflow/example_dags/example_setup_teardown_taskflow.py for tasks to queue
[2025-01-18T00:07:14.815+0000] {logging_mixin.py:190} INFO - [2025-01-18T00:07:14.814+0000] {dagbag.py:588} INFO - Filling up the DagBag from /home/airflow/.local/lib/python3.12/site-packages/airflow/example_dags/example_setup_teardown_taskflow.py
[2025-01-18T00:07:14.832+0000] {processor.py:925} INFO - DAG(s) 'example_setup_teardown_taskflow' retrieved from /home/airflow/.local/lib/python3.12/site-packages/airflow/example_dags/example_setup_teardown_taskflow.py
[2025-01-18T00:07:14.865+0000] {logging_mixin.py:190} INFO - [2025-01-18T00:07:14.864+0000] {dag.py:3239} INFO - Sync 1 DAGs
[2025-01-18T00:07:14.885+0000] {logging_mixin.py:190} INFO - [2025-01-18T00:07:14.885+0000] {dag.py:4180} INFO - Setting next_dagrun for example_setup_teardown_taskflow to None, run_after=None
[2025-01-18T00:07:14.911+0000] {processor.py:208} INFO - Processing /home/airflow/.local/lib/python3.12/site-packages/airflow/example_dags/example_setup_teardown_taskflow.py took 0.108 seconds
[2025-01-18T00:07:45.798+0000] {processor.py:186} INFO - Started process (PID=18364) to work on /home/airflow/.local/lib/python3.12/site-packages/airflow/example_dags/example_setup_teardown_taskflow.py
[2025-01-18T00:07:45.799+0000] {processor.py:914} INFO - Processing file /home/airflow/.local/lib/python3.12/site-packages/airflow/example_dags/example_setup_teardown_taskflow.py for tasks to queue
[2025-01-18T00:07:45.801+0000] {logging_mixin.py:190} INFO - [2025-01-18T00:07:45.801+0000] {dagbag.py:588} INFO - Filling up the DagBag from /home/airflow/.local/lib/python3.12/site-packages/airflow/example_dags/example_setup_teardown_taskflow.py
[2025-01-18T00:07:45.811+0000] {processor.py:925} INFO - DAG(s) 'example_setup_teardown_taskflow' retrieved from /home/airflow/.local/lib/python3.12/site-packages/airflow/example_dags/example_setup_teardown_taskflow.py
[2025-01-18T00:07:45.835+0000] {logging_mixin.py:190} INFO - [2025-01-18T00:07:45.834+0000] {dag.py:3239} INFO - Sync 1 DAGs
[2025-01-18T00:07:45.851+0000] {logging_mixin.py:190} INFO - [2025-01-18T00:07:45.850+0000] {dag.py:4180} INFO - Setting next_dagrun for example_setup_teardown_taskflow to None, run_after=None
[2025-01-18T00:07:45.875+0000] {processor.py:208} INFO - Processing /home/airflow/.local/lib/python3.12/site-packages/airflow/example_dags/example_setup_teardown_taskflow.py took 0.084 seconds
[2025-01-18T00:08:17.785+0000] {processor.py:186} INFO - Started process (PID=18432) to work on /home/airflow/.local/lib/python3.12/site-packages/airflow/example_dags/example_setup_teardown_taskflow.py
[2025-01-18T00:08:17.786+0000] {processor.py:914} INFO - Processing file /home/airflow/.local/lib/python3.12/site-packages/airflow/example_dags/example_setup_teardown_taskflow.py for tasks to queue
[2025-01-18T00:08:17.789+0000] {logging_mixin.py:190} INFO - [2025-01-18T00:08:17.788+0000] {dagbag.py:588} INFO - Filling up the DagBag from /home/airflow/.local/lib/python3.12/site-packages/airflow/example_dags/example_setup_teardown_taskflow.py
[2025-01-18T00:08:17.799+0000] {processor.py:925} INFO - DAG(s) 'example_setup_teardown_taskflow' retrieved from /home/airflow/.local/lib/python3.12/site-packages/airflow/example_dags/example_setup_teardown_taskflow.py
[2025-01-18T00:08:17.822+0000] {logging_mixin.py:190} INFO - [2025-01-18T00:08:17.821+0000] {dag.py:3239} INFO - Sync 1 DAGs
[2025-01-18T00:08:17.842+0000] {logging_mixin.py:190} INFO - [2025-01-18T00:08:17.842+0000] {dag.py:4180} INFO - Setting next_dagrun for example_setup_teardown_taskflow to None, run_after=None
[2025-01-18T00:08:17.868+0000] {processor.py:208} INFO - Processing /home/airflow/.local/lib/python3.12/site-packages/airflow/example_dags/example_setup_teardown_taskflow.py took 0.088 seconds
[2025-01-18T00:08:48.752+0000] {processor.py:186} INFO - Started process (PID=18500) to work on /home/airflow/.local/lib/python3.12/site-packages/airflow/example_dags/example_setup_teardown_taskflow.py
[2025-01-18T00:08:48.753+0000] {processor.py:914} INFO - Processing file /home/airflow/.local/lib/python3.12/site-packages/airflow/example_dags/example_setup_teardown_taskflow.py for tasks to queue
[2025-01-18T00:08:48.755+0000] {logging_mixin.py:190} INFO - [2025-01-18T00:08:48.755+0000] {dagbag.py:588} INFO - Filling up the DagBag from /home/airflow/.local/lib/python3.12/site-packages/airflow/example_dags/example_setup_teardown_taskflow.py
[2025-01-18T00:08:48.765+0000] {processor.py:925} INFO - DAG(s) 'example_setup_teardown_taskflow' retrieved from /home/airflow/.local/lib/python3.12/site-packages/airflow/example_dags/example_setup_teardown_taskflow.py
[2025-01-18T00:08:48.788+0000] {logging_mixin.py:190} INFO - [2025-01-18T00:08:48.788+0000] {dag.py:3239} INFO - Sync 1 DAGs
[2025-01-18T00:08:48.803+0000] {logging_mixin.py:190} INFO - [2025-01-18T00:08:48.803+0000] {dag.py:4180} INFO - Setting next_dagrun for example_setup_teardown_taskflow to None, run_after=None
[2025-01-18T00:08:48.825+0000] {processor.py:208} INFO - Processing /home/airflow/.local/lib/python3.12/site-packages/airflow/example_dags/example_setup_teardown_taskflow.py took 0.080 seconds
[2025-01-18T00:09:20.047+0000] {processor.py:186} INFO - Started process (PID=18568) to work on /home/airflow/.local/lib/python3.12/site-packages/airflow/example_dags/example_setup_teardown_taskflow.py
[2025-01-18T00:09:20.049+0000] {processor.py:914} INFO - Processing file /home/airflow/.local/lib/python3.12/site-packages/airflow/example_dags/example_setup_teardown_taskflow.py for tasks to queue
[2025-01-18T00:09:20.051+0000] {logging_mixin.py:190} INFO - [2025-01-18T00:09:20.050+0000] {dagbag.py:588} INFO - Filling up the DagBag from /home/airflow/.local/lib/python3.12/site-packages/airflow/example_dags/example_setup_teardown_taskflow.py
[2025-01-18T00:09:20.063+0000] {processor.py:925} INFO - DAG(s) 'example_setup_teardown_taskflow' retrieved from /home/airflow/.local/lib/python3.12/site-packages/airflow/example_dags/example_setup_teardown_taskflow.py
[2025-01-18T00:09:20.102+0000] {logging_mixin.py:190} INFO - [2025-01-18T00:09:20.101+0000] {dag.py:3239} INFO - Sync 1 DAGs
[2025-01-18T00:09:20.127+0000] {logging_mixin.py:190} INFO - [2025-01-18T00:09:20.127+0000] {dag.py:4180} INFO - Setting next_dagrun for example_setup_teardown_taskflow to None, run_after=None
[2025-01-18T00:09:20.160+0000] {processor.py:208} INFO - Processing /home/airflow/.local/lib/python3.12/site-packages/airflow/example_dags/example_setup_teardown_taskflow.py took 0.118 seconds
[2025-01-18T00:09:51.750+0000] {processor.py:186} INFO - Started process (PID=18636) to work on /home/airflow/.local/lib/python3.12/site-packages/airflow/example_dags/example_setup_teardown_taskflow.py
[2025-01-18T00:09:51.752+0000] {processor.py:914} INFO - Processing file /home/airflow/.local/lib/python3.12/site-packages/airflow/example_dags/example_setup_teardown_taskflow.py for tasks to queue
[2025-01-18T00:09:51.754+0000] {logging_mixin.py:190} INFO - [2025-01-18T00:09:51.754+0000] {dagbag.py:588} INFO - Filling up the DagBag from /home/airflow/.local/lib/python3.12/site-packages/airflow/example_dags/example_setup_teardown_taskflow.py
[2025-01-18T00:09:51.765+0000] {processor.py:925} INFO - DAG(s) 'example_setup_teardown_taskflow' retrieved from /home/airflow/.local/lib/python3.12/site-packages/airflow/example_dags/example_setup_teardown_taskflow.py
[2025-01-18T00:09:51.790+0000] {logging_mixin.py:190} INFO - [2025-01-18T00:09:51.790+0000] {dag.py:3239} INFO - Sync 1 DAGs
[2025-01-18T00:09:51.807+0000] {logging_mixin.py:190} INFO - [2025-01-18T00:09:51.807+0000] {dag.py:4180} INFO - Setting next_dagrun for example_setup_teardown_taskflow to None, run_after=None
[2025-01-18T00:09:51.840+0000] {processor.py:208} INFO - Processing /home/airflow/.local/lib/python3.12/site-packages/airflow/example_dags/example_setup_teardown_taskflow.py took 0.095 seconds
[2025-01-18T00:10:22.984+0000] {processor.py:186} INFO - Started process (PID=18709) to work on /home/airflow/.local/lib/python3.12/site-packages/airflow/example_dags/example_setup_teardown_taskflow.py
[2025-01-18T00:10:22.985+0000] {processor.py:914} INFO - Processing file /home/airflow/.local/lib/python3.12/site-packages/airflow/example_dags/example_setup_teardown_taskflow.py for tasks to queue
[2025-01-18T00:10:22.988+0000] {logging_mixin.py:190} INFO - [2025-01-18T00:10:22.988+0000] {dagbag.py:588} INFO - Filling up the DagBag from /home/airflow/.local/lib/python3.12/site-packages/airflow/example_dags/example_setup_teardown_taskflow.py
[2025-01-18T00:10:22.999+0000] {processor.py:925} INFO - DAG(s) 'example_setup_teardown_taskflow' retrieved from /home/airflow/.local/lib/python3.12/site-packages/airflow/example_dags/example_setup_teardown_taskflow.py
[2025-01-18T00:10:23.022+0000] {logging_mixin.py:190} INFO - [2025-01-18T00:10:23.022+0000] {dag.py:3239} INFO - Sync 1 DAGs
[2025-01-18T00:10:23.039+0000] {logging_mixin.py:190} INFO - [2025-01-18T00:10:23.039+0000] {dag.py:4180} INFO - Setting next_dagrun for example_setup_teardown_taskflow to None, run_after=None
[2025-01-18T00:10:23.063+0000] {processor.py:208} INFO - Processing /home/airflow/.local/lib/python3.12/site-packages/airflow/example_dags/example_setup_teardown_taskflow.py took 0.084 seconds
[2025-01-18T00:10:54.751+0000] {processor.py:186} INFO - Started process (PID=18778) to work on /home/airflow/.local/lib/python3.12/site-packages/airflow/example_dags/example_setup_teardown_taskflow.py
[2025-01-18T00:10:54.752+0000] {processor.py:914} INFO - Processing file /home/airflow/.local/lib/python3.12/site-packages/airflow/example_dags/example_setup_teardown_taskflow.py for tasks to queue
[2025-01-18T00:10:54.756+0000] {logging_mixin.py:190} INFO - [2025-01-18T00:10:54.755+0000] {dagbag.py:588} INFO - Filling up the DagBag from /home/airflow/.local/lib/python3.12/site-packages/airflow/example_dags/example_setup_teardown_taskflow.py
[2025-01-18T00:10:54.767+0000] {processor.py:925} INFO - DAG(s) 'example_setup_teardown_taskflow' retrieved from /home/airflow/.local/lib/python3.12/site-packages/airflow/example_dags/example_setup_teardown_taskflow.py
[2025-01-18T00:10:54.798+0000] {logging_mixin.py:190} INFO - [2025-01-18T00:10:54.798+0000] {dag.py:3239} INFO - Sync 1 DAGs
[2025-01-18T00:10:54.818+0000] {logging_mixin.py:190} INFO - [2025-01-18T00:10:54.817+0000] {dag.py:4180} INFO - Setting next_dagrun for example_setup_teardown_taskflow to None, run_after=None
[2025-01-18T00:10:54.848+0000] {processor.py:208} INFO - Processing /home/airflow/.local/lib/python3.12/site-packages/airflow/example_dags/example_setup_teardown_taskflow.py took 0.104 seconds
[2025-01-18T00:11:25.343+0000] {processor.py:186} INFO - Started process (PID=18845) to work on /home/airflow/.local/lib/python3.12/site-packages/airflow/example_dags/example_setup_teardown_taskflow.py
[2025-01-18T00:11:25.344+0000] {processor.py:914} INFO - Processing file /home/airflow/.local/lib/python3.12/site-packages/airflow/example_dags/example_setup_teardown_taskflow.py for tasks to queue
[2025-01-18T00:11:25.347+0000] {logging_mixin.py:190} INFO - [2025-01-18T00:11:25.346+0000] {dagbag.py:588} INFO - Filling up the DagBag from /home/airflow/.local/lib/python3.12/site-packages/airflow/example_dags/example_setup_teardown_taskflow.py
[2025-01-18T00:11:25.360+0000] {processor.py:925} INFO - DAG(s) 'example_setup_teardown_taskflow' retrieved from /home/airflow/.local/lib/python3.12/site-packages/airflow/example_dags/example_setup_teardown_taskflow.py
[2025-01-18T00:11:25.385+0000] {logging_mixin.py:190} INFO - [2025-01-18T00:11:25.384+0000] {dag.py:3239} INFO - Sync 1 DAGs
[2025-01-18T00:11:25.401+0000] {logging_mixin.py:190} INFO - [2025-01-18T00:11:25.401+0000] {dag.py:4180} INFO - Setting next_dagrun for example_setup_teardown_taskflow to None, run_after=None
[2025-01-18T00:11:25.424+0000] {processor.py:208} INFO - Processing /home/airflow/.local/lib/python3.12/site-packages/airflow/example_dags/example_setup_teardown_taskflow.py took 0.087 seconds
[2025-01-18T00:11:55.632+0000] {processor.py:186} INFO - Started process (PID=18913) to work on /home/airflow/.local/lib/python3.12/site-packages/airflow/example_dags/example_setup_teardown_taskflow.py
[2025-01-18T00:11:55.636+0000] {processor.py:914} INFO - Processing file /home/airflow/.local/lib/python3.12/site-packages/airflow/example_dags/example_setup_teardown_taskflow.py for tasks to queue
[2025-01-18T00:11:55.640+0000] {logging_mixin.py:190} INFO - [2025-01-18T00:11:55.639+0000] {dagbag.py:588} INFO - Filling up the DagBag from /home/airflow/.local/lib/python3.12/site-packages/airflow/example_dags/example_setup_teardown_taskflow.py
[2025-01-18T00:11:55.657+0000] {processor.py:925} INFO - DAG(s) 'example_setup_teardown_taskflow' retrieved from /home/airflow/.local/lib/python3.12/site-packages/airflow/example_dags/example_setup_teardown_taskflow.py
[2025-01-18T00:11:55.689+0000] {logging_mixin.py:190} INFO - [2025-01-18T00:11:55.688+0000] {dag.py:3239} INFO - Sync 1 DAGs
[2025-01-18T00:11:55.710+0000] {logging_mixin.py:190} INFO - [2025-01-18T00:11:55.709+0000] {dag.py:4180} INFO - Setting next_dagrun for example_setup_teardown_taskflow to None, run_after=None
[2025-01-18T00:11:55.735+0000] {processor.py:208} INFO - Processing /home/airflow/.local/lib/python3.12/site-packages/airflow/example_dags/example_setup_teardown_taskflow.py took 0.110 seconds
[2025-01-18T00:12:26.137+0000] {processor.py:186} INFO - Started process (PID=18980) to work on /home/airflow/.local/lib/python3.12/site-packages/airflow/example_dags/example_setup_teardown_taskflow.py
[2025-01-18T00:12:26.141+0000] {processor.py:914} INFO - Processing file /home/airflow/.local/lib/python3.12/site-packages/airflow/example_dags/example_setup_teardown_taskflow.py for tasks to queue
[2025-01-18T00:12:26.144+0000] {logging_mixin.py:190} INFO - [2025-01-18T00:12:26.144+0000] {dagbag.py:588} INFO - Filling up the DagBag from /home/airflow/.local/lib/python3.12/site-packages/airflow/example_dags/example_setup_teardown_taskflow.py
[2025-01-18T00:12:26.164+0000] {processor.py:925} INFO - DAG(s) 'example_setup_teardown_taskflow' retrieved from /home/airflow/.local/lib/python3.12/site-packages/airflow/example_dags/example_setup_teardown_taskflow.py
[2025-01-18T00:12:26.208+0000] {logging_mixin.py:190} INFO - [2025-01-18T00:12:26.207+0000] {dag.py:3239} INFO - Sync 1 DAGs
[2025-01-18T00:12:26.247+0000] {logging_mixin.py:190} INFO - [2025-01-18T00:12:26.246+0000] {dag.py:4180} INFO - Setting next_dagrun for example_setup_teardown_taskflow to None, run_after=None
[2025-01-18T00:12:26.281+0000] {processor.py:208} INFO - Processing /home/airflow/.local/lib/python3.12/site-packages/airflow/example_dags/example_setup_teardown_taskflow.py took 0.154 seconds
[2025-01-18T00:12:57.780+0000] {processor.py:186} INFO - Started process (PID=19054) to work on /home/airflow/.local/lib/python3.12/site-packages/airflow/example_dags/example_setup_teardown_taskflow.py
[2025-01-18T00:12:57.781+0000] {processor.py:914} INFO - Processing file /home/airflow/.local/lib/python3.12/site-packages/airflow/example_dags/example_setup_teardown_taskflow.py for tasks to queue
[2025-01-18T00:12:57.784+0000] {logging_mixin.py:190} INFO - [2025-01-18T00:12:57.784+0000] {dagbag.py:588} INFO - Filling up the DagBag from /home/airflow/.local/lib/python3.12/site-packages/airflow/example_dags/example_setup_teardown_taskflow.py
[2025-01-18T00:12:57.797+0000] {processor.py:925} INFO - DAG(s) 'example_setup_teardown_taskflow' retrieved from /home/airflow/.local/lib/python3.12/site-packages/airflow/example_dags/example_setup_teardown_taskflow.py
[2025-01-18T00:12:57.827+0000] {logging_mixin.py:190} INFO - [2025-01-18T00:12:57.827+0000] {dag.py:3239} INFO - Sync 1 DAGs
[2025-01-18T00:12:57.847+0000] {logging_mixin.py:190} INFO - [2025-01-18T00:12:57.847+0000] {dag.py:4180} INFO - Setting next_dagrun for example_setup_teardown_taskflow to None, run_after=None
[2025-01-18T00:12:57.874+0000] {processor.py:208} INFO - Processing /home/airflow/.local/lib/python3.12/site-packages/airflow/example_dags/example_setup_teardown_taskflow.py took 0.101 seconds
[2025-01-18T00:13:28.006+0000] {processor.py:186} INFO - Started process (PID=19120) to work on /home/airflow/.local/lib/python3.12/site-packages/airflow/example_dags/example_setup_teardown_taskflow.py
[2025-01-18T00:13:28.007+0000] {processor.py:914} INFO - Processing file /home/airflow/.local/lib/python3.12/site-packages/airflow/example_dags/example_setup_teardown_taskflow.py for tasks to queue
[2025-01-18T00:13:28.011+0000] {logging_mixin.py:190} INFO - [2025-01-18T00:13:28.010+0000] {dagbag.py:588} INFO - Filling up the DagBag from /home/airflow/.local/lib/python3.12/site-packages/airflow/example_dags/example_setup_teardown_taskflow.py
[2025-01-18T00:13:28.027+0000] {processor.py:925} INFO - DAG(s) 'example_setup_teardown_taskflow' retrieved from /home/airflow/.local/lib/python3.12/site-packages/airflow/example_dags/example_setup_teardown_taskflow.py
[2025-01-18T00:13:28.057+0000] {logging_mixin.py:190} INFO - [2025-01-18T00:13:28.057+0000] {dag.py:3239} INFO - Sync 1 DAGs
[2025-01-18T00:13:28.078+0000] {logging_mixin.py:190} INFO - [2025-01-18T00:13:28.077+0000] {dag.py:4180} INFO - Setting next_dagrun for example_setup_teardown_taskflow to None, run_after=None
[2025-01-18T00:13:28.100+0000] {processor.py:208} INFO - Processing /home/airflow/.local/lib/python3.12/site-packages/airflow/example_dags/example_setup_teardown_taskflow.py took 0.104 seconds
[2025-01-18T00:13:58.459+0000] {processor.py:186} INFO - Started process (PID=19187) to work on /home/airflow/.local/lib/python3.12/site-packages/airflow/example_dags/example_setup_teardown_taskflow.py
[2025-01-18T00:13:58.460+0000] {processor.py:914} INFO - Processing file /home/airflow/.local/lib/python3.12/site-packages/airflow/example_dags/example_setup_teardown_taskflow.py for tasks to queue
[2025-01-18T00:13:58.464+0000] {logging_mixin.py:190} INFO - [2025-01-18T00:13:58.464+0000] {dagbag.py:588} INFO - Filling up the DagBag from /home/airflow/.local/lib/python3.12/site-packages/airflow/example_dags/example_setup_teardown_taskflow.py
[2025-01-18T00:13:58.479+0000] {processor.py:925} INFO - DAG(s) 'example_setup_teardown_taskflow' retrieved from /home/airflow/.local/lib/python3.12/site-packages/airflow/example_dags/example_setup_teardown_taskflow.py
[2025-01-18T00:13:58.513+0000] {logging_mixin.py:190} INFO - [2025-01-18T00:13:58.513+0000] {dag.py:3239} INFO - Sync 1 DAGs
[2025-01-18T00:13:58.535+0000] {logging_mixin.py:190} INFO - [2025-01-18T00:13:58.535+0000] {dag.py:4180} INFO - Setting next_dagrun for example_setup_teardown_taskflow to None, run_after=None
[2025-01-18T00:13:58.563+0000] {processor.py:208} INFO - Processing /home/airflow/.local/lib/python3.12/site-packages/airflow/example_dags/example_setup_teardown_taskflow.py took 0.110 seconds
[2025-01-18T00:14:29.443+0000] {processor.py:186} INFO - Started process (PID=19261) to work on /home/airflow/.local/lib/python3.12/site-packages/airflow/example_dags/example_setup_teardown_taskflow.py
[2025-01-18T00:14:29.444+0000] {processor.py:914} INFO - Processing file /home/airflow/.local/lib/python3.12/site-packages/airflow/example_dags/example_setup_teardown_taskflow.py for tasks to queue
[2025-01-18T00:14:29.447+0000] {logging_mixin.py:190} INFO - [2025-01-18T00:14:29.447+0000] {dagbag.py:588} INFO - Filling up the DagBag from /home/airflow/.local/lib/python3.12/site-packages/airflow/example_dags/example_setup_teardown_taskflow.py
[2025-01-18T00:14:29.462+0000] {processor.py:925} INFO - DAG(s) 'example_setup_teardown_taskflow' retrieved from /home/airflow/.local/lib/python3.12/site-packages/airflow/example_dags/example_setup_teardown_taskflow.py
[2025-01-18T00:14:29.493+0000] {logging_mixin.py:190} INFO - [2025-01-18T00:14:29.492+0000] {dag.py:3239} INFO - Sync 1 DAGs
[2025-01-18T00:14:29.515+0000] {logging_mixin.py:190} INFO - [2025-01-18T00:14:29.514+0000] {dag.py:4180} INFO - Setting next_dagrun for example_setup_teardown_taskflow to None, run_after=None
[2025-01-18T00:14:29.541+0000] {processor.py:208} INFO - Processing /home/airflow/.local/lib/python3.12/site-packages/airflow/example_dags/example_setup_teardown_taskflow.py took 0.106 seconds
[2025-01-18T00:14:59.746+0000] {processor.py:186} INFO - Started process (PID=19328) to work on /home/airflow/.local/lib/python3.12/site-packages/airflow/example_dags/example_setup_teardown_taskflow.py
[2025-01-18T00:14:59.747+0000] {processor.py:914} INFO - Processing file /home/airflow/.local/lib/python3.12/site-packages/airflow/example_dags/example_setup_teardown_taskflow.py for tasks to queue
[2025-01-18T00:14:59.750+0000] {logging_mixin.py:190} INFO - [2025-01-18T00:14:59.749+0000] {dagbag.py:588} INFO - Filling up the DagBag from /home/airflow/.local/lib/python3.12/site-packages/airflow/example_dags/example_setup_teardown_taskflow.py
[2025-01-18T00:14:59.762+0000] {processor.py:925} INFO - DAG(s) 'example_setup_teardown_taskflow' retrieved from /home/airflow/.local/lib/python3.12/site-packages/airflow/example_dags/example_setup_teardown_taskflow.py
[2025-01-18T00:14:59.787+0000] {logging_mixin.py:190} INFO - [2025-01-18T00:14:59.787+0000] {dag.py:3239} INFO - Sync 1 DAGs
[2025-01-18T00:14:59.804+0000] {logging_mixin.py:190} INFO - [2025-01-18T00:14:59.804+0000] {dag.py:4180} INFO - Setting next_dagrun for example_setup_teardown_taskflow to None, run_after=None
[2025-01-18T00:14:59.827+0000] {processor.py:208} INFO - Processing /home/airflow/.local/lib/python3.12/site-packages/airflow/example_dags/example_setup_teardown_taskflow.py took 0.088 seconds
[2025-01-18T00:15:30.948+0000] {processor.py:186} INFO - Started process (PID=19395) to work on /home/airflow/.local/lib/python3.12/site-packages/airflow/example_dags/example_setup_teardown_taskflow.py
[2025-01-18T00:15:30.950+0000] {processor.py:914} INFO - Processing file /home/airflow/.local/lib/python3.12/site-packages/airflow/example_dags/example_setup_teardown_taskflow.py for tasks to queue
[2025-01-18T00:15:30.953+0000] {logging_mixin.py:190} INFO - [2025-01-18T00:15:30.952+0000] {dagbag.py:588} INFO - Filling up the DagBag from /home/airflow/.local/lib/python3.12/site-packages/airflow/example_dags/example_setup_teardown_taskflow.py
[2025-01-18T00:15:30.971+0000] {processor.py:925} INFO - DAG(s) 'example_setup_teardown_taskflow' retrieved from /home/airflow/.local/lib/python3.12/site-packages/airflow/example_dags/example_setup_teardown_taskflow.py
[2025-01-18T00:15:31.013+0000] {logging_mixin.py:190} INFO - [2025-01-18T00:15:31.013+0000] {dag.py:3239} INFO - Sync 1 DAGs
[2025-01-18T00:15:31.042+0000] {logging_mixin.py:190} INFO - [2025-01-18T00:15:31.041+0000] {dag.py:4180} INFO - Setting next_dagrun for example_setup_teardown_taskflow to None, run_after=None
[2025-01-18T00:15:31.077+0000] {processor.py:208} INFO - Processing /home/airflow/.local/lib/python3.12/site-packages/airflow/example_dags/example_setup_teardown_taskflow.py took 0.136 seconds
[2025-01-18T00:16:01.340+0000] {processor.py:186} INFO - Started process (PID=19462) to work on /home/airflow/.local/lib/python3.12/site-packages/airflow/example_dags/example_setup_teardown_taskflow.py
[2025-01-18T00:16:01.341+0000] {processor.py:914} INFO - Processing file /home/airflow/.local/lib/python3.12/site-packages/airflow/example_dags/example_setup_teardown_taskflow.py for tasks to queue
[2025-01-18T00:16:01.342+0000] {logging_mixin.py:190} INFO - [2025-01-18T00:16:01.342+0000] {dagbag.py:588} INFO - Filling up the DagBag from /home/airflow/.local/lib/python3.12/site-packages/airflow/example_dags/example_setup_teardown_taskflow.py
[2025-01-18T00:16:01.352+0000] {processor.py:925} INFO - DAG(s) 'example_setup_teardown_taskflow' retrieved from /home/airflow/.local/lib/python3.12/site-packages/airflow/example_dags/example_setup_teardown_taskflow.py
[2025-01-18T00:16:01.376+0000] {logging_mixin.py:190} INFO - [2025-01-18T00:16:01.375+0000] {dag.py:3239} INFO - Sync 1 DAGs
[2025-01-18T00:16:01.391+0000] {logging_mixin.py:190} INFO - [2025-01-18T00:16:01.391+0000] {dag.py:4180} INFO - Setting next_dagrun for example_setup_teardown_taskflow to None, run_after=None
[2025-01-18T00:16:01.416+0000] {processor.py:208} INFO - Processing /home/airflow/.local/lib/python3.12/site-packages/airflow/example_dags/example_setup_teardown_taskflow.py took 0.082 seconds
[2025-01-18T00:16:32.264+0000] {processor.py:186} INFO - Started process (PID=19529) to work on /home/airflow/.local/lib/python3.12/site-packages/airflow/example_dags/example_setup_teardown_taskflow.py
[2025-01-18T00:16:32.265+0000] {processor.py:914} INFO - Processing file /home/airflow/.local/lib/python3.12/site-packages/airflow/example_dags/example_setup_teardown_taskflow.py for tasks to queue
[2025-01-18T00:16:32.267+0000] {logging_mixin.py:190} INFO - [2025-01-18T00:16:32.267+0000] {dagbag.py:588} INFO - Filling up the DagBag from /home/airflow/.local/lib/python3.12/site-packages/airflow/example_dags/example_setup_teardown_taskflow.py
[2025-01-18T00:16:32.280+0000] {processor.py:925} INFO - DAG(s) 'example_setup_teardown_taskflow' retrieved from /home/airflow/.local/lib/python3.12/site-packages/airflow/example_dags/example_setup_teardown_taskflow.py
[2025-01-18T00:16:32.308+0000] {logging_mixin.py:190} INFO - [2025-01-18T00:16:32.308+0000] {dag.py:3239} INFO - Sync 1 DAGs
[2025-01-18T00:16:32.326+0000] {logging_mixin.py:190} INFO - [2025-01-18T00:16:32.326+0000] {dag.py:4180} INFO - Setting next_dagrun for example_setup_teardown_taskflow to None, run_after=None
[2025-01-18T00:16:32.356+0000] {processor.py:208} INFO - Processing /home/airflow/.local/lib/python3.12/site-packages/airflow/example_dags/example_setup_teardown_taskflow.py took 0.098 seconds
[2025-01-18T00:17:04.781+0000] {processor.py:186} INFO - Started process (PID=19603) to work on /home/airflow/.local/lib/python3.12/site-packages/airflow/example_dags/example_setup_teardown_taskflow.py
[2025-01-18T00:17:04.782+0000] {processor.py:914} INFO - Processing file /home/airflow/.local/lib/python3.12/site-packages/airflow/example_dags/example_setup_teardown_taskflow.py for tasks to queue
[2025-01-18T00:17:04.785+0000] {logging_mixin.py:190} INFO - [2025-01-18T00:17:04.784+0000] {dagbag.py:588} INFO - Filling up the DagBag from /home/airflow/.local/lib/python3.12/site-packages/airflow/example_dags/example_setup_teardown_taskflow.py
[2025-01-18T00:17:04.796+0000] {processor.py:925} INFO - DAG(s) 'example_setup_teardown_taskflow' retrieved from /home/airflow/.local/lib/python3.12/site-packages/airflow/example_dags/example_setup_teardown_taskflow.py
[2025-01-18T00:17:04.823+0000] {logging_mixin.py:190} INFO - [2025-01-18T00:17:04.822+0000] {dag.py:3239} INFO - Sync 1 DAGs
[2025-01-18T00:17:04.840+0000] {logging_mixin.py:190} INFO - [2025-01-18T00:17:04.840+0000] {dag.py:4180} INFO - Setting next_dagrun for example_setup_teardown_taskflow to None, run_after=None
[2025-01-18T00:17:04.865+0000] {processor.py:208} INFO - Processing /home/airflow/.local/lib/python3.12/site-packages/airflow/example_dags/example_setup_teardown_taskflow.py took 0.090 seconds
[2025-01-18T00:17:36.071+0000] {processor.py:186} INFO - Started process (PID=19675) to work on /home/airflow/.local/lib/python3.12/site-packages/airflow/example_dags/example_setup_teardown_taskflow.py
[2025-01-18T00:17:36.072+0000] {processor.py:914} INFO - Processing file /home/airflow/.local/lib/python3.12/site-packages/airflow/example_dags/example_setup_teardown_taskflow.py for tasks to queue
[2025-01-18T00:17:36.074+0000] {logging_mixin.py:190} INFO - [2025-01-18T00:17:36.074+0000] {dagbag.py:588} INFO - Filling up the DagBag from /home/airflow/.local/lib/python3.12/site-packages/airflow/example_dags/example_setup_teardown_taskflow.py
[2025-01-18T00:17:36.086+0000] {processor.py:925} INFO - DAG(s) 'example_setup_teardown_taskflow' retrieved from /home/airflow/.local/lib/python3.12/site-packages/airflow/example_dags/example_setup_teardown_taskflow.py
[2025-01-18T00:17:36.112+0000] {logging_mixin.py:190} INFO - [2025-01-18T00:17:36.111+0000] {dag.py:3239} INFO - Sync 1 DAGs
[2025-01-18T00:17:36.131+0000] {logging_mixin.py:190} INFO - [2025-01-18T00:17:36.131+0000] {dag.py:4180} INFO - Setting next_dagrun for example_setup_teardown_taskflow to None, run_after=None
[2025-01-18T00:17:36.155+0000] {processor.py:208} INFO - Processing /home/airflow/.local/lib/python3.12/site-packages/airflow/example_dags/example_setup_teardown_taskflow.py took 0.092 seconds
[2025-01-18T00:18:07.250+0000] {processor.py:186} INFO - Started process (PID=19749) to work on /home/airflow/.local/lib/python3.12/site-packages/airflow/example_dags/example_setup_teardown_taskflow.py
[2025-01-18T00:18:07.251+0000] {processor.py:914} INFO - Processing file /home/airflow/.local/lib/python3.12/site-packages/airflow/example_dags/example_setup_teardown_taskflow.py for tasks to queue
[2025-01-18T00:18:07.254+0000] {logging_mixin.py:190} INFO - [2025-01-18T00:18:07.254+0000] {dagbag.py:588} INFO - Filling up the DagBag from /home/airflow/.local/lib/python3.12/site-packages/airflow/example_dags/example_setup_teardown_taskflow.py
[2025-01-18T00:18:07.265+0000] {processor.py:925} INFO - DAG(s) 'example_setup_teardown_taskflow' retrieved from /home/airflow/.local/lib/python3.12/site-packages/airflow/example_dags/example_setup_teardown_taskflow.py
[2025-01-18T00:18:07.289+0000] {logging_mixin.py:190} INFO - [2025-01-18T00:18:07.289+0000] {dag.py:3239} INFO - Sync 1 DAGs
[2025-01-18T00:18:07.305+0000] {logging_mixin.py:190} INFO - [2025-01-18T00:18:07.305+0000] {dag.py:4180} INFO - Setting next_dagrun for example_setup_teardown_taskflow to None, run_after=None
[2025-01-18T00:18:07.329+0000] {processor.py:208} INFO - Processing /home/airflow/.local/lib/python3.12/site-packages/airflow/example_dags/example_setup_teardown_taskflow.py took 0.085 seconds
[2025-01-18T00:18:38.957+0000] {processor.py:186} INFO - Started process (PID=19816) to work on /home/airflow/.local/lib/python3.12/site-packages/airflow/example_dags/example_setup_teardown_taskflow.py
[2025-01-18T00:18:38.959+0000] {processor.py:914} INFO - Processing file /home/airflow/.local/lib/python3.12/site-packages/airflow/example_dags/example_setup_teardown_taskflow.py for tasks to queue
[2025-01-18T00:18:38.962+0000] {logging_mixin.py:190} INFO - [2025-01-18T00:18:38.961+0000] {dagbag.py:588} INFO - Filling up the DagBag from /home/airflow/.local/lib/python3.12/site-packages/airflow/example_dags/example_setup_teardown_taskflow.py
[2025-01-18T00:18:38.973+0000] {processor.py:925} INFO - DAG(s) 'example_setup_teardown_taskflow' retrieved from /home/airflow/.local/lib/python3.12/site-packages/airflow/example_dags/example_setup_teardown_taskflow.py
[2025-01-18T00:18:39.211+0000] {logging_mixin.py:190} INFO - [2025-01-18T00:18:39.211+0000] {dag.py:3239} INFO - Sync 1 DAGs
[2025-01-18T00:18:39.233+0000] {logging_mixin.py:190} INFO - [2025-01-18T00:18:39.232+0000] {dag.py:4180} INFO - Setting next_dagrun for example_setup_teardown_taskflow to None, run_after=None
[2025-01-18T00:18:39.263+0000] {processor.py:208} INFO - Processing /home/airflow/.local/lib/python3.12/site-packages/airflow/example_dags/example_setup_teardown_taskflow.py took 0.312 seconds
[2025-01-18T00:19:09.646+0000] {processor.py:186} INFO - Started process (PID=19883) to work on /home/airflow/.local/lib/python3.12/site-packages/airflow/example_dags/example_setup_teardown_taskflow.py
[2025-01-18T00:19:09.647+0000] {processor.py:914} INFO - Processing file /home/airflow/.local/lib/python3.12/site-packages/airflow/example_dags/example_setup_teardown_taskflow.py for tasks to queue
[2025-01-18T00:19:09.649+0000] {logging_mixin.py:190} INFO - [2025-01-18T00:19:09.649+0000] {dagbag.py:588} INFO - Filling up the DagBag from /home/airflow/.local/lib/python3.12/site-packages/airflow/example_dags/example_setup_teardown_taskflow.py
[2025-01-18T00:19:09.661+0000] {processor.py:925} INFO - DAG(s) 'example_setup_teardown_taskflow' retrieved from /home/airflow/.local/lib/python3.12/site-packages/airflow/example_dags/example_setup_teardown_taskflow.py
[2025-01-18T00:19:09.686+0000] {logging_mixin.py:190} INFO - [2025-01-18T00:19:09.685+0000] {dag.py:3239} INFO - Sync 1 DAGs
[2025-01-18T00:19:09.701+0000] {logging_mixin.py:190} INFO - [2025-01-18T00:19:09.701+0000] {dag.py:4180} INFO - Setting next_dagrun for example_setup_teardown_taskflow to None, run_after=None
[2025-01-18T00:19:09.724+0000] {processor.py:208} INFO - Processing /home/airflow/.local/lib/python3.12/site-packages/airflow/example_dags/example_setup_teardown_taskflow.py took 0.086 seconds
[2025-01-18T00:19:40.465+0000] {processor.py:186} INFO - Started process (PID=19950) to work on /home/airflow/.local/lib/python3.12/site-packages/airflow/example_dags/example_setup_teardown_taskflow.py
[2025-01-18T00:19:40.467+0000] {processor.py:914} INFO - Processing file /home/airflow/.local/lib/python3.12/site-packages/airflow/example_dags/example_setup_teardown_taskflow.py for tasks to queue
[2025-01-18T00:19:40.471+0000] {logging_mixin.py:190} INFO - [2025-01-18T00:19:40.470+0000] {dagbag.py:588} INFO - Filling up the DagBag from /home/airflow/.local/lib/python3.12/site-packages/airflow/example_dags/example_setup_teardown_taskflow.py
[2025-01-18T00:19:40.492+0000] {processor.py:925} INFO - DAG(s) 'example_setup_teardown_taskflow' retrieved from /home/airflow/.local/lib/python3.12/site-packages/airflow/example_dags/example_setup_teardown_taskflow.py
[2025-01-18T00:19:40.547+0000] {logging_mixin.py:190} INFO - [2025-01-18T00:19:40.547+0000] {dag.py:3239} INFO - Sync 1 DAGs
[2025-01-18T00:19:40.582+0000] {logging_mixin.py:190} INFO - [2025-01-18T00:19:40.581+0000] {dag.py:4180} INFO - Setting next_dagrun for example_setup_teardown_taskflow to None, run_after=None
[2025-01-18T00:19:40.628+0000] {processor.py:208} INFO - Processing /home/airflow/.local/lib/python3.12/site-packages/airflow/example_dags/example_setup_teardown_taskflow.py took 0.181 seconds
[2025-01-18T00:20:11.416+0000] {processor.py:186} INFO - Started process (PID=20017) to work on /home/airflow/.local/lib/python3.12/site-packages/airflow/example_dags/example_setup_teardown_taskflow.py
[2025-01-18T00:20:11.419+0000] {processor.py:914} INFO - Processing file /home/airflow/.local/lib/python3.12/site-packages/airflow/example_dags/example_setup_teardown_taskflow.py for tasks to queue
[2025-01-18T00:20:11.423+0000] {logging_mixin.py:190} INFO - [2025-01-18T00:20:11.422+0000] {dagbag.py:588} INFO - Filling up the DagBag from /home/airflow/.local/lib/python3.12/site-packages/airflow/example_dags/example_setup_teardown_taskflow.py
[2025-01-18T00:20:11.442+0000] {processor.py:925} INFO - DAG(s) 'example_setup_teardown_taskflow' retrieved from /home/airflow/.local/lib/python3.12/site-packages/airflow/example_dags/example_setup_teardown_taskflow.py
[2025-01-18T00:20:11.479+0000] {logging_mixin.py:190} INFO - [2025-01-18T00:20:11.479+0000] {dag.py:3239} INFO - Sync 1 DAGs
[2025-01-18T00:20:11.506+0000] {logging_mixin.py:190} INFO - [2025-01-18T00:20:11.506+0000] {dag.py:4180} INFO - Setting next_dagrun for example_setup_teardown_taskflow to None, run_after=None
[2025-01-18T00:20:11.539+0000] {processor.py:208} INFO - Processing /home/airflow/.local/lib/python3.12/site-packages/airflow/example_dags/example_setup_teardown_taskflow.py took 0.134 seconds
[2025-01-18T00:20:41.638+0000] {processor.py:186} INFO - Started process (PID=20083) to work on /home/airflow/.local/lib/python3.12/site-packages/airflow/example_dags/example_setup_teardown_taskflow.py
[2025-01-18T00:20:41.639+0000] {processor.py:914} INFO - Processing file /home/airflow/.local/lib/python3.12/site-packages/airflow/example_dags/example_setup_teardown_taskflow.py for tasks to queue
[2025-01-18T00:20:41.642+0000] {logging_mixin.py:190} INFO - [2025-01-18T00:20:41.642+0000] {dagbag.py:588} INFO - Filling up the DagBag from /home/airflow/.local/lib/python3.12/site-packages/airflow/example_dags/example_setup_teardown_taskflow.py
[2025-01-18T00:20:41.658+0000] {processor.py:925} INFO - DAG(s) 'example_setup_teardown_taskflow' retrieved from /home/airflow/.local/lib/python3.12/site-packages/airflow/example_dags/example_setup_teardown_taskflow.py
[2025-01-18T00:20:41.692+0000] {logging_mixin.py:190} INFO - [2025-01-18T00:20:41.692+0000] {dag.py:3239} INFO - Sync 1 DAGs
[2025-01-18T00:20:41.713+0000] {logging_mixin.py:190} INFO - [2025-01-18T00:20:41.712+0000] {dag.py:4180} INFO - Setting next_dagrun for example_setup_teardown_taskflow to None, run_after=None
[2025-01-18T00:20:41.740+0000] {processor.py:208} INFO - Processing /home/airflow/.local/lib/python3.12/site-packages/airflow/example_dags/example_setup_teardown_taskflow.py took 0.108 seconds
[2025-01-18T00:21:12.000+0000] {processor.py:186} INFO - Started process (PID=20150) to work on /home/airflow/.local/lib/python3.12/site-packages/airflow/example_dags/example_setup_teardown_taskflow.py
[2025-01-18T00:21:12.001+0000] {processor.py:914} INFO - Processing file /home/airflow/.local/lib/python3.12/site-packages/airflow/example_dags/example_setup_teardown_taskflow.py for tasks to queue
[2025-01-18T00:21:12.003+0000] {logging_mixin.py:190} INFO - [2025-01-18T00:21:12.003+0000] {dagbag.py:588} INFO - Filling up the DagBag from /home/airflow/.local/lib/python3.12/site-packages/airflow/example_dags/example_setup_teardown_taskflow.py
[2025-01-18T00:21:12.014+0000] {processor.py:925} INFO - DAG(s) 'example_setup_teardown_taskflow' retrieved from /home/airflow/.local/lib/python3.12/site-packages/airflow/example_dags/example_setup_teardown_taskflow.py
[2025-01-18T00:21:12.035+0000] {logging_mixin.py:190} INFO - [2025-01-18T00:21:12.035+0000] {dag.py:3239} INFO - Sync 1 DAGs
[2025-01-18T00:21:12.051+0000] {logging_mixin.py:190} INFO - [2025-01-18T00:21:12.050+0000] {dag.py:4180} INFO - Setting next_dagrun for example_setup_teardown_taskflow to None, run_after=None
[2025-01-18T00:21:12.072+0000] {processor.py:208} INFO - Processing /home/airflow/.local/lib/python3.12/site-packages/airflow/example_dags/example_setup_teardown_taskflow.py took 0.077 seconds
[2025-01-18T00:21:42.468+0000] {processor.py:186} INFO - Started process (PID=20217) to work on /home/airflow/.local/lib/python3.12/site-packages/airflow/example_dags/example_setup_teardown_taskflow.py
[2025-01-18T00:21:42.469+0000] {processor.py:914} INFO - Processing file /home/airflow/.local/lib/python3.12/site-packages/airflow/example_dags/example_setup_teardown_taskflow.py for tasks to queue
[2025-01-18T00:21:42.471+0000] {logging_mixin.py:190} INFO - [2025-01-18T00:21:42.471+0000] {dagbag.py:588} INFO - Filling up the DagBag from /home/airflow/.local/lib/python3.12/site-packages/airflow/example_dags/example_setup_teardown_taskflow.py
[2025-01-18T00:21:42.483+0000] {processor.py:925} INFO - DAG(s) 'example_setup_teardown_taskflow' retrieved from /home/airflow/.local/lib/python3.12/site-packages/airflow/example_dags/example_setup_teardown_taskflow.py
[2025-01-18T00:21:42.510+0000] {logging_mixin.py:190} INFO - [2025-01-18T00:21:42.509+0000] {dag.py:3239} INFO - Sync 1 DAGs
[2025-01-18T00:21:42.527+0000] {logging_mixin.py:190} INFO - [2025-01-18T00:21:42.527+0000] {dag.py:4180} INFO - Setting next_dagrun for example_setup_teardown_taskflow to None, run_after=None
[2025-01-18T00:21:42.550+0000] {processor.py:208} INFO - Processing /home/airflow/.local/lib/python3.12/site-packages/airflow/example_dags/example_setup_teardown_taskflow.py took 0.090 seconds
[2025-01-18T00:22:12.854+0000] {processor.py:186} INFO - Started process (PID=20290) to work on /home/airflow/.local/lib/python3.12/site-packages/airflow/example_dags/example_setup_teardown_taskflow.py
[2025-01-18T00:22:12.855+0000] {processor.py:914} INFO - Processing file /home/airflow/.local/lib/python3.12/site-packages/airflow/example_dags/example_setup_teardown_taskflow.py for tasks to queue
[2025-01-18T00:22:12.859+0000] {logging_mixin.py:190} INFO - [2025-01-18T00:22:12.858+0000] {dagbag.py:588} INFO - Filling up the DagBag from /home/airflow/.local/lib/python3.12/site-packages/airflow/example_dags/example_setup_teardown_taskflow.py
[2025-01-18T00:22:12.871+0000] {processor.py:925} INFO - DAG(s) 'example_setup_teardown_taskflow' retrieved from /home/airflow/.local/lib/python3.12/site-packages/airflow/example_dags/example_setup_teardown_taskflow.py
[2025-01-18T00:22:12.898+0000] {logging_mixin.py:190} INFO - [2025-01-18T00:22:12.898+0000] {dag.py:3239} INFO - Sync 1 DAGs
[2025-01-18T00:22:12.913+0000] {logging_mixin.py:190} INFO - [2025-01-18T00:22:12.913+0000] {dag.py:4180} INFO - Setting next_dagrun for example_setup_teardown_taskflow to None, run_after=None
[2025-01-18T00:22:12.934+0000] {processor.py:208} INFO - Processing /home/airflow/.local/lib/python3.12/site-packages/airflow/example_dags/example_setup_teardown_taskflow.py took 0.087 seconds
[2025-01-18T00:22:43.597+0000] {processor.py:186} INFO - Started process (PID=20357) to work on /home/airflow/.local/lib/python3.12/site-packages/airflow/example_dags/example_setup_teardown_taskflow.py
[2025-01-18T00:22:43.598+0000] {processor.py:914} INFO - Processing file /home/airflow/.local/lib/python3.12/site-packages/airflow/example_dags/example_setup_teardown_taskflow.py for tasks to queue
[2025-01-18T00:22:43.601+0000] {logging_mixin.py:190} INFO - [2025-01-18T00:22:43.600+0000] {dagbag.py:588} INFO - Filling up the DagBag from /home/airflow/.local/lib/python3.12/site-packages/airflow/example_dags/example_setup_teardown_taskflow.py
[2025-01-18T00:22:43.614+0000] {processor.py:925} INFO - DAG(s) 'example_setup_teardown_taskflow' retrieved from /home/airflow/.local/lib/python3.12/site-packages/airflow/example_dags/example_setup_teardown_taskflow.py
[2025-01-18T00:22:43.643+0000] {logging_mixin.py:190} INFO - [2025-01-18T00:22:43.643+0000] {dag.py:3239} INFO - Sync 1 DAGs
[2025-01-18T00:22:43.662+0000] {logging_mixin.py:190} INFO - [2025-01-18T00:22:43.661+0000] {dag.py:4180} INFO - Setting next_dagrun for example_setup_teardown_taskflow to None, run_after=None
[2025-01-18T00:22:43.691+0000] {processor.py:208} INFO - Processing /home/airflow/.local/lib/python3.12/site-packages/airflow/example_dags/example_setup_teardown_taskflow.py took 0.101 seconds
[2025-01-18T00:23:13.829+0000] {processor.py:186} INFO - Started process (PID=20424) to work on /home/airflow/.local/lib/python3.12/site-packages/airflow/example_dags/example_setup_teardown_taskflow.py
[2025-01-18T00:23:13.831+0000] {processor.py:914} INFO - Processing file /home/airflow/.local/lib/python3.12/site-packages/airflow/example_dags/example_setup_teardown_taskflow.py for tasks to queue
[2025-01-18T00:23:13.834+0000] {logging_mixin.py:190} INFO - [2025-01-18T00:23:13.833+0000] {dagbag.py:588} INFO - Filling up the DagBag from /home/airflow/.local/lib/python3.12/site-packages/airflow/example_dags/example_setup_teardown_taskflow.py
[2025-01-18T00:23:13.849+0000] {processor.py:925} INFO - DAG(s) 'example_setup_teardown_taskflow' retrieved from /home/airflow/.local/lib/python3.12/site-packages/airflow/example_dags/example_setup_teardown_taskflow.py
[2025-01-18T00:23:13.885+0000] {logging_mixin.py:190} INFO - [2025-01-18T00:23:13.885+0000] {dag.py:3239} INFO - Sync 1 DAGs
[2025-01-18T00:23:13.906+0000] {logging_mixin.py:190} INFO - [2025-01-18T00:23:13.906+0000] {dag.py:4180} INFO - Setting next_dagrun for example_setup_teardown_taskflow to None, run_after=None
[2025-01-18T00:23:13.931+0000] {processor.py:208} INFO - Processing /home/airflow/.local/lib/python3.12/site-packages/airflow/example_dags/example_setup_teardown_taskflow.py took 0.111 seconds
[2025-01-18T00:23:44.697+0000] {processor.py:186} INFO - Started process (PID=20491) to work on /home/airflow/.local/lib/python3.12/site-packages/airflow/example_dags/example_setup_teardown_taskflow.py
[2025-01-18T00:23:44.699+0000] {processor.py:914} INFO - Processing file /home/airflow/.local/lib/python3.12/site-packages/airflow/example_dags/example_setup_teardown_taskflow.py for tasks to queue
[2025-01-18T00:23:44.702+0000] {logging_mixin.py:190} INFO - [2025-01-18T00:23:44.701+0000] {dagbag.py:588} INFO - Filling up the DagBag from /home/airflow/.local/lib/python3.12/site-packages/airflow/example_dags/example_setup_teardown_taskflow.py
[2025-01-18T00:23:44.718+0000] {processor.py:925} INFO - DAG(s) 'example_setup_teardown_taskflow' retrieved from /home/airflow/.local/lib/python3.12/site-packages/airflow/example_dags/example_setup_teardown_taskflow.py
[2025-01-18T00:23:44.747+0000] {logging_mixin.py:190} INFO - [2025-01-18T00:23:44.747+0000] {dag.py:3239} INFO - Sync 1 DAGs
[2025-01-18T00:23:44.765+0000] {logging_mixin.py:190} INFO - [2025-01-18T00:23:44.765+0000] {dag.py:4180} INFO - Setting next_dagrun for example_setup_teardown_taskflow to None, run_after=None
[2025-01-18T00:23:44.791+0000] {processor.py:208} INFO - Processing /home/airflow/.local/lib/python3.12/site-packages/airflow/example_dags/example_setup_teardown_taskflow.py took 0.103 seconds
[2025-01-18T00:24:15.176+0000] {processor.py:186} INFO - Started process (PID=20558) to work on /home/airflow/.local/lib/python3.12/site-packages/airflow/example_dags/example_setup_teardown_taskflow.py
[2025-01-18T00:24:15.177+0000] {processor.py:914} INFO - Processing file /home/airflow/.local/lib/python3.12/site-packages/airflow/example_dags/example_setup_teardown_taskflow.py for tasks to queue
[2025-01-18T00:24:15.180+0000] {logging_mixin.py:190} INFO - [2025-01-18T00:24:15.180+0000] {dagbag.py:588} INFO - Filling up the DagBag from /home/airflow/.local/lib/python3.12/site-packages/airflow/example_dags/example_setup_teardown_taskflow.py
[2025-01-18T00:24:15.191+0000] {processor.py:925} INFO - DAG(s) 'example_setup_teardown_taskflow' retrieved from /home/airflow/.local/lib/python3.12/site-packages/airflow/example_dags/example_setup_teardown_taskflow.py
[2025-01-18T00:24:15.219+0000] {logging_mixin.py:190} INFO - [2025-01-18T00:24:15.219+0000] {dag.py:3239} INFO - Sync 1 DAGs
[2025-01-18T00:24:15.241+0000] {logging_mixin.py:190} INFO - [2025-01-18T00:24:15.241+0000] {dag.py:4180} INFO - Setting next_dagrun for example_setup_teardown_taskflow to None, run_after=None
[2025-01-18T00:24:15.272+0000] {processor.py:208} INFO - Processing /home/airflow/.local/lib/python3.12/site-packages/airflow/example_dags/example_setup_teardown_taskflow.py took 0.103 seconds
[2025-01-18T00:24:45.576+0000] {processor.py:186} INFO - Started process (PID=20625) to work on /home/airflow/.local/lib/python3.12/site-packages/airflow/example_dags/example_setup_teardown_taskflow.py
[2025-01-18T00:24:45.577+0000] {processor.py:914} INFO - Processing file /home/airflow/.local/lib/python3.12/site-packages/airflow/example_dags/example_setup_teardown_taskflow.py for tasks to queue
[2025-01-18T00:24:45.580+0000] {logging_mixin.py:190} INFO - [2025-01-18T00:24:45.579+0000] {dagbag.py:588} INFO - Filling up the DagBag from /home/airflow/.local/lib/python3.12/site-packages/airflow/example_dags/example_setup_teardown_taskflow.py
[2025-01-18T00:24:45.594+0000] {processor.py:925} INFO - DAG(s) 'example_setup_teardown_taskflow' retrieved from /home/airflow/.local/lib/python3.12/site-packages/airflow/example_dags/example_setup_teardown_taskflow.py
[2025-01-18T00:24:45.619+0000] {logging_mixin.py:190} INFO - [2025-01-18T00:24:45.619+0000] {dag.py:3239} INFO - Sync 1 DAGs
[2025-01-18T00:24:45.635+0000] {logging_mixin.py:190} INFO - [2025-01-18T00:24:45.635+0000] {dag.py:4180} INFO - Setting next_dagrun for example_setup_teardown_taskflow to None, run_after=None
[2025-01-18T00:24:45.657+0000] {processor.py:208} INFO - Processing /home/airflow/.local/lib/python3.12/site-packages/airflow/example_dags/example_setup_teardown_taskflow.py took 0.087 seconds
[2025-01-18T00:25:16.405+0000] {processor.py:186} INFO - Started process (PID=20692) to work on /home/airflow/.local/lib/python3.12/site-packages/airflow/example_dags/example_setup_teardown_taskflow.py
[2025-01-18T00:25:16.407+0000] {processor.py:914} INFO - Processing file /home/airflow/.local/lib/python3.12/site-packages/airflow/example_dags/example_setup_teardown_taskflow.py for tasks to queue
[2025-01-18T00:25:16.410+0000] {logging_mixin.py:190} INFO - [2025-01-18T00:25:16.409+0000] {dagbag.py:588} INFO - Filling up the DagBag from /home/airflow/.local/lib/python3.12/site-packages/airflow/example_dags/example_setup_teardown_taskflow.py
[2025-01-18T00:25:16.430+0000] {processor.py:925} INFO - DAG(s) 'example_setup_teardown_taskflow' retrieved from /home/airflow/.local/lib/python3.12/site-packages/airflow/example_dags/example_setup_teardown_taskflow.py
[2025-01-18T00:25:16.468+0000] {logging_mixin.py:190} INFO - [2025-01-18T00:25:16.468+0000] {dag.py:3239} INFO - Sync 1 DAGs
[2025-01-18T00:25:16.499+0000] {logging_mixin.py:190} INFO - [2025-01-18T00:25:16.498+0000] {dag.py:4180} INFO - Setting next_dagrun for example_setup_teardown_taskflow to None, run_after=None
[2025-01-18T00:25:16.532+0000] {processor.py:208} INFO - Processing /home/airflow/.local/lib/python3.12/site-packages/airflow/example_dags/example_setup_teardown_taskflow.py took 0.138 seconds
[2025-01-18T00:25:47.163+0000] {processor.py:186} INFO - Started process (PID=20759) to work on /home/airflow/.local/lib/python3.12/site-packages/airflow/example_dags/example_setup_teardown_taskflow.py
[2025-01-18T00:25:47.164+0000] {processor.py:914} INFO - Processing file /home/airflow/.local/lib/python3.12/site-packages/airflow/example_dags/example_setup_teardown_taskflow.py for tasks to queue
[2025-01-18T00:25:47.166+0000] {logging_mixin.py:190} INFO - [2025-01-18T00:25:47.166+0000] {dagbag.py:588} INFO - Filling up the DagBag from /home/airflow/.local/lib/python3.12/site-packages/airflow/example_dags/example_setup_teardown_taskflow.py
[2025-01-18T00:25:47.179+0000] {processor.py:925} INFO - DAG(s) 'example_setup_teardown_taskflow' retrieved from /home/airflow/.local/lib/python3.12/site-packages/airflow/example_dags/example_setup_teardown_taskflow.py
[2025-01-18T00:25:47.203+0000] {logging_mixin.py:190} INFO - [2025-01-18T00:25:47.203+0000] {dag.py:3239} INFO - Sync 1 DAGs
[2025-01-18T00:25:47.220+0000] {logging_mixin.py:190} INFO - [2025-01-18T00:25:47.220+0000] {dag.py:4180} INFO - Setting next_dagrun for example_setup_teardown_taskflow to None, run_after=None
[2025-01-18T00:25:47.243+0000] {processor.py:208} INFO - Processing /home/airflow/.local/lib/python3.12/site-packages/airflow/example_dags/example_setup_teardown_taskflow.py took 0.087 seconds
[2025-01-18T00:26:17.789+0000] {processor.py:186} INFO - Started process (PID=20832) to work on /home/airflow/.local/lib/python3.12/site-packages/airflow/example_dags/example_setup_teardown_taskflow.py
[2025-01-18T00:26:17.790+0000] {processor.py:914} INFO - Processing file /home/airflow/.local/lib/python3.12/site-packages/airflow/example_dags/example_setup_teardown_taskflow.py for tasks to queue
[2025-01-18T00:26:17.793+0000] {logging_mixin.py:190} INFO - [2025-01-18T00:26:17.792+0000] {dagbag.py:588} INFO - Filling up the DagBag from /home/airflow/.local/lib/python3.12/site-packages/airflow/example_dags/example_setup_teardown_taskflow.py
[2025-01-18T00:26:17.804+0000] {processor.py:925} INFO - DAG(s) 'example_setup_teardown_taskflow' retrieved from /home/airflow/.local/lib/python3.12/site-packages/airflow/example_dags/example_setup_teardown_taskflow.py
[2025-01-18T00:26:17.827+0000] {logging_mixin.py:190} INFO - [2025-01-18T00:26:17.827+0000] {dag.py:3239} INFO - Sync 1 DAGs
[2025-01-18T00:26:17.841+0000] {logging_mixin.py:190} INFO - [2025-01-18T00:26:17.841+0000] {dag.py:4180} INFO - Setting next_dagrun for example_setup_teardown_taskflow to None, run_after=None
[2025-01-18T00:26:17.863+0000] {processor.py:208} INFO - Processing /home/airflow/.local/lib/python3.12/site-packages/airflow/example_dags/example_setup_teardown_taskflow.py took 0.081 seconds
[2025-01-18T00:26:48.609+0000] {processor.py:186} INFO - Started process (PID=20899) to work on /home/airflow/.local/lib/python3.12/site-packages/airflow/example_dags/example_setup_teardown_taskflow.py
[2025-01-18T00:26:48.610+0000] {processor.py:914} INFO - Processing file /home/airflow/.local/lib/python3.12/site-packages/airflow/example_dags/example_setup_teardown_taskflow.py for tasks to queue
[2025-01-18T00:26:48.613+0000] {logging_mixin.py:190} INFO - [2025-01-18T00:26:48.613+0000] {dagbag.py:588} INFO - Filling up the DagBag from /home/airflow/.local/lib/python3.12/site-packages/airflow/example_dags/example_setup_teardown_taskflow.py
[2025-01-18T00:26:48.629+0000] {processor.py:925} INFO - DAG(s) 'example_setup_teardown_taskflow' retrieved from /home/airflow/.local/lib/python3.12/site-packages/airflow/example_dags/example_setup_teardown_taskflow.py
[2025-01-18T00:26:48.658+0000] {logging_mixin.py:190} INFO - [2025-01-18T00:26:48.658+0000] {dag.py:3239} INFO - Sync 1 DAGs
[2025-01-18T00:26:48.677+0000] {logging_mixin.py:190} INFO - [2025-01-18T00:26:48.676+0000] {dag.py:4180} INFO - Setting next_dagrun for example_setup_teardown_taskflow to None, run_after=None
[2025-01-18T00:26:48.702+0000] {processor.py:208} INFO - Processing /home/airflow/.local/lib/python3.12/site-packages/airflow/example_dags/example_setup_teardown_taskflow.py took 0.101 seconds
[2025-01-18T00:27:19.517+0000] {processor.py:186} INFO - Started process (PID=20966) to work on /home/airflow/.local/lib/python3.12/site-packages/airflow/example_dags/example_setup_teardown_taskflow.py
[2025-01-18T00:27:19.519+0000] {processor.py:914} INFO - Processing file /home/airflow/.local/lib/python3.12/site-packages/airflow/example_dags/example_setup_teardown_taskflow.py for tasks to queue
[2025-01-18T00:27:19.523+0000] {logging_mixin.py:190} INFO - [2025-01-18T00:27:19.522+0000] {dagbag.py:588} INFO - Filling up the DagBag from /home/airflow/.local/lib/python3.12/site-packages/airflow/example_dags/example_setup_teardown_taskflow.py
[2025-01-18T00:27:19.536+0000] {processor.py:925} INFO - DAG(s) 'example_setup_teardown_taskflow' retrieved from /home/airflow/.local/lib/python3.12/site-packages/airflow/example_dags/example_setup_teardown_taskflow.py
[2025-01-18T00:27:19.567+0000] {logging_mixin.py:190} INFO - [2025-01-18T00:27:19.567+0000] {dag.py:3239} INFO - Sync 1 DAGs
[2025-01-18T00:27:19.589+0000] {logging_mixin.py:190} INFO - [2025-01-18T00:27:19.588+0000] {dag.py:4180} INFO - Setting next_dagrun for example_setup_teardown_taskflow to None, run_after=None
[2025-01-18T00:27:19.620+0000] {processor.py:208} INFO - Processing /home/airflow/.local/lib/python3.12/site-packages/airflow/example_dags/example_setup_teardown_taskflow.py took 0.110 seconds
[2025-01-18T00:27:50.166+0000] {processor.py:186} INFO - Started process (PID=21033) to work on /home/airflow/.local/lib/python3.12/site-packages/airflow/example_dags/example_setup_teardown_taskflow.py
[2025-01-18T00:27:50.167+0000] {processor.py:914} INFO - Processing file /home/airflow/.local/lib/python3.12/site-packages/airflow/example_dags/example_setup_teardown_taskflow.py for tasks to queue
[2025-01-18T00:27:50.169+0000] {logging_mixin.py:190} INFO - [2025-01-18T00:27:50.169+0000] {dagbag.py:588} INFO - Filling up the DagBag from /home/airflow/.local/lib/python3.12/site-packages/airflow/example_dags/example_setup_teardown_taskflow.py
[2025-01-18T00:27:50.182+0000] {processor.py:925} INFO - DAG(s) 'example_setup_teardown_taskflow' retrieved from /home/airflow/.local/lib/python3.12/site-packages/airflow/example_dags/example_setup_teardown_taskflow.py
[2025-01-18T00:27:50.210+0000] {logging_mixin.py:190} INFO - [2025-01-18T00:27:50.210+0000] {dag.py:3239} INFO - Sync 1 DAGs
[2025-01-18T00:27:50.228+0000] {logging_mixin.py:190} INFO - [2025-01-18T00:27:50.227+0000] {dag.py:4180} INFO - Setting next_dagrun for example_setup_teardown_taskflow to None, run_after=None
[2025-01-18T00:27:50.255+0000] {processor.py:208} INFO - Processing /home/airflow/.local/lib/python3.12/site-packages/airflow/example_dags/example_setup_teardown_taskflow.py took 0.093 seconds
[2025-01-18T00:28:20.586+0000] {processor.py:186} INFO - Started process (PID=21099) to work on /home/airflow/.local/lib/python3.12/site-packages/airflow/example_dags/example_setup_teardown_taskflow.py
[2025-01-18T00:28:20.587+0000] {processor.py:914} INFO - Processing file /home/airflow/.local/lib/python3.12/site-packages/airflow/example_dags/example_setup_teardown_taskflow.py for tasks to queue
[2025-01-18T00:28:20.590+0000] {logging_mixin.py:190} INFO - [2025-01-18T00:28:20.589+0000] {dagbag.py:588} INFO - Filling up the DagBag from /home/airflow/.local/lib/python3.12/site-packages/airflow/example_dags/example_setup_teardown_taskflow.py
[2025-01-18T00:28:20.602+0000] {processor.py:925} INFO - DAG(s) 'example_setup_teardown_taskflow' retrieved from /home/airflow/.local/lib/python3.12/site-packages/airflow/example_dags/example_setup_teardown_taskflow.py
[2025-01-18T00:28:20.630+0000] {logging_mixin.py:190} INFO - [2025-01-18T00:28:20.630+0000] {dag.py:3239} INFO - Sync 1 DAGs
[2025-01-18T00:28:20.649+0000] {logging_mixin.py:190} INFO - [2025-01-18T00:28:20.648+0000] {dag.py:4180} INFO - Setting next_dagrun for example_setup_teardown_taskflow to None, run_after=None
[2025-01-18T00:28:20.683+0000] {processor.py:208} INFO - Processing /home/airflow/.local/lib/python3.12/site-packages/airflow/example_dags/example_setup_teardown_taskflow.py took 0.105 seconds
[2025-01-18T00:28:51.043+0000] {processor.py:186} INFO - Started process (PID=21166) to work on /home/airflow/.local/lib/python3.12/site-packages/airflow/example_dags/example_setup_teardown_taskflow.py
[2025-01-18T00:28:51.045+0000] {processor.py:914} INFO - Processing file /home/airflow/.local/lib/python3.12/site-packages/airflow/example_dags/example_setup_teardown_taskflow.py for tasks to queue
[2025-01-18T00:28:51.047+0000] {logging_mixin.py:190} INFO - [2025-01-18T00:28:51.047+0000] {dagbag.py:588} INFO - Filling up the DagBag from /home/airflow/.local/lib/python3.12/site-packages/airflow/example_dags/example_setup_teardown_taskflow.py
[2025-01-18T00:28:51.059+0000] {processor.py:925} INFO - DAG(s) 'example_setup_teardown_taskflow' retrieved from /home/airflow/.local/lib/python3.12/site-packages/airflow/example_dags/example_setup_teardown_taskflow.py
[2025-01-18T00:28:51.088+0000] {logging_mixin.py:190} INFO - [2025-01-18T00:28:51.088+0000] {dag.py:3239} INFO - Sync 1 DAGs
[2025-01-18T00:28:51.107+0000] {logging_mixin.py:190} INFO - [2025-01-18T00:28:51.107+0000] {dag.py:4180} INFO - Setting next_dagrun for example_setup_teardown_taskflow to None, run_after=None
[2025-01-18T00:28:51.134+0000] {processor.py:208} INFO - Processing /home/airflow/.local/lib/python3.12/site-packages/airflow/example_dags/example_setup_teardown_taskflow.py took 0.096 seconds
[2025-01-18T00:29:21.652+0000] {processor.py:186} INFO - Started process (PID=21233) to work on /home/airflow/.local/lib/python3.12/site-packages/airflow/example_dags/example_setup_teardown_taskflow.py
[2025-01-18T00:29:21.654+0000] {processor.py:914} INFO - Processing file /home/airflow/.local/lib/python3.12/site-packages/airflow/example_dags/example_setup_teardown_taskflow.py for tasks to queue
[2025-01-18T00:29:21.658+0000] {logging_mixin.py:190} INFO - [2025-01-18T00:29:21.657+0000] {dagbag.py:588} INFO - Filling up the DagBag from /home/airflow/.local/lib/python3.12/site-packages/airflow/example_dags/example_setup_teardown_taskflow.py
[2025-01-18T00:29:21.678+0000] {processor.py:925} INFO - DAG(s) 'example_setup_teardown_taskflow' retrieved from /home/airflow/.local/lib/python3.12/site-packages/airflow/example_dags/example_setup_teardown_taskflow.py
[2025-01-18T00:29:21.709+0000] {logging_mixin.py:190} INFO - [2025-01-18T00:29:21.709+0000] {dag.py:3239} INFO - Sync 1 DAGs
[2025-01-18T00:29:21.726+0000] {logging_mixin.py:190} INFO - [2025-01-18T00:29:21.726+0000] {dag.py:4180} INFO - Setting next_dagrun for example_setup_teardown_taskflow to None, run_after=None
[2025-01-18T00:29:21.751+0000] {processor.py:208} INFO - Processing /home/airflow/.local/lib/python3.12/site-packages/airflow/example_dags/example_setup_teardown_taskflow.py took 0.110 seconds
[2025-01-18T00:29:52.532+0000] {processor.py:186} INFO - Started process (PID=21300) to work on /home/airflow/.local/lib/python3.12/site-packages/airflow/example_dags/example_setup_teardown_taskflow.py
[2025-01-18T00:29:52.534+0000] {processor.py:914} INFO - Processing file /home/airflow/.local/lib/python3.12/site-packages/airflow/example_dags/example_setup_teardown_taskflow.py for tasks to queue
[2025-01-18T00:29:52.538+0000] {logging_mixin.py:190} INFO - [2025-01-18T00:29:52.537+0000] {dagbag.py:588} INFO - Filling up the DagBag from /home/airflow/.local/lib/python3.12/site-packages/airflow/example_dags/example_setup_teardown_taskflow.py
[2025-01-18T00:29:52.562+0000] {processor.py:925} INFO - DAG(s) 'example_setup_teardown_taskflow' retrieved from /home/airflow/.local/lib/python3.12/site-packages/airflow/example_dags/example_setup_teardown_taskflow.py
[2025-01-18T00:29:52.591+0000] {logging_mixin.py:190} INFO - [2025-01-18T00:29:52.590+0000] {dag.py:3239} INFO - Sync 1 DAGs
[2025-01-18T00:29:52.609+0000] {logging_mixin.py:190} INFO - [2025-01-18T00:29:52.608+0000] {dag.py:4180} INFO - Setting next_dagrun for example_setup_teardown_taskflow to None, run_after=None
[2025-01-18T00:29:52.634+0000] {processor.py:208} INFO - Processing /home/airflow/.local/lib/python3.12/site-packages/airflow/example_dags/example_setup_teardown_taskflow.py took 0.112 seconds
[2025-01-18T00:30:22.996+0000] {processor.py:186} INFO - Started process (PID=21367) to work on /home/airflow/.local/lib/python3.12/site-packages/airflow/example_dags/example_setup_teardown_taskflow.py
[2025-01-18T00:30:22.997+0000] {processor.py:914} INFO - Processing file /home/airflow/.local/lib/python3.12/site-packages/airflow/example_dags/example_setup_teardown_taskflow.py for tasks to queue
[2025-01-18T00:30:23.000+0000] {logging_mixin.py:190} INFO - [2025-01-18T00:30:23.000+0000] {dagbag.py:588} INFO - Filling up the DagBag from /home/airflow/.local/lib/python3.12/site-packages/airflow/example_dags/example_setup_teardown_taskflow.py
[2025-01-18T00:30:23.013+0000] {processor.py:925} INFO - DAG(s) 'example_setup_teardown_taskflow' retrieved from /home/airflow/.local/lib/python3.12/site-packages/airflow/example_dags/example_setup_teardown_taskflow.py
[2025-01-18T00:30:23.039+0000] {logging_mixin.py:190} INFO - [2025-01-18T00:30:23.039+0000] {dag.py:3239} INFO - Sync 1 DAGs
[2025-01-18T00:30:23.056+0000] {logging_mixin.py:190} INFO - [2025-01-18T00:30:23.056+0000] {dag.py:4180} INFO - Setting next_dagrun for example_setup_teardown_taskflow to None, run_after=None
[2025-01-18T00:30:23.080+0000] {processor.py:208} INFO - Processing /home/airflow/.local/lib/python3.12/site-packages/airflow/example_dags/example_setup_teardown_taskflow.py took 0.090 seconds
[2025-01-18T00:30:53.596+0000] {processor.py:186} INFO - Started process (PID=21440) to work on /home/airflow/.local/lib/python3.12/site-packages/airflow/example_dags/example_setup_teardown_taskflow.py
[2025-01-18T00:30:53.598+0000] {processor.py:914} INFO - Processing file /home/airflow/.local/lib/python3.12/site-packages/airflow/example_dags/example_setup_teardown_taskflow.py for tasks to queue
[2025-01-18T00:30:53.601+0000] {logging_mixin.py:190} INFO - [2025-01-18T00:30:53.600+0000] {dagbag.py:588} INFO - Filling up the DagBag from /home/airflow/.local/lib/python3.12/site-packages/airflow/example_dags/example_setup_teardown_taskflow.py
[2025-01-18T00:30:53.612+0000] {processor.py:925} INFO - DAG(s) 'example_setup_teardown_taskflow' retrieved from /home/airflow/.local/lib/python3.12/site-packages/airflow/example_dags/example_setup_teardown_taskflow.py
[2025-01-18T00:30:53.637+0000] {logging_mixin.py:190} INFO - [2025-01-18T00:30:53.636+0000] {dag.py:3239} INFO - Sync 1 DAGs
[2025-01-18T00:30:53.652+0000] {logging_mixin.py:190} INFO - [2025-01-18T00:30:53.652+0000] {dag.py:4180} INFO - Setting next_dagrun for example_setup_teardown_taskflow to None, run_after=None
[2025-01-18T00:30:53.674+0000] {processor.py:208} INFO - Processing /home/airflow/.local/lib/python3.12/site-packages/airflow/example_dags/example_setup_teardown_taskflow.py took 0.084 seconds
[2025-01-18T00:31:23.766+0000] {processor.py:186} INFO - Started process (PID=21507) to work on /home/airflow/.local/lib/python3.12/site-packages/airflow/example_dags/example_setup_teardown_taskflow.py
[2025-01-18T00:31:23.767+0000] {processor.py:914} INFO - Processing file /home/airflow/.local/lib/python3.12/site-packages/airflow/example_dags/example_setup_teardown_taskflow.py for tasks to queue
[2025-01-18T00:31:23.770+0000] {logging_mixin.py:190} INFO - [2025-01-18T00:31:23.769+0000] {dagbag.py:588} INFO - Filling up the DagBag from /home/airflow/.local/lib/python3.12/site-packages/airflow/example_dags/example_setup_teardown_taskflow.py
[2025-01-18T00:31:23.786+0000] {processor.py:925} INFO - DAG(s) 'example_setup_teardown_taskflow' retrieved from /home/airflow/.local/lib/python3.12/site-packages/airflow/example_dags/example_setup_teardown_taskflow.py
[2025-01-18T00:31:23.823+0000] {logging_mixin.py:190} INFO - [2025-01-18T00:31:23.822+0000] {dag.py:3239} INFO - Sync 1 DAGs
[2025-01-18T00:31:23.845+0000] {logging_mixin.py:190} INFO - [2025-01-18T00:31:23.845+0000] {dag.py:4180} INFO - Setting next_dagrun for example_setup_teardown_taskflow to None, run_after=None
[2025-01-18T00:31:23.870+0000] {processor.py:208} INFO - Processing /home/airflow/.local/lib/python3.12/site-packages/airflow/example_dags/example_setup_teardown_taskflow.py took 0.112 seconds
[2025-01-18T00:31:54.582+0000] {processor.py:186} INFO - Started process (PID=21574) to work on /home/airflow/.local/lib/python3.12/site-packages/airflow/example_dags/example_setup_teardown_taskflow.py
[2025-01-18T00:31:54.583+0000] {processor.py:914} INFO - Processing file /home/airflow/.local/lib/python3.12/site-packages/airflow/example_dags/example_setup_teardown_taskflow.py for tasks to queue
[2025-01-18T00:31:54.586+0000] {logging_mixin.py:190} INFO - [2025-01-18T00:31:54.586+0000] {dagbag.py:588} INFO - Filling up the DagBag from /home/airflow/.local/lib/python3.12/site-packages/airflow/example_dags/example_setup_teardown_taskflow.py
[2025-01-18T00:31:54.599+0000] {processor.py:925} INFO - DAG(s) 'example_setup_teardown_taskflow' retrieved from /home/airflow/.local/lib/python3.12/site-packages/airflow/example_dags/example_setup_teardown_taskflow.py
[2025-01-18T00:31:54.624+0000] {logging_mixin.py:190} INFO - [2025-01-18T00:31:54.624+0000] {dag.py:3239} INFO - Sync 1 DAGs
[2025-01-18T00:31:54.640+0000] {logging_mixin.py:190} INFO - [2025-01-18T00:31:54.640+0000] {dag.py:4180} INFO - Setting next_dagrun for example_setup_teardown_taskflow to None, run_after=None
[2025-01-18T00:31:54.663+0000] {processor.py:208} INFO - Processing /home/airflow/.local/lib/python3.12/site-packages/airflow/example_dags/example_setup_teardown_taskflow.py took 0.089 seconds
[2025-01-18T00:32:24.783+0000] {processor.py:186} INFO - Started process (PID=21641) to work on /home/airflow/.local/lib/python3.12/site-packages/airflow/example_dags/example_setup_teardown_taskflow.py
[2025-01-18T00:32:24.784+0000] {processor.py:914} INFO - Processing file /home/airflow/.local/lib/python3.12/site-packages/airflow/example_dags/example_setup_teardown_taskflow.py for tasks to queue
[2025-01-18T00:32:24.786+0000] {logging_mixin.py:190} INFO - [2025-01-18T00:32:24.786+0000] {dagbag.py:588} INFO - Filling up the DagBag from /home/airflow/.local/lib/python3.12/site-packages/airflow/example_dags/example_setup_teardown_taskflow.py
[2025-01-18T00:32:24.802+0000] {processor.py:925} INFO - DAG(s) 'example_setup_teardown_taskflow' retrieved from /home/airflow/.local/lib/python3.12/site-packages/airflow/example_dags/example_setup_teardown_taskflow.py
[2025-01-18T00:32:24.828+0000] {logging_mixin.py:190} INFO - [2025-01-18T00:32:24.827+0000] {dag.py:3239} INFO - Sync 1 DAGs
[2025-01-18T00:32:24.844+0000] {logging_mixin.py:190} INFO - [2025-01-18T00:32:24.844+0000] {dag.py:4180} INFO - Setting next_dagrun for example_setup_teardown_taskflow to None, run_after=None
[2025-01-18T00:32:24.871+0000] {processor.py:208} INFO - Processing /home/airflow/.local/lib/python3.12/site-packages/airflow/example_dags/example_setup_teardown_taskflow.py took 0.094 seconds
[2025-01-18T00:32:55.703+0000] {processor.py:186} INFO - Started process (PID=21708) to work on /home/airflow/.local/lib/python3.12/site-packages/airflow/example_dags/example_setup_teardown_taskflow.py
[2025-01-18T00:32:55.704+0000] {processor.py:914} INFO - Processing file /home/airflow/.local/lib/python3.12/site-packages/airflow/example_dags/example_setup_teardown_taskflow.py for tasks to queue
[2025-01-18T00:32:55.708+0000] {logging_mixin.py:190} INFO - [2025-01-18T00:32:55.707+0000] {dagbag.py:588} INFO - Filling up the DagBag from /home/airflow/.local/lib/python3.12/site-packages/airflow/example_dags/example_setup_teardown_taskflow.py
[2025-01-18T00:32:55.722+0000] {processor.py:925} INFO - DAG(s) 'example_setup_teardown_taskflow' retrieved from /home/airflow/.local/lib/python3.12/site-packages/airflow/example_dags/example_setup_teardown_taskflow.py
[2025-01-18T00:32:55.756+0000] {logging_mixin.py:190} INFO - [2025-01-18T00:32:55.756+0000] {dag.py:3239} INFO - Sync 1 DAGs
[2025-01-18T00:32:55.779+0000] {logging_mixin.py:190} INFO - [2025-01-18T00:32:55.778+0000] {dag.py:4180} INFO - Setting next_dagrun for example_setup_teardown_taskflow to None, run_after=None
[2025-01-18T00:32:55.805+0000] {processor.py:208} INFO - Processing /home/airflow/.local/lib/python3.12/site-packages/airflow/example_dags/example_setup_teardown_taskflow.py took 0.110 seconds
[2025-01-18T00:33:26.003+0000] {processor.py:186} INFO - Started process (PID=21776) to work on /home/airflow/.local/lib/python3.12/site-packages/airflow/example_dags/example_setup_teardown_taskflow.py
[2025-01-18T00:33:26.005+0000] {processor.py:914} INFO - Processing file /home/airflow/.local/lib/python3.12/site-packages/airflow/example_dags/example_setup_teardown_taskflow.py for tasks to queue
[2025-01-18T00:33:26.007+0000] {logging_mixin.py:190} INFO - [2025-01-18T00:33:26.007+0000] {dagbag.py:588} INFO - Filling up the DagBag from /home/airflow/.local/lib/python3.12/site-packages/airflow/example_dags/example_setup_teardown_taskflow.py
[2025-01-18T00:33:26.021+0000] {processor.py:925} INFO - DAG(s) 'example_setup_teardown_taskflow' retrieved from /home/airflow/.local/lib/python3.12/site-packages/airflow/example_dags/example_setup_teardown_taskflow.py
[2025-01-18T00:33:26.050+0000] {logging_mixin.py:190} INFO - [2025-01-18T00:33:26.049+0000] {dag.py:3239} INFO - Sync 1 DAGs
[2025-01-18T00:33:26.075+0000] {logging_mixin.py:190} INFO - [2025-01-18T00:33:26.075+0000] {dag.py:4180} INFO - Setting next_dagrun for example_setup_teardown_taskflow to None, run_after=None
[2025-01-18T00:33:26.102+0000] {processor.py:208} INFO - Processing /home/airflow/.local/lib/python3.12/site-packages/airflow/example_dags/example_setup_teardown_taskflow.py took 0.106 seconds
[2025-01-18T00:33:56.165+0000] {processor.py:186} INFO - Started process (PID=21843) to work on /home/airflow/.local/lib/python3.12/site-packages/airflow/example_dags/example_setup_teardown_taskflow.py
[2025-01-18T00:33:56.167+0000] {processor.py:914} INFO - Processing file /home/airflow/.local/lib/python3.12/site-packages/airflow/example_dags/example_setup_teardown_taskflow.py for tasks to queue
[2025-01-18T00:33:56.170+0000] {logging_mixin.py:190} INFO - [2025-01-18T00:33:56.170+0000] {dagbag.py:588} INFO - Filling up the DagBag from /home/airflow/.local/lib/python3.12/site-packages/airflow/example_dags/example_setup_teardown_taskflow.py
[2025-01-18T00:33:56.182+0000] {processor.py:925} INFO - DAG(s) 'example_setup_teardown_taskflow' retrieved from /home/airflow/.local/lib/python3.12/site-packages/airflow/example_dags/example_setup_teardown_taskflow.py
[2025-01-18T00:33:56.209+0000] {logging_mixin.py:190} INFO - [2025-01-18T00:33:56.209+0000] {dag.py:3239} INFO - Sync 1 DAGs
[2025-01-18T00:33:56.231+0000] {logging_mixin.py:190} INFO - [2025-01-18T00:33:56.231+0000] {dag.py:4180} INFO - Setting next_dagrun for example_setup_teardown_taskflow to None, run_after=None
[2025-01-18T00:33:56.261+0000] {processor.py:208} INFO - Processing /home/airflow/.local/lib/python3.12/site-packages/airflow/example_dags/example_setup_teardown_taskflow.py took 0.102 seconds
[2025-01-18T00:34:26.439+0000] {processor.py:186} INFO - Started process (PID=21910) to work on /home/airflow/.local/lib/python3.12/site-packages/airflow/example_dags/example_setup_teardown_taskflow.py
[2025-01-18T00:34:26.441+0000] {processor.py:914} INFO - Processing file /home/airflow/.local/lib/python3.12/site-packages/airflow/example_dags/example_setup_teardown_taskflow.py for tasks to queue
[2025-01-18T00:34:26.443+0000] {logging_mixin.py:190} INFO - [2025-01-18T00:34:26.443+0000] {dagbag.py:588} INFO - Filling up the DagBag from /home/airflow/.local/lib/python3.12/site-packages/airflow/example_dags/example_setup_teardown_taskflow.py
[2025-01-18T00:34:26.457+0000] {processor.py:925} INFO - DAG(s) 'example_setup_teardown_taskflow' retrieved from /home/airflow/.local/lib/python3.12/site-packages/airflow/example_dags/example_setup_teardown_taskflow.py
[2025-01-18T00:34:26.482+0000] {logging_mixin.py:190} INFO - [2025-01-18T00:34:26.482+0000] {dag.py:3239} INFO - Sync 1 DAGs
[2025-01-18T00:34:26.498+0000] {logging_mixin.py:190} INFO - [2025-01-18T00:34:26.498+0000] {dag.py:4180} INFO - Setting next_dagrun for example_setup_teardown_taskflow to None, run_after=None
[2025-01-18T00:34:26.519+0000] {processor.py:208} INFO - Processing /home/airflow/.local/lib/python3.12/site-packages/airflow/example_dags/example_setup_teardown_taskflow.py took 0.086 seconds
[2025-01-18T00:34:56.626+0000] {processor.py:186} INFO - Started process (PID=21977) to work on /home/airflow/.local/lib/python3.12/site-packages/airflow/example_dags/example_setup_teardown_taskflow.py
[2025-01-18T00:34:56.627+0000] {processor.py:914} INFO - Processing file /home/airflow/.local/lib/python3.12/site-packages/airflow/example_dags/example_setup_teardown_taskflow.py for tasks to queue
[2025-01-18T00:34:56.629+0000] {logging_mixin.py:190} INFO - [2025-01-18T00:34:56.629+0000] {dagbag.py:588} INFO - Filling up the DagBag from /home/airflow/.local/lib/python3.12/site-packages/airflow/example_dags/example_setup_teardown_taskflow.py
[2025-01-18T00:34:56.640+0000] {processor.py:925} INFO - DAG(s) 'example_setup_teardown_taskflow' retrieved from /home/airflow/.local/lib/python3.12/site-packages/airflow/example_dags/example_setup_teardown_taskflow.py
[2025-01-18T00:34:56.662+0000] {logging_mixin.py:190} INFO - [2025-01-18T00:34:56.662+0000] {dag.py:3239} INFO - Sync 1 DAGs
[2025-01-18T00:34:56.678+0000] {logging_mixin.py:190} INFO - [2025-01-18T00:34:56.678+0000] {dag.py:4180} INFO - Setting next_dagrun for example_setup_teardown_taskflow to None, run_after=None
[2025-01-18T00:34:56.699+0000] {processor.py:208} INFO - Processing /home/airflow/.local/lib/python3.12/site-packages/airflow/example_dags/example_setup_teardown_taskflow.py took 0.079 seconds
[2025-01-18T00:35:27.155+0000] {processor.py:186} INFO - Started process (PID=22050) to work on /home/airflow/.local/lib/python3.12/site-packages/airflow/example_dags/example_setup_teardown_taskflow.py
[2025-01-18T00:35:27.157+0000] {processor.py:914} INFO - Processing file /home/airflow/.local/lib/python3.12/site-packages/airflow/example_dags/example_setup_teardown_taskflow.py for tasks to queue
[2025-01-18T00:35:27.160+0000] {logging_mixin.py:190} INFO - [2025-01-18T00:35:27.160+0000] {dagbag.py:588} INFO - Filling up the DagBag from /home/airflow/.local/lib/python3.12/site-packages/airflow/example_dags/example_setup_teardown_taskflow.py
[2025-01-18T00:35:27.174+0000] {processor.py:925} INFO - DAG(s) 'example_setup_teardown_taskflow' retrieved from /home/airflow/.local/lib/python3.12/site-packages/airflow/example_dags/example_setup_teardown_taskflow.py
[2025-01-18T00:35:27.213+0000] {logging_mixin.py:190} INFO - [2025-01-18T00:35:27.213+0000] {dag.py:3239} INFO - Sync 1 DAGs
[2025-01-18T00:35:27.236+0000] {logging_mixin.py:190} INFO - [2025-01-18T00:35:27.236+0000] {dag.py:4180} INFO - Setting next_dagrun for example_setup_teardown_taskflow to None, run_after=None
[2025-01-18T00:35:27.267+0000] {processor.py:208} INFO - Processing /home/airflow/.local/lib/python3.12/site-packages/airflow/example_dags/example_setup_teardown_taskflow.py took 0.119 seconds
