[2025-01-18T00:00:13.975+0000] {processor.py:186} INFO - Started process (PID=17368) to work on /home/airflow/.local/lib/python3.12/site-packages/airflow/example_dags/example_short_circuit_operator.py
[2025-01-18T00:00:13.976+0000] {processor.py:914} INFO - Processing file /home/airflow/.local/lib/python3.12/site-packages/airflow/example_dags/example_short_circuit_operator.py for tasks to queue
[2025-01-18T00:00:13.977+0000] {logging_mixin.py:190} INFO - [2025-01-18T00:00:13.977+0000] {dagbag.py:588} INFO - Filling up the DagBag from /home/airflow/.local/lib/python3.12/site-packages/airflow/example_dags/example_short_circuit_operator.py
[2025-01-18T00:00:13.986+0000] {processor.py:925} INFO - DAG(s) 'example_short_circuit_operator' retrieved from /home/airflow/.local/lib/python3.12/site-packages/airflow/example_dags/example_short_circuit_operator.py
[2025-01-18T00:00:14.011+0000] {logging_mixin.py:190} INFO - [2025-01-18T00:00:14.011+0000] {dag.py:3239} INFO - Sync 1 DAGs
[2025-01-18T00:00:14.027+0000] {logging_mixin.py:190} INFO - [2025-01-18T00:00:14.027+0000] {dag.py:4180} INFO - Setting next_dagrun for example_short_circuit_operator to None, run_after=None
[2025-01-18T00:00:14.059+0000] {processor.py:208} INFO - Processing /home/airflow/.local/lib/python3.12/site-packages/airflow/example_dags/example_short_circuit_operator.py took 0.089 seconds
[2025-01-18T00:00:44.169+0000] {processor.py:186} INFO - Started process (PID=17435) to work on /home/airflow/.local/lib/python3.12/site-packages/airflow/example_dags/example_short_circuit_operator.py
[2025-01-18T00:00:44.170+0000] {processor.py:914} INFO - Processing file /home/airflow/.local/lib/python3.12/site-packages/airflow/example_dags/example_short_circuit_operator.py for tasks to queue
[2025-01-18T00:00:44.173+0000] {logging_mixin.py:190} INFO - [2025-01-18T00:00:44.173+0000] {dagbag.py:588} INFO - Filling up the DagBag from /home/airflow/.local/lib/python3.12/site-packages/airflow/example_dags/example_short_circuit_operator.py
[2025-01-18T00:00:44.190+0000] {processor.py:925} INFO - DAG(s) 'example_short_circuit_operator' retrieved from /home/airflow/.local/lib/python3.12/site-packages/airflow/example_dags/example_short_circuit_operator.py
[2025-01-18T00:00:44.259+0000] {logging_mixin.py:190} INFO - [2025-01-18T00:00:44.259+0000] {dag.py:3239} INFO - Sync 1 DAGs
[2025-01-18T00:00:44.323+0000] {logging_mixin.py:190} INFO - [2025-01-18T00:00:44.322+0000] {dag.py:4180} INFO - Setting next_dagrun for example_short_circuit_operator to None, run_after=None
[2025-01-18T00:00:44.385+0000] {processor.py:208} INFO - Processing /home/airflow/.local/lib/python3.12/site-packages/airflow/example_dags/example_short_circuit_operator.py took 0.223 seconds
[2025-01-18T00:01:15.069+0000] {processor.py:186} INFO - Started process (PID=17502) to work on /home/airflow/.local/lib/python3.12/site-packages/airflow/example_dags/example_short_circuit_operator.py
[2025-01-18T00:01:15.070+0000] {processor.py:914} INFO - Processing file /home/airflow/.local/lib/python3.12/site-packages/airflow/example_dags/example_short_circuit_operator.py for tasks to queue
[2025-01-18T00:01:15.073+0000] {logging_mixin.py:190} INFO - [2025-01-18T00:01:15.072+0000] {dagbag.py:588} INFO - Filling up the DagBag from /home/airflow/.local/lib/python3.12/site-packages/airflow/example_dags/example_short_circuit_operator.py
[2025-01-18T00:01:15.080+0000] {processor.py:925} INFO - DAG(s) 'example_short_circuit_operator' retrieved from /home/airflow/.local/lib/python3.12/site-packages/airflow/example_dags/example_short_circuit_operator.py
[2025-01-18T00:01:15.105+0000] {logging_mixin.py:190} INFO - [2025-01-18T00:01:15.105+0000] {dag.py:3239} INFO - Sync 1 DAGs
[2025-01-18T00:01:15.120+0000] {logging_mixin.py:190} INFO - [2025-01-18T00:01:15.120+0000] {dag.py:4180} INFO - Setting next_dagrun for example_short_circuit_operator to None, run_after=None
[2025-01-18T00:01:15.142+0000] {processor.py:208} INFO - Processing /home/airflow/.local/lib/python3.12/site-packages/airflow/example_dags/example_short_circuit_operator.py took 0.079 seconds
[2025-01-18T00:01:45.554+0000] {processor.py:186} INFO - Started process (PID=17575) to work on /home/airflow/.local/lib/python3.12/site-packages/airflow/example_dags/example_short_circuit_operator.py
[2025-01-18T00:01:45.555+0000] {processor.py:914} INFO - Processing file /home/airflow/.local/lib/python3.12/site-packages/airflow/example_dags/example_short_circuit_operator.py for tasks to queue
[2025-01-18T00:01:45.558+0000] {logging_mixin.py:190} INFO - [2025-01-18T00:01:45.557+0000] {dagbag.py:588} INFO - Filling up the DagBag from /home/airflow/.local/lib/python3.12/site-packages/airflow/example_dags/example_short_circuit_operator.py
[2025-01-18T00:01:45.572+0000] {processor.py:925} INFO - DAG(s) 'example_short_circuit_operator' retrieved from /home/airflow/.local/lib/python3.12/site-packages/airflow/example_dags/example_short_circuit_operator.py
[2025-01-18T00:01:45.603+0000] {logging_mixin.py:190} INFO - [2025-01-18T00:01:45.603+0000] {dag.py:3239} INFO - Sync 1 DAGs
[2025-01-18T00:01:45.622+0000] {logging_mixin.py:190} INFO - [2025-01-18T00:01:45.621+0000] {dag.py:4180} INFO - Setting next_dagrun for example_short_circuit_operator to None, run_after=None
[2025-01-18T00:01:45.646+0000] {processor.py:208} INFO - Processing /home/airflow/.local/lib/python3.12/site-packages/airflow/example_dags/example_short_circuit_operator.py took 0.099 seconds
[2025-01-18T00:02:16.256+0000] {processor.py:186} INFO - Started process (PID=17642) to work on /home/airflow/.local/lib/python3.12/site-packages/airflow/example_dags/example_short_circuit_operator.py
[2025-01-18T00:02:16.257+0000] {processor.py:914} INFO - Processing file /home/airflow/.local/lib/python3.12/site-packages/airflow/example_dags/example_short_circuit_operator.py for tasks to queue
[2025-01-18T00:02:16.261+0000] {logging_mixin.py:190} INFO - [2025-01-18T00:02:16.260+0000] {dagbag.py:588} INFO - Filling up the DagBag from /home/airflow/.local/lib/python3.12/site-packages/airflow/example_dags/example_short_circuit_operator.py
[2025-01-18T00:02:16.274+0000] {processor.py:925} INFO - DAG(s) 'example_short_circuit_operator' retrieved from /home/airflow/.local/lib/python3.12/site-packages/airflow/example_dags/example_short_circuit_operator.py
[2025-01-18T00:02:16.308+0000] {logging_mixin.py:190} INFO - [2025-01-18T00:02:16.308+0000] {dag.py:3239} INFO - Sync 1 DAGs
[2025-01-18T00:02:16.339+0000] {logging_mixin.py:190} INFO - [2025-01-18T00:02:16.338+0000] {dag.py:4180} INFO - Setting next_dagrun for example_short_circuit_operator to None, run_after=None
[2025-01-18T00:02:16.373+0000] {processor.py:208} INFO - Processing /home/airflow/.local/lib/python3.12/site-packages/airflow/example_dags/example_short_circuit_operator.py took 0.125 seconds
[2025-01-18T00:02:46.646+0000] {processor.py:186} INFO - Started process (PID=17710) to work on /home/airflow/.local/lib/python3.12/site-packages/airflow/example_dags/example_short_circuit_operator.py
[2025-01-18T00:02:46.647+0000] {processor.py:914} INFO - Processing file /home/airflow/.local/lib/python3.12/site-packages/airflow/example_dags/example_short_circuit_operator.py for tasks to queue
[2025-01-18T00:02:46.651+0000] {logging_mixin.py:190} INFO - [2025-01-18T00:02:46.650+0000] {dagbag.py:588} INFO - Filling up the DagBag from /home/airflow/.local/lib/python3.12/site-packages/airflow/example_dags/example_short_circuit_operator.py
[2025-01-18T00:02:46.665+0000] {processor.py:925} INFO - DAG(s) 'example_short_circuit_operator' retrieved from /home/airflow/.local/lib/python3.12/site-packages/airflow/example_dags/example_short_circuit_operator.py
[2025-01-18T00:02:46.708+0000] {logging_mixin.py:190} INFO - [2025-01-18T00:02:46.707+0000] {dag.py:3239} INFO - Sync 1 DAGs
[2025-01-18T00:02:46.738+0000] {logging_mixin.py:190} INFO - [2025-01-18T00:02:46.738+0000] {dag.py:4180} INFO - Setting next_dagrun for example_short_circuit_operator to None, run_after=None
[2025-01-18T00:02:46.775+0000] {processor.py:208} INFO - Processing /home/airflow/.local/lib/python3.12/site-packages/airflow/example_dags/example_short_circuit_operator.py took 0.141 seconds
[2025-01-18T00:03:17.167+0000] {processor.py:186} INFO - Started process (PID=17778) to work on /home/airflow/.local/lib/python3.12/site-packages/airflow/example_dags/example_short_circuit_operator.py
[2025-01-18T00:03:17.169+0000] {processor.py:914} INFO - Processing file /home/airflow/.local/lib/python3.12/site-packages/airflow/example_dags/example_short_circuit_operator.py for tasks to queue
[2025-01-18T00:03:17.172+0000] {logging_mixin.py:190} INFO - [2025-01-18T00:03:17.172+0000] {dagbag.py:588} INFO - Filling up the DagBag from /home/airflow/.local/lib/python3.12/site-packages/airflow/example_dags/example_short_circuit_operator.py
[2025-01-18T00:03:17.185+0000] {processor.py:925} INFO - DAG(s) 'example_short_circuit_operator' retrieved from /home/airflow/.local/lib/python3.12/site-packages/airflow/example_dags/example_short_circuit_operator.py
[2025-01-18T00:03:17.218+0000] {logging_mixin.py:190} INFO - [2025-01-18T00:03:17.217+0000] {dag.py:3239} INFO - Sync 1 DAGs
[2025-01-18T00:03:17.239+0000] {logging_mixin.py:190} INFO - [2025-01-18T00:03:17.239+0000] {dag.py:4180} INFO - Setting next_dagrun for example_short_circuit_operator to None, run_after=None
[2025-01-18T00:03:17.264+0000] {processor.py:208} INFO - Processing /home/airflow/.local/lib/python3.12/site-packages/airflow/example_dags/example_short_circuit_operator.py took 0.104 seconds
[2025-01-18T00:03:47.880+0000] {processor.py:186} INFO - Started process (PID=17845) to work on /home/airflow/.local/lib/python3.12/site-packages/airflow/example_dags/example_short_circuit_operator.py
[2025-01-18T00:03:47.882+0000] {processor.py:914} INFO - Processing file /home/airflow/.local/lib/python3.12/site-packages/airflow/example_dags/example_short_circuit_operator.py for tasks to queue
[2025-01-18T00:03:47.886+0000] {logging_mixin.py:190} INFO - [2025-01-18T00:03:47.885+0000] {dagbag.py:588} INFO - Filling up the DagBag from /home/airflow/.local/lib/python3.12/site-packages/airflow/example_dags/example_short_circuit_operator.py
[2025-01-18T00:03:47.899+0000] {processor.py:925} INFO - DAG(s) 'example_short_circuit_operator' retrieved from /home/airflow/.local/lib/python3.12/site-packages/airflow/example_dags/example_short_circuit_operator.py
[2025-01-18T00:03:47.932+0000] {logging_mixin.py:190} INFO - [2025-01-18T00:03:47.932+0000] {dag.py:3239} INFO - Sync 1 DAGs
[2025-01-18T00:03:47.951+0000] {logging_mixin.py:190} INFO - [2025-01-18T00:03:47.951+0000] {dag.py:4180} INFO - Setting next_dagrun for example_short_circuit_operator to None, run_after=None
[2025-01-18T00:03:47.976+0000] {processor.py:208} INFO - Processing /home/airflow/.local/lib/python3.12/site-packages/airflow/example_dags/example_short_circuit_operator.py took 0.104 seconds
[2025-01-18T00:04:18.278+0000] {processor.py:186} INFO - Started process (PID=17912) to work on /home/airflow/.local/lib/python3.12/site-packages/airflow/example_dags/example_short_circuit_operator.py
[2025-01-18T00:04:18.280+0000] {processor.py:914} INFO - Processing file /home/airflow/.local/lib/python3.12/site-packages/airflow/example_dags/example_short_circuit_operator.py for tasks to queue
[2025-01-18T00:04:18.282+0000] {logging_mixin.py:190} INFO - [2025-01-18T00:04:18.282+0000] {dagbag.py:588} INFO - Filling up the DagBag from /home/airflow/.local/lib/python3.12/site-packages/airflow/example_dags/example_short_circuit_operator.py
[2025-01-18T00:04:18.292+0000] {processor.py:925} INFO - DAG(s) 'example_short_circuit_operator' retrieved from /home/airflow/.local/lib/python3.12/site-packages/airflow/example_dags/example_short_circuit_operator.py
[2025-01-18T00:04:18.330+0000] {logging_mixin.py:190} INFO - [2025-01-18T00:04:18.329+0000] {dag.py:3239} INFO - Sync 1 DAGs
[2025-01-18T00:04:18.357+0000] {logging_mixin.py:190} INFO - [2025-01-18T00:04:18.357+0000] {dag.py:4180} INFO - Setting next_dagrun for example_short_circuit_operator to None, run_after=None
[2025-01-18T00:04:18.384+0000] {processor.py:208} INFO - Processing /home/airflow/.local/lib/python3.12/site-packages/airflow/example_dags/example_short_circuit_operator.py took 0.113 seconds
[2025-01-18T00:04:49.345+0000] {processor.py:186} INFO - Started process (PID=17979) to work on /home/airflow/.local/lib/python3.12/site-packages/airflow/example_dags/example_short_circuit_operator.py
[2025-01-18T00:04:49.348+0000] {processor.py:914} INFO - Processing file /home/airflow/.local/lib/python3.12/site-packages/airflow/example_dags/example_short_circuit_operator.py for tasks to queue
[2025-01-18T00:04:49.350+0000] {logging_mixin.py:190} INFO - [2025-01-18T00:04:49.350+0000] {dagbag.py:588} INFO - Filling up the DagBag from /home/airflow/.local/lib/python3.12/site-packages/airflow/example_dags/example_short_circuit_operator.py
[2025-01-18T00:04:49.361+0000] {processor.py:925} INFO - DAG(s) 'example_short_circuit_operator' retrieved from /home/airflow/.local/lib/python3.12/site-packages/airflow/example_dags/example_short_circuit_operator.py
[2025-01-18T00:04:49.389+0000] {logging_mixin.py:190} INFO - [2025-01-18T00:04:49.388+0000] {dag.py:3239} INFO - Sync 1 DAGs
[2025-01-18T00:04:49.406+0000] {logging_mixin.py:190} INFO - [2025-01-18T00:04:49.406+0000] {dag.py:4180} INFO - Setting next_dagrun for example_short_circuit_operator to None, run_after=None
[2025-01-18T00:04:49.431+0000] {processor.py:208} INFO - Processing /home/airflow/.local/lib/python3.12/site-packages/airflow/example_dags/example_short_circuit_operator.py took 0.091 seconds
[2025-01-18T00:05:19.644+0000] {processor.py:186} INFO - Started process (PID=18046) to work on /home/airflow/.local/lib/python3.12/site-packages/airflow/example_dags/example_short_circuit_operator.py
[2025-01-18T00:05:19.648+0000] {processor.py:914} INFO - Processing file /home/airflow/.local/lib/python3.12/site-packages/airflow/example_dags/example_short_circuit_operator.py for tasks to queue
[2025-01-18T00:05:19.652+0000] {logging_mixin.py:190} INFO - [2025-01-18T00:05:19.651+0000] {dagbag.py:588} INFO - Filling up the DagBag from /home/airflow/.local/lib/python3.12/site-packages/airflow/example_dags/example_short_circuit_operator.py
[2025-01-18T00:05:19.671+0000] {processor.py:925} INFO - DAG(s) 'example_short_circuit_operator' retrieved from /home/airflow/.local/lib/python3.12/site-packages/airflow/example_dags/example_short_circuit_operator.py
[2025-01-18T00:05:19.710+0000] {logging_mixin.py:190} INFO - [2025-01-18T00:05:19.709+0000] {dag.py:3239} INFO - Sync 1 DAGs
[2025-01-18T00:05:19.733+0000] {logging_mixin.py:190} INFO - [2025-01-18T00:05:19.733+0000] {dag.py:4180} INFO - Setting next_dagrun for example_short_circuit_operator to None, run_after=None
[2025-01-18T00:05:19.763+0000] {processor.py:208} INFO - Processing /home/airflow/.local/lib/python3.12/site-packages/airflow/example_dags/example_short_circuit_operator.py took 0.133 seconds
[2025-01-18T00:05:50.188+0000] {processor.py:186} INFO - Started process (PID=18119) to work on /home/airflow/.local/lib/python3.12/site-packages/airflow/example_dags/example_short_circuit_operator.py
[2025-01-18T00:05:50.191+0000] {processor.py:914} INFO - Processing file /home/airflow/.local/lib/python3.12/site-packages/airflow/example_dags/example_short_circuit_operator.py for tasks to queue
[2025-01-18T00:05:50.193+0000] {logging_mixin.py:190} INFO - [2025-01-18T00:05:50.193+0000] {dagbag.py:588} INFO - Filling up the DagBag from /home/airflow/.local/lib/python3.12/site-packages/airflow/example_dags/example_short_circuit_operator.py
[2025-01-18T00:05:50.205+0000] {processor.py:925} INFO - DAG(s) 'example_short_circuit_operator' retrieved from /home/airflow/.local/lib/python3.12/site-packages/airflow/example_dags/example_short_circuit_operator.py
[2025-01-18T00:05:50.239+0000] {logging_mixin.py:190} INFO - [2025-01-18T00:05:50.238+0000] {dag.py:3239} INFO - Sync 1 DAGs
[2025-01-18T00:05:50.260+0000] {logging_mixin.py:190} INFO - [2025-01-18T00:05:50.259+0000] {dag.py:4180} INFO - Setting next_dagrun for example_short_circuit_operator to None, run_after=None
[2025-01-18T00:05:50.290+0000] {processor.py:208} INFO - Processing /home/airflow/.local/lib/python3.12/site-packages/airflow/example_dags/example_short_circuit_operator.py took 0.109 seconds
[2025-01-18T00:06:20.482+0000] {processor.py:186} INFO - Started process (PID=18187) to work on /home/airflow/.local/lib/python3.12/site-packages/airflow/example_dags/example_short_circuit_operator.py
[2025-01-18T00:06:20.485+0000] {processor.py:914} INFO - Processing file /home/airflow/.local/lib/python3.12/site-packages/airflow/example_dags/example_short_circuit_operator.py for tasks to queue
[2025-01-18T00:06:20.487+0000] {logging_mixin.py:190} INFO - [2025-01-18T00:06:20.487+0000] {dagbag.py:588} INFO - Filling up the DagBag from /home/airflow/.local/lib/python3.12/site-packages/airflow/example_dags/example_short_circuit_operator.py
[2025-01-18T00:06:20.496+0000] {processor.py:925} INFO - DAG(s) 'example_short_circuit_operator' retrieved from /home/airflow/.local/lib/python3.12/site-packages/airflow/example_dags/example_short_circuit_operator.py
[2025-01-18T00:06:20.524+0000] {logging_mixin.py:190} INFO - [2025-01-18T00:06:20.524+0000] {dag.py:3239} INFO - Sync 1 DAGs
[2025-01-18T00:06:20.544+0000] {logging_mixin.py:190} INFO - [2025-01-18T00:06:20.544+0000] {dag.py:4180} INFO - Setting next_dagrun for example_short_circuit_operator to None, run_after=None
[2025-01-18T00:06:20.568+0000] {processor.py:208} INFO - Processing /home/airflow/.local/lib/python3.12/site-packages/airflow/example_dags/example_short_circuit_operator.py took 0.092 seconds
[2025-01-18T00:06:50.843+0000] {processor.py:186} INFO - Started process (PID=18254) to work on /home/airflow/.local/lib/python3.12/site-packages/airflow/example_dags/example_short_circuit_operator.py
[2025-01-18T00:06:50.845+0000] {processor.py:914} INFO - Processing file /home/airflow/.local/lib/python3.12/site-packages/airflow/example_dags/example_short_circuit_operator.py for tasks to queue
[2025-01-18T00:06:50.847+0000] {logging_mixin.py:190} INFO - [2025-01-18T00:06:50.847+0000] {dagbag.py:588} INFO - Filling up the DagBag from /home/airflow/.local/lib/python3.12/site-packages/airflow/example_dags/example_short_circuit_operator.py
[2025-01-18T00:06:50.861+0000] {processor.py:925} INFO - DAG(s) 'example_short_circuit_operator' retrieved from /home/airflow/.local/lib/python3.12/site-packages/airflow/example_dags/example_short_circuit_operator.py
[2025-01-18T00:06:50.889+0000] {logging_mixin.py:190} INFO - [2025-01-18T00:06:50.888+0000] {dag.py:3239} INFO - Sync 1 DAGs
[2025-01-18T00:06:50.906+0000] {logging_mixin.py:190} INFO - [2025-01-18T00:06:50.906+0000] {dag.py:4180} INFO - Setting next_dagrun for example_short_circuit_operator to None, run_after=None
[2025-01-18T00:06:50.930+0000] {processor.py:208} INFO - Processing /home/airflow/.local/lib/python3.12/site-packages/airflow/example_dags/example_short_circuit_operator.py took 0.093 seconds
[2025-01-18T00:07:21.021+0000] {processor.py:186} INFO - Started process (PID=18321) to work on /home/airflow/.local/lib/python3.12/site-packages/airflow/example_dags/example_short_circuit_operator.py
[2025-01-18T00:07:21.024+0000] {processor.py:914} INFO - Processing file /home/airflow/.local/lib/python3.12/site-packages/airflow/example_dags/example_short_circuit_operator.py for tasks to queue
[2025-01-18T00:07:21.028+0000] {logging_mixin.py:190} INFO - [2025-01-18T00:07:21.027+0000] {dagbag.py:588} INFO - Filling up the DagBag from /home/airflow/.local/lib/python3.12/site-packages/airflow/example_dags/example_short_circuit_operator.py
[2025-01-18T00:07:21.043+0000] {processor.py:925} INFO - DAG(s) 'example_short_circuit_operator' retrieved from /home/airflow/.local/lib/python3.12/site-packages/airflow/example_dags/example_short_circuit_operator.py
[2025-01-18T00:07:21.077+0000] {logging_mixin.py:190} INFO - [2025-01-18T00:07:21.077+0000] {dag.py:3239} INFO - Sync 1 DAGs
[2025-01-18T00:07:21.098+0000] {logging_mixin.py:190} INFO - [2025-01-18T00:07:21.098+0000] {dag.py:4180} INFO - Setting next_dagrun for example_short_circuit_operator to None, run_after=None
[2025-01-18T00:07:21.133+0000] {processor.py:208} INFO - Processing /home/airflow/.local/lib/python3.12/site-packages/airflow/example_dags/example_short_circuit_operator.py took 0.120 seconds
[2025-01-18T00:07:51.319+0000] {processor.py:186} INFO - Started process (PID=18388) to work on /home/airflow/.local/lib/python3.12/site-packages/airflow/example_dags/example_short_circuit_operator.py
[2025-01-18T00:07:51.320+0000] {processor.py:914} INFO - Processing file /home/airflow/.local/lib/python3.12/site-packages/airflow/example_dags/example_short_circuit_operator.py for tasks to queue
[2025-01-18T00:07:51.323+0000] {logging_mixin.py:190} INFO - [2025-01-18T00:07:51.322+0000] {dagbag.py:588} INFO - Filling up the DagBag from /home/airflow/.local/lib/python3.12/site-packages/airflow/example_dags/example_short_circuit_operator.py
[2025-01-18T00:07:51.334+0000] {processor.py:925} INFO - DAG(s) 'example_short_circuit_operator' retrieved from /home/airflow/.local/lib/python3.12/site-packages/airflow/example_dags/example_short_circuit_operator.py
[2025-01-18T00:07:51.364+0000] {logging_mixin.py:190} INFO - [2025-01-18T00:07:51.364+0000] {dag.py:3239} INFO - Sync 1 DAGs
[2025-01-18T00:07:51.381+0000] {logging_mixin.py:190} INFO - [2025-01-18T00:07:51.381+0000] {dag.py:4180} INFO - Setting next_dagrun for example_short_circuit_operator to None, run_after=None
[2025-01-18T00:07:51.408+0000] {processor.py:208} INFO - Processing /home/airflow/.local/lib/python3.12/site-packages/airflow/example_dags/example_short_circuit_operator.py took 0.095 seconds
[2025-01-18T00:08:21.552+0000] {processor.py:186} INFO - Started process (PID=18450) to work on /home/airflow/.local/lib/python3.12/site-packages/airflow/example_dags/example_short_circuit_operator.py
[2025-01-18T00:08:21.554+0000] {processor.py:914} INFO - Processing file /home/airflow/.local/lib/python3.12/site-packages/airflow/example_dags/example_short_circuit_operator.py for tasks to queue
[2025-01-18T00:08:21.558+0000] {logging_mixin.py:190} INFO - [2025-01-18T00:08:21.557+0000] {dagbag.py:588} INFO - Filling up the DagBag from /home/airflow/.local/lib/python3.12/site-packages/airflow/example_dags/example_short_circuit_operator.py
[2025-01-18T00:08:21.572+0000] {processor.py:925} INFO - DAG(s) 'example_short_circuit_operator' retrieved from /home/airflow/.local/lib/python3.12/site-packages/airflow/example_dags/example_short_circuit_operator.py
[2025-01-18T00:08:21.605+0000] {logging_mixin.py:190} INFO - [2025-01-18T00:08:21.604+0000] {dag.py:3239} INFO - Sync 1 DAGs
[2025-01-18T00:08:21.624+0000] {logging_mixin.py:190} INFO - [2025-01-18T00:08:21.624+0000] {dag.py:4180} INFO - Setting next_dagrun for example_short_circuit_operator to None, run_after=None
[2025-01-18T00:08:21.652+0000] {processor.py:208} INFO - Processing /home/airflow/.local/lib/python3.12/site-packages/airflow/example_dags/example_short_circuit_operator.py took 0.110 seconds
[2025-01-18T00:08:51.794+0000] {processor.py:186} INFO - Started process (PID=18515) to work on /home/airflow/.local/lib/python3.12/site-packages/airflow/example_dags/example_short_circuit_operator.py
[2025-01-18T00:08:51.797+0000] {processor.py:914} INFO - Processing file /home/airflow/.local/lib/python3.12/site-packages/airflow/example_dags/example_short_circuit_operator.py for tasks to queue
[2025-01-18T00:08:51.800+0000] {logging_mixin.py:190} INFO - [2025-01-18T00:08:51.800+0000] {dagbag.py:588} INFO - Filling up the DagBag from /home/airflow/.local/lib/python3.12/site-packages/airflow/example_dags/example_short_circuit_operator.py
[2025-01-18T00:08:51.813+0000] {processor.py:925} INFO - DAG(s) 'example_short_circuit_operator' retrieved from /home/airflow/.local/lib/python3.12/site-packages/airflow/example_dags/example_short_circuit_operator.py
[2025-01-18T00:08:51.847+0000] {logging_mixin.py:190} INFO - [2025-01-18T00:08:51.847+0000] {dag.py:3239} INFO - Sync 1 DAGs
[2025-01-18T00:08:51.867+0000] {logging_mixin.py:190} INFO - [2025-01-18T00:08:51.867+0000] {dag.py:4180} INFO - Setting next_dagrun for example_short_circuit_operator to None, run_after=None
[2025-01-18T00:08:51.893+0000] {processor.py:208} INFO - Processing /home/airflow/.local/lib/python3.12/site-packages/airflow/example_dags/example_short_circuit_operator.py took 0.108 seconds
[2025-01-18T00:09:22.025+0000] {processor.py:186} INFO - Started process (PID=18582) to work on /home/airflow/.local/lib/python3.12/site-packages/airflow/example_dags/example_short_circuit_operator.py
[2025-01-18T00:09:22.026+0000] {processor.py:914} INFO - Processing file /home/airflow/.local/lib/python3.12/site-packages/airflow/example_dags/example_short_circuit_operator.py for tasks to queue
[2025-01-18T00:09:22.030+0000] {logging_mixin.py:190} INFO - [2025-01-18T00:09:22.029+0000] {dagbag.py:588} INFO - Filling up the DagBag from /home/airflow/.local/lib/python3.12/site-packages/airflow/example_dags/example_short_circuit_operator.py
[2025-01-18T00:09:22.041+0000] {processor.py:925} INFO - DAG(s) 'example_short_circuit_operator' retrieved from /home/airflow/.local/lib/python3.12/site-packages/airflow/example_dags/example_short_circuit_operator.py
[2025-01-18T00:09:22.078+0000] {logging_mixin.py:190} INFO - [2025-01-18T00:09:22.078+0000] {dag.py:3239} INFO - Sync 1 DAGs
[2025-01-18T00:09:22.098+0000] {logging_mixin.py:190} INFO - [2025-01-18T00:09:22.097+0000] {dag.py:4180} INFO - Setting next_dagrun for example_short_circuit_operator to None, run_after=None
[2025-01-18T00:09:22.146+0000] {processor.py:208} INFO - Processing /home/airflow/.local/lib/python3.12/site-packages/airflow/example_dags/example_short_circuit_operator.py took 0.129 seconds
[2025-01-18T00:09:52.670+0000] {processor.py:186} INFO - Started process (PID=18648) to work on /home/airflow/.local/lib/python3.12/site-packages/airflow/example_dags/example_short_circuit_operator.py
[2025-01-18T00:09:52.671+0000] {processor.py:914} INFO - Processing file /home/airflow/.local/lib/python3.12/site-packages/airflow/example_dags/example_short_circuit_operator.py for tasks to queue
[2025-01-18T00:09:52.673+0000] {logging_mixin.py:190} INFO - [2025-01-18T00:09:52.673+0000] {dagbag.py:588} INFO - Filling up the DagBag from /home/airflow/.local/lib/python3.12/site-packages/airflow/example_dags/example_short_circuit_operator.py
[2025-01-18T00:09:52.682+0000] {processor.py:925} INFO - DAG(s) 'example_short_circuit_operator' retrieved from /home/airflow/.local/lib/python3.12/site-packages/airflow/example_dags/example_short_circuit_operator.py
[2025-01-18T00:09:52.713+0000] {logging_mixin.py:190} INFO - [2025-01-18T00:09:52.713+0000] {dag.py:3239} INFO - Sync 1 DAGs
[2025-01-18T00:09:52.735+0000] {logging_mixin.py:190} INFO - [2025-01-18T00:09:52.734+0000] {dag.py:4180} INFO - Setting next_dagrun for example_short_circuit_operator to None, run_after=None
[2025-01-18T00:09:52.760+0000] {processor.py:208} INFO - Processing /home/airflow/.local/lib/python3.12/site-packages/airflow/example_dags/example_short_circuit_operator.py took 0.097 seconds
[2025-01-18T00:10:23.515+0000] {processor.py:186} INFO - Started process (PID=18717) to work on /home/airflow/.local/lib/python3.12/site-packages/airflow/example_dags/example_short_circuit_operator.py
[2025-01-18T00:10:23.516+0000] {processor.py:914} INFO - Processing file /home/airflow/.local/lib/python3.12/site-packages/airflow/example_dags/example_short_circuit_operator.py for tasks to queue
[2025-01-18T00:10:23.519+0000] {logging_mixin.py:190} INFO - [2025-01-18T00:10:23.518+0000] {dagbag.py:588} INFO - Filling up the DagBag from /home/airflow/.local/lib/python3.12/site-packages/airflow/example_dags/example_short_circuit_operator.py
[2025-01-18T00:10:23.529+0000] {processor.py:925} INFO - DAG(s) 'example_short_circuit_operator' retrieved from /home/airflow/.local/lib/python3.12/site-packages/airflow/example_dags/example_short_circuit_operator.py
[2025-01-18T00:10:23.562+0000] {logging_mixin.py:190} INFO - [2025-01-18T00:10:23.561+0000] {dag.py:3239} INFO - Sync 1 DAGs
[2025-01-18T00:10:23.584+0000] {logging_mixin.py:190} INFO - [2025-01-18T00:10:23.583+0000] {dag.py:4180} INFO - Setting next_dagrun for example_short_circuit_operator to None, run_after=None
[2025-01-18T00:10:23.610+0000] {processor.py:208} INFO - Processing /home/airflow/.local/lib/python3.12/site-packages/airflow/example_dags/example_short_circuit_operator.py took 0.101 seconds
[2025-01-18T00:10:55.431+0000] {processor.py:186} INFO - Started process (PID=18784) to work on /home/airflow/.local/lib/python3.12/site-packages/airflow/example_dags/example_short_circuit_operator.py
[2025-01-18T00:10:55.432+0000] {processor.py:914} INFO - Processing file /home/airflow/.local/lib/python3.12/site-packages/airflow/example_dags/example_short_circuit_operator.py for tasks to queue
[2025-01-18T00:10:55.436+0000] {logging_mixin.py:190} INFO - [2025-01-18T00:10:55.435+0000] {dagbag.py:588} INFO - Filling up the DagBag from /home/airflow/.local/lib/python3.12/site-packages/airflow/example_dags/example_short_circuit_operator.py
[2025-01-18T00:10:55.448+0000] {processor.py:925} INFO - DAG(s) 'example_short_circuit_operator' retrieved from /home/airflow/.local/lib/python3.12/site-packages/airflow/example_dags/example_short_circuit_operator.py
[2025-01-18T00:10:55.490+0000] {logging_mixin.py:190} INFO - [2025-01-18T00:10:55.490+0000] {dag.py:3239} INFO - Sync 1 DAGs
[2025-01-18T00:10:55.511+0000] {logging_mixin.py:190} INFO - [2025-01-18T00:10:55.511+0000] {dag.py:4180} INFO - Setting next_dagrun for example_short_circuit_operator to None, run_after=None
[2025-01-18T00:10:55.539+0000] {processor.py:208} INFO - Processing /home/airflow/.local/lib/python3.12/site-packages/airflow/example_dags/example_short_circuit_operator.py took 0.116 seconds
[2025-01-18T00:11:25.979+0000] {processor.py:186} INFO - Started process (PID=18851) to work on /home/airflow/.local/lib/python3.12/site-packages/airflow/example_dags/example_short_circuit_operator.py
[2025-01-18T00:11:25.980+0000] {processor.py:914} INFO - Processing file /home/airflow/.local/lib/python3.12/site-packages/airflow/example_dags/example_short_circuit_operator.py for tasks to queue
[2025-01-18T00:11:25.982+0000] {logging_mixin.py:190} INFO - [2025-01-18T00:11:25.982+0000] {dagbag.py:588} INFO - Filling up the DagBag from /home/airflow/.local/lib/python3.12/site-packages/airflow/example_dags/example_short_circuit_operator.py
[2025-01-18T00:11:25.991+0000] {processor.py:925} INFO - DAG(s) 'example_short_circuit_operator' retrieved from /home/airflow/.local/lib/python3.12/site-packages/airflow/example_dags/example_short_circuit_operator.py
[2025-01-18T00:11:26.021+0000] {logging_mixin.py:190} INFO - [2025-01-18T00:11:26.020+0000] {dag.py:3239} INFO - Sync 1 DAGs
[2025-01-18T00:11:26.041+0000] {logging_mixin.py:190} INFO - [2025-01-18T00:11:26.040+0000] {dag.py:4180} INFO - Setting next_dagrun for example_short_circuit_operator to None, run_after=None
[2025-01-18T00:11:26.064+0000] {processor.py:208} INFO - Processing /home/airflow/.local/lib/python3.12/site-packages/airflow/example_dags/example_short_circuit_operator.py took 0.093 seconds
[2025-01-18T00:11:56.252+0000] {processor.py:186} INFO - Started process (PID=18919) to work on /home/airflow/.local/lib/python3.12/site-packages/airflow/example_dags/example_short_circuit_operator.py
[2025-01-18T00:11:56.253+0000] {processor.py:914} INFO - Processing file /home/airflow/.local/lib/python3.12/site-packages/airflow/example_dags/example_short_circuit_operator.py for tasks to queue
[2025-01-18T00:11:56.255+0000] {logging_mixin.py:190} INFO - [2025-01-18T00:11:56.255+0000] {dagbag.py:588} INFO - Filling up the DagBag from /home/airflow/.local/lib/python3.12/site-packages/airflow/example_dags/example_short_circuit_operator.py
[2025-01-18T00:11:56.267+0000] {processor.py:925} INFO - DAG(s) 'example_short_circuit_operator' retrieved from /home/airflow/.local/lib/python3.12/site-packages/airflow/example_dags/example_short_circuit_operator.py
[2025-01-18T00:11:56.297+0000] {logging_mixin.py:190} INFO - [2025-01-18T00:11:56.297+0000] {dag.py:3239} INFO - Sync 1 DAGs
[2025-01-18T00:11:56.317+0000] {logging_mixin.py:190} INFO - [2025-01-18T00:11:56.317+0000] {dag.py:4180} INFO - Setting next_dagrun for example_short_circuit_operator to None, run_after=None
[2025-01-18T00:11:56.344+0000] {processor.py:208} INFO - Processing /home/airflow/.local/lib/python3.12/site-packages/airflow/example_dags/example_short_circuit_operator.py took 0.099 seconds
[2025-01-18T00:12:26.718+0000] {processor.py:186} INFO - Started process (PID=18985) to work on /home/airflow/.local/lib/python3.12/site-packages/airflow/example_dags/example_short_circuit_operator.py
[2025-01-18T00:12:26.719+0000] {processor.py:914} INFO - Processing file /home/airflow/.local/lib/python3.12/site-packages/airflow/example_dags/example_short_circuit_operator.py for tasks to queue
[2025-01-18T00:12:26.723+0000] {logging_mixin.py:190} INFO - [2025-01-18T00:12:26.723+0000] {dagbag.py:588} INFO - Filling up the DagBag from /home/airflow/.local/lib/python3.12/site-packages/airflow/example_dags/example_short_circuit_operator.py
[2025-01-18T00:12:26.734+0000] {processor.py:925} INFO - DAG(s) 'example_short_circuit_operator' retrieved from /home/airflow/.local/lib/python3.12/site-packages/airflow/example_dags/example_short_circuit_operator.py
[2025-01-18T00:12:26.768+0000] {logging_mixin.py:190} INFO - [2025-01-18T00:12:26.767+0000] {dag.py:3239} INFO - Sync 1 DAGs
[2025-01-18T00:12:26.786+0000] {logging_mixin.py:190} INFO - [2025-01-18T00:12:26.786+0000] {dag.py:4180} INFO - Setting next_dagrun for example_short_circuit_operator to None, run_after=None
[2025-01-18T00:12:26.808+0000] {processor.py:208} INFO - Processing /home/airflow/.local/lib/python3.12/site-packages/airflow/example_dags/example_short_circuit_operator.py took 0.098 seconds
[2025-01-18T00:12:57.468+0000] {processor.py:186} INFO - Started process (PID=19049) to work on /home/airflow/.local/lib/python3.12/site-packages/airflow/example_dags/example_short_circuit_operator.py
[2025-01-18T00:12:57.469+0000] {processor.py:914} INFO - Processing file /home/airflow/.local/lib/python3.12/site-packages/airflow/example_dags/example_short_circuit_operator.py for tasks to queue
[2025-01-18T00:12:57.472+0000] {logging_mixin.py:190} INFO - [2025-01-18T00:12:57.472+0000] {dagbag.py:588} INFO - Filling up the DagBag from /home/airflow/.local/lib/python3.12/site-packages/airflow/example_dags/example_short_circuit_operator.py
[2025-01-18T00:12:57.484+0000] {processor.py:925} INFO - DAG(s) 'example_short_circuit_operator' retrieved from /home/airflow/.local/lib/python3.12/site-packages/airflow/example_dags/example_short_circuit_operator.py
[2025-01-18T00:12:57.516+0000] {logging_mixin.py:190} INFO - [2025-01-18T00:12:57.516+0000] {dag.py:3239} INFO - Sync 1 DAGs
[2025-01-18T00:12:57.538+0000] {logging_mixin.py:190} INFO - [2025-01-18T00:12:57.538+0000] {dag.py:4180} INFO - Setting next_dagrun for example_short_circuit_operator to None, run_after=None
[2025-01-18T00:12:57.571+0000] {processor.py:208} INFO - Processing /home/airflow/.local/lib/python3.12/site-packages/airflow/example_dags/example_short_circuit_operator.py took 0.111 seconds
[2025-01-18T00:13:27.754+0000] {processor.py:186} INFO - Started process (PID=19116) to work on /home/airflow/.local/lib/python3.12/site-packages/airflow/example_dags/example_short_circuit_operator.py
[2025-01-18T00:13:27.756+0000] {processor.py:914} INFO - Processing file /home/airflow/.local/lib/python3.12/site-packages/airflow/example_dags/example_short_circuit_operator.py for tasks to queue
[2025-01-18T00:13:27.758+0000] {logging_mixin.py:190} INFO - [2025-01-18T00:13:27.758+0000] {dagbag.py:588} INFO - Filling up the DagBag from /home/airflow/.local/lib/python3.12/site-packages/airflow/example_dags/example_short_circuit_operator.py
[2025-01-18T00:13:27.768+0000] {processor.py:925} INFO - DAG(s) 'example_short_circuit_operator' retrieved from /home/airflow/.local/lib/python3.12/site-packages/airflow/example_dags/example_short_circuit_operator.py
[2025-01-18T00:13:27.794+0000] {logging_mixin.py:190} INFO - [2025-01-18T00:13:27.794+0000] {dag.py:3239} INFO - Sync 1 DAGs
[2025-01-18T00:13:27.811+0000] {logging_mixin.py:190} INFO - [2025-01-18T00:13:27.811+0000] {dag.py:4180} INFO - Setting next_dagrun for example_short_circuit_operator to None, run_after=None
[2025-01-18T00:13:27.835+0000] {processor.py:208} INFO - Processing /home/airflow/.local/lib/python3.12/site-packages/airflow/example_dags/example_short_circuit_operator.py took 0.086 seconds
[2025-01-18T00:13:58.210+0000] {processor.py:186} INFO - Started process (PID=19183) to work on /home/airflow/.local/lib/python3.12/site-packages/airflow/example_dags/example_short_circuit_operator.py
[2025-01-18T00:13:58.211+0000] {processor.py:914} INFO - Processing file /home/airflow/.local/lib/python3.12/site-packages/airflow/example_dags/example_short_circuit_operator.py for tasks to queue
[2025-01-18T00:13:58.215+0000] {logging_mixin.py:190} INFO - [2025-01-18T00:13:58.214+0000] {dagbag.py:588} INFO - Filling up the DagBag from /home/airflow/.local/lib/python3.12/site-packages/airflow/example_dags/example_short_circuit_operator.py
[2025-01-18T00:13:58.225+0000] {processor.py:925} INFO - DAG(s) 'example_short_circuit_operator' retrieved from /home/airflow/.local/lib/python3.12/site-packages/airflow/example_dags/example_short_circuit_operator.py
[2025-01-18T00:13:58.261+0000] {logging_mixin.py:190} INFO - [2025-01-18T00:13:58.261+0000] {dag.py:3239} INFO - Sync 1 DAGs
[2025-01-18T00:13:58.283+0000] {logging_mixin.py:190} INFO - [2025-01-18T00:13:58.283+0000] {dag.py:4180} INFO - Setting next_dagrun for example_short_circuit_operator to None, run_after=None
[2025-01-18T00:13:58.311+0000] {processor.py:208} INFO - Processing /home/airflow/.local/lib/python3.12/site-packages/airflow/example_dags/example_short_circuit_operator.py took 0.109 seconds
[2025-01-18T00:14:29.158+0000] {processor.py:186} INFO - Started process (PID=19257) to work on /home/airflow/.local/lib/python3.12/site-packages/airflow/example_dags/example_short_circuit_operator.py
[2025-01-18T00:14:29.159+0000] {processor.py:914} INFO - Processing file /home/airflow/.local/lib/python3.12/site-packages/airflow/example_dags/example_short_circuit_operator.py for tasks to queue
[2025-01-18T00:14:29.162+0000] {logging_mixin.py:190} INFO - [2025-01-18T00:14:29.161+0000] {dagbag.py:588} INFO - Filling up the DagBag from /home/airflow/.local/lib/python3.12/site-packages/airflow/example_dags/example_short_circuit_operator.py
[2025-01-18T00:14:29.175+0000] {processor.py:925} INFO - DAG(s) 'example_short_circuit_operator' retrieved from /home/airflow/.local/lib/python3.12/site-packages/airflow/example_dags/example_short_circuit_operator.py
[2025-01-18T00:14:29.210+0000] {logging_mixin.py:190} INFO - [2025-01-18T00:14:29.209+0000] {dag.py:3239} INFO - Sync 1 DAGs
[2025-01-18T00:14:29.230+0000] {logging_mixin.py:190} INFO - [2025-01-18T00:14:29.229+0000] {dag.py:4180} INFO - Setting next_dagrun for example_short_circuit_operator to None, run_after=None
[2025-01-18T00:14:29.260+0000] {processor.py:208} INFO - Processing /home/airflow/.local/lib/python3.12/site-packages/airflow/example_dags/example_short_circuit_operator.py took 0.110 seconds
[2025-01-18T00:14:59.479+0000] {processor.py:186} INFO - Started process (PID=19324) to work on /home/airflow/.local/lib/python3.12/site-packages/airflow/example_dags/example_short_circuit_operator.py
[2025-01-18T00:14:59.481+0000] {processor.py:914} INFO - Processing file /home/airflow/.local/lib/python3.12/site-packages/airflow/example_dags/example_short_circuit_operator.py for tasks to queue
[2025-01-18T00:14:59.483+0000] {logging_mixin.py:190} INFO - [2025-01-18T00:14:59.483+0000] {dagbag.py:588} INFO - Filling up the DagBag from /home/airflow/.local/lib/python3.12/site-packages/airflow/example_dags/example_short_circuit_operator.py
[2025-01-18T00:14:59.493+0000] {processor.py:925} INFO - DAG(s) 'example_short_circuit_operator' retrieved from /home/airflow/.local/lib/python3.12/site-packages/airflow/example_dags/example_short_circuit_operator.py
[2025-01-18T00:14:59.523+0000] {logging_mixin.py:190} INFO - [2025-01-18T00:14:59.522+0000] {dag.py:3239} INFO - Sync 1 DAGs
[2025-01-18T00:14:59.540+0000] {logging_mixin.py:190} INFO - [2025-01-18T00:14:59.540+0000] {dag.py:4180} INFO - Setting next_dagrun for example_short_circuit_operator to None, run_after=None
[2025-01-18T00:14:59.567+0000] {processor.py:208} INFO - Processing /home/airflow/.local/lib/python3.12/site-packages/airflow/example_dags/example_short_circuit_operator.py took 0.093 seconds
[2025-01-18T00:15:30.496+0000] {processor.py:186} INFO - Started process (PID=19391) to work on /home/airflow/.local/lib/python3.12/site-packages/airflow/example_dags/example_short_circuit_operator.py
[2025-01-18T00:15:30.497+0000] {processor.py:914} INFO - Processing file /home/airflow/.local/lib/python3.12/site-packages/airflow/example_dags/example_short_circuit_operator.py for tasks to queue
[2025-01-18T00:15:30.500+0000] {logging_mixin.py:190} INFO - [2025-01-18T00:15:30.500+0000] {dagbag.py:588} INFO - Filling up the DagBag from /home/airflow/.local/lib/python3.12/site-packages/airflow/example_dags/example_short_circuit_operator.py
[2025-01-18T00:15:30.511+0000] {processor.py:925} INFO - DAG(s) 'example_short_circuit_operator' retrieved from /home/airflow/.local/lib/python3.12/site-packages/airflow/example_dags/example_short_circuit_operator.py
[2025-01-18T00:15:30.536+0000] {logging_mixin.py:190} INFO - [2025-01-18T00:15:30.536+0000] {dag.py:3239} INFO - Sync 1 DAGs
[2025-01-18T00:15:30.553+0000] {logging_mixin.py:190} INFO - [2025-01-18T00:15:30.552+0000] {dag.py:4180} INFO - Setting next_dagrun for example_short_circuit_operator to None, run_after=None
[2025-01-18T00:15:30.574+0000] {processor.py:208} INFO - Processing /home/airflow/.local/lib/python3.12/site-packages/airflow/example_dags/example_short_circuit_operator.py took 0.084 seconds
[2025-01-18T00:16:00.824+0000] {processor.py:186} INFO - Started process (PID=19457) to work on /home/airflow/.local/lib/python3.12/site-packages/airflow/example_dags/example_short_circuit_operator.py
[2025-01-18T00:16:00.825+0000] {processor.py:914} INFO - Processing file /home/airflow/.local/lib/python3.12/site-packages/airflow/example_dags/example_short_circuit_operator.py for tasks to queue
[2025-01-18T00:16:00.827+0000] {logging_mixin.py:190} INFO - [2025-01-18T00:16:00.827+0000] {dagbag.py:588} INFO - Filling up the DagBag from /home/airflow/.local/lib/python3.12/site-packages/airflow/example_dags/example_short_circuit_operator.py
[2025-01-18T00:16:00.836+0000] {processor.py:925} INFO - DAG(s) 'example_short_circuit_operator' retrieved from /home/airflow/.local/lib/python3.12/site-packages/airflow/example_dags/example_short_circuit_operator.py
[2025-01-18T00:16:00.861+0000] {logging_mixin.py:190} INFO - [2025-01-18T00:16:00.860+0000] {dag.py:3239} INFO - Sync 1 DAGs
[2025-01-18T00:16:00.877+0000] {logging_mixin.py:190} INFO - [2025-01-18T00:16:00.877+0000] {dag.py:4180} INFO - Setting next_dagrun for example_short_circuit_operator to None, run_after=None
[2025-01-18T00:16:00.899+0000] {processor.py:208} INFO - Processing /home/airflow/.local/lib/python3.12/site-packages/airflow/example_dags/example_short_circuit_operator.py took 0.081 seconds
[2025-01-18T00:16:31.916+0000] {processor.py:186} INFO - Started process (PID=19524) to work on /home/airflow/.local/lib/python3.12/site-packages/airflow/example_dags/example_short_circuit_operator.py
[2025-01-18T00:16:31.917+0000] {processor.py:914} INFO - Processing file /home/airflow/.local/lib/python3.12/site-packages/airflow/example_dags/example_short_circuit_operator.py for tasks to queue
[2025-01-18T00:16:31.919+0000] {logging_mixin.py:190} INFO - [2025-01-18T00:16:31.919+0000] {dagbag.py:588} INFO - Filling up the DagBag from /home/airflow/.local/lib/python3.12/site-packages/airflow/example_dags/example_short_circuit_operator.py
[2025-01-18T00:16:31.929+0000] {processor.py:925} INFO - DAG(s) 'example_short_circuit_operator' retrieved from /home/airflow/.local/lib/python3.12/site-packages/airflow/example_dags/example_short_circuit_operator.py
[2025-01-18T00:16:31.962+0000] {logging_mixin.py:190} INFO - [2025-01-18T00:16:31.961+0000] {dag.py:3239} INFO - Sync 1 DAGs
[2025-01-18T00:16:31.978+0000] {logging_mixin.py:190} INFO - [2025-01-18T00:16:31.978+0000] {dag.py:4180} INFO - Setting next_dagrun for example_short_circuit_operator to None, run_after=None
[2025-01-18T00:16:31.999+0000] {processor.py:208} INFO - Processing /home/airflow/.local/lib/python3.12/site-packages/airflow/example_dags/example_short_circuit_operator.py took 0.090 seconds
[2025-01-18T00:17:03.065+0000] {processor.py:186} INFO - Started process (PID=19591) to work on /home/airflow/.local/lib/python3.12/site-packages/airflow/example_dags/example_short_circuit_operator.py
[2025-01-18T00:17:03.066+0000] {processor.py:914} INFO - Processing file /home/airflow/.local/lib/python3.12/site-packages/airflow/example_dags/example_short_circuit_operator.py for tasks to queue
[2025-01-18T00:17:03.069+0000] {logging_mixin.py:190} INFO - [2025-01-18T00:17:03.068+0000] {dagbag.py:588} INFO - Filling up the DagBag from /home/airflow/.local/lib/python3.12/site-packages/airflow/example_dags/example_short_circuit_operator.py
[2025-01-18T00:17:03.078+0000] {processor.py:925} INFO - DAG(s) 'example_short_circuit_operator' retrieved from /home/airflow/.local/lib/python3.12/site-packages/airflow/example_dags/example_short_circuit_operator.py
[2025-01-18T00:17:03.106+0000] {logging_mixin.py:190} INFO - [2025-01-18T00:17:03.106+0000] {dag.py:3239} INFO - Sync 1 DAGs
[2025-01-18T00:17:03.331+0000] {logging_mixin.py:190} INFO - [2025-01-18T00:17:03.331+0000] {dag.py:4180} INFO - Setting next_dagrun for example_short_circuit_operator to None, run_after=None
[2025-01-18T00:17:03.359+0000] {processor.py:208} INFO - Processing /home/airflow/.local/lib/python3.12/site-packages/airflow/example_dags/example_short_circuit_operator.py took 0.300 seconds
[2025-01-18T00:17:33.451+0000] {processor.py:186} INFO - Started process (PID=19658) to work on /home/airflow/.local/lib/python3.12/site-packages/airflow/example_dags/example_short_circuit_operator.py
[2025-01-18T00:17:33.452+0000] {processor.py:914} INFO - Processing file /home/airflow/.local/lib/python3.12/site-packages/airflow/example_dags/example_short_circuit_operator.py for tasks to queue
[2025-01-18T00:17:33.454+0000] {logging_mixin.py:190} INFO - [2025-01-18T00:17:33.454+0000] {dagbag.py:588} INFO - Filling up the DagBag from /home/airflow/.local/lib/python3.12/site-packages/airflow/example_dags/example_short_circuit_operator.py
[2025-01-18T00:17:33.463+0000] {processor.py:925} INFO - DAG(s) 'example_short_circuit_operator' retrieved from /home/airflow/.local/lib/python3.12/site-packages/airflow/example_dags/example_short_circuit_operator.py
[2025-01-18T00:17:33.487+0000] {logging_mixin.py:190} INFO - [2025-01-18T00:17:33.486+0000] {dag.py:3239} INFO - Sync 1 DAGs
[2025-01-18T00:17:33.695+0000] {logging_mixin.py:190} INFO - [2025-01-18T00:17:33.695+0000] {dag.py:4180} INFO - Setting next_dagrun for example_short_circuit_operator to None, run_after=None
[2025-01-18T00:17:33.725+0000] {processor.py:208} INFO - Processing /home/airflow/.local/lib/python3.12/site-packages/airflow/example_dags/example_short_circuit_operator.py took 0.279 seconds
[2025-01-18T00:18:03.990+0000] {processor.py:186} INFO - Started process (PID=19726) to work on /home/airflow/.local/lib/python3.12/site-packages/airflow/example_dags/example_short_circuit_operator.py
[2025-01-18T00:18:03.992+0000] {processor.py:914} INFO - Processing file /home/airflow/.local/lib/python3.12/site-packages/airflow/example_dags/example_short_circuit_operator.py for tasks to queue
[2025-01-18T00:18:03.995+0000] {logging_mixin.py:190} INFO - [2025-01-18T00:18:03.994+0000] {dagbag.py:588} INFO - Filling up the DagBag from /home/airflow/.local/lib/python3.12/site-packages/airflow/example_dags/example_short_circuit_operator.py
[2025-01-18T00:18:04.010+0000] {processor.py:925} INFO - DAG(s) 'example_short_circuit_operator' retrieved from /home/airflow/.local/lib/python3.12/site-packages/airflow/example_dags/example_short_circuit_operator.py
[2025-01-18T00:18:04.048+0000] {logging_mixin.py:190} INFO - [2025-01-18T00:18:04.048+0000] {dag.py:3239} INFO - Sync 1 DAGs
[2025-01-18T00:18:04.266+0000] {logging_mixin.py:190} INFO - [2025-01-18T00:18:04.266+0000] {dag.py:4180} INFO - Setting next_dagrun for example_short_circuit_operator to None, run_after=None
[2025-01-18T00:18:04.286+0000] {processor.py:208} INFO - Processing /home/airflow/.local/lib/python3.12/site-packages/airflow/example_dags/example_short_circuit_operator.py took 0.303 seconds
[2025-01-18T00:18:34.693+0000] {processor.py:186} INFO - Started process (PID=19799) to work on /home/airflow/.local/lib/python3.12/site-packages/airflow/example_dags/example_short_circuit_operator.py
[2025-01-18T00:18:34.694+0000] {processor.py:914} INFO - Processing file /home/airflow/.local/lib/python3.12/site-packages/airflow/example_dags/example_short_circuit_operator.py for tasks to queue
[2025-01-18T00:18:34.696+0000] {logging_mixin.py:190} INFO - [2025-01-18T00:18:34.695+0000] {dagbag.py:588} INFO - Filling up the DagBag from /home/airflow/.local/lib/python3.12/site-packages/airflow/example_dags/example_short_circuit_operator.py
[2025-01-18T00:18:34.704+0000] {processor.py:925} INFO - DAG(s) 'example_short_circuit_operator' retrieved from /home/airflow/.local/lib/python3.12/site-packages/airflow/example_dags/example_short_circuit_operator.py
[2025-01-18T00:18:34.728+0000] {logging_mixin.py:190} INFO - [2025-01-18T00:18:34.728+0000] {dag.py:3239} INFO - Sync 1 DAGs
[2025-01-18T00:18:34.933+0000] {logging_mixin.py:190} INFO - [2025-01-18T00:18:34.932+0000] {dag.py:4180} INFO - Setting next_dagrun for example_short_circuit_operator to None, run_after=None
[2025-01-18T00:18:34.956+0000] {processor.py:208} INFO - Processing /home/airflow/.local/lib/python3.12/site-packages/airflow/example_dags/example_short_circuit_operator.py took 0.269 seconds
[2025-01-18T00:19:05.478+0000] {processor.py:186} INFO - Started process (PID=19866) to work on /home/airflow/.local/lib/python3.12/site-packages/airflow/example_dags/example_short_circuit_operator.py
[2025-01-18T00:19:05.479+0000] {processor.py:914} INFO - Processing file /home/airflow/.local/lib/python3.12/site-packages/airflow/example_dags/example_short_circuit_operator.py for tasks to queue
[2025-01-18T00:19:05.481+0000] {logging_mixin.py:190} INFO - [2025-01-18T00:19:05.481+0000] {dagbag.py:588} INFO - Filling up the DagBag from /home/airflow/.local/lib/python3.12/site-packages/airflow/example_dags/example_short_circuit_operator.py
[2025-01-18T00:19:05.489+0000] {processor.py:925} INFO - DAG(s) 'example_short_circuit_operator' retrieved from /home/airflow/.local/lib/python3.12/site-packages/airflow/example_dags/example_short_circuit_operator.py
[2025-01-18T00:19:05.515+0000] {logging_mixin.py:190} INFO - [2025-01-18T00:19:05.515+0000] {dag.py:3239} INFO - Sync 1 DAGs
[2025-01-18T00:19:05.541+0000] {logging_mixin.py:190} INFO - [2025-01-18T00:19:05.541+0000] {dag.py:4180} INFO - Setting next_dagrun for example_short_circuit_operator to None, run_after=None
[2025-01-18T00:19:05.577+0000] {processor.py:208} INFO - Processing /home/airflow/.local/lib/python3.12/site-packages/airflow/example_dags/example_short_circuit_operator.py took 0.105 seconds
[2025-01-18T00:19:35.989+0000] {processor.py:186} INFO - Started process (PID=19933) to work on /home/airflow/.local/lib/python3.12/site-packages/airflow/example_dags/example_short_circuit_operator.py
[2025-01-18T00:19:35.990+0000] {processor.py:914} INFO - Processing file /home/airflow/.local/lib/python3.12/site-packages/airflow/example_dags/example_short_circuit_operator.py for tasks to queue
[2025-01-18T00:19:35.993+0000] {logging_mixin.py:190} INFO - [2025-01-18T00:19:35.992+0000] {dagbag.py:588} INFO - Filling up the DagBag from /home/airflow/.local/lib/python3.12/site-packages/airflow/example_dags/example_short_circuit_operator.py
[2025-01-18T00:19:36.001+0000] {processor.py:925} INFO - DAG(s) 'example_short_circuit_operator' retrieved from /home/airflow/.local/lib/python3.12/site-packages/airflow/example_dags/example_short_circuit_operator.py
[2025-01-18T00:19:36.025+0000] {logging_mixin.py:190} INFO - [2025-01-18T00:19:36.025+0000] {dag.py:3239} INFO - Sync 1 DAGs
[2025-01-18T00:19:36.041+0000] {logging_mixin.py:190} INFO - [2025-01-18T00:19:36.041+0000] {dag.py:4180} INFO - Setting next_dagrun for example_short_circuit_operator to None, run_after=None
[2025-01-18T00:19:36.065+0000] {processor.py:208} INFO - Processing /home/airflow/.local/lib/python3.12/site-packages/airflow/example_dags/example_short_circuit_operator.py took 0.081 seconds
[2025-01-18T00:20:07.173+0000] {processor.py:186} INFO - Started process (PID=20000) to work on /home/airflow/.local/lib/python3.12/site-packages/airflow/example_dags/example_short_circuit_operator.py
[2025-01-18T00:20:07.174+0000] {processor.py:914} INFO - Processing file /home/airflow/.local/lib/python3.12/site-packages/airflow/example_dags/example_short_circuit_operator.py for tasks to queue
[2025-01-18T00:20:07.176+0000] {logging_mixin.py:190} INFO - [2025-01-18T00:20:07.176+0000] {dagbag.py:588} INFO - Filling up the DagBag from /home/airflow/.local/lib/python3.12/site-packages/airflow/example_dags/example_short_circuit_operator.py
[2025-01-18T00:20:07.189+0000] {processor.py:925} INFO - DAG(s) 'example_short_circuit_operator' retrieved from /home/airflow/.local/lib/python3.12/site-packages/airflow/example_dags/example_short_circuit_operator.py
[2025-01-18T00:20:07.225+0000] {logging_mixin.py:190} INFO - [2025-01-18T00:20:07.225+0000] {dag.py:3239} INFO - Sync 1 DAGs
[2025-01-18T00:20:07.260+0000] {logging_mixin.py:190} INFO - [2025-01-18T00:20:07.259+0000] {dag.py:4180} INFO - Setting next_dagrun for example_short_circuit_operator to None, run_after=None
[2025-01-18T00:20:07.286+0000] {processor.py:208} INFO - Processing /home/airflow/.local/lib/python3.12/site-packages/airflow/example_dags/example_short_circuit_operator.py took 0.122 seconds
[2025-01-18T00:20:37.544+0000] {processor.py:186} INFO - Started process (PID=20067) to work on /home/airflow/.local/lib/python3.12/site-packages/airflow/example_dags/example_short_circuit_operator.py
[2025-01-18T00:20:37.546+0000] {processor.py:914} INFO - Processing file /home/airflow/.local/lib/python3.12/site-packages/airflow/example_dags/example_short_circuit_operator.py for tasks to queue
[2025-01-18T00:20:37.549+0000] {logging_mixin.py:190} INFO - [2025-01-18T00:20:37.548+0000] {dagbag.py:588} INFO - Filling up the DagBag from /home/airflow/.local/lib/python3.12/site-packages/airflow/example_dags/example_short_circuit_operator.py
[2025-01-18T00:20:37.560+0000] {processor.py:925} INFO - DAG(s) 'example_short_circuit_operator' retrieved from /home/airflow/.local/lib/python3.12/site-packages/airflow/example_dags/example_short_circuit_operator.py
[2025-01-18T00:20:37.587+0000] {logging_mixin.py:190} INFO - [2025-01-18T00:20:37.587+0000] {dag.py:3239} INFO - Sync 1 DAGs
[2025-01-18T00:20:37.606+0000] {logging_mixin.py:190} INFO - [2025-01-18T00:20:37.605+0000] {dag.py:4180} INFO - Setting next_dagrun for example_short_circuit_operator to None, run_after=None
[2025-01-18T00:20:37.633+0000] {processor.py:208} INFO - Processing /home/airflow/.local/lib/python3.12/site-packages/airflow/example_dags/example_short_circuit_operator.py took 0.095 seconds
[2025-01-18T00:21:07.926+0000] {processor.py:186} INFO - Started process (PID=20134) to work on /home/airflow/.local/lib/python3.12/site-packages/airflow/example_dags/example_short_circuit_operator.py
[2025-01-18T00:21:07.927+0000] {processor.py:914} INFO - Processing file /home/airflow/.local/lib/python3.12/site-packages/airflow/example_dags/example_short_circuit_operator.py for tasks to queue
[2025-01-18T00:21:07.930+0000] {logging_mixin.py:190} INFO - [2025-01-18T00:21:07.930+0000] {dagbag.py:588} INFO - Filling up the DagBag from /home/airflow/.local/lib/python3.12/site-packages/airflow/example_dags/example_short_circuit_operator.py
[2025-01-18T00:21:07.939+0000] {processor.py:925} INFO - DAG(s) 'example_short_circuit_operator' retrieved from /home/airflow/.local/lib/python3.12/site-packages/airflow/example_dags/example_short_circuit_operator.py
[2025-01-18T00:21:07.965+0000] {logging_mixin.py:190} INFO - [2025-01-18T00:21:07.965+0000] {dag.py:3239} INFO - Sync 1 DAGs
[2025-01-18T00:21:07.983+0000] {logging_mixin.py:190} INFO - [2025-01-18T00:21:07.983+0000] {dag.py:4180} INFO - Setting next_dagrun for example_short_circuit_operator to None, run_after=None
[2025-01-18T00:21:08.009+0000] {processor.py:208} INFO - Processing /home/airflow/.local/lib/python3.12/site-packages/airflow/example_dags/example_short_circuit_operator.py took 0.089 seconds
[2025-01-18T00:21:38.393+0000] {processor.py:186} INFO - Started process (PID=20201) to work on /home/airflow/.local/lib/python3.12/site-packages/airflow/example_dags/example_short_circuit_operator.py
[2025-01-18T00:21:38.394+0000] {processor.py:914} INFO - Processing file /home/airflow/.local/lib/python3.12/site-packages/airflow/example_dags/example_short_circuit_operator.py for tasks to queue
[2025-01-18T00:21:38.396+0000] {logging_mixin.py:190} INFO - [2025-01-18T00:21:38.396+0000] {dagbag.py:588} INFO - Filling up the DagBag from /home/airflow/.local/lib/python3.12/site-packages/airflow/example_dags/example_short_circuit_operator.py
[2025-01-18T00:21:38.404+0000] {processor.py:925} INFO - DAG(s) 'example_short_circuit_operator' retrieved from /home/airflow/.local/lib/python3.12/site-packages/airflow/example_dags/example_short_circuit_operator.py
[2025-01-18T00:21:38.429+0000] {logging_mixin.py:190} INFO - [2025-01-18T00:21:38.429+0000] {dag.py:3239} INFO - Sync 1 DAGs
[2025-01-18T00:21:38.444+0000] {logging_mixin.py:190} INFO - [2025-01-18T00:21:38.444+0000] {dag.py:4180} INFO - Setting next_dagrun for example_short_circuit_operator to None, run_after=None
[2025-01-18T00:21:38.464+0000] {processor.py:208} INFO - Processing /home/airflow/.local/lib/python3.12/site-packages/airflow/example_dags/example_short_circuit_operator.py took 0.077 seconds
[2025-01-18T00:22:08.805+0000] {processor.py:186} INFO - Started process (PID=20268) to work on /home/airflow/.local/lib/python3.12/site-packages/airflow/example_dags/example_short_circuit_operator.py
[2025-01-18T00:22:08.806+0000] {processor.py:914} INFO - Processing file /home/airflow/.local/lib/python3.12/site-packages/airflow/example_dags/example_short_circuit_operator.py for tasks to queue
[2025-01-18T00:22:08.808+0000] {logging_mixin.py:190} INFO - [2025-01-18T00:22:08.808+0000] {dagbag.py:588} INFO - Filling up the DagBag from /home/airflow/.local/lib/python3.12/site-packages/airflow/example_dags/example_short_circuit_operator.py
[2025-01-18T00:22:08.817+0000] {processor.py:925} INFO - DAG(s) 'example_short_circuit_operator' retrieved from /home/airflow/.local/lib/python3.12/site-packages/airflow/example_dags/example_short_circuit_operator.py
[2025-01-18T00:22:08.843+0000] {logging_mixin.py:190} INFO - [2025-01-18T00:22:08.842+0000] {dag.py:3239} INFO - Sync 1 DAGs
[2025-01-18T00:22:08.857+0000] {logging_mixin.py:190} INFO - [2025-01-18T00:22:08.857+0000] {dag.py:4180} INFO - Setting next_dagrun for example_short_circuit_operator to None, run_after=None
[2025-01-18T00:22:08.876+0000] {processor.py:208} INFO - Processing /home/airflow/.local/lib/python3.12/site-packages/airflow/example_dags/example_short_circuit_operator.py took 0.077 seconds
[2025-01-18T00:22:39.499+0000] {processor.py:186} INFO - Started process (PID=20341) to work on /home/airflow/.local/lib/python3.12/site-packages/airflow/example_dags/example_short_circuit_operator.py
[2025-01-18T00:22:39.500+0000] {processor.py:914} INFO - Processing file /home/airflow/.local/lib/python3.12/site-packages/airflow/example_dags/example_short_circuit_operator.py for tasks to queue
[2025-01-18T00:22:39.503+0000] {logging_mixin.py:190} INFO - [2025-01-18T00:22:39.502+0000] {dagbag.py:588} INFO - Filling up the DagBag from /home/airflow/.local/lib/python3.12/site-packages/airflow/example_dags/example_short_circuit_operator.py
[2025-01-18T00:22:39.512+0000] {processor.py:925} INFO - DAG(s) 'example_short_circuit_operator' retrieved from /home/airflow/.local/lib/python3.12/site-packages/airflow/example_dags/example_short_circuit_operator.py
[2025-01-18T00:22:39.537+0000] {logging_mixin.py:190} INFO - [2025-01-18T00:22:39.536+0000] {dag.py:3239} INFO - Sync 1 DAGs
[2025-01-18T00:22:39.552+0000] {logging_mixin.py:190} INFO - [2025-01-18T00:22:39.551+0000] {dag.py:4180} INFO - Setting next_dagrun for example_short_circuit_operator to None, run_after=None
[2025-01-18T00:22:39.577+0000] {processor.py:208} INFO - Processing /home/airflow/.local/lib/python3.12/site-packages/airflow/example_dags/example_short_circuit_operator.py took 0.083 seconds
[2025-01-18T00:23:09.830+0000] {processor.py:186} INFO - Started process (PID=20408) to work on /home/airflow/.local/lib/python3.12/site-packages/airflow/example_dags/example_short_circuit_operator.py
[2025-01-18T00:23:09.831+0000] {processor.py:914} INFO - Processing file /home/airflow/.local/lib/python3.12/site-packages/airflow/example_dags/example_short_circuit_operator.py for tasks to queue
[2025-01-18T00:23:09.833+0000] {logging_mixin.py:190} INFO - [2025-01-18T00:23:09.833+0000] {dagbag.py:588} INFO - Filling up the DagBag from /home/airflow/.local/lib/python3.12/site-packages/airflow/example_dags/example_short_circuit_operator.py
[2025-01-18T00:23:09.842+0000] {processor.py:925} INFO - DAG(s) 'example_short_circuit_operator' retrieved from /home/airflow/.local/lib/python3.12/site-packages/airflow/example_dags/example_short_circuit_operator.py
[2025-01-18T00:23:09.867+0000] {logging_mixin.py:190} INFO - [2025-01-18T00:23:09.867+0000] {dag.py:3239} INFO - Sync 1 DAGs
[2025-01-18T00:23:09.883+0000] {logging_mixin.py:190} INFO - [2025-01-18T00:23:09.883+0000] {dag.py:4180} INFO - Setting next_dagrun for example_short_circuit_operator to None, run_after=None
[2025-01-18T00:23:09.911+0000] {processor.py:208} INFO - Processing /home/airflow/.local/lib/python3.12/site-packages/airflow/example_dags/example_short_circuit_operator.py took 0.085 seconds
[2025-01-18T00:23:40.447+0000] {processor.py:186} INFO - Started process (PID=20475) to work on /home/airflow/.local/lib/python3.12/site-packages/airflow/example_dags/example_short_circuit_operator.py
[2025-01-18T00:23:40.449+0000] {processor.py:914} INFO - Processing file /home/airflow/.local/lib/python3.12/site-packages/airflow/example_dags/example_short_circuit_operator.py for tasks to queue
[2025-01-18T00:23:40.452+0000] {logging_mixin.py:190} INFO - [2025-01-18T00:23:40.451+0000] {dagbag.py:588} INFO - Filling up the DagBag from /home/airflow/.local/lib/python3.12/site-packages/airflow/example_dags/example_short_circuit_operator.py
[2025-01-18T00:23:40.461+0000] {processor.py:925} INFO - DAG(s) 'example_short_circuit_operator' retrieved from /home/airflow/.local/lib/python3.12/site-packages/airflow/example_dags/example_short_circuit_operator.py
[2025-01-18T00:23:40.490+0000] {logging_mixin.py:190} INFO - [2025-01-18T00:23:40.490+0000] {dag.py:3239} INFO - Sync 1 DAGs
[2025-01-18T00:23:40.506+0000] {logging_mixin.py:190} INFO - [2025-01-18T00:23:40.506+0000] {dag.py:4180} INFO - Setting next_dagrun for example_short_circuit_operator to None, run_after=None
[2025-01-18T00:23:40.530+0000] {processor.py:208} INFO - Processing /home/airflow/.local/lib/python3.12/site-packages/airflow/example_dags/example_short_circuit_operator.py took 0.089 seconds
[2025-01-18T00:24:11.178+0000] {processor.py:186} INFO - Started process (PID=20542) to work on /home/airflow/.local/lib/python3.12/site-packages/airflow/example_dags/example_short_circuit_operator.py
[2025-01-18T00:24:11.179+0000] {processor.py:914} INFO - Processing file /home/airflow/.local/lib/python3.12/site-packages/airflow/example_dags/example_short_circuit_operator.py for tasks to queue
[2025-01-18T00:24:11.181+0000] {logging_mixin.py:190} INFO - [2025-01-18T00:24:11.181+0000] {dagbag.py:588} INFO - Filling up the DagBag from /home/airflow/.local/lib/python3.12/site-packages/airflow/example_dags/example_short_circuit_operator.py
[2025-01-18T00:24:11.189+0000] {processor.py:925} INFO - DAG(s) 'example_short_circuit_operator' retrieved from /home/airflow/.local/lib/python3.12/site-packages/airflow/example_dags/example_short_circuit_operator.py
[2025-01-18T00:24:11.216+0000] {logging_mixin.py:190} INFO - [2025-01-18T00:24:11.215+0000] {dag.py:3239} INFO - Sync 1 DAGs
[2025-01-18T00:24:11.233+0000] {logging_mixin.py:190} INFO - [2025-01-18T00:24:11.232+0000] {dag.py:4180} INFO - Setting next_dagrun for example_short_circuit_operator to None, run_after=None
[2025-01-18T00:24:11.254+0000] {processor.py:208} INFO - Processing /home/airflow/.local/lib/python3.12/site-packages/airflow/example_dags/example_short_circuit_operator.py took 0.082 seconds
[2025-01-18T00:24:41.511+0000] {processor.py:186} INFO - Started process (PID=20609) to work on /home/airflow/.local/lib/python3.12/site-packages/airflow/example_dags/example_short_circuit_operator.py
[2025-01-18T00:24:41.512+0000] {processor.py:914} INFO - Processing file /home/airflow/.local/lib/python3.12/site-packages/airflow/example_dags/example_short_circuit_operator.py for tasks to queue
[2025-01-18T00:24:41.515+0000] {logging_mixin.py:190} INFO - [2025-01-18T00:24:41.514+0000] {dagbag.py:588} INFO - Filling up the DagBag from /home/airflow/.local/lib/python3.12/site-packages/airflow/example_dags/example_short_circuit_operator.py
[2025-01-18T00:24:41.524+0000] {processor.py:925} INFO - DAG(s) 'example_short_circuit_operator' retrieved from /home/airflow/.local/lib/python3.12/site-packages/airflow/example_dags/example_short_circuit_operator.py
[2025-01-18T00:24:41.557+0000] {logging_mixin.py:190} INFO - [2025-01-18T00:24:41.556+0000] {dag.py:3239} INFO - Sync 1 DAGs
[2025-01-18T00:24:41.584+0000] {logging_mixin.py:190} INFO - [2025-01-18T00:24:41.583+0000] {dag.py:4180} INFO - Setting next_dagrun for example_short_circuit_operator to None, run_after=None
[2025-01-18T00:24:41.615+0000] {processor.py:208} INFO - Processing /home/airflow/.local/lib/python3.12/site-packages/airflow/example_dags/example_short_circuit_operator.py took 0.110 seconds
[2025-01-18T00:25:12.323+0000] {processor.py:186} INFO - Started process (PID=20676) to work on /home/airflow/.local/lib/python3.12/site-packages/airflow/example_dags/example_short_circuit_operator.py
[2025-01-18T00:25:12.325+0000] {processor.py:914} INFO - Processing file /home/airflow/.local/lib/python3.12/site-packages/airflow/example_dags/example_short_circuit_operator.py for tasks to queue
[2025-01-18T00:25:12.327+0000] {logging_mixin.py:190} INFO - [2025-01-18T00:25:12.327+0000] {dagbag.py:588} INFO - Filling up the DagBag from /home/airflow/.local/lib/python3.12/site-packages/airflow/example_dags/example_short_circuit_operator.py
[2025-01-18T00:25:12.339+0000] {processor.py:925} INFO - DAG(s) 'example_short_circuit_operator' retrieved from /home/airflow/.local/lib/python3.12/site-packages/airflow/example_dags/example_short_circuit_operator.py
[2025-01-18T00:25:12.367+0000] {logging_mixin.py:190} INFO - [2025-01-18T00:25:12.366+0000] {dag.py:3239} INFO - Sync 1 DAGs
[2025-01-18T00:25:12.387+0000] {logging_mixin.py:190} INFO - [2025-01-18T00:25:12.386+0000] {dag.py:4180} INFO - Setting next_dagrun for example_short_circuit_operator to None, run_after=None
[2025-01-18T00:25:12.411+0000] {processor.py:208} INFO - Processing /home/airflow/.local/lib/python3.12/site-packages/airflow/example_dags/example_short_circuit_operator.py took 0.094 seconds
[2025-01-18T00:25:43.167+0000] {processor.py:186} INFO - Started process (PID=20743) to work on /home/airflow/.local/lib/python3.12/site-packages/airflow/example_dags/example_short_circuit_operator.py
[2025-01-18T00:25:43.168+0000] {processor.py:914} INFO - Processing file /home/airflow/.local/lib/python3.12/site-packages/airflow/example_dags/example_short_circuit_operator.py for tasks to queue
[2025-01-18T00:25:43.171+0000] {logging_mixin.py:190} INFO - [2025-01-18T00:25:43.170+0000] {dagbag.py:588} INFO - Filling up the DagBag from /home/airflow/.local/lib/python3.12/site-packages/airflow/example_dags/example_short_circuit_operator.py
[2025-01-18T00:25:43.180+0000] {processor.py:925} INFO - DAG(s) 'example_short_circuit_operator' retrieved from /home/airflow/.local/lib/python3.12/site-packages/airflow/example_dags/example_short_circuit_operator.py
[2025-01-18T00:25:43.207+0000] {logging_mixin.py:190} INFO - [2025-01-18T00:25:43.207+0000] {dag.py:3239} INFO - Sync 1 DAGs
[2025-01-18T00:25:43.227+0000] {logging_mixin.py:190} INFO - [2025-01-18T00:25:43.227+0000] {dag.py:4180} INFO - Setting next_dagrun for example_short_circuit_operator to None, run_after=None
[2025-01-18T00:25:43.256+0000] {processor.py:208} INFO - Processing /home/airflow/.local/lib/python3.12/site-packages/airflow/example_dags/example_short_circuit_operator.py took 0.096 seconds
[2025-01-18T00:26:13.803+0000] {processor.py:186} INFO - Started process (PID=20810) to work on /home/airflow/.local/lib/python3.12/site-packages/airflow/example_dags/example_short_circuit_operator.py
[2025-01-18T00:26:13.805+0000] {processor.py:914} INFO - Processing file /home/airflow/.local/lib/python3.12/site-packages/airflow/example_dags/example_short_circuit_operator.py for tasks to queue
[2025-01-18T00:26:13.807+0000] {logging_mixin.py:190} INFO - [2025-01-18T00:26:13.807+0000] {dagbag.py:588} INFO - Filling up the DagBag from /home/airflow/.local/lib/python3.12/site-packages/airflow/example_dags/example_short_circuit_operator.py
[2025-01-18T00:26:13.818+0000] {processor.py:925} INFO - DAG(s) 'example_short_circuit_operator' retrieved from /home/airflow/.local/lib/python3.12/site-packages/airflow/example_dags/example_short_circuit_operator.py
[2025-01-18T00:26:13.845+0000] {logging_mixin.py:190} INFO - [2025-01-18T00:26:13.845+0000] {dag.py:3239} INFO - Sync 1 DAGs
[2025-01-18T00:26:13.862+0000] {logging_mixin.py:190} INFO - [2025-01-18T00:26:13.862+0000] {dag.py:4180} INFO - Setting next_dagrun for example_short_circuit_operator to None, run_after=None
[2025-01-18T00:26:13.889+0000] {processor.py:208} INFO - Processing /home/airflow/.local/lib/python3.12/site-packages/airflow/example_dags/example_short_circuit_operator.py took 0.092 seconds
[2025-01-18T00:26:44.587+0000] {processor.py:186} INFO - Started process (PID=20877) to work on /home/airflow/.local/lib/python3.12/site-packages/airflow/example_dags/example_short_circuit_operator.py
[2025-01-18T00:26:44.588+0000] {processor.py:914} INFO - Processing file /home/airflow/.local/lib/python3.12/site-packages/airflow/example_dags/example_short_circuit_operator.py for tasks to queue
[2025-01-18T00:26:44.591+0000] {logging_mixin.py:190} INFO - [2025-01-18T00:26:44.590+0000] {dagbag.py:588} INFO - Filling up the DagBag from /home/airflow/.local/lib/python3.12/site-packages/airflow/example_dags/example_short_circuit_operator.py
[2025-01-18T00:26:44.603+0000] {processor.py:925} INFO - DAG(s) 'example_short_circuit_operator' retrieved from /home/airflow/.local/lib/python3.12/site-packages/airflow/example_dags/example_short_circuit_operator.py
[2025-01-18T00:26:44.637+0000] {logging_mixin.py:190} INFO - [2025-01-18T00:26:44.636+0000] {dag.py:3239} INFO - Sync 1 DAGs
[2025-01-18T00:26:44.656+0000] {logging_mixin.py:190} INFO - [2025-01-18T00:26:44.656+0000] {dag.py:4180} INFO - Setting next_dagrun for example_short_circuit_operator to None, run_after=None
[2025-01-18T00:26:44.683+0000] {processor.py:208} INFO - Processing /home/airflow/.local/lib/python3.12/site-packages/airflow/example_dags/example_short_circuit_operator.py took 0.103 seconds
[2025-01-18T00:27:15.441+0000] {processor.py:186} INFO - Started process (PID=20950) to work on /home/airflow/.local/lib/python3.12/site-packages/airflow/example_dags/example_short_circuit_operator.py
[2025-01-18T00:27:15.442+0000] {processor.py:914} INFO - Processing file /home/airflow/.local/lib/python3.12/site-packages/airflow/example_dags/example_short_circuit_operator.py for tasks to queue
[2025-01-18T00:27:15.447+0000] {logging_mixin.py:190} INFO - [2025-01-18T00:27:15.446+0000] {dagbag.py:588} INFO - Filling up the DagBag from /home/airflow/.local/lib/python3.12/site-packages/airflow/example_dags/example_short_circuit_operator.py
[2025-01-18T00:27:15.459+0000] {processor.py:925} INFO - DAG(s) 'example_short_circuit_operator' retrieved from /home/airflow/.local/lib/python3.12/site-packages/airflow/example_dags/example_short_circuit_operator.py
[2025-01-18T00:27:15.492+0000] {logging_mixin.py:190} INFO - [2025-01-18T00:27:15.492+0000] {dag.py:3239} INFO - Sync 1 DAGs
[2025-01-18T00:27:15.517+0000] {logging_mixin.py:190} INFO - [2025-01-18T00:27:15.516+0000] {dag.py:4180} INFO - Setting next_dagrun for example_short_circuit_operator to None, run_after=None
[2025-01-18T00:27:15.547+0000] {processor.py:208} INFO - Processing /home/airflow/.local/lib/python3.12/site-packages/airflow/example_dags/example_short_circuit_operator.py took 0.112 seconds
[2025-01-18T00:27:45.846+0000] {processor.py:186} INFO - Started process (PID=21017) to work on /home/airflow/.local/lib/python3.12/site-packages/airflow/example_dags/example_short_circuit_operator.py
[2025-01-18T00:27:45.847+0000] {processor.py:914} INFO - Processing file /home/airflow/.local/lib/python3.12/site-packages/airflow/example_dags/example_short_circuit_operator.py for tasks to queue
[2025-01-18T00:27:45.850+0000] {logging_mixin.py:190} INFO - [2025-01-18T00:27:45.849+0000] {dagbag.py:588} INFO - Filling up the DagBag from /home/airflow/.local/lib/python3.12/site-packages/airflow/example_dags/example_short_circuit_operator.py
[2025-01-18T00:27:45.859+0000] {processor.py:925} INFO - DAG(s) 'example_short_circuit_operator' retrieved from /home/airflow/.local/lib/python3.12/site-packages/airflow/example_dags/example_short_circuit_operator.py
[2025-01-18T00:27:45.886+0000] {logging_mixin.py:190} INFO - [2025-01-18T00:27:45.886+0000] {dag.py:3239} INFO - Sync 1 DAGs
[2025-01-18T00:27:45.904+0000] {logging_mixin.py:190} INFO - [2025-01-18T00:27:45.904+0000] {dag.py:4180} INFO - Setting next_dagrun for example_short_circuit_operator to None, run_after=None
[2025-01-18T00:27:45.931+0000] {processor.py:208} INFO - Processing /home/airflow/.local/lib/python3.12/site-packages/airflow/example_dags/example_short_circuit_operator.py took 0.091 seconds
[2025-01-18T00:28:16.678+0000] {processor.py:186} INFO - Started process (PID=21083) to work on /home/airflow/.local/lib/python3.12/site-packages/airflow/example_dags/example_short_circuit_operator.py
[2025-01-18T00:28:16.680+0000] {processor.py:914} INFO - Processing file /home/airflow/.local/lib/python3.12/site-packages/airflow/example_dags/example_short_circuit_operator.py for tasks to queue
[2025-01-18T00:28:16.682+0000] {logging_mixin.py:190} INFO - [2025-01-18T00:28:16.682+0000] {dagbag.py:588} INFO - Filling up the DagBag from /home/airflow/.local/lib/python3.12/site-packages/airflow/example_dags/example_short_circuit_operator.py
[2025-01-18T00:28:16.690+0000] {processor.py:925} INFO - DAG(s) 'example_short_circuit_operator' retrieved from /home/airflow/.local/lib/python3.12/site-packages/airflow/example_dags/example_short_circuit_operator.py
[2025-01-18T00:28:16.715+0000] {logging_mixin.py:190} INFO - [2025-01-18T00:28:16.715+0000] {dag.py:3239} INFO - Sync 1 DAGs
[2025-01-18T00:28:16.731+0000] {logging_mixin.py:190} INFO - [2025-01-18T00:28:16.731+0000] {dag.py:4180} INFO - Setting next_dagrun for example_short_circuit_operator to None, run_after=None
[2025-01-18T00:28:16.752+0000] {processor.py:208} INFO - Processing /home/airflow/.local/lib/python3.12/site-packages/airflow/example_dags/example_short_circuit_operator.py took 0.079 seconds
[2025-01-18T00:28:47.143+0000] {processor.py:186} INFO - Started process (PID=21150) to work on /home/airflow/.local/lib/python3.12/site-packages/airflow/example_dags/example_short_circuit_operator.py
[2025-01-18T00:28:47.145+0000] {processor.py:914} INFO - Processing file /home/airflow/.local/lib/python3.12/site-packages/airflow/example_dags/example_short_circuit_operator.py for tasks to queue
[2025-01-18T00:28:47.147+0000] {logging_mixin.py:190} INFO - [2025-01-18T00:28:47.147+0000] {dagbag.py:588} INFO - Filling up the DagBag from /home/airflow/.local/lib/python3.12/site-packages/airflow/example_dags/example_short_circuit_operator.py
[2025-01-18T00:28:47.158+0000] {processor.py:925} INFO - DAG(s) 'example_short_circuit_operator' retrieved from /home/airflow/.local/lib/python3.12/site-packages/airflow/example_dags/example_short_circuit_operator.py
[2025-01-18T00:28:47.186+0000] {logging_mixin.py:190} INFO - [2025-01-18T00:28:47.185+0000] {dag.py:3239} INFO - Sync 1 DAGs
[2025-01-18T00:28:47.202+0000] {logging_mixin.py:190} INFO - [2025-01-18T00:28:47.201+0000] {dag.py:4180} INFO - Setting next_dagrun for example_short_circuit_operator to None, run_after=None
[2025-01-18T00:28:47.225+0000] {processor.py:208} INFO - Processing /home/airflow/.local/lib/python3.12/site-packages/airflow/example_dags/example_short_circuit_operator.py took 0.090 seconds
[2025-01-18T00:29:17.502+0000] {processor.py:186} INFO - Started process (PID=21217) to work on /home/airflow/.local/lib/python3.12/site-packages/airflow/example_dags/example_short_circuit_operator.py
[2025-01-18T00:29:17.503+0000] {processor.py:914} INFO - Processing file /home/airflow/.local/lib/python3.12/site-packages/airflow/example_dags/example_short_circuit_operator.py for tasks to queue
[2025-01-18T00:29:17.506+0000] {logging_mixin.py:190} INFO - [2025-01-18T00:29:17.505+0000] {dagbag.py:588} INFO - Filling up the DagBag from /home/airflow/.local/lib/python3.12/site-packages/airflow/example_dags/example_short_circuit_operator.py
[2025-01-18T00:29:17.520+0000] {processor.py:925} INFO - DAG(s) 'example_short_circuit_operator' retrieved from /home/airflow/.local/lib/python3.12/site-packages/airflow/example_dags/example_short_circuit_operator.py
[2025-01-18T00:29:17.556+0000] {logging_mixin.py:190} INFO - [2025-01-18T00:29:17.556+0000] {dag.py:3239} INFO - Sync 1 DAGs
[2025-01-18T00:29:17.583+0000] {logging_mixin.py:190} INFO - [2025-01-18T00:29:17.582+0000] {dag.py:4180} INFO - Setting next_dagrun for example_short_circuit_operator to None, run_after=None
[2025-01-18T00:29:17.614+0000] {processor.py:208} INFO - Processing /home/airflow/.local/lib/python3.12/site-packages/airflow/example_dags/example_short_circuit_operator.py took 0.120 seconds
[2025-01-18T00:29:48.563+0000] {processor.py:186} INFO - Started process (PID=21284) to work on /home/airflow/.local/lib/python3.12/site-packages/airflow/example_dags/example_short_circuit_operator.py
[2025-01-18T00:29:48.564+0000] {processor.py:914} INFO - Processing file /home/airflow/.local/lib/python3.12/site-packages/airflow/example_dags/example_short_circuit_operator.py for tasks to queue
[2025-01-18T00:29:48.567+0000] {logging_mixin.py:190} INFO - [2025-01-18T00:29:48.566+0000] {dagbag.py:588} INFO - Filling up the DagBag from /home/airflow/.local/lib/python3.12/site-packages/airflow/example_dags/example_short_circuit_operator.py
[2025-01-18T00:29:48.575+0000] {processor.py:925} INFO - DAG(s) 'example_short_circuit_operator' retrieved from /home/airflow/.local/lib/python3.12/site-packages/airflow/example_dags/example_short_circuit_operator.py
[2025-01-18T00:29:48.601+0000] {logging_mixin.py:190} INFO - [2025-01-18T00:29:48.600+0000] {dag.py:3239} INFO - Sync 1 DAGs
[2025-01-18T00:29:48.617+0000] {logging_mixin.py:190} INFO - [2025-01-18T00:29:48.616+0000] {dag.py:4180} INFO - Setting next_dagrun for example_short_circuit_operator to None, run_after=None
[2025-01-18T00:29:48.639+0000] {processor.py:208} INFO - Processing /home/airflow/.local/lib/python3.12/site-packages/airflow/example_dags/example_short_circuit_operator.py took 0.083 seconds
[2025-01-18T00:30:18.997+0000] {processor.py:186} INFO - Started process (PID=21351) to work on /home/airflow/.local/lib/python3.12/site-packages/airflow/example_dags/example_short_circuit_operator.py
[2025-01-18T00:30:18.998+0000] {processor.py:914} INFO - Processing file /home/airflow/.local/lib/python3.12/site-packages/airflow/example_dags/example_short_circuit_operator.py for tasks to queue
[2025-01-18T00:30:19.001+0000] {logging_mixin.py:190} INFO - [2025-01-18T00:30:19.000+0000] {dagbag.py:588} INFO - Filling up the DagBag from /home/airflow/.local/lib/python3.12/site-packages/airflow/example_dags/example_short_circuit_operator.py
[2025-01-18T00:30:19.010+0000] {processor.py:925} INFO - DAG(s) 'example_short_circuit_operator' retrieved from /home/airflow/.local/lib/python3.12/site-packages/airflow/example_dags/example_short_circuit_operator.py
[2025-01-18T00:30:19.038+0000] {logging_mixin.py:190} INFO - [2025-01-18T00:30:19.037+0000] {dag.py:3239} INFO - Sync 1 DAGs
[2025-01-18T00:30:19.056+0000] {logging_mixin.py:190} INFO - [2025-01-18T00:30:19.056+0000] {dag.py:4180} INFO - Setting next_dagrun for example_short_circuit_operator to None, run_after=None
[2025-01-18T00:30:19.082+0000] {processor.py:208} INFO - Processing /home/airflow/.local/lib/python3.12/site-packages/airflow/example_dags/example_short_circuit_operator.py took 0.091 seconds
[2025-01-18T00:30:49.373+0000] {processor.py:186} INFO - Started process (PID=21418) to work on /home/airflow/.local/lib/python3.12/site-packages/airflow/example_dags/example_short_circuit_operator.py
[2025-01-18T00:30:49.374+0000] {processor.py:914} INFO - Processing file /home/airflow/.local/lib/python3.12/site-packages/airflow/example_dags/example_short_circuit_operator.py for tasks to queue
[2025-01-18T00:30:49.378+0000] {logging_mixin.py:190} INFO - [2025-01-18T00:30:49.377+0000] {dagbag.py:588} INFO - Filling up the DagBag from /home/airflow/.local/lib/python3.12/site-packages/airflow/example_dags/example_short_circuit_operator.py
[2025-01-18T00:30:49.390+0000] {processor.py:925} INFO - DAG(s) 'example_short_circuit_operator' retrieved from /home/airflow/.local/lib/python3.12/site-packages/airflow/example_dags/example_short_circuit_operator.py
[2025-01-18T00:30:49.419+0000] {logging_mixin.py:190} INFO - [2025-01-18T00:30:49.418+0000] {dag.py:3239} INFO - Sync 1 DAGs
[2025-01-18T00:30:49.441+0000] {logging_mixin.py:190} INFO - [2025-01-18T00:30:49.440+0000] {dag.py:4180} INFO - Setting next_dagrun for example_short_circuit_operator to None, run_after=None
[2025-01-18T00:30:49.468+0000] {processor.py:208} INFO - Processing /home/airflow/.local/lib/python3.12/site-packages/airflow/example_dags/example_short_circuit_operator.py took 0.101 seconds
[2025-01-18T00:31:19.653+0000] {processor.py:186} INFO - Started process (PID=21491) to work on /home/airflow/.local/lib/python3.12/site-packages/airflow/example_dags/example_short_circuit_operator.py
[2025-01-18T00:31:19.654+0000] {processor.py:914} INFO - Processing file /home/airflow/.local/lib/python3.12/site-packages/airflow/example_dags/example_short_circuit_operator.py for tasks to queue
[2025-01-18T00:31:19.658+0000] {logging_mixin.py:190} INFO - [2025-01-18T00:31:19.657+0000] {dagbag.py:588} INFO - Filling up the DagBag from /home/airflow/.local/lib/python3.12/site-packages/airflow/example_dags/example_short_circuit_operator.py
[2025-01-18T00:31:19.670+0000] {processor.py:925} INFO - DAG(s) 'example_short_circuit_operator' retrieved from /home/airflow/.local/lib/python3.12/site-packages/airflow/example_dags/example_short_circuit_operator.py
[2025-01-18T00:31:19.709+0000] {logging_mixin.py:190} INFO - [2025-01-18T00:31:19.708+0000] {dag.py:3239} INFO - Sync 1 DAGs
[2025-01-18T00:31:19.731+0000] {logging_mixin.py:190} INFO - [2025-01-18T00:31:19.731+0000] {dag.py:4180} INFO - Setting next_dagrun for example_short_circuit_operator to None, run_after=None
[2025-01-18T00:31:19.757+0000] {processor.py:208} INFO - Processing /home/airflow/.local/lib/python3.12/site-packages/airflow/example_dags/example_short_circuit_operator.py took 0.112 seconds
[2025-01-18T00:31:50.194+0000] {processor.py:186} INFO - Started process (PID=21558) to work on /home/airflow/.local/lib/python3.12/site-packages/airflow/example_dags/example_short_circuit_operator.py
[2025-01-18T00:31:50.196+0000] {processor.py:914} INFO - Processing file /home/airflow/.local/lib/python3.12/site-packages/airflow/example_dags/example_short_circuit_operator.py for tasks to queue
[2025-01-18T00:31:50.199+0000] {logging_mixin.py:190} INFO - [2025-01-18T00:31:50.198+0000] {dagbag.py:588} INFO - Filling up the DagBag from /home/airflow/.local/lib/python3.12/site-packages/airflow/example_dags/example_short_circuit_operator.py
[2025-01-18T00:31:50.208+0000] {processor.py:925} INFO - DAG(s) 'example_short_circuit_operator' retrieved from /home/airflow/.local/lib/python3.12/site-packages/airflow/example_dags/example_short_circuit_operator.py
[2025-01-18T00:31:50.244+0000] {logging_mixin.py:190} INFO - [2025-01-18T00:31:50.243+0000] {dag.py:3239} INFO - Sync 1 DAGs
[2025-01-18T00:31:50.262+0000] {logging_mixin.py:190} INFO - [2025-01-18T00:31:50.262+0000] {dag.py:4180} INFO - Setting next_dagrun for example_short_circuit_operator to None, run_after=None
[2025-01-18T00:31:50.285+0000] {processor.py:208} INFO - Processing /home/airflow/.local/lib/python3.12/site-packages/airflow/example_dags/example_short_circuit_operator.py took 0.096 seconds
[2025-01-18T00:32:20.444+0000] {processor.py:186} INFO - Started process (PID=21625) to work on /home/airflow/.local/lib/python3.12/site-packages/airflow/example_dags/example_short_circuit_operator.py
[2025-01-18T00:32:20.445+0000] {processor.py:914} INFO - Processing file /home/airflow/.local/lib/python3.12/site-packages/airflow/example_dags/example_short_circuit_operator.py for tasks to queue
[2025-01-18T00:32:20.447+0000] {logging_mixin.py:190} INFO - [2025-01-18T00:32:20.447+0000] {dagbag.py:588} INFO - Filling up the DagBag from /home/airflow/.local/lib/python3.12/site-packages/airflow/example_dags/example_short_circuit_operator.py
[2025-01-18T00:32:20.456+0000] {processor.py:925} INFO - DAG(s) 'example_short_circuit_operator' retrieved from /home/airflow/.local/lib/python3.12/site-packages/airflow/example_dags/example_short_circuit_operator.py
[2025-01-18T00:32:20.483+0000] {logging_mixin.py:190} INFO - [2025-01-18T00:32:20.483+0000] {dag.py:3239} INFO - Sync 1 DAGs
[2025-01-18T00:32:20.501+0000] {logging_mixin.py:190} INFO - [2025-01-18T00:32:20.500+0000] {dag.py:4180} INFO - Setting next_dagrun for example_short_circuit_operator to None, run_after=None
[2025-01-18T00:32:20.526+0000] {processor.py:208} INFO - Processing /home/airflow/.local/lib/python3.12/site-packages/airflow/example_dags/example_short_circuit_operator.py took 0.088 seconds
[2025-01-18T00:32:50.589+0000] {processor.py:186} INFO - Started process (PID=21692) to work on /home/airflow/.local/lib/python3.12/site-packages/airflow/example_dags/example_short_circuit_operator.py
[2025-01-18T00:32:50.590+0000] {processor.py:914} INFO - Processing file /home/airflow/.local/lib/python3.12/site-packages/airflow/example_dags/example_short_circuit_operator.py for tasks to queue
[2025-01-18T00:32:50.592+0000] {logging_mixin.py:190} INFO - [2025-01-18T00:32:50.592+0000] {dagbag.py:588} INFO - Filling up the DagBag from /home/airflow/.local/lib/python3.12/site-packages/airflow/example_dags/example_short_circuit_operator.py
[2025-01-18T00:32:50.601+0000] {processor.py:925} INFO - DAG(s) 'example_short_circuit_operator' retrieved from /home/airflow/.local/lib/python3.12/site-packages/airflow/example_dags/example_short_circuit_operator.py
[2025-01-18T00:32:50.624+0000] {logging_mixin.py:190} INFO - [2025-01-18T00:32:50.624+0000] {dag.py:3239} INFO - Sync 1 DAGs
[2025-01-18T00:32:50.638+0000] {logging_mixin.py:190} INFO - [2025-01-18T00:32:50.638+0000] {dag.py:4180} INFO - Setting next_dagrun for example_short_circuit_operator to None, run_after=None
[2025-01-18T00:32:50.657+0000] {processor.py:208} INFO - Processing /home/airflow/.local/lib/python3.12/site-packages/airflow/example_dags/example_short_circuit_operator.py took 0.073 seconds
[2025-01-18T00:33:21.278+0000] {processor.py:186} INFO - Started process (PID=21758) to work on /home/airflow/.local/lib/python3.12/site-packages/airflow/example_dags/example_short_circuit_operator.py
[2025-01-18T00:33:21.279+0000] {processor.py:914} INFO - Processing file /home/airflow/.local/lib/python3.12/site-packages/airflow/example_dags/example_short_circuit_operator.py for tasks to queue
[2025-01-18T00:33:21.282+0000] {logging_mixin.py:190} INFO - [2025-01-18T00:33:21.282+0000] {dagbag.py:588} INFO - Filling up the DagBag from /home/airflow/.local/lib/python3.12/site-packages/airflow/example_dags/example_short_circuit_operator.py
[2025-01-18T00:33:21.292+0000] {processor.py:925} INFO - DAG(s) 'example_short_circuit_operator' retrieved from /home/airflow/.local/lib/python3.12/site-packages/airflow/example_dags/example_short_circuit_operator.py
[2025-01-18T00:33:21.316+0000] {logging_mixin.py:190} INFO - [2025-01-18T00:33:21.315+0000] {dag.py:3239} INFO - Sync 1 DAGs
[2025-01-18T00:33:21.331+0000] {logging_mixin.py:190} INFO - [2025-01-18T00:33:21.330+0000] {dag.py:4180} INFO - Setting next_dagrun for example_short_circuit_operator to None, run_after=None
[2025-01-18T00:33:21.351+0000] {processor.py:208} INFO - Processing /home/airflow/.local/lib/python3.12/site-packages/airflow/example_dags/example_short_circuit_operator.py took 0.079 seconds
[2025-01-18T00:33:51.843+0000] {processor.py:186} INFO - Started process (PID=21825) to work on /home/airflow/.local/lib/python3.12/site-packages/airflow/example_dags/example_short_circuit_operator.py
[2025-01-18T00:33:51.844+0000] {processor.py:914} INFO - Processing file /home/airflow/.local/lib/python3.12/site-packages/airflow/example_dags/example_short_circuit_operator.py for tasks to queue
[2025-01-18T00:33:51.847+0000] {logging_mixin.py:190} INFO - [2025-01-18T00:33:51.847+0000] {dagbag.py:588} INFO - Filling up the DagBag from /home/airflow/.local/lib/python3.12/site-packages/airflow/example_dags/example_short_circuit_operator.py
[2025-01-18T00:33:51.858+0000] {processor.py:925} INFO - DAG(s) 'example_short_circuit_operator' retrieved from /home/airflow/.local/lib/python3.12/site-packages/airflow/example_dags/example_short_circuit_operator.py
[2025-01-18T00:33:51.891+0000] {logging_mixin.py:190} INFO - [2025-01-18T00:33:51.890+0000] {dag.py:3239} INFO - Sync 1 DAGs
[2025-01-18T00:33:51.910+0000] {logging_mixin.py:190} INFO - [2025-01-18T00:33:51.910+0000] {dag.py:4180} INFO - Setting next_dagrun for example_short_circuit_operator to None, run_after=None
[2025-01-18T00:33:51.942+0000] {processor.py:208} INFO - Processing /home/airflow/.local/lib/python3.12/site-packages/airflow/example_dags/example_short_circuit_operator.py took 0.105 seconds
[2025-01-18T00:34:22.342+0000] {processor.py:186} INFO - Started process (PID=21894) to work on /home/airflow/.local/lib/python3.12/site-packages/airflow/example_dags/example_short_circuit_operator.py
[2025-01-18T00:34:22.343+0000] {processor.py:914} INFO - Processing file /home/airflow/.local/lib/python3.12/site-packages/airflow/example_dags/example_short_circuit_operator.py for tasks to queue
[2025-01-18T00:34:22.345+0000] {logging_mixin.py:190} INFO - [2025-01-18T00:34:22.345+0000] {dagbag.py:588} INFO - Filling up the DagBag from /home/airflow/.local/lib/python3.12/site-packages/airflow/example_dags/example_short_circuit_operator.py
[2025-01-18T00:34:22.355+0000] {processor.py:925} INFO - DAG(s) 'example_short_circuit_operator' retrieved from /home/airflow/.local/lib/python3.12/site-packages/airflow/example_dags/example_short_circuit_operator.py
[2025-01-18T00:34:22.381+0000] {logging_mixin.py:190} INFO - [2025-01-18T00:34:22.380+0000] {dag.py:3239} INFO - Sync 1 DAGs
[2025-01-18T00:34:22.397+0000] {logging_mixin.py:190} INFO - [2025-01-18T00:34:22.396+0000] {dag.py:4180} INFO - Setting next_dagrun for example_short_circuit_operator to None, run_after=None
[2025-01-18T00:34:22.418+0000] {processor.py:208} INFO - Processing /home/airflow/.local/lib/python3.12/site-packages/airflow/example_dags/example_short_circuit_operator.py took 0.083 seconds
[2025-01-18T00:34:52.832+0000] {processor.py:186} INFO - Started process (PID=21961) to work on /home/airflow/.local/lib/python3.12/site-packages/airflow/example_dags/example_short_circuit_operator.py
[2025-01-18T00:34:52.833+0000] {processor.py:914} INFO - Processing file /home/airflow/.local/lib/python3.12/site-packages/airflow/example_dags/example_short_circuit_operator.py for tasks to queue
[2025-01-18T00:34:52.835+0000] {logging_mixin.py:190} INFO - [2025-01-18T00:34:52.835+0000] {dagbag.py:588} INFO - Filling up the DagBag from /home/airflow/.local/lib/python3.12/site-packages/airflow/example_dags/example_short_circuit_operator.py
[2025-01-18T00:34:52.848+0000] {processor.py:925} INFO - DAG(s) 'example_short_circuit_operator' retrieved from /home/airflow/.local/lib/python3.12/site-packages/airflow/example_dags/example_short_circuit_operator.py
[2025-01-18T00:34:52.880+0000] {logging_mixin.py:190} INFO - [2025-01-18T00:34:52.880+0000] {dag.py:3239} INFO - Sync 1 DAGs
[2025-01-18T00:34:52.899+0000] {logging_mixin.py:190} INFO - [2025-01-18T00:34:52.899+0000] {dag.py:4180} INFO - Setting next_dagrun for example_short_circuit_operator to None, run_after=None
[2025-01-18T00:34:52.924+0000] {processor.py:208} INFO - Processing /home/airflow/.local/lib/python3.12/site-packages/airflow/example_dags/example_short_circuit_operator.py took 0.100 seconds
[2025-01-18T00:35:23.113+0000] {processor.py:186} INFO - Started process (PID=22027) to work on /home/airflow/.local/lib/python3.12/site-packages/airflow/example_dags/example_short_circuit_operator.py
[2025-01-18T00:35:23.115+0000] {processor.py:914} INFO - Processing file /home/airflow/.local/lib/python3.12/site-packages/airflow/example_dags/example_short_circuit_operator.py for tasks to queue
[2025-01-18T00:35:23.118+0000] {logging_mixin.py:190} INFO - [2025-01-18T00:35:23.117+0000] {dagbag.py:588} INFO - Filling up the DagBag from /home/airflow/.local/lib/python3.12/site-packages/airflow/example_dags/example_short_circuit_operator.py
[2025-01-18T00:35:23.129+0000] {processor.py:925} INFO - DAG(s) 'example_short_circuit_operator' retrieved from /home/airflow/.local/lib/python3.12/site-packages/airflow/example_dags/example_short_circuit_operator.py
[2025-01-18T00:35:23.160+0000] {logging_mixin.py:190} INFO - [2025-01-18T00:35:23.160+0000] {dag.py:3239} INFO - Sync 1 DAGs
[2025-01-18T00:35:23.180+0000] {logging_mixin.py:190} INFO - [2025-01-18T00:35:23.179+0000] {dag.py:4180} INFO - Setting next_dagrun for example_short_circuit_operator to None, run_after=None
[2025-01-18T00:35:23.203+0000] {processor.py:208} INFO - Processing /home/airflow/.local/lib/python3.12/site-packages/airflow/example_dags/example_short_circuit_operator.py took 0.097 seconds
