[2025-01-18T00:00:15.229+0000] {processor.py:186} INFO - Started process (PID=17372) to work on /home/airflow/.local/lib/python3.12/site-packages/airflow/example_dags/example_trigger_target_dag.py
[2025-01-18T00:00:15.230+0000] {processor.py:914} INFO - Processing file /home/airflow/.local/lib/python3.12/site-packages/airflow/example_dags/example_trigger_target_dag.py for tasks to queue
[2025-01-18T00:00:15.232+0000] {logging_mixin.py:190} INFO - [2025-01-18T00:00:15.232+0000] {dagbag.py:588} INFO - Filling up the DagBag from /home/airflow/.local/lib/python3.12/site-packages/airflow/example_dags/example_trigger_target_dag.py
[2025-01-18T00:00:15.242+0000] {processor.py:925} INFO - DAG(s) 'example_trigger_target_dag' retrieved from /home/airflow/.local/lib/python3.12/site-packages/airflow/example_dags/example_trigger_target_dag.py
[2025-01-18T00:00:15.267+0000] {logging_mixin.py:190} INFO - [2025-01-18T00:00:15.267+0000] {dag.py:3239} INFO - Sync 1 DAGs
[2025-01-18T00:00:15.284+0000] {logging_mixin.py:190} INFO - [2025-01-18T00:00:15.283+0000] {dag.py:4180} INFO - Setting next_dagrun for example_trigger_target_dag to None, run_after=None
[2025-01-18T00:00:15.306+0000] {processor.py:208} INFO - Processing /home/airflow/.local/lib/python3.12/site-packages/airflow/example_dags/example_trigger_target_dag.py took 0.086 seconds
[2025-01-18T00:00:45.670+0000] {processor.py:186} INFO - Started process (PID=17439) to work on /home/airflow/.local/lib/python3.12/site-packages/airflow/example_dags/example_trigger_target_dag.py
[2025-01-18T00:00:45.671+0000] {processor.py:914} INFO - Processing file /home/airflow/.local/lib/python3.12/site-packages/airflow/example_dags/example_trigger_target_dag.py for tasks to queue
[2025-01-18T00:00:45.675+0000] {logging_mixin.py:190} INFO - [2025-01-18T00:00:45.674+0000] {dagbag.py:588} INFO - Filling up the DagBag from /home/airflow/.local/lib/python3.12/site-packages/airflow/example_dags/example_trigger_target_dag.py
[2025-01-18T00:00:45.687+0000] {processor.py:925} INFO - DAG(s) 'example_trigger_target_dag' retrieved from /home/airflow/.local/lib/python3.12/site-packages/airflow/example_dags/example_trigger_target_dag.py
[2025-01-18T00:00:45.726+0000] {logging_mixin.py:190} INFO - [2025-01-18T00:00:45.726+0000] {dag.py:3239} INFO - Sync 1 DAGs
[2025-01-18T00:00:45.745+0000] {logging_mixin.py:190} INFO - [2025-01-18T00:00:45.744+0000] {dag.py:4180} INFO - Setting next_dagrun for example_trigger_target_dag to None, run_after=None
[2025-01-18T00:00:45.766+0000] {processor.py:208} INFO - Processing /home/airflow/.local/lib/python3.12/site-packages/airflow/example_dags/example_trigger_target_dag.py took 0.106 seconds
[2025-01-18T00:01:16.294+0000] {processor.py:186} INFO - Started process (PID=17512) to work on /home/airflow/.local/lib/python3.12/site-packages/airflow/example_dags/example_trigger_target_dag.py
[2025-01-18T00:01:16.296+0000] {processor.py:914} INFO - Processing file /home/airflow/.local/lib/python3.12/site-packages/airflow/example_dags/example_trigger_target_dag.py for tasks to queue
[2025-01-18T00:01:16.298+0000] {logging_mixin.py:190} INFO - [2025-01-18T00:01:16.297+0000] {dagbag.py:588} INFO - Filling up the DagBag from /home/airflow/.local/lib/python3.12/site-packages/airflow/example_dags/example_trigger_target_dag.py
[2025-01-18T00:01:16.305+0000] {processor.py:925} INFO - DAG(s) 'example_trigger_target_dag' retrieved from /home/airflow/.local/lib/python3.12/site-packages/airflow/example_dags/example_trigger_target_dag.py
[2025-01-18T00:01:16.324+0000] {logging_mixin.py:190} INFO - [2025-01-18T00:01:16.324+0000] {dag.py:3239} INFO - Sync 1 DAGs
[2025-01-18T00:01:16.339+0000] {logging_mixin.py:190} INFO - [2025-01-18T00:01:16.338+0000] {dag.py:4180} INFO - Setting next_dagrun for example_trigger_target_dag to None, run_after=None
[2025-01-18T00:01:16.357+0000] {processor.py:208} INFO - Processing /home/airflow/.local/lib/python3.12/site-packages/airflow/example_dags/example_trigger_target_dag.py took 0.067 seconds
[2025-01-18T00:01:46.799+0000] {processor.py:186} INFO - Started process (PID=17579) to work on /home/airflow/.local/lib/python3.12/site-packages/airflow/example_dags/example_trigger_target_dag.py
[2025-01-18T00:01:46.800+0000] {processor.py:914} INFO - Processing file /home/airflow/.local/lib/python3.12/site-packages/airflow/example_dags/example_trigger_target_dag.py for tasks to queue
[2025-01-18T00:01:46.803+0000] {logging_mixin.py:190} INFO - [2025-01-18T00:01:46.802+0000] {dagbag.py:588} INFO - Filling up the DagBag from /home/airflow/.local/lib/python3.12/site-packages/airflow/example_dags/example_trigger_target_dag.py
[2025-01-18T00:01:46.809+0000] {processor.py:925} INFO - DAG(s) 'example_trigger_target_dag' retrieved from /home/airflow/.local/lib/python3.12/site-packages/airflow/example_dags/example_trigger_target_dag.py
[2025-01-18T00:01:46.830+0000] {logging_mixin.py:190} INFO - [2025-01-18T00:01:46.829+0000] {dag.py:3239} INFO - Sync 1 DAGs
[2025-01-18T00:01:46.847+0000] {logging_mixin.py:190} INFO - [2025-01-18T00:01:46.846+0000] {dag.py:4180} INFO - Setting next_dagrun for example_trigger_target_dag to None, run_after=None
[2025-01-18T00:01:46.874+0000] {processor.py:208} INFO - Processing /home/airflow/.local/lib/python3.12/site-packages/airflow/example_dags/example_trigger_target_dag.py took 0.081 seconds
[2025-01-18T00:02:17.556+0000] {processor.py:186} INFO - Started process (PID=17646) to work on /home/airflow/.local/lib/python3.12/site-packages/airflow/example_dags/example_trigger_target_dag.py
[2025-01-18T00:02:17.558+0000] {processor.py:914} INFO - Processing file /home/airflow/.local/lib/python3.12/site-packages/airflow/example_dags/example_trigger_target_dag.py for tasks to queue
[2025-01-18T00:02:17.561+0000] {logging_mixin.py:190} INFO - [2025-01-18T00:02:17.560+0000] {dagbag.py:588} INFO - Filling up the DagBag from /home/airflow/.local/lib/python3.12/site-packages/airflow/example_dags/example_trigger_target_dag.py
[2025-01-18T00:02:17.570+0000] {processor.py:925} INFO - DAG(s) 'example_trigger_target_dag' retrieved from /home/airflow/.local/lib/python3.12/site-packages/airflow/example_dags/example_trigger_target_dag.py
[2025-01-18T00:02:17.596+0000] {logging_mixin.py:190} INFO - [2025-01-18T00:02:17.596+0000] {dag.py:3239} INFO - Sync 1 DAGs
[2025-01-18T00:02:17.617+0000] {logging_mixin.py:190} INFO - [2025-01-18T00:02:17.616+0000] {dag.py:4180} INFO - Setting next_dagrun for example_trigger_target_dag to None, run_after=None
[2025-01-18T00:02:17.642+0000] {processor.py:208} INFO - Processing /home/airflow/.local/lib/python3.12/site-packages/airflow/example_dags/example_trigger_target_dag.py took 0.093 seconds
[2025-01-18T00:02:47.998+0000] {processor.py:186} INFO - Started process (PID=17714) to work on /home/airflow/.local/lib/python3.12/site-packages/airflow/example_dags/example_trigger_target_dag.py
[2025-01-18T00:02:48.000+0000] {processor.py:914} INFO - Processing file /home/airflow/.local/lib/python3.12/site-packages/airflow/example_dags/example_trigger_target_dag.py for tasks to queue
[2025-01-18T00:02:48.003+0000] {logging_mixin.py:190} INFO - [2025-01-18T00:02:48.003+0000] {dagbag.py:588} INFO - Filling up the DagBag from /home/airflow/.local/lib/python3.12/site-packages/airflow/example_dags/example_trigger_target_dag.py
[2025-01-18T00:02:48.015+0000] {processor.py:925} INFO - DAG(s) 'example_trigger_target_dag' retrieved from /home/airflow/.local/lib/python3.12/site-packages/airflow/example_dags/example_trigger_target_dag.py
[2025-01-18T00:02:48.039+0000] {logging_mixin.py:190} INFO - [2025-01-18T00:02:48.039+0000] {dag.py:3239} INFO - Sync 1 DAGs
[2025-01-18T00:02:48.057+0000] {logging_mixin.py:190} INFO - [2025-01-18T00:02:48.057+0000] {dag.py:4180} INFO - Setting next_dagrun for example_trigger_target_dag to None, run_after=None
[2025-01-18T00:02:48.080+0000] {processor.py:208} INFO - Processing /home/airflow/.local/lib/python3.12/site-packages/airflow/example_dags/example_trigger_target_dag.py took 0.090 seconds
[2025-01-18T00:03:18.451+0000] {processor.py:186} INFO - Started process (PID=17782) to work on /home/airflow/.local/lib/python3.12/site-packages/airflow/example_dags/example_trigger_target_dag.py
[2025-01-18T00:03:18.453+0000] {processor.py:914} INFO - Processing file /home/airflow/.local/lib/python3.12/site-packages/airflow/example_dags/example_trigger_target_dag.py for tasks to queue
[2025-01-18T00:03:18.456+0000] {logging_mixin.py:190} INFO - [2025-01-18T00:03:18.455+0000] {dagbag.py:588} INFO - Filling up the DagBag from /home/airflow/.local/lib/python3.12/site-packages/airflow/example_dags/example_trigger_target_dag.py
[2025-01-18T00:03:18.465+0000] {processor.py:925} INFO - DAG(s) 'example_trigger_target_dag' retrieved from /home/airflow/.local/lib/python3.12/site-packages/airflow/example_dags/example_trigger_target_dag.py
[2025-01-18T00:03:18.489+0000] {logging_mixin.py:190} INFO - [2025-01-18T00:03:18.489+0000] {dag.py:3239} INFO - Sync 1 DAGs
[2025-01-18T00:03:18.507+0000] {logging_mixin.py:190} INFO - [2025-01-18T00:03:18.506+0000] {dag.py:4180} INFO - Setting next_dagrun for example_trigger_target_dag to None, run_after=None
[2025-01-18T00:03:18.526+0000] {processor.py:208} INFO - Processing /home/airflow/.local/lib/python3.12/site-packages/airflow/example_dags/example_trigger_target_dag.py took 0.083 seconds
[2025-01-18T00:03:49.167+0000] {processor.py:186} INFO - Started process (PID=17849) to work on /home/airflow/.local/lib/python3.12/site-packages/airflow/example_dags/example_trigger_target_dag.py
[2025-01-18T00:03:49.168+0000] {processor.py:914} INFO - Processing file /home/airflow/.local/lib/python3.12/site-packages/airflow/example_dags/example_trigger_target_dag.py for tasks to queue
[2025-01-18T00:03:49.170+0000] {logging_mixin.py:190} INFO - [2025-01-18T00:03:49.170+0000] {dagbag.py:588} INFO - Filling up the DagBag from /home/airflow/.local/lib/python3.12/site-packages/airflow/example_dags/example_trigger_target_dag.py
[2025-01-18T00:03:49.179+0000] {processor.py:925} INFO - DAG(s) 'example_trigger_target_dag' retrieved from /home/airflow/.local/lib/python3.12/site-packages/airflow/example_dags/example_trigger_target_dag.py
[2025-01-18T00:03:49.202+0000] {logging_mixin.py:190} INFO - [2025-01-18T00:03:49.201+0000] {dag.py:3239} INFO - Sync 1 DAGs
[2025-01-18T00:03:49.221+0000] {logging_mixin.py:190} INFO - [2025-01-18T00:03:49.221+0000] {dag.py:4180} INFO - Setting next_dagrun for example_trigger_target_dag to None, run_after=None
[2025-01-18T00:03:49.247+0000] {processor.py:208} INFO - Processing /home/airflow/.local/lib/python3.12/site-packages/airflow/example_dags/example_trigger_target_dag.py took 0.085 seconds
[2025-01-18T00:04:19.558+0000] {processor.py:186} INFO - Started process (PID=17916) to work on /home/airflow/.local/lib/python3.12/site-packages/airflow/example_dags/example_trigger_target_dag.py
[2025-01-18T00:04:19.559+0000] {processor.py:914} INFO - Processing file /home/airflow/.local/lib/python3.12/site-packages/airflow/example_dags/example_trigger_target_dag.py for tasks to queue
[2025-01-18T00:04:19.562+0000] {logging_mixin.py:190} INFO - [2025-01-18T00:04:19.561+0000] {dagbag.py:588} INFO - Filling up the DagBag from /home/airflow/.local/lib/python3.12/site-packages/airflow/example_dags/example_trigger_target_dag.py
[2025-01-18T00:04:19.571+0000] {processor.py:925} INFO - DAG(s) 'example_trigger_target_dag' retrieved from /home/airflow/.local/lib/python3.12/site-packages/airflow/example_dags/example_trigger_target_dag.py
[2025-01-18T00:04:19.595+0000] {logging_mixin.py:190} INFO - [2025-01-18T00:04:19.595+0000] {dag.py:3239} INFO - Sync 1 DAGs
[2025-01-18T00:04:19.613+0000] {logging_mixin.py:190} INFO - [2025-01-18T00:04:19.613+0000] {dag.py:4180} INFO - Setting next_dagrun for example_trigger_target_dag to None, run_after=None
[2025-01-18T00:04:19.640+0000] {processor.py:208} INFO - Processing /home/airflow/.local/lib/python3.12/site-packages/airflow/example_dags/example_trigger_target_dag.py took 0.089 seconds
[2025-01-18T00:04:50.609+0000] {processor.py:186} INFO - Started process (PID=17983) to work on /home/airflow/.local/lib/python3.12/site-packages/airflow/example_dags/example_trigger_target_dag.py
[2025-01-18T00:04:50.610+0000] {processor.py:914} INFO - Processing file /home/airflow/.local/lib/python3.12/site-packages/airflow/example_dags/example_trigger_target_dag.py for tasks to queue
[2025-01-18T00:04:50.612+0000] {logging_mixin.py:190} INFO - [2025-01-18T00:04:50.612+0000] {dagbag.py:588} INFO - Filling up the DagBag from /home/airflow/.local/lib/python3.12/site-packages/airflow/example_dags/example_trigger_target_dag.py
[2025-01-18T00:04:50.622+0000] {processor.py:925} INFO - DAG(s) 'example_trigger_target_dag' retrieved from /home/airflow/.local/lib/python3.12/site-packages/airflow/example_dags/example_trigger_target_dag.py
[2025-01-18T00:04:50.645+0000] {logging_mixin.py:190} INFO - [2025-01-18T00:04:50.645+0000] {dag.py:3239} INFO - Sync 1 DAGs
[2025-01-18T00:04:50.669+0000] {logging_mixin.py:190} INFO - [2025-01-18T00:04:50.668+0000] {dag.py:4180} INFO - Setting next_dagrun for example_trigger_target_dag to None, run_after=None
[2025-01-18T00:04:50.694+0000] {processor.py:208} INFO - Processing /home/airflow/.local/lib/python3.12/site-packages/airflow/example_dags/example_trigger_target_dag.py took 0.092 seconds
[2025-01-18T00:05:20.965+0000] {processor.py:186} INFO - Started process (PID=18050) to work on /home/airflow/.local/lib/python3.12/site-packages/airflow/example_dags/example_trigger_target_dag.py
[2025-01-18T00:05:20.968+0000] {processor.py:914} INFO - Processing file /home/airflow/.local/lib/python3.12/site-packages/airflow/example_dags/example_trigger_target_dag.py for tasks to queue
[2025-01-18T00:05:20.973+0000] {logging_mixin.py:190} INFO - [2025-01-18T00:05:20.973+0000] {dagbag.py:588} INFO - Filling up the DagBag from /home/airflow/.local/lib/python3.12/site-packages/airflow/example_dags/example_trigger_target_dag.py
[2025-01-18T00:05:20.984+0000] {processor.py:925} INFO - DAG(s) 'example_trigger_target_dag' retrieved from /home/airflow/.local/lib/python3.12/site-packages/airflow/example_dags/example_trigger_target_dag.py
[2025-01-18T00:05:21.025+0000] {logging_mixin.py:190} INFO - [2025-01-18T00:05:21.024+0000] {dag.py:3239} INFO - Sync 1 DAGs
[2025-01-18T00:05:21.059+0000] {logging_mixin.py:190} INFO - [2025-01-18T00:05:21.059+0000] {dag.py:4180} INFO - Setting next_dagrun for example_trigger_target_dag to None, run_after=None
[2025-01-18T00:05:21.103+0000] {processor.py:208} INFO - Processing /home/airflow/.local/lib/python3.12/site-packages/airflow/example_dags/example_trigger_target_dag.py took 0.146 seconds
[2025-01-18T00:05:51.542+0000] {processor.py:186} INFO - Started process (PID=18123) to work on /home/airflow/.local/lib/python3.12/site-packages/airflow/example_dags/example_trigger_target_dag.py
[2025-01-18T00:05:51.544+0000] {processor.py:914} INFO - Processing file /home/airflow/.local/lib/python3.12/site-packages/airflow/example_dags/example_trigger_target_dag.py for tasks to queue
[2025-01-18T00:05:51.548+0000] {logging_mixin.py:190} INFO - [2025-01-18T00:05:51.548+0000] {dagbag.py:588} INFO - Filling up the DagBag from /home/airflow/.local/lib/python3.12/site-packages/airflow/example_dags/example_trigger_target_dag.py
[2025-01-18T00:05:51.560+0000] {processor.py:925} INFO - DAG(s) 'example_trigger_target_dag' retrieved from /home/airflow/.local/lib/python3.12/site-packages/airflow/example_dags/example_trigger_target_dag.py
[2025-01-18T00:05:51.589+0000] {logging_mixin.py:190} INFO - [2025-01-18T00:05:51.588+0000] {dag.py:3239} INFO - Sync 1 DAGs
[2025-01-18T00:05:51.621+0000] {logging_mixin.py:190} INFO - [2025-01-18T00:05:51.620+0000] {dag.py:4180} INFO - Setting next_dagrun for example_trigger_target_dag to None, run_after=None
[2025-01-18T00:05:51.669+0000] {processor.py:208} INFO - Processing /home/airflow/.local/lib/python3.12/site-packages/airflow/example_dags/example_trigger_target_dag.py took 0.138 seconds
[2025-01-18T00:06:21.800+0000] {processor.py:186} INFO - Started process (PID=18191) to work on /home/airflow/.local/lib/python3.12/site-packages/airflow/example_dags/example_trigger_target_dag.py
[2025-01-18T00:06:21.801+0000] {processor.py:914} INFO - Processing file /home/airflow/.local/lib/python3.12/site-packages/airflow/example_dags/example_trigger_target_dag.py for tasks to queue
[2025-01-18T00:06:21.805+0000] {logging_mixin.py:190} INFO - [2025-01-18T00:06:21.805+0000] {dagbag.py:588} INFO - Filling up the DagBag from /home/airflow/.local/lib/python3.12/site-packages/airflow/example_dags/example_trigger_target_dag.py
[2025-01-18T00:06:21.813+0000] {processor.py:925} INFO - DAG(s) 'example_trigger_target_dag' retrieved from /home/airflow/.local/lib/python3.12/site-packages/airflow/example_dags/example_trigger_target_dag.py
[2025-01-18T00:06:21.835+0000] {logging_mixin.py:190} INFO - [2025-01-18T00:06:21.835+0000] {dag.py:3239} INFO - Sync 1 DAGs
[2025-01-18T00:06:21.850+0000] {logging_mixin.py:190} INFO - [2025-01-18T00:06:21.850+0000] {dag.py:4180} INFO - Setting next_dagrun for example_trigger_target_dag to None, run_after=None
[2025-01-18T00:06:21.869+0000] {processor.py:208} INFO - Processing /home/airflow/.local/lib/python3.12/site-packages/airflow/example_dags/example_trigger_target_dag.py took 0.076 seconds
[2025-01-18T00:06:52.151+0000] {processor.py:186} INFO - Started process (PID=18258) to work on /home/airflow/.local/lib/python3.12/site-packages/airflow/example_dags/example_trigger_target_dag.py
[2025-01-18T00:06:52.153+0000] {processor.py:914} INFO - Processing file /home/airflow/.local/lib/python3.12/site-packages/airflow/example_dags/example_trigger_target_dag.py for tasks to queue
[2025-01-18T00:06:52.155+0000] {logging_mixin.py:190} INFO - [2025-01-18T00:06:52.155+0000] {dagbag.py:588} INFO - Filling up the DagBag from /home/airflow/.local/lib/python3.12/site-packages/airflow/example_dags/example_trigger_target_dag.py
[2025-01-18T00:06:52.166+0000] {processor.py:925} INFO - DAG(s) 'example_trigger_target_dag' retrieved from /home/airflow/.local/lib/python3.12/site-packages/airflow/example_dags/example_trigger_target_dag.py
[2025-01-18T00:06:52.193+0000] {logging_mixin.py:190} INFO - [2025-01-18T00:06:52.192+0000] {dag.py:3239} INFO - Sync 1 DAGs
[2025-01-18T00:06:52.223+0000] {logging_mixin.py:190} INFO - [2025-01-18T00:06:52.223+0000] {dag.py:4180} INFO - Setting next_dagrun for example_trigger_target_dag to None, run_after=None
[2025-01-18T00:06:52.249+0000] {processor.py:208} INFO - Processing /home/airflow/.local/lib/python3.12/site-packages/airflow/example_dags/example_trigger_target_dag.py took 0.104 seconds
[2025-01-18T00:07:22.323+0000] {processor.py:186} INFO - Started process (PID=18325) to work on /home/airflow/.local/lib/python3.12/site-packages/airflow/example_dags/example_trigger_target_dag.py
[2025-01-18T00:07:22.326+0000] {processor.py:914} INFO - Processing file /home/airflow/.local/lib/python3.12/site-packages/airflow/example_dags/example_trigger_target_dag.py for tasks to queue
[2025-01-18T00:07:22.334+0000] {logging_mixin.py:190} INFO - [2025-01-18T00:07:22.334+0000] {dagbag.py:588} INFO - Filling up the DagBag from /home/airflow/.local/lib/python3.12/site-packages/airflow/example_dags/example_trigger_target_dag.py
[2025-01-18T00:07:22.348+0000] {processor.py:925} INFO - DAG(s) 'example_trigger_target_dag' retrieved from /home/airflow/.local/lib/python3.12/site-packages/airflow/example_dags/example_trigger_target_dag.py
[2025-01-18T00:07:22.380+0000] {logging_mixin.py:190} INFO - [2025-01-18T00:07:22.380+0000] {dag.py:3239} INFO - Sync 1 DAGs
[2025-01-18T00:07:22.402+0000] {logging_mixin.py:190} INFO - [2025-01-18T00:07:22.402+0000] {dag.py:4180} INFO - Setting next_dagrun for example_trigger_target_dag to None, run_after=None
[2025-01-18T00:07:22.430+0000] {processor.py:208} INFO - Processing /home/airflow/.local/lib/python3.12/site-packages/airflow/example_dags/example_trigger_target_dag.py took 0.115 seconds
[2025-01-18T00:07:52.584+0000] {processor.py:186} INFO - Started process (PID=18392) to work on /home/airflow/.local/lib/python3.12/site-packages/airflow/example_dags/example_trigger_target_dag.py
[2025-01-18T00:07:52.585+0000] {processor.py:914} INFO - Processing file /home/airflow/.local/lib/python3.12/site-packages/airflow/example_dags/example_trigger_target_dag.py for tasks to queue
[2025-01-18T00:07:52.587+0000] {logging_mixin.py:190} INFO - [2025-01-18T00:07:52.587+0000] {dagbag.py:588} INFO - Filling up the DagBag from /home/airflow/.local/lib/python3.12/site-packages/airflow/example_dags/example_trigger_target_dag.py
[2025-01-18T00:07:52.597+0000] {processor.py:925} INFO - DAG(s) 'example_trigger_target_dag' retrieved from /home/airflow/.local/lib/python3.12/site-packages/airflow/example_dags/example_trigger_target_dag.py
[2025-01-18T00:07:52.620+0000] {logging_mixin.py:190} INFO - [2025-01-18T00:07:52.619+0000] {dag.py:3239} INFO - Sync 1 DAGs
[2025-01-18T00:07:52.638+0000] {logging_mixin.py:190} INFO - [2025-01-18T00:07:52.638+0000] {dag.py:4180} INFO - Setting next_dagrun for example_trigger_target_dag to None, run_after=None
[2025-01-18T00:07:52.661+0000] {processor.py:208} INFO - Processing /home/airflow/.local/lib/python3.12/site-packages/airflow/example_dags/example_trigger_target_dag.py took 0.084 seconds
[2025-01-18T00:08:23.447+0000] {processor.py:186} INFO - Started process (PID=18459) to work on /home/airflow/.local/lib/python3.12/site-packages/airflow/example_dags/example_trigger_target_dag.py
[2025-01-18T00:08:23.448+0000] {processor.py:914} INFO - Processing file /home/airflow/.local/lib/python3.12/site-packages/airflow/example_dags/example_trigger_target_dag.py for tasks to queue
[2025-01-18T00:08:23.451+0000] {logging_mixin.py:190} INFO - [2025-01-18T00:08:23.450+0000] {dagbag.py:588} INFO - Filling up the DagBag from /home/airflow/.local/lib/python3.12/site-packages/airflow/example_dags/example_trigger_target_dag.py
[2025-01-18T00:08:23.458+0000] {processor.py:925} INFO - DAG(s) 'example_trigger_target_dag' retrieved from /home/airflow/.local/lib/python3.12/site-packages/airflow/example_dags/example_trigger_target_dag.py
[2025-01-18T00:08:23.476+0000] {logging_mixin.py:190} INFO - [2025-01-18T00:08:23.476+0000] {dag.py:3239} INFO - Sync 1 DAGs
[2025-01-18T00:08:23.491+0000] {logging_mixin.py:190} INFO - [2025-01-18T00:08:23.491+0000] {dag.py:4180} INFO - Setting next_dagrun for example_trigger_target_dag to None, run_after=None
[2025-01-18T00:08:23.509+0000] {processor.py:208} INFO - Processing /home/airflow/.local/lib/python3.12/site-packages/airflow/example_dags/example_trigger_target_dag.py took 0.068 seconds
[2025-01-18T00:08:53.616+0000] {processor.py:186} INFO - Started process (PID=18526) to work on /home/airflow/.local/lib/python3.12/site-packages/airflow/example_dags/example_trigger_target_dag.py
[2025-01-18T00:08:53.617+0000] {processor.py:914} INFO - Processing file /home/airflow/.local/lib/python3.12/site-packages/airflow/example_dags/example_trigger_target_dag.py for tasks to queue
[2025-01-18T00:08:53.620+0000] {logging_mixin.py:190} INFO - [2025-01-18T00:08:53.619+0000] {dagbag.py:588} INFO - Filling up the DagBag from /home/airflow/.local/lib/python3.12/site-packages/airflow/example_dags/example_trigger_target_dag.py
[2025-01-18T00:08:53.627+0000] {processor.py:925} INFO - DAG(s) 'example_trigger_target_dag' retrieved from /home/airflow/.local/lib/python3.12/site-packages/airflow/example_dags/example_trigger_target_dag.py
[2025-01-18T00:08:53.648+0000] {logging_mixin.py:190} INFO - [2025-01-18T00:08:53.648+0000] {dag.py:3239} INFO - Sync 1 DAGs
[2025-01-18T00:08:53.664+0000] {logging_mixin.py:190} INFO - [2025-01-18T00:08:53.664+0000] {dag.py:4180} INFO - Setting next_dagrun for example_trigger_target_dag to None, run_after=None
[2025-01-18T00:08:53.683+0000] {processor.py:208} INFO - Processing /home/airflow/.local/lib/python3.12/site-packages/airflow/example_dags/example_trigger_target_dag.py took 0.073 seconds
[2025-01-18T00:09:24.862+0000] {processor.py:186} INFO - Started process (PID=18594) to work on /home/airflow/.local/lib/python3.12/site-packages/airflow/example_dags/example_trigger_target_dag.py
[2025-01-18T00:09:24.863+0000] {processor.py:914} INFO - Processing file /home/airflow/.local/lib/python3.12/site-packages/airflow/example_dags/example_trigger_target_dag.py for tasks to queue
[2025-01-18T00:09:24.866+0000] {logging_mixin.py:190} INFO - [2025-01-18T00:09:24.866+0000] {dagbag.py:588} INFO - Filling up the DagBag from /home/airflow/.local/lib/python3.12/site-packages/airflow/example_dags/example_trigger_target_dag.py
[2025-01-18T00:09:24.874+0000] {processor.py:925} INFO - DAG(s) 'example_trigger_target_dag' retrieved from /home/airflow/.local/lib/python3.12/site-packages/airflow/example_dags/example_trigger_target_dag.py
[2025-01-18T00:09:24.895+0000] {logging_mixin.py:190} INFO - [2025-01-18T00:09:24.894+0000] {dag.py:3239} INFO - Sync 1 DAGs
[2025-01-18T00:09:24.913+0000] {logging_mixin.py:190} INFO - [2025-01-18T00:09:24.913+0000] {dag.py:4180} INFO - Setting next_dagrun for example_trigger_target_dag to None, run_after=None
[2025-01-18T00:09:24.935+0000] {processor.py:208} INFO - Processing /home/airflow/.local/lib/python3.12/site-packages/airflow/example_dags/example_trigger_target_dag.py took 0.079 seconds
[2025-01-18T00:09:55.301+0000] {processor.py:186} INFO - Started process (PID=18664) to work on /home/airflow/.local/lib/python3.12/site-packages/airflow/example_dags/example_trigger_target_dag.py
[2025-01-18T00:09:55.302+0000] {processor.py:914} INFO - Processing file /home/airflow/.local/lib/python3.12/site-packages/airflow/example_dags/example_trigger_target_dag.py for tasks to queue
[2025-01-18T00:09:55.304+0000] {logging_mixin.py:190} INFO - [2025-01-18T00:09:55.304+0000] {dagbag.py:588} INFO - Filling up the DagBag from /home/airflow/.local/lib/python3.12/site-packages/airflow/example_dags/example_trigger_target_dag.py
[2025-01-18T00:09:55.315+0000] {processor.py:925} INFO - DAG(s) 'example_trigger_target_dag' retrieved from /home/airflow/.local/lib/python3.12/site-packages/airflow/example_dags/example_trigger_target_dag.py
[2025-01-18T00:09:55.343+0000] {logging_mixin.py:190} INFO - [2025-01-18T00:09:55.342+0000] {dag.py:3239} INFO - Sync 1 DAGs
[2025-01-18T00:09:55.365+0000] {logging_mixin.py:190} INFO - [2025-01-18T00:09:55.365+0000] {dag.py:4180} INFO - Setting next_dagrun for example_trigger_target_dag to None, run_after=None
[2025-01-18T00:09:55.398+0000] {processor.py:208} INFO - Processing /home/airflow/.local/lib/python3.12/site-packages/airflow/example_dags/example_trigger_target_dag.py took 0.105 seconds
[2025-01-18T00:10:26.280+0000] {processor.py:186} INFO - Started process (PID=18731) to work on /home/airflow/.local/lib/python3.12/site-packages/airflow/example_dags/example_trigger_target_dag.py
[2025-01-18T00:10:26.281+0000] {processor.py:914} INFO - Processing file /home/airflow/.local/lib/python3.12/site-packages/airflow/example_dags/example_trigger_target_dag.py for tasks to queue
[2025-01-18T00:10:26.283+0000] {logging_mixin.py:190} INFO - [2025-01-18T00:10:26.283+0000] {dagbag.py:588} INFO - Filling up the DagBag from /home/airflow/.local/lib/python3.12/site-packages/airflow/example_dags/example_trigger_target_dag.py
[2025-01-18T00:10:26.294+0000] {processor.py:925} INFO - DAG(s) 'example_trigger_target_dag' retrieved from /home/airflow/.local/lib/python3.12/site-packages/airflow/example_dags/example_trigger_target_dag.py
[2025-01-18T00:10:26.320+0000] {logging_mixin.py:190} INFO - [2025-01-18T00:10:26.319+0000] {dag.py:3239} INFO - Sync 1 DAGs
[2025-01-18T00:10:26.339+0000] {logging_mixin.py:190} INFO - [2025-01-18T00:10:26.339+0000] {dag.py:4180} INFO - Setting next_dagrun for example_trigger_target_dag to None, run_after=None
[2025-01-18T00:10:26.364+0000] {processor.py:208} INFO - Processing /home/airflow/.local/lib/python3.12/site-packages/airflow/example_dags/example_trigger_target_dag.py took 0.092 seconds
[2025-01-18T00:10:56.540+0000] {processor.py:186} INFO - Started process (PID=18798) to work on /home/airflow/.local/lib/python3.12/site-packages/airflow/example_dags/example_trigger_target_dag.py
[2025-01-18T00:10:56.541+0000] {processor.py:914} INFO - Processing file /home/airflow/.local/lib/python3.12/site-packages/airflow/example_dags/example_trigger_target_dag.py for tasks to queue
[2025-01-18T00:10:56.545+0000] {logging_mixin.py:190} INFO - [2025-01-18T00:10:56.545+0000] {dagbag.py:588} INFO - Filling up the DagBag from /home/airflow/.local/lib/python3.12/site-packages/airflow/example_dags/example_trigger_target_dag.py
[2025-01-18T00:10:56.556+0000] {processor.py:925} INFO - DAG(s) 'example_trigger_target_dag' retrieved from /home/airflow/.local/lib/python3.12/site-packages/airflow/example_dags/example_trigger_target_dag.py
[2025-01-18T00:10:56.585+0000] {logging_mixin.py:190} INFO - [2025-01-18T00:10:56.584+0000] {dag.py:3239} INFO - Sync 1 DAGs
[2025-01-18T00:10:56.608+0000] {logging_mixin.py:190} INFO - [2025-01-18T00:10:56.607+0000] {dag.py:4180} INFO - Setting next_dagrun for example_trigger_target_dag to None, run_after=None
[2025-01-18T00:10:56.632+0000] {processor.py:208} INFO - Processing /home/airflow/.local/lib/python3.12/site-packages/airflow/example_dags/example_trigger_target_dag.py took 0.101 seconds
[2025-01-18T00:11:27.131+0000] {processor.py:186} INFO - Started process (PID=18865) to work on /home/airflow/.local/lib/python3.12/site-packages/airflow/example_dags/example_trigger_target_dag.py
[2025-01-18T00:11:27.133+0000] {processor.py:914} INFO - Processing file /home/airflow/.local/lib/python3.12/site-packages/airflow/example_dags/example_trigger_target_dag.py for tasks to queue
[2025-01-18T00:11:27.135+0000] {logging_mixin.py:190} INFO - [2025-01-18T00:11:27.135+0000] {dagbag.py:588} INFO - Filling up the DagBag from /home/airflow/.local/lib/python3.12/site-packages/airflow/example_dags/example_trigger_target_dag.py
[2025-01-18T00:11:27.145+0000] {processor.py:925} INFO - DAG(s) 'example_trigger_target_dag' retrieved from /home/airflow/.local/lib/python3.12/site-packages/airflow/example_dags/example_trigger_target_dag.py
[2025-01-18T00:11:27.172+0000] {logging_mixin.py:190} INFO - [2025-01-18T00:11:27.172+0000] {dag.py:3239} INFO - Sync 1 DAGs
[2025-01-18T00:11:27.191+0000] {logging_mixin.py:190} INFO - [2025-01-18T00:11:27.191+0000] {dag.py:4180} INFO - Setting next_dagrun for example_trigger_target_dag to None, run_after=None
[2025-01-18T00:11:27.218+0000] {processor.py:208} INFO - Processing /home/airflow/.local/lib/python3.12/site-packages/airflow/example_dags/example_trigger_target_dag.py took 0.094 seconds
[2025-01-18T00:11:57.314+0000] {processor.py:186} INFO - Started process (PID=18933) to work on /home/airflow/.local/lib/python3.12/site-packages/airflow/example_dags/example_trigger_target_dag.py
[2025-01-18T00:11:57.315+0000] {processor.py:914} INFO - Processing file /home/airflow/.local/lib/python3.12/site-packages/airflow/example_dags/example_trigger_target_dag.py for tasks to queue
[2025-01-18T00:11:57.318+0000] {logging_mixin.py:190} INFO - [2025-01-18T00:11:57.317+0000] {dagbag.py:588} INFO - Filling up the DagBag from /home/airflow/.local/lib/python3.12/site-packages/airflow/example_dags/example_trigger_target_dag.py
[2025-01-18T00:11:57.329+0000] {processor.py:925} INFO - DAG(s) 'example_trigger_target_dag' retrieved from /home/airflow/.local/lib/python3.12/site-packages/airflow/example_dags/example_trigger_target_dag.py
[2025-01-18T00:11:57.354+0000] {logging_mixin.py:190} INFO - [2025-01-18T00:11:57.354+0000] {dag.py:3239} INFO - Sync 1 DAGs
[2025-01-18T00:11:57.374+0000] {logging_mixin.py:190} INFO - [2025-01-18T00:11:57.374+0000] {dag.py:4180} INFO - Setting next_dagrun for example_trigger_target_dag to None, run_after=None
[2025-01-18T00:11:57.400+0000] {processor.py:208} INFO - Processing /home/airflow/.local/lib/python3.12/site-packages/airflow/example_dags/example_trigger_target_dag.py took 0.092 seconds
[2025-01-18T00:12:28.482+0000] {processor.py:186} INFO - Started process (PID=18996) to work on /home/airflow/.local/lib/python3.12/site-packages/airflow/example_dags/example_trigger_target_dag.py
[2025-01-18T00:12:28.483+0000] {processor.py:914} INFO - Processing file /home/airflow/.local/lib/python3.12/site-packages/airflow/example_dags/example_trigger_target_dag.py for tasks to queue
[2025-01-18T00:12:28.486+0000] {logging_mixin.py:190} INFO - [2025-01-18T00:12:28.486+0000] {dagbag.py:588} INFO - Filling up the DagBag from /home/airflow/.local/lib/python3.12/site-packages/airflow/example_dags/example_trigger_target_dag.py
[2025-01-18T00:12:28.495+0000] {processor.py:925} INFO - DAG(s) 'example_trigger_target_dag' retrieved from /home/airflow/.local/lib/python3.12/site-packages/airflow/example_dags/example_trigger_target_dag.py
[2025-01-18T00:12:28.517+0000] {logging_mixin.py:190} INFO - [2025-01-18T00:12:28.517+0000] {dag.py:3239} INFO - Sync 1 DAGs
[2025-01-18T00:12:28.534+0000] {logging_mixin.py:190} INFO - [2025-01-18T00:12:28.534+0000] {dag.py:4180} INFO - Setting next_dagrun for example_trigger_target_dag to None, run_after=None
[2025-01-18T00:12:28.558+0000] {processor.py:208} INFO - Processing /home/airflow/.local/lib/python3.12/site-packages/airflow/example_dags/example_trigger_target_dag.py took 0.084 seconds
[2025-01-18T00:12:59.377+0000] {processor.py:186} INFO - Started process (PID=19063) to work on /home/airflow/.local/lib/python3.12/site-packages/airflow/example_dags/example_trigger_target_dag.py
[2025-01-18T00:12:59.378+0000] {processor.py:914} INFO - Processing file /home/airflow/.local/lib/python3.12/site-packages/airflow/example_dags/example_trigger_target_dag.py for tasks to queue
[2025-01-18T00:12:59.381+0000] {logging_mixin.py:190} INFO - [2025-01-18T00:12:59.381+0000] {dagbag.py:588} INFO - Filling up the DagBag from /home/airflow/.local/lib/python3.12/site-packages/airflow/example_dags/example_trigger_target_dag.py
[2025-01-18T00:12:59.392+0000] {processor.py:925} INFO - DAG(s) 'example_trigger_target_dag' retrieved from /home/airflow/.local/lib/python3.12/site-packages/airflow/example_dags/example_trigger_target_dag.py
[2025-01-18T00:12:59.423+0000] {logging_mixin.py:190} INFO - [2025-01-18T00:12:59.423+0000] {dag.py:3239} INFO - Sync 1 DAGs
[2025-01-18T00:12:59.450+0000] {logging_mixin.py:190} INFO - [2025-01-18T00:12:59.450+0000] {dag.py:4180} INFO - Setting next_dagrun for example_trigger_target_dag to None, run_after=None
[2025-01-18T00:12:59.489+0000] {processor.py:208} INFO - Processing /home/airflow/.local/lib/python3.12/site-packages/airflow/example_dags/example_trigger_target_dag.py took 0.121 seconds
[2025-01-18T00:13:29.842+0000] {processor.py:186} INFO - Started process (PID=19129) to work on /home/airflow/.local/lib/python3.12/site-packages/airflow/example_dags/example_trigger_target_dag.py
[2025-01-18T00:13:29.844+0000] {processor.py:914} INFO - Processing file /home/airflow/.local/lib/python3.12/site-packages/airflow/example_dags/example_trigger_target_dag.py for tasks to queue
[2025-01-18T00:13:29.846+0000] {logging_mixin.py:190} INFO - [2025-01-18T00:13:29.846+0000] {dagbag.py:588} INFO - Filling up the DagBag from /home/airflow/.local/lib/python3.12/site-packages/airflow/example_dags/example_trigger_target_dag.py
[2025-01-18T00:13:29.857+0000] {processor.py:925} INFO - DAG(s) 'example_trigger_target_dag' retrieved from /home/airflow/.local/lib/python3.12/site-packages/airflow/example_dags/example_trigger_target_dag.py
[2025-01-18T00:13:29.882+0000] {logging_mixin.py:190} INFO - [2025-01-18T00:13:29.881+0000] {dag.py:3239} INFO - Sync 1 DAGs
[2025-01-18T00:13:29.903+0000] {logging_mixin.py:190} INFO - [2025-01-18T00:13:29.902+0000] {dag.py:4180} INFO - Setting next_dagrun for example_trigger_target_dag to None, run_after=None
[2025-01-18T00:13:29.928+0000] {processor.py:208} INFO - Processing /home/airflow/.local/lib/python3.12/site-packages/airflow/example_dags/example_trigger_target_dag.py took 0.093 seconds
[2025-01-18T00:14:00.163+0000] {processor.py:186} INFO - Started process (PID=19201) to work on /home/airflow/.local/lib/python3.12/site-packages/airflow/example_dags/example_trigger_target_dag.py
[2025-01-18T00:14:00.164+0000] {processor.py:914} INFO - Processing file /home/airflow/.local/lib/python3.12/site-packages/airflow/example_dags/example_trigger_target_dag.py for tasks to queue
[2025-01-18T00:14:00.167+0000] {logging_mixin.py:190} INFO - [2025-01-18T00:14:00.166+0000] {dagbag.py:588} INFO - Filling up the DagBag from /home/airflow/.local/lib/python3.12/site-packages/airflow/example_dags/example_trigger_target_dag.py
[2025-01-18T00:14:00.177+0000] {processor.py:925} INFO - DAG(s) 'example_trigger_target_dag' retrieved from /home/airflow/.local/lib/python3.12/site-packages/airflow/example_dags/example_trigger_target_dag.py
[2025-01-18T00:14:00.200+0000] {logging_mixin.py:190} INFO - [2025-01-18T00:14:00.200+0000] {dag.py:3239} INFO - Sync 1 DAGs
[2025-01-18T00:14:00.218+0000] {logging_mixin.py:190} INFO - [2025-01-18T00:14:00.218+0000] {dag.py:4180} INFO - Setting next_dagrun for example_trigger_target_dag to None, run_after=None
[2025-01-18T00:14:00.241+0000] {processor.py:208} INFO - Processing /home/airflow/.local/lib/python3.12/site-packages/airflow/example_dags/example_trigger_target_dag.py took 0.083 seconds
[2025-01-18T00:14:31.176+0000] {processor.py:186} INFO - Started process (PID=19269) to work on /home/airflow/.local/lib/python3.12/site-packages/airflow/example_dags/example_trigger_target_dag.py
[2025-01-18T00:14:31.177+0000] {processor.py:914} INFO - Processing file /home/airflow/.local/lib/python3.12/site-packages/airflow/example_dags/example_trigger_target_dag.py for tasks to queue
[2025-01-18T00:14:31.179+0000] {logging_mixin.py:190} INFO - [2025-01-18T00:14:31.179+0000] {dagbag.py:588} INFO - Filling up the DagBag from /home/airflow/.local/lib/python3.12/site-packages/airflow/example_dags/example_trigger_target_dag.py
[2025-01-18T00:14:31.189+0000] {processor.py:925} INFO - DAG(s) 'example_trigger_target_dag' retrieved from /home/airflow/.local/lib/python3.12/site-packages/airflow/example_dags/example_trigger_target_dag.py
[2025-01-18T00:14:31.213+0000] {logging_mixin.py:190} INFO - [2025-01-18T00:14:31.213+0000] {dag.py:3239} INFO - Sync 1 DAGs
[2025-01-18T00:14:31.232+0000] {logging_mixin.py:190} INFO - [2025-01-18T00:14:31.231+0000] {dag.py:4180} INFO - Setting next_dagrun for example_trigger_target_dag to None, run_after=None
[2025-01-18T00:14:31.255+0000] {processor.py:208} INFO - Processing /home/airflow/.local/lib/python3.12/site-packages/airflow/example_dags/example_trigger_target_dag.py took 0.086 seconds
[2025-01-18T00:15:01.441+0000] {processor.py:186} INFO - Started process (PID=19336) to work on /home/airflow/.local/lib/python3.12/site-packages/airflow/example_dags/example_trigger_target_dag.py
[2025-01-18T00:15:01.442+0000] {processor.py:914} INFO - Processing file /home/airflow/.local/lib/python3.12/site-packages/airflow/example_dags/example_trigger_target_dag.py for tasks to queue
[2025-01-18T00:15:01.444+0000] {logging_mixin.py:190} INFO - [2025-01-18T00:15:01.444+0000] {dagbag.py:588} INFO - Filling up the DagBag from /home/airflow/.local/lib/python3.12/site-packages/airflow/example_dags/example_trigger_target_dag.py
[2025-01-18T00:15:01.453+0000] {processor.py:925} INFO - DAG(s) 'example_trigger_target_dag' retrieved from /home/airflow/.local/lib/python3.12/site-packages/airflow/example_dags/example_trigger_target_dag.py
[2025-01-18T00:15:01.475+0000] {logging_mixin.py:190} INFO - [2025-01-18T00:15:01.475+0000] {dag.py:3239} INFO - Sync 1 DAGs
[2025-01-18T00:15:01.491+0000] {logging_mixin.py:190} INFO - [2025-01-18T00:15:01.490+0000] {dag.py:4180} INFO - Setting next_dagrun for example_trigger_target_dag to None, run_after=None
[2025-01-18T00:15:01.512+0000] {processor.py:208} INFO - Processing /home/airflow/.local/lib/python3.12/site-packages/airflow/example_dags/example_trigger_target_dag.py took 0.076 seconds
[2025-01-18T00:15:31.610+0000] {processor.py:186} INFO - Started process (PID=19403) to work on /home/airflow/.local/lib/python3.12/site-packages/airflow/example_dags/example_trigger_target_dag.py
[2025-01-18T00:15:31.611+0000] {processor.py:914} INFO - Processing file /home/airflow/.local/lib/python3.12/site-packages/airflow/example_dags/example_trigger_target_dag.py for tasks to queue
[2025-01-18T00:15:31.613+0000] {logging_mixin.py:190} INFO - [2025-01-18T00:15:31.613+0000] {dagbag.py:588} INFO - Filling up the DagBag from /home/airflow/.local/lib/python3.12/site-packages/airflow/example_dags/example_trigger_target_dag.py
[2025-01-18T00:15:31.622+0000] {processor.py:925} INFO - DAG(s) 'example_trigger_target_dag' retrieved from /home/airflow/.local/lib/python3.12/site-packages/airflow/example_dags/example_trigger_target_dag.py
[2025-01-18T00:15:31.647+0000] {logging_mixin.py:190} INFO - [2025-01-18T00:15:31.647+0000] {dag.py:3239} INFO - Sync 1 DAGs
[2025-01-18T00:15:31.665+0000] {logging_mixin.py:190} INFO - [2025-01-18T00:15:31.664+0000] {dag.py:4180} INFO - Setting next_dagrun for example_trigger_target_dag to None, run_after=None
[2025-01-18T00:15:31.692+0000] {processor.py:208} INFO - Processing /home/airflow/.local/lib/python3.12/site-packages/airflow/example_dags/example_trigger_target_dag.py took 0.089 seconds
[2025-01-18T00:16:02.264+0000] {processor.py:186} INFO - Started process (PID=19470) to work on /home/airflow/.local/lib/python3.12/site-packages/airflow/example_dags/example_trigger_target_dag.py
[2025-01-18T00:16:02.265+0000] {processor.py:914} INFO - Processing file /home/airflow/.local/lib/python3.12/site-packages/airflow/example_dags/example_trigger_target_dag.py for tasks to queue
[2025-01-18T00:16:02.268+0000] {logging_mixin.py:190} INFO - [2025-01-18T00:16:02.267+0000] {dagbag.py:588} INFO - Filling up the DagBag from /home/airflow/.local/lib/python3.12/site-packages/airflow/example_dags/example_trigger_target_dag.py
[2025-01-18T00:16:02.276+0000] {processor.py:925} INFO - DAG(s) 'example_trigger_target_dag' retrieved from /home/airflow/.local/lib/python3.12/site-packages/airflow/example_dags/example_trigger_target_dag.py
[2025-01-18T00:16:02.297+0000] {logging_mixin.py:190} INFO - [2025-01-18T00:16:02.297+0000] {dag.py:3239} INFO - Sync 1 DAGs
[2025-01-18T00:16:02.315+0000] {logging_mixin.py:190} INFO - [2025-01-18T00:16:02.315+0000] {dag.py:4180} INFO - Setting next_dagrun for example_trigger_target_dag to None, run_after=None
[2025-01-18T00:16:02.338+0000] {processor.py:208} INFO - Processing /home/airflow/.local/lib/python3.12/site-packages/airflow/example_dags/example_trigger_target_dag.py took 0.080 seconds
[2025-01-18T00:16:33.235+0000] {processor.py:186} INFO - Started process (PID=19537) to work on /home/airflow/.local/lib/python3.12/site-packages/airflow/example_dags/example_trigger_target_dag.py
[2025-01-18T00:16:33.237+0000] {processor.py:914} INFO - Processing file /home/airflow/.local/lib/python3.12/site-packages/airflow/example_dags/example_trigger_target_dag.py for tasks to queue
[2025-01-18T00:16:33.239+0000] {logging_mixin.py:190} INFO - [2025-01-18T00:16:33.239+0000] {dagbag.py:588} INFO - Filling up the DagBag from /home/airflow/.local/lib/python3.12/site-packages/airflow/example_dags/example_trigger_target_dag.py
[2025-01-18T00:16:33.250+0000] {processor.py:925} INFO - DAG(s) 'example_trigger_target_dag' retrieved from /home/airflow/.local/lib/python3.12/site-packages/airflow/example_dags/example_trigger_target_dag.py
[2025-01-18T00:16:33.276+0000] {logging_mixin.py:190} INFO - [2025-01-18T00:16:33.276+0000] {dag.py:3239} INFO - Sync 1 DAGs
[2025-01-18T00:16:33.299+0000] {logging_mixin.py:190} INFO - [2025-01-18T00:16:33.299+0000] {dag.py:4180} INFO - Setting next_dagrun for example_trigger_target_dag to None, run_after=None
[2025-01-18T00:16:33.328+0000] {processor.py:208} INFO - Processing /home/airflow/.local/lib/python3.12/site-packages/airflow/example_dags/example_trigger_target_dag.py took 0.100 seconds
[2025-01-18T00:17:04.730+0000] {processor.py:186} INFO - Started process (PID=19602) to work on /home/airflow/.local/lib/python3.12/site-packages/airflow/example_dags/example_trigger_target_dag.py
[2025-01-18T00:17:04.731+0000] {processor.py:914} INFO - Processing file /home/airflow/.local/lib/python3.12/site-packages/airflow/example_dags/example_trigger_target_dag.py for tasks to queue
[2025-01-18T00:17:04.733+0000] {logging_mixin.py:190} INFO - [2025-01-18T00:17:04.732+0000] {dagbag.py:588} INFO - Filling up the DagBag from /home/airflow/.local/lib/python3.12/site-packages/airflow/example_dags/example_trigger_target_dag.py
[2025-01-18T00:17:04.740+0000] {processor.py:925} INFO - DAG(s) 'example_trigger_target_dag' retrieved from /home/airflow/.local/lib/python3.12/site-packages/airflow/example_dags/example_trigger_target_dag.py
[2025-01-18T00:17:04.763+0000] {logging_mixin.py:190} INFO - [2025-01-18T00:17:04.763+0000] {dag.py:3239} INFO - Sync 1 DAGs
[2025-01-18T00:17:04.778+0000] {logging_mixin.py:190} INFO - [2025-01-18T00:17:04.778+0000] {dag.py:4180} INFO - Setting next_dagrun for example_trigger_target_dag to None, run_after=None
[2025-01-18T00:17:04.801+0000] {processor.py:208} INFO - Processing /home/airflow/.local/lib/python3.12/site-packages/airflow/example_dags/example_trigger_target_dag.py took 0.077 seconds
[2025-01-18T00:17:35.553+0000] {processor.py:186} INFO - Started process (PID=19669) to work on /home/airflow/.local/lib/python3.12/site-packages/airflow/example_dags/example_trigger_target_dag.py
[2025-01-18T00:17:35.554+0000] {processor.py:914} INFO - Processing file /home/airflow/.local/lib/python3.12/site-packages/airflow/example_dags/example_trigger_target_dag.py for tasks to queue
[2025-01-18T00:17:35.557+0000] {logging_mixin.py:190} INFO - [2025-01-18T00:17:35.556+0000] {dagbag.py:588} INFO - Filling up the DagBag from /home/airflow/.local/lib/python3.12/site-packages/airflow/example_dags/example_trigger_target_dag.py
[2025-01-18T00:17:35.566+0000] {processor.py:925} INFO - DAG(s) 'example_trigger_target_dag' retrieved from /home/airflow/.local/lib/python3.12/site-packages/airflow/example_dags/example_trigger_target_dag.py
[2025-01-18T00:17:35.589+0000] {logging_mixin.py:190} INFO - [2025-01-18T00:17:35.588+0000] {dag.py:3239} INFO - Sync 1 DAGs
[2025-01-18T00:17:35.608+0000] {logging_mixin.py:190} INFO - [2025-01-18T00:17:35.607+0000] {dag.py:4180} INFO - Setting next_dagrun for example_trigger_target_dag to None, run_after=None
[2025-01-18T00:17:35.634+0000] {processor.py:208} INFO - Processing /home/airflow/.local/lib/python3.12/site-packages/airflow/example_dags/example_trigger_target_dag.py took 0.087 seconds
[2025-01-18T00:18:06.325+0000] {processor.py:186} INFO - Started process (PID=19743) to work on /home/airflow/.local/lib/python3.12/site-packages/airflow/example_dags/example_trigger_target_dag.py
[2025-01-18T00:18:06.326+0000] {processor.py:914} INFO - Processing file /home/airflow/.local/lib/python3.12/site-packages/airflow/example_dags/example_trigger_target_dag.py for tasks to queue
[2025-01-18T00:18:06.329+0000] {logging_mixin.py:190} INFO - [2025-01-18T00:18:06.328+0000] {dagbag.py:588} INFO - Filling up the DagBag from /home/airflow/.local/lib/python3.12/site-packages/airflow/example_dags/example_trigger_target_dag.py
[2025-01-18T00:18:06.337+0000] {processor.py:925} INFO - DAG(s) 'example_trigger_target_dag' retrieved from /home/airflow/.local/lib/python3.12/site-packages/airflow/example_dags/example_trigger_target_dag.py
[2025-01-18T00:18:06.363+0000] {logging_mixin.py:190} INFO - [2025-01-18T00:18:06.363+0000] {dag.py:3239} INFO - Sync 1 DAGs
[2025-01-18T00:18:06.391+0000] {logging_mixin.py:190} INFO - [2025-01-18T00:18:06.391+0000] {dag.py:4180} INFO - Setting next_dagrun for example_trigger_target_dag to None, run_after=None
[2025-01-18T00:18:06.428+0000] {processor.py:208} INFO - Processing /home/airflow/.local/lib/python3.12/site-packages/airflow/example_dags/example_trigger_target_dag.py took 0.108 seconds
[2025-01-18T00:18:37.194+0000] {processor.py:186} INFO - Started process (PID=19809) to work on /home/airflow/.local/lib/python3.12/site-packages/airflow/example_dags/example_trigger_target_dag.py
[2025-01-18T00:18:37.195+0000] {processor.py:914} INFO - Processing file /home/airflow/.local/lib/python3.12/site-packages/airflow/example_dags/example_trigger_target_dag.py for tasks to queue
[2025-01-18T00:18:37.199+0000] {logging_mixin.py:190} INFO - [2025-01-18T00:18:37.199+0000] {dagbag.py:588} INFO - Filling up the DagBag from /home/airflow/.local/lib/python3.12/site-packages/airflow/example_dags/example_trigger_target_dag.py
[2025-01-18T00:18:37.209+0000] {processor.py:925} INFO - DAG(s) 'example_trigger_target_dag' retrieved from /home/airflow/.local/lib/python3.12/site-packages/airflow/example_dags/example_trigger_target_dag.py
[2025-01-18T00:18:37.457+0000] {logging_mixin.py:190} INFO - [2025-01-18T00:18:37.456+0000] {dag.py:3239} INFO - Sync 1 DAGs
[2025-01-18T00:18:37.470+0000] {logging_mixin.py:190} INFO - [2025-01-18T00:18:37.470+0000] {dag.py:4180} INFO - Setting next_dagrun for example_trigger_target_dag to None, run_after=None
[2025-01-18T00:18:37.491+0000] {processor.py:208} INFO - Processing /home/airflow/.local/lib/python3.12/site-packages/airflow/example_dags/example_trigger_target_dag.py took 0.310 seconds
[2025-01-18T00:19:07.677+0000] {processor.py:186} INFO - Started process (PID=19876) to work on /home/airflow/.local/lib/python3.12/site-packages/airflow/example_dags/example_trigger_target_dag.py
[2025-01-18T00:19:07.678+0000] {processor.py:914} INFO - Processing file /home/airflow/.local/lib/python3.12/site-packages/airflow/example_dags/example_trigger_target_dag.py for tasks to queue
[2025-01-18T00:19:07.681+0000] {logging_mixin.py:190} INFO - [2025-01-18T00:19:07.681+0000] {dagbag.py:588} INFO - Filling up the DagBag from /home/airflow/.local/lib/python3.12/site-packages/airflow/example_dags/example_trigger_target_dag.py
[2025-01-18T00:19:07.690+0000] {processor.py:925} INFO - DAG(s) 'example_trigger_target_dag' retrieved from /home/airflow/.local/lib/python3.12/site-packages/airflow/example_dags/example_trigger_target_dag.py
[2025-01-18T00:19:07.712+0000] {logging_mixin.py:190} INFO - [2025-01-18T00:19:07.712+0000] {dag.py:3239} INFO - Sync 1 DAGs
[2025-01-18T00:19:07.728+0000] {logging_mixin.py:190} INFO - [2025-01-18T00:19:07.728+0000] {dag.py:4180} INFO - Setting next_dagrun for example_trigger_target_dag to None, run_after=None
[2025-01-18T00:19:07.747+0000] {processor.py:208} INFO - Processing /home/airflow/.local/lib/python3.12/site-packages/airflow/example_dags/example_trigger_target_dag.py took 0.076 seconds
[2025-01-18T00:19:38.172+0000] {processor.py:186} INFO - Started process (PID=19943) to work on /home/airflow/.local/lib/python3.12/site-packages/airflow/example_dags/example_trigger_target_dag.py
[2025-01-18T00:19:38.175+0000] {processor.py:914} INFO - Processing file /home/airflow/.local/lib/python3.12/site-packages/airflow/example_dags/example_trigger_target_dag.py for tasks to queue
[2025-01-18T00:19:38.178+0000] {logging_mixin.py:190} INFO - [2025-01-18T00:19:38.178+0000] {dagbag.py:588} INFO - Filling up the DagBag from /home/airflow/.local/lib/python3.12/site-packages/airflow/example_dags/example_trigger_target_dag.py
[2025-01-18T00:19:38.187+0000] {processor.py:925} INFO - DAG(s) 'example_trigger_target_dag' retrieved from /home/airflow/.local/lib/python3.12/site-packages/airflow/example_dags/example_trigger_target_dag.py
[2025-01-18T00:19:38.210+0000] {logging_mixin.py:190} INFO - [2025-01-18T00:19:38.209+0000] {dag.py:3239} INFO - Sync 1 DAGs
[2025-01-18T00:19:38.227+0000] {logging_mixin.py:190} INFO - [2025-01-18T00:19:38.226+0000] {dag.py:4180} INFO - Setting next_dagrun for example_trigger_target_dag to None, run_after=None
[2025-01-18T00:19:38.248+0000] {processor.py:208} INFO - Processing /home/airflow/.local/lib/python3.12/site-packages/airflow/example_dags/example_trigger_target_dag.py took 0.087 seconds
[2025-01-18T00:20:08.784+0000] {processor.py:186} INFO - Started process (PID=20010) to work on /home/airflow/.local/lib/python3.12/site-packages/airflow/example_dags/example_trigger_target_dag.py
[2025-01-18T00:20:08.785+0000] {processor.py:914} INFO - Processing file /home/airflow/.local/lib/python3.12/site-packages/airflow/example_dags/example_trigger_target_dag.py for tasks to queue
[2025-01-18T00:20:08.787+0000] {logging_mixin.py:190} INFO - [2025-01-18T00:20:08.787+0000] {dagbag.py:588} INFO - Filling up the DagBag from /home/airflow/.local/lib/python3.12/site-packages/airflow/example_dags/example_trigger_target_dag.py
[2025-01-18T00:20:08.798+0000] {processor.py:925} INFO - DAG(s) 'example_trigger_target_dag' retrieved from /home/airflow/.local/lib/python3.12/site-packages/airflow/example_dags/example_trigger_target_dag.py
[2025-01-18T00:20:08.821+0000] {logging_mixin.py:190} INFO - [2025-01-18T00:20:08.820+0000] {dag.py:3239} INFO - Sync 1 DAGs
[2025-01-18T00:20:08.837+0000] {logging_mixin.py:190} INFO - [2025-01-18T00:20:08.837+0000] {dag.py:4180} INFO - Setting next_dagrun for example_trigger_target_dag to None, run_after=None
[2025-01-18T00:20:08.862+0000] {processor.py:208} INFO - Processing /home/airflow/.local/lib/python3.12/site-packages/airflow/example_dags/example_trigger_target_dag.py took 0.085 seconds
[2025-01-18T00:20:39.134+0000] {processor.py:186} INFO - Started process (PID=20077) to work on /home/airflow/.local/lib/python3.12/site-packages/airflow/example_dags/example_trigger_target_dag.py
[2025-01-18T00:20:39.135+0000] {processor.py:914} INFO - Processing file /home/airflow/.local/lib/python3.12/site-packages/airflow/example_dags/example_trigger_target_dag.py for tasks to queue
[2025-01-18T00:20:39.138+0000] {logging_mixin.py:190} INFO - [2025-01-18T00:20:39.137+0000] {dagbag.py:588} INFO - Filling up the DagBag from /home/airflow/.local/lib/python3.12/site-packages/airflow/example_dags/example_trigger_target_dag.py
[2025-01-18T00:20:39.146+0000] {processor.py:925} INFO - DAG(s) 'example_trigger_target_dag' retrieved from /home/airflow/.local/lib/python3.12/site-packages/airflow/example_dags/example_trigger_target_dag.py
[2025-01-18T00:20:39.170+0000] {logging_mixin.py:190} INFO - [2025-01-18T00:20:39.169+0000] {dag.py:3239} INFO - Sync 1 DAGs
[2025-01-18T00:20:39.189+0000] {logging_mixin.py:190} INFO - [2025-01-18T00:20:39.189+0000] {dag.py:4180} INFO - Setting next_dagrun for example_trigger_target_dag to None, run_after=None
[2025-01-18T00:20:39.220+0000] {processor.py:208} INFO - Processing /home/airflow/.local/lib/python3.12/site-packages/airflow/example_dags/example_trigger_target_dag.py took 0.093 seconds
[2025-01-18T00:21:09.589+0000] {processor.py:186} INFO - Started process (PID=20144) to work on /home/airflow/.local/lib/python3.12/site-packages/airflow/example_dags/example_trigger_target_dag.py
[2025-01-18T00:21:09.590+0000] {processor.py:914} INFO - Processing file /home/airflow/.local/lib/python3.12/site-packages/airflow/example_dags/example_trigger_target_dag.py for tasks to queue
[2025-01-18T00:21:09.592+0000] {logging_mixin.py:190} INFO - [2025-01-18T00:21:09.592+0000] {dagbag.py:588} INFO - Filling up the DagBag from /home/airflow/.local/lib/python3.12/site-packages/airflow/example_dags/example_trigger_target_dag.py
[2025-01-18T00:21:09.601+0000] {processor.py:925} INFO - DAG(s) 'example_trigger_target_dag' retrieved from /home/airflow/.local/lib/python3.12/site-packages/airflow/example_dags/example_trigger_target_dag.py
[2025-01-18T00:21:09.631+0000] {logging_mixin.py:190} INFO - [2025-01-18T00:21:09.630+0000] {dag.py:3239} INFO - Sync 1 DAGs
[2025-01-18T00:21:09.676+0000] {logging_mixin.py:190} INFO - [2025-01-18T00:21:09.675+0000] {dag.py:4180} INFO - Setting next_dagrun for example_trigger_target_dag to None, run_after=None
[2025-01-18T00:21:09.745+0000] {processor.py:208} INFO - Processing /home/airflow/.local/lib/python3.12/site-packages/airflow/example_dags/example_trigger_target_dag.py took 0.163 seconds
[2025-01-18T00:21:40.046+0000] {processor.py:186} INFO - Started process (PID=20211) to work on /home/airflow/.local/lib/python3.12/site-packages/airflow/example_dags/example_trigger_target_dag.py
[2025-01-18T00:21:40.048+0000] {processor.py:914} INFO - Processing file /home/airflow/.local/lib/python3.12/site-packages/airflow/example_dags/example_trigger_target_dag.py for tasks to queue
[2025-01-18T00:21:40.050+0000] {logging_mixin.py:190} INFO - [2025-01-18T00:21:40.049+0000] {dagbag.py:588} INFO - Filling up the DagBag from /home/airflow/.local/lib/python3.12/site-packages/airflow/example_dags/example_trigger_target_dag.py
[2025-01-18T00:21:40.057+0000] {processor.py:925} INFO - DAG(s) 'example_trigger_target_dag' retrieved from /home/airflow/.local/lib/python3.12/site-packages/airflow/example_dags/example_trigger_target_dag.py
[2025-01-18T00:21:40.079+0000] {logging_mixin.py:190} INFO - [2025-01-18T00:21:40.078+0000] {dag.py:3239} INFO - Sync 1 DAGs
[2025-01-18T00:21:40.093+0000] {logging_mixin.py:190} INFO - [2025-01-18T00:21:40.093+0000] {dag.py:4180} INFO - Setting next_dagrun for example_trigger_target_dag to None, run_after=None
[2025-01-18T00:21:40.115+0000] {processor.py:208} INFO - Processing /home/airflow/.local/lib/python3.12/site-packages/airflow/example_dags/example_trigger_target_dag.py took 0.075 seconds
[2025-01-18T00:22:10.492+0000] {processor.py:186} INFO - Started process (PID=20278) to work on /home/airflow/.local/lib/python3.12/site-packages/airflow/example_dags/example_trigger_target_dag.py
[2025-01-18T00:22:10.494+0000] {processor.py:914} INFO - Processing file /home/airflow/.local/lib/python3.12/site-packages/airflow/example_dags/example_trigger_target_dag.py for tasks to queue
[2025-01-18T00:22:10.496+0000] {logging_mixin.py:190} INFO - [2025-01-18T00:22:10.496+0000] {dagbag.py:588} INFO - Filling up the DagBag from /home/airflow/.local/lib/python3.12/site-packages/airflow/example_dags/example_trigger_target_dag.py
[2025-01-18T00:22:10.504+0000] {processor.py:925} INFO - DAG(s) 'example_trigger_target_dag' retrieved from /home/airflow/.local/lib/python3.12/site-packages/airflow/example_dags/example_trigger_target_dag.py
[2025-01-18T00:22:10.526+0000] {logging_mixin.py:190} INFO - [2025-01-18T00:22:10.526+0000] {dag.py:3239} INFO - Sync 1 DAGs
[2025-01-18T00:22:10.544+0000] {logging_mixin.py:190} INFO - [2025-01-18T00:22:10.544+0000] {dag.py:4180} INFO - Setting next_dagrun for example_trigger_target_dag to None, run_after=None
[2025-01-18T00:22:10.571+0000] {processor.py:208} INFO - Processing /home/airflow/.local/lib/python3.12/site-packages/airflow/example_dags/example_trigger_target_dag.py took 0.084 seconds
[2025-01-18T00:22:41.218+0000] {processor.py:186} INFO - Started process (PID=20351) to work on /home/airflow/.local/lib/python3.12/site-packages/airflow/example_dags/example_trigger_target_dag.py
[2025-01-18T00:22:41.219+0000] {processor.py:914} INFO - Processing file /home/airflow/.local/lib/python3.12/site-packages/airflow/example_dags/example_trigger_target_dag.py for tasks to queue
[2025-01-18T00:22:41.221+0000] {logging_mixin.py:190} INFO - [2025-01-18T00:22:41.221+0000] {dagbag.py:588} INFO - Filling up the DagBag from /home/airflow/.local/lib/python3.12/site-packages/airflow/example_dags/example_trigger_target_dag.py
[2025-01-18T00:22:41.232+0000] {processor.py:925} INFO - DAG(s) 'example_trigger_target_dag' retrieved from /home/airflow/.local/lib/python3.12/site-packages/airflow/example_dags/example_trigger_target_dag.py
[2025-01-18T00:22:41.259+0000] {logging_mixin.py:190} INFO - [2025-01-18T00:22:41.258+0000] {dag.py:3239} INFO - Sync 1 DAGs
[2025-01-18T00:22:41.276+0000] {logging_mixin.py:190} INFO - [2025-01-18T00:22:41.276+0000] {dag.py:4180} INFO - Setting next_dagrun for example_trigger_target_dag to None, run_after=None
[2025-01-18T00:22:41.297+0000] {processor.py:208} INFO - Processing /home/airflow/.local/lib/python3.12/site-packages/airflow/example_dags/example_trigger_target_dag.py took 0.086 seconds
[2025-01-18T00:23:11.396+0000] {processor.py:186} INFO - Started process (PID=20418) to work on /home/airflow/.local/lib/python3.12/site-packages/airflow/example_dags/example_trigger_target_dag.py
[2025-01-18T00:23:11.397+0000] {processor.py:914} INFO - Processing file /home/airflow/.local/lib/python3.12/site-packages/airflow/example_dags/example_trigger_target_dag.py for tasks to queue
[2025-01-18T00:23:11.400+0000] {logging_mixin.py:190} INFO - [2025-01-18T00:23:11.400+0000] {dagbag.py:588} INFO - Filling up the DagBag from /home/airflow/.local/lib/python3.12/site-packages/airflow/example_dags/example_trigger_target_dag.py
[2025-01-18T00:23:11.409+0000] {processor.py:925} INFO - DAG(s) 'example_trigger_target_dag' retrieved from /home/airflow/.local/lib/python3.12/site-packages/airflow/example_dags/example_trigger_target_dag.py
[2025-01-18T00:23:11.433+0000] {logging_mixin.py:190} INFO - [2025-01-18T00:23:11.433+0000] {dag.py:3239} INFO - Sync 1 DAGs
[2025-01-18T00:23:11.451+0000] {logging_mixin.py:190} INFO - [2025-01-18T00:23:11.451+0000] {dag.py:4180} INFO - Setting next_dagrun for example_trigger_target_dag to None, run_after=None
[2025-01-18T00:23:11.486+0000] {processor.py:208} INFO - Processing /home/airflow/.local/lib/python3.12/site-packages/airflow/example_dags/example_trigger_target_dag.py took 0.097 seconds
[2025-01-18T00:23:42.027+0000] {processor.py:186} INFO - Started process (PID=20485) to work on /home/airflow/.local/lib/python3.12/site-packages/airflow/example_dags/example_trigger_target_dag.py
[2025-01-18T00:23:42.028+0000] {processor.py:914} INFO - Processing file /home/airflow/.local/lib/python3.12/site-packages/airflow/example_dags/example_trigger_target_dag.py for tasks to queue
[2025-01-18T00:23:42.031+0000] {logging_mixin.py:190} INFO - [2025-01-18T00:23:42.030+0000] {dagbag.py:588} INFO - Filling up the DagBag from /home/airflow/.local/lib/python3.12/site-packages/airflow/example_dags/example_trigger_target_dag.py
[2025-01-18T00:23:42.039+0000] {processor.py:925} INFO - DAG(s) 'example_trigger_target_dag' retrieved from /home/airflow/.local/lib/python3.12/site-packages/airflow/example_dags/example_trigger_target_dag.py
[2025-01-18T00:23:42.060+0000] {logging_mixin.py:190} INFO - [2025-01-18T00:23:42.060+0000] {dag.py:3239} INFO - Sync 1 DAGs
[2025-01-18T00:23:42.075+0000] {logging_mixin.py:190} INFO - [2025-01-18T00:23:42.075+0000] {dag.py:4180} INFO - Setting next_dagrun for example_trigger_target_dag to None, run_after=None
[2025-01-18T00:23:42.095+0000] {processor.py:208} INFO - Processing /home/airflow/.local/lib/python3.12/site-packages/airflow/example_dags/example_trigger_target_dag.py took 0.075 seconds
[2025-01-18T00:24:12.766+0000] {processor.py:186} INFO - Started process (PID=20552) to work on /home/airflow/.local/lib/python3.12/site-packages/airflow/example_dags/example_trigger_target_dag.py
[2025-01-18T00:24:12.767+0000] {processor.py:914} INFO - Processing file /home/airflow/.local/lib/python3.12/site-packages/airflow/example_dags/example_trigger_target_dag.py for tasks to queue
[2025-01-18T00:24:12.770+0000] {logging_mixin.py:190} INFO - [2025-01-18T00:24:12.770+0000] {dagbag.py:588} INFO - Filling up the DagBag from /home/airflow/.local/lib/python3.12/site-packages/airflow/example_dags/example_trigger_target_dag.py
[2025-01-18T00:24:12.778+0000] {processor.py:925} INFO - DAG(s) 'example_trigger_target_dag' retrieved from /home/airflow/.local/lib/python3.12/site-packages/airflow/example_dags/example_trigger_target_dag.py
[2025-01-18T00:24:12.800+0000] {logging_mixin.py:190} INFO - [2025-01-18T00:24:12.800+0000] {dag.py:3239} INFO - Sync 1 DAGs
[2025-01-18T00:24:12.818+0000] {logging_mixin.py:190} INFO - [2025-01-18T00:24:12.818+0000] {dag.py:4180} INFO - Setting next_dagrun for example_trigger_target_dag to None, run_after=None
[2025-01-18T00:24:12.844+0000] {processor.py:208} INFO - Processing /home/airflow/.local/lib/python3.12/site-packages/airflow/example_dags/example_trigger_target_dag.py took 0.084 seconds
[2025-01-18T00:24:43.177+0000] {processor.py:186} INFO - Started process (PID=20619) to work on /home/airflow/.local/lib/python3.12/site-packages/airflow/example_dags/example_trigger_target_dag.py
[2025-01-18T00:24:43.178+0000] {processor.py:914} INFO - Processing file /home/airflow/.local/lib/python3.12/site-packages/airflow/example_dags/example_trigger_target_dag.py for tasks to queue
[2025-01-18T00:24:43.182+0000] {logging_mixin.py:190} INFO - [2025-01-18T00:24:43.181+0000] {dagbag.py:588} INFO - Filling up the DagBag from /home/airflow/.local/lib/python3.12/site-packages/airflow/example_dags/example_trigger_target_dag.py
[2025-01-18T00:24:43.191+0000] {processor.py:925} INFO - DAG(s) 'example_trigger_target_dag' retrieved from /home/airflow/.local/lib/python3.12/site-packages/airflow/example_dags/example_trigger_target_dag.py
[2025-01-18T00:24:43.216+0000] {logging_mixin.py:190} INFO - [2025-01-18T00:24:43.215+0000] {dag.py:3239} INFO - Sync 1 DAGs
[2025-01-18T00:24:43.239+0000] {logging_mixin.py:190} INFO - [2025-01-18T00:24:43.239+0000] {dag.py:4180} INFO - Setting next_dagrun for example_trigger_target_dag to None, run_after=None
[2025-01-18T00:24:43.265+0000] {processor.py:208} INFO - Processing /home/airflow/.local/lib/python3.12/site-packages/airflow/example_dags/example_trigger_target_dag.py took 0.097 seconds
[2025-01-18T00:25:13.990+0000] {processor.py:186} INFO - Started process (PID=20686) to work on /home/airflow/.local/lib/python3.12/site-packages/airflow/example_dags/example_trigger_target_dag.py
[2025-01-18T00:25:13.991+0000] {processor.py:914} INFO - Processing file /home/airflow/.local/lib/python3.12/site-packages/airflow/example_dags/example_trigger_target_dag.py for tasks to queue
[2025-01-18T00:25:13.994+0000] {logging_mixin.py:190} INFO - [2025-01-18T00:25:13.994+0000] {dagbag.py:588} INFO - Filling up the DagBag from /home/airflow/.local/lib/python3.12/site-packages/airflow/example_dags/example_trigger_target_dag.py
[2025-01-18T00:25:14.002+0000] {processor.py:925} INFO - DAG(s) 'example_trigger_target_dag' retrieved from /home/airflow/.local/lib/python3.12/site-packages/airflow/example_dags/example_trigger_target_dag.py
[2025-01-18T00:25:14.025+0000] {logging_mixin.py:190} INFO - [2025-01-18T00:25:14.024+0000] {dag.py:3239} INFO - Sync 1 DAGs
[2025-01-18T00:25:14.044+0000] {logging_mixin.py:190} INFO - [2025-01-18T00:25:14.043+0000] {dag.py:4180} INFO - Setting next_dagrun for example_trigger_target_dag to None, run_after=None
[2025-01-18T00:25:14.071+0000] {processor.py:208} INFO - Processing /home/airflow/.local/lib/python3.12/site-packages/airflow/example_dags/example_trigger_target_dag.py took 0.087 seconds
[2025-01-18T00:25:44.777+0000] {processor.py:186} INFO - Started process (PID=20753) to work on /home/airflow/.local/lib/python3.12/site-packages/airflow/example_dags/example_trigger_target_dag.py
[2025-01-18T00:25:44.778+0000] {processor.py:914} INFO - Processing file /home/airflow/.local/lib/python3.12/site-packages/airflow/example_dags/example_trigger_target_dag.py for tasks to queue
[2025-01-18T00:25:44.780+0000] {logging_mixin.py:190} INFO - [2025-01-18T00:25:44.780+0000] {dagbag.py:588} INFO - Filling up the DagBag from /home/airflow/.local/lib/python3.12/site-packages/airflow/example_dags/example_trigger_target_dag.py
[2025-01-18T00:25:44.789+0000] {processor.py:925} INFO - DAG(s) 'example_trigger_target_dag' retrieved from /home/airflow/.local/lib/python3.12/site-packages/airflow/example_dags/example_trigger_target_dag.py
[2025-01-18T00:25:44.810+0000] {logging_mixin.py:190} INFO - [2025-01-18T00:25:44.809+0000] {dag.py:3239} INFO - Sync 1 DAGs
[2025-01-18T00:25:44.826+0000] {logging_mixin.py:190} INFO - [2025-01-18T00:25:44.825+0000] {dag.py:4180} INFO - Setting next_dagrun for example_trigger_target_dag to None, run_after=None
[2025-01-18T00:25:44.844+0000] {processor.py:208} INFO - Processing /home/airflow/.local/lib/python3.12/site-packages/airflow/example_dags/example_trigger_target_dag.py took 0.073 seconds
[2025-01-18T00:26:15.421+0000] {processor.py:186} INFO - Started process (PID=20820) to work on /home/airflow/.local/lib/python3.12/site-packages/airflow/example_dags/example_trigger_target_dag.py
[2025-01-18T00:26:15.422+0000] {processor.py:914} INFO - Processing file /home/airflow/.local/lib/python3.12/site-packages/airflow/example_dags/example_trigger_target_dag.py for tasks to queue
[2025-01-18T00:26:15.425+0000] {logging_mixin.py:190} INFO - [2025-01-18T00:26:15.425+0000] {dagbag.py:588} INFO - Filling up the DagBag from /home/airflow/.local/lib/python3.12/site-packages/airflow/example_dags/example_trigger_target_dag.py
[2025-01-18T00:26:15.434+0000] {processor.py:925} INFO - DAG(s) 'example_trigger_target_dag' retrieved from /home/airflow/.local/lib/python3.12/site-packages/airflow/example_dags/example_trigger_target_dag.py
[2025-01-18T00:26:15.459+0000] {logging_mixin.py:190} INFO - [2025-01-18T00:26:15.459+0000] {dag.py:3239} INFO - Sync 1 DAGs
[2025-01-18T00:26:15.478+0000] {logging_mixin.py:190} INFO - [2025-01-18T00:26:15.478+0000] {dag.py:4180} INFO - Setting next_dagrun for example_trigger_target_dag to None, run_after=None
[2025-01-18T00:26:15.501+0000] {processor.py:208} INFO - Processing /home/airflow/.local/lib/python3.12/site-packages/airflow/example_dags/example_trigger_target_dag.py took 0.088 seconds
[2025-01-18T00:26:46.193+0000] {processor.py:186} INFO - Started process (PID=20893) to work on /home/airflow/.local/lib/python3.12/site-packages/airflow/example_dags/example_trigger_target_dag.py
[2025-01-18T00:26:46.195+0000] {processor.py:914} INFO - Processing file /home/airflow/.local/lib/python3.12/site-packages/airflow/example_dags/example_trigger_target_dag.py for tasks to queue
[2025-01-18T00:26:46.197+0000] {logging_mixin.py:190} INFO - [2025-01-18T00:26:46.197+0000] {dagbag.py:588} INFO - Filling up the DagBag from /home/airflow/.local/lib/python3.12/site-packages/airflow/example_dags/example_trigger_target_dag.py
[2025-01-18T00:26:46.206+0000] {processor.py:925} INFO - DAG(s) 'example_trigger_target_dag' retrieved from /home/airflow/.local/lib/python3.12/site-packages/airflow/example_dags/example_trigger_target_dag.py
[2025-01-18T00:26:46.227+0000] {logging_mixin.py:190} INFO - [2025-01-18T00:26:46.226+0000] {dag.py:3239} INFO - Sync 1 DAGs
[2025-01-18T00:26:46.243+0000] {logging_mixin.py:190} INFO - [2025-01-18T00:26:46.243+0000] {dag.py:4180} INFO - Setting next_dagrun for example_trigger_target_dag to None, run_after=None
[2025-01-18T00:26:46.264+0000] {processor.py:208} INFO - Processing /home/airflow/.local/lib/python3.12/site-packages/airflow/example_dags/example_trigger_target_dag.py took 0.078 seconds
[2025-01-18T00:27:17.128+0000] {processor.py:186} INFO - Started process (PID=20960) to work on /home/airflow/.local/lib/python3.12/site-packages/airflow/example_dags/example_trigger_target_dag.py
[2025-01-18T00:27:17.129+0000] {processor.py:914} INFO - Processing file /home/airflow/.local/lib/python3.12/site-packages/airflow/example_dags/example_trigger_target_dag.py for tasks to queue
[2025-01-18T00:27:17.132+0000] {logging_mixin.py:190} INFO - [2025-01-18T00:27:17.131+0000] {dagbag.py:588} INFO - Filling up the DagBag from /home/airflow/.local/lib/python3.12/site-packages/airflow/example_dags/example_trigger_target_dag.py
[2025-01-18T00:27:17.142+0000] {processor.py:925} INFO - DAG(s) 'example_trigger_target_dag' retrieved from /home/airflow/.local/lib/python3.12/site-packages/airflow/example_dags/example_trigger_target_dag.py
[2025-01-18T00:27:17.167+0000] {logging_mixin.py:190} INFO - [2025-01-18T00:27:17.166+0000] {dag.py:3239} INFO - Sync 1 DAGs
[2025-01-18T00:27:17.187+0000] {logging_mixin.py:190} INFO - [2025-01-18T00:27:17.187+0000] {dag.py:4180} INFO - Setting next_dagrun for example_trigger_target_dag to None, run_after=None
[2025-01-18T00:27:17.214+0000] {processor.py:208} INFO - Processing /home/airflow/.local/lib/python3.12/site-packages/airflow/example_dags/example_trigger_target_dag.py took 0.093 seconds
[2025-01-18T00:27:47.463+0000] {processor.py:186} INFO - Started process (PID=21027) to work on /home/airflow/.local/lib/python3.12/site-packages/airflow/example_dags/example_trigger_target_dag.py
[2025-01-18T00:27:47.464+0000] {processor.py:914} INFO - Processing file /home/airflow/.local/lib/python3.12/site-packages/airflow/example_dags/example_trigger_target_dag.py for tasks to queue
[2025-01-18T00:27:47.467+0000] {logging_mixin.py:190} INFO - [2025-01-18T00:27:47.466+0000] {dagbag.py:588} INFO - Filling up the DagBag from /home/airflow/.local/lib/python3.12/site-packages/airflow/example_dags/example_trigger_target_dag.py
[2025-01-18T00:27:47.478+0000] {processor.py:925} INFO - DAG(s) 'example_trigger_target_dag' retrieved from /home/airflow/.local/lib/python3.12/site-packages/airflow/example_dags/example_trigger_target_dag.py
[2025-01-18T00:27:47.503+0000] {logging_mixin.py:190} INFO - [2025-01-18T00:27:47.503+0000] {dag.py:3239} INFO - Sync 1 DAGs
[2025-01-18T00:27:47.525+0000] {logging_mixin.py:190} INFO - [2025-01-18T00:27:47.525+0000] {dag.py:4180} INFO - Setting next_dagrun for example_trigger_target_dag to None, run_after=None
[2025-01-18T00:27:47.551+0000] {processor.py:208} INFO - Processing /home/airflow/.local/lib/python3.12/site-packages/airflow/example_dags/example_trigger_target_dag.py took 0.095 seconds
[2025-01-18T00:28:18.225+0000] {processor.py:186} INFO - Started process (PID=21093) to work on /home/airflow/.local/lib/python3.12/site-packages/airflow/example_dags/example_trigger_target_dag.py
[2025-01-18T00:28:18.226+0000] {processor.py:914} INFO - Processing file /home/airflow/.local/lib/python3.12/site-packages/airflow/example_dags/example_trigger_target_dag.py for tasks to queue
[2025-01-18T00:28:18.228+0000] {logging_mixin.py:190} INFO - [2025-01-18T00:28:18.228+0000] {dagbag.py:588} INFO - Filling up the DagBag from /home/airflow/.local/lib/python3.12/site-packages/airflow/example_dags/example_trigger_target_dag.py
[2025-01-18T00:28:18.237+0000] {processor.py:925} INFO - DAG(s) 'example_trigger_target_dag' retrieved from /home/airflow/.local/lib/python3.12/site-packages/airflow/example_dags/example_trigger_target_dag.py
[2025-01-18T00:28:18.258+0000] {logging_mixin.py:190} INFO - [2025-01-18T00:28:18.257+0000] {dag.py:3239} INFO - Sync 1 DAGs
[2025-01-18T00:28:18.272+0000] {logging_mixin.py:190} INFO - [2025-01-18T00:28:18.272+0000] {dag.py:4180} INFO - Setting next_dagrun for example_trigger_target_dag to None, run_after=None
[2025-01-18T00:28:18.294+0000] {processor.py:208} INFO - Processing /home/airflow/.local/lib/python3.12/site-packages/airflow/example_dags/example_trigger_target_dag.py took 0.076 seconds
[2025-01-18T00:28:48.710+0000] {processor.py:186} INFO - Started process (PID=21160) to work on /home/airflow/.local/lib/python3.12/site-packages/airflow/example_dags/example_trigger_target_dag.py
[2025-01-18T00:28:48.711+0000] {processor.py:914} INFO - Processing file /home/airflow/.local/lib/python3.12/site-packages/airflow/example_dags/example_trigger_target_dag.py for tasks to queue
[2025-01-18T00:28:48.714+0000] {logging_mixin.py:190} INFO - [2025-01-18T00:28:48.713+0000] {dagbag.py:588} INFO - Filling up the DagBag from /home/airflow/.local/lib/python3.12/site-packages/airflow/example_dags/example_trigger_target_dag.py
[2025-01-18T00:28:48.722+0000] {processor.py:925} INFO - DAG(s) 'example_trigger_target_dag' retrieved from /home/airflow/.local/lib/python3.12/site-packages/airflow/example_dags/example_trigger_target_dag.py
[2025-01-18T00:28:48.743+0000] {logging_mixin.py:190} INFO - [2025-01-18T00:28:48.743+0000] {dag.py:3239} INFO - Sync 1 DAGs
[2025-01-18T00:28:48.758+0000] {logging_mixin.py:190} INFO - [2025-01-18T00:28:48.758+0000] {dag.py:4180} INFO - Setting next_dagrun for example_trigger_target_dag to None, run_after=None
[2025-01-18T00:28:48.779+0000] {processor.py:208} INFO - Processing /home/airflow/.local/lib/python3.12/site-packages/airflow/example_dags/example_trigger_target_dag.py took 0.074 seconds
[2025-01-18T00:29:19.187+0000] {processor.py:186} INFO - Started process (PID=21227) to work on /home/airflow/.local/lib/python3.12/site-packages/airflow/example_dags/example_trigger_target_dag.py
[2025-01-18T00:29:19.189+0000] {processor.py:914} INFO - Processing file /home/airflow/.local/lib/python3.12/site-packages/airflow/example_dags/example_trigger_target_dag.py for tasks to queue
[2025-01-18T00:29:19.191+0000] {logging_mixin.py:190} INFO - [2025-01-18T00:29:19.191+0000] {dagbag.py:588} INFO - Filling up the DagBag from /home/airflow/.local/lib/python3.12/site-packages/airflow/example_dags/example_trigger_target_dag.py
[2025-01-18T00:29:19.200+0000] {processor.py:925} INFO - DAG(s) 'example_trigger_target_dag' retrieved from /home/airflow/.local/lib/python3.12/site-packages/airflow/example_dags/example_trigger_target_dag.py
[2025-01-18T00:29:19.222+0000] {logging_mixin.py:190} INFO - [2025-01-18T00:29:19.222+0000] {dag.py:3239} INFO - Sync 1 DAGs
[2025-01-18T00:29:19.241+0000] {logging_mixin.py:190} INFO - [2025-01-18T00:29:19.241+0000] {dag.py:4180} INFO - Setting next_dagrun for example_trigger_target_dag to None, run_after=None
[2025-01-18T00:29:19.266+0000] {processor.py:208} INFO - Processing /home/airflow/.local/lib/python3.12/site-packages/airflow/example_dags/example_trigger_target_dag.py took 0.085 seconds
[2025-01-18T00:29:50.129+0000] {processor.py:186} INFO - Started process (PID=21294) to work on /home/airflow/.local/lib/python3.12/site-packages/airflow/example_dags/example_trigger_target_dag.py
[2025-01-18T00:29:50.130+0000] {processor.py:914} INFO - Processing file /home/airflow/.local/lib/python3.12/site-packages/airflow/example_dags/example_trigger_target_dag.py for tasks to queue
[2025-01-18T00:29:50.133+0000] {logging_mixin.py:190} INFO - [2025-01-18T00:29:50.132+0000] {dagbag.py:588} INFO - Filling up the DagBag from /home/airflow/.local/lib/python3.12/site-packages/airflow/example_dags/example_trigger_target_dag.py
[2025-01-18T00:29:50.142+0000] {processor.py:925} INFO - DAG(s) 'example_trigger_target_dag' retrieved from /home/airflow/.local/lib/python3.12/site-packages/airflow/example_dags/example_trigger_target_dag.py
[2025-01-18T00:29:50.163+0000] {logging_mixin.py:190} INFO - [2025-01-18T00:29:50.163+0000] {dag.py:3239} INFO - Sync 1 DAGs
[2025-01-18T00:29:50.178+0000] {logging_mixin.py:190} INFO - [2025-01-18T00:29:50.178+0000] {dag.py:4180} INFO - Setting next_dagrun for example_trigger_target_dag to None, run_after=None
[2025-01-18T00:29:50.200+0000] {processor.py:208} INFO - Processing /home/airflow/.local/lib/python3.12/site-packages/airflow/example_dags/example_trigger_target_dag.py took 0.077 seconds
[2025-01-18T00:30:20.671+0000] {processor.py:186} INFO - Started process (PID=21361) to work on /home/airflow/.local/lib/python3.12/site-packages/airflow/example_dags/example_trigger_target_dag.py
[2025-01-18T00:30:20.672+0000] {processor.py:914} INFO - Processing file /home/airflow/.local/lib/python3.12/site-packages/airflow/example_dags/example_trigger_target_dag.py for tasks to queue
[2025-01-18T00:30:20.674+0000] {logging_mixin.py:190} INFO - [2025-01-18T00:30:20.673+0000] {dagbag.py:588} INFO - Filling up the DagBag from /home/airflow/.local/lib/python3.12/site-packages/airflow/example_dags/example_trigger_target_dag.py
[2025-01-18T00:30:20.682+0000] {processor.py:925} INFO - DAG(s) 'example_trigger_target_dag' retrieved from /home/airflow/.local/lib/python3.12/site-packages/airflow/example_dags/example_trigger_target_dag.py
[2025-01-18T00:30:20.704+0000] {logging_mixin.py:190} INFO - [2025-01-18T00:30:20.703+0000] {dag.py:3239} INFO - Sync 1 DAGs
[2025-01-18T00:30:20.720+0000] {logging_mixin.py:190} INFO - [2025-01-18T00:30:20.720+0000] {dag.py:4180} INFO - Setting next_dagrun for example_trigger_target_dag to None, run_after=None
[2025-01-18T00:30:20.741+0000] {processor.py:208} INFO - Processing /home/airflow/.local/lib/python3.12/site-packages/airflow/example_dags/example_trigger_target_dag.py took 0.076 seconds
[2025-01-18T00:30:51.190+0000] {processor.py:186} INFO - Started process (PID=21434) to work on /home/airflow/.local/lib/python3.12/site-packages/airflow/example_dags/example_trigger_target_dag.py
[2025-01-18T00:30:51.191+0000] {processor.py:914} INFO - Processing file /home/airflow/.local/lib/python3.12/site-packages/airflow/example_dags/example_trigger_target_dag.py for tasks to queue
[2025-01-18T00:30:51.195+0000] {logging_mixin.py:190} INFO - [2025-01-18T00:30:51.194+0000] {dagbag.py:588} INFO - Filling up the DagBag from /home/airflow/.local/lib/python3.12/site-packages/airflow/example_dags/example_trigger_target_dag.py
[2025-01-18T00:30:51.205+0000] {processor.py:925} INFO - DAG(s) 'example_trigger_target_dag' retrieved from /home/airflow/.local/lib/python3.12/site-packages/airflow/example_dags/example_trigger_target_dag.py
[2025-01-18T00:30:51.227+0000] {logging_mixin.py:190} INFO - [2025-01-18T00:30:51.227+0000] {dag.py:3239} INFO - Sync 1 DAGs
[2025-01-18T00:30:51.245+0000] {logging_mixin.py:190} INFO - [2025-01-18T00:30:51.244+0000] {dag.py:4180} INFO - Setting next_dagrun for example_trigger_target_dag to None, run_after=None
[2025-01-18T00:30:51.265+0000] {processor.py:208} INFO - Processing /home/airflow/.local/lib/python3.12/site-packages/airflow/example_dags/example_trigger_target_dag.py took 0.082 seconds
[2025-01-18T00:31:21.415+0000] {processor.py:186} INFO - Started process (PID=21501) to work on /home/airflow/.local/lib/python3.12/site-packages/airflow/example_dags/example_trigger_target_dag.py
[2025-01-18T00:31:21.417+0000] {processor.py:914} INFO - Processing file /home/airflow/.local/lib/python3.12/site-packages/airflow/example_dags/example_trigger_target_dag.py for tasks to queue
[2025-01-18T00:31:21.420+0000] {logging_mixin.py:190} INFO - [2025-01-18T00:31:21.419+0000] {dagbag.py:588} INFO - Filling up the DagBag from /home/airflow/.local/lib/python3.12/site-packages/airflow/example_dags/example_trigger_target_dag.py
[2025-01-18T00:31:21.428+0000] {processor.py:925} INFO - DAG(s) 'example_trigger_target_dag' retrieved from /home/airflow/.local/lib/python3.12/site-packages/airflow/example_dags/example_trigger_target_dag.py
[2025-01-18T00:31:21.450+0000] {logging_mixin.py:190} INFO - [2025-01-18T00:31:21.450+0000] {dag.py:3239} INFO - Sync 1 DAGs
[2025-01-18T00:31:21.466+0000] {logging_mixin.py:190} INFO - [2025-01-18T00:31:21.465+0000] {dag.py:4180} INFO - Setting next_dagrun for example_trigger_target_dag to None, run_after=None
[2025-01-18T00:31:21.488+0000] {processor.py:208} INFO - Processing /home/airflow/.local/lib/python3.12/site-packages/airflow/example_dags/example_trigger_target_dag.py took 0.078 seconds
[2025-01-18T00:31:51.760+0000] {processor.py:186} INFO - Started process (PID=21568) to work on /home/airflow/.local/lib/python3.12/site-packages/airflow/example_dags/example_trigger_target_dag.py
[2025-01-18T00:31:51.761+0000] {processor.py:914} INFO - Processing file /home/airflow/.local/lib/python3.12/site-packages/airflow/example_dags/example_trigger_target_dag.py for tasks to queue
[2025-01-18T00:31:51.763+0000] {logging_mixin.py:190} INFO - [2025-01-18T00:31:51.763+0000] {dagbag.py:588} INFO - Filling up the DagBag from /home/airflow/.local/lib/python3.12/site-packages/airflow/example_dags/example_trigger_target_dag.py
[2025-01-18T00:31:51.771+0000] {processor.py:925} INFO - DAG(s) 'example_trigger_target_dag' retrieved from /home/airflow/.local/lib/python3.12/site-packages/airflow/example_dags/example_trigger_target_dag.py
[2025-01-18T00:31:51.789+0000] {logging_mixin.py:190} INFO - [2025-01-18T00:31:51.789+0000] {dag.py:3239} INFO - Sync 1 DAGs
[2025-01-18T00:31:51.804+0000] {logging_mixin.py:190} INFO - [2025-01-18T00:31:51.804+0000] {dag.py:4180} INFO - Setting next_dagrun for example_trigger_target_dag to None, run_after=None
[2025-01-18T00:31:51.827+0000] {processor.py:208} INFO - Processing /home/airflow/.local/lib/python3.12/site-packages/airflow/example_dags/example_trigger_target_dag.py took 0.072 seconds
[2025-01-18T00:32:22.410+0000] {processor.py:186} INFO - Started process (PID=21635) to work on /home/airflow/.local/lib/python3.12/site-packages/airflow/example_dags/example_trigger_target_dag.py
[2025-01-18T00:32:22.412+0000] {processor.py:914} INFO - Processing file /home/airflow/.local/lib/python3.12/site-packages/airflow/example_dags/example_trigger_target_dag.py for tasks to queue
[2025-01-18T00:32:22.415+0000] {logging_mixin.py:190} INFO - [2025-01-18T00:32:22.414+0000] {dagbag.py:588} INFO - Filling up the DagBag from /home/airflow/.local/lib/python3.12/site-packages/airflow/example_dags/example_trigger_target_dag.py
[2025-01-18T00:32:22.423+0000] {processor.py:925} INFO - DAG(s) 'example_trigger_target_dag' retrieved from /home/airflow/.local/lib/python3.12/site-packages/airflow/example_dags/example_trigger_target_dag.py
[2025-01-18T00:32:22.453+0000] {logging_mixin.py:190} INFO - [2025-01-18T00:32:22.452+0000] {dag.py:3239} INFO - Sync 1 DAGs
[2025-01-18T00:32:22.476+0000] {logging_mixin.py:190} INFO - [2025-01-18T00:32:22.476+0000] {dag.py:4180} INFO - Setting next_dagrun for example_trigger_target_dag to None, run_after=None
[2025-01-18T00:32:22.506+0000] {processor.py:208} INFO - Processing /home/airflow/.local/lib/python3.12/site-packages/airflow/example_dags/example_trigger_target_dag.py took 0.105 seconds
[2025-01-18T00:32:53.326+0000] {processor.py:186} INFO - Started process (PID=21702) to work on /home/airflow/.local/lib/python3.12/site-packages/airflow/example_dags/example_trigger_target_dag.py
[2025-01-18T00:32:53.327+0000] {processor.py:914} INFO - Processing file /home/airflow/.local/lib/python3.12/site-packages/airflow/example_dags/example_trigger_target_dag.py for tasks to queue
[2025-01-18T00:32:53.330+0000] {logging_mixin.py:190} INFO - [2025-01-18T00:32:53.329+0000] {dagbag.py:588} INFO - Filling up the DagBag from /home/airflow/.local/lib/python3.12/site-packages/airflow/example_dags/example_trigger_target_dag.py
[2025-01-18T00:32:53.340+0000] {processor.py:925} INFO - DAG(s) 'example_trigger_target_dag' retrieved from /home/airflow/.local/lib/python3.12/site-packages/airflow/example_dags/example_trigger_target_dag.py
[2025-01-18T00:32:53.364+0000] {logging_mixin.py:190} INFO - [2025-01-18T00:32:53.364+0000] {dag.py:3239} INFO - Sync 1 DAGs
[2025-01-18T00:32:53.382+0000] {logging_mixin.py:190} INFO - [2025-01-18T00:32:53.382+0000] {dag.py:4180} INFO - Setting next_dagrun for example_trigger_target_dag to None, run_after=None
[2025-01-18T00:32:53.404+0000] {processor.py:208} INFO - Processing /home/airflow/.local/lib/python3.12/site-packages/airflow/example_dags/example_trigger_target_dag.py took 0.084 seconds
[2025-01-18T00:33:23.576+0000] {processor.py:186} INFO - Started process (PID=21769) to work on /home/airflow/.local/lib/python3.12/site-packages/airflow/example_dags/example_trigger_target_dag.py
[2025-01-18T00:33:23.578+0000] {processor.py:914} INFO - Processing file /home/airflow/.local/lib/python3.12/site-packages/airflow/example_dags/example_trigger_target_dag.py for tasks to queue
[2025-01-18T00:33:23.580+0000] {logging_mixin.py:190} INFO - [2025-01-18T00:33:23.580+0000] {dagbag.py:588} INFO - Filling up the DagBag from /home/airflow/.local/lib/python3.12/site-packages/airflow/example_dags/example_trigger_target_dag.py
[2025-01-18T00:33:23.589+0000] {processor.py:925} INFO - DAG(s) 'example_trigger_target_dag' retrieved from /home/airflow/.local/lib/python3.12/site-packages/airflow/example_dags/example_trigger_target_dag.py
[2025-01-18T00:33:23.610+0000] {logging_mixin.py:190} INFO - [2025-01-18T00:33:23.610+0000] {dag.py:3239} INFO - Sync 1 DAGs
[2025-01-18T00:33:23.628+0000] {logging_mixin.py:190} INFO - [2025-01-18T00:33:23.628+0000] {dag.py:4180} INFO - Setting next_dagrun for example_trigger_target_dag to None, run_after=None
[2025-01-18T00:33:23.654+0000] {processor.py:208} INFO - Processing /home/airflow/.local/lib/python3.12/site-packages/airflow/example_dags/example_trigger_target_dag.py took 0.086 seconds
[2025-01-18T00:33:53.792+0000] {processor.py:186} INFO - Started process (PID=21836) to work on /home/airflow/.local/lib/python3.12/site-packages/airflow/example_dags/example_trigger_target_dag.py
[2025-01-18T00:33:53.793+0000] {processor.py:914} INFO - Processing file /home/airflow/.local/lib/python3.12/site-packages/airflow/example_dags/example_trigger_target_dag.py for tasks to queue
[2025-01-18T00:33:53.796+0000] {logging_mixin.py:190} INFO - [2025-01-18T00:33:53.795+0000] {dagbag.py:588} INFO - Filling up the DagBag from /home/airflow/.local/lib/python3.12/site-packages/airflow/example_dags/example_trigger_target_dag.py
[2025-01-18T00:33:53.804+0000] {processor.py:925} INFO - DAG(s) 'example_trigger_target_dag' retrieved from /home/airflow/.local/lib/python3.12/site-packages/airflow/example_dags/example_trigger_target_dag.py
[2025-01-18T00:33:53.824+0000] {logging_mixin.py:190} INFO - [2025-01-18T00:33:53.824+0000] {dag.py:3239} INFO - Sync 1 DAGs
[2025-01-18T00:33:53.840+0000] {logging_mixin.py:190} INFO - [2025-01-18T00:33:53.840+0000] {dag.py:4180} INFO - Setting next_dagrun for example_trigger_target_dag to None, run_after=None
[2025-01-18T00:33:53.862+0000] {processor.py:208} INFO - Processing /home/airflow/.local/lib/python3.12/site-packages/airflow/example_dags/example_trigger_target_dag.py took 0.075 seconds
[2025-01-18T00:34:24.295+0000] {processor.py:186} INFO - Started process (PID=21904) to work on /home/airflow/.local/lib/python3.12/site-packages/airflow/example_dags/example_trigger_target_dag.py
[2025-01-18T00:34:24.298+0000] {processor.py:914} INFO - Processing file /home/airflow/.local/lib/python3.12/site-packages/airflow/example_dags/example_trigger_target_dag.py for tasks to queue
[2025-01-18T00:34:24.301+0000] {logging_mixin.py:190} INFO - [2025-01-18T00:34:24.301+0000] {dagbag.py:588} INFO - Filling up the DagBag from /home/airflow/.local/lib/python3.12/site-packages/airflow/example_dags/example_trigger_target_dag.py
[2025-01-18T00:34:24.311+0000] {processor.py:925} INFO - DAG(s) 'example_trigger_target_dag' retrieved from /home/airflow/.local/lib/python3.12/site-packages/airflow/example_dags/example_trigger_target_dag.py
[2025-01-18T00:34:24.337+0000] {logging_mixin.py:190} INFO - [2025-01-18T00:34:24.336+0000] {dag.py:3239} INFO - Sync 1 DAGs
[2025-01-18T00:34:24.357+0000] {logging_mixin.py:190} INFO - [2025-01-18T00:34:24.356+0000] {dag.py:4180} INFO - Setting next_dagrun for example_trigger_target_dag to None, run_after=None
[2025-01-18T00:34:24.383+0000] {processor.py:208} INFO - Processing /home/airflow/.local/lib/python3.12/site-packages/airflow/example_dags/example_trigger_target_dag.py took 0.095 seconds
[2025-01-18T00:34:54.471+0000] {processor.py:186} INFO - Started process (PID=21970) to work on /home/airflow/.local/lib/python3.12/site-packages/airflow/example_dags/example_trigger_target_dag.py
[2025-01-18T00:34:54.472+0000] {processor.py:914} INFO - Processing file /home/airflow/.local/lib/python3.12/site-packages/airflow/example_dags/example_trigger_target_dag.py for tasks to queue
[2025-01-18T00:34:54.474+0000] {logging_mixin.py:190} INFO - [2025-01-18T00:34:54.474+0000] {dagbag.py:588} INFO - Filling up the DagBag from /home/airflow/.local/lib/python3.12/site-packages/airflow/example_dags/example_trigger_target_dag.py
[2025-01-18T00:34:54.482+0000] {processor.py:925} INFO - DAG(s) 'example_trigger_target_dag' retrieved from /home/airflow/.local/lib/python3.12/site-packages/airflow/example_dags/example_trigger_target_dag.py
[2025-01-18T00:34:54.503+0000] {logging_mixin.py:190} INFO - [2025-01-18T00:34:54.503+0000] {dag.py:3239} INFO - Sync 1 DAGs
[2025-01-18T00:34:54.517+0000] {logging_mixin.py:190} INFO - [2025-01-18T00:34:54.517+0000] {dag.py:4180} INFO - Setting next_dagrun for example_trigger_target_dag to None, run_after=None
[2025-01-18T00:34:54.537+0000] {processor.py:208} INFO - Processing /home/airflow/.local/lib/python3.12/site-packages/airflow/example_dags/example_trigger_target_dag.py took 0.072 seconds
[2025-01-18T00:35:24.726+0000] {processor.py:186} INFO - Started process (PID=22043) to work on /home/airflow/.local/lib/python3.12/site-packages/airflow/example_dags/example_trigger_target_dag.py
[2025-01-18T00:35:24.727+0000] {processor.py:914} INFO - Processing file /home/airflow/.local/lib/python3.12/site-packages/airflow/example_dags/example_trigger_target_dag.py for tasks to queue
[2025-01-18T00:35:24.729+0000] {logging_mixin.py:190} INFO - [2025-01-18T00:35:24.728+0000] {dagbag.py:588} INFO - Filling up the DagBag from /home/airflow/.local/lib/python3.12/site-packages/airflow/example_dags/example_trigger_target_dag.py
[2025-01-18T00:35:24.737+0000] {processor.py:925} INFO - DAG(s) 'example_trigger_target_dag' retrieved from /home/airflow/.local/lib/python3.12/site-packages/airflow/example_dags/example_trigger_target_dag.py
[2025-01-18T00:35:24.760+0000] {logging_mixin.py:190} INFO - [2025-01-18T00:35:24.760+0000] {dag.py:3239} INFO - Sync 1 DAGs
[2025-01-18T00:35:24.778+0000] {logging_mixin.py:190} INFO - [2025-01-18T00:35:24.778+0000] {dag.py:4180} INFO - Setting next_dagrun for example_trigger_target_dag to None, run_after=None
[2025-01-18T00:35:24.802+0000] {processor.py:208} INFO - Processing /home/airflow/.local/lib/python3.12/site-packages/airflow/example_dags/example_trigger_target_dag.py took 0.083 seconds
