[2025-01-18T00:00:00.929+0000] {processor.py:186} INFO - Started process (PID=17335) to work on /home/airflow/.local/lib/python3.12/site-packages/airflow/example_dags/example_short_circuit_decorator.py
[2025-01-18T00:00:00.930+0000] {processor.py:914} INFO - Processing file /home/airflow/.local/lib/python3.12/site-packages/airflow/example_dags/example_short_circuit_decorator.py for tasks to queue
[2025-01-18T00:00:00.933+0000] {logging_mixin.py:190} INFO - [2025-01-18T00:00:00.933+0000] {dagbag.py:588} INFO - Filling up the DagBag from /home/airflow/.local/lib/python3.12/site-packages/airflow/example_dags/example_short_circuit_decorator.py
[2025-01-18T00:00:00.946+0000] {processor.py:925} INFO - DAG(s) 'example_short_circuit_decorator' retrieved from /home/airflow/.local/lib/python3.12/site-packages/airflow/example_dags/example_short_circuit_decorator.py
[2025-01-18T00:00:00.981+0000] {logging_mixin.py:190} INFO - [2025-01-18T00:00:00.981+0000] {dag.py:3239} INFO - Sync 1 DAGs
[2025-01-18T00:00:01.003+0000] {logging_mixin.py:190} INFO - [2025-01-18T00:00:01.003+0000] {dag.py:4180} INFO - Setting next_dagrun for example_short_circuit_decorator to None, run_after=None
[2025-01-18T00:00:01.037+0000] {processor.py:208} INFO - Processing /home/airflow/.local/lib/python3.12/site-packages/airflow/example_dags/example_short_circuit_decorator.py took 0.114 seconds
[2025-01-18T00:00:31.772+0000] {processor.py:186} INFO - Started process (PID=17403) to work on /home/airflow/.local/lib/python3.12/site-packages/airflow/example_dags/example_short_circuit_decorator.py
[2025-01-18T00:00:31.774+0000] {processor.py:914} INFO - Processing file /home/airflow/.local/lib/python3.12/site-packages/airflow/example_dags/example_short_circuit_decorator.py for tasks to queue
[2025-01-18T00:00:31.777+0000] {logging_mixin.py:190} INFO - [2025-01-18T00:00:31.776+0000] {dagbag.py:588} INFO - Filling up the DagBag from /home/airflow/.local/lib/python3.12/site-packages/airflow/example_dags/example_short_circuit_decorator.py
[2025-01-18T00:00:31.790+0000] {processor.py:925} INFO - DAG(s) 'example_short_circuit_decorator' retrieved from /home/airflow/.local/lib/python3.12/site-packages/airflow/example_dags/example_short_circuit_decorator.py
[2025-01-18T00:00:31.826+0000] {logging_mixin.py:190} INFO - [2025-01-18T00:00:31.826+0000] {dag.py:3239} INFO - Sync 1 DAGs
[2025-01-18T00:00:31.845+0000] {logging_mixin.py:190} INFO - [2025-01-18T00:00:31.844+0000] {dag.py:4180} INFO - Setting next_dagrun for example_short_circuit_decorator to None, run_after=None
[2025-01-18T00:00:31.867+0000] {processor.py:208} INFO - Processing /home/airflow/.local/lib/python3.12/site-packages/airflow/example_dags/example_short_circuit_decorator.py took 0.105 seconds
[2025-01-18T00:01:02.568+0000] {processor.py:186} INFO - Started process (PID=17469) to work on /home/airflow/.local/lib/python3.12/site-packages/airflow/example_dags/example_short_circuit_decorator.py
[2025-01-18T00:01:02.569+0000] {processor.py:914} INFO - Processing file /home/airflow/.local/lib/python3.12/site-packages/airflow/example_dags/example_short_circuit_decorator.py for tasks to queue
[2025-01-18T00:01:02.571+0000] {logging_mixin.py:190} INFO - [2025-01-18T00:01:02.571+0000] {dagbag.py:588} INFO - Filling up the DagBag from /home/airflow/.local/lib/python3.12/site-packages/airflow/example_dags/example_short_circuit_decorator.py
[2025-01-18T00:01:02.580+0000] {processor.py:925} INFO - DAG(s) 'example_short_circuit_decorator' retrieved from /home/airflow/.local/lib/python3.12/site-packages/airflow/example_dags/example_short_circuit_decorator.py
[2025-01-18T00:01:02.604+0000] {logging_mixin.py:190} INFO - [2025-01-18T00:01:02.603+0000] {dag.py:3239} INFO - Sync 1 DAGs
[2025-01-18T00:01:02.619+0000] {logging_mixin.py:190} INFO - [2025-01-18T00:01:02.618+0000] {dag.py:4180} INFO - Setting next_dagrun for example_short_circuit_decorator to None, run_after=None
[2025-01-18T00:01:02.638+0000] {processor.py:208} INFO - Processing /home/airflow/.local/lib/python3.12/site-packages/airflow/example_dags/example_short_circuit_decorator.py took 0.076 seconds
[2025-01-18T00:01:32.919+0000] {processor.py:186} INFO - Started process (PID=17536) to work on /home/airflow/.local/lib/python3.12/site-packages/airflow/example_dags/example_short_circuit_decorator.py
[2025-01-18T00:01:32.920+0000] {processor.py:914} INFO - Processing file /home/airflow/.local/lib/python3.12/site-packages/airflow/example_dags/example_short_circuit_decorator.py for tasks to queue
[2025-01-18T00:01:32.923+0000] {logging_mixin.py:190} INFO - [2025-01-18T00:01:32.922+0000] {dagbag.py:588} INFO - Filling up the DagBag from /home/airflow/.local/lib/python3.12/site-packages/airflow/example_dags/example_short_circuit_decorator.py
[2025-01-18T00:01:32.932+0000] {processor.py:925} INFO - DAG(s) 'example_short_circuit_decorator' retrieved from /home/airflow/.local/lib/python3.12/site-packages/airflow/example_dags/example_short_circuit_decorator.py
[2025-01-18T00:01:32.957+0000] {logging_mixin.py:190} INFO - [2025-01-18T00:01:32.957+0000] {dag.py:3239} INFO - Sync 1 DAGs
[2025-01-18T00:01:32.973+0000] {logging_mixin.py:190} INFO - [2025-01-18T00:01:32.973+0000] {dag.py:4180} INFO - Setting next_dagrun for example_short_circuit_decorator to None, run_after=None
[2025-01-18T00:01:32.996+0000] {processor.py:208} INFO - Processing /home/airflow/.local/lib/python3.12/site-packages/airflow/example_dags/example_short_circuit_decorator.py took 0.083 seconds
[2025-01-18T00:02:03.036+0000] {processor.py:186} INFO - Started process (PID=17602) to work on /home/airflow/.local/lib/python3.12/site-packages/airflow/example_dags/example_short_circuit_decorator.py
[2025-01-18T00:02:03.037+0000] {processor.py:914} INFO - Processing file /home/airflow/.local/lib/python3.12/site-packages/airflow/example_dags/example_short_circuit_decorator.py for tasks to queue
[2025-01-18T00:02:03.039+0000] {logging_mixin.py:190} INFO - [2025-01-18T00:02:03.039+0000] {dagbag.py:588} INFO - Filling up the DagBag from /home/airflow/.local/lib/python3.12/site-packages/airflow/example_dags/example_short_circuit_decorator.py
[2025-01-18T00:02:03.048+0000] {processor.py:925} INFO - DAG(s) 'example_short_circuit_decorator' retrieved from /home/airflow/.local/lib/python3.12/site-packages/airflow/example_dags/example_short_circuit_decorator.py
[2025-01-18T00:02:03.071+0000] {logging_mixin.py:190} INFO - [2025-01-18T00:02:03.071+0000] {dag.py:3239} INFO - Sync 1 DAGs
[2025-01-18T00:02:03.085+0000] {logging_mixin.py:190} INFO - [2025-01-18T00:02:03.085+0000] {dag.py:4180} INFO - Setting next_dagrun for example_short_circuit_decorator to None, run_after=None
[2025-01-18T00:02:03.105+0000] {processor.py:208} INFO - Processing /home/airflow/.local/lib/python3.12/site-packages/airflow/example_dags/example_short_circuit_decorator.py took 0.074 seconds
[2025-01-18T00:02:33.216+0000] {processor.py:186} INFO - Started process (PID=17669) to work on /home/airflow/.local/lib/python3.12/site-packages/airflow/example_dags/example_short_circuit_decorator.py
[2025-01-18T00:02:33.217+0000] {processor.py:914} INFO - Processing file /home/airflow/.local/lib/python3.12/site-packages/airflow/example_dags/example_short_circuit_decorator.py for tasks to queue
[2025-01-18T00:02:33.220+0000] {logging_mixin.py:190} INFO - [2025-01-18T00:02:33.219+0000] {dagbag.py:588} INFO - Filling up the DagBag from /home/airflow/.local/lib/python3.12/site-packages/airflow/example_dags/example_short_circuit_decorator.py
[2025-01-18T00:02:33.229+0000] {processor.py:925} INFO - DAG(s) 'example_short_circuit_decorator' retrieved from /home/airflow/.local/lib/python3.12/site-packages/airflow/example_dags/example_short_circuit_decorator.py
[2025-01-18T00:02:33.256+0000] {logging_mixin.py:190} INFO - [2025-01-18T00:02:33.256+0000] {dag.py:3239} INFO - Sync 1 DAGs
[2025-01-18T00:02:33.273+0000] {logging_mixin.py:190} INFO - [2025-01-18T00:02:33.272+0000] {dag.py:4180} INFO - Setting next_dagrun for example_short_circuit_decorator to None, run_after=None
[2025-01-18T00:02:33.297+0000] {processor.py:208} INFO - Processing /home/airflow/.local/lib/python3.12/site-packages/airflow/example_dags/example_short_circuit_decorator.py took 0.086 seconds
[2025-01-18T00:03:03.472+0000] {processor.py:186} INFO - Started process (PID=17737) to work on /home/airflow/.local/lib/python3.12/site-packages/airflow/example_dags/example_short_circuit_decorator.py
[2025-01-18T00:03:03.473+0000] {processor.py:914} INFO - Processing file /home/airflow/.local/lib/python3.12/site-packages/airflow/example_dags/example_short_circuit_decorator.py for tasks to queue
[2025-01-18T00:03:03.476+0000] {logging_mixin.py:190} INFO - [2025-01-18T00:03:03.475+0000] {dagbag.py:588} INFO - Filling up the DagBag from /home/airflow/.local/lib/python3.12/site-packages/airflow/example_dags/example_short_circuit_decorator.py
[2025-01-18T00:03:03.486+0000] {processor.py:925} INFO - DAG(s) 'example_short_circuit_decorator' retrieved from /home/airflow/.local/lib/python3.12/site-packages/airflow/example_dags/example_short_circuit_decorator.py
[2025-01-18T00:03:03.514+0000] {logging_mixin.py:190} INFO - [2025-01-18T00:03:03.514+0000] {dag.py:3239} INFO - Sync 1 DAGs
[2025-01-18T00:03:03.532+0000] {logging_mixin.py:190} INFO - [2025-01-18T00:03:03.532+0000] {dag.py:4180} INFO - Setting next_dagrun for example_short_circuit_decorator to None, run_after=None
[2025-01-18T00:03:03.559+0000] {processor.py:208} INFO - Processing /home/airflow/.local/lib/python3.12/site-packages/airflow/example_dags/example_short_circuit_decorator.py took 0.092 seconds
[2025-01-18T00:03:33.788+0000] {processor.py:186} INFO - Started process (PID=17810) to work on /home/airflow/.local/lib/python3.12/site-packages/airflow/example_dags/example_short_circuit_decorator.py
[2025-01-18T00:03:33.789+0000] {processor.py:914} INFO - Processing file /home/airflow/.local/lib/python3.12/site-packages/airflow/example_dags/example_short_circuit_decorator.py for tasks to queue
[2025-01-18T00:03:33.792+0000] {logging_mixin.py:190} INFO - [2025-01-18T00:03:33.791+0000] {dagbag.py:588} INFO - Filling up the DagBag from /home/airflow/.local/lib/python3.12/site-packages/airflow/example_dags/example_short_circuit_decorator.py
[2025-01-18T00:03:33.805+0000] {processor.py:925} INFO - DAG(s) 'example_short_circuit_decorator' retrieved from /home/airflow/.local/lib/python3.12/site-packages/airflow/example_dags/example_short_circuit_decorator.py
[2025-01-18T00:03:33.837+0000] {logging_mixin.py:190} INFO - [2025-01-18T00:03:33.837+0000] {dag.py:3239} INFO - Sync 1 DAGs
[2025-01-18T00:03:33.859+0000] {logging_mixin.py:190} INFO - [2025-01-18T00:03:33.859+0000] {dag.py:4180} INFO - Setting next_dagrun for example_short_circuit_decorator to None, run_after=None
[2025-01-18T00:03:33.881+0000] {processor.py:208} INFO - Processing /home/airflow/.local/lib/python3.12/site-packages/airflow/example_dags/example_short_circuit_decorator.py took 0.101 seconds
[2025-01-18T00:04:04.211+0000] {processor.py:186} INFO - Started process (PID=17876) to work on /home/airflow/.local/lib/python3.12/site-packages/airflow/example_dags/example_short_circuit_decorator.py
[2025-01-18T00:04:04.212+0000] {processor.py:914} INFO - Processing file /home/airflow/.local/lib/python3.12/site-packages/airflow/example_dags/example_short_circuit_decorator.py for tasks to queue
[2025-01-18T00:04:04.214+0000] {logging_mixin.py:190} INFO - [2025-01-18T00:04:04.213+0000] {dagbag.py:588} INFO - Filling up the DagBag from /home/airflow/.local/lib/python3.12/site-packages/airflow/example_dags/example_short_circuit_decorator.py
[2025-01-18T00:04:04.225+0000] {processor.py:925} INFO - DAG(s) 'example_short_circuit_decorator' retrieved from /home/airflow/.local/lib/python3.12/site-packages/airflow/example_dags/example_short_circuit_decorator.py
[2025-01-18T00:04:04.255+0000] {logging_mixin.py:190} INFO - [2025-01-18T00:04:04.254+0000] {dag.py:3239} INFO - Sync 1 DAGs
[2025-01-18T00:04:04.276+0000] {logging_mixin.py:190} INFO - [2025-01-18T00:04:04.276+0000] {dag.py:4180} INFO - Setting next_dagrun for example_short_circuit_decorator to None, run_after=None
[2025-01-18T00:04:04.303+0000] {processor.py:208} INFO - Processing /home/airflow/.local/lib/python3.12/site-packages/airflow/example_dags/example_short_circuit_decorator.py took 0.099 seconds
[2025-01-18T00:04:34.742+0000] {processor.py:186} INFO - Started process (PID=17942) to work on /home/airflow/.local/lib/python3.12/site-packages/airflow/example_dags/example_short_circuit_decorator.py
[2025-01-18T00:04:34.743+0000] {processor.py:914} INFO - Processing file /home/airflow/.local/lib/python3.12/site-packages/airflow/example_dags/example_short_circuit_decorator.py for tasks to queue
[2025-01-18T00:04:34.746+0000] {logging_mixin.py:190} INFO - [2025-01-18T00:04:34.746+0000] {dagbag.py:588} INFO - Filling up the DagBag from /home/airflow/.local/lib/python3.12/site-packages/airflow/example_dags/example_short_circuit_decorator.py
[2025-01-18T00:04:34.757+0000] {processor.py:925} INFO - DAG(s) 'example_short_circuit_decorator' retrieved from /home/airflow/.local/lib/python3.12/site-packages/airflow/example_dags/example_short_circuit_decorator.py
[2025-01-18T00:04:34.789+0000] {logging_mixin.py:190} INFO - [2025-01-18T00:04:34.788+0000] {dag.py:3239} INFO - Sync 1 DAGs
[2025-01-18T00:04:34.807+0000] {logging_mixin.py:190} INFO - [2025-01-18T00:04:34.806+0000] {dag.py:4180} INFO - Setting next_dagrun for example_short_circuit_decorator to None, run_after=None
[2025-01-18T00:04:34.829+0000] {processor.py:208} INFO - Processing /home/airflow/.local/lib/python3.12/site-packages/airflow/example_dags/example_short_circuit_decorator.py took 0.093 seconds
[2025-01-18T00:05:05.636+0000] {processor.py:186} INFO - Started process (PID=18009) to work on /home/airflow/.local/lib/python3.12/site-packages/airflow/example_dags/example_short_circuit_decorator.py
[2025-01-18T00:05:05.637+0000] {processor.py:914} INFO - Processing file /home/airflow/.local/lib/python3.12/site-packages/airflow/example_dags/example_short_circuit_decorator.py for tasks to queue
[2025-01-18T00:05:05.640+0000] {logging_mixin.py:190} INFO - [2025-01-18T00:05:05.639+0000] {dagbag.py:588} INFO - Filling up the DagBag from /home/airflow/.local/lib/python3.12/site-packages/airflow/example_dags/example_short_circuit_decorator.py
[2025-01-18T00:05:05.650+0000] {processor.py:925} INFO - DAG(s) 'example_short_circuit_decorator' retrieved from /home/airflow/.local/lib/python3.12/site-packages/airflow/example_dags/example_short_circuit_decorator.py
[2025-01-18T00:05:05.679+0000] {logging_mixin.py:190} INFO - [2025-01-18T00:05:05.678+0000] {dag.py:3239} INFO - Sync 1 DAGs
[2025-01-18T00:05:05.696+0000] {logging_mixin.py:190} INFO - [2025-01-18T00:05:05.696+0000] {dag.py:4180} INFO - Setting next_dagrun for example_short_circuit_decorator to None, run_after=None
[2025-01-18T00:05:05.719+0000] {processor.py:208} INFO - Processing /home/airflow/.local/lib/python3.12/site-packages/airflow/example_dags/example_short_circuit_decorator.py took 0.089 seconds
[2025-01-18T00:05:35.949+0000] {processor.py:186} INFO - Started process (PID=18075) to work on /home/airflow/.local/lib/python3.12/site-packages/airflow/example_dags/example_short_circuit_decorator.py
[2025-01-18T00:05:35.951+0000] {processor.py:914} INFO - Processing file /home/airflow/.local/lib/python3.12/site-packages/airflow/example_dags/example_short_circuit_decorator.py for tasks to queue
[2025-01-18T00:05:35.954+0000] {logging_mixin.py:190} INFO - [2025-01-18T00:05:35.953+0000] {dagbag.py:588} INFO - Filling up the DagBag from /home/airflow/.local/lib/python3.12/site-packages/airflow/example_dags/example_short_circuit_decorator.py
[2025-01-18T00:05:35.966+0000] {processor.py:925} INFO - DAG(s) 'example_short_circuit_decorator' retrieved from /home/airflow/.local/lib/python3.12/site-packages/airflow/example_dags/example_short_circuit_decorator.py
[2025-01-18T00:05:35.993+0000] {logging_mixin.py:190} INFO - [2025-01-18T00:05:35.993+0000] {dag.py:3239} INFO - Sync 1 DAGs
[2025-01-18T00:05:36.011+0000] {logging_mixin.py:190} INFO - [2025-01-18T00:05:36.010+0000] {dag.py:4180} INFO - Setting next_dagrun for example_short_circuit_decorator to None, run_after=None
[2025-01-18T00:05:36.032+0000] {processor.py:208} INFO - Processing /home/airflow/.local/lib/python3.12/site-packages/airflow/example_dags/example_short_circuit_decorator.py took 0.089 seconds
[2025-01-18T00:06:06.284+0000] {processor.py:186} INFO - Started process (PID=18142) to work on /home/airflow/.local/lib/python3.12/site-packages/airflow/example_dags/example_short_circuit_decorator.py
[2025-01-18T00:06:06.285+0000] {processor.py:914} INFO - Processing file /home/airflow/.local/lib/python3.12/site-packages/airflow/example_dags/example_short_circuit_decorator.py for tasks to queue
[2025-01-18T00:06:06.287+0000] {logging_mixin.py:190} INFO - [2025-01-18T00:06:06.287+0000] {dagbag.py:588} INFO - Filling up the DagBag from /home/airflow/.local/lib/python3.12/site-packages/airflow/example_dags/example_short_circuit_decorator.py
[2025-01-18T00:06:06.296+0000] {processor.py:925} INFO - DAG(s) 'example_short_circuit_decorator' retrieved from /home/airflow/.local/lib/python3.12/site-packages/airflow/example_dags/example_short_circuit_decorator.py
[2025-01-18T00:06:06.319+0000] {logging_mixin.py:190} INFO - [2025-01-18T00:06:06.319+0000] {dag.py:3239} INFO - Sync 1 DAGs
[2025-01-18T00:06:06.336+0000] {logging_mixin.py:190} INFO - [2025-01-18T00:06:06.336+0000] {dag.py:4180} INFO - Setting next_dagrun for example_short_circuit_decorator to None, run_after=None
[2025-01-18T00:06:06.359+0000] {processor.py:208} INFO - Processing /home/airflow/.local/lib/python3.12/site-packages/airflow/example_dags/example_short_circuit_decorator.py took 0.080 seconds
[2025-01-18T00:06:36.636+0000] {processor.py:186} INFO - Started process (PID=18210) to work on /home/airflow/.local/lib/python3.12/site-packages/airflow/example_dags/example_short_circuit_decorator.py
[2025-01-18T00:06:36.637+0000] {processor.py:914} INFO - Processing file /home/airflow/.local/lib/python3.12/site-packages/airflow/example_dags/example_short_circuit_decorator.py for tasks to queue
[2025-01-18T00:06:36.640+0000] {logging_mixin.py:190} INFO - [2025-01-18T00:06:36.639+0000] {dagbag.py:588} INFO - Filling up the DagBag from /home/airflow/.local/lib/python3.12/site-packages/airflow/example_dags/example_short_circuit_decorator.py
[2025-01-18T00:06:36.652+0000] {processor.py:925} INFO - DAG(s) 'example_short_circuit_decorator' retrieved from /home/airflow/.local/lib/python3.12/site-packages/airflow/example_dags/example_short_circuit_decorator.py
[2025-01-18T00:06:36.679+0000] {logging_mixin.py:190} INFO - [2025-01-18T00:06:36.679+0000] {dag.py:3239} INFO - Sync 1 DAGs
[2025-01-18T00:06:36.696+0000] {logging_mixin.py:190} INFO - [2025-01-18T00:06:36.696+0000] {dag.py:4180} INFO - Setting next_dagrun for example_short_circuit_decorator to None, run_after=None
[2025-01-18T00:06:36.718+0000] {processor.py:208} INFO - Processing /home/airflow/.local/lib/python3.12/site-packages/airflow/example_dags/example_short_circuit_decorator.py took 0.090 seconds
[2025-01-18T00:07:06.856+0000] {processor.py:186} INFO - Started process (PID=18277) to work on /home/airflow/.local/lib/python3.12/site-packages/airflow/example_dags/example_short_circuit_decorator.py
[2025-01-18T00:07:06.857+0000] {processor.py:914} INFO - Processing file /home/airflow/.local/lib/python3.12/site-packages/airflow/example_dags/example_short_circuit_decorator.py for tasks to queue
[2025-01-18T00:07:06.859+0000] {logging_mixin.py:190} INFO - [2025-01-18T00:07:06.859+0000] {dagbag.py:588} INFO - Filling up the DagBag from /home/airflow/.local/lib/python3.12/site-packages/airflow/example_dags/example_short_circuit_decorator.py
[2025-01-18T00:07:06.869+0000] {processor.py:925} INFO - DAG(s) 'example_short_circuit_decorator' retrieved from /home/airflow/.local/lib/python3.12/site-packages/airflow/example_dags/example_short_circuit_decorator.py
[2025-01-18T00:07:06.897+0000] {logging_mixin.py:190} INFO - [2025-01-18T00:07:06.896+0000] {dag.py:3239} INFO - Sync 1 DAGs
[2025-01-18T00:07:06.915+0000] {logging_mixin.py:190} INFO - [2025-01-18T00:07:06.914+0000] {dag.py:4180} INFO - Setting next_dagrun for example_short_circuit_decorator to None, run_after=None
[2025-01-18T00:07:06.940+0000] {processor.py:208} INFO - Processing /home/airflow/.local/lib/python3.12/site-packages/airflow/example_dags/example_short_circuit_decorator.py took 0.091 seconds
[2025-01-18T00:07:37.171+0000] {processor.py:186} INFO - Started process (PID=18344) to work on /home/airflow/.local/lib/python3.12/site-packages/airflow/example_dags/example_short_circuit_decorator.py
[2025-01-18T00:07:37.172+0000] {processor.py:914} INFO - Processing file /home/airflow/.local/lib/python3.12/site-packages/airflow/example_dags/example_short_circuit_decorator.py for tasks to queue
[2025-01-18T00:07:37.174+0000] {logging_mixin.py:190} INFO - [2025-01-18T00:07:37.174+0000] {dagbag.py:588} INFO - Filling up the DagBag from /home/airflow/.local/lib/python3.12/site-packages/airflow/example_dags/example_short_circuit_decorator.py
[2025-01-18T00:07:37.187+0000] {processor.py:925} INFO - DAG(s) 'example_short_circuit_decorator' retrieved from /home/airflow/.local/lib/python3.12/site-packages/airflow/example_dags/example_short_circuit_decorator.py
[2025-01-18T00:07:37.216+0000] {logging_mixin.py:190} INFO - [2025-01-18T00:07:37.216+0000] {dag.py:3239} INFO - Sync 1 DAGs
[2025-01-18T00:07:37.239+0000] {logging_mixin.py:190} INFO - [2025-01-18T00:07:37.238+0000] {dag.py:4180} INFO - Setting next_dagrun for example_short_circuit_decorator to None, run_after=None
[2025-01-18T00:07:37.269+0000] {processor.py:208} INFO - Processing /home/airflow/.local/lib/python3.12/site-packages/airflow/example_dags/example_short_circuit_decorator.py took 0.106 seconds
[2025-01-18T00:08:07.478+0000] {processor.py:186} INFO - Started process (PID=18417) to work on /home/airflow/.local/lib/python3.12/site-packages/airflow/example_dags/example_short_circuit_decorator.py
[2025-01-18T00:08:07.479+0000] {processor.py:914} INFO - Processing file /home/airflow/.local/lib/python3.12/site-packages/airflow/example_dags/example_short_circuit_decorator.py for tasks to queue
[2025-01-18T00:08:07.481+0000] {logging_mixin.py:190} INFO - [2025-01-18T00:08:07.481+0000] {dagbag.py:588} INFO - Filling up the DagBag from /home/airflow/.local/lib/python3.12/site-packages/airflow/example_dags/example_short_circuit_decorator.py
[2025-01-18T00:08:07.493+0000] {processor.py:925} INFO - DAG(s) 'example_short_circuit_decorator' retrieved from /home/airflow/.local/lib/python3.12/site-packages/airflow/example_dags/example_short_circuit_decorator.py
[2025-01-18T00:08:07.520+0000] {logging_mixin.py:190} INFO - [2025-01-18T00:08:07.520+0000] {dag.py:3239} INFO - Sync 1 DAGs
[2025-01-18T00:08:07.537+0000] {logging_mixin.py:190} INFO - [2025-01-18T00:08:07.537+0000] {dag.py:4180} INFO - Setting next_dagrun for example_short_circuit_decorator to None, run_after=None
[2025-01-18T00:08:07.559+0000] {processor.py:208} INFO - Processing /home/airflow/.local/lib/python3.12/site-packages/airflow/example_dags/example_short_circuit_decorator.py took 0.087 seconds
[2025-01-18T00:08:37.816+0000] {processor.py:186} INFO - Started process (PID=18484) to work on /home/airflow/.local/lib/python3.12/site-packages/airflow/example_dags/example_short_circuit_decorator.py
[2025-01-18T00:08:37.818+0000] {processor.py:914} INFO - Processing file /home/airflow/.local/lib/python3.12/site-packages/airflow/example_dags/example_short_circuit_decorator.py for tasks to queue
[2025-01-18T00:08:37.821+0000] {logging_mixin.py:190} INFO - [2025-01-18T00:08:37.821+0000] {dagbag.py:588} INFO - Filling up the DagBag from /home/airflow/.local/lib/python3.12/site-packages/airflow/example_dags/example_short_circuit_decorator.py
[2025-01-18T00:08:37.833+0000] {processor.py:925} INFO - DAG(s) 'example_short_circuit_decorator' retrieved from /home/airflow/.local/lib/python3.12/site-packages/airflow/example_dags/example_short_circuit_decorator.py
[2025-01-18T00:08:37.868+0000] {logging_mixin.py:190} INFO - [2025-01-18T00:08:37.867+0000] {dag.py:3239} INFO - Sync 1 DAGs
[2025-01-18T00:08:37.895+0000] {logging_mixin.py:190} INFO - [2025-01-18T00:08:37.895+0000] {dag.py:4180} INFO - Setting next_dagrun for example_short_circuit_decorator to None, run_after=None
[2025-01-18T00:08:37.925+0000] {processor.py:208} INFO - Processing /home/airflow/.local/lib/python3.12/site-packages/airflow/example_dags/example_short_circuit_decorator.py took 0.114 seconds
[2025-01-18T00:09:08.050+0000] {processor.py:186} INFO - Started process (PID=18552) to work on /home/airflow/.local/lib/python3.12/site-packages/airflow/example_dags/example_short_circuit_decorator.py
[2025-01-18T00:09:08.051+0000] {processor.py:914} INFO - Processing file /home/airflow/.local/lib/python3.12/site-packages/airflow/example_dags/example_short_circuit_decorator.py for tasks to queue
[2025-01-18T00:09:08.053+0000] {logging_mixin.py:190} INFO - [2025-01-18T00:09:08.053+0000] {dagbag.py:588} INFO - Filling up the DagBag from /home/airflow/.local/lib/python3.12/site-packages/airflow/example_dags/example_short_circuit_decorator.py
[2025-01-18T00:09:08.063+0000] {processor.py:925} INFO - DAG(s) 'example_short_circuit_decorator' retrieved from /home/airflow/.local/lib/python3.12/site-packages/airflow/example_dags/example_short_circuit_decorator.py
[2025-01-18T00:09:08.091+0000] {logging_mixin.py:190} INFO - [2025-01-18T00:09:08.090+0000] {dag.py:3239} INFO - Sync 1 DAGs
[2025-01-18T00:09:08.112+0000] {logging_mixin.py:190} INFO - [2025-01-18T00:09:08.112+0000] {dag.py:4180} INFO - Setting next_dagrun for example_short_circuit_decorator to None, run_after=None
[2025-01-18T00:09:08.144+0000] {processor.py:208} INFO - Processing /home/airflow/.local/lib/python3.12/site-packages/airflow/example_dags/example_short_circuit_decorator.py took 0.099 seconds
[2025-01-18T00:09:38.579+0000] {processor.py:186} INFO - Started process (PID=18619) to work on /home/airflow/.local/lib/python3.12/site-packages/airflow/example_dags/example_short_circuit_decorator.py
[2025-01-18T00:09:38.580+0000] {processor.py:914} INFO - Processing file /home/airflow/.local/lib/python3.12/site-packages/airflow/example_dags/example_short_circuit_decorator.py for tasks to queue
[2025-01-18T00:09:38.582+0000] {logging_mixin.py:190} INFO - [2025-01-18T00:09:38.582+0000] {dagbag.py:588} INFO - Filling up the DagBag from /home/airflow/.local/lib/python3.12/site-packages/airflow/example_dags/example_short_circuit_decorator.py
[2025-01-18T00:09:38.593+0000] {processor.py:925} INFO - DAG(s) 'example_short_circuit_decorator' retrieved from /home/airflow/.local/lib/python3.12/site-packages/airflow/example_dags/example_short_circuit_decorator.py
[2025-01-18T00:09:38.619+0000] {logging_mixin.py:190} INFO - [2025-01-18T00:09:38.619+0000] {dag.py:3239} INFO - Sync 1 DAGs
[2025-01-18T00:09:38.635+0000] {logging_mixin.py:190} INFO - [2025-01-18T00:09:38.635+0000] {dag.py:4180} INFO - Setting next_dagrun for example_short_circuit_decorator to None, run_after=None
[2025-01-18T00:09:38.655+0000] {processor.py:208} INFO - Processing /home/airflow/.local/lib/python3.12/site-packages/airflow/example_dags/example_short_circuit_decorator.py took 0.082 seconds
[2025-01-18T00:10:09.519+0000] {processor.py:186} INFO - Started process (PID=18686) to work on /home/airflow/.local/lib/python3.12/site-packages/airflow/example_dags/example_short_circuit_decorator.py
[2025-01-18T00:10:09.520+0000] {processor.py:914} INFO - Processing file /home/airflow/.local/lib/python3.12/site-packages/airflow/example_dags/example_short_circuit_decorator.py for tasks to queue
[2025-01-18T00:10:09.523+0000] {logging_mixin.py:190} INFO - [2025-01-18T00:10:09.522+0000] {dagbag.py:588} INFO - Filling up the DagBag from /home/airflow/.local/lib/python3.12/site-packages/airflow/example_dags/example_short_circuit_decorator.py
[2025-01-18T00:10:09.537+0000] {processor.py:925} INFO - DAG(s) 'example_short_circuit_decorator' retrieved from /home/airflow/.local/lib/python3.12/site-packages/airflow/example_dags/example_short_circuit_decorator.py
[2025-01-18T00:10:09.566+0000] {logging_mixin.py:190} INFO - [2025-01-18T00:10:09.566+0000] {dag.py:3239} INFO - Sync 1 DAGs
[2025-01-18T00:10:09.583+0000] {logging_mixin.py:190} INFO - [2025-01-18T00:10:09.583+0000] {dag.py:4180} INFO - Setting next_dagrun for example_short_circuit_decorator to None, run_after=None
[2025-01-18T00:10:09.606+0000] {processor.py:208} INFO - Processing /home/airflow/.local/lib/python3.12/site-packages/airflow/example_dags/example_short_circuit_decorator.py took 0.096 seconds
[2025-01-18T00:10:39.948+0000] {processor.py:186} INFO - Started process (PID=18753) to work on /home/airflow/.local/lib/python3.12/site-packages/airflow/example_dags/example_short_circuit_decorator.py
[2025-01-18T00:10:39.949+0000] {processor.py:914} INFO - Processing file /home/airflow/.local/lib/python3.12/site-packages/airflow/example_dags/example_short_circuit_decorator.py for tasks to queue
[2025-01-18T00:10:39.951+0000] {logging_mixin.py:190} INFO - [2025-01-18T00:10:39.950+0000] {dagbag.py:588} INFO - Filling up the DagBag from /home/airflow/.local/lib/python3.12/site-packages/airflow/example_dags/example_short_circuit_decorator.py
[2025-01-18T00:10:39.961+0000] {processor.py:925} INFO - DAG(s) 'example_short_circuit_decorator' retrieved from /home/airflow/.local/lib/python3.12/site-packages/airflow/example_dags/example_short_circuit_decorator.py
[2025-01-18T00:10:39.984+0000] {logging_mixin.py:190} INFO - [2025-01-18T00:10:39.984+0000] {dag.py:3239} INFO - Sync 1 DAGs
[2025-01-18T00:10:40.001+0000] {logging_mixin.py:190} INFO - [2025-01-18T00:10:40.001+0000] {dag.py:4180} INFO - Setting next_dagrun for example_short_circuit_decorator to None, run_after=None
[2025-01-18T00:10:40.025+0000] {processor.py:208} INFO - Processing /home/airflow/.local/lib/python3.12/site-packages/airflow/example_dags/example_short_circuit_decorator.py took 0.081 seconds
[2025-01-18T00:11:10.132+0000] {processor.py:186} INFO - Started process (PID=18820) to work on /home/airflow/.local/lib/python3.12/site-packages/airflow/example_dags/example_short_circuit_decorator.py
[2025-01-18T00:11:10.133+0000] {processor.py:914} INFO - Processing file /home/airflow/.local/lib/python3.12/site-packages/airflow/example_dags/example_short_circuit_decorator.py for tasks to queue
[2025-01-18T00:11:10.135+0000] {logging_mixin.py:190} INFO - [2025-01-18T00:11:10.135+0000] {dagbag.py:588} INFO - Filling up the DagBag from /home/airflow/.local/lib/python3.12/site-packages/airflow/example_dags/example_short_circuit_decorator.py
[2025-01-18T00:11:10.143+0000] {processor.py:925} INFO - DAG(s) 'example_short_circuit_decorator' retrieved from /home/airflow/.local/lib/python3.12/site-packages/airflow/example_dags/example_short_circuit_decorator.py
[2025-01-18T00:11:10.168+0000] {logging_mixin.py:190} INFO - [2025-01-18T00:11:10.168+0000] {dag.py:3239} INFO - Sync 1 DAGs
[2025-01-18T00:11:10.183+0000] {logging_mixin.py:190} INFO - [2025-01-18T00:11:10.182+0000] {dag.py:4180} INFO - Setting next_dagrun for example_short_circuit_decorator to None, run_after=None
[2025-01-18T00:11:10.204+0000] {processor.py:208} INFO - Processing /home/airflow/.local/lib/python3.12/site-packages/airflow/example_dags/example_short_circuit_decorator.py took 0.077 seconds
[2025-01-18T00:11:40.346+0000] {processor.py:186} INFO - Started process (PID=18887) to work on /home/airflow/.local/lib/python3.12/site-packages/airflow/example_dags/example_short_circuit_decorator.py
[2025-01-18T00:11:40.347+0000] {processor.py:914} INFO - Processing file /home/airflow/.local/lib/python3.12/site-packages/airflow/example_dags/example_short_circuit_decorator.py for tasks to queue
[2025-01-18T00:11:40.350+0000] {logging_mixin.py:190} INFO - [2025-01-18T00:11:40.349+0000] {dagbag.py:588} INFO - Filling up the DagBag from /home/airflow/.local/lib/python3.12/site-packages/airflow/example_dags/example_short_circuit_decorator.py
[2025-01-18T00:11:40.363+0000] {processor.py:925} INFO - DAG(s) 'example_short_circuit_decorator' retrieved from /home/airflow/.local/lib/python3.12/site-packages/airflow/example_dags/example_short_circuit_decorator.py
[2025-01-18T00:11:40.388+0000] {logging_mixin.py:190} INFO - [2025-01-18T00:11:40.388+0000] {dag.py:3239} INFO - Sync 1 DAGs
[2025-01-18T00:11:40.403+0000] {logging_mixin.py:190} INFO - [2025-01-18T00:11:40.403+0000] {dag.py:4180} INFO - Setting next_dagrun for example_short_circuit_decorator to None, run_after=None
[2025-01-18T00:11:40.423+0000] {processor.py:208} INFO - Processing /home/airflow/.local/lib/python3.12/site-packages/airflow/example_dags/example_short_circuit_decorator.py took 0.085 seconds
[2025-01-18T00:12:10.647+0000] {processor.py:186} INFO - Started process (PID=18955) to work on /home/airflow/.local/lib/python3.12/site-packages/airflow/example_dags/example_short_circuit_decorator.py
[2025-01-18T00:12:10.648+0000] {processor.py:914} INFO - Processing file /home/airflow/.local/lib/python3.12/site-packages/airflow/example_dags/example_short_circuit_decorator.py for tasks to queue
[2025-01-18T00:12:10.651+0000] {logging_mixin.py:190} INFO - [2025-01-18T00:12:10.651+0000] {dagbag.py:588} INFO - Filling up the DagBag from /home/airflow/.local/lib/python3.12/site-packages/airflow/example_dags/example_short_circuit_decorator.py
[2025-01-18T00:12:10.660+0000] {processor.py:925} INFO - DAG(s) 'example_short_circuit_decorator' retrieved from /home/airflow/.local/lib/python3.12/site-packages/airflow/example_dags/example_short_circuit_decorator.py
[2025-01-18T00:12:10.683+0000] {logging_mixin.py:190} INFO - [2025-01-18T00:12:10.683+0000] {dag.py:3239} INFO - Sync 1 DAGs
[2025-01-18T00:12:10.698+0000] {logging_mixin.py:190} INFO - [2025-01-18T00:12:10.697+0000] {dag.py:4180} INFO - Setting next_dagrun for example_short_circuit_decorator to None, run_after=None
[2025-01-18T00:12:10.717+0000] {processor.py:208} INFO - Processing /home/airflow/.local/lib/python3.12/site-packages/airflow/example_dags/example_short_circuit_decorator.py took 0.074 seconds
[2025-01-18T00:12:41.043+0000] {processor.py:186} INFO - Started process (PID=19028) to work on /home/airflow/.local/lib/python3.12/site-packages/airflow/example_dags/example_short_circuit_decorator.py
[2025-01-18T00:12:41.045+0000] {processor.py:914} INFO - Processing file /home/airflow/.local/lib/python3.12/site-packages/airflow/example_dags/example_short_circuit_decorator.py for tasks to queue
[2025-01-18T00:12:41.047+0000] {logging_mixin.py:190} INFO - [2025-01-18T00:12:41.046+0000] {dagbag.py:588} INFO - Filling up the DagBag from /home/airflow/.local/lib/python3.12/site-packages/airflow/example_dags/example_short_circuit_decorator.py
[2025-01-18T00:12:41.056+0000] {processor.py:925} INFO - DAG(s) 'example_short_circuit_decorator' retrieved from /home/airflow/.local/lib/python3.12/site-packages/airflow/example_dags/example_short_circuit_decorator.py
[2025-01-18T00:12:41.082+0000] {logging_mixin.py:190} INFO - [2025-01-18T00:12:41.081+0000] {dag.py:3239} INFO - Sync 1 DAGs
[2025-01-18T00:12:41.097+0000] {logging_mixin.py:190} INFO - [2025-01-18T00:12:41.097+0000] {dag.py:4180} INFO - Setting next_dagrun for example_short_circuit_decorator to None, run_after=None
[2025-01-18T00:12:41.119+0000] {processor.py:208} INFO - Processing /home/airflow/.local/lib/python3.12/site-packages/airflow/example_dags/example_short_circuit_decorator.py took 0.083 seconds
[2025-01-18T00:13:11.963+0000] {processor.py:186} INFO - Started process (PID=19095) to work on /home/airflow/.local/lib/python3.12/site-packages/airflow/example_dags/example_short_circuit_decorator.py
[2025-01-18T00:13:11.964+0000] {processor.py:914} INFO - Processing file /home/airflow/.local/lib/python3.12/site-packages/airflow/example_dags/example_short_circuit_decorator.py for tasks to queue
[2025-01-18T00:13:11.967+0000] {logging_mixin.py:190} INFO - [2025-01-18T00:13:11.967+0000] {dagbag.py:588} INFO - Filling up the DagBag from /home/airflow/.local/lib/python3.12/site-packages/airflow/example_dags/example_short_circuit_decorator.py
[2025-01-18T00:13:11.986+0000] {processor.py:925} INFO - DAG(s) 'example_short_circuit_decorator' retrieved from /home/airflow/.local/lib/python3.12/site-packages/airflow/example_dags/example_short_circuit_decorator.py
[2025-01-18T00:13:12.032+0000] {logging_mixin.py:190} INFO - [2025-01-18T00:13:12.032+0000] {dag.py:3239} INFO - Sync 1 DAGs
[2025-01-18T00:13:12.059+0000] {logging_mixin.py:190} INFO - [2025-01-18T00:13:12.058+0000] {dag.py:4180} INFO - Setting next_dagrun for example_short_circuit_decorator to None, run_after=None
[2025-01-18T00:13:12.087+0000] {processor.py:208} INFO - Processing /home/airflow/.local/lib/python3.12/site-packages/airflow/example_dags/example_short_circuit_decorator.py took 0.130 seconds
[2025-01-18T00:13:42.341+0000] {processor.py:186} INFO - Started process (PID=19162) to work on /home/airflow/.local/lib/python3.12/site-packages/airflow/example_dags/example_short_circuit_decorator.py
[2025-01-18T00:13:42.344+0000] {processor.py:914} INFO - Processing file /home/airflow/.local/lib/python3.12/site-packages/airflow/example_dags/example_short_circuit_decorator.py for tasks to queue
[2025-01-18T00:13:42.347+0000] {logging_mixin.py:190} INFO - [2025-01-18T00:13:42.347+0000] {dagbag.py:588} INFO - Filling up the DagBag from /home/airflow/.local/lib/python3.12/site-packages/airflow/example_dags/example_short_circuit_decorator.py
[2025-01-18T00:13:42.370+0000] {processor.py:925} INFO - DAG(s) 'example_short_circuit_decorator' retrieved from /home/airflow/.local/lib/python3.12/site-packages/airflow/example_dags/example_short_circuit_decorator.py
[2025-01-18T00:13:42.427+0000] {logging_mixin.py:190} INFO - [2025-01-18T00:13:42.426+0000] {dag.py:3239} INFO - Sync 1 DAGs
[2025-01-18T00:13:42.479+0000] {logging_mixin.py:190} INFO - [2025-01-18T00:13:42.478+0000] {dag.py:4180} INFO - Setting next_dagrun for example_short_circuit_decorator to None, run_after=None
[2025-01-18T00:13:42.526+0000] {processor.py:208} INFO - Processing /home/airflow/.local/lib/python3.12/site-packages/airflow/example_dags/example_short_circuit_decorator.py took 0.206 seconds
[2025-01-18T00:14:12.812+0000] {processor.py:186} INFO - Started process (PID=19229) to work on /home/airflow/.local/lib/python3.12/site-packages/airflow/example_dags/example_short_circuit_decorator.py
[2025-01-18T00:14:12.813+0000] {processor.py:914} INFO - Processing file /home/airflow/.local/lib/python3.12/site-packages/airflow/example_dags/example_short_circuit_decorator.py for tasks to queue
[2025-01-18T00:14:12.815+0000] {logging_mixin.py:190} INFO - [2025-01-18T00:14:12.814+0000] {dagbag.py:588} INFO - Filling up the DagBag from /home/airflow/.local/lib/python3.12/site-packages/airflow/example_dags/example_short_circuit_decorator.py
[2025-01-18T00:14:12.823+0000] {processor.py:925} INFO - DAG(s) 'example_short_circuit_decorator' retrieved from /home/airflow/.local/lib/python3.12/site-packages/airflow/example_dags/example_short_circuit_decorator.py
[2025-01-18T00:14:12.849+0000] {logging_mixin.py:190} INFO - [2025-01-18T00:14:12.849+0000] {dag.py:3239} INFO - Sync 1 DAGs
[2025-01-18T00:14:12.869+0000] {logging_mixin.py:190} INFO - [2025-01-18T00:14:12.869+0000] {dag.py:4180} INFO - Setting next_dagrun for example_short_circuit_decorator to None, run_after=None
[2025-01-18T00:14:12.894+0000] {processor.py:208} INFO - Processing /home/airflow/.local/lib/python3.12/site-packages/airflow/example_dags/example_short_circuit_decorator.py took 0.088 seconds
[2025-01-18T00:14:43.262+0000] {processor.py:186} INFO - Started process (PID=19297) to work on /home/airflow/.local/lib/python3.12/site-packages/airflow/example_dags/example_short_circuit_decorator.py
[2025-01-18T00:14:43.263+0000] {processor.py:914} INFO - Processing file /home/airflow/.local/lib/python3.12/site-packages/airflow/example_dags/example_short_circuit_decorator.py for tasks to queue
[2025-01-18T00:14:43.265+0000] {logging_mixin.py:190} INFO - [2025-01-18T00:14:43.264+0000] {dagbag.py:588} INFO - Filling up the DagBag from /home/airflow/.local/lib/python3.12/site-packages/airflow/example_dags/example_short_circuit_decorator.py
[2025-01-18T00:14:43.274+0000] {processor.py:925} INFO - DAG(s) 'example_short_circuit_decorator' retrieved from /home/airflow/.local/lib/python3.12/site-packages/airflow/example_dags/example_short_circuit_decorator.py
[2025-01-18T00:14:43.299+0000] {logging_mixin.py:190} INFO - [2025-01-18T00:14:43.298+0000] {dag.py:3239} INFO - Sync 1 DAGs
[2025-01-18T00:14:43.315+0000] {logging_mixin.py:190} INFO - [2025-01-18T00:14:43.314+0000] {dag.py:4180} INFO - Setting next_dagrun for example_short_circuit_decorator to None, run_after=None
[2025-01-18T00:14:43.336+0000] {processor.py:208} INFO - Processing /home/airflow/.local/lib/python3.12/site-packages/airflow/example_dags/example_short_circuit_decorator.py took 0.080 seconds
[2025-01-18T00:15:13.517+0000] {processor.py:186} INFO - Started process (PID=19364) to work on /home/airflow/.local/lib/python3.12/site-packages/airflow/example_dags/example_short_circuit_decorator.py
[2025-01-18T00:15:13.518+0000] {processor.py:914} INFO - Processing file /home/airflow/.local/lib/python3.12/site-packages/airflow/example_dags/example_short_circuit_decorator.py for tasks to queue
[2025-01-18T00:15:13.520+0000] {logging_mixin.py:190} INFO - [2025-01-18T00:15:13.520+0000] {dagbag.py:588} INFO - Filling up the DagBag from /home/airflow/.local/lib/python3.12/site-packages/airflow/example_dags/example_short_circuit_decorator.py
[2025-01-18T00:15:13.530+0000] {processor.py:925} INFO - DAG(s) 'example_short_circuit_decorator' retrieved from /home/airflow/.local/lib/python3.12/site-packages/airflow/example_dags/example_short_circuit_decorator.py
[2025-01-18T00:15:13.556+0000] {logging_mixin.py:190} INFO - [2025-01-18T00:15:13.556+0000] {dag.py:3239} INFO - Sync 1 DAGs
[2025-01-18T00:15:13.571+0000] {logging_mixin.py:190} INFO - [2025-01-18T00:15:13.571+0000] {dag.py:4180} INFO - Setting next_dagrun for example_short_circuit_decorator to None, run_after=None
[2025-01-18T00:15:13.592+0000] {processor.py:208} INFO - Processing /home/airflow/.local/lib/python3.12/site-packages/airflow/example_dags/example_short_circuit_decorator.py took 0.082 seconds
[2025-01-18T00:15:43.852+0000] {processor.py:186} INFO - Started process (PID=19431) to work on /home/airflow/.local/lib/python3.12/site-packages/airflow/example_dags/example_short_circuit_decorator.py
[2025-01-18T00:15:43.853+0000] {processor.py:914} INFO - Processing file /home/airflow/.local/lib/python3.12/site-packages/airflow/example_dags/example_short_circuit_decorator.py for tasks to queue
[2025-01-18T00:15:43.856+0000] {logging_mixin.py:190} INFO - [2025-01-18T00:15:43.855+0000] {dagbag.py:588} INFO - Filling up the DagBag from /home/airflow/.local/lib/python3.12/site-packages/airflow/example_dags/example_short_circuit_decorator.py
[2025-01-18T00:15:43.866+0000] {processor.py:925} INFO - DAG(s) 'example_short_circuit_decorator' retrieved from /home/airflow/.local/lib/python3.12/site-packages/airflow/example_dags/example_short_circuit_decorator.py
[2025-01-18T00:15:43.901+0000] {logging_mixin.py:190} INFO - [2025-01-18T00:15:43.901+0000] {dag.py:3239} INFO - Sync 1 DAGs
[2025-01-18T00:15:43.923+0000] {logging_mixin.py:190} INFO - [2025-01-18T00:15:43.923+0000] {dag.py:4180} INFO - Setting next_dagrun for example_short_circuit_decorator to None, run_after=None
[2025-01-18T00:15:43.955+0000] {processor.py:208} INFO - Processing /home/airflow/.local/lib/python3.12/site-packages/airflow/example_dags/example_short_circuit_decorator.py took 0.109 seconds
[2025-01-18T00:16:14.381+0000] {processor.py:186} INFO - Started process (PID=19498) to work on /home/airflow/.local/lib/python3.12/site-packages/airflow/example_dags/example_short_circuit_decorator.py
[2025-01-18T00:16:14.382+0000] {processor.py:914} INFO - Processing file /home/airflow/.local/lib/python3.12/site-packages/airflow/example_dags/example_short_circuit_decorator.py for tasks to queue
[2025-01-18T00:16:14.384+0000] {logging_mixin.py:190} INFO - [2025-01-18T00:16:14.384+0000] {dagbag.py:588} INFO - Filling up the DagBag from /home/airflow/.local/lib/python3.12/site-packages/airflow/example_dags/example_short_circuit_decorator.py
[2025-01-18T00:16:14.393+0000] {processor.py:925} INFO - DAG(s) 'example_short_circuit_decorator' retrieved from /home/airflow/.local/lib/python3.12/site-packages/airflow/example_dags/example_short_circuit_decorator.py
[2025-01-18T00:16:14.415+0000] {logging_mixin.py:190} INFO - [2025-01-18T00:16:14.415+0000] {dag.py:3239} INFO - Sync 1 DAGs
[2025-01-18T00:16:14.430+0000] {logging_mixin.py:190} INFO - [2025-01-18T00:16:14.430+0000] {dag.py:4180} INFO - Setting next_dagrun for example_short_circuit_decorator to None, run_after=None
[2025-01-18T00:16:14.451+0000] {processor.py:208} INFO - Processing /home/airflow/.local/lib/python3.12/site-packages/airflow/example_dags/example_short_circuit_decorator.py took 0.075 seconds
[2025-01-18T00:16:44.722+0000] {processor.py:186} INFO - Started process (PID=19571) to work on /home/airflow/.local/lib/python3.12/site-packages/airflow/example_dags/example_short_circuit_decorator.py
[2025-01-18T00:16:44.723+0000] {processor.py:914} INFO - Processing file /home/airflow/.local/lib/python3.12/site-packages/airflow/example_dags/example_short_circuit_decorator.py for tasks to queue
[2025-01-18T00:16:44.726+0000] {logging_mixin.py:190} INFO - [2025-01-18T00:16:44.726+0000] {dagbag.py:588} INFO - Filling up the DagBag from /home/airflow/.local/lib/python3.12/site-packages/airflow/example_dags/example_short_circuit_decorator.py
[2025-01-18T00:16:44.737+0000] {processor.py:925} INFO - DAG(s) 'example_short_circuit_decorator' retrieved from /home/airflow/.local/lib/python3.12/site-packages/airflow/example_dags/example_short_circuit_decorator.py
[2025-01-18T00:16:44.768+0000] {logging_mixin.py:190} INFO - [2025-01-18T00:16:44.768+0000] {dag.py:3239} INFO - Sync 1 DAGs
[2025-01-18T00:16:44.786+0000] {logging_mixin.py:190} INFO - [2025-01-18T00:16:44.786+0000] {dag.py:4180} INFO - Setting next_dagrun for example_short_circuit_decorator to None, run_after=None
[2025-01-18T00:16:44.810+0000] {processor.py:208} INFO - Processing /home/airflow/.local/lib/python3.12/site-packages/airflow/example_dags/example_short_circuit_decorator.py took 0.095 seconds
[2025-01-18T00:17:15.433+0000] {processor.py:186} INFO - Started process (PID=19638) to work on /home/airflow/.local/lib/python3.12/site-packages/airflow/example_dags/example_short_circuit_decorator.py
[2025-01-18T00:17:15.435+0000] {processor.py:914} INFO - Processing file /home/airflow/.local/lib/python3.12/site-packages/airflow/example_dags/example_short_circuit_decorator.py for tasks to queue
[2025-01-18T00:17:15.437+0000] {logging_mixin.py:190} INFO - [2025-01-18T00:17:15.437+0000] {dagbag.py:588} INFO - Filling up the DagBag from /home/airflow/.local/lib/python3.12/site-packages/airflow/example_dags/example_short_circuit_decorator.py
[2025-01-18T00:17:15.450+0000] {processor.py:925} INFO - DAG(s) 'example_short_circuit_decorator' retrieved from /home/airflow/.local/lib/python3.12/site-packages/airflow/example_dags/example_short_circuit_decorator.py
[2025-01-18T00:17:15.480+0000] {logging_mixin.py:190} INFO - [2025-01-18T00:17:15.480+0000] {dag.py:3239} INFO - Sync 1 DAGs
[2025-01-18T00:17:15.498+0000] {logging_mixin.py:190} INFO - [2025-01-18T00:17:15.498+0000] {dag.py:4180} INFO - Setting next_dagrun for example_short_circuit_decorator to None, run_after=None
[2025-01-18T00:17:15.526+0000] {processor.py:208} INFO - Processing /home/airflow/.local/lib/python3.12/site-packages/airflow/example_dags/example_short_circuit_decorator.py took 0.102 seconds
[2025-01-18T00:17:46.216+0000] {processor.py:186} INFO - Started process (PID=19706) to work on /home/airflow/.local/lib/python3.12/site-packages/airflow/example_dags/example_short_circuit_decorator.py
[2025-01-18T00:17:46.217+0000] {processor.py:914} INFO - Processing file /home/airflow/.local/lib/python3.12/site-packages/airflow/example_dags/example_short_circuit_decorator.py for tasks to queue
[2025-01-18T00:17:46.220+0000] {logging_mixin.py:190} INFO - [2025-01-18T00:17:46.219+0000] {dagbag.py:588} INFO - Filling up the DagBag from /home/airflow/.local/lib/python3.12/site-packages/airflow/example_dags/example_short_circuit_decorator.py
[2025-01-18T00:17:46.230+0000] {processor.py:925} INFO - DAG(s) 'example_short_circuit_decorator' retrieved from /home/airflow/.local/lib/python3.12/site-packages/airflow/example_dags/example_short_circuit_decorator.py
[2025-01-18T00:17:46.257+0000] {logging_mixin.py:190} INFO - [2025-01-18T00:17:46.257+0000] {dag.py:3239} INFO - Sync 1 DAGs
[2025-01-18T00:17:46.273+0000] {logging_mixin.py:190} INFO - [2025-01-18T00:17:46.273+0000] {dag.py:4180} INFO - Setting next_dagrun for example_short_circuit_decorator to None, run_after=None
[2025-01-18T00:17:46.297+0000] {processor.py:208} INFO - Processing /home/airflow/.local/lib/python3.12/site-packages/airflow/example_dags/example_short_circuit_decorator.py took 0.088 seconds
[2025-01-18T00:18:16.554+0000] {processor.py:186} INFO - Started process (PID=19773) to work on /home/airflow/.local/lib/python3.12/site-packages/airflow/example_dags/example_short_circuit_decorator.py
[2025-01-18T00:18:16.555+0000] {processor.py:914} INFO - Processing file /home/airflow/.local/lib/python3.12/site-packages/airflow/example_dags/example_short_circuit_decorator.py for tasks to queue
[2025-01-18T00:18:16.557+0000] {logging_mixin.py:190} INFO - [2025-01-18T00:18:16.557+0000] {dagbag.py:588} INFO - Filling up the DagBag from /home/airflow/.local/lib/python3.12/site-packages/airflow/example_dags/example_short_circuit_decorator.py
[2025-01-18T00:18:16.568+0000] {processor.py:925} INFO - DAG(s) 'example_short_circuit_decorator' retrieved from /home/airflow/.local/lib/python3.12/site-packages/airflow/example_dags/example_short_circuit_decorator.py
[2025-01-18T00:18:16.595+0000] {logging_mixin.py:190} INFO - [2025-01-18T00:18:16.595+0000] {dag.py:3239} INFO - Sync 1 DAGs
[2025-01-18T00:18:16.612+0000] {logging_mixin.py:190} INFO - [2025-01-18T00:18:16.612+0000] {dag.py:4180} INFO - Setting next_dagrun for example_short_circuit_decorator to None, run_after=None
[2025-01-18T00:18:16.638+0000] {processor.py:208} INFO - Processing /home/airflow/.local/lib/python3.12/site-packages/airflow/example_dags/example_short_circuit_decorator.py took 0.089 seconds
[2025-01-18T00:18:46.775+0000] {processor.py:186} INFO - Started process (PID=19840) to work on /home/airflow/.local/lib/python3.12/site-packages/airflow/example_dags/example_short_circuit_decorator.py
[2025-01-18T00:18:46.776+0000] {processor.py:914} INFO - Processing file /home/airflow/.local/lib/python3.12/site-packages/airflow/example_dags/example_short_circuit_decorator.py for tasks to queue
[2025-01-18T00:18:46.779+0000] {logging_mixin.py:190} INFO - [2025-01-18T00:18:46.779+0000] {dagbag.py:588} INFO - Filling up the DagBag from /home/airflow/.local/lib/python3.12/site-packages/airflow/example_dags/example_short_circuit_decorator.py
[2025-01-18T00:18:46.790+0000] {processor.py:925} INFO - DAG(s) 'example_short_circuit_decorator' retrieved from /home/airflow/.local/lib/python3.12/site-packages/airflow/example_dags/example_short_circuit_decorator.py
[2025-01-18T00:18:46.819+0000] {logging_mixin.py:190} INFO - [2025-01-18T00:18:46.819+0000] {dag.py:3239} INFO - Sync 1 DAGs
[2025-01-18T00:18:46.839+0000] {logging_mixin.py:190} INFO - [2025-01-18T00:18:46.838+0000] {dag.py:4180} INFO - Setting next_dagrun for example_short_circuit_decorator to None, run_after=None
[2025-01-18T00:18:46.863+0000] {processor.py:208} INFO - Processing /home/airflow/.local/lib/python3.12/site-packages/airflow/example_dags/example_short_circuit_decorator.py took 0.095 seconds
[2025-01-18T00:19:17.537+0000] {processor.py:186} INFO - Started process (PID=19907) to work on /home/airflow/.local/lib/python3.12/site-packages/airflow/example_dags/example_short_circuit_decorator.py
[2025-01-18T00:19:17.538+0000] {processor.py:914} INFO - Processing file /home/airflow/.local/lib/python3.12/site-packages/airflow/example_dags/example_short_circuit_decorator.py for tasks to queue
[2025-01-18T00:19:17.541+0000] {logging_mixin.py:190} INFO - [2025-01-18T00:19:17.540+0000] {dagbag.py:588} INFO - Filling up the DagBag from /home/airflow/.local/lib/python3.12/site-packages/airflow/example_dags/example_short_circuit_decorator.py
[2025-01-18T00:19:17.555+0000] {processor.py:925} INFO - DAG(s) 'example_short_circuit_decorator' retrieved from /home/airflow/.local/lib/python3.12/site-packages/airflow/example_dags/example_short_circuit_decorator.py
[2025-01-18T00:19:17.584+0000] {logging_mixin.py:190} INFO - [2025-01-18T00:19:17.584+0000] {dag.py:3239} INFO - Sync 1 DAGs
[2025-01-18T00:19:17.603+0000] {logging_mixin.py:190} INFO - [2025-01-18T00:19:17.603+0000] {dag.py:4180} INFO - Setting next_dagrun for example_short_circuit_decorator to None, run_after=None
[2025-01-18T00:19:17.628+0000] {processor.py:208} INFO - Processing /home/airflow/.local/lib/python3.12/site-packages/airflow/example_dags/example_short_circuit_decorator.py took 0.098 seconds
[2025-01-18T00:19:48.086+0000] {processor.py:186} INFO - Started process (PID=19974) to work on /home/airflow/.local/lib/python3.12/site-packages/airflow/example_dags/example_short_circuit_decorator.py
[2025-01-18T00:19:48.087+0000] {processor.py:914} INFO - Processing file /home/airflow/.local/lib/python3.12/site-packages/airflow/example_dags/example_short_circuit_decorator.py for tasks to queue
[2025-01-18T00:19:48.090+0000] {logging_mixin.py:190} INFO - [2025-01-18T00:19:48.089+0000] {dagbag.py:588} INFO - Filling up the DagBag from /home/airflow/.local/lib/python3.12/site-packages/airflow/example_dags/example_short_circuit_decorator.py
[2025-01-18T00:19:48.103+0000] {processor.py:925} INFO - DAG(s) 'example_short_circuit_decorator' retrieved from /home/airflow/.local/lib/python3.12/site-packages/airflow/example_dags/example_short_circuit_decorator.py
[2025-01-18T00:19:48.133+0000] {logging_mixin.py:190} INFO - [2025-01-18T00:19:48.133+0000] {dag.py:3239} INFO - Sync 1 DAGs
[2025-01-18T00:19:48.152+0000] {logging_mixin.py:190} INFO - [2025-01-18T00:19:48.151+0000] {dag.py:4180} INFO - Setting next_dagrun for example_short_circuit_decorator to None, run_after=None
[2025-01-18T00:19:48.178+0000] {processor.py:208} INFO - Processing /home/airflow/.local/lib/python3.12/site-packages/airflow/example_dags/example_short_circuit_decorator.py took 0.099 seconds
[2025-01-18T00:20:19.045+0000] {processor.py:186} INFO - Started process (PID=20041) to work on /home/airflow/.local/lib/python3.12/site-packages/airflow/example_dags/example_short_circuit_decorator.py
[2025-01-18T00:20:19.047+0000] {processor.py:914} INFO - Processing file /home/airflow/.local/lib/python3.12/site-packages/airflow/example_dags/example_short_circuit_decorator.py for tasks to queue
[2025-01-18T00:20:19.050+0000] {logging_mixin.py:190} INFO - [2025-01-18T00:20:19.049+0000] {dagbag.py:588} INFO - Filling up the DagBag from /home/airflow/.local/lib/python3.12/site-packages/airflow/example_dags/example_short_circuit_decorator.py
[2025-01-18T00:20:19.064+0000] {processor.py:925} INFO - DAG(s) 'example_short_circuit_decorator' retrieved from /home/airflow/.local/lib/python3.12/site-packages/airflow/example_dags/example_short_circuit_decorator.py
[2025-01-18T00:20:19.097+0000] {logging_mixin.py:190} INFO - [2025-01-18T00:20:19.097+0000] {dag.py:3239} INFO - Sync 1 DAGs
[2025-01-18T00:20:19.117+0000] {logging_mixin.py:190} INFO - [2025-01-18T00:20:19.117+0000] {dag.py:4180} INFO - Setting next_dagrun for example_short_circuit_decorator to None, run_after=None
[2025-01-18T00:20:19.147+0000] {processor.py:208} INFO - Processing /home/airflow/.local/lib/python3.12/site-packages/airflow/example_dags/example_short_circuit_decorator.py took 0.111 seconds
[2025-01-18T00:20:50.029+0000] {processor.py:186} INFO - Started process (PID=20115) to work on /home/airflow/.local/lib/python3.12/site-packages/airflow/example_dags/example_short_circuit_decorator.py
[2025-01-18T00:20:50.031+0000] {processor.py:914} INFO - Processing file /home/airflow/.local/lib/python3.12/site-packages/airflow/example_dags/example_short_circuit_decorator.py for tasks to queue
[2025-01-18T00:20:50.033+0000] {logging_mixin.py:190} INFO - [2025-01-18T00:20:50.033+0000] {dagbag.py:588} INFO - Filling up the DagBag from /home/airflow/.local/lib/python3.12/site-packages/airflow/example_dags/example_short_circuit_decorator.py
[2025-01-18T00:20:50.044+0000] {processor.py:925} INFO - DAG(s) 'example_short_circuit_decorator' retrieved from /home/airflow/.local/lib/python3.12/site-packages/airflow/example_dags/example_short_circuit_decorator.py
[2025-01-18T00:20:50.071+0000] {logging_mixin.py:190} INFO - [2025-01-18T00:20:50.070+0000] {dag.py:3239} INFO - Sync 1 DAGs
[2025-01-18T00:20:50.090+0000] {logging_mixin.py:190} INFO - [2025-01-18T00:20:50.090+0000] {dag.py:4180} INFO - Setting next_dagrun for example_short_circuit_decorator to None, run_after=None
[2025-01-18T00:20:50.116+0000] {processor.py:208} INFO - Processing /home/airflow/.local/lib/python3.12/site-packages/airflow/example_dags/example_short_circuit_decorator.py took 0.093 seconds
[2025-01-18T00:21:21.095+0000] {processor.py:186} INFO - Started process (PID=20182) to work on /home/airflow/.local/lib/python3.12/site-packages/airflow/example_dags/example_short_circuit_decorator.py
[2025-01-18T00:21:21.096+0000] {processor.py:914} INFO - Processing file /home/airflow/.local/lib/python3.12/site-packages/airflow/example_dags/example_short_circuit_decorator.py for tasks to queue
[2025-01-18T00:21:21.099+0000] {logging_mixin.py:190} INFO - [2025-01-18T00:21:21.099+0000] {dagbag.py:588} INFO - Filling up the DagBag from /home/airflow/.local/lib/python3.12/site-packages/airflow/example_dags/example_short_circuit_decorator.py
[2025-01-18T00:21:21.109+0000] {processor.py:925} INFO - DAG(s) 'example_short_circuit_decorator' retrieved from /home/airflow/.local/lib/python3.12/site-packages/airflow/example_dags/example_short_circuit_decorator.py
[2025-01-18T00:21:21.137+0000] {logging_mixin.py:190} INFO - [2025-01-18T00:21:21.137+0000] {dag.py:3239} INFO - Sync 1 DAGs
[2025-01-18T00:21:21.156+0000] {logging_mixin.py:190} INFO - [2025-01-18T00:21:21.155+0000] {dag.py:4180} INFO - Setting next_dagrun for example_short_circuit_decorator to None, run_after=None
[2025-01-18T00:21:21.180+0000] {processor.py:208} INFO - Processing /home/airflow/.local/lib/python3.12/site-packages/airflow/example_dags/example_short_circuit_decorator.py took 0.092 seconds
[2025-01-18T00:21:51.958+0000] {processor.py:186} INFO - Started process (PID=20249) to work on /home/airflow/.local/lib/python3.12/site-packages/airflow/example_dags/example_short_circuit_decorator.py
[2025-01-18T00:21:51.959+0000] {processor.py:914} INFO - Processing file /home/airflow/.local/lib/python3.12/site-packages/airflow/example_dags/example_short_circuit_decorator.py for tasks to queue
[2025-01-18T00:21:51.962+0000] {logging_mixin.py:190} INFO - [2025-01-18T00:21:51.962+0000] {dagbag.py:588} INFO - Filling up the DagBag from /home/airflow/.local/lib/python3.12/site-packages/airflow/example_dags/example_short_circuit_decorator.py
[2025-01-18T00:21:51.972+0000] {processor.py:925} INFO - DAG(s) 'example_short_circuit_decorator' retrieved from /home/airflow/.local/lib/python3.12/site-packages/airflow/example_dags/example_short_circuit_decorator.py
[2025-01-18T00:21:52.006+0000] {logging_mixin.py:190} INFO - [2025-01-18T00:21:52.005+0000] {dag.py:3239} INFO - Sync 1 DAGs
[2025-01-18T00:21:52.026+0000] {logging_mixin.py:190} INFO - [2025-01-18T00:21:52.026+0000] {dag.py:4180} INFO - Setting next_dagrun for example_short_circuit_decorator to None, run_after=None
[2025-01-18T00:21:52.059+0000] {processor.py:208} INFO - Processing /home/airflow/.local/lib/python3.12/site-packages/airflow/example_dags/example_short_circuit_decorator.py took 0.107 seconds
[2025-01-18T00:22:22.256+0000] {processor.py:186} INFO - Started process (PID=20315) to work on /home/airflow/.local/lib/python3.12/site-packages/airflow/example_dags/example_short_circuit_decorator.py
[2025-01-18T00:22:22.259+0000] {processor.py:914} INFO - Processing file /home/airflow/.local/lib/python3.12/site-packages/airflow/example_dags/example_short_circuit_decorator.py for tasks to queue
[2025-01-18T00:22:22.267+0000] {logging_mixin.py:190} INFO - [2025-01-18T00:22:22.266+0000] {dagbag.py:588} INFO - Filling up the DagBag from /home/airflow/.local/lib/python3.12/site-packages/airflow/example_dags/example_short_circuit_decorator.py
[2025-01-18T00:22:22.282+0000] {processor.py:925} INFO - DAG(s) 'example_short_circuit_decorator' retrieved from /home/airflow/.local/lib/python3.12/site-packages/airflow/example_dags/example_short_circuit_decorator.py
[2025-01-18T00:22:22.311+0000] {logging_mixin.py:190} INFO - [2025-01-18T00:22:22.311+0000] {dag.py:3239} INFO - Sync 1 DAGs
[2025-01-18T00:22:22.328+0000] {logging_mixin.py:190} INFO - [2025-01-18T00:22:22.328+0000] {dag.py:4180} INFO - Setting next_dagrun for example_short_circuit_decorator to None, run_after=None
[2025-01-18T00:22:22.355+0000] {processor.py:208} INFO - Processing /home/airflow/.local/lib/python3.12/site-packages/airflow/example_dags/example_short_circuit_decorator.py took 0.106 seconds
[2025-01-18T00:22:53.632+0000] {processor.py:186} INFO - Started process (PID=20382) to work on /home/airflow/.local/lib/python3.12/site-packages/airflow/example_dags/example_short_circuit_decorator.py
[2025-01-18T00:22:53.633+0000] {processor.py:914} INFO - Processing file /home/airflow/.local/lib/python3.12/site-packages/airflow/example_dags/example_short_circuit_decorator.py for tasks to queue
[2025-01-18T00:22:53.636+0000] {logging_mixin.py:190} INFO - [2025-01-18T00:22:53.635+0000] {dagbag.py:588} INFO - Filling up the DagBag from /home/airflow/.local/lib/python3.12/site-packages/airflow/example_dags/example_short_circuit_decorator.py
[2025-01-18T00:22:53.652+0000] {processor.py:925} INFO - DAG(s) 'example_short_circuit_decorator' retrieved from /home/airflow/.local/lib/python3.12/site-packages/airflow/example_dags/example_short_circuit_decorator.py
[2025-01-18T00:22:53.684+0000] {logging_mixin.py:190} INFO - [2025-01-18T00:22:53.684+0000] {dag.py:3239} INFO - Sync 1 DAGs
[2025-01-18T00:22:53.706+0000] {logging_mixin.py:190} INFO - [2025-01-18T00:22:53.706+0000] {dag.py:4180} INFO - Setting next_dagrun for example_short_circuit_decorator to None, run_after=None
[2025-01-18T00:22:53.735+0000] {processor.py:208} INFO - Processing /home/airflow/.local/lib/python3.12/site-packages/airflow/example_dags/example_short_circuit_decorator.py took 0.113 seconds
[2025-01-18T00:23:24.323+0000] {processor.py:186} INFO - Started process (PID=20450) to work on /home/airflow/.local/lib/python3.12/site-packages/airflow/example_dags/example_short_circuit_decorator.py
[2025-01-18T00:23:24.324+0000] {processor.py:914} INFO - Processing file /home/airflow/.local/lib/python3.12/site-packages/airflow/example_dags/example_short_circuit_decorator.py for tasks to queue
[2025-01-18T00:23:24.326+0000] {logging_mixin.py:190} INFO - [2025-01-18T00:23:24.326+0000] {dagbag.py:588} INFO - Filling up the DagBag from /home/airflow/.local/lib/python3.12/site-packages/airflow/example_dags/example_short_circuit_decorator.py
[2025-01-18T00:23:24.338+0000] {processor.py:925} INFO - DAG(s) 'example_short_circuit_decorator' retrieved from /home/airflow/.local/lib/python3.12/site-packages/airflow/example_dags/example_short_circuit_decorator.py
[2025-01-18T00:23:24.366+0000] {logging_mixin.py:190} INFO - [2025-01-18T00:23:24.365+0000] {dag.py:3239} INFO - Sync 1 DAGs
[2025-01-18T00:23:24.390+0000] {logging_mixin.py:190} INFO - [2025-01-18T00:23:24.389+0000] {dag.py:4180} INFO - Setting next_dagrun for example_short_circuit_decorator to None, run_after=None
[2025-01-18T00:23:24.421+0000] {processor.py:208} INFO - Processing /home/airflow/.local/lib/python3.12/site-packages/airflow/example_dags/example_short_circuit_decorator.py took 0.104 seconds
[2025-01-18T00:23:55.518+0000] {processor.py:186} INFO - Started process (PID=20517) to work on /home/airflow/.local/lib/python3.12/site-packages/airflow/example_dags/example_short_circuit_decorator.py
[2025-01-18T00:23:55.520+0000] {processor.py:914} INFO - Processing file /home/airflow/.local/lib/python3.12/site-packages/airflow/example_dags/example_short_circuit_decorator.py for tasks to queue
[2025-01-18T00:23:55.522+0000] {logging_mixin.py:190} INFO - [2025-01-18T00:23:55.522+0000] {dagbag.py:588} INFO - Filling up the DagBag from /home/airflow/.local/lib/python3.12/site-packages/airflow/example_dags/example_short_circuit_decorator.py
[2025-01-18T00:23:55.533+0000] {processor.py:925} INFO - DAG(s) 'example_short_circuit_decorator' retrieved from /home/airflow/.local/lib/python3.12/site-packages/airflow/example_dags/example_short_circuit_decorator.py
[2025-01-18T00:23:55.561+0000] {logging_mixin.py:190} INFO - [2025-01-18T00:23:55.560+0000] {dag.py:3239} INFO - Sync 1 DAGs
[2025-01-18T00:23:55.577+0000] {logging_mixin.py:190} INFO - [2025-01-18T00:23:55.577+0000] {dag.py:4180} INFO - Setting next_dagrun for example_short_circuit_decorator to None, run_after=None
[2025-01-18T00:23:55.606+0000] {processor.py:208} INFO - Processing /home/airflow/.local/lib/python3.12/site-packages/airflow/example_dags/example_short_circuit_decorator.py took 0.093 seconds
[2025-01-18T00:24:26.578+0000] {processor.py:186} INFO - Started process (PID=20584) to work on /home/airflow/.local/lib/python3.12/site-packages/airflow/example_dags/example_short_circuit_decorator.py
[2025-01-18T00:24:26.581+0000] {processor.py:914} INFO - Processing file /home/airflow/.local/lib/python3.12/site-packages/airflow/example_dags/example_short_circuit_decorator.py for tasks to queue
[2025-01-18T00:24:26.585+0000] {logging_mixin.py:190} INFO - [2025-01-18T00:24:26.585+0000] {dagbag.py:588} INFO - Filling up the DagBag from /home/airflow/.local/lib/python3.12/site-packages/airflow/example_dags/example_short_circuit_decorator.py
[2025-01-18T00:24:26.604+0000] {processor.py:925} INFO - DAG(s) 'example_short_circuit_decorator' retrieved from /home/airflow/.local/lib/python3.12/site-packages/airflow/example_dags/example_short_circuit_decorator.py
[2025-01-18T00:24:26.639+0000] {logging_mixin.py:190} INFO - [2025-01-18T00:24:26.639+0000] {dag.py:3239} INFO - Sync 1 DAGs
[2025-01-18T00:24:26.659+0000] {logging_mixin.py:190} INFO - [2025-01-18T00:24:26.659+0000] {dag.py:4180} INFO - Setting next_dagrun for example_short_circuit_decorator to None, run_after=None
[2025-01-18T00:24:26.692+0000] {processor.py:208} INFO - Processing /home/airflow/.local/lib/python3.12/site-packages/airflow/example_dags/example_short_circuit_decorator.py took 0.122 seconds
[2025-01-18T00:24:57.940+0000] {processor.py:186} INFO - Started process (PID=20657) to work on /home/airflow/.local/lib/python3.12/site-packages/airflow/example_dags/example_short_circuit_decorator.py
[2025-01-18T00:24:57.941+0000] {processor.py:914} INFO - Processing file /home/airflow/.local/lib/python3.12/site-packages/airflow/example_dags/example_short_circuit_decorator.py for tasks to queue
[2025-01-18T00:24:57.944+0000] {logging_mixin.py:190} INFO - [2025-01-18T00:24:57.944+0000] {dagbag.py:588} INFO - Filling up the DagBag from /home/airflow/.local/lib/python3.12/site-packages/airflow/example_dags/example_short_circuit_decorator.py
[2025-01-18T00:24:57.953+0000] {processor.py:925} INFO - DAG(s) 'example_short_circuit_decorator' retrieved from /home/airflow/.local/lib/python3.12/site-packages/airflow/example_dags/example_short_circuit_decorator.py
[2025-01-18T00:24:57.979+0000] {logging_mixin.py:190} INFO - [2025-01-18T00:24:57.979+0000] {dag.py:3239} INFO - Sync 1 DAGs
[2025-01-18T00:24:57.994+0000] {logging_mixin.py:190} INFO - [2025-01-18T00:24:57.994+0000] {dag.py:4180} INFO - Setting next_dagrun for example_short_circuit_decorator to None, run_after=None
[2025-01-18T00:24:58.020+0000] {processor.py:208} INFO - Processing /home/airflow/.local/lib/python3.12/site-packages/airflow/example_dags/example_short_circuit_decorator.py took 0.085 seconds
[2025-01-18T00:25:28.873+0000] {processor.py:186} INFO - Started process (PID=20724) to work on /home/airflow/.local/lib/python3.12/site-packages/airflow/example_dags/example_short_circuit_decorator.py
[2025-01-18T00:25:28.874+0000] {processor.py:914} INFO - Processing file /home/airflow/.local/lib/python3.12/site-packages/airflow/example_dags/example_short_circuit_decorator.py for tasks to queue
[2025-01-18T00:25:28.878+0000] {logging_mixin.py:190} INFO - [2025-01-18T00:25:28.877+0000] {dagbag.py:588} INFO - Filling up the DagBag from /home/airflow/.local/lib/python3.12/site-packages/airflow/example_dags/example_short_circuit_decorator.py
[2025-01-18T00:25:28.890+0000] {processor.py:925} INFO - DAG(s) 'example_short_circuit_decorator' retrieved from /home/airflow/.local/lib/python3.12/site-packages/airflow/example_dags/example_short_circuit_decorator.py
[2025-01-18T00:25:28.927+0000] {logging_mixin.py:190} INFO - [2025-01-18T00:25:28.926+0000] {dag.py:3239} INFO - Sync 1 DAGs
[2025-01-18T00:25:28.949+0000] {logging_mixin.py:190} INFO - [2025-01-18T00:25:28.949+0000] {dag.py:4180} INFO - Setting next_dagrun for example_short_circuit_decorator to None, run_after=None
[2025-01-18T00:25:28.980+0000] {processor.py:208} INFO - Processing /home/airflow/.local/lib/python3.12/site-packages/airflow/example_dags/example_short_circuit_decorator.py took 0.114 seconds
[2025-01-18T00:25:59.450+0000] {processor.py:186} INFO - Started process (PID=20791) to work on /home/airflow/.local/lib/python3.12/site-packages/airflow/example_dags/example_short_circuit_decorator.py
[2025-01-18T00:25:59.452+0000] {processor.py:914} INFO - Processing file /home/airflow/.local/lib/python3.12/site-packages/airflow/example_dags/example_short_circuit_decorator.py for tasks to queue
[2025-01-18T00:25:59.454+0000] {logging_mixin.py:190} INFO - [2025-01-18T00:25:59.454+0000] {dagbag.py:588} INFO - Filling up the DagBag from /home/airflow/.local/lib/python3.12/site-packages/airflow/example_dags/example_short_circuit_decorator.py
[2025-01-18T00:25:59.468+0000] {processor.py:925} INFO - DAG(s) 'example_short_circuit_decorator' retrieved from /home/airflow/.local/lib/python3.12/site-packages/airflow/example_dags/example_short_circuit_decorator.py
[2025-01-18T00:25:59.501+0000] {logging_mixin.py:190} INFO - [2025-01-18T00:25:59.501+0000] {dag.py:3239} INFO - Sync 1 DAGs
[2025-01-18T00:25:59.520+0000] {logging_mixin.py:190} INFO - [2025-01-18T00:25:59.520+0000] {dag.py:4180} INFO - Setting next_dagrun for example_short_circuit_decorator to None, run_after=None
[2025-01-18T00:25:59.546+0000] {processor.py:208} INFO - Processing /home/airflow/.local/lib/python3.12/site-packages/airflow/example_dags/example_short_circuit_decorator.py took 0.103 seconds
[2025-01-18T00:26:30.196+0000] {processor.py:186} INFO - Started process (PID=20858) to work on /home/airflow/.local/lib/python3.12/site-packages/airflow/example_dags/example_short_circuit_decorator.py
[2025-01-18T00:26:30.197+0000] {processor.py:914} INFO - Processing file /home/airflow/.local/lib/python3.12/site-packages/airflow/example_dags/example_short_circuit_decorator.py for tasks to queue
[2025-01-18T00:26:30.200+0000] {logging_mixin.py:190} INFO - [2025-01-18T00:26:30.199+0000] {dagbag.py:588} INFO - Filling up the DagBag from /home/airflow/.local/lib/python3.12/site-packages/airflow/example_dags/example_short_circuit_decorator.py
[2025-01-18T00:26:30.212+0000] {processor.py:925} INFO - DAG(s) 'example_short_circuit_decorator' retrieved from /home/airflow/.local/lib/python3.12/site-packages/airflow/example_dags/example_short_circuit_decorator.py
[2025-01-18T00:26:30.237+0000] {logging_mixin.py:190} INFO - [2025-01-18T00:26:30.237+0000] {dag.py:3239} INFO - Sync 1 DAGs
[2025-01-18T00:26:30.253+0000] {logging_mixin.py:190} INFO - [2025-01-18T00:26:30.252+0000] {dag.py:4180} INFO - Setting next_dagrun for example_short_circuit_decorator to None, run_after=None
[2025-01-18T00:26:30.272+0000] {processor.py:208} INFO - Processing /home/airflow/.local/lib/python3.12/site-packages/airflow/example_dags/example_short_circuit_decorator.py took 0.082 seconds
[2025-01-18T00:27:00.973+0000] {processor.py:186} INFO - Started process (PID=20925) to work on /home/airflow/.local/lib/python3.12/site-packages/airflow/example_dags/example_short_circuit_decorator.py
[2025-01-18T00:27:00.974+0000] {processor.py:914} INFO - Processing file /home/airflow/.local/lib/python3.12/site-packages/airflow/example_dags/example_short_circuit_decorator.py for tasks to queue
[2025-01-18T00:27:00.979+0000] {logging_mixin.py:190} INFO - [2025-01-18T00:27:00.978+0000] {dagbag.py:588} INFO - Filling up the DagBag from /home/airflow/.local/lib/python3.12/site-packages/airflow/example_dags/example_short_circuit_decorator.py
[2025-01-18T00:27:00.995+0000] {processor.py:925} INFO - DAG(s) 'example_short_circuit_decorator' retrieved from /home/airflow/.local/lib/python3.12/site-packages/airflow/example_dags/example_short_circuit_decorator.py
[2025-01-18T00:27:01.033+0000] {logging_mixin.py:190} INFO - [2025-01-18T00:27:01.032+0000] {dag.py:3239} INFO - Sync 1 DAGs
[2025-01-18T00:27:01.058+0000] {logging_mixin.py:190} INFO - [2025-01-18T00:27:01.057+0000] {dag.py:4180} INFO - Setting next_dagrun for example_short_circuit_decorator to None, run_after=None
[2025-01-18T00:27:01.085+0000] {processor.py:208} INFO - Processing /home/airflow/.local/lib/python3.12/site-packages/airflow/example_dags/example_short_circuit_decorator.py took 0.122 seconds
[2025-01-18T00:27:31.408+0000] {processor.py:186} INFO - Started process (PID=20992) to work on /home/airflow/.local/lib/python3.12/site-packages/airflow/example_dags/example_short_circuit_decorator.py
[2025-01-18T00:27:31.410+0000] {processor.py:914} INFO - Processing file /home/airflow/.local/lib/python3.12/site-packages/airflow/example_dags/example_short_circuit_decorator.py for tasks to queue
[2025-01-18T00:27:31.414+0000] {logging_mixin.py:190} INFO - [2025-01-18T00:27:31.414+0000] {dagbag.py:588} INFO - Filling up the DagBag from /home/airflow/.local/lib/python3.12/site-packages/airflow/example_dags/example_short_circuit_decorator.py
[2025-01-18T00:27:31.433+0000] {processor.py:925} INFO - DAG(s) 'example_short_circuit_decorator' retrieved from /home/airflow/.local/lib/python3.12/site-packages/airflow/example_dags/example_short_circuit_decorator.py
[2025-01-18T00:27:31.473+0000] {logging_mixin.py:190} INFO - [2025-01-18T00:27:31.473+0000] {dag.py:3239} INFO - Sync 1 DAGs
[2025-01-18T00:27:31.499+0000] {logging_mixin.py:190} INFO - [2025-01-18T00:27:31.499+0000] {dag.py:4180} INFO - Setting next_dagrun for example_short_circuit_decorator to None, run_after=None
[2025-01-18T00:27:31.535+0000] {processor.py:208} INFO - Processing /home/airflow/.local/lib/python3.12/site-packages/airflow/example_dags/example_short_circuit_decorator.py took 0.137 seconds
[2025-01-18T00:28:01.658+0000] {processor.py:186} INFO - Started process (PID=21059) to work on /home/airflow/.local/lib/python3.12/site-packages/airflow/example_dags/example_short_circuit_decorator.py
[2025-01-18T00:28:01.659+0000] {processor.py:914} INFO - Processing file /home/airflow/.local/lib/python3.12/site-packages/airflow/example_dags/example_short_circuit_decorator.py for tasks to queue
[2025-01-18T00:28:01.663+0000] {logging_mixin.py:190} INFO - [2025-01-18T00:28:01.662+0000] {dagbag.py:588} INFO - Filling up the DagBag from /home/airflow/.local/lib/python3.12/site-packages/airflow/example_dags/example_short_circuit_decorator.py
[2025-01-18T00:28:01.681+0000] {processor.py:925} INFO - DAG(s) 'example_short_circuit_decorator' retrieved from /home/airflow/.local/lib/python3.12/site-packages/airflow/example_dags/example_short_circuit_decorator.py
[2025-01-18T00:28:01.719+0000] {logging_mixin.py:190} INFO - [2025-01-18T00:28:01.719+0000] {dag.py:3239} INFO - Sync 1 DAGs
[2025-01-18T00:28:01.751+0000] {logging_mixin.py:190} INFO - [2025-01-18T00:28:01.751+0000] {dag.py:4180} INFO - Setting next_dagrun for example_short_circuit_decorator to None, run_after=None
[2025-01-18T00:28:01.789+0000] {processor.py:208} INFO - Processing /home/airflow/.local/lib/python3.12/site-packages/airflow/example_dags/example_short_circuit_decorator.py took 0.142 seconds
[2025-01-18T00:28:32.513+0000] {processor.py:186} INFO - Started process (PID=21125) to work on /home/airflow/.local/lib/python3.12/site-packages/airflow/example_dags/example_short_circuit_decorator.py
[2025-01-18T00:28:32.514+0000] {processor.py:914} INFO - Processing file /home/airflow/.local/lib/python3.12/site-packages/airflow/example_dags/example_short_circuit_decorator.py for tasks to queue
[2025-01-18T00:28:32.518+0000] {logging_mixin.py:190} INFO - [2025-01-18T00:28:32.517+0000] {dagbag.py:588} INFO - Filling up the DagBag from /home/airflow/.local/lib/python3.12/site-packages/airflow/example_dags/example_short_circuit_decorator.py
[2025-01-18T00:28:32.532+0000] {processor.py:925} INFO - DAG(s) 'example_short_circuit_decorator' retrieved from /home/airflow/.local/lib/python3.12/site-packages/airflow/example_dags/example_short_circuit_decorator.py
[2025-01-18T00:28:32.572+0000] {logging_mixin.py:190} INFO - [2025-01-18T00:28:32.572+0000] {dag.py:3239} INFO - Sync 1 DAGs
[2025-01-18T00:28:32.604+0000] {logging_mixin.py:190} INFO - [2025-01-18T00:28:32.604+0000] {dag.py:4180} INFO - Setting next_dagrun for example_short_circuit_decorator to None, run_after=None
[2025-01-18T00:28:32.651+0000] {processor.py:208} INFO - Processing /home/airflow/.local/lib/python3.12/site-packages/airflow/example_dags/example_short_circuit_decorator.py took 0.147 seconds
[2025-01-18T00:29:03.582+0000] {processor.py:186} INFO - Started process (PID=21198) to work on /home/airflow/.local/lib/python3.12/site-packages/airflow/example_dags/example_short_circuit_decorator.py
[2025-01-18T00:29:03.583+0000] {processor.py:914} INFO - Processing file /home/airflow/.local/lib/python3.12/site-packages/airflow/example_dags/example_short_circuit_decorator.py for tasks to queue
[2025-01-18T00:29:03.587+0000] {logging_mixin.py:190} INFO - [2025-01-18T00:29:03.586+0000] {dagbag.py:588} INFO - Filling up the DagBag from /home/airflow/.local/lib/python3.12/site-packages/airflow/example_dags/example_short_circuit_decorator.py
[2025-01-18T00:29:03.607+0000] {processor.py:925} INFO - DAG(s) 'example_short_circuit_decorator' retrieved from /home/airflow/.local/lib/python3.12/site-packages/airflow/example_dags/example_short_circuit_decorator.py
[2025-01-18T00:29:03.644+0000] {logging_mixin.py:190} INFO - [2025-01-18T00:29:03.644+0000] {dag.py:3239} INFO - Sync 1 DAGs
[2025-01-18T00:29:03.672+0000] {logging_mixin.py:190} INFO - [2025-01-18T00:29:03.671+0000] {dag.py:4180} INFO - Setting next_dagrun for example_short_circuit_decorator to None, run_after=None
[2025-01-18T00:29:03.715+0000] {processor.py:208} INFO - Processing /home/airflow/.local/lib/python3.12/site-packages/airflow/example_dags/example_short_circuit_decorator.py took 0.139 seconds
[2025-01-18T00:29:34.912+0000] {processor.py:186} INFO - Started process (PID=21266) to work on /home/airflow/.local/lib/python3.12/site-packages/airflow/example_dags/example_short_circuit_decorator.py
[2025-01-18T00:29:34.913+0000] {processor.py:914} INFO - Processing file /home/airflow/.local/lib/python3.12/site-packages/airflow/example_dags/example_short_circuit_decorator.py for tasks to queue
[2025-01-18T00:29:34.916+0000] {logging_mixin.py:190} INFO - [2025-01-18T00:29:34.915+0000] {dagbag.py:588} INFO - Filling up the DagBag from /home/airflow/.local/lib/python3.12/site-packages/airflow/example_dags/example_short_circuit_decorator.py
[2025-01-18T00:29:34.925+0000] {processor.py:925} INFO - DAG(s) 'example_short_circuit_decorator' retrieved from /home/airflow/.local/lib/python3.12/site-packages/airflow/example_dags/example_short_circuit_decorator.py
[2025-01-18T00:29:34.952+0000] {logging_mixin.py:190} INFO - [2025-01-18T00:29:34.952+0000] {dag.py:3239} INFO - Sync 1 DAGs
[2025-01-18T00:29:34.968+0000] {logging_mixin.py:190} INFO - [2025-01-18T00:29:34.968+0000] {dag.py:4180} INFO - Setting next_dagrun for example_short_circuit_decorator to None, run_after=None
[2025-01-18T00:29:34.992+0000] {processor.py:208} INFO - Processing /home/airflow/.local/lib/python3.12/site-packages/airflow/example_dags/example_short_circuit_decorator.py took 0.086 seconds
[2025-01-18T00:30:05.445+0000] {processor.py:186} INFO - Started process (PID=21332) to work on /home/airflow/.local/lib/python3.12/site-packages/airflow/example_dags/example_short_circuit_decorator.py
[2025-01-18T00:30:05.447+0000] {processor.py:914} INFO - Processing file /home/airflow/.local/lib/python3.12/site-packages/airflow/example_dags/example_short_circuit_decorator.py for tasks to queue
[2025-01-18T00:30:05.450+0000] {logging_mixin.py:190} INFO - [2025-01-18T00:30:05.449+0000] {dagbag.py:588} INFO - Filling up the DagBag from /home/airflow/.local/lib/python3.12/site-packages/airflow/example_dags/example_short_circuit_decorator.py
[2025-01-18T00:30:05.461+0000] {processor.py:925} INFO - DAG(s) 'example_short_circuit_decorator' retrieved from /home/airflow/.local/lib/python3.12/site-packages/airflow/example_dags/example_short_circuit_decorator.py
[2025-01-18T00:30:05.492+0000] {logging_mixin.py:190} INFO - [2025-01-18T00:30:05.491+0000] {dag.py:3239} INFO - Sync 1 DAGs
[2025-01-18T00:30:05.511+0000] {logging_mixin.py:190} INFO - [2025-01-18T00:30:05.511+0000] {dag.py:4180} INFO - Setting next_dagrun for example_short_circuit_decorator to None, run_after=None
[2025-01-18T00:30:05.538+0000] {processor.py:208} INFO - Processing /home/airflow/.local/lib/python3.12/site-packages/airflow/example_dags/example_short_circuit_decorator.py took 0.099 seconds
[2025-01-18T00:30:35.586+0000] {processor.py:186} INFO - Started process (PID=21399) to work on /home/airflow/.local/lib/python3.12/site-packages/airflow/example_dags/example_short_circuit_decorator.py
[2025-01-18T00:30:35.587+0000] {processor.py:914} INFO - Processing file /home/airflow/.local/lib/python3.12/site-packages/airflow/example_dags/example_short_circuit_decorator.py for tasks to queue
[2025-01-18T00:30:35.590+0000] {logging_mixin.py:190} INFO - [2025-01-18T00:30:35.590+0000] {dagbag.py:588} INFO - Filling up the DagBag from /home/airflow/.local/lib/python3.12/site-packages/airflow/example_dags/example_short_circuit_decorator.py
[2025-01-18T00:30:35.600+0000] {processor.py:925} INFO - DAG(s) 'example_short_circuit_decorator' retrieved from /home/airflow/.local/lib/python3.12/site-packages/airflow/example_dags/example_short_circuit_decorator.py
[2025-01-18T00:30:35.625+0000] {logging_mixin.py:190} INFO - [2025-01-18T00:30:35.625+0000] {dag.py:3239} INFO - Sync 1 DAGs
[2025-01-18T00:30:35.641+0000] {logging_mixin.py:190} INFO - [2025-01-18T00:30:35.640+0000] {dag.py:4180} INFO - Setting next_dagrun for example_short_circuit_decorator to None, run_after=None
[2025-01-18T00:30:35.665+0000] {processor.py:208} INFO - Processing /home/airflow/.local/lib/python3.12/site-packages/airflow/example_dags/example_short_circuit_decorator.py took 0.083 seconds
[2025-01-18T00:31:06.210+0000] {processor.py:186} INFO - Started process (PID=21465) to work on /home/airflow/.local/lib/python3.12/site-packages/airflow/example_dags/example_short_circuit_decorator.py
[2025-01-18T00:31:06.211+0000] {processor.py:914} INFO - Processing file /home/airflow/.local/lib/python3.12/site-packages/airflow/example_dags/example_short_circuit_decorator.py for tasks to queue
[2025-01-18T00:31:06.214+0000] {logging_mixin.py:190} INFO - [2025-01-18T00:31:06.214+0000] {dagbag.py:588} INFO - Filling up the DagBag from /home/airflow/.local/lib/python3.12/site-packages/airflow/example_dags/example_short_circuit_decorator.py
[2025-01-18T00:31:06.231+0000] {processor.py:925} INFO - DAG(s) 'example_short_circuit_decorator' retrieved from /home/airflow/.local/lib/python3.12/site-packages/airflow/example_dags/example_short_circuit_decorator.py
[2025-01-18T00:31:06.262+0000] {logging_mixin.py:190} INFO - [2025-01-18T00:31:06.262+0000] {dag.py:3239} INFO - Sync 1 DAGs
[2025-01-18T00:31:06.281+0000] {logging_mixin.py:190} INFO - [2025-01-18T00:31:06.281+0000] {dag.py:4180} INFO - Setting next_dagrun for example_short_circuit_decorator to None, run_after=None
[2025-01-18T00:31:06.307+0000] {processor.py:208} INFO - Processing /home/airflow/.local/lib/python3.12/site-packages/airflow/example_dags/example_short_circuit_decorator.py took 0.107 seconds
[2025-01-18T00:31:37.318+0000] {processor.py:186} INFO - Started process (PID=21532) to work on /home/airflow/.local/lib/python3.12/site-packages/airflow/example_dags/example_short_circuit_decorator.py
[2025-01-18T00:31:37.319+0000] {processor.py:914} INFO - Processing file /home/airflow/.local/lib/python3.12/site-packages/airflow/example_dags/example_short_circuit_decorator.py for tasks to queue
[2025-01-18T00:31:37.322+0000] {logging_mixin.py:190} INFO - [2025-01-18T00:31:37.322+0000] {dagbag.py:588} INFO - Filling up the DagBag from /home/airflow/.local/lib/python3.12/site-packages/airflow/example_dags/example_short_circuit_decorator.py
[2025-01-18T00:31:37.336+0000] {processor.py:925} INFO - DAG(s) 'example_short_circuit_decorator' retrieved from /home/airflow/.local/lib/python3.12/site-packages/airflow/example_dags/example_short_circuit_decorator.py
[2025-01-18T00:31:37.367+0000] {logging_mixin.py:190} INFO - [2025-01-18T00:31:37.366+0000] {dag.py:3239} INFO - Sync 1 DAGs
[2025-01-18T00:31:37.385+0000] {logging_mixin.py:190} INFO - [2025-01-18T00:31:37.385+0000] {dag.py:4180} INFO - Setting next_dagrun for example_short_circuit_decorator to None, run_after=None
[2025-01-18T00:31:37.409+0000] {processor.py:208} INFO - Processing /home/airflow/.local/lib/python3.12/site-packages/airflow/example_dags/example_short_circuit_decorator.py took 0.101 seconds
[2025-01-18T00:32:08.932+0000] {processor.py:186} INFO - Started process (PID=21599) to work on /home/airflow/.local/lib/python3.12/site-packages/airflow/example_dags/example_short_circuit_decorator.py
[2025-01-18T00:32:08.935+0000] {processor.py:914} INFO - Processing file /home/airflow/.local/lib/python3.12/site-packages/airflow/example_dags/example_short_circuit_decorator.py for tasks to queue
[2025-01-18T00:32:08.938+0000] {logging_mixin.py:190} INFO - [2025-01-18T00:32:08.938+0000] {dagbag.py:588} INFO - Filling up the DagBag from /home/airflow/.local/lib/python3.12/site-packages/airflow/example_dags/example_short_circuit_decorator.py
[2025-01-18T00:32:08.951+0000] {processor.py:925} INFO - DAG(s) 'example_short_circuit_decorator' retrieved from /home/airflow/.local/lib/python3.12/site-packages/airflow/example_dags/example_short_circuit_decorator.py
[2025-01-18T00:32:08.978+0000] {logging_mixin.py:190} INFO - [2025-01-18T00:32:08.978+0000] {dag.py:3239} INFO - Sync 1 DAGs
[2025-01-18T00:32:08.996+0000] {logging_mixin.py:190} INFO - [2025-01-18T00:32:08.995+0000] {dag.py:4180} INFO - Setting next_dagrun for example_short_circuit_decorator to None, run_after=None
[2025-01-18T00:32:09.020+0000] {processor.py:208} INFO - Processing /home/airflow/.local/lib/python3.12/site-packages/airflow/example_dags/example_short_circuit_decorator.py took 0.103 seconds
[2025-01-18T00:32:40.257+0000] {processor.py:186} INFO - Started process (PID=21672) to work on /home/airflow/.local/lib/python3.12/site-packages/airflow/example_dags/example_short_circuit_decorator.py
[2025-01-18T00:32:40.258+0000] {processor.py:914} INFO - Processing file /home/airflow/.local/lib/python3.12/site-packages/airflow/example_dags/example_short_circuit_decorator.py for tasks to queue
[2025-01-18T00:32:40.260+0000] {logging_mixin.py:190} INFO - [2025-01-18T00:32:40.260+0000] {dagbag.py:588} INFO - Filling up the DagBag from /home/airflow/.local/lib/python3.12/site-packages/airflow/example_dags/example_short_circuit_decorator.py
[2025-01-18T00:32:40.270+0000] {processor.py:925} INFO - DAG(s) 'example_short_circuit_decorator' retrieved from /home/airflow/.local/lib/python3.12/site-packages/airflow/example_dags/example_short_circuit_decorator.py
[2025-01-18T00:32:40.296+0000] {logging_mixin.py:190} INFO - [2025-01-18T00:32:40.295+0000] {dag.py:3239} INFO - Sync 1 DAGs
[2025-01-18T00:32:40.312+0000] {logging_mixin.py:190} INFO - [2025-01-18T00:32:40.311+0000] {dag.py:4180} INFO - Setting next_dagrun for example_short_circuit_decorator to None, run_after=None
[2025-01-18T00:32:40.332+0000] {processor.py:208} INFO - Processing /home/airflow/.local/lib/python3.12/site-packages/airflow/example_dags/example_short_circuit_decorator.py took 0.083 seconds
[2025-01-18T00:33:11.949+0000] {processor.py:186} INFO - Started process (PID=21739) to work on /home/airflow/.local/lib/python3.12/site-packages/airflow/example_dags/example_short_circuit_decorator.py
[2025-01-18T00:33:11.950+0000] {processor.py:914} INFO - Processing file /home/airflow/.local/lib/python3.12/site-packages/airflow/example_dags/example_short_circuit_decorator.py for tasks to queue
[2025-01-18T00:33:11.953+0000] {logging_mixin.py:190} INFO - [2025-01-18T00:33:11.952+0000] {dagbag.py:588} INFO - Filling up the DagBag from /home/airflow/.local/lib/python3.12/site-packages/airflow/example_dags/example_short_circuit_decorator.py
[2025-01-18T00:33:11.963+0000] {processor.py:925} INFO - DAG(s) 'example_short_circuit_decorator' retrieved from /home/airflow/.local/lib/python3.12/site-packages/airflow/example_dags/example_short_circuit_decorator.py
[2025-01-18T00:33:11.989+0000] {logging_mixin.py:190} INFO - [2025-01-18T00:33:11.988+0000] {dag.py:3239} INFO - Sync 1 DAGs
[2025-01-18T00:33:12.006+0000] {logging_mixin.py:190} INFO - [2025-01-18T00:33:12.005+0000] {dag.py:4180} INFO - Setting next_dagrun for example_short_circuit_decorator to None, run_after=None
[2025-01-18T00:33:12.032+0000] {processor.py:208} INFO - Processing /home/airflow/.local/lib/python3.12/site-packages/airflow/example_dags/example_short_circuit_decorator.py took 0.089 seconds
[2025-01-18T00:33:40.675+0000] {processor.py:186} INFO - Started process (PID=21808) to work on /home/airflow/.local/lib/python3.12/site-packages/airflow/example_dags/example_short_circuit_decorator.py
[2025-01-18T00:33:40.677+0000] {processor.py:914} INFO - Processing file /home/airflow/.local/lib/python3.12/site-packages/airflow/example_dags/example_short_circuit_decorator.py for tasks to queue
[2025-01-18T00:33:40.680+0000] {logging_mixin.py:190} INFO - [2025-01-18T00:33:40.680+0000] {dagbag.py:588} INFO - Filling up the DagBag from /home/airflow/.local/lib/python3.12/site-packages/airflow/example_dags/example_short_circuit_decorator.py
[2025-01-18T00:33:40.691+0000] {processor.py:925} INFO - DAG(s) 'example_short_circuit_decorator' retrieved from /home/airflow/.local/lib/python3.12/site-packages/airflow/example_dags/example_short_circuit_decorator.py
[2025-01-18T00:33:40.720+0000] {logging_mixin.py:190} INFO - [2025-01-18T00:33:40.719+0000] {dag.py:3239} INFO - Sync 1 DAGs
[2025-01-18T00:33:40.736+0000] {logging_mixin.py:190} INFO - [2025-01-18T00:33:40.736+0000] {dag.py:4180} INFO - Setting next_dagrun for example_short_circuit_decorator to None, run_after=None
[2025-01-18T00:33:40.758+0000] {processor.py:208} INFO - Processing /home/airflow/.local/lib/python3.12/site-packages/airflow/example_dags/example_short_circuit_decorator.py took 0.090 seconds
[2025-01-18T00:34:12.099+0000] {processor.py:186} INFO - Started process (PID=21874) to work on /home/airflow/.local/lib/python3.12/site-packages/airflow/example_dags/example_short_circuit_decorator.py
[2025-01-18T00:34:12.100+0000] {processor.py:914} INFO - Processing file /home/airflow/.local/lib/python3.12/site-packages/airflow/example_dags/example_short_circuit_decorator.py for tasks to queue
[2025-01-18T00:34:12.103+0000] {logging_mixin.py:190} INFO - [2025-01-18T00:34:12.102+0000] {dagbag.py:588} INFO - Filling up the DagBag from /home/airflow/.local/lib/python3.12/site-packages/airflow/example_dags/example_short_circuit_decorator.py
[2025-01-18T00:34:12.113+0000] {processor.py:925} INFO - DAG(s) 'example_short_circuit_decorator' retrieved from /home/airflow/.local/lib/python3.12/site-packages/airflow/example_dags/example_short_circuit_decorator.py
[2025-01-18T00:34:12.139+0000] {logging_mixin.py:190} INFO - [2025-01-18T00:34:12.139+0000] {dag.py:3239} INFO - Sync 1 DAGs
[2025-01-18T00:34:12.155+0000] {logging_mixin.py:190} INFO - [2025-01-18T00:34:12.155+0000] {dag.py:4180} INFO - Setting next_dagrun for example_short_circuit_decorator to None, run_after=None
[2025-01-18T00:34:12.177+0000] {processor.py:208} INFO - Processing /home/airflow/.local/lib/python3.12/site-packages/airflow/example_dags/example_short_circuit_decorator.py took 0.084 seconds
[2025-01-18T00:34:43.502+0000] {processor.py:186} INFO - Started process (PID=21941) to work on /home/airflow/.local/lib/python3.12/site-packages/airflow/example_dags/example_short_circuit_decorator.py
[2025-01-18T00:34:43.503+0000] {processor.py:914} INFO - Processing file /home/airflow/.local/lib/python3.12/site-packages/airflow/example_dags/example_short_circuit_decorator.py for tasks to queue
[2025-01-18T00:34:43.506+0000] {logging_mixin.py:190} INFO - [2025-01-18T00:34:43.505+0000] {dagbag.py:588} INFO - Filling up the DagBag from /home/airflow/.local/lib/python3.12/site-packages/airflow/example_dags/example_short_circuit_decorator.py
[2025-01-18T00:34:43.518+0000] {processor.py:925} INFO - DAG(s) 'example_short_circuit_decorator' retrieved from /home/airflow/.local/lib/python3.12/site-packages/airflow/example_dags/example_short_circuit_decorator.py
[2025-01-18T00:34:43.549+0000] {logging_mixin.py:190} INFO - [2025-01-18T00:34:43.549+0000] {dag.py:3239} INFO - Sync 1 DAGs
[2025-01-18T00:34:43.566+0000] {logging_mixin.py:190} INFO - [2025-01-18T00:34:43.566+0000] {dag.py:4180} INFO - Setting next_dagrun for example_short_circuit_decorator to None, run_after=None
[2025-01-18T00:34:43.591+0000] {processor.py:208} INFO - Processing /home/airflow/.local/lib/python3.12/site-packages/airflow/example_dags/example_short_circuit_decorator.py took 0.095 seconds
[2025-01-18T00:35:15.527+0000] {processor.py:186} INFO - Started process (PID=22010) to work on /home/airflow/.local/lib/python3.12/site-packages/airflow/example_dags/example_short_circuit_decorator.py
[2025-01-18T00:35:15.529+0000] {processor.py:914} INFO - Processing file /home/airflow/.local/lib/python3.12/site-packages/airflow/example_dags/example_short_circuit_decorator.py for tasks to queue
[2025-01-18T00:35:15.531+0000] {logging_mixin.py:190} INFO - [2025-01-18T00:35:15.531+0000] {dagbag.py:588} INFO - Filling up the DagBag from /home/airflow/.local/lib/python3.12/site-packages/airflow/example_dags/example_short_circuit_decorator.py
[2025-01-18T00:35:15.546+0000] {processor.py:925} INFO - DAG(s) 'example_short_circuit_decorator' retrieved from /home/airflow/.local/lib/python3.12/site-packages/airflow/example_dags/example_short_circuit_decorator.py
[2025-01-18T00:35:15.583+0000] {logging_mixin.py:190} INFO - [2025-01-18T00:35:15.583+0000] {dag.py:3239} INFO - Sync 1 DAGs
[2025-01-18T00:35:15.608+0000] {logging_mixin.py:190} INFO - [2025-01-18T00:35:15.608+0000] {dag.py:4180} INFO - Setting next_dagrun for example_short_circuit_decorator to None, run_after=None
[2025-01-18T00:35:15.638+0000] {processor.py:208} INFO - Processing /home/airflow/.local/lib/python3.12/site-packages/airflow/example_dags/example_short_circuit_decorator.py took 0.117 seconds
[2025-01-18T00:35:48.757+0000] {processor.py:186} INFO - Started process (PID=22079) to work on /home/airflow/.local/lib/python3.12/site-packages/airflow/example_dags/example_short_circuit_decorator.py
[2025-01-18T00:35:48.759+0000] {processor.py:914} INFO - Processing file /home/airflow/.local/lib/python3.12/site-packages/airflow/example_dags/example_short_circuit_decorator.py for tasks to queue
[2025-01-18T00:35:48.763+0000] {logging_mixin.py:190} INFO - [2025-01-18T00:35:48.762+0000] {dagbag.py:588} INFO - Filling up the DagBag from /home/airflow/.local/lib/python3.12/site-packages/airflow/example_dags/example_short_circuit_decorator.py
[2025-01-18T00:35:48.783+0000] {processor.py:925} INFO - DAG(s) 'example_short_circuit_decorator' retrieved from /home/airflow/.local/lib/python3.12/site-packages/airflow/example_dags/example_short_circuit_decorator.py
[2025-01-18T00:35:48.824+0000] {logging_mixin.py:190} INFO - [2025-01-18T00:35:48.823+0000] {dag.py:3239} INFO - Sync 1 DAGs
[2025-01-18T00:35:48.853+0000] {logging_mixin.py:190} INFO - [2025-01-18T00:35:48.852+0000] {dag.py:4180} INFO - Setting next_dagrun for example_short_circuit_decorator to None, run_after=None
[2025-01-18T00:35:48.890+0000] {processor.py:208} INFO - Processing /home/airflow/.local/lib/python3.12/site-packages/airflow/example_dags/example_short_circuit_decorator.py took 0.150 seconds
