[2025-01-18T00:00:01.639+0000] {processor.py:186} INFO - Started process (PID=17343) to work on /home/airflow/.local/lib/python3.12/site-packages/airflow/example_dags/example_local_kubernetes_executor.py
[2025-01-18T00:00:01.641+0000] {processor.py:914} INFO - Processing file /home/airflow/.local/lib/python3.12/site-packages/airflow/example_dags/example_local_kubernetes_executor.py for tasks to queue
[2025-01-18T00:00:01.644+0000] {logging_mixin.py:190} INFO - [2025-01-18T00:00:01.644+0000] {dagbag.py:588} INFO - Filling up the DagBag from /home/airflow/.local/lib/python3.12/site-packages/airflow/example_dags/example_local_kubernetes_executor.py
[2025-01-18T00:00:01.657+0000] {processor.py:925} INFO - DAG(s) 'example_local_kubernetes_executor' retrieved from /home/airflow/.local/lib/python3.12/site-packages/airflow/example_dags/example_local_kubernetes_executor.py
[2025-01-18T00:00:01.685+0000] {logging_mixin.py:190} INFO - [2025-01-18T00:00:01.685+0000] {dag.py:3239} INFO - Sync 1 DAGs
[2025-01-18T00:00:01.707+0000] {logging_mixin.py:190} INFO - [2025-01-18T00:00:01.706+0000] {dag.py:4180} INFO - Setting next_dagrun for example_local_kubernetes_executor to None, run_after=None
[2025-01-18T00:00:01.738+0000] {processor.py:208} INFO - Processing /home/airflow/.local/lib/python3.12/site-packages/airflow/example_dags/example_local_kubernetes_executor.py took 0.109 seconds
[2025-01-18T00:00:32.583+0000] {processor.py:186} INFO - Started process (PID=17410) to work on /home/airflow/.local/lib/python3.12/site-packages/airflow/example_dags/example_local_kubernetes_executor.py
[2025-01-18T00:00:32.584+0000] {processor.py:914} INFO - Processing file /home/airflow/.local/lib/python3.12/site-packages/airflow/example_dags/example_local_kubernetes_executor.py for tasks to queue
[2025-01-18T00:00:32.587+0000] {logging_mixin.py:190} INFO - [2025-01-18T00:00:32.587+0000] {dagbag.py:588} INFO - Filling up the DagBag from /home/airflow/.local/lib/python3.12/site-packages/airflow/example_dags/example_local_kubernetes_executor.py
[2025-01-18T00:00:32.599+0000] {processor.py:925} INFO - DAG(s) 'example_local_kubernetes_executor' retrieved from /home/airflow/.local/lib/python3.12/site-packages/airflow/example_dags/example_local_kubernetes_executor.py
[2025-01-18T00:00:32.624+0000] {logging_mixin.py:190} INFO - [2025-01-18T00:00:32.624+0000] {dag.py:3239} INFO - Sync 1 DAGs
[2025-01-18T00:00:32.644+0000] {logging_mixin.py:190} INFO - [2025-01-18T00:00:32.644+0000] {dag.py:4180} INFO - Setting next_dagrun for example_local_kubernetes_executor to None, run_after=None
[2025-01-18T00:00:32.670+0000] {processor.py:208} INFO - Processing /home/airflow/.local/lib/python3.12/site-packages/airflow/example_dags/example_local_kubernetes_executor.py took 0.093 seconds
[2025-01-18T00:01:02.995+0000] {processor.py:186} INFO - Started process (PID=17477) to work on /home/airflow/.local/lib/python3.12/site-packages/airflow/example_dags/example_local_kubernetes_executor.py
[2025-01-18T00:01:02.996+0000] {processor.py:914} INFO - Processing file /home/airflow/.local/lib/python3.12/site-packages/airflow/example_dags/example_local_kubernetes_executor.py for tasks to queue
[2025-01-18T00:01:02.999+0000] {logging_mixin.py:190} INFO - [2025-01-18T00:01:02.998+0000] {dagbag.py:588} INFO - Filling up the DagBag from /home/airflow/.local/lib/python3.12/site-packages/airflow/example_dags/example_local_kubernetes_executor.py
[2025-01-18T00:01:03.011+0000] {processor.py:925} INFO - DAG(s) 'example_local_kubernetes_executor' retrieved from /home/airflow/.local/lib/python3.12/site-packages/airflow/example_dags/example_local_kubernetes_executor.py
[2025-01-18T00:01:03.039+0000] {logging_mixin.py:190} INFO - [2025-01-18T00:01:03.038+0000] {dag.py:3239} INFO - Sync 1 DAGs
[2025-01-18T00:01:03.060+0000] {logging_mixin.py:190} INFO - [2025-01-18T00:01:03.060+0000] {dag.py:4180} INFO - Setting next_dagrun for example_local_kubernetes_executor to None, run_after=None
[2025-01-18T00:01:03.090+0000] {processor.py:208} INFO - Processing /home/airflow/.local/lib/python3.12/site-packages/airflow/example_dags/example_local_kubernetes_executor.py took 0.103 seconds
[2025-01-18T00:01:33.744+0000] {processor.py:186} INFO - Started process (PID=17541) to work on /home/airflow/.local/lib/python3.12/site-packages/airflow/example_dags/example_local_kubernetes_executor.py
[2025-01-18T00:01:33.745+0000] {processor.py:914} INFO - Processing file /home/airflow/.local/lib/python3.12/site-packages/airflow/example_dags/example_local_kubernetes_executor.py for tasks to queue
[2025-01-18T00:01:33.748+0000] {logging_mixin.py:190} INFO - [2025-01-18T00:01:33.748+0000] {dagbag.py:588} INFO - Filling up the DagBag from /home/airflow/.local/lib/python3.12/site-packages/airflow/example_dags/example_local_kubernetes_executor.py
[2025-01-18T00:01:33.764+0000] {processor.py:925} INFO - DAG(s) 'example_local_kubernetes_executor' retrieved from /home/airflow/.local/lib/python3.12/site-packages/airflow/example_dags/example_local_kubernetes_executor.py
[2025-01-18T00:01:33.816+0000] {logging_mixin.py:190} INFO - [2025-01-18T00:01:33.810+0000] {dag.py:3239} INFO - Sync 1 DAGs
[2025-01-18T00:01:33.866+0000] {logging_mixin.py:190} INFO - [2025-01-18T00:01:33.865+0000] {dag.py:4180} INFO - Setting next_dagrun for example_local_kubernetes_executor to None, run_after=None
[2025-01-18T00:01:33.914+0000] {processor.py:208} INFO - Processing /home/airflow/.local/lib/python3.12/site-packages/airflow/example_dags/example_local_kubernetes_executor.py took 0.179 seconds
[2025-01-18T00:02:04.215+0000] {processor.py:186} INFO - Started process (PID=17605) to work on /home/airflow/.local/lib/python3.12/site-packages/airflow/example_dags/example_local_kubernetes_executor.py
[2025-01-18T00:02:04.217+0000] {processor.py:914} INFO - Processing file /home/airflow/.local/lib/python3.12/site-packages/airflow/example_dags/example_local_kubernetes_executor.py for tasks to queue
[2025-01-18T00:02:04.221+0000] {logging_mixin.py:190} INFO - [2025-01-18T00:02:04.221+0000] {dagbag.py:588} INFO - Filling up the DagBag from /home/airflow/.local/lib/python3.12/site-packages/airflow/example_dags/example_local_kubernetes_executor.py
[2025-01-18T00:02:04.238+0000] {processor.py:925} INFO - DAG(s) 'example_local_kubernetes_executor' retrieved from /home/airflow/.local/lib/python3.12/site-packages/airflow/example_dags/example_local_kubernetes_executor.py
[2025-01-18T00:02:04.269+0000] {logging_mixin.py:190} INFO - [2025-01-18T00:02:04.269+0000] {dag.py:3239} INFO - Sync 1 DAGs
[2025-01-18T00:02:04.287+0000] {logging_mixin.py:190} INFO - [2025-01-18T00:02:04.286+0000] {dag.py:4180} INFO - Setting next_dagrun for example_local_kubernetes_executor to None, run_after=None
[2025-01-18T00:02:04.311+0000] {processor.py:208} INFO - Processing /home/airflow/.local/lib/python3.12/site-packages/airflow/example_dags/example_local_kubernetes_executor.py took 0.108 seconds
[2025-01-18T00:02:35.256+0000] {processor.py:186} INFO - Started process (PID=17672) to work on /home/airflow/.local/lib/python3.12/site-packages/airflow/example_dags/example_local_kubernetes_executor.py
[2025-01-18T00:02:35.257+0000] {processor.py:914} INFO - Processing file /home/airflow/.local/lib/python3.12/site-packages/airflow/example_dags/example_local_kubernetes_executor.py for tasks to queue
[2025-01-18T00:02:35.260+0000] {logging_mixin.py:190} INFO - [2025-01-18T00:02:35.260+0000] {dagbag.py:588} INFO - Filling up the DagBag from /home/airflow/.local/lib/python3.12/site-packages/airflow/example_dags/example_local_kubernetes_executor.py
[2025-01-18T00:02:35.271+0000] {processor.py:925} INFO - DAG(s) 'example_local_kubernetes_executor' retrieved from /home/airflow/.local/lib/python3.12/site-packages/airflow/example_dags/example_local_kubernetes_executor.py
[2025-01-18T00:02:35.294+0000] {logging_mixin.py:190} INFO - [2025-01-18T00:02:35.293+0000] {dag.py:3239} INFO - Sync 1 DAGs
[2025-01-18T00:02:35.310+0000] {logging_mixin.py:190} INFO - [2025-01-18T00:02:35.310+0000] {dag.py:4180} INFO - Setting next_dagrun for example_local_kubernetes_executor to None, run_after=None
[2025-01-18T00:02:35.335+0000] {processor.py:208} INFO - Processing /home/airflow/.local/lib/python3.12/site-packages/airflow/example_dags/example_local_kubernetes_executor.py took 0.084 seconds
[2025-01-18T00:03:05.614+0000] {processor.py:186} INFO - Started process (PID=17745) to work on /home/airflow/.local/lib/python3.12/site-packages/airflow/example_dags/example_local_kubernetes_executor.py
[2025-01-18T00:03:05.616+0000] {processor.py:914} INFO - Processing file /home/airflow/.local/lib/python3.12/site-packages/airflow/example_dags/example_local_kubernetes_executor.py for tasks to queue
[2025-01-18T00:03:05.619+0000] {logging_mixin.py:190} INFO - [2025-01-18T00:03:05.619+0000] {dagbag.py:588} INFO - Filling up the DagBag from /home/airflow/.local/lib/python3.12/site-packages/airflow/example_dags/example_local_kubernetes_executor.py
[2025-01-18T00:03:05.632+0000] {processor.py:925} INFO - DAG(s) 'example_local_kubernetes_executor' retrieved from /home/airflow/.local/lib/python3.12/site-packages/airflow/example_dags/example_local_kubernetes_executor.py
[2025-01-18T00:03:05.660+0000] {logging_mixin.py:190} INFO - [2025-01-18T00:03:05.660+0000] {dag.py:3239} INFO - Sync 1 DAGs
[2025-01-18T00:03:05.681+0000] {logging_mixin.py:190} INFO - [2025-01-18T00:03:05.681+0000] {dag.py:4180} INFO - Setting next_dagrun for example_local_kubernetes_executor to None, run_after=None
[2025-01-18T00:03:05.711+0000] {processor.py:208} INFO - Processing /home/airflow/.local/lib/python3.12/site-packages/airflow/example_dags/example_local_kubernetes_executor.py took 0.105 seconds
[2025-01-18T00:03:35.941+0000] {processor.py:186} INFO - Started process (PID=17812) to work on /home/airflow/.local/lib/python3.12/site-packages/airflow/example_dags/example_local_kubernetes_executor.py
[2025-01-18T00:03:35.943+0000] {processor.py:914} INFO - Processing file /home/airflow/.local/lib/python3.12/site-packages/airflow/example_dags/example_local_kubernetes_executor.py for tasks to queue
[2025-01-18T00:03:35.946+0000] {logging_mixin.py:190} INFO - [2025-01-18T00:03:35.946+0000] {dagbag.py:588} INFO - Filling up the DagBag from /home/airflow/.local/lib/python3.12/site-packages/airflow/example_dags/example_local_kubernetes_executor.py
[2025-01-18T00:03:35.957+0000] {processor.py:925} INFO - DAG(s) 'example_local_kubernetes_executor' retrieved from /home/airflow/.local/lib/python3.12/site-packages/airflow/example_dags/example_local_kubernetes_executor.py
[2025-01-18T00:03:35.979+0000] {logging_mixin.py:190} INFO - [2025-01-18T00:03:35.978+0000] {dag.py:3239} INFO - Sync 1 DAGs
[2025-01-18T00:03:35.996+0000] {logging_mixin.py:190} INFO - [2025-01-18T00:03:35.996+0000] {dag.py:4180} INFO - Setting next_dagrun for example_local_kubernetes_executor to None, run_after=None
[2025-01-18T00:03:36.019+0000] {processor.py:208} INFO - Processing /home/airflow/.local/lib/python3.12/site-packages/airflow/example_dags/example_local_kubernetes_executor.py took 0.083 seconds
[2025-01-18T00:04:06.577+0000] {processor.py:186} INFO - Started process (PID=17879) to work on /home/airflow/.local/lib/python3.12/site-packages/airflow/example_dags/example_local_kubernetes_executor.py
[2025-01-18T00:04:06.588+0000] {processor.py:914} INFO - Processing file /home/airflow/.local/lib/python3.12/site-packages/airflow/example_dags/example_local_kubernetes_executor.py for tasks to queue
[2025-01-18T00:04:06.590+0000] {logging_mixin.py:190} INFO - [2025-01-18T00:04:06.590+0000] {dagbag.py:588} INFO - Filling up the DagBag from /home/airflow/.local/lib/python3.12/site-packages/airflow/example_dags/example_local_kubernetes_executor.py
[2025-01-18T00:04:06.602+0000] {processor.py:925} INFO - DAG(s) 'example_local_kubernetes_executor' retrieved from /home/airflow/.local/lib/python3.12/site-packages/airflow/example_dags/example_local_kubernetes_executor.py
[2025-01-18T00:04:06.631+0000] {logging_mixin.py:190} INFO - [2025-01-18T00:04:06.630+0000] {dag.py:3239} INFO - Sync 1 DAGs
[2025-01-18T00:04:06.651+0000] {logging_mixin.py:190} INFO - [2025-01-18T00:04:06.650+0000] {dag.py:4180} INFO - Setting next_dagrun for example_local_kubernetes_executor to None, run_after=None
[2025-01-18T00:04:06.679+0000] {processor.py:208} INFO - Processing /home/airflow/.local/lib/python3.12/site-packages/airflow/example_dags/example_local_kubernetes_executor.py took 0.109 seconds
[2025-01-18T00:04:36.890+0000] {processor.py:186} INFO - Started process (PID=17946) to work on /home/airflow/.local/lib/python3.12/site-packages/airflow/example_dags/example_local_kubernetes_executor.py
[2025-01-18T00:04:36.893+0000] {processor.py:914} INFO - Processing file /home/airflow/.local/lib/python3.12/site-packages/airflow/example_dags/example_local_kubernetes_executor.py for tasks to queue
[2025-01-18T00:04:36.896+0000] {logging_mixin.py:190} INFO - [2025-01-18T00:04:36.896+0000] {dagbag.py:588} INFO - Filling up the DagBag from /home/airflow/.local/lib/python3.12/site-packages/airflow/example_dags/example_local_kubernetes_executor.py
[2025-01-18T00:04:36.909+0000] {processor.py:925} INFO - DAG(s) 'example_local_kubernetes_executor' retrieved from /home/airflow/.local/lib/python3.12/site-packages/airflow/example_dags/example_local_kubernetes_executor.py
[2025-01-18T00:04:36.949+0000] {logging_mixin.py:190} INFO - [2025-01-18T00:04:36.948+0000] {dag.py:3239} INFO - Sync 1 DAGs
[2025-01-18T00:04:36.978+0000] {logging_mixin.py:190} INFO - [2025-01-18T00:04:36.977+0000] {dag.py:4180} INFO - Setting next_dagrun for example_local_kubernetes_executor to None, run_after=None
[2025-01-18T00:04:37.007+0000] {processor.py:208} INFO - Processing /home/airflow/.local/lib/python3.12/site-packages/airflow/example_dags/example_local_kubernetes_executor.py took 0.126 seconds
[2025-01-18T00:05:08.322+0000] {processor.py:186} INFO - Started process (PID=18013) to work on /home/airflow/.local/lib/python3.12/site-packages/airflow/example_dags/example_local_kubernetes_executor.py
[2025-01-18T00:05:08.323+0000] {processor.py:914} INFO - Processing file /home/airflow/.local/lib/python3.12/site-packages/airflow/example_dags/example_local_kubernetes_executor.py for tasks to queue
[2025-01-18T00:05:08.326+0000] {logging_mixin.py:190} INFO - [2025-01-18T00:05:08.325+0000] {dagbag.py:588} INFO - Filling up the DagBag from /home/airflow/.local/lib/python3.12/site-packages/airflow/example_dags/example_local_kubernetes_executor.py
[2025-01-18T00:05:08.336+0000] {processor.py:925} INFO - DAG(s) 'example_local_kubernetes_executor' retrieved from /home/airflow/.local/lib/python3.12/site-packages/airflow/example_dags/example_local_kubernetes_executor.py
[2025-01-18T00:05:08.359+0000] {logging_mixin.py:190} INFO - [2025-01-18T00:05:08.358+0000] {dag.py:3239} INFO - Sync 1 DAGs
[2025-01-18T00:05:08.374+0000] {logging_mixin.py:190} INFO - [2025-01-18T00:05:08.374+0000] {dag.py:4180} INFO - Setting next_dagrun for example_local_kubernetes_executor to None, run_after=None
[2025-01-18T00:05:08.396+0000] {processor.py:208} INFO - Processing /home/airflow/.local/lib/python3.12/site-packages/airflow/example_dags/example_local_kubernetes_executor.py took 0.080 seconds
[2025-01-18T00:05:39.805+0000] {processor.py:186} INFO - Started process (PID=18081) to work on /home/airflow/.local/lib/python3.12/site-packages/airflow/example_dags/example_local_kubernetes_executor.py
[2025-01-18T00:05:39.807+0000] {processor.py:914} INFO - Processing file /home/airflow/.local/lib/python3.12/site-packages/airflow/example_dags/example_local_kubernetes_executor.py for tasks to queue
[2025-01-18T00:05:39.811+0000] {logging_mixin.py:190} INFO - [2025-01-18T00:05:39.810+0000] {dagbag.py:588} INFO - Filling up the DagBag from /home/airflow/.local/lib/python3.12/site-packages/airflow/example_dags/example_local_kubernetes_executor.py
[2025-01-18T00:05:39.820+0000] {processor.py:925} INFO - DAG(s) 'example_local_kubernetes_executor' retrieved from /home/airflow/.local/lib/python3.12/site-packages/airflow/example_dags/example_local_kubernetes_executor.py
[2025-01-18T00:05:39.843+0000] {logging_mixin.py:190} INFO - [2025-01-18T00:05:39.843+0000] {dag.py:3239} INFO - Sync 1 DAGs
[2025-01-18T00:05:39.862+0000] {logging_mixin.py:190} INFO - [2025-01-18T00:05:39.862+0000] {dag.py:4180} INFO - Setting next_dagrun for example_local_kubernetes_executor to None, run_after=None
[2025-01-18T00:05:39.883+0000] {processor.py:208} INFO - Processing /home/airflow/.local/lib/python3.12/site-packages/airflow/example_dags/example_local_kubernetes_executor.py took 0.084 seconds
[2025-01-18T00:06:11.666+0000] {processor.py:186} INFO - Started process (PID=18148) to work on /home/airflow/.local/lib/python3.12/site-packages/airflow/example_dags/example_local_kubernetes_executor.py
[2025-01-18T00:06:11.667+0000] {processor.py:914} INFO - Processing file /home/airflow/.local/lib/python3.12/site-packages/airflow/example_dags/example_local_kubernetes_executor.py for tasks to queue
[2025-01-18T00:06:11.671+0000] {logging_mixin.py:190} INFO - [2025-01-18T00:06:11.670+0000] {dagbag.py:588} INFO - Filling up the DagBag from /home/airflow/.local/lib/python3.12/site-packages/airflow/example_dags/example_local_kubernetes_executor.py
[2025-01-18T00:06:11.681+0000] {processor.py:925} INFO - DAG(s) 'example_local_kubernetes_executor' retrieved from /home/airflow/.local/lib/python3.12/site-packages/airflow/example_dags/example_local_kubernetes_executor.py
[2025-01-18T00:06:11.708+0000] {logging_mixin.py:190} INFO - [2025-01-18T00:06:11.707+0000] {dag.py:3239} INFO - Sync 1 DAGs
[2025-01-18T00:06:11.727+0000] {logging_mixin.py:190} INFO - [2025-01-18T00:06:11.727+0000] {dag.py:4180} INFO - Setting next_dagrun for example_local_kubernetes_executor to None, run_after=None
[2025-01-18T00:06:11.756+0000] {processor.py:208} INFO - Processing /home/airflow/.local/lib/python3.12/site-packages/airflow/example_dags/example_local_kubernetes_executor.py took 0.096 seconds
[2025-01-18T00:06:42.695+0000] {processor.py:186} INFO - Started process (PID=18216) to work on /home/airflow/.local/lib/python3.12/site-packages/airflow/example_dags/example_local_kubernetes_executor.py
[2025-01-18T00:06:42.696+0000] {processor.py:914} INFO - Processing file /home/airflow/.local/lib/python3.12/site-packages/airflow/example_dags/example_local_kubernetes_executor.py for tasks to queue
[2025-01-18T00:06:42.699+0000] {logging_mixin.py:190} INFO - [2025-01-18T00:06:42.699+0000] {dagbag.py:588} INFO - Filling up the DagBag from /home/airflow/.local/lib/python3.12/site-packages/airflow/example_dags/example_local_kubernetes_executor.py
[2025-01-18T00:06:42.709+0000] {processor.py:925} INFO - DAG(s) 'example_local_kubernetes_executor' retrieved from /home/airflow/.local/lib/python3.12/site-packages/airflow/example_dags/example_local_kubernetes_executor.py
[2025-01-18T00:06:42.732+0000] {logging_mixin.py:190} INFO - [2025-01-18T00:06:42.731+0000] {dag.py:3239} INFO - Sync 1 DAGs
[2025-01-18T00:06:42.750+0000] {logging_mixin.py:190} INFO - [2025-01-18T00:06:42.750+0000] {dag.py:4180} INFO - Setting next_dagrun for example_local_kubernetes_executor to None, run_after=None
[2025-01-18T00:06:42.775+0000] {processor.py:208} INFO - Processing /home/airflow/.local/lib/python3.12/site-packages/airflow/example_dags/example_local_kubernetes_executor.py took 0.085 seconds
[2025-01-18T00:07:14.243+0000] {processor.py:186} INFO - Started process (PID=18290) to work on /home/airflow/.local/lib/python3.12/site-packages/airflow/example_dags/example_local_kubernetes_executor.py
[2025-01-18T00:07:14.244+0000] {processor.py:914} INFO - Processing file /home/airflow/.local/lib/python3.12/site-packages/airflow/example_dags/example_local_kubernetes_executor.py for tasks to queue
[2025-01-18T00:07:14.246+0000] {logging_mixin.py:190} INFO - [2025-01-18T00:07:14.246+0000] {dagbag.py:588} INFO - Filling up the DagBag from /home/airflow/.local/lib/python3.12/site-packages/airflow/example_dags/example_local_kubernetes_executor.py
[2025-01-18T00:07:14.259+0000] {processor.py:925} INFO - DAG(s) 'example_local_kubernetes_executor' retrieved from /home/airflow/.local/lib/python3.12/site-packages/airflow/example_dags/example_local_kubernetes_executor.py
[2025-01-18T00:07:14.288+0000] {logging_mixin.py:190} INFO - [2025-01-18T00:07:14.287+0000] {dag.py:3239} INFO - Sync 1 DAGs
[2025-01-18T00:07:14.310+0000] {logging_mixin.py:190} INFO - [2025-01-18T00:07:14.310+0000] {dag.py:4180} INFO - Setting next_dagrun for example_local_kubernetes_executor to None, run_after=None
[2025-01-18T00:07:14.334+0000] {processor.py:208} INFO - Processing /home/airflow/.local/lib/python3.12/site-packages/airflow/example_dags/example_local_kubernetes_executor.py took 0.098 seconds
[2025-01-18T00:07:45.186+0000] {processor.py:186} INFO - Started process (PID=18357) to work on /home/airflow/.local/lib/python3.12/site-packages/airflow/example_dags/example_local_kubernetes_executor.py
[2025-01-18T00:07:45.188+0000] {processor.py:914} INFO - Processing file /home/airflow/.local/lib/python3.12/site-packages/airflow/example_dags/example_local_kubernetes_executor.py for tasks to queue
[2025-01-18T00:07:45.191+0000] {logging_mixin.py:190} INFO - [2025-01-18T00:07:45.191+0000] {dagbag.py:588} INFO - Filling up the DagBag from /home/airflow/.local/lib/python3.12/site-packages/airflow/example_dags/example_local_kubernetes_executor.py
[2025-01-18T00:07:45.201+0000] {processor.py:925} INFO - DAG(s) 'example_local_kubernetes_executor' retrieved from /home/airflow/.local/lib/python3.12/site-packages/airflow/example_dags/example_local_kubernetes_executor.py
[2025-01-18T00:07:45.225+0000] {logging_mixin.py:190} INFO - [2025-01-18T00:07:45.225+0000] {dag.py:3239} INFO - Sync 1 DAGs
[2025-01-18T00:07:45.244+0000] {logging_mixin.py:190} INFO - [2025-01-18T00:07:45.243+0000] {dag.py:4180} INFO - Setting next_dagrun for example_local_kubernetes_executor to None, run_after=None
[2025-01-18T00:07:45.270+0000] {processor.py:208} INFO - Processing /home/airflow/.local/lib/python3.12/site-packages/airflow/example_dags/example_local_kubernetes_executor.py took 0.089 seconds
[2025-01-18T00:08:17.033+0000] {processor.py:186} INFO - Started process (PID=18426) to work on /home/airflow/.local/lib/python3.12/site-packages/airflow/example_dags/example_local_kubernetes_executor.py
[2025-01-18T00:08:17.035+0000] {processor.py:914} INFO - Processing file /home/airflow/.local/lib/python3.12/site-packages/airflow/example_dags/example_local_kubernetes_executor.py for tasks to queue
[2025-01-18T00:08:17.038+0000] {logging_mixin.py:190} INFO - [2025-01-18T00:08:17.037+0000] {dagbag.py:588} INFO - Filling up the DagBag from /home/airflow/.local/lib/python3.12/site-packages/airflow/example_dags/example_local_kubernetes_executor.py
[2025-01-18T00:08:17.048+0000] {processor.py:925} INFO - DAG(s) 'example_local_kubernetes_executor' retrieved from /home/airflow/.local/lib/python3.12/site-packages/airflow/example_dags/example_local_kubernetes_executor.py
[2025-01-18T00:08:17.072+0000] {logging_mixin.py:190} INFO - [2025-01-18T00:08:17.071+0000] {dag.py:3239} INFO - Sync 1 DAGs
[2025-01-18T00:08:17.087+0000] {logging_mixin.py:190} INFO - [2025-01-18T00:08:17.087+0000] {dag.py:4180} INFO - Setting next_dagrun for example_local_kubernetes_executor to None, run_after=None
[2025-01-18T00:08:17.108+0000] {processor.py:208} INFO - Processing /home/airflow/.local/lib/python3.12/site-packages/airflow/example_dags/example_local_kubernetes_executor.py took 0.081 seconds
[2025-01-18T00:08:47.455+0000] {processor.py:186} INFO - Started process (PID=18492) to work on /home/airflow/.local/lib/python3.12/site-packages/airflow/example_dags/example_local_kubernetes_executor.py
[2025-01-18T00:08:47.457+0000] {processor.py:914} INFO - Processing file /home/airflow/.local/lib/python3.12/site-packages/airflow/example_dags/example_local_kubernetes_executor.py for tasks to queue
[2025-01-18T00:08:47.459+0000] {logging_mixin.py:190} INFO - [2025-01-18T00:08:47.459+0000] {dagbag.py:588} INFO - Filling up the DagBag from /home/airflow/.local/lib/python3.12/site-packages/airflow/example_dags/example_local_kubernetes_executor.py
[2025-01-18T00:08:47.470+0000] {processor.py:925} INFO - DAG(s) 'example_local_kubernetes_executor' retrieved from /home/airflow/.local/lib/python3.12/site-packages/airflow/example_dags/example_local_kubernetes_executor.py
[2025-01-18T00:08:47.495+0000] {logging_mixin.py:190} INFO - [2025-01-18T00:08:47.495+0000] {dag.py:3239} INFO - Sync 1 DAGs
[2025-01-18T00:08:47.514+0000] {logging_mixin.py:190} INFO - [2025-01-18T00:08:47.514+0000] {dag.py:4180} INFO - Setting next_dagrun for example_local_kubernetes_executor to None, run_after=None
[2025-01-18T00:08:47.543+0000] {processor.py:208} INFO - Processing /home/airflow/.local/lib/python3.12/site-packages/airflow/example_dags/example_local_kubernetes_executor.py took 0.095 seconds
[2025-01-18T00:09:17.670+0000] {processor.py:186} INFO - Started process (PID=18559) to work on /home/airflow/.local/lib/python3.12/site-packages/airflow/example_dags/example_local_kubernetes_executor.py
[2025-01-18T00:09:17.673+0000] {processor.py:914} INFO - Processing file /home/airflow/.local/lib/python3.12/site-packages/airflow/example_dags/example_local_kubernetes_executor.py for tasks to queue
[2025-01-18T00:09:17.676+0000] {logging_mixin.py:190} INFO - [2025-01-18T00:09:17.675+0000] {dagbag.py:588} INFO - Filling up the DagBag from /home/airflow/.local/lib/python3.12/site-packages/airflow/example_dags/example_local_kubernetes_executor.py
[2025-01-18T00:09:17.686+0000] {processor.py:925} INFO - DAG(s) 'example_local_kubernetes_executor' retrieved from /home/airflow/.local/lib/python3.12/site-packages/airflow/example_dags/example_local_kubernetes_executor.py
[2025-01-18T00:09:17.714+0000] {logging_mixin.py:190} INFO - [2025-01-18T00:09:17.714+0000] {dag.py:3239} INFO - Sync 1 DAGs
[2025-01-18T00:09:17.733+0000] {logging_mixin.py:190} INFO - [2025-01-18T00:09:17.732+0000] {dag.py:4180} INFO - Setting next_dagrun for example_local_kubernetes_executor to None, run_after=None
[2025-01-18T00:09:17.754+0000] {processor.py:208} INFO - Processing /home/airflow/.local/lib/python3.12/site-packages/airflow/example_dags/example_local_kubernetes_executor.py took 0.090 seconds
[2025-01-18T00:09:48.037+0000] {processor.py:186} INFO - Started process (PID=18626) to work on /home/airflow/.local/lib/python3.12/site-packages/airflow/example_dags/example_local_kubernetes_executor.py
[2025-01-18T00:09:48.038+0000] {processor.py:914} INFO - Processing file /home/airflow/.local/lib/python3.12/site-packages/airflow/example_dags/example_local_kubernetes_executor.py for tasks to queue
[2025-01-18T00:09:48.040+0000] {logging_mixin.py:190} INFO - [2025-01-18T00:09:48.040+0000] {dagbag.py:588} INFO - Filling up the DagBag from /home/airflow/.local/lib/python3.12/site-packages/airflow/example_dags/example_local_kubernetes_executor.py
[2025-01-18T00:09:48.051+0000] {processor.py:925} INFO - DAG(s) 'example_local_kubernetes_executor' retrieved from /home/airflow/.local/lib/python3.12/site-packages/airflow/example_dags/example_local_kubernetes_executor.py
[2025-01-18T00:09:48.079+0000] {logging_mixin.py:190} INFO - [2025-01-18T00:09:48.078+0000] {dag.py:3239} INFO - Sync 1 DAGs
[2025-01-18T00:09:48.097+0000] {logging_mixin.py:190} INFO - [2025-01-18T00:09:48.097+0000] {dag.py:4180} INFO - Setting next_dagrun for example_local_kubernetes_executor to None, run_after=None
[2025-01-18T00:09:48.126+0000] {processor.py:208} INFO - Processing /home/airflow/.local/lib/python3.12/site-packages/airflow/example_dags/example_local_kubernetes_executor.py took 0.095 seconds
[2025-01-18T00:10:18.974+0000] {processor.py:186} INFO - Started process (PID=18693) to work on /home/airflow/.local/lib/python3.12/site-packages/airflow/example_dags/example_local_kubernetes_executor.py
[2025-01-18T00:10:18.975+0000] {processor.py:914} INFO - Processing file /home/airflow/.local/lib/python3.12/site-packages/airflow/example_dags/example_local_kubernetes_executor.py for tasks to queue
[2025-01-18T00:10:18.978+0000] {logging_mixin.py:190} INFO - [2025-01-18T00:10:18.977+0000] {dagbag.py:588} INFO - Filling up the DagBag from /home/airflow/.local/lib/python3.12/site-packages/airflow/example_dags/example_local_kubernetes_executor.py
[2025-01-18T00:10:18.987+0000] {processor.py:925} INFO - DAG(s) 'example_local_kubernetes_executor' retrieved from /home/airflow/.local/lib/python3.12/site-packages/airflow/example_dags/example_local_kubernetes_executor.py
[2025-01-18T00:10:19.008+0000] {logging_mixin.py:190} INFO - [2025-01-18T00:10:19.008+0000] {dag.py:3239} INFO - Sync 1 DAGs
[2025-01-18T00:10:19.023+0000] {logging_mixin.py:190} INFO - [2025-01-18T00:10:19.022+0000] {dag.py:4180} INFO - Setting next_dagrun for example_local_kubernetes_executor to None, run_after=None
[2025-01-18T00:10:19.048+0000] {processor.py:208} INFO - Processing /home/airflow/.local/lib/python3.12/site-packages/airflow/example_dags/example_local_kubernetes_executor.py took 0.079 seconds
[2025-01-18T00:10:49.390+0000] {processor.py:186} INFO - Started process (PID=18765) to work on /home/airflow/.local/lib/python3.12/site-packages/airflow/example_dags/example_local_kubernetes_executor.py
[2025-01-18T00:10:49.392+0000] {processor.py:914} INFO - Processing file /home/airflow/.local/lib/python3.12/site-packages/airflow/example_dags/example_local_kubernetes_executor.py for tasks to queue
[2025-01-18T00:10:49.396+0000] {logging_mixin.py:190} INFO - [2025-01-18T00:10:49.396+0000] {dagbag.py:588} INFO - Filling up the DagBag from /home/airflow/.local/lib/python3.12/site-packages/airflow/example_dags/example_local_kubernetes_executor.py
[2025-01-18T00:10:49.408+0000] {processor.py:925} INFO - DAG(s) 'example_local_kubernetes_executor' retrieved from /home/airflow/.local/lib/python3.12/site-packages/airflow/example_dags/example_local_kubernetes_executor.py
[2025-01-18T00:10:49.430+0000] {logging_mixin.py:190} INFO - [2025-01-18T00:10:49.430+0000] {dag.py:3239} INFO - Sync 1 DAGs
[2025-01-18T00:10:49.445+0000] {logging_mixin.py:190} INFO - [2025-01-18T00:10:49.445+0000] {dag.py:4180} INFO - Setting next_dagrun for example_local_kubernetes_executor to None, run_after=None
[2025-01-18T00:10:49.465+0000] {processor.py:208} INFO - Processing /home/airflow/.local/lib/python3.12/site-packages/airflow/example_dags/example_local_kubernetes_executor.py took 0.081 seconds
[2025-01-18T00:11:19.511+0000] {processor.py:186} INFO - Started process (PID=18832) to work on /home/airflow/.local/lib/python3.12/site-packages/airflow/example_dags/example_local_kubernetes_executor.py
[2025-01-18T00:11:19.512+0000] {processor.py:914} INFO - Processing file /home/airflow/.local/lib/python3.12/site-packages/airflow/example_dags/example_local_kubernetes_executor.py for tasks to queue
[2025-01-18T00:11:19.514+0000] {logging_mixin.py:190} INFO - [2025-01-18T00:11:19.514+0000] {dagbag.py:588} INFO - Filling up the DagBag from /home/airflow/.local/lib/python3.12/site-packages/airflow/example_dags/example_local_kubernetes_executor.py
[2025-01-18T00:11:19.525+0000] {processor.py:925} INFO - DAG(s) 'example_local_kubernetes_executor' retrieved from /home/airflow/.local/lib/python3.12/site-packages/airflow/example_dags/example_local_kubernetes_executor.py
[2025-01-18T00:11:19.550+0000] {logging_mixin.py:190} INFO - [2025-01-18T00:11:19.549+0000] {dag.py:3239} INFO - Sync 1 DAGs
[2025-01-18T00:11:19.567+0000] {logging_mixin.py:190} INFO - [2025-01-18T00:11:19.566+0000] {dag.py:4180} INFO - Setting next_dagrun for example_local_kubernetes_executor to None, run_after=None
[2025-01-18T00:11:19.590+0000] {processor.py:208} INFO - Processing /home/airflow/.local/lib/python3.12/site-packages/airflow/example_dags/example_local_kubernetes_executor.py took 0.085 seconds
[2025-01-18T00:11:49.794+0000] {processor.py:186} INFO - Started process (PID=18900) to work on /home/airflow/.local/lib/python3.12/site-packages/airflow/example_dags/example_local_kubernetes_executor.py
[2025-01-18T00:11:49.797+0000] {processor.py:914} INFO - Processing file /home/airflow/.local/lib/python3.12/site-packages/airflow/example_dags/example_local_kubernetes_executor.py for tasks to queue
[2025-01-18T00:11:49.800+0000] {logging_mixin.py:190} INFO - [2025-01-18T00:11:49.799+0000] {dagbag.py:588} INFO - Filling up the DagBag from /home/airflow/.local/lib/python3.12/site-packages/airflow/example_dags/example_local_kubernetes_executor.py
[2025-01-18T00:11:49.812+0000] {processor.py:925} INFO - DAG(s) 'example_local_kubernetes_executor' retrieved from /home/airflow/.local/lib/python3.12/site-packages/airflow/example_dags/example_local_kubernetes_executor.py
[2025-01-18T00:11:49.835+0000] {logging_mixin.py:190} INFO - [2025-01-18T00:11:49.835+0000] {dag.py:3239} INFO - Sync 1 DAGs
[2025-01-18T00:11:49.853+0000] {logging_mixin.py:190} INFO - [2025-01-18T00:11:49.853+0000] {dag.py:4180} INFO - Setting next_dagrun for example_local_kubernetes_executor to None, run_after=None
[2025-01-18T00:11:49.872+0000] {processor.py:208} INFO - Processing /home/airflow/.local/lib/python3.12/site-packages/airflow/example_dags/example_local_kubernetes_executor.py took 0.083 seconds
[2025-01-18T00:12:20.075+0000] {processor.py:186} INFO - Started process (PID=18967) to work on /home/airflow/.local/lib/python3.12/site-packages/airflow/example_dags/example_local_kubernetes_executor.py
[2025-01-18T00:12:20.078+0000] {processor.py:914} INFO - Processing file /home/airflow/.local/lib/python3.12/site-packages/airflow/example_dags/example_local_kubernetes_executor.py for tasks to queue
[2025-01-18T00:12:20.081+0000] {logging_mixin.py:190} INFO - [2025-01-18T00:12:20.080+0000] {dagbag.py:588} INFO - Filling up the DagBag from /home/airflow/.local/lib/python3.12/site-packages/airflow/example_dags/example_local_kubernetes_executor.py
[2025-01-18T00:12:20.093+0000] {processor.py:925} INFO - DAG(s) 'example_local_kubernetes_executor' retrieved from /home/airflow/.local/lib/python3.12/site-packages/airflow/example_dags/example_local_kubernetes_executor.py
[2025-01-18T00:12:20.125+0000] {logging_mixin.py:190} INFO - [2025-01-18T00:12:20.125+0000] {dag.py:3239} INFO - Sync 1 DAGs
[2025-01-18T00:12:20.145+0000] {logging_mixin.py:190} INFO - [2025-01-18T00:12:20.144+0000] {dag.py:4180} INFO - Setting next_dagrun for example_local_kubernetes_executor to None, run_after=None
[2025-01-18T00:12:20.170+0000] {processor.py:208} INFO - Processing /home/airflow/.local/lib/python3.12/site-packages/airflow/example_dags/example_local_kubernetes_executor.py took 0.102 seconds
[2025-01-18T00:12:50.783+0000] {processor.py:186} INFO - Started process (PID=19034) to work on /home/airflow/.local/lib/python3.12/site-packages/airflow/example_dags/example_local_kubernetes_executor.py
[2025-01-18T00:12:50.784+0000] {processor.py:914} INFO - Processing file /home/airflow/.local/lib/python3.12/site-packages/airflow/example_dags/example_local_kubernetes_executor.py for tasks to queue
[2025-01-18T00:12:50.786+0000] {logging_mixin.py:190} INFO - [2025-01-18T00:12:50.786+0000] {dagbag.py:588} INFO - Filling up the DagBag from /home/airflow/.local/lib/python3.12/site-packages/airflow/example_dags/example_local_kubernetes_executor.py
[2025-01-18T00:12:50.797+0000] {processor.py:925} INFO - DAG(s) 'example_local_kubernetes_executor' retrieved from /home/airflow/.local/lib/python3.12/site-packages/airflow/example_dags/example_local_kubernetes_executor.py
[2025-01-18T00:12:50.823+0000] {logging_mixin.py:190} INFO - [2025-01-18T00:12:50.822+0000] {dag.py:3239} INFO - Sync 1 DAGs
[2025-01-18T00:12:50.841+0000] {logging_mixin.py:190} INFO - [2025-01-18T00:12:50.840+0000] {dag.py:4180} INFO - Setting next_dagrun for example_local_kubernetes_executor to None, run_after=None
[2025-01-18T00:12:50.862+0000] {processor.py:208} INFO - Processing /home/airflow/.local/lib/python3.12/site-packages/airflow/example_dags/example_local_kubernetes_executor.py took 0.085 seconds
[2025-01-18T00:13:21.742+0000] {processor.py:186} INFO - Started process (PID=19101) to work on /home/airflow/.local/lib/python3.12/site-packages/airflow/example_dags/example_local_kubernetes_executor.py
[2025-01-18T00:13:21.745+0000] {processor.py:914} INFO - Processing file /home/airflow/.local/lib/python3.12/site-packages/airflow/example_dags/example_local_kubernetes_executor.py for tasks to queue
[2025-01-18T00:13:21.747+0000] {logging_mixin.py:190} INFO - [2025-01-18T00:13:21.747+0000] {dagbag.py:588} INFO - Filling up the DagBag from /home/airflow/.local/lib/python3.12/site-packages/airflow/example_dags/example_local_kubernetes_executor.py
[2025-01-18T00:13:21.758+0000] {processor.py:925} INFO - DAG(s) 'example_local_kubernetes_executor' retrieved from /home/airflow/.local/lib/python3.12/site-packages/airflow/example_dags/example_local_kubernetes_executor.py
[2025-01-18T00:13:21.783+0000] {logging_mixin.py:190} INFO - [2025-01-18T00:13:21.782+0000] {dag.py:3239} INFO - Sync 1 DAGs
[2025-01-18T00:13:21.800+0000] {logging_mixin.py:190} INFO - [2025-01-18T00:13:21.799+0000] {dag.py:4180} INFO - Setting next_dagrun for example_local_kubernetes_executor to None, run_after=None
[2025-01-18T00:13:21.821+0000] {processor.py:208} INFO - Processing /home/airflow/.local/lib/python3.12/site-packages/airflow/example_dags/example_local_kubernetes_executor.py took 0.086 seconds
[2025-01-18T00:13:52.294+0000] {processor.py:186} INFO - Started process (PID=19168) to work on /home/airflow/.local/lib/python3.12/site-packages/airflow/example_dags/example_local_kubernetes_executor.py
[2025-01-18T00:13:52.296+0000] {processor.py:914} INFO - Processing file /home/airflow/.local/lib/python3.12/site-packages/airflow/example_dags/example_local_kubernetes_executor.py for tasks to queue
[2025-01-18T00:13:52.298+0000] {logging_mixin.py:190} INFO - [2025-01-18T00:13:52.298+0000] {dagbag.py:588} INFO - Filling up the DagBag from /home/airflow/.local/lib/python3.12/site-packages/airflow/example_dags/example_local_kubernetes_executor.py
[2025-01-18T00:13:52.307+0000] {processor.py:925} INFO - DAG(s) 'example_local_kubernetes_executor' retrieved from /home/airflow/.local/lib/python3.12/site-packages/airflow/example_dags/example_local_kubernetes_executor.py
[2025-01-18T00:13:52.331+0000] {logging_mixin.py:190} INFO - [2025-01-18T00:13:52.330+0000] {dag.py:3239} INFO - Sync 1 DAGs
[2025-01-18T00:13:52.349+0000] {logging_mixin.py:190} INFO - [2025-01-18T00:13:52.348+0000] {dag.py:4180} INFO - Setting next_dagrun for example_local_kubernetes_executor to None, run_after=None
[2025-01-18T00:13:52.374+0000] {processor.py:208} INFO - Processing /home/airflow/.local/lib/python3.12/site-packages/airflow/example_dags/example_local_kubernetes_executor.py took 0.085 seconds
[2025-01-18T00:14:23.266+0000] {processor.py:186} INFO - Started process (PID=19235) to work on /home/airflow/.local/lib/python3.12/site-packages/airflow/example_dags/example_local_kubernetes_executor.py
[2025-01-18T00:14:23.269+0000] {processor.py:914} INFO - Processing file /home/airflow/.local/lib/python3.12/site-packages/airflow/example_dags/example_local_kubernetes_executor.py for tasks to queue
[2025-01-18T00:14:23.271+0000] {logging_mixin.py:190} INFO - [2025-01-18T00:14:23.271+0000] {dagbag.py:588} INFO - Filling up the DagBag from /home/airflow/.local/lib/python3.12/site-packages/airflow/example_dags/example_local_kubernetes_executor.py
[2025-01-18T00:14:23.281+0000] {processor.py:925} INFO - DAG(s) 'example_local_kubernetes_executor' retrieved from /home/airflow/.local/lib/python3.12/site-packages/airflow/example_dags/example_local_kubernetes_executor.py
[2025-01-18T00:14:23.303+0000] {logging_mixin.py:190} INFO - [2025-01-18T00:14:23.303+0000] {dag.py:3239} INFO - Sync 1 DAGs
[2025-01-18T00:14:23.320+0000] {logging_mixin.py:190} INFO - [2025-01-18T00:14:23.319+0000] {dag.py:4180} INFO - Setting next_dagrun for example_local_kubernetes_executor to None, run_after=None
[2025-01-18T00:14:23.342+0000] {processor.py:208} INFO - Processing /home/airflow/.local/lib/python3.12/site-packages/airflow/example_dags/example_local_kubernetes_executor.py took 0.082 seconds
[2025-01-18T00:14:53.710+0000] {processor.py:186} INFO - Started process (PID=19303) to work on /home/airflow/.local/lib/python3.12/site-packages/airflow/example_dags/example_local_kubernetes_executor.py
[2025-01-18T00:14:53.721+0000] {processor.py:914} INFO - Processing file /home/airflow/.local/lib/python3.12/site-packages/airflow/example_dags/example_local_kubernetes_executor.py for tasks to queue
[2025-01-18T00:14:53.723+0000] {logging_mixin.py:190} INFO - [2025-01-18T00:14:53.723+0000] {dagbag.py:588} INFO - Filling up the DagBag from /home/airflow/.local/lib/python3.12/site-packages/airflow/example_dags/example_local_kubernetes_executor.py
[2025-01-18T00:14:53.730+0000] {processor.py:925} INFO - DAG(s) 'example_local_kubernetes_executor' retrieved from /home/airflow/.local/lib/python3.12/site-packages/airflow/example_dags/example_local_kubernetes_executor.py
[2025-01-18T00:14:53.751+0000] {logging_mixin.py:190} INFO - [2025-01-18T00:14:53.750+0000] {dag.py:3239} INFO - Sync 1 DAGs
[2025-01-18T00:14:53.769+0000] {logging_mixin.py:190} INFO - [2025-01-18T00:14:53.768+0000] {dag.py:4180} INFO - Setting next_dagrun for example_local_kubernetes_executor to None, run_after=None
[2025-01-18T00:14:53.799+0000] {processor.py:208} INFO - Processing /home/airflow/.local/lib/python3.12/site-packages/airflow/example_dags/example_local_kubernetes_executor.py took 0.093 seconds
[2025-01-18T00:15:24.152+0000] {processor.py:186} INFO - Started process (PID=19376) to work on /home/airflow/.local/lib/python3.12/site-packages/airflow/example_dags/example_local_kubernetes_executor.py
[2025-01-18T00:15:24.153+0000] {processor.py:914} INFO - Processing file /home/airflow/.local/lib/python3.12/site-packages/airflow/example_dags/example_local_kubernetes_executor.py for tasks to queue
[2025-01-18T00:15:24.157+0000] {logging_mixin.py:190} INFO - [2025-01-18T00:15:24.157+0000] {dagbag.py:588} INFO - Filling up the DagBag from /home/airflow/.local/lib/python3.12/site-packages/airflow/example_dags/example_local_kubernetes_executor.py
[2025-01-18T00:15:24.169+0000] {processor.py:925} INFO - DAG(s) 'example_local_kubernetes_executor' retrieved from /home/airflow/.local/lib/python3.12/site-packages/airflow/example_dags/example_local_kubernetes_executor.py
[2025-01-18T00:15:24.201+0000] {logging_mixin.py:190} INFO - [2025-01-18T00:15:24.200+0000] {dag.py:3239} INFO - Sync 1 DAGs
[2025-01-18T00:15:24.226+0000] {logging_mixin.py:190} INFO - [2025-01-18T00:15:24.225+0000] {dag.py:4180} INFO - Setting next_dagrun for example_local_kubernetes_executor to None, run_after=None
[2025-01-18T00:15:24.265+0000] {processor.py:208} INFO - Processing /home/airflow/.local/lib/python3.12/site-packages/airflow/example_dags/example_local_kubernetes_executor.py took 0.118 seconds
[2025-01-18T00:15:54.523+0000] {processor.py:186} INFO - Started process (PID=19443) to work on /home/airflow/.local/lib/python3.12/site-packages/airflow/example_dags/example_local_kubernetes_executor.py
[2025-01-18T00:15:54.524+0000] {processor.py:914} INFO - Processing file /home/airflow/.local/lib/python3.12/site-packages/airflow/example_dags/example_local_kubernetes_executor.py for tasks to queue
[2025-01-18T00:15:54.528+0000] {logging_mixin.py:190} INFO - [2025-01-18T00:15:54.527+0000] {dagbag.py:588} INFO - Filling up the DagBag from /home/airflow/.local/lib/python3.12/site-packages/airflow/example_dags/example_local_kubernetes_executor.py
[2025-01-18T00:15:54.540+0000] {processor.py:925} INFO - DAG(s) 'example_local_kubernetes_executor' retrieved from /home/airflow/.local/lib/python3.12/site-packages/airflow/example_dags/example_local_kubernetes_executor.py
[2025-01-18T00:15:54.567+0000] {logging_mixin.py:190} INFO - [2025-01-18T00:15:54.567+0000] {dag.py:3239} INFO - Sync 1 DAGs
[2025-01-18T00:15:54.588+0000] {logging_mixin.py:190} INFO - [2025-01-18T00:15:54.588+0000] {dag.py:4180} INFO - Setting next_dagrun for example_local_kubernetes_executor to None, run_after=None
[2025-01-18T00:15:54.618+0000] {processor.py:208} INFO - Processing /home/airflow/.local/lib/python3.12/site-packages/airflow/example_dags/example_local_kubernetes_executor.py took 0.103 seconds
[2025-01-18T00:16:24.835+0000] {processor.py:186} INFO - Started process (PID=19510) to work on /home/airflow/.local/lib/python3.12/site-packages/airflow/example_dags/example_local_kubernetes_executor.py
[2025-01-18T00:16:24.838+0000] {processor.py:914} INFO - Processing file /home/airflow/.local/lib/python3.12/site-packages/airflow/example_dags/example_local_kubernetes_executor.py for tasks to queue
[2025-01-18T00:16:24.840+0000] {logging_mixin.py:190} INFO - [2025-01-18T00:16:24.840+0000] {dagbag.py:588} INFO - Filling up the DagBag from /home/airflow/.local/lib/python3.12/site-packages/airflow/example_dags/example_local_kubernetes_executor.py
[2025-01-18T00:16:24.849+0000] {processor.py:925} INFO - DAG(s) 'example_local_kubernetes_executor' retrieved from /home/airflow/.local/lib/python3.12/site-packages/airflow/example_dags/example_local_kubernetes_executor.py
[2025-01-18T00:16:24.871+0000] {logging_mixin.py:190} INFO - [2025-01-18T00:16:24.871+0000] {dag.py:3239} INFO - Sync 1 DAGs
[2025-01-18T00:16:24.889+0000] {logging_mixin.py:190} INFO - [2025-01-18T00:16:24.888+0000] {dag.py:4180} INFO - Setting next_dagrun for example_local_kubernetes_executor to None, run_after=None
[2025-01-18T00:16:24.909+0000] {processor.py:208} INFO - Processing /home/airflow/.local/lib/python3.12/site-packages/airflow/example_dags/example_local_kubernetes_executor.py took 0.079 seconds
[2025-01-18T00:16:55.458+0000] {processor.py:186} INFO - Started process (PID=19577) to work on /home/airflow/.local/lib/python3.12/site-packages/airflow/example_dags/example_local_kubernetes_executor.py
[2025-01-18T00:16:55.461+0000] {processor.py:914} INFO - Processing file /home/airflow/.local/lib/python3.12/site-packages/airflow/example_dags/example_local_kubernetes_executor.py for tasks to queue
[2025-01-18T00:16:55.463+0000] {logging_mixin.py:190} INFO - [2025-01-18T00:16:55.463+0000] {dagbag.py:588} INFO - Filling up the DagBag from /home/airflow/.local/lib/python3.12/site-packages/airflow/example_dags/example_local_kubernetes_executor.py
[2025-01-18T00:16:55.473+0000] {processor.py:925} INFO - DAG(s) 'example_local_kubernetes_executor' retrieved from /home/airflow/.local/lib/python3.12/site-packages/airflow/example_dags/example_local_kubernetes_executor.py
[2025-01-18T00:16:55.496+0000] {logging_mixin.py:190} INFO - [2025-01-18T00:16:55.495+0000] {dag.py:3239} INFO - Sync 1 DAGs
[2025-01-18T00:16:55.511+0000] {logging_mixin.py:190} INFO - [2025-01-18T00:16:55.511+0000] {dag.py:4180} INFO - Setting next_dagrun for example_local_kubernetes_executor to None, run_after=None
[2025-01-18T00:16:55.532+0000] {processor.py:208} INFO - Processing /home/airflow/.local/lib/python3.12/site-packages/airflow/example_dags/example_local_kubernetes_executor.py took 0.079 seconds
[2025-01-18T00:17:25.624+0000] {processor.py:186} INFO - Started process (PID=19644) to work on /home/airflow/.local/lib/python3.12/site-packages/airflow/example_dags/example_local_kubernetes_executor.py
[2025-01-18T00:17:25.627+0000] {processor.py:914} INFO - Processing file /home/airflow/.local/lib/python3.12/site-packages/airflow/example_dags/example_local_kubernetes_executor.py for tasks to queue
[2025-01-18T00:17:25.629+0000] {logging_mixin.py:190} INFO - [2025-01-18T00:17:25.629+0000] {dagbag.py:588} INFO - Filling up the DagBag from /home/airflow/.local/lib/python3.12/site-packages/airflow/example_dags/example_local_kubernetes_executor.py
[2025-01-18T00:17:25.638+0000] {processor.py:925} INFO - DAG(s) 'example_local_kubernetes_executor' retrieved from /home/airflow/.local/lib/python3.12/site-packages/airflow/example_dags/example_local_kubernetes_executor.py
[2025-01-18T00:17:25.662+0000] {logging_mixin.py:190} INFO - [2025-01-18T00:17:25.661+0000] {dag.py:3239} INFO - Sync 1 DAGs
[2025-01-18T00:17:25.678+0000] {logging_mixin.py:190} INFO - [2025-01-18T00:17:25.678+0000] {dag.py:4180} INFO - Setting next_dagrun for example_local_kubernetes_executor to None, run_after=None
[2025-01-18T00:17:25.703+0000] {processor.py:208} INFO - Processing /home/airflow/.local/lib/python3.12/site-packages/airflow/example_dags/example_local_kubernetes_executor.py took 0.086 seconds
[2025-01-18T00:17:56.418+0000] {processor.py:186} INFO - Started process (PID=19712) to work on /home/airflow/.local/lib/python3.12/site-packages/airflow/example_dags/example_local_kubernetes_executor.py
[2025-01-18T00:17:56.419+0000] {processor.py:914} INFO - Processing file /home/airflow/.local/lib/python3.12/site-packages/airflow/example_dags/example_local_kubernetes_executor.py for tasks to queue
[2025-01-18T00:17:56.424+0000] {logging_mixin.py:190} INFO - [2025-01-18T00:17:56.423+0000] {dagbag.py:588} INFO - Filling up the DagBag from /home/airflow/.local/lib/python3.12/site-packages/airflow/example_dags/example_local_kubernetes_executor.py
[2025-01-18T00:17:56.436+0000] {processor.py:925} INFO - DAG(s) 'example_local_kubernetes_executor' retrieved from /home/airflow/.local/lib/python3.12/site-packages/airflow/example_dags/example_local_kubernetes_executor.py
[2025-01-18T00:17:56.463+0000] {logging_mixin.py:190} INFO - [2025-01-18T00:17:56.462+0000] {dag.py:3239} INFO - Sync 1 DAGs
[2025-01-18T00:17:56.482+0000] {logging_mixin.py:190} INFO - [2025-01-18T00:17:56.481+0000] {dag.py:4180} INFO - Setting next_dagrun for example_local_kubernetes_executor to None, run_after=None
[2025-01-18T00:17:56.507+0000] {processor.py:208} INFO - Processing /home/airflow/.local/lib/python3.12/site-packages/airflow/example_dags/example_local_kubernetes_executor.py took 0.097 seconds
[2025-01-18T00:18:27.000+0000] {processor.py:186} INFO - Started process (PID=19779) to work on /home/airflow/.local/lib/python3.12/site-packages/airflow/example_dags/example_local_kubernetes_executor.py
[2025-01-18T00:18:27.002+0000] {processor.py:914} INFO - Processing file /home/airflow/.local/lib/python3.12/site-packages/airflow/example_dags/example_local_kubernetes_executor.py for tasks to queue
[2025-01-18T00:18:27.004+0000] {logging_mixin.py:190} INFO - [2025-01-18T00:18:27.004+0000] {dagbag.py:588} INFO - Filling up the DagBag from /home/airflow/.local/lib/python3.12/site-packages/airflow/example_dags/example_local_kubernetes_executor.py
[2025-01-18T00:18:27.015+0000] {processor.py:925} INFO - DAG(s) 'example_local_kubernetes_executor' retrieved from /home/airflow/.local/lib/python3.12/site-packages/airflow/example_dags/example_local_kubernetes_executor.py
[2025-01-18T00:18:27.038+0000] {logging_mixin.py:190} INFO - [2025-01-18T00:18:27.038+0000] {dag.py:3239} INFO - Sync 1 DAGs
[2025-01-18T00:18:27.055+0000] {logging_mixin.py:190} INFO - [2025-01-18T00:18:27.054+0000] {dag.py:4180} INFO - Setting next_dagrun for example_local_kubernetes_executor to None, run_after=None
[2025-01-18T00:18:27.085+0000] {processor.py:208} INFO - Processing /home/airflow/.local/lib/python3.12/site-packages/airflow/example_dags/example_local_kubernetes_executor.py took 0.090 seconds
[2025-01-18T00:18:57.203+0000] {processor.py:186} INFO - Started process (PID=19845) to work on /home/airflow/.local/lib/python3.12/site-packages/airflow/example_dags/example_local_kubernetes_executor.py
[2025-01-18T00:18:57.204+0000] {processor.py:914} INFO - Processing file /home/airflow/.local/lib/python3.12/site-packages/airflow/example_dags/example_local_kubernetes_executor.py for tasks to queue
[2025-01-18T00:18:57.207+0000] {logging_mixin.py:190} INFO - [2025-01-18T00:18:57.206+0000] {dagbag.py:588} INFO - Filling up the DagBag from /home/airflow/.local/lib/python3.12/site-packages/airflow/example_dags/example_local_kubernetes_executor.py
[2025-01-18T00:18:57.218+0000] {processor.py:925} INFO - DAG(s) 'example_local_kubernetes_executor' retrieved from /home/airflow/.local/lib/python3.12/site-packages/airflow/example_dags/example_local_kubernetes_executor.py
[2025-01-18T00:18:57.245+0000] {logging_mixin.py:190} INFO - [2025-01-18T00:18:57.244+0000] {dag.py:3239} INFO - Sync 1 DAGs
[2025-01-18T00:18:57.266+0000] {logging_mixin.py:190} INFO - [2025-01-18T00:18:57.266+0000] {dag.py:4180} INFO - Setting next_dagrun for example_local_kubernetes_executor to None, run_after=None
[2025-01-18T00:18:57.297+0000] {processor.py:208} INFO - Processing /home/airflow/.local/lib/python3.12/site-packages/airflow/example_dags/example_local_kubernetes_executor.py took 0.104 seconds
[2025-01-18T00:19:27.990+0000] {processor.py:186} INFO - Started process (PID=19919) to work on /home/airflow/.local/lib/python3.12/site-packages/airflow/example_dags/example_local_kubernetes_executor.py
[2025-01-18T00:19:27.991+0000] {processor.py:914} INFO - Processing file /home/airflow/.local/lib/python3.12/site-packages/airflow/example_dags/example_local_kubernetes_executor.py for tasks to queue
[2025-01-18T00:19:27.994+0000] {logging_mixin.py:190} INFO - [2025-01-18T00:19:27.993+0000] {dagbag.py:588} INFO - Filling up the DagBag from /home/airflow/.local/lib/python3.12/site-packages/airflow/example_dags/example_local_kubernetes_executor.py
[2025-01-18T00:19:28.004+0000] {processor.py:925} INFO - DAG(s) 'example_local_kubernetes_executor' retrieved from /home/airflow/.local/lib/python3.12/site-packages/airflow/example_dags/example_local_kubernetes_executor.py
[2025-01-18T00:19:28.027+0000] {logging_mixin.py:190} INFO - [2025-01-18T00:19:28.027+0000] {dag.py:3239} INFO - Sync 1 DAGs
[2025-01-18T00:19:28.043+0000] {logging_mixin.py:190} INFO - [2025-01-18T00:19:28.043+0000] {dag.py:4180} INFO - Setting next_dagrun for example_local_kubernetes_executor to None, run_after=None
[2025-01-18T00:19:28.070+0000] {processor.py:208} INFO - Processing /home/airflow/.local/lib/python3.12/site-packages/airflow/example_dags/example_local_kubernetes_executor.py took 0.086 seconds
[2025-01-18T00:19:58.596+0000] {processor.py:186} INFO - Started process (PID=19986) to work on /home/airflow/.local/lib/python3.12/site-packages/airflow/example_dags/example_local_kubernetes_executor.py
[2025-01-18T00:19:58.598+0000] {processor.py:914} INFO - Processing file /home/airflow/.local/lib/python3.12/site-packages/airflow/example_dags/example_local_kubernetes_executor.py for tasks to queue
[2025-01-18T00:19:58.600+0000] {logging_mixin.py:190} INFO - [2025-01-18T00:19:58.599+0000] {dagbag.py:588} INFO - Filling up the DagBag from /home/airflow/.local/lib/python3.12/site-packages/airflow/example_dags/example_local_kubernetes_executor.py
[2025-01-18T00:19:58.610+0000] {processor.py:925} INFO - DAG(s) 'example_local_kubernetes_executor' retrieved from /home/airflow/.local/lib/python3.12/site-packages/airflow/example_dags/example_local_kubernetes_executor.py
[2025-01-18T00:19:58.632+0000] {logging_mixin.py:190} INFO - [2025-01-18T00:19:58.632+0000] {dag.py:3239} INFO - Sync 1 DAGs
[2025-01-18T00:19:58.648+0000] {logging_mixin.py:190} INFO - [2025-01-18T00:19:58.648+0000] {dag.py:4180} INFO - Setting next_dagrun for example_local_kubernetes_executor to None, run_after=None
[2025-01-18T00:19:58.670+0000] {processor.py:208} INFO - Processing /home/airflow/.local/lib/python3.12/site-packages/airflow/example_dags/example_local_kubernetes_executor.py took 0.079 seconds
[2025-01-18T00:20:29.054+0000] {processor.py:186} INFO - Started process (PID=20053) to work on /home/airflow/.local/lib/python3.12/site-packages/airflow/example_dags/example_local_kubernetes_executor.py
[2025-01-18T00:20:29.055+0000] {processor.py:914} INFO - Processing file /home/airflow/.local/lib/python3.12/site-packages/airflow/example_dags/example_local_kubernetes_executor.py for tasks to queue
[2025-01-18T00:20:29.057+0000] {logging_mixin.py:190} INFO - [2025-01-18T00:20:29.057+0000] {dagbag.py:588} INFO - Filling up the DagBag from /home/airflow/.local/lib/python3.12/site-packages/airflow/example_dags/example_local_kubernetes_executor.py
[2025-01-18T00:20:29.067+0000] {processor.py:925} INFO - DAG(s) 'example_local_kubernetes_executor' retrieved from /home/airflow/.local/lib/python3.12/site-packages/airflow/example_dags/example_local_kubernetes_executor.py
[2025-01-18T00:20:29.092+0000] {logging_mixin.py:190} INFO - [2025-01-18T00:20:29.091+0000] {dag.py:3239} INFO - Sync 1 DAGs
[2025-01-18T00:20:29.108+0000] {logging_mixin.py:190} INFO - [2025-01-18T00:20:29.107+0000] {dag.py:4180} INFO - Setting next_dagrun for example_local_kubernetes_executor to None, run_after=None
[2025-01-18T00:20:29.132+0000] {processor.py:208} INFO - Processing /home/airflow/.local/lib/python3.12/site-packages/airflow/example_dags/example_local_kubernetes_executor.py took 0.086 seconds
[2025-01-18T00:20:59.769+0000] {processor.py:186} INFO - Started process (PID=20120) to work on /home/airflow/.local/lib/python3.12/site-packages/airflow/example_dags/example_local_kubernetes_executor.py
[2025-01-18T00:20:59.770+0000] {processor.py:914} INFO - Processing file /home/airflow/.local/lib/python3.12/site-packages/airflow/example_dags/example_local_kubernetes_executor.py for tasks to queue
[2025-01-18T00:20:59.772+0000] {logging_mixin.py:190} INFO - [2025-01-18T00:20:59.772+0000] {dagbag.py:588} INFO - Filling up the DagBag from /home/airflow/.local/lib/python3.12/site-packages/airflow/example_dags/example_local_kubernetes_executor.py
[2025-01-18T00:20:59.785+0000] {processor.py:925} INFO - DAG(s) 'example_local_kubernetes_executor' retrieved from /home/airflow/.local/lib/python3.12/site-packages/airflow/example_dags/example_local_kubernetes_executor.py
[2025-01-18T00:20:59.811+0000] {logging_mixin.py:190} INFO - [2025-01-18T00:20:59.811+0000] {dag.py:3239} INFO - Sync 1 DAGs
[2025-01-18T00:20:59.830+0000] {logging_mixin.py:190} INFO - [2025-01-18T00:20:59.829+0000] {dag.py:4180} INFO - Setting next_dagrun for example_local_kubernetes_executor to None, run_after=None
[2025-01-18T00:20:59.858+0000] {processor.py:208} INFO - Processing /home/airflow/.local/lib/python3.12/site-packages/airflow/example_dags/example_local_kubernetes_executor.py took 0.095 seconds
[2025-01-18T00:21:30.207+0000] {processor.py:186} INFO - Started process (PID=20187) to work on /home/airflow/.local/lib/python3.12/site-packages/airflow/example_dags/example_local_kubernetes_executor.py
[2025-01-18T00:21:30.208+0000] {processor.py:914} INFO - Processing file /home/airflow/.local/lib/python3.12/site-packages/airflow/example_dags/example_local_kubernetes_executor.py for tasks to queue
[2025-01-18T00:21:30.211+0000] {logging_mixin.py:190} INFO - [2025-01-18T00:21:30.210+0000] {dagbag.py:588} INFO - Filling up the DagBag from /home/airflow/.local/lib/python3.12/site-packages/airflow/example_dags/example_local_kubernetes_executor.py
[2025-01-18T00:21:30.221+0000] {processor.py:925} INFO - DAG(s) 'example_local_kubernetes_executor' retrieved from /home/airflow/.local/lib/python3.12/site-packages/airflow/example_dags/example_local_kubernetes_executor.py
[2025-01-18T00:21:30.245+0000] {logging_mixin.py:190} INFO - [2025-01-18T00:21:30.244+0000] {dag.py:3239} INFO - Sync 1 DAGs
[2025-01-18T00:21:30.261+0000] {logging_mixin.py:190} INFO - [2025-01-18T00:21:30.260+0000] {dag.py:4180} INFO - Setting next_dagrun for example_local_kubernetes_executor to None, run_after=None
[2025-01-18T00:21:30.284+0000] {processor.py:208} INFO - Processing /home/airflow/.local/lib/python3.12/site-packages/airflow/example_dags/example_local_kubernetes_executor.py took 0.084 seconds
[2025-01-18T00:22:00.655+0000] {processor.py:186} INFO - Started process (PID=20254) to work on /home/airflow/.local/lib/python3.12/site-packages/airflow/example_dags/example_local_kubernetes_executor.py
[2025-01-18T00:22:00.657+0000] {processor.py:914} INFO - Processing file /home/airflow/.local/lib/python3.12/site-packages/airflow/example_dags/example_local_kubernetes_executor.py for tasks to queue
[2025-01-18T00:22:00.659+0000] {logging_mixin.py:190} INFO - [2025-01-18T00:22:00.659+0000] {dagbag.py:588} INFO - Filling up the DagBag from /home/airflow/.local/lib/python3.12/site-packages/airflow/example_dags/example_local_kubernetes_executor.py
[2025-01-18T00:22:00.669+0000] {processor.py:925} INFO - DAG(s) 'example_local_kubernetes_executor' retrieved from /home/airflow/.local/lib/python3.12/site-packages/airflow/example_dags/example_local_kubernetes_executor.py
[2025-01-18T00:22:00.692+0000] {logging_mixin.py:190} INFO - [2025-01-18T00:22:00.692+0000] {dag.py:3239} INFO - Sync 1 DAGs
[2025-01-18T00:22:00.710+0000] {logging_mixin.py:190} INFO - [2025-01-18T00:22:00.710+0000] {dag.py:4180} INFO - Setting next_dagrun for example_local_kubernetes_executor to None, run_after=None
[2025-01-18T00:22:00.734+0000] {processor.py:208} INFO - Processing /home/airflow/.local/lib/python3.12/site-packages/airflow/example_dags/example_local_kubernetes_executor.py took 0.085 seconds
[2025-01-18T00:22:31.368+0000] {processor.py:186} INFO - Started process (PID=20321) to work on /home/airflow/.local/lib/python3.12/site-packages/airflow/example_dags/example_local_kubernetes_executor.py
[2025-01-18T00:22:31.370+0000] {processor.py:914} INFO - Processing file /home/airflow/.local/lib/python3.12/site-packages/airflow/example_dags/example_local_kubernetes_executor.py for tasks to queue
[2025-01-18T00:22:31.372+0000] {logging_mixin.py:190} INFO - [2025-01-18T00:22:31.372+0000] {dagbag.py:588} INFO - Filling up the DagBag from /home/airflow/.local/lib/python3.12/site-packages/airflow/example_dags/example_local_kubernetes_executor.py
[2025-01-18T00:22:31.381+0000] {processor.py:925} INFO - DAG(s) 'example_local_kubernetes_executor' retrieved from /home/airflow/.local/lib/python3.12/site-packages/airflow/example_dags/example_local_kubernetes_executor.py
[2025-01-18T00:22:31.403+0000] {logging_mixin.py:190} INFO - [2025-01-18T00:22:31.403+0000] {dag.py:3239} INFO - Sync 1 DAGs
[2025-01-18T00:22:31.420+0000] {logging_mixin.py:190} INFO - [2025-01-18T00:22:31.420+0000] {dag.py:4180} INFO - Setting next_dagrun for example_local_kubernetes_executor to None, run_after=None
[2025-01-18T00:22:31.443+0000] {processor.py:208} INFO - Processing /home/airflow/.local/lib/python3.12/site-packages/airflow/example_dags/example_local_kubernetes_executor.py took 0.081 seconds
[2025-01-18T00:23:01.699+0000] {processor.py:186} INFO - Started process (PID=20388) to work on /home/airflow/.local/lib/python3.12/site-packages/airflow/example_dags/example_local_kubernetes_executor.py
[2025-01-18T00:23:01.701+0000] {processor.py:914} INFO - Processing file /home/airflow/.local/lib/python3.12/site-packages/airflow/example_dags/example_local_kubernetes_executor.py for tasks to queue
[2025-01-18T00:23:01.703+0000] {logging_mixin.py:190} INFO - [2025-01-18T00:23:01.703+0000] {dagbag.py:588} INFO - Filling up the DagBag from /home/airflow/.local/lib/python3.12/site-packages/airflow/example_dags/example_local_kubernetes_executor.py
[2025-01-18T00:23:01.713+0000] {processor.py:925} INFO - DAG(s) 'example_local_kubernetes_executor' retrieved from /home/airflow/.local/lib/python3.12/site-packages/airflow/example_dags/example_local_kubernetes_executor.py
[2025-01-18T00:23:01.738+0000] {logging_mixin.py:190} INFO - [2025-01-18T00:23:01.737+0000] {dag.py:3239} INFO - Sync 1 DAGs
[2025-01-18T00:23:01.758+0000] {logging_mixin.py:190} INFO - [2025-01-18T00:23:01.757+0000] {dag.py:4180} INFO - Setting next_dagrun for example_local_kubernetes_executor to None, run_after=None
[2025-01-18T00:23:01.784+0000] {processor.py:208} INFO - Processing /home/airflow/.local/lib/python3.12/site-packages/airflow/example_dags/example_local_kubernetes_executor.py took 0.090 seconds
[2025-01-18T00:23:32.193+0000] {processor.py:186} INFO - Started process (PID=20455) to work on /home/airflow/.local/lib/python3.12/site-packages/airflow/example_dags/example_local_kubernetes_executor.py
[2025-01-18T00:23:32.194+0000] {processor.py:914} INFO - Processing file /home/airflow/.local/lib/python3.12/site-packages/airflow/example_dags/example_local_kubernetes_executor.py for tasks to queue
[2025-01-18T00:23:32.198+0000] {logging_mixin.py:190} INFO - [2025-01-18T00:23:32.197+0000] {dagbag.py:588} INFO - Filling up the DagBag from /home/airflow/.local/lib/python3.12/site-packages/airflow/example_dags/example_local_kubernetes_executor.py
[2025-01-18T00:23:32.215+0000] {processor.py:925} INFO - DAG(s) 'example_local_kubernetes_executor' retrieved from /home/airflow/.local/lib/python3.12/site-packages/airflow/example_dags/example_local_kubernetes_executor.py
[2025-01-18T00:23:32.256+0000] {logging_mixin.py:190} INFO - [2025-01-18T00:23:32.255+0000] {dag.py:3239} INFO - Sync 1 DAGs
[2025-01-18T00:23:32.287+0000] {logging_mixin.py:190} INFO - [2025-01-18T00:23:32.287+0000] {dag.py:4180} INFO - Setting next_dagrun for example_local_kubernetes_executor to None, run_after=None
[2025-01-18T00:23:32.323+0000] {processor.py:208} INFO - Processing /home/airflow/.local/lib/python3.12/site-packages/airflow/example_dags/example_local_kubernetes_executor.py took 0.139 seconds
[2025-01-18T00:24:02.510+0000] {processor.py:186} INFO - Started process (PID=20528) to work on /home/airflow/.local/lib/python3.12/site-packages/airflow/example_dags/example_local_kubernetes_executor.py
[2025-01-18T00:24:02.511+0000] {processor.py:914} INFO - Processing file /home/airflow/.local/lib/python3.12/site-packages/airflow/example_dags/example_local_kubernetes_executor.py for tasks to queue
[2025-01-18T00:24:02.515+0000] {logging_mixin.py:190} INFO - [2025-01-18T00:24:02.514+0000] {dagbag.py:588} INFO - Filling up the DagBag from /home/airflow/.local/lib/python3.12/site-packages/airflow/example_dags/example_local_kubernetes_executor.py
[2025-01-18T00:24:02.533+0000] {processor.py:925} INFO - DAG(s) 'example_local_kubernetes_executor' retrieved from /home/airflow/.local/lib/python3.12/site-packages/airflow/example_dags/example_local_kubernetes_executor.py
[2025-01-18T00:24:02.571+0000] {logging_mixin.py:190} INFO - [2025-01-18T00:24:02.571+0000] {dag.py:3239} INFO - Sync 1 DAGs
[2025-01-18T00:24:02.599+0000] {logging_mixin.py:190} INFO - [2025-01-18T00:24:02.598+0000] {dag.py:4180} INFO - Setting next_dagrun for example_local_kubernetes_executor to None, run_after=None
[2025-01-18T00:24:02.631+0000] {processor.py:208} INFO - Processing /home/airflow/.local/lib/python3.12/site-packages/airflow/example_dags/example_local_kubernetes_executor.py took 0.131 seconds
[2025-01-18T00:24:32.959+0000] {processor.py:186} INFO - Started process (PID=20595) to work on /home/airflow/.local/lib/python3.12/site-packages/airflow/example_dags/example_local_kubernetes_executor.py
[2025-01-18T00:24:32.960+0000] {processor.py:914} INFO - Processing file /home/airflow/.local/lib/python3.12/site-packages/airflow/example_dags/example_local_kubernetes_executor.py for tasks to queue
[2025-01-18T00:24:32.963+0000] {logging_mixin.py:190} INFO - [2025-01-18T00:24:32.963+0000] {dagbag.py:588} INFO - Filling up the DagBag from /home/airflow/.local/lib/python3.12/site-packages/airflow/example_dags/example_local_kubernetes_executor.py
[2025-01-18T00:24:32.975+0000] {processor.py:925} INFO - DAG(s) 'example_local_kubernetes_executor' retrieved from /home/airflow/.local/lib/python3.12/site-packages/airflow/example_dags/example_local_kubernetes_executor.py
[2025-01-18T00:24:33.004+0000] {logging_mixin.py:190} INFO - [2025-01-18T00:24:33.003+0000] {dag.py:3239} INFO - Sync 1 DAGs
[2025-01-18T00:24:33.028+0000] {logging_mixin.py:190} INFO - [2025-01-18T00:24:33.028+0000] {dag.py:4180} INFO - Setting next_dagrun for example_local_kubernetes_executor to None, run_after=None
[2025-01-18T00:24:33.058+0000] {processor.py:208} INFO - Processing /home/airflow/.local/lib/python3.12/site-packages/airflow/example_dags/example_local_kubernetes_executor.py took 0.107 seconds
[2025-01-18T00:25:03.583+0000] {processor.py:186} INFO - Started process (PID=20662) to work on /home/airflow/.local/lib/python3.12/site-packages/airflow/example_dags/example_local_kubernetes_executor.py
[2025-01-18T00:25:03.585+0000] {processor.py:914} INFO - Processing file /home/airflow/.local/lib/python3.12/site-packages/airflow/example_dags/example_local_kubernetes_executor.py for tasks to queue
[2025-01-18T00:25:03.588+0000] {logging_mixin.py:190} INFO - [2025-01-18T00:25:03.587+0000] {dagbag.py:588} INFO - Filling up the DagBag from /home/airflow/.local/lib/python3.12/site-packages/airflow/example_dags/example_local_kubernetes_executor.py
[2025-01-18T00:25:03.601+0000] {processor.py:925} INFO - DAG(s) 'example_local_kubernetes_executor' retrieved from /home/airflow/.local/lib/python3.12/site-packages/airflow/example_dags/example_local_kubernetes_executor.py
[2025-01-18T00:25:03.634+0000] {logging_mixin.py:190} INFO - [2025-01-18T00:25:03.634+0000] {dag.py:3239} INFO - Sync 1 DAGs
[2025-01-18T00:25:03.657+0000] {logging_mixin.py:190} INFO - [2025-01-18T00:25:03.657+0000] {dag.py:4180} INFO - Setting next_dagrun for example_local_kubernetes_executor to None, run_after=None
[2025-01-18T00:25:03.688+0000] {processor.py:208} INFO - Processing /home/airflow/.local/lib/python3.12/site-packages/airflow/example_dags/example_local_kubernetes_executor.py took 0.115 seconds
[2025-01-18T00:25:34.081+0000] {processor.py:186} INFO - Started process (PID=20729) to work on /home/airflow/.local/lib/python3.12/site-packages/airflow/example_dags/example_local_kubernetes_executor.py
[2025-01-18T00:25:34.083+0000] {processor.py:914} INFO - Processing file /home/airflow/.local/lib/python3.12/site-packages/airflow/example_dags/example_local_kubernetes_executor.py for tasks to queue
[2025-01-18T00:25:34.086+0000] {logging_mixin.py:190} INFO - [2025-01-18T00:25:34.086+0000] {dagbag.py:588} INFO - Filling up the DagBag from /home/airflow/.local/lib/python3.12/site-packages/airflow/example_dags/example_local_kubernetes_executor.py
[2025-01-18T00:25:34.096+0000] {processor.py:925} INFO - DAG(s) 'example_local_kubernetes_executor' retrieved from /home/airflow/.local/lib/python3.12/site-packages/airflow/example_dags/example_local_kubernetes_executor.py
[2025-01-18T00:25:34.118+0000] {logging_mixin.py:190} INFO - [2025-01-18T00:25:34.118+0000] {dag.py:3239} INFO - Sync 1 DAGs
[2025-01-18T00:25:34.135+0000] {logging_mixin.py:190} INFO - [2025-01-18T00:25:34.134+0000] {dag.py:4180} INFO - Setting next_dagrun for example_local_kubernetes_executor to None, run_after=None
[2025-01-18T00:25:34.156+0000] {processor.py:208} INFO - Processing /home/airflow/.local/lib/python3.12/site-packages/airflow/example_dags/example_local_kubernetes_executor.py took 0.080 seconds
[2025-01-18T00:26:04.793+0000] {processor.py:186} INFO - Started process (PID=20796) to work on /home/airflow/.local/lib/python3.12/site-packages/airflow/example_dags/example_local_kubernetes_executor.py
[2025-01-18T00:26:04.795+0000] {processor.py:914} INFO - Processing file /home/airflow/.local/lib/python3.12/site-packages/airflow/example_dags/example_local_kubernetes_executor.py for tasks to queue
[2025-01-18T00:26:04.799+0000] {logging_mixin.py:190} INFO - [2025-01-18T00:26:04.798+0000] {dagbag.py:588} INFO - Filling up the DagBag from /home/airflow/.local/lib/python3.12/site-packages/airflow/example_dags/example_local_kubernetes_executor.py
[2025-01-18T00:26:04.812+0000] {processor.py:925} INFO - DAG(s) 'example_local_kubernetes_executor' retrieved from /home/airflow/.local/lib/python3.12/site-packages/airflow/example_dags/example_local_kubernetes_executor.py
[2025-01-18T00:26:04.841+0000] {logging_mixin.py:190} INFO - [2025-01-18T00:26:04.840+0000] {dag.py:3239} INFO - Sync 1 DAGs
[2025-01-18T00:26:04.862+0000] {logging_mixin.py:190} INFO - [2025-01-18T00:26:04.862+0000] {dag.py:4180} INFO - Setting next_dagrun for example_local_kubernetes_executor to None, run_after=None
[2025-01-18T00:26:04.887+0000] {processor.py:208} INFO - Processing /home/airflow/.local/lib/python3.12/site-packages/airflow/example_dags/example_local_kubernetes_executor.py took 0.102 seconds
[2025-01-18T00:26:35.319+0000] {processor.py:186} INFO - Started process (PID=20863) to work on /home/airflow/.local/lib/python3.12/site-packages/airflow/example_dags/example_local_kubernetes_executor.py
[2025-01-18T00:26:35.320+0000] {processor.py:914} INFO - Processing file /home/airflow/.local/lib/python3.12/site-packages/airflow/example_dags/example_local_kubernetes_executor.py for tasks to queue
[2025-01-18T00:26:35.323+0000] {logging_mixin.py:190} INFO - [2025-01-18T00:26:35.323+0000] {dagbag.py:588} INFO - Filling up the DagBag from /home/airflow/.local/lib/python3.12/site-packages/airflow/example_dags/example_local_kubernetes_executor.py
[2025-01-18T00:26:35.332+0000] {processor.py:925} INFO - DAG(s) 'example_local_kubernetes_executor' retrieved from /home/airflow/.local/lib/python3.12/site-packages/airflow/example_dags/example_local_kubernetes_executor.py
[2025-01-18T00:26:35.355+0000] {logging_mixin.py:190} INFO - [2025-01-18T00:26:35.354+0000] {dag.py:3239} INFO - Sync 1 DAGs
[2025-01-18T00:26:35.373+0000] {logging_mixin.py:190} INFO - [2025-01-18T00:26:35.372+0000] {dag.py:4180} INFO - Setting next_dagrun for example_local_kubernetes_executor to None, run_after=None
[2025-01-18T00:26:35.392+0000] {processor.py:208} INFO - Processing /home/airflow/.local/lib/python3.12/site-packages/airflow/example_dags/example_local_kubernetes_executor.py took 0.078 seconds
[2025-01-18T00:27:06.093+0000] {processor.py:186} INFO - Started process (PID=20930) to work on /home/airflow/.local/lib/python3.12/site-packages/airflow/example_dags/example_local_kubernetes_executor.py
[2025-01-18T00:27:06.094+0000] {processor.py:914} INFO - Processing file /home/airflow/.local/lib/python3.12/site-packages/airflow/example_dags/example_local_kubernetes_executor.py for tasks to queue
[2025-01-18T00:27:06.097+0000] {logging_mixin.py:190} INFO - [2025-01-18T00:27:06.096+0000] {dagbag.py:588} INFO - Filling up the DagBag from /home/airflow/.local/lib/python3.12/site-packages/airflow/example_dags/example_local_kubernetes_executor.py
[2025-01-18T00:27:06.109+0000] {processor.py:925} INFO - DAG(s) 'example_local_kubernetes_executor' retrieved from /home/airflow/.local/lib/python3.12/site-packages/airflow/example_dags/example_local_kubernetes_executor.py
[2025-01-18T00:27:06.133+0000] {logging_mixin.py:190} INFO - [2025-01-18T00:27:06.133+0000] {dag.py:3239} INFO - Sync 1 DAGs
[2025-01-18T00:27:06.155+0000] {logging_mixin.py:190} INFO - [2025-01-18T00:27:06.155+0000] {dag.py:4180} INFO - Setting next_dagrun for example_local_kubernetes_executor to None, run_after=None
[2025-01-18T00:27:06.185+0000] {processor.py:208} INFO - Processing /home/airflow/.local/lib/python3.12/site-packages/airflow/example_dags/example_local_kubernetes_executor.py took 0.100 seconds
[2025-01-18T00:27:36.787+0000] {processor.py:186} INFO - Started process (PID=20997) to work on /home/airflow/.local/lib/python3.12/site-packages/airflow/example_dags/example_local_kubernetes_executor.py
[2025-01-18T00:27:36.788+0000] {processor.py:914} INFO - Processing file /home/airflow/.local/lib/python3.12/site-packages/airflow/example_dags/example_local_kubernetes_executor.py for tasks to queue
[2025-01-18T00:27:36.792+0000] {logging_mixin.py:190} INFO - [2025-01-18T00:27:36.792+0000] {dagbag.py:588} INFO - Filling up the DagBag from /home/airflow/.local/lib/python3.12/site-packages/airflow/example_dags/example_local_kubernetes_executor.py
[2025-01-18T00:27:36.808+0000] {processor.py:925} INFO - DAG(s) 'example_local_kubernetes_executor' retrieved from /home/airflow/.local/lib/python3.12/site-packages/airflow/example_dags/example_local_kubernetes_executor.py
[2025-01-18T00:27:36.845+0000] {logging_mixin.py:190} INFO - [2025-01-18T00:27:36.844+0000] {dag.py:3239} INFO - Sync 1 DAGs
[2025-01-18T00:27:36.880+0000] {logging_mixin.py:190} INFO - [2025-01-18T00:27:36.880+0000] {dag.py:4180} INFO - Setting next_dagrun for example_local_kubernetes_executor to None, run_after=None
[2025-01-18T00:27:36.921+0000] {processor.py:208} INFO - Processing /home/airflow/.local/lib/python3.12/site-packages/airflow/example_dags/example_local_kubernetes_executor.py took 0.146 seconds
[2025-01-18T00:28:07.122+0000] {processor.py:186} INFO - Started process (PID=21069) to work on /home/airflow/.local/lib/python3.12/site-packages/airflow/example_dags/example_local_kubernetes_executor.py
[2025-01-18T00:28:07.124+0000] {processor.py:914} INFO - Processing file /home/airflow/.local/lib/python3.12/site-packages/airflow/example_dags/example_local_kubernetes_executor.py for tasks to queue
[2025-01-18T00:28:07.127+0000] {logging_mixin.py:190} INFO - [2025-01-18T00:28:07.126+0000] {dagbag.py:588} INFO - Filling up the DagBag from /home/airflow/.local/lib/python3.12/site-packages/airflow/example_dags/example_local_kubernetes_executor.py
[2025-01-18T00:28:07.142+0000] {processor.py:925} INFO - DAG(s) 'example_local_kubernetes_executor' retrieved from /home/airflow/.local/lib/python3.12/site-packages/airflow/example_dags/example_local_kubernetes_executor.py
[2025-01-18T00:28:07.172+0000] {logging_mixin.py:190} INFO - [2025-01-18T00:28:07.172+0000] {dag.py:3239} INFO - Sync 1 DAGs
[2025-01-18T00:28:07.198+0000] {logging_mixin.py:190} INFO - [2025-01-18T00:28:07.197+0000] {dag.py:4180} INFO - Setting next_dagrun for example_local_kubernetes_executor to None, run_after=None
[2025-01-18T00:28:07.234+0000] {processor.py:208} INFO - Processing /home/airflow/.local/lib/python3.12/site-packages/airflow/example_dags/example_local_kubernetes_executor.py took 0.121 seconds
[2025-01-18T00:28:37.901+0000] {processor.py:186} INFO - Started process (PID=21135) to work on /home/airflow/.local/lib/python3.12/site-packages/airflow/example_dags/example_local_kubernetes_executor.py
[2025-01-18T00:28:37.902+0000] {processor.py:914} INFO - Processing file /home/airflow/.local/lib/python3.12/site-packages/airflow/example_dags/example_local_kubernetes_executor.py for tasks to queue
[2025-01-18T00:28:37.904+0000] {logging_mixin.py:190} INFO - [2025-01-18T00:28:37.904+0000] {dagbag.py:588} INFO - Filling up the DagBag from /home/airflow/.local/lib/python3.12/site-packages/airflow/example_dags/example_local_kubernetes_executor.py
[2025-01-18T00:28:37.914+0000] {processor.py:925} INFO - DAG(s) 'example_local_kubernetes_executor' retrieved from /home/airflow/.local/lib/python3.12/site-packages/airflow/example_dags/example_local_kubernetes_executor.py
[2025-01-18T00:28:37.938+0000] {logging_mixin.py:190} INFO - [2025-01-18T00:28:37.937+0000] {dag.py:3239} INFO - Sync 1 DAGs
[2025-01-18T00:28:37.955+0000] {logging_mixin.py:190} INFO - [2025-01-18T00:28:37.954+0000] {dag.py:4180} INFO - Setting next_dagrun for example_local_kubernetes_executor to None, run_after=None
[2025-01-18T00:28:37.977+0000] {processor.py:208} INFO - Processing /home/airflow/.local/lib/python3.12/site-packages/airflow/example_dags/example_local_kubernetes_executor.py took 0.083 seconds
[2025-01-18T00:29:08.347+0000] {processor.py:186} INFO - Started process (PID=21202) to work on /home/airflow/.local/lib/python3.12/site-packages/airflow/example_dags/example_local_kubernetes_executor.py
[2025-01-18T00:29:08.349+0000] {processor.py:914} INFO - Processing file /home/airflow/.local/lib/python3.12/site-packages/airflow/example_dags/example_local_kubernetes_executor.py for tasks to queue
[2025-01-18T00:29:08.352+0000] {logging_mixin.py:190} INFO - [2025-01-18T00:29:08.351+0000] {dagbag.py:588} INFO - Filling up the DagBag from /home/airflow/.local/lib/python3.12/site-packages/airflow/example_dags/example_local_kubernetes_executor.py
[2025-01-18T00:29:08.364+0000] {processor.py:925} INFO - DAG(s) 'example_local_kubernetes_executor' retrieved from /home/airflow/.local/lib/python3.12/site-packages/airflow/example_dags/example_local_kubernetes_executor.py
[2025-01-18T00:29:08.390+0000] {logging_mixin.py:190} INFO - [2025-01-18T00:29:08.390+0000] {dag.py:3239} INFO - Sync 1 DAGs
[2025-01-18T00:29:08.410+0000] {logging_mixin.py:190} INFO - [2025-01-18T00:29:08.410+0000] {dag.py:4180} INFO - Setting next_dagrun for example_local_kubernetes_executor to None, run_after=None
[2025-01-18T00:29:08.437+0000] {processor.py:208} INFO - Processing /home/airflow/.local/lib/python3.12/site-packages/airflow/example_dags/example_local_kubernetes_executor.py took 0.097 seconds
[2025-01-18T00:29:38.483+0000] {processor.py:186} INFO - Started process (PID=21269) to work on /home/airflow/.local/lib/python3.12/site-packages/airflow/example_dags/example_local_kubernetes_executor.py
[2025-01-18T00:29:38.484+0000] {processor.py:914} INFO - Processing file /home/airflow/.local/lib/python3.12/site-packages/airflow/example_dags/example_local_kubernetes_executor.py for tasks to queue
[2025-01-18T00:29:38.487+0000] {logging_mixin.py:190} INFO - [2025-01-18T00:29:38.487+0000] {dagbag.py:588} INFO - Filling up the DagBag from /home/airflow/.local/lib/python3.12/site-packages/airflow/example_dags/example_local_kubernetes_executor.py
[2025-01-18T00:29:38.500+0000] {processor.py:925} INFO - DAG(s) 'example_local_kubernetes_executor' retrieved from /home/airflow/.local/lib/python3.12/site-packages/airflow/example_dags/example_local_kubernetes_executor.py
[2025-01-18T00:29:38.525+0000] {logging_mixin.py:190} INFO - [2025-01-18T00:29:38.524+0000] {dag.py:3239} INFO - Sync 1 DAGs
[2025-01-18T00:29:38.543+0000] {logging_mixin.py:190} INFO - [2025-01-18T00:29:38.542+0000] {dag.py:4180} INFO - Setting next_dagrun for example_local_kubernetes_executor to None, run_after=None
[2025-01-18T00:29:38.568+0000] {processor.py:208} INFO - Processing /home/airflow/.local/lib/python3.12/site-packages/airflow/example_dags/example_local_kubernetes_executor.py took 0.091 seconds
[2025-01-18T00:30:08.756+0000] {processor.py:186} INFO - Started process (PID=21336) to work on /home/airflow/.local/lib/python3.12/site-packages/airflow/example_dags/example_local_kubernetes_executor.py
[2025-01-18T00:30:08.757+0000] {processor.py:914} INFO - Processing file /home/airflow/.local/lib/python3.12/site-packages/airflow/example_dags/example_local_kubernetes_executor.py for tasks to queue
[2025-01-18T00:30:08.760+0000] {logging_mixin.py:190} INFO - [2025-01-18T00:30:08.760+0000] {dagbag.py:588} INFO - Filling up the DagBag from /home/airflow/.local/lib/python3.12/site-packages/airflow/example_dags/example_local_kubernetes_executor.py
[2025-01-18T00:30:08.771+0000] {processor.py:925} INFO - DAG(s) 'example_local_kubernetes_executor' retrieved from /home/airflow/.local/lib/python3.12/site-packages/airflow/example_dags/example_local_kubernetes_executor.py
[2025-01-18T00:30:08.795+0000] {logging_mixin.py:190} INFO - [2025-01-18T00:30:08.795+0000] {dag.py:3239} INFO - Sync 1 DAGs
[2025-01-18T00:30:08.812+0000] {logging_mixin.py:190} INFO - [2025-01-18T00:30:08.812+0000] {dag.py:4180} INFO - Setting next_dagrun for example_local_kubernetes_executor to None, run_after=None
[2025-01-18T00:30:08.835+0000] {processor.py:208} INFO - Processing /home/airflow/.local/lib/python3.12/site-packages/airflow/example_dags/example_local_kubernetes_executor.py took 0.086 seconds
[2025-01-18T00:30:39.430+0000] {processor.py:186} INFO - Started process (PID=21403) to work on /home/airflow/.local/lib/python3.12/site-packages/airflow/example_dags/example_local_kubernetes_executor.py
[2025-01-18T00:30:39.431+0000] {processor.py:914} INFO - Processing file /home/airflow/.local/lib/python3.12/site-packages/airflow/example_dags/example_local_kubernetes_executor.py for tasks to queue
[2025-01-18T00:30:39.434+0000] {logging_mixin.py:190} INFO - [2025-01-18T00:30:39.434+0000] {dagbag.py:588} INFO - Filling up the DagBag from /home/airflow/.local/lib/python3.12/site-packages/airflow/example_dags/example_local_kubernetes_executor.py
[2025-01-18T00:30:39.445+0000] {processor.py:925} INFO - DAG(s) 'example_local_kubernetes_executor' retrieved from /home/airflow/.local/lib/python3.12/site-packages/airflow/example_dags/example_local_kubernetes_executor.py
[2025-01-18T00:30:39.473+0000] {logging_mixin.py:190} INFO - [2025-01-18T00:30:39.472+0000] {dag.py:3239} INFO - Sync 1 DAGs
[2025-01-18T00:30:39.496+0000] {logging_mixin.py:190} INFO - [2025-01-18T00:30:39.496+0000] {dag.py:4180} INFO - Setting next_dagrun for example_local_kubernetes_executor to None, run_after=None
[2025-01-18T00:30:39.527+0000] {processor.py:208} INFO - Processing /home/airflow/.local/lib/python3.12/site-packages/airflow/example_dags/example_local_kubernetes_executor.py took 0.106 seconds
[2025-01-18T00:31:10.228+0000] {processor.py:186} INFO - Started process (PID=21470) to work on /home/airflow/.local/lib/python3.12/site-packages/airflow/example_dags/example_local_kubernetes_executor.py
[2025-01-18T00:31:10.229+0000] {processor.py:914} INFO - Processing file /home/airflow/.local/lib/python3.12/site-packages/airflow/example_dags/example_local_kubernetes_executor.py for tasks to queue
[2025-01-18T00:31:10.232+0000] {logging_mixin.py:190} INFO - [2025-01-18T00:31:10.232+0000] {dagbag.py:588} INFO - Filling up the DagBag from /home/airflow/.local/lib/python3.12/site-packages/airflow/example_dags/example_local_kubernetes_executor.py
[2025-01-18T00:31:10.241+0000] {processor.py:925} INFO - DAG(s) 'example_local_kubernetes_executor' retrieved from /home/airflow/.local/lib/python3.12/site-packages/airflow/example_dags/example_local_kubernetes_executor.py
[2025-01-18T00:31:10.269+0000] {logging_mixin.py:190} INFO - [2025-01-18T00:31:10.268+0000] {dag.py:3239} INFO - Sync 1 DAGs
[2025-01-18T00:31:10.289+0000] {logging_mixin.py:190} INFO - [2025-01-18T00:31:10.288+0000] {dag.py:4180} INFO - Setting next_dagrun for example_local_kubernetes_executor to None, run_after=None
[2025-01-18T00:31:10.317+0000] {processor.py:208} INFO - Processing /home/airflow/.local/lib/python3.12/site-packages/airflow/example_dags/example_local_kubernetes_executor.py took 0.095 seconds
[2025-01-18T00:31:40.680+0000] {processor.py:186} INFO - Started process (PID=21537) to work on /home/airflow/.local/lib/python3.12/site-packages/airflow/example_dags/example_local_kubernetes_executor.py
[2025-01-18T00:31:40.681+0000] {processor.py:914} INFO - Processing file /home/airflow/.local/lib/python3.12/site-packages/airflow/example_dags/example_local_kubernetes_executor.py for tasks to queue
[2025-01-18T00:31:40.684+0000] {logging_mixin.py:190} INFO - [2025-01-18T00:31:40.683+0000] {dagbag.py:588} INFO - Filling up the DagBag from /home/airflow/.local/lib/python3.12/site-packages/airflow/example_dags/example_local_kubernetes_executor.py
[2025-01-18T00:31:40.693+0000] {processor.py:925} INFO - DAG(s) 'example_local_kubernetes_executor' retrieved from /home/airflow/.local/lib/python3.12/site-packages/airflow/example_dags/example_local_kubernetes_executor.py
[2025-01-18T00:31:40.713+0000] {logging_mixin.py:190} INFO - [2025-01-18T00:31:40.713+0000] {dag.py:3239} INFO - Sync 1 DAGs
[2025-01-18T00:31:40.727+0000] {logging_mixin.py:190} INFO - [2025-01-18T00:31:40.727+0000] {dag.py:4180} INFO - Setting next_dagrun for example_local_kubernetes_executor to None, run_after=None
[2025-01-18T00:31:40.749+0000] {processor.py:208} INFO - Processing /home/airflow/.local/lib/python3.12/site-packages/airflow/example_dags/example_local_kubernetes_executor.py took 0.074 seconds
[2025-01-18T00:32:11.031+0000] {processor.py:186} INFO - Started process (PID=21604) to work on /home/airflow/.local/lib/python3.12/site-packages/airflow/example_dags/example_local_kubernetes_executor.py
[2025-01-18T00:32:11.033+0000] {processor.py:914} INFO - Processing file /home/airflow/.local/lib/python3.12/site-packages/airflow/example_dags/example_local_kubernetes_executor.py for tasks to queue
[2025-01-18T00:32:11.037+0000] {logging_mixin.py:190} INFO - [2025-01-18T00:32:11.036+0000] {dagbag.py:588} INFO - Filling up the DagBag from /home/airflow/.local/lib/python3.12/site-packages/airflow/example_dags/example_local_kubernetes_executor.py
[2025-01-18T00:32:11.050+0000] {processor.py:925} INFO - DAG(s) 'example_local_kubernetes_executor' retrieved from /home/airflow/.local/lib/python3.12/site-packages/airflow/example_dags/example_local_kubernetes_executor.py
[2025-01-18T00:32:11.077+0000] {logging_mixin.py:190} INFO - [2025-01-18T00:32:11.077+0000] {dag.py:3239} INFO - Sync 1 DAGs
[2025-01-18T00:32:11.094+0000] {logging_mixin.py:190} INFO - [2025-01-18T00:32:11.094+0000] {dag.py:4180} INFO - Setting next_dagrun for example_local_kubernetes_executor to None, run_after=None
[2025-01-18T00:32:11.119+0000] {processor.py:208} INFO - Processing /home/airflow/.local/lib/python3.12/site-packages/airflow/example_dags/example_local_kubernetes_executor.py took 0.094 seconds
[2025-01-18T00:32:42.285+0000] {processor.py:186} INFO - Started process (PID=21676) to work on /home/airflow/.local/lib/python3.12/site-packages/airflow/example_dags/example_local_kubernetes_executor.py
[2025-01-18T00:32:42.287+0000] {processor.py:914} INFO - Processing file /home/airflow/.local/lib/python3.12/site-packages/airflow/example_dags/example_local_kubernetes_executor.py for tasks to queue
[2025-01-18T00:32:42.291+0000] {logging_mixin.py:190} INFO - [2025-01-18T00:32:42.290+0000] {dagbag.py:588} INFO - Filling up the DagBag from /home/airflow/.local/lib/python3.12/site-packages/airflow/example_dags/example_local_kubernetes_executor.py
[2025-01-18T00:32:42.305+0000] {processor.py:925} INFO - DAG(s) 'example_local_kubernetes_executor' retrieved from /home/airflow/.local/lib/python3.12/site-packages/airflow/example_dags/example_local_kubernetes_executor.py
[2025-01-18T00:32:42.333+0000] {logging_mixin.py:190} INFO - [2025-01-18T00:32:42.333+0000] {dag.py:3239} INFO - Sync 1 DAGs
[2025-01-18T00:32:42.351+0000] {logging_mixin.py:190} INFO - [2025-01-18T00:32:42.351+0000] {dag.py:4180} INFO - Setting next_dagrun for example_local_kubernetes_executor to None, run_after=None
[2025-01-18T00:32:42.375+0000] {processor.py:208} INFO - Processing /home/airflow/.local/lib/python3.12/site-packages/airflow/example_dags/example_local_kubernetes_executor.py took 0.099 seconds
[2025-01-18T00:33:13.328+0000] {processor.py:186} INFO - Started process (PID=21744) to work on /home/airflow/.local/lib/python3.12/site-packages/airflow/example_dags/example_local_kubernetes_executor.py
[2025-01-18T00:33:13.329+0000] {processor.py:914} INFO - Processing file /home/airflow/.local/lib/python3.12/site-packages/airflow/example_dags/example_local_kubernetes_executor.py for tasks to queue
[2025-01-18T00:33:13.331+0000] {logging_mixin.py:190} INFO - [2025-01-18T00:33:13.331+0000] {dagbag.py:588} INFO - Filling up the DagBag from /home/airflow/.local/lib/python3.12/site-packages/airflow/example_dags/example_local_kubernetes_executor.py
[2025-01-18T00:33:13.341+0000] {processor.py:925} INFO - DAG(s) 'example_local_kubernetes_executor' retrieved from /home/airflow/.local/lib/python3.12/site-packages/airflow/example_dags/example_local_kubernetes_executor.py
[2025-01-18T00:33:13.369+0000] {logging_mixin.py:190} INFO - [2025-01-18T00:33:13.369+0000] {dag.py:3239} INFO - Sync 1 DAGs
[2025-01-18T00:33:13.395+0000] {logging_mixin.py:190} INFO - [2025-01-18T00:33:13.395+0000] {dag.py:4180} INFO - Setting next_dagrun for example_local_kubernetes_executor to None, run_after=None
[2025-01-18T00:33:13.441+0000] {processor.py:208} INFO - Processing /home/airflow/.local/lib/python3.12/site-packages/airflow/example_dags/example_local_kubernetes_executor.py took 0.119 seconds
[2025-01-18T00:33:43.792+0000] {processor.py:186} INFO - Started process (PID=21810) to work on /home/airflow/.local/lib/python3.12/site-packages/airflow/example_dags/example_local_kubernetes_executor.py
[2025-01-18T00:33:43.794+0000] {processor.py:914} INFO - Processing file /home/airflow/.local/lib/python3.12/site-packages/airflow/example_dags/example_local_kubernetes_executor.py for tasks to queue
[2025-01-18T00:33:43.798+0000] {logging_mixin.py:190} INFO - [2025-01-18T00:33:43.797+0000] {dagbag.py:588} INFO - Filling up the DagBag from /home/airflow/.local/lib/python3.12/site-packages/airflow/example_dags/example_local_kubernetes_executor.py
[2025-01-18T00:33:43.809+0000] {processor.py:925} INFO - DAG(s) 'example_local_kubernetes_executor' retrieved from /home/airflow/.local/lib/python3.12/site-packages/airflow/example_dags/example_local_kubernetes_executor.py
[2025-01-18T00:33:43.838+0000] {logging_mixin.py:190} INFO - [2025-01-18T00:33:43.837+0000] {dag.py:3239} INFO - Sync 1 DAGs
[2025-01-18T00:33:43.856+0000] {logging_mixin.py:190} INFO - [2025-01-18T00:33:43.855+0000] {dag.py:4180} INFO - Setting next_dagrun for example_local_kubernetes_executor to None, run_after=None
[2025-01-18T00:33:43.881+0000] {processor.py:208} INFO - Processing /home/airflow/.local/lib/python3.12/site-packages/airflow/example_dags/example_local_kubernetes_executor.py took 0.096 seconds
[2025-01-18T00:34:14.313+0000] {processor.py:186} INFO - Started process (PID=21878) to work on /home/airflow/.local/lib/python3.12/site-packages/airflow/example_dags/example_local_kubernetes_executor.py
[2025-01-18T00:34:14.314+0000] {processor.py:914} INFO - Processing file /home/airflow/.local/lib/python3.12/site-packages/airflow/example_dags/example_local_kubernetes_executor.py for tasks to queue
[2025-01-18T00:34:14.316+0000] {logging_mixin.py:190} INFO - [2025-01-18T00:34:14.316+0000] {dagbag.py:588} INFO - Filling up the DagBag from /home/airflow/.local/lib/python3.12/site-packages/airflow/example_dags/example_local_kubernetes_executor.py
[2025-01-18T00:34:14.325+0000] {processor.py:925} INFO - DAG(s) 'example_local_kubernetes_executor' retrieved from /home/airflow/.local/lib/python3.12/site-packages/airflow/example_dags/example_local_kubernetes_executor.py
[2025-01-18T00:34:14.345+0000] {logging_mixin.py:190} INFO - [2025-01-18T00:34:14.345+0000] {dag.py:3239} INFO - Sync 1 DAGs
[2025-01-18T00:34:14.359+0000] {logging_mixin.py:190} INFO - [2025-01-18T00:34:14.359+0000] {dag.py:4180} INFO - Setting next_dagrun for example_local_kubernetes_executor to None, run_after=None
[2025-01-18T00:34:14.380+0000] {processor.py:208} INFO - Processing /home/airflow/.local/lib/python3.12/site-packages/airflow/example_dags/example_local_kubernetes_executor.py took 0.073 seconds
[2025-01-18T00:34:44.715+0000] {processor.py:186} INFO - Started process (PID=21945) to work on /home/airflow/.local/lib/python3.12/site-packages/airflow/example_dags/example_local_kubernetes_executor.py
[2025-01-18T00:34:44.717+0000] {processor.py:914} INFO - Processing file /home/airflow/.local/lib/python3.12/site-packages/airflow/example_dags/example_local_kubernetes_executor.py for tasks to queue
[2025-01-18T00:34:44.719+0000] {logging_mixin.py:190} INFO - [2025-01-18T00:34:44.718+0000] {dagbag.py:588} INFO - Filling up the DagBag from /home/airflow/.local/lib/python3.12/site-packages/airflow/example_dags/example_local_kubernetes_executor.py
[2025-01-18T00:34:44.730+0000] {processor.py:925} INFO - DAG(s) 'example_local_kubernetes_executor' retrieved from /home/airflow/.local/lib/python3.12/site-packages/airflow/example_dags/example_local_kubernetes_executor.py
[2025-01-18T00:34:44.752+0000] {logging_mixin.py:190} INFO - [2025-01-18T00:34:44.752+0000] {dag.py:3239} INFO - Sync 1 DAGs
[2025-01-18T00:34:44.766+0000] {logging_mixin.py:190} INFO - [2025-01-18T00:34:44.765+0000] {dag.py:4180} INFO - Setting next_dagrun for example_local_kubernetes_executor to None, run_after=None
[2025-01-18T00:34:44.785+0000] {processor.py:208} INFO - Processing /home/airflow/.local/lib/python3.12/site-packages/airflow/example_dags/example_local_kubernetes_executor.py took 0.075 seconds
[2025-01-18T00:35:15.681+0000] {processor.py:186} INFO - Started process (PID=22012) to work on /home/airflow/.local/lib/python3.12/site-packages/airflow/example_dags/example_local_kubernetes_executor.py
[2025-01-18T00:35:15.683+0000] {processor.py:914} INFO - Processing file /home/airflow/.local/lib/python3.12/site-packages/airflow/example_dags/example_local_kubernetes_executor.py for tasks to queue
[2025-01-18T00:35:15.687+0000] {logging_mixin.py:190} INFO - [2025-01-18T00:35:15.686+0000] {dagbag.py:588} INFO - Filling up the DagBag from /home/airflow/.local/lib/python3.12/site-packages/airflow/example_dags/example_local_kubernetes_executor.py
[2025-01-18T00:35:15.698+0000] {processor.py:925} INFO - DAG(s) 'example_local_kubernetes_executor' retrieved from /home/airflow/.local/lib/python3.12/site-packages/airflow/example_dags/example_local_kubernetes_executor.py
[2025-01-18T00:35:15.725+0000] {logging_mixin.py:190} INFO - [2025-01-18T00:35:15.724+0000] {dag.py:3239} INFO - Sync 1 DAGs
[2025-01-18T00:35:15.747+0000] {logging_mixin.py:190} INFO - [2025-01-18T00:35:15.746+0000] {dag.py:4180} INFO - Setting next_dagrun for example_local_kubernetes_executor to None, run_after=None
[2025-01-18T00:35:15.777+0000] {processor.py:208} INFO - Processing /home/airflow/.local/lib/python3.12/site-packages/airflow/example_dags/example_local_kubernetes_executor.py took 0.103 seconds
[2025-01-18T00:35:48.603+0000] {processor.py:186} INFO - Started process (PID=22078) to work on /home/airflow/.local/lib/python3.12/site-packages/airflow/example_dags/example_local_kubernetes_executor.py
[2025-01-18T00:35:48.604+0000] {processor.py:914} INFO - Processing file /home/airflow/.local/lib/python3.12/site-packages/airflow/example_dags/example_local_kubernetes_executor.py for tasks to queue
[2025-01-18T00:35:48.607+0000] {logging_mixin.py:190} INFO - [2025-01-18T00:35:48.607+0000] {dagbag.py:588} INFO - Filling up the DagBag from /home/airflow/.local/lib/python3.12/site-packages/airflow/example_dags/example_local_kubernetes_executor.py
[2025-01-18T00:35:48.621+0000] {processor.py:925} INFO - DAG(s) 'example_local_kubernetes_executor' retrieved from /home/airflow/.local/lib/python3.12/site-packages/airflow/example_dags/example_local_kubernetes_executor.py
[2025-01-18T00:35:48.655+0000] {logging_mixin.py:190} INFO - [2025-01-18T00:35:48.655+0000] {dag.py:3239} INFO - Sync 1 DAGs
[2025-01-18T00:35:48.679+0000] {logging_mixin.py:190} INFO - [2025-01-18T00:35:48.678+0000] {dag.py:4180} INFO - Setting next_dagrun for example_local_kubernetes_executor to None, run_after=None
[2025-01-18T00:35:48.708+0000] {processor.py:208} INFO - Processing /home/airflow/.local/lib/python3.12/site-packages/airflow/example_dags/example_local_kubernetes_executor.py took 0.112 seconds
