[2025-01-18T00:00:16.508+0000] {processor.py:186} INFO - Started process (PID=17376) to work on /home/airflow/.local/lib/python3.12/site-packages/airflow/example_dags/example_sensors.py
[2025-01-18T00:00:16.509+0000] {processor.py:914} INFO - Processing file /home/airflow/.local/lib/python3.12/site-packages/airflow/example_dags/example_sensors.py for tasks to queue
[2025-01-18T00:00:16.512+0000] {logging_mixin.py:190} INFO - [2025-01-18T00:00:16.512+0000] {dagbag.py:588} INFO - Filling up the DagBag from /home/airflow/.local/lib/python3.12/site-packages/airflow/example_dags/example_sensors.py
[2025-01-18T00:00:16.525+0000] {processor.py:925} INFO - DAG(s) 'example_sensors' retrieved from /home/airflow/.local/lib/python3.12/site-packages/airflow/example_dags/example_sensors.py
[2025-01-18T00:00:16.563+0000] {logging_mixin.py:190} INFO - [2025-01-18T00:00:16.562+0000] {dag.py:3239} INFO - Sync 1 DAGs
[2025-01-18T00:00:16.589+0000] {logging_mixin.py:190} INFO - [2025-01-18T00:00:16.589+0000] {dag.py:4180} INFO - Setting next_dagrun for example_sensors to None, run_after=None
[2025-01-18T00:00:16.616+0000] {processor.py:208} INFO - Processing /home/airflow/.local/lib/python3.12/site-packages/airflow/example_dags/example_sensors.py took 0.115 seconds
[2025-01-18T00:00:46.951+0000] {processor.py:186} INFO - Started process (PID=17443) to work on /home/airflow/.local/lib/python3.12/site-packages/airflow/example_dags/example_sensors.py
[2025-01-18T00:00:46.953+0000] {processor.py:914} INFO - Processing file /home/airflow/.local/lib/python3.12/site-packages/airflow/example_dags/example_sensors.py for tasks to queue
[2025-01-18T00:00:46.955+0000] {logging_mixin.py:190} INFO - [2025-01-18T00:00:46.955+0000] {dagbag.py:588} INFO - Filling up the DagBag from /home/airflow/.local/lib/python3.12/site-packages/airflow/example_dags/example_sensors.py
[2025-01-18T00:00:46.967+0000] {processor.py:925} INFO - DAG(s) 'example_sensors' retrieved from /home/airflow/.local/lib/python3.12/site-packages/airflow/example_dags/example_sensors.py
[2025-01-18T00:00:47.000+0000] {logging_mixin.py:190} INFO - [2025-01-18T00:00:46.999+0000] {dag.py:3239} INFO - Sync 1 DAGs
[2025-01-18T00:00:47.017+0000] {logging_mixin.py:190} INFO - [2025-01-18T00:00:47.017+0000] {dag.py:4180} INFO - Setting next_dagrun for example_sensors to None, run_after=None
[2025-01-18T00:00:47.046+0000] {processor.py:208} INFO - Processing /home/airflow/.local/lib/python3.12/site-packages/airflow/example_dags/example_sensors.py took 0.101 seconds
[2025-01-18T00:01:17.520+0000] {processor.py:186} INFO - Started process (PID=17516) to work on /home/airflow/.local/lib/python3.12/site-packages/airflow/example_dags/example_sensors.py
[2025-01-18T00:01:17.523+0000] {processor.py:914} INFO - Processing file /home/airflow/.local/lib/python3.12/site-packages/airflow/example_dags/example_sensors.py for tasks to queue
[2025-01-18T00:01:17.526+0000] {logging_mixin.py:190} INFO - [2025-01-18T00:01:17.526+0000] {dagbag.py:588} INFO - Filling up the DagBag from /home/airflow/.local/lib/python3.12/site-packages/airflow/example_dags/example_sensors.py
[2025-01-18T00:01:17.536+0000] {processor.py:925} INFO - DAG(s) 'example_sensors' retrieved from /home/airflow/.local/lib/python3.12/site-packages/airflow/example_dags/example_sensors.py
[2025-01-18T00:01:17.563+0000] {logging_mixin.py:190} INFO - [2025-01-18T00:01:17.563+0000] {dag.py:3239} INFO - Sync 1 DAGs
[2025-01-18T00:01:17.578+0000] {logging_mixin.py:190} INFO - [2025-01-18T00:01:17.578+0000] {dag.py:4180} INFO - Setting next_dagrun for example_sensors to None, run_after=None
[2025-01-18T00:01:17.602+0000] {processor.py:208} INFO - Processing /home/airflow/.local/lib/python3.12/site-packages/airflow/example_dags/example_sensors.py took 0.087 seconds
[2025-01-18T00:01:48.082+0000] {processor.py:186} INFO - Started process (PID=17583) to work on /home/airflow/.local/lib/python3.12/site-packages/airflow/example_dags/example_sensors.py
[2025-01-18T00:01:48.084+0000] {processor.py:914} INFO - Processing file /home/airflow/.local/lib/python3.12/site-packages/airflow/example_dags/example_sensors.py for tasks to queue
[2025-01-18T00:01:48.087+0000] {logging_mixin.py:190} INFO - [2025-01-18T00:01:48.087+0000] {dagbag.py:588} INFO - Filling up the DagBag from /home/airflow/.local/lib/python3.12/site-packages/airflow/example_dags/example_sensors.py
[2025-01-18T00:01:48.100+0000] {processor.py:925} INFO - DAG(s) 'example_sensors' retrieved from /home/airflow/.local/lib/python3.12/site-packages/airflow/example_dags/example_sensors.py
[2025-01-18T00:01:48.141+0000] {logging_mixin.py:190} INFO - [2025-01-18T00:01:48.140+0000] {dag.py:3239} INFO - Sync 1 DAGs
[2025-01-18T00:01:48.161+0000] {logging_mixin.py:190} INFO - [2025-01-18T00:01:48.161+0000] {dag.py:4180} INFO - Setting next_dagrun for example_sensors to None, run_after=None
[2025-01-18T00:01:48.185+0000] {processor.py:208} INFO - Processing /home/airflow/.local/lib/python3.12/site-packages/airflow/example_dags/example_sensors.py took 0.110 seconds
[2025-01-18T00:02:18.819+0000] {processor.py:186} INFO - Started process (PID=17650) to work on /home/airflow/.local/lib/python3.12/site-packages/airflow/example_dags/example_sensors.py
[2025-01-18T00:02:18.823+0000] {processor.py:914} INFO - Processing file /home/airflow/.local/lib/python3.12/site-packages/airflow/example_dags/example_sensors.py for tasks to queue
[2025-01-18T00:02:18.826+0000] {logging_mixin.py:190} INFO - [2025-01-18T00:02:18.826+0000] {dagbag.py:588} INFO - Filling up the DagBag from /home/airflow/.local/lib/python3.12/site-packages/airflow/example_dags/example_sensors.py
[2025-01-18T00:02:18.844+0000] {processor.py:925} INFO - DAG(s) 'example_sensors' retrieved from /home/airflow/.local/lib/python3.12/site-packages/airflow/example_dags/example_sensors.py
[2025-01-18T00:02:18.880+0000] {logging_mixin.py:190} INFO - [2025-01-18T00:02:18.880+0000] {dag.py:3239} INFO - Sync 1 DAGs
[2025-01-18T00:02:18.901+0000] {logging_mixin.py:190} INFO - [2025-01-18T00:02:18.901+0000] {dag.py:4180} INFO - Setting next_dagrun for example_sensors to None, run_after=None
[2025-01-18T00:02:18.928+0000] {processor.py:208} INFO - Processing /home/airflow/.local/lib/python3.12/site-packages/airflow/example_dags/example_sensors.py took 0.117 seconds
[2025-01-18T00:02:49.729+0000] {processor.py:186} INFO - Started process (PID=17720) to work on /home/airflow/.local/lib/python3.12/site-packages/airflow/example_dags/example_sensors.py
[2025-01-18T00:02:49.740+0000] {processor.py:914} INFO - Processing file /home/airflow/.local/lib/python3.12/site-packages/airflow/example_dags/example_sensors.py for tasks to queue
[2025-01-18T00:02:49.742+0000] {logging_mixin.py:190} INFO - [2025-01-18T00:02:49.742+0000] {dagbag.py:588} INFO - Filling up the DagBag from /home/airflow/.local/lib/python3.12/site-packages/airflow/example_dags/example_sensors.py
[2025-01-18T00:02:49.753+0000] {processor.py:925} INFO - DAG(s) 'example_sensors' retrieved from /home/airflow/.local/lib/python3.12/site-packages/airflow/example_dags/example_sensors.py
[2025-01-18T00:02:49.786+0000] {logging_mixin.py:190} INFO - [2025-01-18T00:02:49.786+0000] {dag.py:3239} INFO - Sync 1 DAGs
[2025-01-18T00:02:49.805+0000] {logging_mixin.py:190} INFO - [2025-01-18T00:02:49.804+0000] {dag.py:4180} INFO - Setting next_dagrun for example_sensors to None, run_after=None
[2025-01-18T00:02:49.827+0000] {processor.py:208} INFO - Processing /home/airflow/.local/lib/python3.12/site-packages/airflow/example_dags/example_sensors.py took 0.103 seconds
[2025-01-18T00:03:19.924+0000] {processor.py:186} INFO - Started process (PID=17788) to work on /home/airflow/.local/lib/python3.12/site-packages/airflow/example_dags/example_sensors.py
[2025-01-18T00:03:19.925+0000] {processor.py:914} INFO - Processing file /home/airflow/.local/lib/python3.12/site-packages/airflow/example_dags/example_sensors.py for tasks to queue
[2025-01-18T00:03:19.928+0000] {logging_mixin.py:190} INFO - [2025-01-18T00:03:19.927+0000] {dagbag.py:588} INFO - Filling up the DagBag from /home/airflow/.local/lib/python3.12/site-packages/airflow/example_dags/example_sensors.py
[2025-01-18T00:03:19.955+0000] {processor.py:925} INFO - DAG(s) 'example_sensors' retrieved from /home/airflow/.local/lib/python3.12/site-packages/airflow/example_dags/example_sensors.py
[2025-01-18T00:03:20.025+0000] {logging_mixin.py:190} INFO - [2025-01-18T00:03:20.024+0000] {dag.py:3239} INFO - Sync 1 DAGs
[2025-01-18T00:03:20.046+0000] {logging_mixin.py:190} INFO - [2025-01-18T00:03:20.045+0000] {dag.py:4180} INFO - Setting next_dagrun for example_sensors to None, run_after=None
[2025-01-18T00:03:20.071+0000] {processor.py:208} INFO - Processing /home/airflow/.local/lib/python3.12/site-packages/airflow/example_dags/example_sensors.py took 0.156 seconds
[2025-01-18T00:03:50.423+0000] {processor.py:186} INFO - Started process (PID=17852) to work on /home/airflow/.local/lib/python3.12/site-packages/airflow/example_dags/example_sensors.py
[2025-01-18T00:03:50.425+0000] {processor.py:914} INFO - Processing file /home/airflow/.local/lib/python3.12/site-packages/airflow/example_dags/example_sensors.py for tasks to queue
[2025-01-18T00:03:50.427+0000] {logging_mixin.py:190} INFO - [2025-01-18T00:03:50.427+0000] {dagbag.py:588} INFO - Filling up the DagBag from /home/airflow/.local/lib/python3.12/site-packages/airflow/example_dags/example_sensors.py
[2025-01-18T00:03:50.437+0000] {processor.py:925} INFO - DAG(s) 'example_sensors' retrieved from /home/airflow/.local/lib/python3.12/site-packages/airflow/example_dags/example_sensors.py
[2025-01-18T00:03:50.479+0000] {logging_mixin.py:190} INFO - [2025-01-18T00:03:50.478+0000] {dag.py:3239} INFO - Sync 1 DAGs
[2025-01-18T00:03:50.500+0000] {logging_mixin.py:190} INFO - [2025-01-18T00:03:50.500+0000] {dag.py:4180} INFO - Setting next_dagrun for example_sensors to None, run_after=None
[2025-01-18T00:03:50.528+0000] {processor.py:208} INFO - Processing /home/airflow/.local/lib/python3.12/site-packages/airflow/example_dags/example_sensors.py took 0.111 seconds
[2025-01-18T00:04:20.709+0000] {processor.py:186} INFO - Started process (PID=17919) to work on /home/airflow/.local/lib/python3.12/site-packages/airflow/example_dags/example_sensors.py
[2025-01-18T00:04:20.719+0000] {processor.py:914} INFO - Processing file /home/airflow/.local/lib/python3.12/site-packages/airflow/example_dags/example_sensors.py for tasks to queue
[2025-01-18T00:04:20.722+0000] {logging_mixin.py:190} INFO - [2025-01-18T00:04:20.722+0000] {dagbag.py:588} INFO - Filling up the DagBag from /home/airflow/.local/lib/python3.12/site-packages/airflow/example_dags/example_sensors.py
[2025-01-18T00:04:20.732+0000] {processor.py:925} INFO - DAG(s) 'example_sensors' retrieved from /home/airflow/.local/lib/python3.12/site-packages/airflow/example_dags/example_sensors.py
[2025-01-18T00:04:20.764+0000] {logging_mixin.py:190} INFO - [2025-01-18T00:04:20.763+0000] {dag.py:3239} INFO - Sync 1 DAGs
[2025-01-18T00:04:20.785+0000] {logging_mixin.py:190} INFO - [2025-01-18T00:04:20.785+0000] {dag.py:4180} INFO - Setting next_dagrun for example_sensors to None, run_after=None
[2025-01-18T00:04:20.812+0000] {processor.py:208} INFO - Processing /home/airflow/.local/lib/python3.12/site-packages/airflow/example_dags/example_sensors.py took 0.109 seconds
[2025-01-18T00:04:50.903+0000] {processor.py:186} INFO - Started process (PID=17986) to work on /home/airflow/.local/lib/python3.12/site-packages/airflow/example_dags/example_sensors.py
[2025-01-18T00:04:50.904+0000] {processor.py:914} INFO - Processing file /home/airflow/.local/lib/python3.12/site-packages/airflow/example_dags/example_sensors.py for tasks to queue
[2025-01-18T00:04:50.907+0000] {logging_mixin.py:190} INFO - [2025-01-18T00:04:50.907+0000] {dagbag.py:588} INFO - Filling up the DagBag from /home/airflow/.local/lib/python3.12/site-packages/airflow/example_dags/example_sensors.py
[2025-01-18T00:04:50.921+0000] {processor.py:925} INFO - DAG(s) 'example_sensors' retrieved from /home/airflow/.local/lib/python3.12/site-packages/airflow/example_dags/example_sensors.py
[2025-01-18T00:04:50.950+0000] {logging_mixin.py:190} INFO - [2025-01-18T00:04:50.949+0000] {dag.py:3239} INFO - Sync 1 DAGs
[2025-01-18T00:04:50.965+0000] {logging_mixin.py:190} INFO - [2025-01-18T00:04:50.965+0000] {dag.py:4180} INFO - Setting next_dagrun for example_sensors to None, run_after=None
[2025-01-18T00:04:50.992+0000] {processor.py:208} INFO - Processing /home/airflow/.local/lib/python3.12/site-packages/airflow/example_dags/example_sensors.py took 0.094 seconds
[2025-01-18T00:05:21.357+0000] {processor.py:186} INFO - Started process (PID=18059) to work on /home/airflow/.local/lib/python3.12/site-packages/airflow/example_dags/example_sensors.py
[2025-01-18T00:05:21.358+0000] {processor.py:914} INFO - Processing file /home/airflow/.local/lib/python3.12/site-packages/airflow/example_dags/example_sensors.py for tasks to queue
[2025-01-18T00:05:21.360+0000] {logging_mixin.py:190} INFO - [2025-01-18T00:05:21.360+0000] {dagbag.py:588} INFO - Filling up the DagBag from /home/airflow/.local/lib/python3.12/site-packages/airflow/example_dags/example_sensors.py
[2025-01-18T00:05:21.374+0000] {processor.py:925} INFO - DAG(s) 'example_sensors' retrieved from /home/airflow/.local/lib/python3.12/site-packages/airflow/example_dags/example_sensors.py
[2025-01-18T00:05:21.411+0000] {logging_mixin.py:190} INFO - [2025-01-18T00:05:21.410+0000] {dag.py:3239} INFO - Sync 1 DAGs
[2025-01-18T00:05:21.436+0000] {logging_mixin.py:190} INFO - [2025-01-18T00:05:21.435+0000] {dag.py:4180} INFO - Setting next_dagrun for example_sensors to None, run_after=None
[2025-01-18T00:05:21.469+0000] {processor.py:208} INFO - Processing /home/airflow/.local/lib/python3.12/site-packages/airflow/example_dags/example_sensors.py took 0.121 seconds
[2025-01-18T00:05:51.759+0000] {processor.py:186} INFO - Started process (PID=18126) to work on /home/airflow/.local/lib/python3.12/site-packages/airflow/example_dags/example_sensors.py
[2025-01-18T00:05:51.761+0000] {processor.py:914} INFO - Processing file /home/airflow/.local/lib/python3.12/site-packages/airflow/example_dags/example_sensors.py for tasks to queue
[2025-01-18T00:05:51.765+0000] {logging_mixin.py:190} INFO - [2025-01-18T00:05:51.764+0000] {dagbag.py:588} INFO - Filling up the DagBag from /home/airflow/.local/lib/python3.12/site-packages/airflow/example_dags/example_sensors.py
[2025-01-18T00:05:51.790+0000] {processor.py:925} INFO - DAG(s) 'example_sensors' retrieved from /home/airflow/.local/lib/python3.12/site-packages/airflow/example_dags/example_sensors.py
[2025-01-18T00:05:51.846+0000] {logging_mixin.py:190} INFO - [2025-01-18T00:05:51.845+0000] {dag.py:3239} INFO - Sync 1 DAGs
[2025-01-18T00:05:51.870+0000] {logging_mixin.py:190} INFO - [2025-01-18T00:05:51.869+0000] {dag.py:4180} INFO - Setting next_dagrun for example_sensors to None, run_after=None
[2025-01-18T00:05:51.904+0000] {processor.py:208} INFO - Processing /home/airflow/.local/lib/python3.12/site-packages/airflow/example_dags/example_sensors.py took 0.157 seconds
[2025-01-18T00:06:22.111+0000] {processor.py:186} INFO - Started process (PID=18194) to work on /home/airflow/.local/lib/python3.12/site-packages/airflow/example_dags/example_sensors.py
[2025-01-18T00:06:22.114+0000] {processor.py:914} INFO - Processing file /home/airflow/.local/lib/python3.12/site-packages/airflow/example_dags/example_sensors.py for tasks to queue
[2025-01-18T00:06:22.118+0000] {logging_mixin.py:190} INFO - [2025-01-18T00:06:22.118+0000] {dagbag.py:588} INFO - Filling up the DagBag from /home/airflow/.local/lib/python3.12/site-packages/airflow/example_dags/example_sensors.py
[2025-01-18T00:06:22.141+0000] {processor.py:925} INFO - DAG(s) 'example_sensors' retrieved from /home/airflow/.local/lib/python3.12/site-packages/airflow/example_dags/example_sensors.py
[2025-01-18T00:06:22.187+0000] {logging_mixin.py:190} INFO - [2025-01-18T00:06:22.187+0000] {dag.py:3239} INFO - Sync 1 DAGs
[2025-01-18T00:06:22.210+0000] {logging_mixin.py:190} INFO - [2025-01-18T00:06:22.209+0000] {dag.py:4180} INFO - Setting next_dagrun for example_sensors to None, run_after=None
[2025-01-18T00:06:22.237+0000] {processor.py:208} INFO - Processing /home/airflow/.local/lib/python3.12/site-packages/airflow/example_dags/example_sensors.py took 0.139 seconds
[2025-01-18T00:06:52.342+0000] {processor.py:186} INFO - Started process (PID=18261) to work on /home/airflow/.local/lib/python3.12/site-packages/airflow/example_dags/example_sensors.py
[2025-01-18T00:06:52.344+0000] {processor.py:914} INFO - Processing file /home/airflow/.local/lib/python3.12/site-packages/airflow/example_dags/example_sensors.py for tasks to queue
[2025-01-18T00:06:52.347+0000] {logging_mixin.py:190} INFO - [2025-01-18T00:06:52.347+0000] {dagbag.py:588} INFO - Filling up the DagBag from /home/airflow/.local/lib/python3.12/site-packages/airflow/example_dags/example_sensors.py
[2025-01-18T00:06:52.368+0000] {processor.py:925} INFO - DAG(s) 'example_sensors' retrieved from /home/airflow/.local/lib/python3.12/site-packages/airflow/example_dags/example_sensors.py
[2025-01-18T00:06:52.414+0000] {logging_mixin.py:190} INFO - [2025-01-18T00:06:52.414+0000] {dag.py:3239} INFO - Sync 1 DAGs
[2025-01-18T00:06:52.444+0000] {logging_mixin.py:190} INFO - [2025-01-18T00:06:52.443+0000] {dag.py:4180} INFO - Setting next_dagrun for example_sensors to None, run_after=None
[2025-01-18T00:06:52.479+0000] {processor.py:208} INFO - Processing /home/airflow/.local/lib/python3.12/site-packages/airflow/example_dags/example_sensors.py took 0.148 seconds
[2025-01-18T00:07:22.635+0000] {processor.py:186} INFO - Started process (PID=18328) to work on /home/airflow/.local/lib/python3.12/site-packages/airflow/example_dags/example_sensors.py
[2025-01-18T00:07:22.636+0000] {processor.py:914} INFO - Processing file /home/airflow/.local/lib/python3.12/site-packages/airflow/example_dags/example_sensors.py for tasks to queue
[2025-01-18T00:07:22.639+0000] {logging_mixin.py:190} INFO - [2025-01-18T00:07:22.638+0000] {dagbag.py:588} INFO - Filling up the DagBag from /home/airflow/.local/lib/python3.12/site-packages/airflow/example_dags/example_sensors.py
[2025-01-18T00:07:22.663+0000] {processor.py:925} INFO - DAG(s) 'example_sensors' retrieved from /home/airflow/.local/lib/python3.12/site-packages/airflow/example_dags/example_sensors.py
[2025-01-18T00:07:22.713+0000] {logging_mixin.py:190} INFO - [2025-01-18T00:07:22.712+0000] {dag.py:3239} INFO - Sync 1 DAGs
[2025-01-18T00:07:22.738+0000] {logging_mixin.py:190} INFO - [2025-01-18T00:07:22.738+0000] {dag.py:4180} INFO - Setting next_dagrun for example_sensors to None, run_after=None
[2025-01-18T00:07:22.765+0000] {processor.py:208} INFO - Processing /home/airflow/.local/lib/python3.12/site-packages/airflow/example_dags/example_sensors.py took 0.139 seconds
[2025-01-18T00:07:52.848+0000] {processor.py:186} INFO - Started process (PID=18395) to work on /home/airflow/.local/lib/python3.12/site-packages/airflow/example_dags/example_sensors.py
[2025-01-18T00:07:52.850+0000] {processor.py:914} INFO - Processing file /home/airflow/.local/lib/python3.12/site-packages/airflow/example_dags/example_sensors.py for tasks to queue
[2025-01-18T00:07:52.854+0000] {logging_mixin.py:190} INFO - [2025-01-18T00:07:52.854+0000] {dagbag.py:588} INFO - Filling up the DagBag from /home/airflow/.local/lib/python3.12/site-packages/airflow/example_dags/example_sensors.py
[2025-01-18T00:07:52.867+0000] {processor.py:925} INFO - DAG(s) 'example_sensors' retrieved from /home/airflow/.local/lib/python3.12/site-packages/airflow/example_dags/example_sensors.py
[2025-01-18T00:07:52.900+0000] {logging_mixin.py:190} INFO - [2025-01-18T00:07:52.900+0000] {dag.py:3239} INFO - Sync 1 DAGs
[2025-01-18T00:07:52.920+0000] {logging_mixin.py:190} INFO - [2025-01-18T00:07:52.920+0000] {dag.py:4180} INFO - Setting next_dagrun for example_sensors to None, run_after=None
[2025-01-18T00:07:52.950+0000] {processor.py:208} INFO - Processing /home/airflow/.local/lib/python3.12/site-packages/airflow/example_dags/example_sensors.py took 0.110 seconds
[2025-01-18T00:08:23.662+0000] {processor.py:186} INFO - Started process (PID=18462) to work on /home/airflow/.local/lib/python3.12/site-packages/airflow/example_dags/example_sensors.py
[2025-01-18T00:08:23.663+0000] {processor.py:914} INFO - Processing file /home/airflow/.local/lib/python3.12/site-packages/airflow/example_dags/example_sensors.py for tasks to queue
[2025-01-18T00:08:23.666+0000] {logging_mixin.py:190} INFO - [2025-01-18T00:08:23.666+0000] {dagbag.py:588} INFO - Filling up the DagBag from /home/airflow/.local/lib/python3.12/site-packages/airflow/example_dags/example_sensors.py
[2025-01-18T00:08:23.678+0000] {processor.py:925} INFO - DAG(s) 'example_sensors' retrieved from /home/airflow/.local/lib/python3.12/site-packages/airflow/example_dags/example_sensors.py
[2025-01-18T00:08:23.708+0000] {logging_mixin.py:190} INFO - [2025-01-18T00:08:23.707+0000] {dag.py:3239} INFO - Sync 1 DAGs
[2025-01-18T00:08:23.726+0000] {logging_mixin.py:190} INFO - [2025-01-18T00:08:23.726+0000] {dag.py:4180} INFO - Setting next_dagrun for example_sensors to None, run_after=None
[2025-01-18T00:08:23.752+0000] {processor.py:208} INFO - Processing /home/airflow/.local/lib/python3.12/site-packages/airflow/example_dags/example_sensors.py took 0.096 seconds
[2025-01-18T00:08:53.842+0000] {processor.py:186} INFO - Started process (PID=18529) to work on /home/airflow/.local/lib/python3.12/site-packages/airflow/example_dags/example_sensors.py
[2025-01-18T00:08:53.843+0000] {processor.py:914} INFO - Processing file /home/airflow/.local/lib/python3.12/site-packages/airflow/example_dags/example_sensors.py for tasks to queue
[2025-01-18T00:08:53.845+0000] {logging_mixin.py:190} INFO - [2025-01-18T00:08:53.845+0000] {dagbag.py:588} INFO - Filling up the DagBag from /home/airflow/.local/lib/python3.12/site-packages/airflow/example_dags/example_sensors.py
[2025-01-18T00:08:53.858+0000] {processor.py:925} INFO - DAG(s) 'example_sensors' retrieved from /home/airflow/.local/lib/python3.12/site-packages/airflow/example_dags/example_sensors.py
[2025-01-18T00:08:53.890+0000] {logging_mixin.py:190} INFO - [2025-01-18T00:08:53.889+0000] {dag.py:3239} INFO - Sync 1 DAGs
[2025-01-18T00:08:53.907+0000] {logging_mixin.py:190} INFO - [2025-01-18T00:08:53.906+0000] {dag.py:4180} INFO - Setting next_dagrun for example_sensors to None, run_after=None
[2025-01-18T00:08:53.931+0000] {processor.py:208} INFO - Processing /home/airflow/.local/lib/python3.12/site-packages/airflow/example_dags/example_sensors.py took 0.096 seconds
[2025-01-18T00:09:25.084+0000] {processor.py:186} INFO - Started process (PID=18597) to work on /home/airflow/.local/lib/python3.12/site-packages/airflow/example_dags/example_sensors.py
[2025-01-18T00:09:25.085+0000] {processor.py:914} INFO - Processing file /home/airflow/.local/lib/python3.12/site-packages/airflow/example_dags/example_sensors.py for tasks to queue
[2025-01-18T00:09:25.088+0000] {logging_mixin.py:190} INFO - [2025-01-18T00:09:25.088+0000] {dagbag.py:588} INFO - Filling up the DagBag from /home/airflow/.local/lib/python3.12/site-packages/airflow/example_dags/example_sensors.py
[2025-01-18T00:09:25.103+0000] {processor.py:925} INFO - DAG(s) 'example_sensors' retrieved from /home/airflow/.local/lib/python3.12/site-packages/airflow/example_dags/example_sensors.py
[2025-01-18T00:09:25.137+0000] {logging_mixin.py:190} INFO - [2025-01-18T00:09:25.137+0000] {dag.py:3239} INFO - Sync 1 DAGs
[2025-01-18T00:09:25.155+0000] {logging_mixin.py:190} INFO - [2025-01-18T00:09:25.155+0000] {dag.py:4180} INFO - Setting next_dagrun for example_sensors to None, run_after=None
[2025-01-18T00:09:25.179+0000] {processor.py:208} INFO - Processing /home/airflow/.local/lib/python3.12/site-packages/airflow/example_dags/example_sensors.py took 0.100 seconds
[2025-01-18T00:09:55.587+0000] {processor.py:186} INFO - Started process (PID=18667) to work on /home/airflow/.local/lib/python3.12/site-packages/airflow/example_dags/example_sensors.py
[2025-01-18T00:09:55.588+0000] {processor.py:914} INFO - Processing file /home/airflow/.local/lib/python3.12/site-packages/airflow/example_dags/example_sensors.py for tasks to queue
[2025-01-18T00:09:55.592+0000] {logging_mixin.py:190} INFO - [2025-01-18T00:09:55.591+0000] {dagbag.py:588} INFO - Filling up the DagBag from /home/airflow/.local/lib/python3.12/site-packages/airflow/example_dags/example_sensors.py
[2025-01-18T00:09:55.609+0000] {processor.py:925} INFO - DAG(s) 'example_sensors' retrieved from /home/airflow/.local/lib/python3.12/site-packages/airflow/example_dags/example_sensors.py
[2025-01-18T00:09:55.641+0000] {logging_mixin.py:190} INFO - [2025-01-18T00:09:55.640+0000] {dag.py:3239} INFO - Sync 1 DAGs
[2025-01-18T00:09:55.664+0000] {logging_mixin.py:190} INFO - [2025-01-18T00:09:55.663+0000] {dag.py:4180} INFO - Setting next_dagrun for example_sensors to None, run_after=None
[2025-01-18T00:09:55.700+0000] {processor.py:208} INFO - Processing /home/airflow/.local/lib/python3.12/site-packages/airflow/example_dags/example_sensors.py took 0.122 seconds
[2025-01-18T00:10:26.589+0000] {processor.py:186} INFO - Started process (PID=18734) to work on /home/airflow/.local/lib/python3.12/site-packages/airflow/example_dags/example_sensors.py
[2025-01-18T00:10:26.590+0000] {processor.py:914} INFO - Processing file /home/airflow/.local/lib/python3.12/site-packages/airflow/example_dags/example_sensors.py for tasks to queue
[2025-01-18T00:10:26.593+0000] {logging_mixin.py:190} INFO - [2025-01-18T00:10:26.593+0000] {dagbag.py:588} INFO - Filling up the DagBag from /home/airflow/.local/lib/python3.12/site-packages/airflow/example_dags/example_sensors.py
[2025-01-18T00:10:26.611+0000] {processor.py:925} INFO - DAG(s) 'example_sensors' retrieved from /home/airflow/.local/lib/python3.12/site-packages/airflow/example_dags/example_sensors.py
[2025-01-18T00:10:26.654+0000] {logging_mixin.py:190} INFO - [2025-01-18T00:10:26.654+0000] {dag.py:3239} INFO - Sync 1 DAGs
[2025-01-18T00:10:26.680+0000] {logging_mixin.py:190} INFO - [2025-01-18T00:10:26.679+0000] {dag.py:4180} INFO - Setting next_dagrun for example_sensors to None, run_after=None
[2025-01-18T00:10:26.709+0000] {processor.py:208} INFO - Processing /home/airflow/.local/lib/python3.12/site-packages/airflow/example_dags/example_sensors.py took 0.129 seconds
[2025-01-18T00:10:56.801+0000] {processor.py:186} INFO - Started process (PID=18801) to work on /home/airflow/.local/lib/python3.12/site-packages/airflow/example_dags/example_sensors.py
[2025-01-18T00:10:56.802+0000] {processor.py:914} INFO - Processing file /home/airflow/.local/lib/python3.12/site-packages/airflow/example_dags/example_sensors.py for tasks to queue
[2025-01-18T00:10:56.805+0000] {logging_mixin.py:190} INFO - [2025-01-18T00:10:56.805+0000] {dagbag.py:588} INFO - Filling up the DagBag from /home/airflow/.local/lib/python3.12/site-packages/airflow/example_dags/example_sensors.py
[2025-01-18T00:10:56.822+0000] {processor.py:925} INFO - DAG(s) 'example_sensors' retrieved from /home/airflow/.local/lib/python3.12/site-packages/airflow/example_dags/example_sensors.py
[2025-01-18T00:10:56.870+0000] {logging_mixin.py:190} INFO - [2025-01-18T00:10:56.870+0000] {dag.py:3239} INFO - Sync 1 DAGs
[2025-01-18T00:10:56.897+0000] {logging_mixin.py:190} INFO - [2025-01-18T00:10:56.896+0000] {dag.py:4180} INFO - Setting next_dagrun for example_sensors to None, run_after=None
[2025-01-18T00:10:56.929+0000] {processor.py:208} INFO - Processing /home/airflow/.local/lib/python3.12/site-packages/airflow/example_dags/example_sensors.py took 0.137 seconds
[2025-01-18T00:11:27.313+0000] {processor.py:186} INFO - Started process (PID=18868) to work on /home/airflow/.local/lib/python3.12/site-packages/airflow/example_dags/example_sensors.py
[2025-01-18T00:11:27.315+0000] {processor.py:914} INFO - Processing file /home/airflow/.local/lib/python3.12/site-packages/airflow/example_dags/example_sensors.py for tasks to queue
[2025-01-18T00:11:27.318+0000] {logging_mixin.py:190} INFO - [2025-01-18T00:11:27.317+0000] {dagbag.py:588} INFO - Filling up the DagBag from /home/airflow/.local/lib/python3.12/site-packages/airflow/example_dags/example_sensors.py
[2025-01-18T00:11:27.330+0000] {processor.py:925} INFO - DAG(s) 'example_sensors' retrieved from /home/airflow/.local/lib/python3.12/site-packages/airflow/example_dags/example_sensors.py
[2025-01-18T00:11:27.365+0000] {logging_mixin.py:190} INFO - [2025-01-18T00:11:27.365+0000] {dag.py:3239} INFO - Sync 1 DAGs
[2025-01-18T00:11:27.383+0000] {logging_mixin.py:190} INFO - [2025-01-18T00:11:27.383+0000] {dag.py:4180} INFO - Setting next_dagrun for example_sensors to None, run_after=None
[2025-01-18T00:11:27.406+0000] {processor.py:208} INFO - Processing /home/airflow/.local/lib/python3.12/site-packages/airflow/example_dags/example_sensors.py took 0.099 seconds
[2025-01-18T00:11:57.541+0000] {processor.py:186} INFO - Started process (PID=18936) to work on /home/airflow/.local/lib/python3.12/site-packages/airflow/example_dags/example_sensors.py
[2025-01-18T00:11:57.542+0000] {processor.py:914} INFO - Processing file /home/airflow/.local/lib/python3.12/site-packages/airflow/example_dags/example_sensors.py for tasks to queue
[2025-01-18T00:11:57.546+0000] {logging_mixin.py:190} INFO - [2025-01-18T00:11:57.545+0000] {dagbag.py:588} INFO - Filling up the DagBag from /home/airflow/.local/lib/python3.12/site-packages/airflow/example_dags/example_sensors.py
[2025-01-18T00:11:57.559+0000] {processor.py:925} INFO - DAG(s) 'example_sensors' retrieved from /home/airflow/.local/lib/python3.12/site-packages/airflow/example_dags/example_sensors.py
[2025-01-18T00:11:57.590+0000] {logging_mixin.py:190} INFO - [2025-01-18T00:11:57.589+0000] {dag.py:3239} INFO - Sync 1 DAGs
[2025-01-18T00:11:57.607+0000] {logging_mixin.py:190} INFO - [2025-01-18T00:11:57.607+0000] {dag.py:4180} INFO - Setting next_dagrun for example_sensors to None, run_after=None
[2025-01-18T00:11:57.630+0000] {processor.py:208} INFO - Processing /home/airflow/.local/lib/python3.12/site-packages/airflow/example_dags/example_sensors.py took 0.095 seconds
[2025-01-18T00:12:28.665+0000] {processor.py:186} INFO - Started process (PID=18999) to work on /home/airflow/.local/lib/python3.12/site-packages/airflow/example_dags/example_sensors.py
[2025-01-18T00:12:28.666+0000] {processor.py:914} INFO - Processing file /home/airflow/.local/lib/python3.12/site-packages/airflow/example_dags/example_sensors.py for tasks to queue
[2025-01-18T00:12:28.669+0000] {logging_mixin.py:190} INFO - [2025-01-18T00:12:28.669+0000] {dagbag.py:588} INFO - Filling up the DagBag from /home/airflow/.local/lib/python3.12/site-packages/airflow/example_dags/example_sensors.py
[2025-01-18T00:12:28.681+0000] {processor.py:925} INFO - DAG(s) 'example_sensors' retrieved from /home/airflow/.local/lib/python3.12/site-packages/airflow/example_dags/example_sensors.py
[2025-01-18T00:12:28.715+0000] {logging_mixin.py:190} INFO - [2025-01-18T00:12:28.715+0000] {dag.py:3239} INFO - Sync 1 DAGs
[2025-01-18T00:12:28.733+0000] {logging_mixin.py:190} INFO - [2025-01-18T00:12:28.732+0000] {dag.py:4180} INFO - Setting next_dagrun for example_sensors to None, run_after=None
[2025-01-18T00:12:28.757+0000] {processor.py:208} INFO - Processing /home/airflow/.local/lib/python3.12/site-packages/airflow/example_dags/example_sensors.py took 0.099 seconds
[2025-01-18T00:12:59.705+0000] {processor.py:186} INFO - Started process (PID=19066) to work on /home/airflow/.local/lib/python3.12/site-packages/airflow/example_dags/example_sensors.py
[2025-01-18T00:12:59.707+0000] {processor.py:914} INFO - Processing file /home/airflow/.local/lib/python3.12/site-packages/airflow/example_dags/example_sensors.py for tasks to queue
[2025-01-18T00:12:59.710+0000] {logging_mixin.py:190} INFO - [2025-01-18T00:12:59.710+0000] {dagbag.py:588} INFO - Filling up the DagBag from /home/airflow/.local/lib/python3.12/site-packages/airflow/example_dags/example_sensors.py
[2025-01-18T00:12:59.727+0000] {processor.py:925} INFO - DAG(s) 'example_sensors' retrieved from /home/airflow/.local/lib/python3.12/site-packages/airflow/example_dags/example_sensors.py
[2025-01-18T00:12:59.765+0000] {logging_mixin.py:190} INFO - [2025-01-18T00:12:59.765+0000] {dag.py:3239} INFO - Sync 1 DAGs
[2025-01-18T00:12:59.786+0000] {logging_mixin.py:190} INFO - [2025-01-18T00:12:59.786+0000] {dag.py:4180} INFO - Setting next_dagrun for example_sensors to None, run_after=None
[2025-01-18T00:12:59.812+0000] {processor.py:208} INFO - Processing /home/airflow/.local/lib/python3.12/site-packages/airflow/example_dags/example_sensors.py took 0.117 seconds
[2025-01-18T00:13:30.659+0000] {processor.py:186} INFO - Started process (PID=19133) to work on /home/airflow/.local/lib/python3.12/site-packages/airflow/example_dags/example_sensors.py
[2025-01-18T00:13:30.660+0000] {processor.py:914} INFO - Processing file /home/airflow/.local/lib/python3.12/site-packages/airflow/example_dags/example_sensors.py for tasks to queue
[2025-01-18T00:13:30.663+0000] {logging_mixin.py:190} INFO - [2025-01-18T00:13:30.663+0000] {dagbag.py:588} INFO - Filling up the DagBag from /home/airflow/.local/lib/python3.12/site-packages/airflow/example_dags/example_sensors.py
[2025-01-18T00:13:30.675+0000] {processor.py:925} INFO - DAG(s) 'example_sensors' retrieved from /home/airflow/.local/lib/python3.12/site-packages/airflow/example_dags/example_sensors.py
[2025-01-18T00:13:30.708+0000] {logging_mixin.py:190} INFO - [2025-01-18T00:13:30.707+0000] {dag.py:3239} INFO - Sync 1 DAGs
[2025-01-18T00:13:30.726+0000] {logging_mixin.py:190} INFO - [2025-01-18T00:13:30.726+0000] {dag.py:4180} INFO - Setting next_dagrun for example_sensors to None, run_after=None
[2025-01-18T00:13:30.749+0000] {processor.py:208} INFO - Processing /home/airflow/.local/lib/python3.12/site-packages/airflow/example_dags/example_sensors.py took 0.097 seconds
[2025-01-18T00:14:01.513+0000] {processor.py:186} INFO - Started process (PID=19205) to work on /home/airflow/.local/lib/python3.12/site-packages/airflow/example_dags/example_sensors.py
[2025-01-18T00:14:01.514+0000] {processor.py:914} INFO - Processing file /home/airflow/.local/lib/python3.12/site-packages/airflow/example_dags/example_sensors.py for tasks to queue
[2025-01-18T00:14:01.517+0000] {logging_mixin.py:190} INFO - [2025-01-18T00:14:01.517+0000] {dagbag.py:588} INFO - Filling up the DagBag from /home/airflow/.local/lib/python3.12/site-packages/airflow/example_dags/example_sensors.py
[2025-01-18T00:14:01.534+0000] {processor.py:925} INFO - DAG(s) 'example_sensors' retrieved from /home/airflow/.local/lib/python3.12/site-packages/airflow/example_dags/example_sensors.py
[2025-01-18T00:14:01.573+0000] {logging_mixin.py:190} INFO - [2025-01-18T00:14:01.573+0000] {dag.py:3239} INFO - Sync 1 DAGs
[2025-01-18T00:14:01.596+0000] {logging_mixin.py:190} INFO - [2025-01-18T00:14:01.595+0000] {dag.py:4180} INFO - Setting next_dagrun for example_sensors to None, run_after=None
[2025-01-18T00:14:01.628+0000] {processor.py:208} INFO - Processing /home/airflow/.local/lib/python3.12/site-packages/airflow/example_dags/example_sensors.py took 0.125 seconds
[2025-01-18T00:14:32.382+0000] {processor.py:186} INFO - Started process (PID=19272) to work on /home/airflow/.local/lib/python3.12/site-packages/airflow/example_dags/example_sensors.py
[2025-01-18T00:14:32.383+0000] {processor.py:914} INFO - Processing file /home/airflow/.local/lib/python3.12/site-packages/airflow/example_dags/example_sensors.py for tasks to queue
[2025-01-18T00:14:32.387+0000] {logging_mixin.py:190} INFO - [2025-01-18T00:14:32.387+0000] {dagbag.py:588} INFO - Filling up the DagBag from /home/airflow/.local/lib/python3.12/site-packages/airflow/example_dags/example_sensors.py
[2025-01-18T00:14:32.409+0000] {processor.py:925} INFO - DAG(s) 'example_sensors' retrieved from /home/airflow/.local/lib/python3.12/site-packages/airflow/example_dags/example_sensors.py
[2025-01-18T00:14:32.463+0000] {logging_mixin.py:190} INFO - [2025-01-18T00:14:32.463+0000] {dag.py:3239} INFO - Sync 1 DAGs
[2025-01-18T00:14:32.495+0000] {logging_mixin.py:190} INFO - [2025-01-18T00:14:32.494+0000] {dag.py:4180} INFO - Setting next_dagrun for example_sensors to None, run_after=None
[2025-01-18T00:14:32.527+0000] {processor.py:208} INFO - Processing /home/airflow/.local/lib/python3.12/site-packages/airflow/example_dags/example_sensors.py took 0.154 seconds
[2025-01-18T00:15:02.606+0000] {processor.py:186} INFO - Started process (PID=19339) to work on /home/airflow/.local/lib/python3.12/site-packages/airflow/example_dags/example_sensors.py
[2025-01-18T00:15:02.607+0000] {processor.py:914} INFO - Processing file /home/airflow/.local/lib/python3.12/site-packages/airflow/example_dags/example_sensors.py for tasks to queue
[2025-01-18T00:15:02.610+0000] {logging_mixin.py:190} INFO - [2025-01-18T00:15:02.609+0000] {dagbag.py:588} INFO - Filling up the DagBag from /home/airflow/.local/lib/python3.12/site-packages/airflow/example_dags/example_sensors.py
[2025-01-18T00:15:02.623+0000] {processor.py:925} INFO - DAG(s) 'example_sensors' retrieved from /home/airflow/.local/lib/python3.12/site-packages/airflow/example_dags/example_sensors.py
[2025-01-18T00:15:02.669+0000] {logging_mixin.py:190} INFO - [2025-01-18T00:15:02.668+0000] {dag.py:3239} INFO - Sync 1 DAGs
[2025-01-18T00:15:02.696+0000] {logging_mixin.py:190} INFO - [2025-01-18T00:15:02.695+0000] {dag.py:4180} INFO - Setting next_dagrun for example_sensors to None, run_after=None
[2025-01-18T00:15:02.731+0000] {processor.py:208} INFO - Processing /home/airflow/.local/lib/python3.12/site-packages/airflow/example_dags/example_sensors.py took 0.134 seconds
[2025-01-18T00:15:33.221+0000] {processor.py:186} INFO - Started process (PID=19407) to work on /home/airflow/.local/lib/python3.12/site-packages/airflow/example_dags/example_sensors.py
[2025-01-18T00:15:33.223+0000] {processor.py:914} INFO - Processing file /home/airflow/.local/lib/python3.12/site-packages/airflow/example_dags/example_sensors.py for tasks to queue
[2025-01-18T00:15:33.226+0000] {logging_mixin.py:190} INFO - [2025-01-18T00:15:33.225+0000] {dagbag.py:588} INFO - Filling up the DagBag from /home/airflow/.local/lib/python3.12/site-packages/airflow/example_dags/example_sensors.py
[2025-01-18T00:15:33.241+0000] {processor.py:925} INFO - DAG(s) 'example_sensors' retrieved from /home/airflow/.local/lib/python3.12/site-packages/airflow/example_dags/example_sensors.py
[2025-01-18T00:15:33.278+0000] {logging_mixin.py:190} INFO - [2025-01-18T00:15:33.277+0000] {dag.py:3239} INFO - Sync 1 DAGs
[2025-01-18T00:15:33.303+0000] {logging_mixin.py:190} INFO - [2025-01-18T00:15:33.303+0000] {dag.py:4180} INFO - Setting next_dagrun for example_sensors to None, run_after=None
[2025-01-18T00:15:33.340+0000] {processor.py:208} INFO - Processing /home/airflow/.local/lib/python3.12/site-packages/airflow/example_dags/example_sensors.py took 0.127 seconds
[2025-01-18T00:16:03.482+0000] {processor.py:186} INFO - Started process (PID=19473) to work on /home/airflow/.local/lib/python3.12/site-packages/airflow/example_dags/example_sensors.py
[2025-01-18T00:16:03.484+0000] {processor.py:914} INFO - Processing file /home/airflow/.local/lib/python3.12/site-packages/airflow/example_dags/example_sensors.py for tasks to queue
[2025-01-18T00:16:03.486+0000] {logging_mixin.py:190} INFO - [2025-01-18T00:16:03.486+0000] {dagbag.py:588} INFO - Filling up the DagBag from /home/airflow/.local/lib/python3.12/site-packages/airflow/example_dags/example_sensors.py
[2025-01-18T00:16:03.497+0000] {processor.py:925} INFO - DAG(s) 'example_sensors' retrieved from /home/airflow/.local/lib/python3.12/site-packages/airflow/example_dags/example_sensors.py
[2025-01-18T00:16:03.527+0000] {logging_mixin.py:190} INFO - [2025-01-18T00:16:03.526+0000] {dag.py:3239} INFO - Sync 1 DAGs
[2025-01-18T00:16:03.542+0000] {logging_mixin.py:190} INFO - [2025-01-18T00:16:03.541+0000] {dag.py:4180} INFO - Setting next_dagrun for example_sensors to None, run_after=None
[2025-01-18T00:16:03.564+0000] {processor.py:208} INFO - Processing /home/airflow/.local/lib/python3.12/site-packages/airflow/example_dags/example_sensors.py took 0.090 seconds
[2025-01-18T00:16:34.525+0000] {processor.py:186} INFO - Started process (PID=19540) to work on /home/airflow/.local/lib/python3.12/site-packages/airflow/example_dags/example_sensors.py
[2025-01-18T00:16:34.527+0000] {processor.py:914} INFO - Processing file /home/airflow/.local/lib/python3.12/site-packages/airflow/example_dags/example_sensors.py for tasks to queue
[2025-01-18T00:16:34.529+0000] {logging_mixin.py:190} INFO - [2025-01-18T00:16:34.529+0000] {dagbag.py:588} INFO - Filling up the DagBag from /home/airflow/.local/lib/python3.12/site-packages/airflow/example_dags/example_sensors.py
[2025-01-18T00:16:34.542+0000] {processor.py:925} INFO - DAG(s) 'example_sensors' retrieved from /home/airflow/.local/lib/python3.12/site-packages/airflow/example_dags/example_sensors.py
[2025-01-18T00:16:34.577+0000] {logging_mixin.py:190} INFO - [2025-01-18T00:16:34.577+0000] {dag.py:3239} INFO - Sync 1 DAGs
[2025-01-18T00:16:34.595+0000] {logging_mixin.py:190} INFO - [2025-01-18T00:16:34.595+0000] {dag.py:4180} INFO - Setting next_dagrun for example_sensors to None, run_after=None
[2025-01-18T00:16:34.620+0000] {processor.py:208} INFO - Processing /home/airflow/.local/lib/python3.12/site-packages/airflow/example_dags/example_sensors.py took 0.101 seconds
[2025-01-18T00:17:05.049+0000] {processor.py:186} INFO - Started process (PID=19607) to work on /home/airflow/.local/lib/python3.12/site-packages/airflow/example_dags/example_sensors.py
[2025-01-18T00:17:05.050+0000] {processor.py:914} INFO - Processing file /home/airflow/.local/lib/python3.12/site-packages/airflow/example_dags/example_sensors.py for tasks to queue
[2025-01-18T00:17:05.054+0000] {logging_mixin.py:190} INFO - [2025-01-18T00:17:05.053+0000] {dagbag.py:588} INFO - Filling up the DagBag from /home/airflow/.local/lib/python3.12/site-packages/airflow/example_dags/example_sensors.py
[2025-01-18T00:17:05.067+0000] {processor.py:925} INFO - DAG(s) 'example_sensors' retrieved from /home/airflow/.local/lib/python3.12/site-packages/airflow/example_dags/example_sensors.py
[2025-01-18T00:17:05.102+0000] {logging_mixin.py:190} INFO - [2025-01-18T00:17:05.101+0000] {dag.py:3239} INFO - Sync 1 DAGs
[2025-01-18T00:17:05.123+0000] {logging_mixin.py:190} INFO - [2025-01-18T00:17:05.123+0000] {dag.py:4180} INFO - Setting next_dagrun for example_sensors to None, run_after=None
[2025-01-18T00:17:05.150+0000] {processor.py:208} INFO - Processing /home/airflow/.local/lib/python3.12/site-packages/airflow/example_dags/example_sensors.py took 0.108 seconds
[2025-01-18T00:17:35.905+0000] {processor.py:186} INFO - Started process (PID=19672) to work on /home/airflow/.local/lib/python3.12/site-packages/airflow/example_dags/example_sensors.py
[2025-01-18T00:17:35.906+0000] {processor.py:914} INFO - Processing file /home/airflow/.local/lib/python3.12/site-packages/airflow/example_dags/example_sensors.py for tasks to queue
[2025-01-18T00:17:35.908+0000] {logging_mixin.py:190} INFO - [2025-01-18T00:17:35.907+0000] {dagbag.py:588} INFO - Filling up the DagBag from /home/airflow/.local/lib/python3.12/site-packages/airflow/example_dags/example_sensors.py
[2025-01-18T00:17:35.918+0000] {processor.py:925} INFO - DAG(s) 'example_sensors' retrieved from /home/airflow/.local/lib/python3.12/site-packages/airflow/example_dags/example_sensors.py
[2025-01-18T00:17:35.948+0000] {logging_mixin.py:190} INFO - [2025-01-18T00:17:35.948+0000] {dag.py:3239} INFO - Sync 1 DAGs
[2025-01-18T00:17:35.965+0000] {logging_mixin.py:190} INFO - [2025-01-18T00:17:35.965+0000] {dag.py:4180} INFO - Setting next_dagrun for example_sensors to None, run_after=None
[2025-01-18T00:17:35.990+0000] {processor.py:208} INFO - Processing /home/airflow/.local/lib/python3.12/site-packages/airflow/example_dags/example_sensors.py took 0.092 seconds
[2025-01-18T00:18:06.840+0000] {processor.py:186} INFO - Started process (PID=19746) to work on /home/airflow/.local/lib/python3.12/site-packages/airflow/example_dags/example_sensors.py
[2025-01-18T00:18:06.841+0000] {processor.py:914} INFO - Processing file /home/airflow/.local/lib/python3.12/site-packages/airflow/example_dags/example_sensors.py for tasks to queue
[2025-01-18T00:18:06.844+0000] {logging_mixin.py:190} INFO - [2025-01-18T00:18:06.844+0000] {dagbag.py:588} INFO - Filling up the DagBag from /home/airflow/.local/lib/python3.12/site-packages/airflow/example_dags/example_sensors.py
[2025-01-18T00:18:06.858+0000] {processor.py:925} INFO - DAG(s) 'example_sensors' retrieved from /home/airflow/.local/lib/python3.12/site-packages/airflow/example_dags/example_sensors.py
[2025-01-18T00:18:06.890+0000] {logging_mixin.py:190} INFO - [2025-01-18T00:18:06.889+0000] {dag.py:3239} INFO - Sync 1 DAGs
[2025-01-18T00:18:06.907+0000] {logging_mixin.py:190} INFO - [2025-01-18T00:18:06.907+0000] {dag.py:4180} INFO - Setting next_dagrun for example_sensors to None, run_after=None
[2025-01-18T00:18:06.935+0000] {processor.py:208} INFO - Processing /home/airflow/.local/lib/python3.12/site-packages/airflow/example_dags/example_sensors.py took 0.106 seconds
[2025-01-18T00:18:38.237+0000] {processor.py:186} INFO - Started process (PID=19813) to work on /home/airflow/.local/lib/python3.12/site-packages/airflow/example_dags/example_sensors.py
[2025-01-18T00:18:38.239+0000] {processor.py:914} INFO - Processing file /home/airflow/.local/lib/python3.12/site-packages/airflow/example_dags/example_sensors.py for tasks to queue
[2025-01-18T00:18:38.241+0000] {logging_mixin.py:190} INFO - [2025-01-18T00:18:38.241+0000] {dagbag.py:588} INFO - Filling up the DagBag from /home/airflow/.local/lib/python3.12/site-packages/airflow/example_dags/example_sensors.py
[2025-01-18T00:18:38.441+0000] {processor.py:925} INFO - DAG(s) 'example_sensors' retrieved from /home/airflow/.local/lib/python3.12/site-packages/airflow/example_dags/example_sensors.py
[2025-01-18T00:18:38.470+0000] {logging_mixin.py:190} INFO - [2025-01-18T00:18:38.470+0000] {dag.py:3239} INFO - Sync 1 DAGs
[2025-01-18T00:18:38.487+0000] {logging_mixin.py:190} INFO - [2025-01-18T00:18:38.486+0000] {dag.py:4180} INFO - Setting next_dagrun for example_sensors to None, run_after=None
[2025-01-18T00:18:38.511+0000] {processor.py:208} INFO - Processing /home/airflow/.local/lib/python3.12/site-packages/airflow/example_dags/example_sensors.py took 0.279 seconds
[2025-01-18T00:19:08.863+0000] {processor.py:186} INFO - Started process (PID=19879) to work on /home/airflow/.local/lib/python3.12/site-packages/airflow/example_dags/example_sensors.py
[2025-01-18T00:19:08.864+0000] {processor.py:914} INFO - Processing file /home/airflow/.local/lib/python3.12/site-packages/airflow/example_dags/example_sensors.py for tasks to queue
[2025-01-18T00:19:08.866+0000] {logging_mixin.py:190} INFO - [2025-01-18T00:19:08.866+0000] {dagbag.py:588} INFO - Filling up the DagBag from /home/airflow/.local/lib/python3.12/site-packages/airflow/example_dags/example_sensors.py
[2025-01-18T00:19:08.878+0000] {processor.py:925} INFO - DAG(s) 'example_sensors' retrieved from /home/airflow/.local/lib/python3.12/site-packages/airflow/example_dags/example_sensors.py
[2025-01-18T00:19:08.905+0000] {logging_mixin.py:190} INFO - [2025-01-18T00:19:08.905+0000] {dag.py:3239} INFO - Sync 1 DAGs
[2025-01-18T00:19:08.920+0000] {logging_mixin.py:190} INFO - [2025-01-18T00:19:08.919+0000] {dag.py:4180} INFO - Setting next_dagrun for example_sensors to None, run_after=None
[2025-01-18T00:19:08.941+0000] {processor.py:208} INFO - Processing /home/airflow/.local/lib/python3.12/site-packages/airflow/example_dags/example_sensors.py took 0.084 seconds
[2025-01-18T00:19:39.386+0000] {processor.py:186} INFO - Started process (PID=19946) to work on /home/airflow/.local/lib/python3.12/site-packages/airflow/example_dags/example_sensors.py
[2025-01-18T00:19:39.387+0000] {processor.py:914} INFO - Processing file /home/airflow/.local/lib/python3.12/site-packages/airflow/example_dags/example_sensors.py for tasks to queue
[2025-01-18T00:19:39.389+0000] {logging_mixin.py:190} INFO - [2025-01-18T00:19:39.389+0000] {dagbag.py:588} INFO - Filling up the DagBag from /home/airflow/.local/lib/python3.12/site-packages/airflow/example_dags/example_sensors.py
[2025-01-18T00:19:39.400+0000] {processor.py:925} INFO - DAG(s) 'example_sensors' retrieved from /home/airflow/.local/lib/python3.12/site-packages/airflow/example_dags/example_sensors.py
[2025-01-18T00:19:39.429+0000] {logging_mixin.py:190} INFO - [2025-01-18T00:19:39.429+0000] {dag.py:3239} INFO - Sync 1 DAGs
[2025-01-18T00:19:39.447+0000] {logging_mixin.py:190} INFO - [2025-01-18T00:19:39.446+0000] {dag.py:4180} INFO - Setting next_dagrun for example_sensors to None, run_after=None
[2025-01-18T00:19:39.470+0000] {processor.py:208} INFO - Processing /home/airflow/.local/lib/python3.12/site-packages/airflow/example_dags/example_sensors.py took 0.090 seconds
[2025-01-18T00:20:10.043+0000] {processor.py:186} INFO - Started process (PID=20013) to work on /home/airflow/.local/lib/python3.12/site-packages/airflow/example_dags/example_sensors.py
[2025-01-18T00:20:10.044+0000] {processor.py:914} INFO - Processing file /home/airflow/.local/lib/python3.12/site-packages/airflow/example_dags/example_sensors.py for tasks to queue
[2025-01-18T00:20:10.048+0000] {logging_mixin.py:190} INFO - [2025-01-18T00:20:10.047+0000] {dagbag.py:588} INFO - Filling up the DagBag from /home/airflow/.local/lib/python3.12/site-packages/airflow/example_dags/example_sensors.py
[2025-01-18T00:20:10.065+0000] {processor.py:925} INFO - DAG(s) 'example_sensors' retrieved from /home/airflow/.local/lib/python3.12/site-packages/airflow/example_dags/example_sensors.py
[2025-01-18T00:20:10.095+0000] {logging_mixin.py:190} INFO - [2025-01-18T00:20:10.095+0000] {dag.py:3239} INFO - Sync 1 DAGs
[2025-01-18T00:20:10.112+0000] {logging_mixin.py:190} INFO - [2025-01-18T00:20:10.112+0000] {dag.py:4180} INFO - Setting next_dagrun for example_sensors to None, run_after=None
[2025-01-18T00:20:10.136+0000] {processor.py:208} INFO - Processing /home/airflow/.local/lib/python3.12/site-packages/airflow/example_dags/example_sensors.py took 0.101 seconds
[2025-01-18T00:20:40.362+0000] {processor.py:186} INFO - Started process (PID=20080) to work on /home/airflow/.local/lib/python3.12/site-packages/airflow/example_dags/example_sensors.py
[2025-01-18T00:20:40.364+0000] {processor.py:914} INFO - Processing file /home/airflow/.local/lib/python3.12/site-packages/airflow/example_dags/example_sensors.py for tasks to queue
[2025-01-18T00:20:40.366+0000] {logging_mixin.py:190} INFO - [2025-01-18T00:20:40.366+0000] {dagbag.py:588} INFO - Filling up the DagBag from /home/airflow/.local/lib/python3.12/site-packages/airflow/example_dags/example_sensors.py
[2025-01-18T00:20:40.378+0000] {processor.py:925} INFO - DAG(s) 'example_sensors' retrieved from /home/airflow/.local/lib/python3.12/site-packages/airflow/example_dags/example_sensors.py
[2025-01-18T00:20:40.411+0000] {logging_mixin.py:190} INFO - [2025-01-18T00:20:40.410+0000] {dag.py:3239} INFO - Sync 1 DAGs
[2025-01-18T00:20:40.428+0000] {logging_mixin.py:190} INFO - [2025-01-18T00:20:40.427+0000] {dag.py:4180} INFO - Setting next_dagrun for example_sensors to None, run_after=None
[2025-01-18T00:20:40.451+0000] {processor.py:208} INFO - Processing /home/airflow/.local/lib/python3.12/site-packages/airflow/example_dags/example_sensors.py took 0.095 seconds
[2025-01-18T00:21:10.853+0000] {processor.py:186} INFO - Started process (PID=20147) to work on /home/airflow/.local/lib/python3.12/site-packages/airflow/example_dags/example_sensors.py
[2025-01-18T00:21:10.854+0000] {processor.py:914} INFO - Processing file /home/airflow/.local/lib/python3.12/site-packages/airflow/example_dags/example_sensors.py for tasks to queue
[2025-01-18T00:21:10.856+0000] {logging_mixin.py:190} INFO - [2025-01-18T00:21:10.856+0000] {dagbag.py:588} INFO - Filling up the DagBag from /home/airflow/.local/lib/python3.12/site-packages/airflow/example_dags/example_sensors.py
[2025-01-18T00:21:10.869+0000] {processor.py:925} INFO - DAG(s) 'example_sensors' retrieved from /home/airflow/.local/lib/python3.12/site-packages/airflow/example_dags/example_sensors.py
[2025-01-18T00:21:10.899+0000] {logging_mixin.py:190} INFO - [2025-01-18T00:21:10.899+0000] {dag.py:3239} INFO - Sync 1 DAGs
[2025-01-18T00:21:10.915+0000] {logging_mixin.py:190} INFO - [2025-01-18T00:21:10.915+0000] {dag.py:4180} INFO - Setting next_dagrun for example_sensors to None, run_after=None
[2025-01-18T00:21:10.936+0000] {processor.py:208} INFO - Processing /home/airflow/.local/lib/python3.12/site-packages/airflow/example_dags/example_sensors.py took 0.090 seconds
[2025-01-18T00:21:41.276+0000] {processor.py:186} INFO - Started process (PID=20214) to work on /home/airflow/.local/lib/python3.12/site-packages/airflow/example_dags/example_sensors.py
[2025-01-18T00:21:41.277+0000] {processor.py:914} INFO - Processing file /home/airflow/.local/lib/python3.12/site-packages/airflow/example_dags/example_sensors.py for tasks to queue
[2025-01-18T00:21:41.280+0000] {logging_mixin.py:190} INFO - [2025-01-18T00:21:41.280+0000] {dagbag.py:588} INFO - Filling up the DagBag from /home/airflow/.local/lib/python3.12/site-packages/airflow/example_dags/example_sensors.py
[2025-01-18T00:21:41.294+0000] {processor.py:925} INFO - DAG(s) 'example_sensors' retrieved from /home/airflow/.local/lib/python3.12/site-packages/airflow/example_dags/example_sensors.py
[2025-01-18T00:21:41.326+0000] {logging_mixin.py:190} INFO - [2025-01-18T00:21:41.326+0000] {dag.py:3239} INFO - Sync 1 DAGs
[2025-01-18T00:21:41.349+0000] {logging_mixin.py:190} INFO - [2025-01-18T00:21:41.349+0000] {dag.py:4180} INFO - Setting next_dagrun for example_sensors to None, run_after=None
[2025-01-18T00:21:41.379+0000] {processor.py:208} INFO - Processing /home/airflow/.local/lib/python3.12/site-packages/airflow/example_dags/example_sensors.py took 0.110 seconds
[2025-01-18T00:22:11.685+0000] {processor.py:186} INFO - Started process (PID=20281) to work on /home/airflow/.local/lib/python3.12/site-packages/airflow/example_dags/example_sensors.py
[2025-01-18T00:22:11.686+0000] {processor.py:914} INFO - Processing file /home/airflow/.local/lib/python3.12/site-packages/airflow/example_dags/example_sensors.py for tasks to queue
[2025-01-18T00:22:11.689+0000] {logging_mixin.py:190} INFO - [2025-01-18T00:22:11.688+0000] {dagbag.py:588} INFO - Filling up the DagBag from /home/airflow/.local/lib/python3.12/site-packages/airflow/example_dags/example_sensors.py
[2025-01-18T00:22:11.700+0000] {processor.py:925} INFO - DAG(s) 'example_sensors' retrieved from /home/airflow/.local/lib/python3.12/site-packages/airflow/example_dags/example_sensors.py
[2025-01-18T00:22:11.730+0000] {logging_mixin.py:190} INFO - [2025-01-18T00:22:11.730+0000] {dag.py:3239} INFO - Sync 1 DAGs
[2025-01-18T00:22:11.747+0000] {logging_mixin.py:190} INFO - [2025-01-18T00:22:11.747+0000] {dag.py:4180} INFO - Setting next_dagrun for example_sensors to None, run_after=None
[2025-01-18T00:22:11.776+0000] {processor.py:208} INFO - Processing /home/airflow/.local/lib/python3.12/site-packages/airflow/example_dags/example_sensors.py took 0.097 seconds
[2025-01-18T00:22:42.441+0000] {processor.py:186} INFO - Started process (PID=20354) to work on /home/airflow/.local/lib/python3.12/site-packages/airflow/example_dags/example_sensors.py
[2025-01-18T00:22:42.442+0000] {processor.py:914} INFO - Processing file /home/airflow/.local/lib/python3.12/site-packages/airflow/example_dags/example_sensors.py for tasks to queue
[2025-01-18T00:22:42.445+0000] {logging_mixin.py:190} INFO - [2025-01-18T00:22:42.444+0000] {dagbag.py:588} INFO - Filling up the DagBag from /home/airflow/.local/lib/python3.12/site-packages/airflow/example_dags/example_sensors.py
[2025-01-18T00:22:42.455+0000] {processor.py:925} INFO - DAG(s) 'example_sensors' retrieved from /home/airflow/.local/lib/python3.12/site-packages/airflow/example_dags/example_sensors.py
[2025-01-18T00:22:42.483+0000] {logging_mixin.py:190} INFO - [2025-01-18T00:22:42.483+0000] {dag.py:3239} INFO - Sync 1 DAGs
[2025-01-18T00:22:42.500+0000] {logging_mixin.py:190} INFO - [2025-01-18T00:22:42.500+0000] {dag.py:4180} INFO - Setting next_dagrun for example_sensors to None, run_after=None
[2025-01-18T00:22:42.526+0000] {processor.py:208} INFO - Processing /home/airflow/.local/lib/python3.12/site-packages/airflow/example_dags/example_sensors.py took 0.092 seconds
[2025-01-18T00:23:12.657+0000] {processor.py:186} INFO - Started process (PID=20421) to work on /home/airflow/.local/lib/python3.12/site-packages/airflow/example_dags/example_sensors.py
[2025-01-18T00:23:12.659+0000] {processor.py:914} INFO - Processing file /home/airflow/.local/lib/python3.12/site-packages/airflow/example_dags/example_sensors.py for tasks to queue
[2025-01-18T00:23:12.661+0000] {logging_mixin.py:190} INFO - [2025-01-18T00:23:12.661+0000] {dagbag.py:588} INFO - Filling up the DagBag from /home/airflow/.local/lib/python3.12/site-packages/airflow/example_dags/example_sensors.py
[2025-01-18T00:23:12.673+0000] {processor.py:925} INFO - DAG(s) 'example_sensors' retrieved from /home/airflow/.local/lib/python3.12/site-packages/airflow/example_dags/example_sensors.py
[2025-01-18T00:23:12.701+0000] {logging_mixin.py:190} INFO - [2025-01-18T00:23:12.701+0000] {dag.py:3239} INFO - Sync 1 DAGs
[2025-01-18T00:23:12.716+0000] {logging_mixin.py:190} INFO - [2025-01-18T00:23:12.716+0000] {dag.py:4180} INFO - Setting next_dagrun for example_sensors to None, run_after=None
[2025-01-18T00:23:12.738+0000] {processor.py:208} INFO - Processing /home/airflow/.local/lib/python3.12/site-packages/airflow/example_dags/example_sensors.py took 0.086 seconds
[2025-01-18T00:23:43.537+0000] {processor.py:186} INFO - Started process (PID=20488) to work on /home/airflow/.local/lib/python3.12/site-packages/airflow/example_dags/example_sensors.py
[2025-01-18T00:23:43.539+0000] {processor.py:914} INFO - Processing file /home/airflow/.local/lib/python3.12/site-packages/airflow/example_dags/example_sensors.py for tasks to queue
[2025-01-18T00:23:43.541+0000] {logging_mixin.py:190} INFO - [2025-01-18T00:23:43.540+0000] {dagbag.py:588} INFO - Filling up the DagBag from /home/airflow/.local/lib/python3.12/site-packages/airflow/example_dags/example_sensors.py
[2025-01-18T00:23:43.551+0000] {processor.py:925} INFO - DAG(s) 'example_sensors' retrieved from /home/airflow/.local/lib/python3.12/site-packages/airflow/example_dags/example_sensors.py
[2025-01-18T00:23:43.578+0000] {logging_mixin.py:190} INFO - [2025-01-18T00:23:43.578+0000] {dag.py:3239} INFO - Sync 1 DAGs
[2025-01-18T00:23:43.594+0000] {logging_mixin.py:190} INFO - [2025-01-18T00:23:43.594+0000] {dag.py:4180} INFO - Setting next_dagrun for example_sensors to None, run_after=None
[2025-01-18T00:23:43.620+0000] {processor.py:208} INFO - Processing /home/airflow/.local/lib/python3.12/site-packages/airflow/example_dags/example_sensors.py took 0.088 seconds
[2025-01-18T00:24:14.034+0000] {processor.py:186} INFO - Started process (PID=20555) to work on /home/airflow/.local/lib/python3.12/site-packages/airflow/example_dags/example_sensors.py
[2025-01-18T00:24:14.036+0000] {processor.py:914} INFO - Processing file /home/airflow/.local/lib/python3.12/site-packages/airflow/example_dags/example_sensors.py for tasks to queue
[2025-01-18T00:24:14.039+0000] {logging_mixin.py:190} INFO - [2025-01-18T00:24:14.038+0000] {dagbag.py:588} INFO - Filling up the DagBag from /home/airflow/.local/lib/python3.12/site-packages/airflow/example_dags/example_sensors.py
[2025-01-18T00:24:14.052+0000] {processor.py:925} INFO - DAG(s) 'example_sensors' retrieved from /home/airflow/.local/lib/python3.12/site-packages/airflow/example_dags/example_sensors.py
[2025-01-18T00:24:14.084+0000] {logging_mixin.py:190} INFO - [2025-01-18T00:24:14.084+0000] {dag.py:3239} INFO - Sync 1 DAGs
[2025-01-18T00:24:14.099+0000] {logging_mixin.py:190} INFO - [2025-01-18T00:24:14.099+0000] {dag.py:4180} INFO - Setting next_dagrun for example_sensors to None, run_after=None
[2025-01-18T00:24:14.122+0000] {processor.py:208} INFO - Processing /home/airflow/.local/lib/python3.12/site-packages/airflow/example_dags/example_sensors.py took 0.095 seconds
[2025-01-18T00:24:44.420+0000] {processor.py:186} INFO - Started process (PID=20622) to work on /home/airflow/.local/lib/python3.12/site-packages/airflow/example_dags/example_sensors.py
[2025-01-18T00:24:44.423+0000] {processor.py:914} INFO - Processing file /home/airflow/.local/lib/python3.12/site-packages/airflow/example_dags/example_sensors.py for tasks to queue
[2025-01-18T00:24:44.426+0000] {logging_mixin.py:190} INFO - [2025-01-18T00:24:44.426+0000] {dagbag.py:588} INFO - Filling up the DagBag from /home/airflow/.local/lib/python3.12/site-packages/airflow/example_dags/example_sensors.py
[2025-01-18T00:24:44.439+0000] {processor.py:925} INFO - DAG(s) 'example_sensors' retrieved from /home/airflow/.local/lib/python3.12/site-packages/airflow/example_dags/example_sensors.py
[2025-01-18T00:24:44.472+0000] {logging_mixin.py:190} INFO - [2025-01-18T00:24:44.472+0000] {dag.py:3239} INFO - Sync 1 DAGs
[2025-01-18T00:24:44.489+0000] {logging_mixin.py:190} INFO - [2025-01-18T00:24:44.488+0000] {dag.py:4180} INFO - Setting next_dagrun for example_sensors to None, run_after=None
[2025-01-18T00:24:44.511+0000] {processor.py:208} INFO - Processing /home/airflow/.local/lib/python3.12/site-packages/airflow/example_dags/example_sensors.py took 0.100 seconds
[2025-01-18T00:25:15.219+0000] {processor.py:186} INFO - Started process (PID=20689) to work on /home/airflow/.local/lib/python3.12/site-packages/airflow/example_dags/example_sensors.py
[2025-01-18T00:25:15.220+0000] {processor.py:914} INFO - Processing file /home/airflow/.local/lib/python3.12/site-packages/airflow/example_dags/example_sensors.py for tasks to queue
[2025-01-18T00:25:15.223+0000] {logging_mixin.py:190} INFO - [2025-01-18T00:25:15.222+0000] {dagbag.py:588} INFO - Filling up the DagBag from /home/airflow/.local/lib/python3.12/site-packages/airflow/example_dags/example_sensors.py
[2025-01-18T00:25:15.234+0000] {processor.py:925} INFO - DAG(s) 'example_sensors' retrieved from /home/airflow/.local/lib/python3.12/site-packages/airflow/example_dags/example_sensors.py
[2025-01-18T00:25:15.264+0000] {logging_mixin.py:190} INFO - [2025-01-18T00:25:15.264+0000] {dag.py:3239} INFO - Sync 1 DAGs
[2025-01-18T00:25:15.280+0000] {logging_mixin.py:190} INFO - [2025-01-18T00:25:15.279+0000] {dag.py:4180} INFO - Setting next_dagrun for example_sensors to None, run_after=None
[2025-01-18T00:25:15.303+0000] {processor.py:208} INFO - Processing /home/airflow/.local/lib/python3.12/site-packages/airflow/example_dags/example_sensors.py took 0.090 seconds
[2025-01-18T00:25:45.988+0000] {processor.py:186} INFO - Started process (PID=20756) to work on /home/airflow/.local/lib/python3.12/site-packages/airflow/example_dags/example_sensors.py
[2025-01-18T00:25:45.989+0000] {processor.py:914} INFO - Processing file /home/airflow/.local/lib/python3.12/site-packages/airflow/example_dags/example_sensors.py for tasks to queue
[2025-01-18T00:25:45.991+0000] {logging_mixin.py:190} INFO - [2025-01-18T00:25:45.991+0000] {dagbag.py:588} INFO - Filling up the DagBag from /home/airflow/.local/lib/python3.12/site-packages/airflow/example_dags/example_sensors.py
[2025-01-18T00:25:46.003+0000] {processor.py:925} INFO - DAG(s) 'example_sensors' retrieved from /home/airflow/.local/lib/python3.12/site-packages/airflow/example_dags/example_sensors.py
[2025-01-18T00:25:46.030+0000] {logging_mixin.py:190} INFO - [2025-01-18T00:25:46.029+0000] {dag.py:3239} INFO - Sync 1 DAGs
[2025-01-18T00:25:46.048+0000] {logging_mixin.py:190} INFO - [2025-01-18T00:25:46.048+0000] {dag.py:4180} INFO - Setting next_dagrun for example_sensors to None, run_after=None
[2025-01-18T00:25:46.074+0000] {processor.py:208} INFO - Processing /home/airflow/.local/lib/python3.12/site-packages/airflow/example_dags/example_sensors.py took 0.092 seconds
[2025-01-18T00:26:16.634+0000] {processor.py:186} INFO - Started process (PID=20823) to work on /home/airflow/.local/lib/python3.12/site-packages/airflow/example_dags/example_sensors.py
[2025-01-18T00:26:16.635+0000] {processor.py:914} INFO - Processing file /home/airflow/.local/lib/python3.12/site-packages/airflow/example_dags/example_sensors.py for tasks to queue
[2025-01-18T00:26:16.638+0000] {logging_mixin.py:190} INFO - [2025-01-18T00:26:16.637+0000] {dagbag.py:588} INFO - Filling up the DagBag from /home/airflow/.local/lib/python3.12/site-packages/airflow/example_dags/example_sensors.py
[2025-01-18T00:26:16.647+0000] {processor.py:925} INFO - DAG(s) 'example_sensors' retrieved from /home/airflow/.local/lib/python3.12/site-packages/airflow/example_dags/example_sensors.py
[2025-01-18T00:26:16.672+0000] {logging_mixin.py:190} INFO - [2025-01-18T00:26:16.672+0000] {dag.py:3239} INFO - Sync 1 DAGs
[2025-01-18T00:26:16.686+0000] {logging_mixin.py:190} INFO - [2025-01-18T00:26:16.685+0000] {dag.py:4180} INFO - Setting next_dagrun for example_sensors to None, run_after=None
[2025-01-18T00:26:16.707+0000] {processor.py:208} INFO - Processing /home/airflow/.local/lib/python3.12/site-packages/airflow/example_dags/example_sensors.py took 0.079 seconds
[2025-01-18T00:26:47.455+0000] {processor.py:186} INFO - Started process (PID=20896) to work on /home/airflow/.local/lib/python3.12/site-packages/airflow/example_dags/example_sensors.py
[2025-01-18T00:26:47.456+0000] {processor.py:914} INFO - Processing file /home/airflow/.local/lib/python3.12/site-packages/airflow/example_dags/example_sensors.py for tasks to queue
[2025-01-18T00:26:47.459+0000] {logging_mixin.py:190} INFO - [2025-01-18T00:26:47.459+0000] {dagbag.py:588} INFO - Filling up the DagBag from /home/airflow/.local/lib/python3.12/site-packages/airflow/example_dags/example_sensors.py
[2025-01-18T00:26:47.474+0000] {processor.py:925} INFO - DAG(s) 'example_sensors' retrieved from /home/airflow/.local/lib/python3.12/site-packages/airflow/example_dags/example_sensors.py
[2025-01-18T00:26:47.507+0000] {logging_mixin.py:190} INFO - [2025-01-18T00:26:47.506+0000] {dag.py:3239} INFO - Sync 1 DAGs
[2025-01-18T00:26:47.525+0000] {logging_mixin.py:190} INFO - [2025-01-18T00:26:47.525+0000] {dag.py:4180} INFO - Setting next_dagrun for example_sensors to None, run_after=None
[2025-01-18T00:26:47.551+0000] {processor.py:208} INFO - Processing /home/airflow/.local/lib/python3.12/site-packages/airflow/example_dags/example_sensors.py took 0.102 seconds
[2025-01-18T00:27:18.361+0000] {processor.py:186} INFO - Started process (PID=20963) to work on /home/airflow/.local/lib/python3.12/site-packages/airflow/example_dags/example_sensors.py
[2025-01-18T00:27:18.362+0000] {processor.py:914} INFO - Processing file /home/airflow/.local/lib/python3.12/site-packages/airflow/example_dags/example_sensors.py for tasks to queue
[2025-01-18T00:27:18.366+0000] {logging_mixin.py:190} INFO - [2025-01-18T00:27:18.365+0000] {dagbag.py:588} INFO - Filling up the DagBag from /home/airflow/.local/lib/python3.12/site-packages/airflow/example_dags/example_sensors.py
[2025-01-18T00:27:18.385+0000] {processor.py:925} INFO - DAG(s) 'example_sensors' retrieved from /home/airflow/.local/lib/python3.12/site-packages/airflow/example_dags/example_sensors.py
[2025-01-18T00:27:18.425+0000] {logging_mixin.py:190} INFO - [2025-01-18T00:27:18.424+0000] {dag.py:3239} INFO - Sync 1 DAGs
[2025-01-18T00:27:18.446+0000] {logging_mixin.py:190} INFO - [2025-01-18T00:27:18.446+0000] {dag.py:4180} INFO - Setting next_dagrun for example_sensors to None, run_after=None
[2025-01-18T00:27:18.474+0000] {processor.py:208} INFO - Processing /home/airflow/.local/lib/python3.12/site-packages/airflow/example_dags/example_sensors.py took 0.120 seconds
[2025-01-18T00:27:49.033+0000] {processor.py:186} INFO - Started process (PID=21030) to work on /home/airflow/.local/lib/python3.12/site-packages/airflow/example_dags/example_sensors.py
[2025-01-18T00:27:49.035+0000] {processor.py:914} INFO - Processing file /home/airflow/.local/lib/python3.12/site-packages/airflow/example_dags/example_sensors.py for tasks to queue
[2025-01-18T00:27:49.038+0000] {logging_mixin.py:190} INFO - [2025-01-18T00:27:49.037+0000] {dagbag.py:588} INFO - Filling up the DagBag from /home/airflow/.local/lib/python3.12/site-packages/airflow/example_dags/example_sensors.py
[2025-01-18T00:27:49.048+0000] {processor.py:925} INFO - DAG(s) 'example_sensors' retrieved from /home/airflow/.local/lib/python3.12/site-packages/airflow/example_dags/example_sensors.py
[2025-01-18T00:27:49.075+0000] {logging_mixin.py:190} INFO - [2025-01-18T00:27:49.075+0000] {dag.py:3239} INFO - Sync 1 DAGs
[2025-01-18T00:27:49.091+0000] {logging_mixin.py:190} INFO - [2025-01-18T00:27:49.091+0000] {dag.py:4180} INFO - Setting next_dagrun for example_sensors to None, run_after=None
[2025-01-18T00:27:49.116+0000] {processor.py:208} INFO - Processing /home/airflow/.local/lib/python3.12/site-packages/airflow/example_dags/example_sensors.py took 0.089 seconds
[2025-01-18T00:28:19.449+0000] {processor.py:186} INFO - Started process (PID=21096) to work on /home/airflow/.local/lib/python3.12/site-packages/airflow/example_dags/example_sensors.py
[2025-01-18T00:28:19.450+0000] {processor.py:914} INFO - Processing file /home/airflow/.local/lib/python3.12/site-packages/airflow/example_dags/example_sensors.py for tasks to queue
[2025-01-18T00:28:19.452+0000] {logging_mixin.py:190} INFO - [2025-01-18T00:28:19.452+0000] {dagbag.py:588} INFO - Filling up the DagBag from /home/airflow/.local/lib/python3.12/site-packages/airflow/example_dags/example_sensors.py
[2025-01-18T00:28:19.464+0000] {processor.py:925} INFO - DAG(s) 'example_sensors' retrieved from /home/airflow/.local/lib/python3.12/site-packages/airflow/example_dags/example_sensors.py
[2025-01-18T00:28:19.490+0000] {logging_mixin.py:190} INFO - [2025-01-18T00:28:19.490+0000] {dag.py:3239} INFO - Sync 1 DAGs
[2025-01-18T00:28:19.506+0000] {logging_mixin.py:190} INFO - [2025-01-18T00:28:19.505+0000] {dag.py:4180} INFO - Setting next_dagrun for example_sensors to None, run_after=None
[2025-01-18T00:28:19.525+0000] {processor.py:208} INFO - Processing /home/airflow/.local/lib/python3.12/site-packages/airflow/example_dags/example_sensors.py took 0.084 seconds
[2025-01-18T00:28:49.907+0000] {processor.py:186} INFO - Started process (PID=21163) to work on /home/airflow/.local/lib/python3.12/site-packages/airflow/example_dags/example_sensors.py
[2025-01-18T00:28:49.908+0000] {processor.py:914} INFO - Processing file /home/airflow/.local/lib/python3.12/site-packages/airflow/example_dags/example_sensors.py for tasks to queue
[2025-01-18T00:28:49.910+0000] {logging_mixin.py:190} INFO - [2025-01-18T00:28:49.910+0000] {dagbag.py:588} INFO - Filling up the DagBag from /home/airflow/.local/lib/python3.12/site-packages/airflow/example_dags/example_sensors.py
[2025-01-18T00:28:49.920+0000] {processor.py:925} INFO - DAG(s) 'example_sensors' retrieved from /home/airflow/.local/lib/python3.12/site-packages/airflow/example_dags/example_sensors.py
[2025-01-18T00:28:49.946+0000] {logging_mixin.py:190} INFO - [2025-01-18T00:28:49.945+0000] {dag.py:3239} INFO - Sync 1 DAGs
[2025-01-18T00:28:49.960+0000] {logging_mixin.py:190} INFO - [2025-01-18T00:28:49.960+0000] {dag.py:4180} INFO - Setting next_dagrun for example_sensors to None, run_after=None
[2025-01-18T00:28:49.982+0000] {processor.py:208} INFO - Processing /home/airflow/.local/lib/python3.12/site-packages/airflow/example_dags/example_sensors.py took 0.081 seconds
[2025-01-18T00:29:20.419+0000] {processor.py:186} INFO - Started process (PID=21230) to work on /home/airflow/.local/lib/python3.12/site-packages/airflow/example_dags/example_sensors.py
[2025-01-18T00:29:20.420+0000] {processor.py:914} INFO - Processing file /home/airflow/.local/lib/python3.12/site-packages/airflow/example_dags/example_sensors.py for tasks to queue
[2025-01-18T00:29:20.423+0000] {logging_mixin.py:190} INFO - [2025-01-18T00:29:20.422+0000] {dagbag.py:588} INFO - Filling up the DagBag from /home/airflow/.local/lib/python3.12/site-packages/airflow/example_dags/example_sensors.py
[2025-01-18T00:29:20.435+0000] {processor.py:925} INFO - DAG(s) 'example_sensors' retrieved from /home/airflow/.local/lib/python3.12/site-packages/airflow/example_dags/example_sensors.py
[2025-01-18T00:29:20.463+0000] {logging_mixin.py:190} INFO - [2025-01-18T00:29:20.462+0000] {dag.py:3239} INFO - Sync 1 DAGs
[2025-01-18T00:29:20.479+0000] {logging_mixin.py:190} INFO - [2025-01-18T00:29:20.479+0000] {dag.py:4180} INFO - Setting next_dagrun for example_sensors to None, run_after=None
[2025-01-18T00:29:20.502+0000] {processor.py:208} INFO - Processing /home/airflow/.local/lib/python3.12/site-packages/airflow/example_dags/example_sensors.py took 0.090 seconds
[2025-01-18T00:29:51.315+0000] {processor.py:186} INFO - Started process (PID=21297) to work on /home/airflow/.local/lib/python3.12/site-packages/airflow/example_dags/example_sensors.py
[2025-01-18T00:29:51.316+0000] {processor.py:914} INFO - Processing file /home/airflow/.local/lib/python3.12/site-packages/airflow/example_dags/example_sensors.py for tasks to queue
[2025-01-18T00:29:51.319+0000] {logging_mixin.py:190} INFO - [2025-01-18T00:29:51.319+0000] {dagbag.py:588} INFO - Filling up the DagBag from /home/airflow/.local/lib/python3.12/site-packages/airflow/example_dags/example_sensors.py
[2025-01-18T00:29:51.330+0000] {processor.py:925} INFO - DAG(s) 'example_sensors' retrieved from /home/airflow/.local/lib/python3.12/site-packages/airflow/example_dags/example_sensors.py
[2025-01-18T00:29:51.364+0000] {logging_mixin.py:190} INFO - [2025-01-18T00:29:51.363+0000] {dag.py:3239} INFO - Sync 1 DAGs
[2025-01-18T00:29:51.379+0000] {logging_mixin.py:190} INFO - [2025-01-18T00:29:51.379+0000] {dag.py:4180} INFO - Setting next_dagrun for example_sensors to None, run_after=None
[2025-01-18T00:29:51.399+0000] {processor.py:208} INFO - Processing /home/airflow/.local/lib/python3.12/site-packages/airflow/example_dags/example_sensors.py took 0.090 seconds
[2025-01-18T00:30:21.856+0000] {processor.py:186} INFO - Started process (PID=21364) to work on /home/airflow/.local/lib/python3.12/site-packages/airflow/example_dags/example_sensors.py
[2025-01-18T00:30:21.857+0000] {processor.py:914} INFO - Processing file /home/airflow/.local/lib/python3.12/site-packages/airflow/example_dags/example_sensors.py for tasks to queue
[2025-01-18T00:30:21.860+0000] {logging_mixin.py:190} INFO - [2025-01-18T00:30:21.860+0000] {dagbag.py:588} INFO - Filling up the DagBag from /home/airflow/.local/lib/python3.12/site-packages/airflow/example_dags/example_sensors.py
[2025-01-18T00:30:21.871+0000] {processor.py:925} INFO - DAG(s) 'example_sensors' retrieved from /home/airflow/.local/lib/python3.12/site-packages/airflow/example_dags/example_sensors.py
[2025-01-18T00:30:21.900+0000] {logging_mixin.py:190} INFO - [2025-01-18T00:30:21.900+0000] {dag.py:3239} INFO - Sync 1 DAGs
[2025-01-18T00:30:21.917+0000] {logging_mixin.py:190} INFO - [2025-01-18T00:30:21.916+0000] {dag.py:4180} INFO - Setting next_dagrun for example_sensors to None, run_after=None
[2025-01-18T00:30:21.940+0000] {processor.py:208} INFO - Processing /home/airflow/.local/lib/python3.12/site-packages/airflow/example_dags/example_sensors.py took 0.089 seconds
[2025-01-18T00:30:52.432+0000] {processor.py:186} INFO - Started process (PID=21437) to work on /home/airflow/.local/lib/python3.12/site-packages/airflow/example_dags/example_sensors.py
[2025-01-18T00:30:52.434+0000] {processor.py:914} INFO - Processing file /home/airflow/.local/lib/python3.12/site-packages/airflow/example_dags/example_sensors.py for tasks to queue
[2025-01-18T00:30:52.437+0000] {logging_mixin.py:190} INFO - [2025-01-18T00:30:52.437+0000] {dagbag.py:588} INFO - Filling up the DagBag from /home/airflow/.local/lib/python3.12/site-packages/airflow/example_dags/example_sensors.py
[2025-01-18T00:30:52.453+0000] {processor.py:925} INFO - DAG(s) 'example_sensors' retrieved from /home/airflow/.local/lib/python3.12/site-packages/airflow/example_dags/example_sensors.py
[2025-01-18T00:30:52.494+0000] {logging_mixin.py:190} INFO - [2025-01-18T00:30:52.493+0000] {dag.py:3239} INFO - Sync 1 DAGs
[2025-01-18T00:30:52.520+0000] {logging_mixin.py:190} INFO - [2025-01-18T00:30:52.520+0000] {dag.py:4180} INFO - Setting next_dagrun for example_sensors to None, run_after=None
[2025-01-18T00:30:52.548+0000] {processor.py:208} INFO - Processing /home/airflow/.local/lib/python3.12/site-packages/airflow/example_dags/example_sensors.py took 0.126 seconds
[2025-01-18T00:31:22.606+0000] {processor.py:186} INFO - Started process (PID=21504) to work on /home/airflow/.local/lib/python3.12/site-packages/airflow/example_dags/example_sensors.py
[2025-01-18T00:31:22.607+0000] {processor.py:914} INFO - Processing file /home/airflow/.local/lib/python3.12/site-packages/airflow/example_dags/example_sensors.py for tasks to queue
[2025-01-18T00:31:22.609+0000] {logging_mixin.py:190} INFO - [2025-01-18T00:31:22.609+0000] {dagbag.py:588} INFO - Filling up the DagBag from /home/airflow/.local/lib/python3.12/site-packages/airflow/example_dags/example_sensors.py
[2025-01-18T00:31:22.627+0000] {processor.py:925} INFO - DAG(s) 'example_sensors' retrieved from /home/airflow/.local/lib/python3.12/site-packages/airflow/example_dags/example_sensors.py
[2025-01-18T00:31:22.663+0000] {logging_mixin.py:190} INFO - [2025-01-18T00:31:22.663+0000] {dag.py:3239} INFO - Sync 1 DAGs
[2025-01-18T00:31:22.690+0000] {logging_mixin.py:190} INFO - [2025-01-18T00:31:22.689+0000] {dag.py:4180} INFO - Setting next_dagrun for example_sensors to None, run_after=None
[2025-01-18T00:31:22.718+0000] {processor.py:208} INFO - Processing /home/airflow/.local/lib/python3.12/site-packages/airflow/example_dags/example_sensors.py took 0.119 seconds
[2025-01-18T00:31:53.073+0000] {processor.py:186} INFO - Started process (PID=21571) to work on /home/airflow/.local/lib/python3.12/site-packages/airflow/example_dags/example_sensors.py
[2025-01-18T00:31:53.074+0000] {processor.py:914} INFO - Processing file /home/airflow/.local/lib/python3.12/site-packages/airflow/example_dags/example_sensors.py for tasks to queue
[2025-01-18T00:31:53.077+0000] {logging_mixin.py:190} INFO - [2025-01-18T00:31:53.076+0000] {dagbag.py:588} INFO - Filling up the DagBag from /home/airflow/.local/lib/python3.12/site-packages/airflow/example_dags/example_sensors.py
[2025-01-18T00:31:53.091+0000] {processor.py:925} INFO - DAG(s) 'example_sensors' retrieved from /home/airflow/.local/lib/python3.12/site-packages/airflow/example_dags/example_sensors.py
[2025-01-18T00:31:53.133+0000] {logging_mixin.py:190} INFO - [2025-01-18T00:31:53.133+0000] {dag.py:3239} INFO - Sync 1 DAGs
[2025-01-18T00:31:53.158+0000] {logging_mixin.py:190} INFO - [2025-01-18T00:31:53.157+0000] {dag.py:4180} INFO - Setting next_dagrun for example_sensors to None, run_after=None
[2025-01-18T00:31:53.181+0000] {processor.py:208} INFO - Processing /home/airflow/.local/lib/python3.12/site-packages/airflow/example_dags/example_sensors.py took 0.115 seconds
[2025-01-18T00:32:23.645+0000] {processor.py:186} INFO - Started process (PID=21638) to work on /home/airflow/.local/lib/python3.12/site-packages/airflow/example_dags/example_sensors.py
[2025-01-18T00:32:23.646+0000] {processor.py:914} INFO - Processing file /home/airflow/.local/lib/python3.12/site-packages/airflow/example_dags/example_sensors.py for tasks to queue
[2025-01-18T00:32:23.649+0000] {logging_mixin.py:190} INFO - [2025-01-18T00:32:23.648+0000] {dagbag.py:588} INFO - Filling up the DagBag from /home/airflow/.local/lib/python3.12/site-packages/airflow/example_dags/example_sensors.py
[2025-01-18T00:32:23.660+0000] {processor.py:925} INFO - DAG(s) 'example_sensors' retrieved from /home/airflow/.local/lib/python3.12/site-packages/airflow/example_dags/example_sensors.py
[2025-01-18T00:32:23.687+0000] {logging_mixin.py:190} INFO - [2025-01-18T00:32:23.687+0000] {dag.py:3239} INFO - Sync 1 DAGs
[2025-01-18T00:32:23.701+0000] {logging_mixin.py:190} INFO - [2025-01-18T00:32:23.701+0000] {dag.py:4180} INFO - Setting next_dagrun for example_sensors to None, run_after=None
[2025-01-18T00:32:23.724+0000] {processor.py:208} INFO - Processing /home/airflow/.local/lib/python3.12/site-packages/airflow/example_dags/example_sensors.py took 0.086 seconds
[2025-01-18T00:32:54.533+0000] {processor.py:186} INFO - Started process (PID=21705) to work on /home/airflow/.local/lib/python3.12/site-packages/airflow/example_dags/example_sensors.py
[2025-01-18T00:32:54.534+0000] {processor.py:914} INFO - Processing file /home/airflow/.local/lib/python3.12/site-packages/airflow/example_dags/example_sensors.py for tasks to queue
[2025-01-18T00:32:54.536+0000] {logging_mixin.py:190} INFO - [2025-01-18T00:32:54.536+0000] {dagbag.py:588} INFO - Filling up the DagBag from /home/airflow/.local/lib/python3.12/site-packages/airflow/example_dags/example_sensors.py
[2025-01-18T00:32:54.547+0000] {processor.py:925} INFO - DAG(s) 'example_sensors' retrieved from /home/airflow/.local/lib/python3.12/site-packages/airflow/example_dags/example_sensors.py
[2025-01-18T00:32:54.576+0000] {logging_mixin.py:190} INFO - [2025-01-18T00:32:54.575+0000] {dag.py:3239} INFO - Sync 1 DAGs
[2025-01-18T00:32:54.591+0000] {logging_mixin.py:190} INFO - [2025-01-18T00:32:54.591+0000] {dag.py:4180} INFO - Setting next_dagrun for example_sensors to None, run_after=None
[2025-01-18T00:32:54.614+0000] {processor.py:208} INFO - Processing /home/airflow/.local/lib/python3.12/site-packages/airflow/example_dags/example_sensors.py took 0.086 seconds
[2025-01-18T00:33:24.792+0000] {processor.py:186} INFO - Started process (PID=21772) to work on /home/airflow/.local/lib/python3.12/site-packages/airflow/example_dags/example_sensors.py
[2025-01-18T00:33:24.793+0000] {processor.py:914} INFO - Processing file /home/airflow/.local/lib/python3.12/site-packages/airflow/example_dags/example_sensors.py for tasks to queue
[2025-01-18T00:33:24.795+0000] {logging_mixin.py:190} INFO - [2025-01-18T00:33:24.795+0000] {dagbag.py:588} INFO - Filling up the DagBag from /home/airflow/.local/lib/python3.12/site-packages/airflow/example_dags/example_sensors.py
[2025-01-18T00:33:24.805+0000] {processor.py:925} INFO - DAG(s) 'example_sensors' retrieved from /home/airflow/.local/lib/python3.12/site-packages/airflow/example_dags/example_sensors.py
[2025-01-18T00:33:24.831+0000] {logging_mixin.py:190} INFO - [2025-01-18T00:33:24.831+0000] {dag.py:3239} INFO - Sync 1 DAGs
[2025-01-18T00:33:24.844+0000] {logging_mixin.py:190} INFO - [2025-01-18T00:33:24.844+0000] {dag.py:4180} INFO - Setting next_dagrun for example_sensors to None, run_after=None
[2025-01-18T00:33:24.863+0000] {processor.py:208} INFO - Processing /home/airflow/.local/lib/python3.12/site-packages/airflow/example_dags/example_sensors.py took 0.076 seconds
[2025-01-18T00:33:54.961+0000] {processor.py:186} INFO - Started process (PID=21839) to work on /home/airflow/.local/lib/python3.12/site-packages/airflow/example_dags/example_sensors.py
[2025-01-18T00:33:54.962+0000] {processor.py:914} INFO - Processing file /home/airflow/.local/lib/python3.12/site-packages/airflow/example_dags/example_sensors.py for tasks to queue
[2025-01-18T00:33:54.965+0000] {logging_mixin.py:190} INFO - [2025-01-18T00:33:54.964+0000] {dagbag.py:588} INFO - Filling up the DagBag from /home/airflow/.local/lib/python3.12/site-packages/airflow/example_dags/example_sensors.py
[2025-01-18T00:33:54.976+0000] {processor.py:925} INFO - DAG(s) 'example_sensors' retrieved from /home/airflow/.local/lib/python3.12/site-packages/airflow/example_dags/example_sensors.py
[2025-01-18T00:33:55.022+0000] {logging_mixin.py:190} INFO - [2025-01-18T00:33:55.021+0000] {dag.py:3239} INFO - Sync 1 DAGs
[2025-01-18T00:33:55.037+0000] {logging_mixin.py:190} INFO - [2025-01-18T00:33:55.037+0000] {dag.py:4180} INFO - Setting next_dagrun for example_sensors to None, run_after=None
[2025-01-18T00:33:55.059+0000] {processor.py:208} INFO - Processing /home/airflow/.local/lib/python3.12/site-packages/airflow/example_dags/example_sensors.py took 0.106 seconds
[2025-01-18T00:34:25.290+0000] {processor.py:186} INFO - Started process (PID=21907) to work on /home/airflow/.local/lib/python3.12/site-packages/airflow/example_dags/example_sensors.py
[2025-01-18T00:34:25.291+0000] {processor.py:914} INFO - Processing file /home/airflow/.local/lib/python3.12/site-packages/airflow/example_dags/example_sensors.py for tasks to queue
[2025-01-18T00:34:25.294+0000] {logging_mixin.py:190} INFO - [2025-01-18T00:34:25.293+0000] {dagbag.py:588} INFO - Filling up the DagBag from /home/airflow/.local/lib/python3.12/site-packages/airflow/example_dags/example_sensors.py
[2025-01-18T00:34:25.305+0000] {processor.py:925} INFO - DAG(s) 'example_sensors' retrieved from /home/airflow/.local/lib/python3.12/site-packages/airflow/example_dags/example_sensors.py
[2025-01-18T00:34:25.335+0000] {logging_mixin.py:190} INFO - [2025-01-18T00:34:25.335+0000] {dag.py:3239} INFO - Sync 1 DAGs
[2025-01-18T00:34:25.352+0000] {logging_mixin.py:190} INFO - [2025-01-18T00:34:25.352+0000] {dag.py:4180} INFO - Setting next_dagrun for example_sensors to None, run_after=None
[2025-01-18T00:34:25.376+0000] {processor.py:208} INFO - Processing /home/airflow/.local/lib/python3.12/site-packages/airflow/example_dags/example_sensors.py took 0.092 seconds
[2025-01-18T00:34:55.608+0000] {processor.py:186} INFO - Started process (PID=21973) to work on /home/airflow/.local/lib/python3.12/site-packages/airflow/example_dags/example_sensors.py
[2025-01-18T00:34:55.609+0000] {processor.py:914} INFO - Processing file /home/airflow/.local/lib/python3.12/site-packages/airflow/example_dags/example_sensors.py for tasks to queue
[2025-01-18T00:34:55.612+0000] {logging_mixin.py:190} INFO - [2025-01-18T00:34:55.611+0000] {dagbag.py:588} INFO - Filling up the DagBag from /home/airflow/.local/lib/python3.12/site-packages/airflow/example_dags/example_sensors.py
[2025-01-18T00:34:55.622+0000] {processor.py:925} INFO - DAG(s) 'example_sensors' retrieved from /home/airflow/.local/lib/python3.12/site-packages/airflow/example_dags/example_sensors.py
[2025-01-18T00:34:55.651+0000] {logging_mixin.py:190} INFO - [2025-01-18T00:34:55.651+0000] {dag.py:3239} INFO - Sync 1 DAGs
[2025-01-18T00:34:55.668+0000] {logging_mixin.py:190} INFO - [2025-01-18T00:34:55.668+0000] {dag.py:4180} INFO - Setting next_dagrun for example_sensors to None, run_after=None
[2025-01-18T00:34:55.692+0000] {processor.py:208} INFO - Processing /home/airflow/.local/lib/python3.12/site-packages/airflow/example_dags/example_sensors.py took 0.089 seconds
[2025-01-18T00:35:25.962+0000] {processor.py:186} INFO - Started process (PID=22046) to work on /home/airflow/.local/lib/python3.12/site-packages/airflow/example_dags/example_sensors.py
[2025-01-18T00:35:25.963+0000] {processor.py:914} INFO - Processing file /home/airflow/.local/lib/python3.12/site-packages/airflow/example_dags/example_sensors.py for tasks to queue
[2025-01-18T00:35:25.966+0000] {logging_mixin.py:190} INFO - [2025-01-18T00:35:25.966+0000] {dagbag.py:588} INFO - Filling up the DagBag from /home/airflow/.local/lib/python3.12/site-packages/airflow/example_dags/example_sensors.py
[2025-01-18T00:35:25.978+0000] {processor.py:925} INFO - DAG(s) 'example_sensors' retrieved from /home/airflow/.local/lib/python3.12/site-packages/airflow/example_dags/example_sensors.py
[2025-01-18T00:35:26.013+0000] {logging_mixin.py:190} INFO - [2025-01-18T00:35:26.012+0000] {dag.py:3239} INFO - Sync 1 DAGs
[2025-01-18T00:35:26.031+0000] {logging_mixin.py:190} INFO - [2025-01-18T00:35:26.030+0000] {dag.py:4180} INFO - Setting next_dagrun for example_sensors to None, run_after=None
[2025-01-18T00:35:26.057+0000] {processor.py:208} INFO - Processing /home/airflow/.local/lib/python3.12/site-packages/airflow/example_dags/example_sensors.py took 0.100 seconds
