[2025-01-18T00:00:12.336+0000] {processor.py:186} INFO - Started process (PID=17360) to work on /home/airflow/.local/lib/python3.12/site-packages/airflow/example_dags/example_latest_only.py
[2025-01-18T00:00:12.337+0000] {processor.py:914} INFO - Processing file /home/airflow/.local/lib/python3.12/site-packages/airflow/example_dags/example_latest_only.py for tasks to queue
[2025-01-18T00:00:12.340+0000] {logging_mixin.py:190} INFO - [2025-01-18T00:00:12.340+0000] {dagbag.py:588} INFO - Filling up the DagBag from /home/airflow/.local/lib/python3.12/site-packages/airflow/example_dags/example_latest_only.py
[2025-01-18T00:00:12.351+0000] {processor.py:925} INFO - DAG(s) 'latest_only' retrieved from /home/airflow/.local/lib/python3.12/site-packages/airflow/example_dags/example_latest_only.py
[2025-01-18T00:00:12.380+0000] {logging_mixin.py:190} INFO - [2025-01-18T00:00:12.379+0000] {dag.py:3239} INFO - Sync 1 DAGs
[2025-01-18T00:00:12.428+0000] {logging_mixin.py:190} INFO - [2025-01-18T00:00:12.427+0000] {dag.py:4180} INFO - Setting next_dagrun for latest_only to 2025-01-17 20:00:00+00:00, run_after=2025-01-18 00:00:00+00:00
[2025-01-18T00:00:12.461+0000] {processor.py:208} INFO - Processing /home/airflow/.local/lib/python3.12/site-packages/airflow/example_dags/example_latest_only.py took 0.133 seconds
[2025-01-18T00:00:42.627+0000] {processor.py:186} INFO - Started process (PID=17427) to work on /home/airflow/.local/lib/python3.12/site-packages/airflow/example_dags/example_latest_only.py
[2025-01-18T00:00:42.628+0000] {processor.py:914} INFO - Processing file /home/airflow/.local/lib/python3.12/site-packages/airflow/example_dags/example_latest_only.py for tasks to queue
[2025-01-18T00:00:42.631+0000] {logging_mixin.py:190} INFO - [2025-01-18T00:00:42.630+0000] {dagbag.py:588} INFO - Filling up the DagBag from /home/airflow/.local/lib/python3.12/site-packages/airflow/example_dags/example_latest_only.py
[2025-01-18T00:00:42.641+0000] {processor.py:925} INFO - DAG(s) 'latest_only' retrieved from /home/airflow/.local/lib/python3.12/site-packages/airflow/example_dags/example_latest_only.py
[2025-01-18T00:00:42.665+0000] {logging_mixin.py:190} INFO - [2025-01-18T00:00:42.665+0000] {dag.py:3239} INFO - Sync 1 DAGs
[2025-01-18T00:00:42.699+0000] {logging_mixin.py:190} INFO - [2025-01-18T00:00:42.699+0000] {dag.py:4180} INFO - Setting next_dagrun for latest_only to 2025-01-17 20:00:00+00:00, run_after=2025-01-18 00:00:00+00:00
[2025-01-18T00:00:42.721+0000] {processor.py:208} INFO - Processing /home/airflow/.local/lib/python3.12/site-packages/airflow/example_dags/example_latest_only.py took 0.101 seconds
[2025-01-18T00:01:13.364+0000] {processor.py:186} INFO - Started process (PID=17494) to work on /home/airflow/.local/lib/python3.12/site-packages/airflow/example_dags/example_latest_only.py
[2025-01-18T00:01:13.366+0000] {processor.py:914} INFO - Processing file /home/airflow/.local/lib/python3.12/site-packages/airflow/example_dags/example_latest_only.py for tasks to queue
[2025-01-18T00:01:13.369+0000] {logging_mixin.py:190} INFO - [2025-01-18T00:01:13.369+0000] {dagbag.py:588} INFO - Filling up the DagBag from /home/airflow/.local/lib/python3.12/site-packages/airflow/example_dags/example_latest_only.py
[2025-01-18T00:01:13.381+0000] {processor.py:925} INFO - DAG(s) 'latest_only' retrieved from /home/airflow/.local/lib/python3.12/site-packages/airflow/example_dags/example_latest_only.py
[2025-01-18T00:01:13.412+0000] {logging_mixin.py:190} INFO - [2025-01-18T00:01:13.411+0000] {dag.py:3239} INFO - Sync 1 DAGs
[2025-01-18T00:01:13.455+0000] {logging_mixin.py:190} INFO - [2025-01-18T00:01:13.455+0000] {dag.py:4180} INFO - Setting next_dagrun for latest_only to 2025-01-17 20:00:00+00:00, run_after=2025-01-18 00:00:00+00:00
[2025-01-18T00:01:13.481+0000] {processor.py:208} INFO - Processing /home/airflow/.local/lib/python3.12/site-packages/airflow/example_dags/example_latest_only.py took 0.125 seconds
[2025-01-18T00:01:43.940+0000] {processor.py:186} INFO - Started process (PID=17567) to work on /home/airflow/.local/lib/python3.12/site-packages/airflow/example_dags/example_latest_only.py
[2025-01-18T00:01:43.942+0000] {processor.py:914} INFO - Processing file /home/airflow/.local/lib/python3.12/site-packages/airflow/example_dags/example_latest_only.py for tasks to queue
[2025-01-18T00:01:43.944+0000] {logging_mixin.py:190} INFO - [2025-01-18T00:01:43.944+0000] {dagbag.py:588} INFO - Filling up the DagBag from /home/airflow/.local/lib/python3.12/site-packages/airflow/example_dags/example_latest_only.py
[2025-01-18T00:01:43.954+0000] {processor.py:925} INFO - DAG(s) 'latest_only' retrieved from /home/airflow/.local/lib/python3.12/site-packages/airflow/example_dags/example_latest_only.py
[2025-01-18T00:01:43.979+0000] {logging_mixin.py:190} INFO - [2025-01-18T00:01:43.979+0000] {dag.py:3239} INFO - Sync 1 DAGs
[2025-01-18T00:01:44.011+0000] {logging_mixin.py:190} INFO - [2025-01-18T00:01:44.011+0000] {dag.py:4180} INFO - Setting next_dagrun for latest_only to 2025-01-17 20:00:00+00:00, run_after=2025-01-18 00:00:00+00:00
[2025-01-18T00:01:44.039+0000] {processor.py:208} INFO - Processing /home/airflow/.local/lib/python3.12/site-packages/airflow/example_dags/example_latest_only.py took 0.106 seconds
[2025-01-18T00:02:14.705+0000] {processor.py:186} INFO - Started process (PID=17634) to work on /home/airflow/.local/lib/python3.12/site-packages/airflow/example_dags/example_latest_only.py
[2025-01-18T00:02:14.706+0000] {processor.py:914} INFO - Processing file /home/airflow/.local/lib/python3.12/site-packages/airflow/example_dags/example_latest_only.py for tasks to queue
[2025-01-18T00:02:14.709+0000] {logging_mixin.py:190} INFO - [2025-01-18T00:02:14.709+0000] {dagbag.py:588} INFO - Filling up the DagBag from /home/airflow/.local/lib/python3.12/site-packages/airflow/example_dags/example_latest_only.py
[2025-01-18T00:02:14.717+0000] {processor.py:925} INFO - DAG(s) 'latest_only' retrieved from /home/airflow/.local/lib/python3.12/site-packages/airflow/example_dags/example_latest_only.py
[2025-01-18T00:02:14.742+0000] {logging_mixin.py:190} INFO - [2025-01-18T00:02:14.741+0000] {dag.py:3239} INFO - Sync 1 DAGs
[2025-01-18T00:02:14.773+0000] {logging_mixin.py:190} INFO - [2025-01-18T00:02:14.772+0000] {dag.py:4180} INFO - Setting next_dagrun for latest_only to 2025-01-17 20:00:00+00:00, run_after=2025-01-18 00:00:00+00:00
[2025-01-18T00:02:14.794+0000] {processor.py:208} INFO - Processing /home/airflow/.local/lib/python3.12/site-packages/airflow/example_dags/example_latest_only.py took 0.095 seconds
[2025-01-18T00:02:45.095+0000] {processor.py:186} INFO - Started process (PID=17702) to work on /home/airflow/.local/lib/python3.12/site-packages/airflow/example_dags/example_latest_only.py
[2025-01-18T00:02:45.096+0000] {processor.py:914} INFO - Processing file /home/airflow/.local/lib/python3.12/site-packages/airflow/example_dags/example_latest_only.py for tasks to queue
[2025-01-18T00:02:45.099+0000] {logging_mixin.py:190} INFO - [2025-01-18T00:02:45.098+0000] {dagbag.py:588} INFO - Filling up the DagBag from /home/airflow/.local/lib/python3.12/site-packages/airflow/example_dags/example_latest_only.py
[2025-01-18T00:02:45.106+0000] {processor.py:925} INFO - DAG(s) 'latest_only' retrieved from /home/airflow/.local/lib/python3.12/site-packages/airflow/example_dags/example_latest_only.py
[2025-01-18T00:02:45.128+0000] {logging_mixin.py:190} INFO - [2025-01-18T00:02:45.127+0000] {dag.py:3239} INFO - Sync 1 DAGs
[2025-01-18T00:02:45.156+0000] {logging_mixin.py:190} INFO - [2025-01-18T00:02:45.156+0000] {dag.py:4180} INFO - Setting next_dagrun for latest_only to 2025-01-17 20:00:00+00:00, run_after=2025-01-18 00:00:00+00:00
[2025-01-18T00:02:45.178+0000] {processor.py:208} INFO - Processing /home/airflow/.local/lib/python3.12/site-packages/airflow/example_dags/example_latest_only.py took 0.089 seconds
[2025-01-18T00:03:15.360+0000] {processor.py:186} INFO - Started process (PID=17769) to work on /home/airflow/.local/lib/python3.12/site-packages/airflow/example_dags/example_latest_only.py
[2025-01-18T00:03:15.361+0000] {processor.py:914} INFO - Processing file /home/airflow/.local/lib/python3.12/site-packages/airflow/example_dags/example_latest_only.py for tasks to queue
[2025-01-18T00:03:15.364+0000] {logging_mixin.py:190} INFO - [2025-01-18T00:03:15.363+0000] {dagbag.py:588} INFO - Filling up the DagBag from /home/airflow/.local/lib/python3.12/site-packages/airflow/example_dags/example_latest_only.py
[2025-01-18T00:03:15.370+0000] {processor.py:925} INFO - DAG(s) 'latest_only' retrieved from /home/airflow/.local/lib/python3.12/site-packages/airflow/example_dags/example_latest_only.py
[2025-01-18T00:03:15.391+0000] {logging_mixin.py:190} INFO - [2025-01-18T00:03:15.391+0000] {dag.py:3239} INFO - Sync 1 DAGs
[2025-01-18T00:03:15.418+0000] {logging_mixin.py:190} INFO - [2025-01-18T00:03:15.418+0000] {dag.py:4180} INFO - Setting next_dagrun for latest_only to 2025-01-17 20:00:00+00:00, run_after=2025-01-18 00:00:00+00:00
[2025-01-18T00:03:15.440+0000] {processor.py:208} INFO - Processing /home/airflow/.local/lib/python3.12/site-packages/airflow/example_dags/example_latest_only.py took 0.085 seconds
[2025-01-18T00:03:46.115+0000] {processor.py:186} INFO - Started process (PID=17837) to work on /home/airflow/.local/lib/python3.12/site-packages/airflow/example_dags/example_latest_only.py
[2025-01-18T00:03:46.116+0000] {processor.py:914} INFO - Processing file /home/airflow/.local/lib/python3.12/site-packages/airflow/example_dags/example_latest_only.py for tasks to queue
[2025-01-18T00:03:46.119+0000] {logging_mixin.py:190} INFO - [2025-01-18T00:03:46.119+0000] {dagbag.py:588} INFO - Filling up the DagBag from /home/airflow/.local/lib/python3.12/site-packages/airflow/example_dags/example_latest_only.py
[2025-01-18T00:03:46.129+0000] {processor.py:925} INFO - DAG(s) 'latest_only' retrieved from /home/airflow/.local/lib/python3.12/site-packages/airflow/example_dags/example_latest_only.py
[2025-01-18T00:03:46.157+0000] {logging_mixin.py:190} INFO - [2025-01-18T00:03:46.157+0000] {dag.py:3239} INFO - Sync 1 DAGs
[2025-01-18T00:03:46.200+0000] {logging_mixin.py:190} INFO - [2025-01-18T00:03:46.199+0000] {dag.py:4180} INFO - Setting next_dagrun for latest_only to 2025-01-17 20:00:00+00:00, run_after=2025-01-18 00:00:00+00:00
[2025-01-18T00:03:46.229+0000] {processor.py:208} INFO - Processing /home/airflow/.local/lib/python3.12/site-packages/airflow/example_dags/example_latest_only.py took 0.120 seconds
[2025-01-18T00:04:16.398+0000] {processor.py:186} INFO - Started process (PID=17904) to work on /home/airflow/.local/lib/python3.12/site-packages/airflow/example_dags/example_latest_only.py
[2025-01-18T00:04:16.399+0000] {processor.py:914} INFO - Processing file /home/airflow/.local/lib/python3.12/site-packages/airflow/example_dags/example_latest_only.py for tasks to queue
[2025-01-18T00:04:16.402+0000] {logging_mixin.py:190} INFO - [2025-01-18T00:04:16.401+0000] {dagbag.py:588} INFO - Filling up the DagBag from /home/airflow/.local/lib/python3.12/site-packages/airflow/example_dags/example_latest_only.py
[2025-01-18T00:04:16.412+0000] {processor.py:925} INFO - DAG(s) 'latest_only' retrieved from /home/airflow/.local/lib/python3.12/site-packages/airflow/example_dags/example_latest_only.py
[2025-01-18T00:04:16.439+0000] {logging_mixin.py:190} INFO - [2025-01-18T00:04:16.438+0000] {dag.py:3239} INFO - Sync 1 DAGs
[2025-01-18T00:04:16.471+0000] {logging_mixin.py:190} INFO - [2025-01-18T00:04:16.470+0000] {dag.py:4180} INFO - Setting next_dagrun for latest_only to 2025-01-17 20:00:00+00:00, run_after=2025-01-18 00:00:00+00:00
[2025-01-18T00:04:16.495+0000] {processor.py:208} INFO - Processing /home/airflow/.local/lib/python3.12/site-packages/airflow/example_dags/example_latest_only.py took 0.104 seconds
[2025-01-18T00:04:46.613+0000] {processor.py:186} INFO - Started process (PID=17971) to work on /home/airflow/.local/lib/python3.12/site-packages/airflow/example_dags/example_latest_only.py
[2025-01-18T00:04:46.614+0000] {processor.py:914} INFO - Processing file /home/airflow/.local/lib/python3.12/site-packages/airflow/example_dags/example_latest_only.py for tasks to queue
[2025-01-18T00:04:46.616+0000] {logging_mixin.py:190} INFO - [2025-01-18T00:04:46.616+0000] {dagbag.py:588} INFO - Filling up the DagBag from /home/airflow/.local/lib/python3.12/site-packages/airflow/example_dags/example_latest_only.py
[2025-01-18T00:04:46.623+0000] {processor.py:925} INFO - DAG(s) 'latest_only' retrieved from /home/airflow/.local/lib/python3.12/site-packages/airflow/example_dags/example_latest_only.py
[2025-01-18T00:04:46.642+0000] {logging_mixin.py:190} INFO - [2025-01-18T00:04:46.642+0000] {dag.py:3239} INFO - Sync 1 DAGs
[2025-01-18T00:04:46.669+0000] {logging_mixin.py:190} INFO - [2025-01-18T00:04:46.669+0000] {dag.py:4180} INFO - Setting next_dagrun for latest_only to 2025-01-17 20:00:00+00:00, run_after=2025-01-18 00:00:00+00:00
[2025-01-18T00:04:46.691+0000] {processor.py:208} INFO - Processing /home/airflow/.local/lib/python3.12/site-packages/airflow/example_dags/example_latest_only.py took 0.085 seconds
[2025-01-18T00:05:17.007+0000] {processor.py:186} INFO - Started process (PID=18038) to work on /home/airflow/.local/lib/python3.12/site-packages/airflow/example_dags/example_latest_only.py
[2025-01-18T00:05:17.008+0000] {processor.py:914} INFO - Processing file /home/airflow/.local/lib/python3.12/site-packages/airflow/example_dags/example_latest_only.py for tasks to queue
[2025-01-18T00:05:17.010+0000] {logging_mixin.py:190} INFO - [2025-01-18T00:05:17.010+0000] {dagbag.py:588} INFO - Filling up the DagBag from /home/airflow/.local/lib/python3.12/site-packages/airflow/example_dags/example_latest_only.py
[2025-01-18T00:05:17.019+0000] {processor.py:925} INFO - DAG(s) 'latest_only' retrieved from /home/airflow/.local/lib/python3.12/site-packages/airflow/example_dags/example_latest_only.py
[2025-01-18T00:05:17.042+0000] {logging_mixin.py:190} INFO - [2025-01-18T00:05:17.042+0000] {dag.py:3239} INFO - Sync 1 DAGs
[2025-01-18T00:05:17.071+0000] {logging_mixin.py:190} INFO - [2025-01-18T00:05:17.070+0000] {dag.py:4180} INFO - Setting next_dagrun for latest_only to 2025-01-17 20:00:00+00:00, run_after=2025-01-18 00:00:00+00:00
[2025-01-18T00:05:17.090+0000] {processor.py:208} INFO - Processing /home/airflow/.local/lib/python3.12/site-packages/airflow/example_dags/example_latest_only.py took 0.090 seconds
[2025-01-18T00:05:47.560+0000] {processor.py:186} INFO - Started process (PID=18105) to work on /home/airflow/.local/lib/python3.12/site-packages/airflow/example_dags/example_latest_only.py
[2025-01-18T00:05:47.561+0000] {processor.py:914} INFO - Processing file /home/airflow/.local/lib/python3.12/site-packages/airflow/example_dags/example_latest_only.py for tasks to queue
[2025-01-18T00:05:47.564+0000] {logging_mixin.py:190} INFO - [2025-01-18T00:05:47.563+0000] {dagbag.py:588} INFO - Filling up the DagBag from /home/airflow/.local/lib/python3.12/site-packages/airflow/example_dags/example_latest_only.py
[2025-01-18T00:05:47.570+0000] {processor.py:925} INFO - DAG(s) 'latest_only' retrieved from /home/airflow/.local/lib/python3.12/site-packages/airflow/example_dags/example_latest_only.py
[2025-01-18T00:05:47.592+0000] {logging_mixin.py:190} INFO - [2025-01-18T00:05:47.592+0000] {dag.py:3239} INFO - Sync 1 DAGs
[2025-01-18T00:05:47.622+0000] {logging_mixin.py:190} INFO - [2025-01-18T00:05:47.622+0000] {dag.py:4180} INFO - Setting next_dagrun for latest_only to 2025-01-17 20:00:00+00:00, run_after=2025-01-18 00:00:00+00:00
[2025-01-18T00:05:47.643+0000] {processor.py:208} INFO - Processing /home/airflow/.local/lib/python3.12/site-packages/airflow/example_dags/example_latest_only.py took 0.090 seconds
[2025-01-18T00:06:17.822+0000] {processor.py:186} INFO - Started process (PID=18179) to work on /home/airflow/.local/lib/python3.12/site-packages/airflow/example_dags/example_latest_only.py
[2025-01-18T00:06:17.824+0000] {processor.py:914} INFO - Processing file /home/airflow/.local/lib/python3.12/site-packages/airflow/example_dags/example_latest_only.py for tasks to queue
[2025-01-18T00:06:17.826+0000] {logging_mixin.py:190} INFO - [2025-01-18T00:06:17.826+0000] {dagbag.py:588} INFO - Filling up the DagBag from /home/airflow/.local/lib/python3.12/site-packages/airflow/example_dags/example_latest_only.py
[2025-01-18T00:06:17.834+0000] {processor.py:925} INFO - DAG(s) 'latest_only' retrieved from /home/airflow/.local/lib/python3.12/site-packages/airflow/example_dags/example_latest_only.py
[2025-01-18T00:06:17.859+0000] {logging_mixin.py:190} INFO - [2025-01-18T00:06:17.858+0000] {dag.py:3239} INFO - Sync 1 DAGs
[2025-01-18T00:06:17.887+0000] {logging_mixin.py:190} INFO - [2025-01-18T00:06:17.887+0000] {dag.py:4180} INFO - Setting next_dagrun for latest_only to 2025-01-17 20:00:00+00:00, run_after=2025-01-18 00:00:00+00:00
[2025-01-18T00:06:17.912+0000] {processor.py:208} INFO - Processing /home/airflow/.local/lib/python3.12/site-packages/airflow/example_dags/example_latest_only.py took 0.098 seconds
[2025-01-18T00:06:48.301+0000] {processor.py:186} INFO - Started process (PID=18245) to work on /home/airflow/.local/lib/python3.12/site-packages/airflow/example_dags/example_latest_only.py
[2025-01-18T00:06:48.302+0000] {processor.py:914} INFO - Processing file /home/airflow/.local/lib/python3.12/site-packages/airflow/example_dags/example_latest_only.py for tasks to queue
[2025-01-18T00:06:48.305+0000] {logging_mixin.py:190} INFO - [2025-01-18T00:06:48.305+0000] {dagbag.py:588} INFO - Filling up the DagBag from /home/airflow/.local/lib/python3.12/site-packages/airflow/example_dags/example_latest_only.py
[2025-01-18T00:06:48.314+0000] {processor.py:925} INFO - DAG(s) 'latest_only' retrieved from /home/airflow/.local/lib/python3.12/site-packages/airflow/example_dags/example_latest_only.py
[2025-01-18T00:06:48.338+0000] {logging_mixin.py:190} INFO - [2025-01-18T00:06:48.337+0000] {dag.py:3239} INFO - Sync 1 DAGs
[2025-01-18T00:06:48.371+0000] {logging_mixin.py:190} INFO - [2025-01-18T00:06:48.371+0000] {dag.py:4180} INFO - Setting next_dagrun for latest_only to 2025-01-17 20:00:00+00:00, run_after=2025-01-18 00:00:00+00:00
[2025-01-18T00:06:48.399+0000] {processor.py:208} INFO - Processing /home/airflow/.local/lib/python3.12/site-packages/airflow/example_dags/example_latest_only.py took 0.106 seconds
[2025-01-18T00:07:18.844+0000] {processor.py:186} INFO - Started process (PID=18312) to work on /home/airflow/.local/lib/python3.12/site-packages/airflow/example_dags/example_latest_only.py
[2025-01-18T00:07:18.846+0000] {processor.py:914} INFO - Processing file /home/airflow/.local/lib/python3.12/site-packages/airflow/example_dags/example_latest_only.py for tasks to queue
[2025-01-18T00:07:18.849+0000] {logging_mixin.py:190} INFO - [2025-01-18T00:07:18.848+0000] {dagbag.py:588} INFO - Filling up the DagBag from /home/airflow/.local/lib/python3.12/site-packages/airflow/example_dags/example_latest_only.py
[2025-01-18T00:07:18.860+0000] {processor.py:925} INFO - DAG(s) 'latest_only' retrieved from /home/airflow/.local/lib/python3.12/site-packages/airflow/example_dags/example_latest_only.py
[2025-01-18T00:07:18.887+0000] {logging_mixin.py:190} INFO - [2025-01-18T00:07:18.886+0000] {dag.py:3239} INFO - Sync 1 DAGs
[2025-01-18T00:07:18.921+0000] {logging_mixin.py:190} INFO - [2025-01-18T00:07:18.921+0000] {dag.py:4180} INFO - Setting next_dagrun for latest_only to 2025-01-17 20:00:00+00:00, run_after=2025-01-18 00:00:00+00:00
[2025-01-18T00:07:18.946+0000] {processor.py:208} INFO - Processing /home/airflow/.local/lib/python3.12/site-packages/airflow/example_dags/example_latest_only.py took 0.113 seconds
[2025-01-18T00:07:50.539+0000] {processor.py:186} INFO - Started process (PID=18380) to work on /home/airflow/.local/lib/python3.12/site-packages/airflow/example_dags/example_latest_only.py
[2025-01-18T00:07:50.541+0000] {processor.py:914} INFO - Processing file /home/airflow/.local/lib/python3.12/site-packages/airflow/example_dags/example_latest_only.py for tasks to queue
[2025-01-18T00:07:50.546+0000] {logging_mixin.py:190} INFO - [2025-01-18T00:07:50.545+0000] {dagbag.py:588} INFO - Filling up the DagBag from /home/airflow/.local/lib/python3.12/site-packages/airflow/example_dags/example_latest_only.py
[2025-01-18T00:07:50.565+0000] {processor.py:925} INFO - DAG(s) 'latest_only' retrieved from /home/airflow/.local/lib/python3.12/site-packages/airflow/example_dags/example_latest_only.py
[2025-01-18T00:07:50.608+0000] {logging_mixin.py:190} INFO - [2025-01-18T00:07:50.608+0000] {dag.py:3239} INFO - Sync 1 DAGs
[2025-01-18T00:07:50.660+0000] {logging_mixin.py:190} INFO - [2025-01-18T00:07:50.659+0000] {dag.py:4180} INFO - Setting next_dagrun for latest_only to 2025-01-17 20:00:00+00:00, run_after=2025-01-18 00:00:00+00:00
[2025-01-18T00:07:50.693+0000] {processor.py:208} INFO - Processing /home/airflow/.local/lib/python3.12/site-packages/airflow/example_dags/example_latest_only.py took 0.170 seconds
[2025-01-18T00:08:20.751+0000] {processor.py:186} INFO - Started process (PID=18446) to work on /home/airflow/.local/lib/python3.12/site-packages/airflow/example_dags/example_latest_only.py
[2025-01-18T00:08:20.753+0000] {processor.py:914} INFO - Processing file /home/airflow/.local/lib/python3.12/site-packages/airflow/example_dags/example_latest_only.py for tasks to queue
[2025-01-18T00:08:20.755+0000] {logging_mixin.py:190} INFO - [2025-01-18T00:08:20.755+0000] {dagbag.py:588} INFO - Filling up the DagBag from /home/airflow/.local/lib/python3.12/site-packages/airflow/example_dags/example_latest_only.py
[2025-01-18T00:08:20.763+0000] {processor.py:925} INFO - DAG(s) 'latest_only' retrieved from /home/airflow/.local/lib/python3.12/site-packages/airflow/example_dags/example_latest_only.py
[2025-01-18T00:08:20.787+0000] {logging_mixin.py:190} INFO - [2025-01-18T00:08:20.787+0000] {dag.py:3239} INFO - Sync 1 DAGs
[2025-01-18T00:08:20.821+0000] {logging_mixin.py:190} INFO - [2025-01-18T00:08:20.821+0000] {dag.py:4180} INFO - Setting next_dagrun for latest_only to 2025-01-17 20:00:00+00:00, run_after=2025-01-18 00:00:00+00:00
[2025-01-18T00:08:20.849+0000] {processor.py:208} INFO - Processing /home/airflow/.local/lib/python3.12/site-packages/airflow/example_dags/example_latest_only.py took 0.105 seconds
[2025-01-18T00:08:51.415+0000] {processor.py:186} INFO - Started process (PID=18512) to work on /home/airflow/.local/lib/python3.12/site-packages/airflow/example_dags/example_latest_only.py
[2025-01-18T00:08:51.416+0000] {processor.py:914} INFO - Processing file /home/airflow/.local/lib/python3.12/site-packages/airflow/example_dags/example_latest_only.py for tasks to queue
[2025-01-18T00:08:51.420+0000] {logging_mixin.py:190} INFO - [2025-01-18T00:08:51.419+0000] {dagbag.py:588} INFO - Filling up the DagBag from /home/airflow/.local/lib/python3.12/site-packages/airflow/example_dags/example_latest_only.py
[2025-01-18T00:08:51.430+0000] {processor.py:925} INFO - DAG(s) 'latest_only' retrieved from /home/airflow/.local/lib/python3.12/site-packages/airflow/example_dags/example_latest_only.py
[2025-01-18T00:08:51.457+0000] {logging_mixin.py:190} INFO - [2025-01-18T00:08:51.456+0000] {dag.py:3239} INFO - Sync 1 DAGs
[2025-01-18T00:08:51.490+0000] {logging_mixin.py:190} INFO - [2025-01-18T00:08:51.490+0000] {dag.py:4180} INFO - Setting next_dagrun for latest_only to 2025-01-17 20:00:00+00:00, run_after=2025-01-18 00:00:00+00:00
[2025-01-18T00:08:51.519+0000] {processor.py:208} INFO - Processing /home/airflow/.local/lib/python3.12/site-packages/airflow/example_dags/example_latest_only.py took 0.113 seconds
[2025-01-18T00:09:21.741+0000] {processor.py:186} INFO - Started process (PID=18580) to work on /home/airflow/.local/lib/python3.12/site-packages/airflow/example_dags/example_latest_only.py
[2025-01-18T00:09:21.742+0000] {processor.py:914} INFO - Processing file /home/airflow/.local/lib/python3.12/site-packages/airflow/example_dags/example_latest_only.py for tasks to queue
[2025-01-18T00:09:21.747+0000] {logging_mixin.py:190} INFO - [2025-01-18T00:09:21.747+0000] {dagbag.py:588} INFO - Filling up the DagBag from /home/airflow/.local/lib/python3.12/site-packages/airflow/example_dags/example_latest_only.py
[2025-01-18T00:09:21.757+0000] {processor.py:925} INFO - DAG(s) 'latest_only' retrieved from /home/airflow/.local/lib/python3.12/site-packages/airflow/example_dags/example_latest_only.py
[2025-01-18T00:09:21.787+0000] {logging_mixin.py:190} INFO - [2025-01-18T00:09:21.786+0000] {dag.py:3239} INFO - Sync 1 DAGs
[2025-01-18T00:09:21.831+0000] {logging_mixin.py:190} INFO - [2025-01-18T00:09:21.830+0000] {dag.py:4180} INFO - Setting next_dagrun for latest_only to 2025-01-17 20:00:00+00:00, run_after=2025-01-18 00:00:00+00:00
[2025-01-18T00:09:21.860+0000] {processor.py:208} INFO - Processing /home/airflow/.local/lib/python3.12/site-packages/airflow/example_dags/example_latest_only.py took 0.126 seconds
[2025-01-18T00:09:52.411+0000] {processor.py:186} INFO - Started process (PID=18644) to work on /home/airflow/.local/lib/python3.12/site-packages/airflow/example_dags/example_latest_only.py
[2025-01-18T00:09:52.413+0000] {processor.py:914} INFO - Processing file /home/airflow/.local/lib/python3.12/site-packages/airflow/example_dags/example_latest_only.py for tasks to queue
[2025-01-18T00:09:52.416+0000] {logging_mixin.py:190} INFO - [2025-01-18T00:09:52.416+0000] {dagbag.py:588} INFO - Filling up the DagBag from /home/airflow/.local/lib/python3.12/site-packages/airflow/example_dags/example_latest_only.py
[2025-01-18T00:09:52.425+0000] {processor.py:925} INFO - DAG(s) 'latest_only' retrieved from /home/airflow/.local/lib/python3.12/site-packages/airflow/example_dags/example_latest_only.py
[2025-01-18T00:09:52.448+0000] {logging_mixin.py:190} INFO - [2025-01-18T00:09:52.447+0000] {dag.py:3239} INFO - Sync 1 DAGs
[2025-01-18T00:09:52.478+0000] {logging_mixin.py:190} INFO - [2025-01-18T00:09:52.478+0000] {dag.py:4180} INFO - Setting next_dagrun for latest_only to 2025-01-17 20:00:00+00:00, run_after=2025-01-18 00:00:00+00:00
[2025-01-18T00:09:52.503+0000] {processor.py:208} INFO - Processing /home/airflow/.local/lib/python3.12/site-packages/airflow/example_dags/example_latest_only.py took 0.098 seconds
[2025-01-18T00:10:23.395+0000] {processor.py:186} INFO - Started process (PID=18716) to work on /home/airflow/.local/lib/python3.12/site-packages/airflow/example_dags/example_latest_only.py
[2025-01-18T00:10:23.397+0000] {processor.py:914} INFO - Processing file /home/airflow/.local/lib/python3.12/site-packages/airflow/example_dags/example_latest_only.py for tasks to queue
[2025-01-18T00:10:23.400+0000] {logging_mixin.py:190} INFO - [2025-01-18T00:10:23.400+0000] {dagbag.py:588} INFO - Filling up the DagBag from /home/airflow/.local/lib/python3.12/site-packages/airflow/example_dags/example_latest_only.py
[2025-01-18T00:10:23.409+0000] {processor.py:925} INFO - DAG(s) 'latest_only' retrieved from /home/airflow/.local/lib/python3.12/site-packages/airflow/example_dags/example_latest_only.py
[2025-01-18T00:10:23.436+0000] {logging_mixin.py:190} INFO - [2025-01-18T00:10:23.436+0000] {dag.py:3239} INFO - Sync 1 DAGs
[2025-01-18T00:10:23.474+0000] {logging_mixin.py:190} INFO - [2025-01-18T00:10:23.473+0000] {dag.py:4180} INFO - Setting next_dagrun for latest_only to 2025-01-17 20:00:00+00:00, run_after=2025-01-18 00:00:00+00:00
[2025-01-18T00:10:23.497+0000] {processor.py:208} INFO - Processing /home/airflow/.local/lib/python3.12/site-packages/airflow/example_dags/example_latest_only.py took 0.109 seconds
[2025-01-18T00:10:55.419+0000] {processor.py:186} INFO - Started process (PID=18783) to work on /home/airflow/.local/lib/python3.12/site-packages/airflow/example_dags/example_latest_only.py
[2025-01-18T00:10:55.421+0000] {processor.py:914} INFO - Processing file /home/airflow/.local/lib/python3.12/site-packages/airflow/example_dags/example_latest_only.py for tasks to queue
[2025-01-18T00:10:55.424+0000] {logging_mixin.py:190} INFO - [2025-01-18T00:10:55.423+0000] {dagbag.py:588} INFO - Filling up the DagBag from /home/airflow/.local/lib/python3.12/site-packages/airflow/example_dags/example_latest_only.py
[2025-01-18T00:10:55.434+0000] {processor.py:925} INFO - DAG(s) 'latest_only' retrieved from /home/airflow/.local/lib/python3.12/site-packages/airflow/example_dags/example_latest_only.py
[2025-01-18T00:10:55.467+0000] {logging_mixin.py:190} INFO - [2025-01-18T00:10:55.466+0000] {dag.py:3239} INFO - Sync 1 DAGs
[2025-01-18T00:10:55.511+0000] {logging_mixin.py:190} INFO - [2025-01-18T00:10:55.511+0000] {dag.py:4180} INFO - Setting next_dagrun for latest_only to 2025-01-17 20:00:00+00:00, run_after=2025-01-18 00:00:00+00:00
[2025-01-18T00:10:55.538+0000] {processor.py:208} INFO - Processing /home/airflow/.local/lib/python3.12/site-packages/airflow/example_dags/example_latest_only.py took 0.133 seconds
[2025-01-18T00:11:25.968+0000] {processor.py:186} INFO - Started process (PID=18850) to work on /home/airflow/.local/lib/python3.12/site-packages/airflow/example_dags/example_latest_only.py
[2025-01-18T00:11:25.978+0000] {processor.py:914} INFO - Processing file /home/airflow/.local/lib/python3.12/site-packages/airflow/example_dags/example_latest_only.py for tasks to queue
[2025-01-18T00:11:25.981+0000] {logging_mixin.py:190} INFO - [2025-01-18T00:11:25.980+0000] {dagbag.py:588} INFO - Filling up the DagBag from /home/airflow/.local/lib/python3.12/site-packages/airflow/example_dags/example_latest_only.py
[2025-01-18T00:11:25.989+0000] {processor.py:925} INFO - DAG(s) 'latest_only' retrieved from /home/airflow/.local/lib/python3.12/site-packages/airflow/example_dags/example_latest_only.py
[2025-01-18T00:11:26.015+0000] {logging_mixin.py:190} INFO - [2025-01-18T00:11:26.014+0000] {dag.py:3239} INFO - Sync 1 DAGs
[2025-01-18T00:11:26.047+0000] {logging_mixin.py:190} INFO - [2025-01-18T00:11:26.046+0000] {dag.py:4180} INFO - Setting next_dagrun for latest_only to 2025-01-17 20:00:00+00:00, run_after=2025-01-18 00:00:00+00:00
[2025-01-18T00:11:26.070+0000] {processor.py:208} INFO - Processing /home/airflow/.local/lib/python3.12/site-packages/airflow/example_dags/example_latest_only.py took 0.109 seconds
[2025-01-18T00:11:56.128+0000] {processor.py:186} INFO - Started process (PID=18918) to work on /home/airflow/.local/lib/python3.12/site-packages/airflow/example_dags/example_latest_only.py
[2025-01-18T00:11:56.129+0000] {processor.py:914} INFO - Processing file /home/airflow/.local/lib/python3.12/site-packages/airflow/example_dags/example_latest_only.py for tasks to queue
[2025-01-18T00:11:56.132+0000] {logging_mixin.py:190} INFO - [2025-01-18T00:11:56.132+0000] {dagbag.py:588} INFO - Filling up the DagBag from /home/airflow/.local/lib/python3.12/site-packages/airflow/example_dags/example_latest_only.py
[2025-01-18T00:11:56.140+0000] {processor.py:925} INFO - DAG(s) 'latest_only' retrieved from /home/airflow/.local/lib/python3.12/site-packages/airflow/example_dags/example_latest_only.py
[2025-01-18T00:11:56.165+0000] {logging_mixin.py:190} INFO - [2025-01-18T00:11:56.164+0000] {dag.py:3239} INFO - Sync 1 DAGs
[2025-01-18T00:11:56.195+0000] {logging_mixin.py:190} INFO - [2025-01-18T00:11:56.194+0000] {dag.py:4180} INFO - Setting next_dagrun for latest_only to 2025-01-17 20:00:00+00:00, run_after=2025-01-18 00:00:00+00:00
[2025-01-18T00:11:56.215+0000] {processor.py:208} INFO - Processing /home/airflow/.local/lib/python3.12/site-packages/airflow/example_dags/example_latest_only.py took 0.095 seconds
[2025-01-18T00:12:26.566+0000] {processor.py:186} INFO - Started process (PID=18983) to work on /home/airflow/.local/lib/python3.12/site-packages/airflow/example_dags/example_latest_only.py
[2025-01-18T00:12:26.567+0000] {processor.py:914} INFO - Processing file /home/airflow/.local/lib/python3.12/site-packages/airflow/example_dags/example_latest_only.py for tasks to queue
[2025-01-18T00:12:26.570+0000] {logging_mixin.py:190} INFO - [2025-01-18T00:12:26.569+0000] {dagbag.py:588} INFO - Filling up the DagBag from /home/airflow/.local/lib/python3.12/site-packages/airflow/example_dags/example_latest_only.py
[2025-01-18T00:12:26.580+0000] {processor.py:925} INFO - DAG(s) 'latest_only' retrieved from /home/airflow/.local/lib/python3.12/site-packages/airflow/example_dags/example_latest_only.py
[2025-01-18T00:12:26.608+0000] {logging_mixin.py:190} INFO - [2025-01-18T00:12:26.608+0000] {dag.py:3239} INFO - Sync 1 DAGs
[2025-01-18T00:12:26.643+0000] {logging_mixin.py:190} INFO - [2025-01-18T00:12:26.643+0000] {dag.py:4180} INFO - Setting next_dagrun for latest_only to 2025-01-17 20:00:00+00:00, run_after=2025-01-18 00:00:00+00:00
[2025-01-18T00:12:26.673+0000] {processor.py:208} INFO - Processing /home/airflow/.local/lib/python3.12/site-packages/airflow/example_dags/example_latest_only.py took 0.115 seconds
[2025-01-18T00:12:57.315+0000] {processor.py:186} INFO - Started process (PID=19048) to work on /home/airflow/.local/lib/python3.12/site-packages/airflow/example_dags/example_latest_only.py
[2025-01-18T00:12:57.324+0000] {processor.py:914} INFO - Processing file /home/airflow/.local/lib/python3.12/site-packages/airflow/example_dags/example_latest_only.py for tasks to queue
[2025-01-18T00:12:57.327+0000] {logging_mixin.py:190} INFO - [2025-01-18T00:12:57.327+0000] {dagbag.py:588} INFO - Filling up the DagBag from /home/airflow/.local/lib/python3.12/site-packages/airflow/example_dags/example_latest_only.py
[2025-01-18T00:12:57.340+0000] {processor.py:925} INFO - DAG(s) 'latest_only' retrieved from /home/airflow/.local/lib/python3.12/site-packages/airflow/example_dags/example_latest_only.py
[2025-01-18T00:12:57.371+0000] {logging_mixin.py:190} INFO - [2025-01-18T00:12:57.370+0000] {dag.py:3239} INFO - Sync 1 DAGs
[2025-01-18T00:12:57.402+0000] {logging_mixin.py:190} INFO - [2025-01-18T00:12:57.402+0000] {dag.py:4180} INFO - Setting next_dagrun for latest_only to 2025-01-17 20:00:00+00:00, run_after=2025-01-18 00:00:00+00:00
[2025-01-18T00:12:57.430+0000] {processor.py:208} INFO - Processing /home/airflow/.local/lib/python3.12/site-packages/airflow/example_dags/example_latest_only.py took 0.124 seconds
[2025-01-18T00:13:27.637+0000] {processor.py:186} INFO - Started process (PID=19115) to work on /home/airflow/.local/lib/python3.12/site-packages/airflow/example_dags/example_latest_only.py
[2025-01-18T00:13:27.638+0000] {processor.py:914} INFO - Processing file /home/airflow/.local/lib/python3.12/site-packages/airflow/example_dags/example_latest_only.py for tasks to queue
[2025-01-18T00:13:27.640+0000] {logging_mixin.py:190} INFO - [2025-01-18T00:13:27.640+0000] {dagbag.py:588} INFO - Filling up the DagBag from /home/airflow/.local/lib/python3.12/site-packages/airflow/example_dags/example_latest_only.py
[2025-01-18T00:13:27.647+0000] {processor.py:925} INFO - DAG(s) 'latest_only' retrieved from /home/airflow/.local/lib/python3.12/site-packages/airflow/example_dags/example_latest_only.py
[2025-01-18T00:13:27.669+0000] {logging_mixin.py:190} INFO - [2025-01-18T00:13:27.669+0000] {dag.py:3239} INFO - Sync 1 DAGs
[2025-01-18T00:13:27.697+0000] {logging_mixin.py:190} INFO - [2025-01-18T00:13:27.697+0000] {dag.py:4180} INFO - Setting next_dagrun for latest_only to 2025-01-17 20:00:00+00:00, run_after=2025-01-18 00:00:00+00:00
[2025-01-18T00:13:27.720+0000] {processor.py:208} INFO - Processing /home/airflow/.local/lib/python3.12/site-packages/airflow/example_dags/example_latest_only.py took 0.089 seconds
[2025-01-18T00:13:58.087+0000] {processor.py:186} INFO - Started process (PID=19182) to work on /home/airflow/.local/lib/python3.12/site-packages/airflow/example_dags/example_latest_only.py
[2025-01-18T00:13:58.088+0000] {processor.py:914} INFO - Processing file /home/airflow/.local/lib/python3.12/site-packages/airflow/example_dags/example_latest_only.py for tasks to queue
[2025-01-18T00:13:58.090+0000] {logging_mixin.py:190} INFO - [2025-01-18T00:13:58.090+0000] {dagbag.py:588} INFO - Filling up the DagBag from /home/airflow/.local/lib/python3.12/site-packages/airflow/example_dags/example_latest_only.py
[2025-01-18T00:13:58.097+0000] {processor.py:925} INFO - DAG(s) 'latest_only' retrieved from /home/airflow/.local/lib/python3.12/site-packages/airflow/example_dags/example_latest_only.py
[2025-01-18T00:13:58.118+0000] {logging_mixin.py:190} INFO - [2025-01-18T00:13:58.118+0000] {dag.py:3239} INFO - Sync 1 DAGs
[2025-01-18T00:13:58.145+0000] {logging_mixin.py:190} INFO - [2025-01-18T00:13:58.145+0000] {dag.py:4180} INFO - Setting next_dagrun for latest_only to 2025-01-17 20:00:00+00:00, run_after=2025-01-18 00:00:00+00:00
[2025-01-18T00:13:58.173+0000] {processor.py:208} INFO - Processing /home/airflow/.local/lib/python3.12/site-packages/airflow/example_dags/example_latest_only.py took 0.091 seconds
[2025-01-18T00:14:29.044+0000] {processor.py:186} INFO - Started process (PID=19256) to work on /home/airflow/.local/lib/python3.12/site-packages/airflow/example_dags/example_latest_only.py
[2025-01-18T00:14:29.045+0000] {processor.py:914} INFO - Processing file /home/airflow/.local/lib/python3.12/site-packages/airflow/example_dags/example_latest_only.py for tasks to queue
[2025-01-18T00:14:29.047+0000] {logging_mixin.py:190} INFO - [2025-01-18T00:14:29.047+0000] {dagbag.py:588} INFO - Filling up the DagBag from /home/airflow/.local/lib/python3.12/site-packages/airflow/example_dags/example_latest_only.py
[2025-01-18T00:14:29.055+0000] {processor.py:925} INFO - DAG(s) 'latest_only' retrieved from /home/airflow/.local/lib/python3.12/site-packages/airflow/example_dags/example_latest_only.py
[2025-01-18T00:14:29.077+0000] {logging_mixin.py:190} INFO - [2025-01-18T00:14:29.076+0000] {dag.py:3239} INFO - Sync 1 DAGs
[2025-01-18T00:14:29.102+0000] {logging_mixin.py:190} INFO - [2025-01-18T00:14:29.101+0000] {dag.py:4180} INFO - Setting next_dagrun for latest_only to 2025-01-17 20:00:00+00:00, run_after=2025-01-18 00:00:00+00:00
[2025-01-18T00:14:29.122+0000] {processor.py:208} INFO - Processing /home/airflow/.local/lib/python3.12/site-packages/airflow/example_dags/example_latest_only.py took 0.085 seconds
[2025-01-18T00:14:59.359+0000] {processor.py:186} INFO - Started process (PID=19323) to work on /home/airflow/.local/lib/python3.12/site-packages/airflow/example_dags/example_latest_only.py
[2025-01-18T00:14:59.360+0000] {processor.py:914} INFO - Processing file /home/airflow/.local/lib/python3.12/site-packages/airflow/example_dags/example_latest_only.py for tasks to queue
[2025-01-18T00:14:59.363+0000] {logging_mixin.py:190} INFO - [2025-01-18T00:14:59.362+0000] {dagbag.py:588} INFO - Filling up the DagBag from /home/airflow/.local/lib/python3.12/site-packages/airflow/example_dags/example_latest_only.py
[2025-01-18T00:14:59.370+0000] {processor.py:925} INFO - DAG(s) 'latest_only' retrieved from /home/airflow/.local/lib/python3.12/site-packages/airflow/example_dags/example_latest_only.py
[2025-01-18T00:14:59.390+0000] {logging_mixin.py:190} INFO - [2025-01-18T00:14:59.390+0000] {dag.py:3239} INFO - Sync 1 DAGs
[2025-01-18T00:14:59.417+0000] {logging_mixin.py:190} INFO - [2025-01-18T00:14:59.416+0000] {dag.py:4180} INFO - Setting next_dagrun for latest_only to 2025-01-17 20:00:00+00:00, run_after=2025-01-18 00:00:00+00:00
[2025-01-18T00:14:59.441+0000] {processor.py:208} INFO - Processing /home/airflow/.local/lib/python3.12/site-packages/airflow/example_dags/example_latest_only.py took 0.091 seconds
[2025-01-18T00:15:30.368+0000] {processor.py:186} INFO - Started process (PID=19390) to work on /home/airflow/.local/lib/python3.12/site-packages/airflow/example_dags/example_latest_only.py
[2025-01-18T00:15:30.369+0000] {processor.py:914} INFO - Processing file /home/airflow/.local/lib/python3.12/site-packages/airflow/example_dags/example_latest_only.py for tasks to queue
[2025-01-18T00:15:30.372+0000] {logging_mixin.py:190} INFO - [2025-01-18T00:15:30.371+0000] {dagbag.py:588} INFO - Filling up the DagBag from /home/airflow/.local/lib/python3.12/site-packages/airflow/example_dags/example_latest_only.py
[2025-01-18T00:15:30.380+0000] {processor.py:925} INFO - DAG(s) 'latest_only' retrieved from /home/airflow/.local/lib/python3.12/site-packages/airflow/example_dags/example_latest_only.py
[2025-01-18T00:15:30.406+0000] {logging_mixin.py:190} INFO - [2025-01-18T00:15:30.405+0000] {dag.py:3239} INFO - Sync 1 DAGs
[2025-01-18T00:15:30.436+0000] {logging_mixin.py:190} INFO - [2025-01-18T00:15:30.436+0000] {dag.py:4180} INFO - Setting next_dagrun for latest_only to 2025-01-17 20:00:00+00:00, run_after=2025-01-18 00:00:00+00:00
[2025-01-18T00:15:30.461+0000] {processor.py:208} INFO - Processing /home/airflow/.local/lib/python3.12/site-packages/airflow/example_dags/example_latest_only.py took 0.099 seconds
[2025-01-18T00:16:00.813+0000] {processor.py:186} INFO - Started process (PID=19456) to work on /home/airflow/.local/lib/python3.12/site-packages/airflow/example_dags/example_latest_only.py
[2025-01-18T00:16:00.814+0000] {processor.py:914} INFO - Processing file /home/airflow/.local/lib/python3.12/site-packages/airflow/example_dags/example_latest_only.py for tasks to queue
[2025-01-18T00:16:00.817+0000] {logging_mixin.py:190} INFO - [2025-01-18T00:16:00.816+0000] {dagbag.py:588} INFO - Filling up the DagBag from /home/airflow/.local/lib/python3.12/site-packages/airflow/example_dags/example_latest_only.py
[2025-01-18T00:16:00.824+0000] {processor.py:925} INFO - DAG(s) 'latest_only' retrieved from /home/airflow/.local/lib/python3.12/site-packages/airflow/example_dags/example_latest_only.py
[2025-01-18T00:16:00.846+0000] {logging_mixin.py:190} INFO - [2025-01-18T00:16:00.846+0000] {dag.py:3239} INFO - Sync 1 DAGs
[2025-01-18T00:16:00.871+0000] {logging_mixin.py:190} INFO - [2025-01-18T00:16:00.871+0000] {dag.py:4180} INFO - Setting next_dagrun for latest_only to 2025-01-17 20:00:00+00:00, run_after=2025-01-18 00:00:00+00:00
[2025-01-18T00:16:00.894+0000] {processor.py:208} INFO - Processing /home/airflow/.local/lib/python3.12/site-packages/airflow/example_dags/example_latest_only.py took 0.087 seconds
[2025-01-18T00:16:31.903+0000] {processor.py:186} INFO - Started process (PID=19523) to work on /home/airflow/.local/lib/python3.12/site-packages/airflow/example_dags/example_latest_only.py
[2025-01-18T00:16:31.905+0000] {processor.py:914} INFO - Processing file /home/airflow/.local/lib/python3.12/site-packages/airflow/example_dags/example_latest_only.py for tasks to queue
[2025-01-18T00:16:31.907+0000] {logging_mixin.py:190} INFO - [2025-01-18T00:16:31.907+0000] {dagbag.py:588} INFO - Filling up the DagBag from /home/airflow/.local/lib/python3.12/site-packages/airflow/example_dags/example_latest_only.py
[2025-01-18T00:16:31.916+0000] {processor.py:925} INFO - DAG(s) 'latest_only' retrieved from /home/airflow/.local/lib/python3.12/site-packages/airflow/example_dags/example_latest_only.py
[2025-01-18T00:16:31.941+0000] {logging_mixin.py:190} INFO - [2025-01-18T00:16:31.940+0000] {dag.py:3239} INFO - Sync 1 DAGs
[2025-01-18T00:16:31.971+0000] {logging_mixin.py:190} INFO - [2025-01-18T00:16:31.970+0000] {dag.py:4180} INFO - Setting next_dagrun for latest_only to 2025-01-17 20:00:00+00:00, run_after=2025-01-18 00:00:00+00:00
[2025-01-18T00:16:31.992+0000] {processor.py:208} INFO - Processing /home/airflow/.local/lib/python3.12/site-packages/airflow/example_dags/example_latest_only.py took 0.095 seconds
[2025-01-18T00:17:02.689+0000] {processor.py:186} INFO - Started process (PID=19590) to work on /home/airflow/.local/lib/python3.12/site-packages/airflow/example_dags/example_latest_only.py
[2025-01-18T00:17:02.690+0000] {processor.py:914} INFO - Processing file /home/airflow/.local/lib/python3.12/site-packages/airflow/example_dags/example_latest_only.py for tasks to queue
[2025-01-18T00:17:02.693+0000] {logging_mixin.py:190} INFO - [2025-01-18T00:17:02.692+0000] {dagbag.py:588} INFO - Filling up the DagBag from /home/airflow/.local/lib/python3.12/site-packages/airflow/example_dags/example_latest_only.py
[2025-01-18T00:17:02.700+0000] {processor.py:925} INFO - DAG(s) 'latest_only' retrieved from /home/airflow/.local/lib/python3.12/site-packages/airflow/example_dags/example_latest_only.py
[2025-01-18T00:17:02.723+0000] {logging_mixin.py:190} INFO - [2025-01-18T00:17:02.722+0000] {dag.py:3239} INFO - Sync 1 DAGs
[2025-01-18T00:17:02.993+0000] {logging_mixin.py:190} INFO - [2025-01-18T00:17:02.993+0000] {dag.py:4180} INFO - Setting next_dagrun for latest_only to 2025-01-17 20:00:00+00:00, run_after=2025-01-18 00:00:00+00:00
[2025-01-18T00:17:03.020+0000] {processor.py:208} INFO - Processing /home/airflow/.local/lib/python3.12/site-packages/airflow/example_dags/example_latest_only.py took 0.337 seconds
[2025-01-18T00:17:33.116+0000] {processor.py:186} INFO - Started process (PID=19657) to work on /home/airflow/.local/lib/python3.12/site-packages/airflow/example_dags/example_latest_only.py
[2025-01-18T00:17:33.118+0000] {processor.py:914} INFO - Processing file /home/airflow/.local/lib/python3.12/site-packages/airflow/example_dags/example_latest_only.py for tasks to queue
[2025-01-18T00:17:33.121+0000] {logging_mixin.py:190} INFO - [2025-01-18T00:17:33.120+0000] {dagbag.py:588} INFO - Filling up the DagBag from /home/airflow/.local/lib/python3.12/site-packages/airflow/example_dags/example_latest_only.py
[2025-01-18T00:17:33.129+0000] {processor.py:925} INFO - DAG(s) 'latest_only' retrieved from /home/airflow/.local/lib/python3.12/site-packages/airflow/example_dags/example_latest_only.py
[2025-01-18T00:17:33.155+0000] {logging_mixin.py:190} INFO - [2025-01-18T00:17:33.155+0000] {dag.py:3239} INFO - Sync 1 DAGs
[2025-01-18T00:17:33.392+0000] {logging_mixin.py:190} INFO - [2025-01-18T00:17:33.391+0000] {dag.py:4180} INFO - Setting next_dagrun for latest_only to 2025-01-17 20:00:00+00:00, run_after=2025-01-18 00:00:00+00:00
[2025-01-18T00:17:33.413+0000] {processor.py:208} INFO - Processing /home/airflow/.local/lib/python3.12/site-packages/airflow/example_dags/example_latest_only.py took 0.304 seconds
[2025-01-18T00:18:03.664+0000] {processor.py:186} INFO - Started process (PID=19725) to work on /home/airflow/.local/lib/python3.12/site-packages/airflow/example_dags/example_latest_only.py
[2025-01-18T00:18:03.665+0000] {processor.py:914} INFO - Processing file /home/airflow/.local/lib/python3.12/site-packages/airflow/example_dags/example_latest_only.py for tasks to queue
[2025-01-18T00:18:03.668+0000] {logging_mixin.py:190} INFO - [2025-01-18T00:18:03.667+0000] {dagbag.py:588} INFO - Filling up the DagBag from /home/airflow/.local/lib/python3.12/site-packages/airflow/example_dags/example_latest_only.py
[2025-01-18T00:18:03.675+0000] {processor.py:925} INFO - DAG(s) 'latest_only' retrieved from /home/airflow/.local/lib/python3.12/site-packages/airflow/example_dags/example_latest_only.py
[2025-01-18T00:18:03.696+0000] {logging_mixin.py:190} INFO - [2025-01-18T00:18:03.696+0000] {dag.py:3239} INFO - Sync 1 DAGs
[2025-01-18T00:18:03.913+0000] {logging_mixin.py:190} INFO - [2025-01-18T00:18:03.913+0000] {dag.py:4180} INFO - Setting next_dagrun for latest_only to 2025-01-17 20:00:00+00:00, run_after=2025-01-18 00:00:00+00:00
[2025-01-18T00:18:03.940+0000] {processor.py:208} INFO - Processing /home/airflow/.local/lib/python3.12/site-packages/airflow/example_dags/example_latest_only.py took 0.281 seconds
[2025-01-18T00:18:34.341+0000] {processor.py:186} INFO - Started process (PID=19798) to work on /home/airflow/.local/lib/python3.12/site-packages/airflow/example_dags/example_latest_only.py
[2025-01-18T00:18:34.342+0000] {processor.py:914} INFO - Processing file /home/airflow/.local/lib/python3.12/site-packages/airflow/example_dags/example_latest_only.py for tasks to queue
[2025-01-18T00:18:34.345+0000] {logging_mixin.py:190} INFO - [2025-01-18T00:18:34.345+0000] {dagbag.py:588} INFO - Filling up the DagBag from /home/airflow/.local/lib/python3.12/site-packages/airflow/example_dags/example_latest_only.py
[2025-01-18T00:18:34.354+0000] {processor.py:925} INFO - DAG(s) 'latest_only' retrieved from /home/airflow/.local/lib/python3.12/site-packages/airflow/example_dags/example_latest_only.py
[2025-01-18T00:18:34.384+0000] {logging_mixin.py:190} INFO - [2025-01-18T00:18:34.384+0000] {dag.py:3239} INFO - Sync 1 DAGs
[2025-01-18T00:18:34.634+0000] {logging_mixin.py:190} INFO - [2025-01-18T00:18:34.634+0000] {dag.py:4180} INFO - Setting next_dagrun for latest_only to 2025-01-17 20:00:00+00:00, run_after=2025-01-18 00:00:00+00:00
[2025-01-18T00:18:34.653+0000] {processor.py:208} INFO - Processing /home/airflow/.local/lib/python3.12/site-packages/airflow/example_dags/example_latest_only.py took 0.320 seconds
[2025-01-18T00:19:05.371+0000] {processor.py:186} INFO - Started process (PID=19865) to work on /home/airflow/.local/lib/python3.12/site-packages/airflow/example_dags/example_latest_only.py
[2025-01-18T00:19:05.372+0000] {processor.py:914} INFO - Processing file /home/airflow/.local/lib/python3.12/site-packages/airflow/example_dags/example_latest_only.py for tasks to queue
[2025-01-18T00:19:05.374+0000] {logging_mixin.py:190} INFO - [2025-01-18T00:19:05.374+0000] {dagbag.py:588} INFO - Filling up the DagBag from /home/airflow/.local/lib/python3.12/site-packages/airflow/example_dags/example_latest_only.py
[2025-01-18T00:19:05.381+0000] {processor.py:925} INFO - DAG(s) 'latest_only' retrieved from /home/airflow/.local/lib/python3.12/site-packages/airflow/example_dags/example_latest_only.py
[2025-01-18T00:19:05.402+0000] {logging_mixin.py:190} INFO - [2025-01-18T00:19:05.402+0000] {dag.py:3239} INFO - Sync 1 DAGs
[2025-01-18T00:19:05.427+0000] {logging_mixin.py:190} INFO - [2025-01-18T00:19:05.427+0000] {dag.py:4180} INFO - Setting next_dagrun for latest_only to 2025-01-17 20:00:00+00:00, run_after=2025-01-18 00:00:00+00:00
[2025-01-18T00:19:05.447+0000] {processor.py:208} INFO - Processing /home/airflow/.local/lib/python3.12/site-packages/airflow/example_dags/example_latest_only.py took 0.083 seconds
[2025-01-18T00:19:35.977+0000] {processor.py:186} INFO - Started process (PID=19932) to work on /home/airflow/.local/lib/python3.12/site-packages/airflow/example_dags/example_latest_only.py
[2025-01-18T00:19:35.979+0000] {processor.py:914} INFO - Processing file /home/airflow/.local/lib/python3.12/site-packages/airflow/example_dags/example_latest_only.py for tasks to queue
[2025-01-18T00:19:35.981+0000] {logging_mixin.py:190} INFO - [2025-01-18T00:19:35.980+0000] {dagbag.py:588} INFO - Filling up the DagBag from /home/airflow/.local/lib/python3.12/site-packages/airflow/example_dags/example_latest_only.py
[2025-01-18T00:19:35.988+0000] {processor.py:925} INFO - DAG(s) 'latest_only' retrieved from /home/airflow/.local/lib/python3.12/site-packages/airflow/example_dags/example_latest_only.py
[2025-01-18T00:19:36.008+0000] {logging_mixin.py:190} INFO - [2025-01-18T00:19:36.008+0000] {dag.py:3239} INFO - Sync 1 DAGs
[2025-01-18T00:19:36.032+0000] {logging_mixin.py:190} INFO - [2025-01-18T00:19:36.032+0000] {dag.py:4180} INFO - Setting next_dagrun for latest_only to 2025-01-17 20:00:00+00:00, run_after=2025-01-18 00:00:00+00:00
[2025-01-18T00:19:36.058+0000] {processor.py:208} INFO - Processing /home/airflow/.local/lib/python3.12/site-packages/airflow/example_dags/example_latest_only.py took 0.086 seconds
[2025-01-18T00:20:07.036+0000] {processor.py:186} INFO - Started process (PID=19999) to work on /home/airflow/.local/lib/python3.12/site-packages/airflow/example_dags/example_latest_only.py
[2025-01-18T00:20:07.037+0000] {processor.py:914} INFO - Processing file /home/airflow/.local/lib/python3.12/site-packages/airflow/example_dags/example_latest_only.py for tasks to queue
[2025-01-18T00:20:07.040+0000] {logging_mixin.py:190} INFO - [2025-01-18T00:20:07.039+0000] {dagbag.py:588} INFO - Filling up the DagBag from /home/airflow/.local/lib/python3.12/site-packages/airflow/example_dags/example_latest_only.py
[2025-01-18T00:20:07.047+0000] {processor.py:925} INFO - DAG(s) 'latest_only' retrieved from /home/airflow/.local/lib/python3.12/site-packages/airflow/example_dags/example_latest_only.py
[2025-01-18T00:20:07.070+0000] {logging_mixin.py:190} INFO - [2025-01-18T00:20:07.070+0000] {dag.py:3239} INFO - Sync 1 DAGs
[2025-01-18T00:20:07.103+0000] {logging_mixin.py:190} INFO - [2025-01-18T00:20:07.103+0000] {dag.py:4180} INFO - Setting next_dagrun for latest_only to 2025-01-17 20:00:00+00:00, run_after=2025-01-18 00:00:00+00:00
[2025-01-18T00:20:07.130+0000] {processor.py:208} INFO - Processing /home/airflow/.local/lib/python3.12/site-packages/airflow/example_dags/example_latest_only.py took 0.100 seconds
[2025-01-18T00:20:37.417+0000] {processor.py:186} INFO - Started process (PID=20066) to work on /home/airflow/.local/lib/python3.12/site-packages/airflow/example_dags/example_latest_only.py
[2025-01-18T00:20:37.418+0000] {processor.py:914} INFO - Processing file /home/airflow/.local/lib/python3.12/site-packages/airflow/example_dags/example_latest_only.py for tasks to queue
[2025-01-18T00:20:37.421+0000] {logging_mixin.py:190} INFO - [2025-01-18T00:20:37.421+0000] {dagbag.py:588} INFO - Filling up the DagBag from /home/airflow/.local/lib/python3.12/site-packages/airflow/example_dags/example_latest_only.py
[2025-01-18T00:20:37.430+0000] {processor.py:925} INFO - DAG(s) 'latest_only' retrieved from /home/airflow/.local/lib/python3.12/site-packages/airflow/example_dags/example_latest_only.py
[2025-01-18T00:20:37.454+0000] {logging_mixin.py:190} INFO - [2025-01-18T00:20:37.453+0000] {dag.py:3239} INFO - Sync 1 DAGs
[2025-01-18T00:20:37.484+0000] {logging_mixin.py:190} INFO - [2025-01-18T00:20:37.484+0000] {dag.py:4180} INFO - Setting next_dagrun for latest_only to 2025-01-17 20:00:00+00:00, run_after=2025-01-18 00:00:00+00:00
[2025-01-18T00:20:37.508+0000] {processor.py:208} INFO - Processing /home/airflow/.local/lib/python3.12/site-packages/airflow/example_dags/example_latest_only.py took 0.097 seconds
[2025-01-18T00:21:07.806+0000] {processor.py:186} INFO - Started process (PID=20133) to work on /home/airflow/.local/lib/python3.12/site-packages/airflow/example_dags/example_latest_only.py
[2025-01-18T00:21:07.808+0000] {processor.py:914} INFO - Processing file /home/airflow/.local/lib/python3.12/site-packages/airflow/example_dags/example_latest_only.py for tasks to queue
[2025-01-18T00:21:07.810+0000] {logging_mixin.py:190} INFO - [2025-01-18T00:21:07.810+0000] {dagbag.py:588} INFO - Filling up the DagBag from /home/airflow/.local/lib/python3.12/site-packages/airflow/example_dags/example_latest_only.py
[2025-01-18T00:21:07.817+0000] {processor.py:925} INFO - DAG(s) 'latest_only' retrieved from /home/airflow/.local/lib/python3.12/site-packages/airflow/example_dags/example_latest_only.py
[2025-01-18T00:21:07.844+0000] {logging_mixin.py:190} INFO - [2025-01-18T00:21:07.844+0000] {dag.py:3239} INFO - Sync 1 DAGs
[2025-01-18T00:21:07.871+0000] {logging_mixin.py:190} INFO - [2025-01-18T00:21:07.871+0000] {dag.py:4180} INFO - Setting next_dagrun for latest_only to 2025-01-17 20:00:00+00:00, run_after=2025-01-18 00:00:00+00:00
[2025-01-18T00:21:07.893+0000] {processor.py:208} INFO - Processing /home/airflow/.local/lib/python3.12/site-packages/airflow/example_dags/example_latest_only.py took 0.093 seconds
[2025-01-18T00:21:38.266+0000] {processor.py:186} INFO - Started process (PID=20200) to work on /home/airflow/.local/lib/python3.12/site-packages/airflow/example_dags/example_latest_only.py
[2025-01-18T00:21:38.267+0000] {processor.py:914} INFO - Processing file /home/airflow/.local/lib/python3.12/site-packages/airflow/example_dags/example_latest_only.py for tasks to queue
[2025-01-18T00:21:38.269+0000] {logging_mixin.py:190} INFO - [2025-01-18T00:21:38.269+0000] {dagbag.py:588} INFO - Filling up the DagBag from /home/airflow/.local/lib/python3.12/site-packages/airflow/example_dags/example_latest_only.py
[2025-01-18T00:21:38.278+0000] {processor.py:925} INFO - DAG(s) 'latest_only' retrieved from /home/airflow/.local/lib/python3.12/site-packages/airflow/example_dags/example_latest_only.py
[2025-01-18T00:21:38.303+0000] {logging_mixin.py:190} INFO - [2025-01-18T00:21:38.302+0000] {dag.py:3239} INFO - Sync 1 DAGs
[2025-01-18T00:21:38.332+0000] {logging_mixin.py:190} INFO - [2025-01-18T00:21:38.332+0000] {dag.py:4180} INFO - Setting next_dagrun for latest_only to 2025-01-17 20:00:00+00:00, run_after=2025-01-18 00:00:00+00:00
[2025-01-18T00:21:38.358+0000] {processor.py:208} INFO - Processing /home/airflow/.local/lib/python3.12/site-packages/airflow/example_dags/example_latest_only.py took 0.100 seconds
[2025-01-18T00:22:08.693+0000] {processor.py:186} INFO - Started process (PID=20267) to work on /home/airflow/.local/lib/python3.12/site-packages/airflow/example_dags/example_latest_only.py
[2025-01-18T00:22:08.694+0000] {processor.py:914} INFO - Processing file /home/airflow/.local/lib/python3.12/site-packages/airflow/example_dags/example_latest_only.py for tasks to queue
[2025-01-18T00:22:08.696+0000] {logging_mixin.py:190} INFO - [2025-01-18T00:22:08.696+0000] {dagbag.py:588} INFO - Filling up the DagBag from /home/airflow/.local/lib/python3.12/site-packages/airflow/example_dags/example_latest_only.py
[2025-01-18T00:22:08.703+0000] {processor.py:925} INFO - DAG(s) 'latest_only' retrieved from /home/airflow/.local/lib/python3.12/site-packages/airflow/example_dags/example_latest_only.py
[2025-01-18T00:22:08.724+0000] {logging_mixin.py:190} INFO - [2025-01-18T00:22:08.723+0000] {dag.py:3239} INFO - Sync 1 DAGs
[2025-01-18T00:22:08.749+0000] {logging_mixin.py:190} INFO - [2025-01-18T00:22:08.749+0000] {dag.py:4180} INFO - Setting next_dagrun for latest_only to 2025-01-17 20:00:00+00:00, run_after=2025-01-18 00:00:00+00:00
[2025-01-18T00:22:08.771+0000] {processor.py:208} INFO - Processing /home/airflow/.local/lib/python3.12/site-packages/airflow/example_dags/example_latest_only.py took 0.084 seconds
[2025-01-18T00:22:39.381+0000] {processor.py:186} INFO - Started process (PID=20340) to work on /home/airflow/.local/lib/python3.12/site-packages/airflow/example_dags/example_latest_only.py
[2025-01-18T00:22:39.382+0000] {processor.py:914} INFO - Processing file /home/airflow/.local/lib/python3.12/site-packages/airflow/example_dags/example_latest_only.py for tasks to queue
[2025-01-18T00:22:39.385+0000] {logging_mixin.py:190} INFO - [2025-01-18T00:22:39.385+0000] {dagbag.py:588} INFO - Filling up the DagBag from /home/airflow/.local/lib/python3.12/site-packages/airflow/example_dags/example_latest_only.py
[2025-01-18T00:22:39.394+0000] {processor.py:925} INFO - DAG(s) 'latest_only' retrieved from /home/airflow/.local/lib/python3.12/site-packages/airflow/example_dags/example_latest_only.py
[2025-01-18T00:22:39.419+0000] {logging_mixin.py:190} INFO - [2025-01-18T00:22:39.418+0000] {dag.py:3239} INFO - Sync 1 DAGs
[2025-01-18T00:22:39.445+0000] {logging_mixin.py:190} INFO - [2025-01-18T00:22:39.445+0000] {dag.py:4180} INFO - Setting next_dagrun for latest_only to 2025-01-17 20:00:00+00:00, run_after=2025-01-18 00:00:00+00:00
[2025-01-18T00:22:39.468+0000] {processor.py:208} INFO - Processing /home/airflow/.local/lib/python3.12/site-packages/airflow/example_dags/example_latest_only.py took 0.093 seconds
[2025-01-18T00:23:09.720+0000] {processor.py:186} INFO - Started process (PID=20407) to work on /home/airflow/.local/lib/python3.12/site-packages/airflow/example_dags/example_latest_only.py
[2025-01-18T00:23:09.721+0000] {processor.py:914} INFO - Processing file /home/airflow/.local/lib/python3.12/site-packages/airflow/example_dags/example_latest_only.py for tasks to queue
[2025-01-18T00:23:09.723+0000] {logging_mixin.py:190} INFO - [2025-01-18T00:23:09.723+0000] {dagbag.py:588} INFO - Filling up the DagBag from /home/airflow/.local/lib/python3.12/site-packages/airflow/example_dags/example_latest_only.py
[2025-01-18T00:23:09.731+0000] {processor.py:925} INFO - DAG(s) 'latest_only' retrieved from /home/airflow/.local/lib/python3.12/site-packages/airflow/example_dags/example_latest_only.py
[2025-01-18T00:23:09.752+0000] {logging_mixin.py:190} INFO - [2025-01-18T00:23:09.752+0000] {dag.py:3239} INFO - Sync 1 DAGs
[2025-01-18T00:23:09.776+0000] {logging_mixin.py:190} INFO - [2025-01-18T00:23:09.776+0000] {dag.py:4180} INFO - Setting next_dagrun for latest_only to 2025-01-17 20:00:00+00:00, run_after=2025-01-18 00:00:00+00:00
[2025-01-18T00:23:09.797+0000] {processor.py:208} INFO - Processing /home/airflow/.local/lib/python3.12/site-packages/airflow/example_dags/example_latest_only.py took 0.082 seconds
[2025-01-18T00:23:40.271+0000] {processor.py:186} INFO - Started process (PID=20474) to work on /home/airflow/.local/lib/python3.12/site-packages/airflow/example_dags/example_latest_only.py
[2025-01-18T00:23:40.273+0000] {processor.py:914} INFO - Processing file /home/airflow/.local/lib/python3.12/site-packages/airflow/example_dags/example_latest_only.py for tasks to queue
[2025-01-18T00:23:40.277+0000] {logging_mixin.py:190} INFO - [2025-01-18T00:23:40.276+0000] {dagbag.py:588} INFO - Filling up the DagBag from /home/airflow/.local/lib/python3.12/site-packages/airflow/example_dags/example_latest_only.py
[2025-01-18T00:23:40.294+0000] {processor.py:925} INFO - DAG(s) 'latest_only' retrieved from /home/airflow/.local/lib/python3.12/site-packages/airflow/example_dags/example_latest_only.py
[2025-01-18T00:23:40.335+0000] {logging_mixin.py:190} INFO - [2025-01-18T00:23:40.334+0000] {dag.py:3239} INFO - Sync 1 DAGs
[2025-01-18T00:23:40.382+0000] {logging_mixin.py:190} INFO - [2025-01-18T00:23:40.381+0000] {dag.py:4180} INFO - Setting next_dagrun for latest_only to 2025-01-17 20:00:00+00:00, run_after=2025-01-18 00:00:00+00:00
[2025-01-18T00:23:40.410+0000] {processor.py:208} INFO - Processing /home/airflow/.local/lib/python3.12/site-packages/airflow/example_dags/example_latest_only.py took 0.153 seconds
[2025-01-18T00:24:11.069+0000] {processor.py:186} INFO - Started process (PID=20541) to work on /home/airflow/.local/lib/python3.12/site-packages/airflow/example_dags/example_latest_only.py
[2025-01-18T00:24:11.070+0000] {processor.py:914} INFO - Processing file /home/airflow/.local/lib/python3.12/site-packages/airflow/example_dags/example_latest_only.py for tasks to queue
[2025-01-18T00:24:11.073+0000] {logging_mixin.py:190} INFO - [2025-01-18T00:24:11.072+0000] {dagbag.py:588} INFO - Filling up the DagBag from /home/airflow/.local/lib/python3.12/site-packages/airflow/example_dags/example_latest_only.py
[2025-01-18T00:24:11.080+0000] {processor.py:925} INFO - DAG(s) 'latest_only' retrieved from /home/airflow/.local/lib/python3.12/site-packages/airflow/example_dags/example_latest_only.py
[2025-01-18T00:24:11.102+0000] {logging_mixin.py:190} INFO - [2025-01-18T00:24:11.101+0000] {dag.py:3239} INFO - Sync 1 DAGs
[2025-01-18T00:24:11.126+0000] {logging_mixin.py:190} INFO - [2025-01-18T00:24:11.126+0000] {dag.py:4180} INFO - Setting next_dagrun for latest_only to 2025-01-17 20:00:00+00:00, run_after=2025-01-18 00:00:00+00:00
[2025-01-18T00:24:11.147+0000] {processor.py:208} INFO - Processing /home/airflow/.local/lib/python3.12/site-packages/airflow/example_dags/example_latest_only.py took 0.084 seconds
[2025-01-18T00:24:41.407+0000] {processor.py:186} INFO - Started process (PID=20608) to work on /home/airflow/.local/lib/python3.12/site-packages/airflow/example_dags/example_latest_only.py
[2025-01-18T00:24:41.408+0000] {processor.py:914} INFO - Processing file /home/airflow/.local/lib/python3.12/site-packages/airflow/example_dags/example_latest_only.py for tasks to queue
[2025-01-18T00:24:41.410+0000] {logging_mixin.py:190} INFO - [2025-01-18T00:24:41.410+0000] {dagbag.py:588} INFO - Filling up the DagBag from /home/airflow/.local/lib/python3.12/site-packages/airflow/example_dags/example_latest_only.py
[2025-01-18T00:24:41.417+0000] {processor.py:925} INFO - DAG(s) 'latest_only' retrieved from /home/airflow/.local/lib/python3.12/site-packages/airflow/example_dags/example_latest_only.py
[2025-01-18T00:24:41.436+0000] {logging_mixin.py:190} INFO - [2025-01-18T00:24:41.436+0000] {dag.py:3239} INFO - Sync 1 DAGs
[2025-01-18T00:24:41.460+0000] {logging_mixin.py:190} INFO - [2025-01-18T00:24:41.459+0000] {dag.py:4180} INFO - Setting next_dagrun for latest_only to 2025-01-17 20:00:00+00:00, run_after=2025-01-18 00:00:00+00:00
[2025-01-18T00:24:41.479+0000] {processor.py:208} INFO - Processing /home/airflow/.local/lib/python3.12/site-packages/airflow/example_dags/example_latest_only.py took 0.078 seconds
[2025-01-18T00:25:12.201+0000] {processor.py:186} INFO - Started process (PID=20675) to work on /home/airflow/.local/lib/python3.12/site-packages/airflow/example_dags/example_latest_only.py
[2025-01-18T00:25:12.203+0000] {processor.py:914} INFO - Processing file /home/airflow/.local/lib/python3.12/site-packages/airflow/example_dags/example_latest_only.py for tasks to queue
[2025-01-18T00:25:12.205+0000] {logging_mixin.py:190} INFO - [2025-01-18T00:25:12.205+0000] {dagbag.py:588} INFO - Filling up the DagBag from /home/airflow/.local/lib/python3.12/site-packages/airflow/example_dags/example_latest_only.py
[2025-01-18T00:25:12.213+0000] {processor.py:925} INFO - DAG(s) 'latest_only' retrieved from /home/airflow/.local/lib/python3.12/site-packages/airflow/example_dags/example_latest_only.py
[2025-01-18T00:25:12.237+0000] {logging_mixin.py:190} INFO - [2025-01-18T00:25:12.236+0000] {dag.py:3239} INFO - Sync 1 DAGs
[2025-01-18T00:25:12.264+0000] {logging_mixin.py:190} INFO - [2025-01-18T00:25:12.263+0000] {dag.py:4180} INFO - Setting next_dagrun for latest_only to 2025-01-17 20:00:00+00:00, run_after=2025-01-18 00:00:00+00:00
[2025-01-18T00:25:12.288+0000] {processor.py:208} INFO - Processing /home/airflow/.local/lib/python3.12/site-packages/airflow/example_dags/example_latest_only.py took 0.094 seconds
[2025-01-18T00:25:43.055+0000] {processor.py:186} INFO - Started process (PID=20742) to work on /home/airflow/.local/lib/python3.12/site-packages/airflow/example_dags/example_latest_only.py
[2025-01-18T00:25:43.057+0000] {processor.py:914} INFO - Processing file /home/airflow/.local/lib/python3.12/site-packages/airflow/example_dags/example_latest_only.py for tasks to queue
[2025-01-18T00:25:43.059+0000] {logging_mixin.py:190} INFO - [2025-01-18T00:25:43.058+0000] {dagbag.py:588} INFO - Filling up the DagBag from /home/airflow/.local/lib/python3.12/site-packages/airflow/example_dags/example_latest_only.py
[2025-01-18T00:25:43.066+0000] {processor.py:925} INFO - DAG(s) 'latest_only' retrieved from /home/airflow/.local/lib/python3.12/site-packages/airflow/example_dags/example_latest_only.py
[2025-01-18T00:25:43.086+0000] {logging_mixin.py:190} INFO - [2025-01-18T00:25:43.085+0000] {dag.py:3239} INFO - Sync 1 DAGs
[2025-01-18T00:25:43.110+0000] {logging_mixin.py:190} INFO - [2025-01-18T00:25:43.110+0000] {dag.py:4180} INFO - Setting next_dagrun for latest_only to 2025-01-17 20:00:00+00:00, run_after=2025-01-18 00:00:00+00:00
[2025-01-18T00:25:43.132+0000] {processor.py:208} INFO - Processing /home/airflow/.local/lib/python3.12/site-packages/airflow/example_dags/example_latest_only.py took 0.081 seconds
[2025-01-18T00:26:13.683+0000] {processor.py:186} INFO - Started process (PID=20809) to work on /home/airflow/.local/lib/python3.12/site-packages/airflow/example_dags/example_latest_only.py
[2025-01-18T00:26:13.684+0000] {processor.py:914} INFO - Processing file /home/airflow/.local/lib/python3.12/site-packages/airflow/example_dags/example_latest_only.py for tasks to queue
[2025-01-18T00:26:13.687+0000] {logging_mixin.py:190} INFO - [2025-01-18T00:26:13.686+0000] {dagbag.py:588} INFO - Filling up the DagBag from /home/airflow/.local/lib/python3.12/site-packages/airflow/example_dags/example_latest_only.py
[2025-01-18T00:26:13.696+0000] {processor.py:925} INFO - DAG(s) 'latest_only' retrieved from /home/airflow/.local/lib/python3.12/site-packages/airflow/example_dags/example_latest_only.py
[2025-01-18T00:26:13.718+0000] {logging_mixin.py:190} INFO - [2025-01-18T00:26:13.718+0000] {dag.py:3239} INFO - Sync 1 DAGs
[2025-01-18T00:26:13.747+0000] {logging_mixin.py:190} INFO - [2025-01-18T00:26:13.746+0000] {dag.py:4180} INFO - Setting next_dagrun for latest_only to 2025-01-17 20:00:00+00:00, run_after=2025-01-18 00:00:00+00:00
[2025-01-18T00:26:13.769+0000] {processor.py:208} INFO - Processing /home/airflow/.local/lib/python3.12/site-packages/airflow/example_dags/example_latest_only.py took 0.093 seconds
[2025-01-18T00:26:44.457+0000] {processor.py:186} INFO - Started process (PID=20876) to work on /home/airflow/.local/lib/python3.12/site-packages/airflow/example_dags/example_latest_only.py
[2025-01-18T00:26:44.458+0000] {processor.py:914} INFO - Processing file /home/airflow/.local/lib/python3.12/site-packages/airflow/example_dags/example_latest_only.py for tasks to queue
[2025-01-18T00:26:44.461+0000] {logging_mixin.py:190} INFO - [2025-01-18T00:26:44.460+0000] {dagbag.py:588} INFO - Filling up the DagBag from /home/airflow/.local/lib/python3.12/site-packages/airflow/example_dags/example_latest_only.py
[2025-01-18T00:26:44.467+0000] {processor.py:925} INFO - DAG(s) 'latest_only' retrieved from /home/airflow/.local/lib/python3.12/site-packages/airflow/example_dags/example_latest_only.py
[2025-01-18T00:26:44.486+0000] {logging_mixin.py:190} INFO - [2025-01-18T00:26:44.486+0000] {dag.py:3239} INFO - Sync 1 DAGs
[2025-01-18T00:26:44.521+0000] {logging_mixin.py:190} INFO - [2025-01-18T00:26:44.521+0000] {dag.py:4180} INFO - Setting next_dagrun for latest_only to 2025-01-17 20:00:00+00:00, run_after=2025-01-18 00:00:00+00:00
[2025-01-18T00:26:44.548+0000] {processor.py:208} INFO - Processing /home/airflow/.local/lib/python3.12/site-packages/airflow/example_dags/example_latest_only.py took 0.096 seconds
[2025-01-18T00:27:15.306+0000] {processor.py:186} INFO - Started process (PID=20949) to work on /home/airflow/.local/lib/python3.12/site-packages/airflow/example_dags/example_latest_only.py
[2025-01-18T00:27:15.308+0000] {processor.py:914} INFO - Processing file /home/airflow/.local/lib/python3.12/site-packages/airflow/example_dags/example_latest_only.py for tasks to queue
[2025-01-18T00:27:15.311+0000] {logging_mixin.py:190} INFO - [2025-01-18T00:27:15.310+0000] {dagbag.py:588} INFO - Filling up the DagBag from /home/airflow/.local/lib/python3.12/site-packages/airflow/example_dags/example_latest_only.py
[2025-01-18T00:27:15.320+0000] {processor.py:925} INFO - DAG(s) 'latest_only' retrieved from /home/airflow/.local/lib/python3.12/site-packages/airflow/example_dags/example_latest_only.py
[2025-01-18T00:27:15.347+0000] {logging_mixin.py:190} INFO - [2025-01-18T00:27:15.346+0000] {dag.py:3239} INFO - Sync 1 DAGs
[2025-01-18T00:27:15.379+0000] {logging_mixin.py:190} INFO - [2025-01-18T00:27:15.379+0000] {dag.py:4180} INFO - Setting next_dagrun for latest_only to 2025-01-17 20:00:00+00:00, run_after=2025-01-18 00:00:00+00:00
[2025-01-18T00:27:15.404+0000] {processor.py:208} INFO - Processing /home/airflow/.local/lib/python3.12/site-packages/airflow/example_dags/example_latest_only.py took 0.107 seconds
[2025-01-18T00:27:45.739+0000] {processor.py:186} INFO - Started process (PID=21016) to work on /home/airflow/.local/lib/python3.12/site-packages/airflow/example_dags/example_latest_only.py
[2025-01-18T00:27:45.740+0000] {processor.py:914} INFO - Processing file /home/airflow/.local/lib/python3.12/site-packages/airflow/example_dags/example_latest_only.py for tasks to queue
[2025-01-18T00:27:45.743+0000] {logging_mixin.py:190} INFO - [2025-01-18T00:27:45.742+0000] {dagbag.py:588} INFO - Filling up the DagBag from /home/airflow/.local/lib/python3.12/site-packages/airflow/example_dags/example_latest_only.py
[2025-01-18T00:27:45.750+0000] {processor.py:925} INFO - DAG(s) 'latest_only' retrieved from /home/airflow/.local/lib/python3.12/site-packages/airflow/example_dags/example_latest_only.py
[2025-01-18T00:27:45.771+0000] {logging_mixin.py:190} INFO - [2025-01-18T00:27:45.771+0000] {dag.py:3239} INFO - Sync 1 DAGs
[2025-01-18T00:27:45.794+0000] {logging_mixin.py:190} INFO - [2025-01-18T00:27:45.794+0000] {dag.py:4180} INFO - Setting next_dagrun for latest_only to 2025-01-17 20:00:00+00:00, run_after=2025-01-18 00:00:00+00:00
[2025-01-18T00:27:45.813+0000] {processor.py:208} INFO - Processing /home/airflow/.local/lib/python3.12/site-packages/airflow/example_dags/example_latest_only.py took 0.080 seconds
[2025-01-18T00:28:16.561+0000] {processor.py:186} INFO - Started process (PID=21082) to work on /home/airflow/.local/lib/python3.12/site-packages/airflow/example_dags/example_latest_only.py
[2025-01-18T00:28:16.563+0000] {processor.py:914} INFO - Processing file /home/airflow/.local/lib/python3.12/site-packages/airflow/example_dags/example_latest_only.py for tasks to queue
[2025-01-18T00:28:16.565+0000] {logging_mixin.py:190} INFO - [2025-01-18T00:28:16.565+0000] {dagbag.py:588} INFO - Filling up the DagBag from /home/airflow/.local/lib/python3.12/site-packages/airflow/example_dags/example_latest_only.py
[2025-01-18T00:28:16.573+0000] {processor.py:925} INFO - DAG(s) 'latest_only' retrieved from /home/airflow/.local/lib/python3.12/site-packages/airflow/example_dags/example_latest_only.py
[2025-01-18T00:28:16.597+0000] {logging_mixin.py:190} INFO - [2025-01-18T00:28:16.596+0000] {dag.py:3239} INFO - Sync 1 DAGs
[2025-01-18T00:28:16.624+0000] {logging_mixin.py:190} INFO - [2025-01-18T00:28:16.624+0000] {dag.py:4180} INFO - Setting next_dagrun for latest_only to 2025-01-17 20:00:00+00:00, run_after=2025-01-18 00:00:00+00:00
[2025-01-18T00:28:16.646+0000] {processor.py:208} INFO - Processing /home/airflow/.local/lib/python3.12/site-packages/airflow/example_dags/example_latest_only.py took 0.091 seconds
[2025-01-18T00:28:47.037+0000] {processor.py:186} INFO - Started process (PID=21149) to work on /home/airflow/.local/lib/python3.12/site-packages/airflow/example_dags/example_latest_only.py
[2025-01-18T00:28:47.038+0000] {processor.py:914} INFO - Processing file /home/airflow/.local/lib/python3.12/site-packages/airflow/example_dags/example_latest_only.py for tasks to queue
[2025-01-18T00:28:47.040+0000] {logging_mixin.py:190} INFO - [2025-01-18T00:28:47.040+0000] {dagbag.py:588} INFO - Filling up the DagBag from /home/airflow/.local/lib/python3.12/site-packages/airflow/example_dags/example_latest_only.py
[2025-01-18T00:28:47.047+0000] {processor.py:925} INFO - DAG(s) 'latest_only' retrieved from /home/airflow/.local/lib/python3.12/site-packages/airflow/example_dags/example_latest_only.py
[2025-01-18T00:28:47.067+0000] {logging_mixin.py:190} INFO - [2025-01-18T00:28:47.067+0000] {dag.py:3239} INFO - Sync 1 DAGs
[2025-01-18T00:28:47.090+0000] {logging_mixin.py:190} INFO - [2025-01-18T00:28:47.090+0000] {dag.py:4180} INFO - Setting next_dagrun for latest_only to 2025-01-17 20:00:00+00:00, run_after=2025-01-18 00:00:00+00:00
[2025-01-18T00:28:47.109+0000] {processor.py:208} INFO - Processing /home/airflow/.local/lib/python3.12/site-packages/airflow/example_dags/example_latest_only.py took 0.077 seconds
[2025-01-18T00:29:17.480+0000] {processor.py:186} INFO - Started process (PID=21216) to work on /home/airflow/.local/lib/python3.12/site-packages/airflow/example_dags/example_latest_only.py
[2025-01-18T00:29:17.482+0000] {processor.py:914} INFO - Processing file /home/airflow/.local/lib/python3.12/site-packages/airflow/example_dags/example_latest_only.py for tasks to queue
[2025-01-18T00:29:17.484+0000] {logging_mixin.py:190} INFO - [2025-01-18T00:29:17.484+0000] {dagbag.py:588} INFO - Filling up the DagBag from /home/airflow/.local/lib/python3.12/site-packages/airflow/example_dags/example_latest_only.py
[2025-01-18T00:29:17.493+0000] {processor.py:925} INFO - DAG(s) 'latest_only' retrieved from /home/airflow/.local/lib/python3.12/site-packages/airflow/example_dags/example_latest_only.py
[2025-01-18T00:29:17.523+0000] {logging_mixin.py:190} INFO - [2025-01-18T00:29:17.522+0000] {dag.py:3239} INFO - Sync 1 DAGs
[2025-01-18T00:29:17.561+0000] {logging_mixin.py:190} INFO - [2025-01-18T00:29:17.561+0000] {dag.py:4180} INFO - Setting next_dagrun for latest_only to 2025-01-17 20:00:00+00:00, run_after=2025-01-18 00:00:00+00:00
[2025-01-18T00:29:17.595+0000] {processor.py:208} INFO - Processing /home/airflow/.local/lib/python3.12/site-packages/airflow/example_dags/example_latest_only.py took 0.122 seconds
[2025-01-18T00:29:48.429+0000] {processor.py:186} INFO - Started process (PID=21283) to work on /home/airflow/.local/lib/python3.12/site-packages/airflow/example_dags/example_latest_only.py
[2025-01-18T00:29:48.431+0000] {processor.py:914} INFO - Processing file /home/airflow/.local/lib/python3.12/site-packages/airflow/example_dags/example_latest_only.py for tasks to queue
[2025-01-18T00:29:48.434+0000] {logging_mixin.py:190} INFO - [2025-01-18T00:29:48.433+0000] {dagbag.py:588} INFO - Filling up the DagBag from /home/airflow/.local/lib/python3.12/site-packages/airflow/example_dags/example_latest_only.py
[2025-01-18T00:29:48.443+0000] {processor.py:925} INFO - DAG(s) 'latest_only' retrieved from /home/airflow/.local/lib/python3.12/site-packages/airflow/example_dags/example_latest_only.py
[2025-01-18T00:29:48.473+0000] {logging_mixin.py:190} INFO - [2025-01-18T00:29:48.472+0000] {dag.py:3239} INFO - Sync 1 DAGs
[2025-01-18T00:29:48.503+0000] {logging_mixin.py:190} INFO - [2025-01-18T00:29:48.502+0000] {dag.py:4180} INFO - Setting next_dagrun for latest_only to 2025-01-17 20:00:00+00:00, run_after=2025-01-18 00:00:00+00:00
[2025-01-18T00:29:48.526+0000] {processor.py:208} INFO - Processing /home/airflow/.local/lib/python3.12/site-packages/airflow/example_dags/example_latest_only.py took 0.104 seconds
[2025-01-18T00:30:18.985+0000] {processor.py:186} INFO - Started process (PID=21350) to work on /home/airflow/.local/lib/python3.12/site-packages/airflow/example_dags/example_latest_only.py
[2025-01-18T00:30:18.986+0000] {processor.py:914} INFO - Processing file /home/airflow/.local/lib/python3.12/site-packages/airflow/example_dags/example_latest_only.py for tasks to queue
[2025-01-18T00:30:18.989+0000] {logging_mixin.py:190} INFO - [2025-01-18T00:30:18.988+0000] {dagbag.py:588} INFO - Filling up the DagBag from /home/airflow/.local/lib/python3.12/site-packages/airflow/example_dags/example_latest_only.py
[2025-01-18T00:30:18.996+0000] {processor.py:925} INFO - DAG(s) 'latest_only' retrieved from /home/airflow/.local/lib/python3.12/site-packages/airflow/example_dags/example_latest_only.py
[2025-01-18T00:30:19.019+0000] {logging_mixin.py:190} INFO - [2025-01-18T00:30:19.018+0000] {dag.py:3239} INFO - Sync 1 DAGs
[2025-01-18T00:30:19.048+0000] {logging_mixin.py:190} INFO - [2025-01-18T00:30:19.048+0000] {dag.py:4180} INFO - Setting next_dagrun for latest_only to 2025-01-17 20:00:00+00:00, run_after=2025-01-18 00:00:00+00:00
[2025-01-18T00:30:19.072+0000] {processor.py:208} INFO - Processing /home/airflow/.local/lib/python3.12/site-packages/airflow/example_dags/example_latest_only.py took 0.092 seconds
[2025-01-18T00:30:49.243+0000] {processor.py:186} INFO - Started process (PID=21417) to work on /home/airflow/.local/lib/python3.12/site-packages/airflow/example_dags/example_latest_only.py
[2025-01-18T00:30:49.244+0000] {processor.py:914} INFO - Processing file /home/airflow/.local/lib/python3.12/site-packages/airflow/example_dags/example_latest_only.py for tasks to queue
[2025-01-18T00:30:49.246+0000] {logging_mixin.py:190} INFO - [2025-01-18T00:30:49.246+0000] {dagbag.py:588} INFO - Filling up the DagBag from /home/airflow/.local/lib/python3.12/site-packages/airflow/example_dags/example_latest_only.py
[2025-01-18T00:30:49.254+0000] {processor.py:925} INFO - DAG(s) 'latest_only' retrieved from /home/airflow/.local/lib/python3.12/site-packages/airflow/example_dags/example_latest_only.py
[2025-01-18T00:30:49.278+0000] {logging_mixin.py:190} INFO - [2025-01-18T00:30:49.278+0000] {dag.py:3239} INFO - Sync 1 DAGs
[2025-01-18T00:30:49.307+0000] {logging_mixin.py:190} INFO - [2025-01-18T00:30:49.307+0000] {dag.py:4180} INFO - Setting next_dagrun for latest_only to 2025-01-17 20:00:00+00:00, run_after=2025-01-18 00:00:00+00:00
[2025-01-18T00:30:49.333+0000] {processor.py:208} INFO - Processing /home/airflow/.local/lib/python3.12/site-packages/airflow/example_dags/example_latest_only.py took 0.096 seconds
[2025-01-18T00:31:19.521+0000] {processor.py:186} INFO - Started process (PID=21490) to work on /home/airflow/.local/lib/python3.12/site-packages/airflow/example_dags/example_latest_only.py
[2025-01-18T00:31:19.522+0000] {processor.py:914} INFO - Processing file /home/airflow/.local/lib/python3.12/site-packages/airflow/example_dags/example_latest_only.py for tasks to queue
[2025-01-18T00:31:19.524+0000] {logging_mixin.py:190} INFO - [2025-01-18T00:31:19.524+0000] {dagbag.py:588} INFO - Filling up the DagBag from /home/airflow/.local/lib/python3.12/site-packages/airflow/example_dags/example_latest_only.py
[2025-01-18T00:31:19.534+0000] {processor.py:925} INFO - DAG(s) 'latest_only' retrieved from /home/airflow/.local/lib/python3.12/site-packages/airflow/example_dags/example_latest_only.py
[2025-01-18T00:31:19.559+0000] {logging_mixin.py:190} INFO - [2025-01-18T00:31:19.558+0000] {dag.py:3239} INFO - Sync 1 DAGs
[2025-01-18T00:31:19.591+0000] {logging_mixin.py:190} INFO - [2025-01-18T00:31:19.590+0000] {dag.py:4180} INFO - Setting next_dagrun for latest_only to 2025-01-17 20:00:00+00:00, run_after=2025-01-18 00:00:00+00:00
[2025-01-18T00:31:19.616+0000] {processor.py:208} INFO - Processing /home/airflow/.local/lib/python3.12/site-packages/airflow/example_dags/example_latest_only.py took 0.102 seconds
[2025-01-18T00:31:50.072+0000] {processor.py:186} INFO - Started process (PID=21557) to work on /home/airflow/.local/lib/python3.12/site-packages/airflow/example_dags/example_latest_only.py
[2025-01-18T00:31:50.074+0000] {processor.py:914} INFO - Processing file /home/airflow/.local/lib/python3.12/site-packages/airflow/example_dags/example_latest_only.py for tasks to queue
[2025-01-18T00:31:50.076+0000] {logging_mixin.py:190} INFO - [2025-01-18T00:31:50.075+0000] {dagbag.py:588} INFO - Filling up the DagBag from /home/airflow/.local/lib/python3.12/site-packages/airflow/example_dags/example_latest_only.py
[2025-01-18T00:31:50.082+0000] {processor.py:925} INFO - DAG(s) 'latest_only' retrieved from /home/airflow/.local/lib/python3.12/site-packages/airflow/example_dags/example_latest_only.py
[2025-01-18T00:31:50.102+0000] {logging_mixin.py:190} INFO - [2025-01-18T00:31:50.101+0000] {dag.py:3239} INFO - Sync 1 DAGs
[2025-01-18T00:31:50.129+0000] {logging_mixin.py:190} INFO - [2025-01-18T00:31:50.129+0000] {dag.py:4180} INFO - Setting next_dagrun for latest_only to 2025-01-17 20:00:00+00:00, run_after=2025-01-18 00:00:00+00:00
[2025-01-18T00:31:50.155+0000] {processor.py:208} INFO - Processing /home/airflow/.local/lib/python3.12/site-packages/airflow/example_dags/example_latest_only.py took 0.088 seconds
[2025-01-18T00:32:20.325+0000] {processor.py:186} INFO - Started process (PID=21624) to work on /home/airflow/.local/lib/python3.12/site-packages/airflow/example_dags/example_latest_only.py
[2025-01-18T00:32:20.327+0000] {processor.py:914} INFO - Processing file /home/airflow/.local/lib/python3.12/site-packages/airflow/example_dags/example_latest_only.py for tasks to queue
[2025-01-18T00:32:20.330+0000] {logging_mixin.py:190} INFO - [2025-01-18T00:32:20.329+0000] {dagbag.py:588} INFO - Filling up the DagBag from /home/airflow/.local/lib/python3.12/site-packages/airflow/example_dags/example_latest_only.py
[2025-01-18T00:32:20.338+0000] {processor.py:925} INFO - DAG(s) 'latest_only' retrieved from /home/airflow/.local/lib/python3.12/site-packages/airflow/example_dags/example_latest_only.py
[2025-01-18T00:32:20.361+0000] {logging_mixin.py:190} INFO - [2025-01-18T00:32:20.361+0000] {dag.py:3239} INFO - Sync 1 DAGs
[2025-01-18T00:32:20.389+0000] {logging_mixin.py:190} INFO - [2025-01-18T00:32:20.389+0000] {dag.py:4180} INFO - Setting next_dagrun for latest_only to 2025-01-17 20:00:00+00:00, run_after=2025-01-18 00:00:00+00:00
[2025-01-18T00:32:20.410+0000] {processor.py:208} INFO - Processing /home/airflow/.local/lib/python3.12/site-packages/airflow/example_dags/example_latest_only.py took 0.091 seconds
[2025-01-18T00:32:50.479+0000] {processor.py:186} INFO - Started process (PID=21691) to work on /home/airflow/.local/lib/python3.12/site-packages/airflow/example_dags/example_latest_only.py
[2025-01-18T00:32:50.480+0000] {processor.py:914} INFO - Processing file /home/airflow/.local/lib/python3.12/site-packages/airflow/example_dags/example_latest_only.py for tasks to queue
[2025-01-18T00:32:50.482+0000] {logging_mixin.py:190} INFO - [2025-01-18T00:32:50.482+0000] {dagbag.py:588} INFO - Filling up the DagBag from /home/airflow/.local/lib/python3.12/site-packages/airflow/example_dags/example_latest_only.py
[2025-01-18T00:32:50.489+0000] {processor.py:925} INFO - DAG(s) 'latest_only' retrieved from /home/airflow/.local/lib/python3.12/site-packages/airflow/example_dags/example_latest_only.py
[2025-01-18T00:32:50.509+0000] {logging_mixin.py:190} INFO - [2025-01-18T00:32:50.509+0000] {dag.py:3239} INFO - Sync 1 DAGs
[2025-01-18T00:32:50.535+0000] {logging_mixin.py:190} INFO - [2025-01-18T00:32:50.535+0000] {dag.py:4180} INFO - Setting next_dagrun for latest_only to 2025-01-17 20:00:00+00:00, run_after=2025-01-18 00:00:00+00:00
[2025-01-18T00:32:50.557+0000] {processor.py:208} INFO - Processing /home/airflow/.local/lib/python3.12/site-packages/airflow/example_dags/example_latest_only.py took 0.084 seconds
[2025-01-18T00:33:21.141+0000] {processor.py:186} INFO - Started process (PID=21757) to work on /home/airflow/.local/lib/python3.12/site-packages/airflow/example_dags/example_latest_only.py
[2025-01-18T00:33:21.142+0000] {processor.py:914} INFO - Processing file /home/airflow/.local/lib/python3.12/site-packages/airflow/example_dags/example_latest_only.py for tasks to queue
[2025-01-18T00:33:21.145+0000] {logging_mixin.py:190} INFO - [2025-01-18T00:33:21.145+0000] {dagbag.py:588} INFO - Filling up the DagBag from /home/airflow/.local/lib/python3.12/site-packages/airflow/example_dags/example_latest_only.py
[2025-01-18T00:33:21.154+0000] {processor.py:925} INFO - DAG(s) 'latest_only' retrieved from /home/airflow/.local/lib/python3.12/site-packages/airflow/example_dags/example_latest_only.py
[2025-01-18T00:33:21.182+0000] {logging_mixin.py:190} INFO - [2025-01-18T00:33:21.181+0000] {dag.py:3239} INFO - Sync 1 DAGs
[2025-01-18T00:33:21.213+0000] {logging_mixin.py:190} INFO - [2025-01-18T00:33:21.213+0000] {dag.py:4180} INFO - Setting next_dagrun for latest_only to 2025-01-17 20:00:00+00:00, run_after=2025-01-18 00:00:00+00:00
[2025-01-18T00:33:21.241+0000] {processor.py:208} INFO - Processing /home/airflow/.local/lib/python3.12/site-packages/airflow/example_dags/example_latest_only.py took 0.109 seconds
[2025-01-18T00:33:51.741+0000] {processor.py:186} INFO - Started process (PID=21824) to work on /home/airflow/.local/lib/python3.12/site-packages/airflow/example_dags/example_latest_only.py
[2025-01-18T00:33:51.742+0000] {processor.py:914} INFO - Processing file /home/airflow/.local/lib/python3.12/site-packages/airflow/example_dags/example_latest_only.py for tasks to queue
[2025-01-18T00:33:51.745+0000] {logging_mixin.py:190} INFO - [2025-01-18T00:33:51.744+0000] {dagbag.py:588} INFO - Filling up the DagBag from /home/airflow/.local/lib/python3.12/site-packages/airflow/example_dags/example_latest_only.py
[2025-01-18T00:33:51.752+0000] {processor.py:925} INFO - DAG(s) 'latest_only' retrieved from /home/airflow/.local/lib/python3.12/site-packages/airflow/example_dags/example_latest_only.py
[2025-01-18T00:33:51.771+0000] {logging_mixin.py:190} INFO - [2025-01-18T00:33:51.771+0000] {dag.py:3239} INFO - Sync 1 DAGs
[2025-01-18T00:33:51.795+0000] {logging_mixin.py:190} INFO - [2025-01-18T00:33:51.794+0000] {dag.py:4180} INFO - Setting next_dagrun for latest_only to 2025-01-17 20:00:00+00:00, run_after=2025-01-18 00:00:00+00:00
[2025-01-18T00:33:51.814+0000] {processor.py:208} INFO - Processing /home/airflow/.local/lib/python3.12/site-packages/airflow/example_dags/example_latest_only.py took 0.078 seconds
[2025-01-18T00:34:22.117+0000] {processor.py:186} INFO - Started process (PID=21892) to work on /home/airflow/.local/lib/python3.12/site-packages/airflow/example_dags/example_latest_only.py
[2025-01-18T00:34:22.118+0000] {processor.py:914} INFO - Processing file /home/airflow/.local/lib/python3.12/site-packages/airflow/example_dags/example_latest_only.py for tasks to queue
[2025-01-18T00:34:22.121+0000] {logging_mixin.py:190} INFO - [2025-01-18T00:34:22.120+0000] {dagbag.py:588} INFO - Filling up the DagBag from /home/airflow/.local/lib/python3.12/site-packages/airflow/example_dags/example_latest_only.py
[2025-01-18T00:34:22.127+0000] {processor.py:925} INFO - DAG(s) 'latest_only' retrieved from /home/airflow/.local/lib/python3.12/site-packages/airflow/example_dags/example_latest_only.py
[2025-01-18T00:34:22.148+0000] {logging_mixin.py:190} INFO - [2025-01-18T00:34:22.147+0000] {dag.py:3239} INFO - Sync 1 DAGs
[2025-01-18T00:34:22.175+0000] {logging_mixin.py:190} INFO - [2025-01-18T00:34:22.174+0000] {dag.py:4180} INFO - Setting next_dagrun for latest_only to 2025-01-17 20:00:00+00:00, run_after=2025-01-18 00:00:00+00:00
[2025-01-18T00:34:22.194+0000] {processor.py:208} INFO - Processing /home/airflow/.local/lib/python3.12/site-packages/airflow/example_dags/example_latest_only.py took 0.084 seconds
[2025-01-18T00:34:52.476+0000] {processor.py:186} INFO - Started process (PID=21959) to work on /home/airflow/.local/lib/python3.12/site-packages/airflow/example_dags/example_latest_only.py
[2025-01-18T00:34:52.478+0000] {processor.py:914} INFO - Processing file /home/airflow/.local/lib/python3.12/site-packages/airflow/example_dags/example_latest_only.py for tasks to queue
[2025-01-18T00:34:52.480+0000] {logging_mixin.py:190} INFO - [2025-01-18T00:34:52.479+0000] {dagbag.py:588} INFO - Filling up the DagBag from /home/airflow/.local/lib/python3.12/site-packages/airflow/example_dags/example_latest_only.py
[2025-01-18T00:34:52.487+0000] {processor.py:925} INFO - DAG(s) 'latest_only' retrieved from /home/airflow/.local/lib/python3.12/site-packages/airflow/example_dags/example_latest_only.py
[2025-01-18T00:34:52.510+0000] {logging_mixin.py:190} INFO - [2025-01-18T00:34:52.509+0000] {dag.py:3239} INFO - Sync 1 DAGs
[2025-01-18T00:34:52.544+0000] {logging_mixin.py:190} INFO - [2025-01-18T00:34:52.543+0000] {dag.py:4180} INFO - Setting next_dagrun for latest_only to 2025-01-17 20:00:00+00:00, run_after=2025-01-18 00:00:00+00:00
[2025-01-18T00:34:52.577+0000] {processor.py:208} INFO - Processing /home/airflow/.local/lib/python3.12/site-packages/airflow/example_dags/example_latest_only.py took 0.106 seconds
[2025-01-18T00:35:22.908+0000] {processor.py:186} INFO - Started process (PID=22026) to work on /home/airflow/.local/lib/python3.12/site-packages/airflow/example_dags/example_latest_only.py
[2025-01-18T00:35:22.910+0000] {processor.py:914} INFO - Processing file /home/airflow/.local/lib/python3.12/site-packages/airflow/example_dags/example_latest_only.py for tasks to queue
[2025-01-18T00:35:22.914+0000] {logging_mixin.py:190} INFO - [2025-01-18T00:35:22.914+0000] {dagbag.py:588} INFO - Filling up the DagBag from /home/airflow/.local/lib/python3.12/site-packages/airflow/example_dags/example_latest_only.py
[2025-01-18T00:35:22.927+0000] {processor.py:925} INFO - DAG(s) 'latest_only' retrieved from /home/airflow/.local/lib/python3.12/site-packages/airflow/example_dags/example_latest_only.py
[2025-01-18T00:35:22.969+0000] {logging_mixin.py:190} INFO - [2025-01-18T00:35:22.968+0000] {dag.py:3239} INFO - Sync 1 DAGs
[2025-01-18T00:35:23.031+0000] {logging_mixin.py:190} INFO - [2025-01-18T00:35:23.030+0000] {dag.py:4180} INFO - Setting next_dagrun for latest_only to 2025-01-17 20:00:00+00:00, run_after=2025-01-18 00:00:00+00:00
[2025-01-18T00:35:23.067+0000] {processor.py:208} INFO - Processing /home/airflow/.local/lib/python3.12/site-packages/airflow/example_dags/example_latest_only.py took 0.171 seconds
