[2025-01-18T00:00:12.516+0000] {processor.py:186} INFO - Started process (PID=17362) to work on /home/airflow/.local/lib/python3.12/site-packages/airflow/example_dags/example_python_operator.py
[2025-01-18T00:00:12.517+0000] {processor.py:914} INFO - Processing file /home/airflow/.local/lib/python3.12/site-packages/airflow/example_dags/example_python_operator.py for tasks to queue
[2025-01-18T00:00:12.521+0000] {logging_mixin.py:190} INFO - [2025-01-18T00:00:12.520+0000] {dagbag.py:588} INFO - Filling up the DagBag from /home/airflow/.local/lib/python3.12/site-packages/airflow/example_dags/example_python_operator.py
[2025-01-18T00:00:12.545+0000] {processor.py:925} INFO - DAG(s) 'example_python_operator' retrieved from /home/airflow/.local/lib/python3.12/site-packages/airflow/example_dags/example_python_operator.py
[2025-01-18T00:00:12.590+0000] {logging_mixin.py:190} INFO - [2025-01-18T00:00:12.590+0000] {dag.py:3239} INFO - Sync 1 DAGs
[2025-01-18T00:00:12.614+0000] {logging_mixin.py:190} INFO - [2025-01-18T00:00:12.614+0000] {dag.py:4180} INFO - Setting next_dagrun for example_python_operator to None, run_after=None
[2025-01-18T00:00:12.640+0000] {processor.py:208} INFO - Processing /home/airflow/.local/lib/python3.12/site-packages/airflow/example_dags/example_python_operator.py took 0.134 seconds
[2025-01-18T00:00:42.757+0000] {processor.py:186} INFO - Started process (PID=17429) to work on /home/airflow/.local/lib/python3.12/site-packages/airflow/example_dags/example_python_operator.py
[2025-01-18T00:00:42.759+0000] {processor.py:914} INFO - Processing file /home/airflow/.local/lib/python3.12/site-packages/airflow/example_dags/example_python_operator.py for tasks to queue
[2025-01-18T00:00:42.761+0000] {logging_mixin.py:190} INFO - [2025-01-18T00:00:42.760+0000] {dagbag.py:588} INFO - Filling up the DagBag from /home/airflow/.local/lib/python3.12/site-packages/airflow/example_dags/example_python_operator.py
[2025-01-18T00:00:42.774+0000] {processor.py:925} INFO - DAG(s) 'example_python_operator' retrieved from /home/airflow/.local/lib/python3.12/site-packages/airflow/example_dags/example_python_operator.py
[2025-01-18T00:00:42.806+0000] {logging_mixin.py:190} INFO - [2025-01-18T00:00:42.806+0000] {dag.py:3239} INFO - Sync 1 DAGs
[2025-01-18T00:00:42.824+0000] {logging_mixin.py:190} INFO - [2025-01-18T00:00:42.824+0000] {dag.py:4180} INFO - Setting next_dagrun for example_python_operator to None, run_after=None
[2025-01-18T00:00:42.847+0000] {processor.py:208} INFO - Processing /home/airflow/.local/lib/python3.12/site-packages/airflow/example_dags/example_python_operator.py took 0.095 seconds
[2025-01-18T00:01:13.681+0000] {processor.py:186} INFO - Started process (PID=17496) to work on /home/airflow/.local/lib/python3.12/site-packages/airflow/example_dags/example_python_operator.py
[2025-01-18T00:01:13.683+0000] {processor.py:914} INFO - Processing file /home/airflow/.local/lib/python3.12/site-packages/airflow/example_dags/example_python_operator.py for tasks to queue
[2025-01-18T00:01:13.686+0000] {logging_mixin.py:190} INFO - [2025-01-18T00:01:13.685+0000] {dagbag.py:588} INFO - Filling up the DagBag from /home/airflow/.local/lib/python3.12/site-packages/airflow/example_dags/example_python_operator.py
[2025-01-18T00:01:13.704+0000] {processor.py:925} INFO - DAG(s) 'example_python_operator' retrieved from /home/airflow/.local/lib/python3.12/site-packages/airflow/example_dags/example_python_operator.py
[2025-01-18T00:01:13.734+0000] {logging_mixin.py:190} INFO - [2025-01-18T00:01:13.734+0000] {dag.py:3239} INFO - Sync 1 DAGs
[2025-01-18T00:01:13.751+0000] {logging_mixin.py:190} INFO - [2025-01-18T00:01:13.751+0000] {dag.py:4180} INFO - Setting next_dagrun for example_python_operator to None, run_after=None
[2025-01-18T00:01:13.773+0000] {processor.py:208} INFO - Processing /home/airflow/.local/lib/python3.12/site-packages/airflow/example_dags/example_python_operator.py took 0.101 seconds
[2025-01-18T00:01:44.081+0000] {processor.py:186} INFO - Started process (PID=17569) to work on /home/airflow/.local/lib/python3.12/site-packages/airflow/example_dags/example_python_operator.py
[2025-01-18T00:01:44.082+0000] {processor.py:914} INFO - Processing file /home/airflow/.local/lib/python3.12/site-packages/airflow/example_dags/example_python_operator.py for tasks to queue
[2025-01-18T00:01:44.084+0000] {logging_mixin.py:190} INFO - [2025-01-18T00:01:44.084+0000] {dagbag.py:588} INFO - Filling up the DagBag from /home/airflow/.local/lib/python3.12/site-packages/airflow/example_dags/example_python_operator.py
[2025-01-18T00:01:44.098+0000] {processor.py:925} INFO - DAG(s) 'example_python_operator' retrieved from /home/airflow/.local/lib/python3.12/site-packages/airflow/example_dags/example_python_operator.py
[2025-01-18T00:01:44.124+0000] {logging_mixin.py:190} INFO - [2025-01-18T00:01:44.123+0000] {dag.py:3239} INFO - Sync 1 DAGs
[2025-01-18T00:01:44.142+0000] {logging_mixin.py:190} INFO - [2025-01-18T00:01:44.141+0000] {dag.py:4180} INFO - Setting next_dagrun for example_python_operator to None, run_after=None
[2025-01-18T00:01:44.163+0000] {processor.py:208} INFO - Processing /home/airflow/.local/lib/python3.12/site-packages/airflow/example_dags/example_python_operator.py took 0.089 seconds
[2025-01-18T00:02:14.839+0000] {processor.py:186} INFO - Started process (PID=17636) to work on /home/airflow/.local/lib/python3.12/site-packages/airflow/example_dags/example_python_operator.py
[2025-01-18T00:02:14.840+0000] {processor.py:914} INFO - Processing file /home/airflow/.local/lib/python3.12/site-packages/airflow/example_dags/example_python_operator.py for tasks to queue
[2025-01-18T00:02:14.843+0000] {logging_mixin.py:190} INFO - [2025-01-18T00:02:14.843+0000] {dagbag.py:588} INFO - Filling up the DagBag from /home/airflow/.local/lib/python3.12/site-packages/airflow/example_dags/example_python_operator.py
[2025-01-18T00:02:14.857+0000] {processor.py:925} INFO - DAG(s) 'example_python_operator' retrieved from /home/airflow/.local/lib/python3.12/site-packages/airflow/example_dags/example_python_operator.py
[2025-01-18T00:02:14.885+0000] {logging_mixin.py:190} INFO - [2025-01-18T00:02:14.885+0000] {dag.py:3239} INFO - Sync 1 DAGs
[2025-01-18T00:02:14.903+0000] {logging_mixin.py:190} INFO - [2025-01-18T00:02:14.903+0000] {dag.py:4180} INFO - Setting next_dagrun for example_python_operator to None, run_after=None
[2025-01-18T00:02:14.927+0000] {processor.py:208} INFO - Processing /home/airflow/.local/lib/python3.12/site-packages/airflow/example_dags/example_python_operator.py took 0.095 seconds
[2025-01-18T00:02:45.226+0000] {processor.py:186} INFO - Started process (PID=17704) to work on /home/airflow/.local/lib/python3.12/site-packages/airflow/example_dags/example_python_operator.py
[2025-01-18T00:02:45.227+0000] {processor.py:914} INFO - Processing file /home/airflow/.local/lib/python3.12/site-packages/airflow/example_dags/example_python_operator.py for tasks to queue
[2025-01-18T00:02:45.229+0000] {logging_mixin.py:190} INFO - [2025-01-18T00:02:45.229+0000] {dagbag.py:588} INFO - Filling up the DagBag from /home/airflow/.local/lib/python3.12/site-packages/airflow/example_dags/example_python_operator.py
[2025-01-18T00:02:45.242+0000] {processor.py:925} INFO - DAG(s) 'example_python_operator' retrieved from /home/airflow/.local/lib/python3.12/site-packages/airflow/example_dags/example_python_operator.py
[2025-01-18T00:02:45.270+0000] {logging_mixin.py:190} INFO - [2025-01-18T00:02:45.270+0000] {dag.py:3239} INFO - Sync 1 DAGs
[2025-01-18T00:02:45.289+0000] {logging_mixin.py:190} INFO - [2025-01-18T00:02:45.288+0000] {dag.py:4180} INFO - Setting next_dagrun for example_python_operator to None, run_after=None
[2025-01-18T00:02:45.315+0000] {processor.py:208} INFO - Processing /home/airflow/.local/lib/python3.12/site-packages/airflow/example_dags/example_python_operator.py took 0.095 seconds
[2025-01-18T00:03:15.475+0000] {processor.py:186} INFO - Started process (PID=17771) to work on /home/airflow/.local/lib/python3.12/site-packages/airflow/example_dags/example_python_operator.py
[2025-01-18T00:03:15.477+0000] {processor.py:914} INFO - Processing file /home/airflow/.local/lib/python3.12/site-packages/airflow/example_dags/example_python_operator.py for tasks to queue
[2025-01-18T00:03:15.479+0000] {logging_mixin.py:190} INFO - [2025-01-18T00:03:15.479+0000] {dagbag.py:588} INFO - Filling up the DagBag from /home/airflow/.local/lib/python3.12/site-packages/airflow/example_dags/example_python_operator.py
[2025-01-18T00:03:14.969+0000] {processor.py:925} INFO - DAG(s) 'example_python_operator' retrieved from /home/airflow/.local/lib/python3.12/site-packages/airflow/example_dags/example_python_operator.py
[2025-01-18T00:03:14.999+0000] {logging_mixin.py:190} INFO - [2025-01-18T00:03:14.998+0000] {dag.py:3239} INFO - Sync 1 DAGs
[2025-01-18T00:03:12.815+0000] {logging_mixin.py:190} INFO - [2025-01-18T00:03:12.814+0000] {dag.py:4180} INFO - Setting next_dagrun for example_python_operator to None, run_after=None
[2025-01-18T00:03:12.846+0000] {processor.py:208} INFO - Processing /home/airflow/.local/lib/python3.12/site-packages/airflow/example_dags/example_python_operator.py took 0.106 seconds
[2025-01-18T00:03:43.413+0000] {processor.py:186} INFO - Started process (PID=17829) to work on /home/airflow/.local/lib/python3.12/site-packages/airflow/example_dags/example_python_operator.py
[2025-01-18T00:03:43.416+0000] {processor.py:914} INFO - Processing file /home/airflow/.local/lib/python3.12/site-packages/airflow/example_dags/example_python_operator.py for tasks to queue
[2025-01-18T00:03:43.417+0000] {logging_mixin.py:190} INFO - [2025-01-18T00:03:43.417+0000] {dagbag.py:588} INFO - Filling up the DagBag from /home/airflow/.local/lib/python3.12/site-packages/airflow/example_dags/example_python_operator.py
[2025-01-18T00:03:43.429+0000] {processor.py:925} INFO - DAG(s) 'example_python_operator' retrieved from /home/airflow/.local/lib/python3.12/site-packages/airflow/example_dags/example_python_operator.py
[2025-01-18T00:03:43.452+0000] {logging_mixin.py:190} INFO - [2025-01-18T00:03:43.452+0000] {dag.py:3239} INFO - Sync 1 DAGs
[2025-01-18T00:03:43.469+0000] {logging_mixin.py:190} INFO - [2025-01-18T00:03:43.468+0000] {dag.py:4180} INFO - Setting next_dagrun for example_python_operator to None, run_after=None
[2025-01-18T00:03:43.490+0000] {processor.py:208} INFO - Processing /home/airflow/.local/lib/python3.12/site-packages/airflow/example_dags/example_python_operator.py took 0.081 seconds
[2025-01-18T00:04:13.701+0000] {processor.py:186} INFO - Started process (PID=17896) to work on /home/airflow/.local/lib/python3.12/site-packages/airflow/example_dags/example_python_operator.py
[2025-01-18T00:04:13.712+0000] {processor.py:914} INFO - Processing file /home/airflow/.local/lib/python3.12/site-packages/airflow/example_dags/example_python_operator.py for tasks to queue
[2025-01-18T00:04:13.714+0000] {logging_mixin.py:190} INFO - [2025-01-18T00:04:13.714+0000] {dagbag.py:588} INFO - Filling up the DagBag from /home/airflow/.local/lib/python3.12/site-packages/airflow/example_dags/example_python_operator.py
[2025-01-18T00:04:13.727+0000] {processor.py:925} INFO - DAG(s) 'example_python_operator' retrieved from /home/airflow/.local/lib/python3.12/site-packages/airflow/example_dags/example_python_operator.py
[2025-01-18T00:04:13.748+0000] {logging_mixin.py:190} INFO - [2025-01-18T00:04:13.748+0000] {dag.py:3239} INFO - Sync 1 DAGs
[2025-01-18T00:04:13.763+0000] {logging_mixin.py:190} INFO - [2025-01-18T00:04:13.762+0000] {dag.py:4180} INFO - Setting next_dagrun for example_python_operator to None, run_after=None
[2025-01-18T00:04:13.782+0000] {processor.py:208} INFO - Processing /home/airflow/.local/lib/python3.12/site-packages/airflow/example_dags/example_python_operator.py took 0.086 seconds
[2025-01-18T00:04:44.019+0000] {processor.py:186} INFO - Started process (PID=17963) to work on /home/airflow/.local/lib/python3.12/site-packages/airflow/example_dags/example_python_operator.py
[2025-01-18T00:04:44.021+0000] {processor.py:914} INFO - Processing file /home/airflow/.local/lib/python3.12/site-packages/airflow/example_dags/example_python_operator.py for tasks to queue
[2025-01-18T00:04:44.029+0000] {logging_mixin.py:190} INFO - [2025-01-18T00:04:44.028+0000] {dagbag.py:588} INFO - Filling up the DagBag from /home/airflow/.local/lib/python3.12/site-packages/airflow/example_dags/example_python_operator.py
[2025-01-18T00:04:44.049+0000] {processor.py:925} INFO - DAG(s) 'example_python_operator' retrieved from /home/airflow/.local/lib/python3.12/site-packages/airflow/example_dags/example_python_operator.py
[2025-01-18T00:04:44.089+0000] {logging_mixin.py:190} INFO - [2025-01-18T00:04:44.089+0000] {dag.py:3239} INFO - Sync 1 DAGs
[2025-01-18T00:04:44.109+0000] {logging_mixin.py:190} INFO - [2025-01-18T00:04:44.109+0000] {dag.py:4180} INFO - Setting next_dagrun for example_python_operator to None, run_after=None
[2025-01-18T00:04:44.133+0000] {processor.py:208} INFO - Processing /home/airflow/.local/lib/python3.12/site-packages/airflow/example_dags/example_python_operator.py took 0.123 seconds
[2025-01-18T00:05:14.362+0000] {processor.py:186} INFO - Started process (PID=18030) to work on /home/airflow/.local/lib/python3.12/site-packages/airflow/example_dags/example_python_operator.py
[2025-01-18T00:05:14.365+0000] {processor.py:914} INFO - Processing file /home/airflow/.local/lib/python3.12/site-packages/airflow/example_dags/example_python_operator.py for tasks to queue
[2025-01-18T00:05:14.367+0000] {logging_mixin.py:190} INFO - [2025-01-18T00:05:14.367+0000] {dagbag.py:588} INFO - Filling up the DagBag from /home/airflow/.local/lib/python3.12/site-packages/airflow/example_dags/example_python_operator.py
[2025-01-18T00:05:14.380+0000] {processor.py:925} INFO - DAG(s) 'example_python_operator' retrieved from /home/airflow/.local/lib/python3.12/site-packages/airflow/example_dags/example_python_operator.py
[2025-01-18T00:05:14.406+0000] {logging_mixin.py:190} INFO - [2025-01-18T00:05:14.406+0000] {dag.py:3239} INFO - Sync 1 DAGs
[2025-01-18T00:05:14.423+0000] {logging_mixin.py:190} INFO - [2025-01-18T00:05:14.423+0000] {dag.py:4180} INFO - Setting next_dagrun for example_python_operator to None, run_after=None
[2025-01-18T00:05:14.447+0000] {processor.py:208} INFO - Processing /home/airflow/.local/lib/python3.12/site-packages/airflow/example_dags/example_python_operator.py took 0.091 seconds
[2025-01-18T00:05:45.036+0000] {processor.py:186} INFO - Started process (PID=18096) to work on /home/airflow/.local/lib/python3.12/site-packages/airflow/example_dags/example_python_operator.py
[2025-01-18T00:05:45.038+0000] {processor.py:914} INFO - Processing file /home/airflow/.local/lib/python3.12/site-packages/airflow/example_dags/example_python_operator.py for tasks to queue
[2025-01-18T00:05:45.042+0000] {logging_mixin.py:190} INFO - [2025-01-18T00:05:45.040+0000] {dagbag.py:588} INFO - Filling up the DagBag from /home/airflow/.local/lib/python3.12/site-packages/airflow/example_dags/example_python_operator.py
[2025-01-18T00:05:45.060+0000] {processor.py:925} INFO - DAG(s) 'example_python_operator' retrieved from /home/airflow/.local/lib/python3.12/site-packages/airflow/example_dags/example_python_operator.py
[2025-01-18T00:05:45.100+0000] {logging_mixin.py:190} INFO - [2025-01-18T00:05:45.099+0000] {dag.py:3239} INFO - Sync 1 DAGs
[2025-01-18T00:05:45.121+0000] {logging_mixin.py:190} INFO - [2025-01-18T00:05:45.121+0000] {dag.py:4180} INFO - Setting next_dagrun for example_python_operator to None, run_after=None
[2025-01-18T00:05:45.147+0000] {processor.py:208} INFO - Processing /home/airflow/.local/lib/python3.12/site-packages/airflow/example_dags/example_python_operator.py took 0.119 seconds
[2025-01-18T00:06:15.503+0000] {processor.py:186} INFO - Started process (PID=18163) to work on /home/airflow/.local/lib/python3.12/site-packages/airflow/example_dags/example_python_operator.py
[2025-01-18T00:06:15.506+0000] {processor.py:914} INFO - Processing file /home/airflow/.local/lib/python3.12/site-packages/airflow/example_dags/example_python_operator.py for tasks to queue
[2025-01-18T00:06:15.509+0000] {logging_mixin.py:190} INFO - [2025-01-18T00:06:15.508+0000] {dagbag.py:588} INFO - Filling up the DagBag from /home/airflow/.local/lib/python3.12/site-packages/airflow/example_dags/example_python_operator.py
[2025-01-18T00:06:15.525+0000] {processor.py:925} INFO - DAG(s) 'example_python_operator' retrieved from /home/airflow/.local/lib/python3.12/site-packages/airflow/example_dags/example_python_operator.py
[2025-01-18T00:06:15.553+0000] {logging_mixin.py:190} INFO - [2025-01-18T00:06:15.553+0000] {dag.py:3239} INFO - Sync 1 DAGs
[2025-01-18T00:06:15.573+0000] {logging_mixin.py:190} INFO - [2025-01-18T00:06:15.573+0000] {dag.py:4180} INFO - Setting next_dagrun for example_python_operator to None, run_after=None
[2025-01-18T00:06:15.596+0000] {processor.py:208} INFO - Processing /home/airflow/.local/lib/python3.12/site-packages/airflow/example_dags/example_python_operator.py took 0.100 seconds
[2025-01-18T00:06:45.661+0000] {processor.py:186} INFO - Started process (PID=18237) to work on /home/airflow/.local/lib/python3.12/site-packages/airflow/example_dags/example_python_operator.py
[2025-01-18T00:06:45.662+0000] {processor.py:914} INFO - Processing file /home/airflow/.local/lib/python3.12/site-packages/airflow/example_dags/example_python_operator.py for tasks to queue
[2025-01-18T00:06:45.666+0000] {logging_mixin.py:190} INFO - [2025-01-18T00:06:45.665+0000] {dagbag.py:588} INFO - Filling up the DagBag from /home/airflow/.local/lib/python3.12/site-packages/airflow/example_dags/example_python_operator.py
[2025-01-18T00:06:45.684+0000] {processor.py:925} INFO - DAG(s) 'example_python_operator' retrieved from /home/airflow/.local/lib/python3.12/site-packages/airflow/example_dags/example_python_operator.py
[2025-01-18T00:06:45.724+0000] {logging_mixin.py:190} INFO - [2025-01-18T00:06:45.723+0000] {dag.py:3239} INFO - Sync 1 DAGs
[2025-01-18T00:06:45.752+0000] {logging_mixin.py:190} INFO - [2025-01-18T00:06:45.751+0000] {dag.py:4180} INFO - Setting next_dagrun for example_python_operator to None, run_after=None
[2025-01-18T00:06:45.784+0000] {processor.py:208} INFO - Processing /home/airflow/.local/lib/python3.12/site-packages/airflow/example_dags/example_python_operator.py took 0.132 seconds
[2025-01-18T00:07:16.133+0000] {processor.py:186} INFO - Started process (PID=18303) to work on /home/airflow/.local/lib/python3.12/site-packages/airflow/example_dags/example_python_operator.py
[2025-01-18T00:07:16.134+0000] {processor.py:914} INFO - Processing file /home/airflow/.local/lib/python3.12/site-packages/airflow/example_dags/example_python_operator.py for tasks to queue
[2025-01-18T00:07:16.136+0000] {logging_mixin.py:190} INFO - [2025-01-18T00:07:16.136+0000] {dagbag.py:588} INFO - Filling up the DagBag from /home/airflow/.local/lib/python3.12/site-packages/airflow/example_dags/example_python_operator.py
[2025-01-18T00:07:16.149+0000] {processor.py:925} INFO - DAG(s) 'example_python_operator' retrieved from /home/airflow/.local/lib/python3.12/site-packages/airflow/example_dags/example_python_operator.py
[2025-01-18T00:07:16.179+0000] {logging_mixin.py:190} INFO - [2025-01-18T00:07:16.179+0000] {dag.py:3239} INFO - Sync 1 DAGs
[2025-01-18T00:07:16.201+0000] {logging_mixin.py:190} INFO - [2025-01-18T00:07:16.200+0000] {dag.py:4180} INFO - Setting next_dagrun for example_python_operator to None, run_after=None
[2025-01-18T00:07:16.229+0000] {processor.py:208} INFO - Processing /home/airflow/.local/lib/python3.12/site-packages/airflow/example_dags/example_python_operator.py took 0.102 seconds
[2025-01-18T00:07:47.027+0000] {processor.py:186} INFO - Started process (PID=18370) to work on /home/airflow/.local/lib/python3.12/site-packages/airflow/example_dags/example_python_operator.py
[2025-01-18T00:07:47.030+0000] {processor.py:914} INFO - Processing file /home/airflow/.local/lib/python3.12/site-packages/airflow/example_dags/example_python_operator.py for tasks to queue
[2025-01-18T00:07:47.034+0000] {logging_mixin.py:190} INFO - [2025-01-18T00:07:47.034+0000] {dagbag.py:588} INFO - Filling up the DagBag from /home/airflow/.local/lib/python3.12/site-packages/airflow/example_dags/example_python_operator.py
[2025-01-18T00:07:47.059+0000] {processor.py:925} INFO - DAG(s) 'example_python_operator' retrieved from /home/airflow/.local/lib/python3.12/site-packages/airflow/example_dags/example_python_operator.py
[2025-01-18T00:07:47.101+0000] {logging_mixin.py:190} INFO - [2025-01-18T00:07:47.101+0000] {dag.py:3239} INFO - Sync 1 DAGs
[2025-01-18T00:07:47.122+0000] {logging_mixin.py:190} INFO - [2025-01-18T00:07:47.122+0000] {dag.py:4180} INFO - Setting next_dagrun for example_python_operator to None, run_after=None
[2025-01-18T00:07:47.146+0000] {processor.py:208} INFO - Processing /home/airflow/.local/lib/python3.12/site-packages/airflow/example_dags/example_python_operator.py took 0.129 seconds
[2025-01-18T00:08:18.022+0000] {processor.py:186} INFO - Started process (PID=18437) to work on /home/airflow/.local/lib/python3.12/site-packages/airflow/example_dags/example_python_operator.py
[2025-01-18T00:08:18.023+0000] {processor.py:914} INFO - Processing file /home/airflow/.local/lib/python3.12/site-packages/airflow/example_dags/example_python_operator.py for tasks to queue
[2025-01-18T00:08:18.026+0000] {logging_mixin.py:190} INFO - [2025-01-18T00:08:18.025+0000] {dagbag.py:588} INFO - Filling up the DagBag from /home/airflow/.local/lib/python3.12/site-packages/airflow/example_dags/example_python_operator.py
[2025-01-18T00:08:18.044+0000] {processor.py:925} INFO - DAG(s) 'example_python_operator' retrieved from /home/airflow/.local/lib/python3.12/site-packages/airflow/example_dags/example_python_operator.py
[2025-01-18T00:08:18.078+0000] {logging_mixin.py:190} INFO - [2025-01-18T00:08:18.077+0000] {dag.py:3239} INFO - Sync 1 DAGs
[2025-01-18T00:08:18.105+0000] {logging_mixin.py:190} INFO - [2025-01-18T00:08:18.105+0000] {dag.py:4180} INFO - Setting next_dagrun for example_python_operator to None, run_after=None
[2025-01-18T00:08:18.131+0000] {processor.py:208} INFO - Processing /home/airflow/.local/lib/python3.12/site-packages/airflow/example_dags/example_python_operator.py took 0.118 seconds
[2025-01-18T00:08:48.704+0000] {processor.py:186} INFO - Started process (PID=18499) to work on /home/airflow/.local/lib/python3.12/site-packages/airflow/example_dags/example_python_operator.py
[2025-01-18T00:08:48.705+0000] {processor.py:914} INFO - Processing file /home/airflow/.local/lib/python3.12/site-packages/airflow/example_dags/example_python_operator.py for tasks to queue
[2025-01-18T00:08:48.708+0000] {logging_mixin.py:190} INFO - [2025-01-18T00:08:48.707+0000] {dagbag.py:588} INFO - Filling up the DagBag from /home/airflow/.local/lib/python3.12/site-packages/airflow/example_dags/example_python_operator.py
[2025-01-18T00:08:48.722+0000] {processor.py:925} INFO - DAG(s) 'example_python_operator' retrieved from /home/airflow/.local/lib/python3.12/site-packages/airflow/example_dags/example_python_operator.py
[2025-01-18T00:08:48.746+0000] {logging_mixin.py:190} INFO - [2025-01-18T00:08:48.745+0000] {dag.py:3239} INFO - Sync 1 DAGs
[2025-01-18T00:08:48.761+0000] {logging_mixin.py:190} INFO - [2025-01-18T00:08:48.761+0000] {dag.py:4180} INFO - Setting next_dagrun for example_python_operator to None, run_after=None
[2025-01-18T00:08:48.780+0000] {processor.py:208} INFO - Processing /home/airflow/.local/lib/python3.12/site-packages/airflow/example_dags/example_python_operator.py took 0.082 seconds
[2025-01-18T00:09:18.933+0000] {processor.py:186} INFO - Started process (PID=18562) to work on /home/airflow/.local/lib/python3.12/site-packages/airflow/example_dags/example_python_operator.py
[2025-01-18T00:09:18.935+0000] {processor.py:914} INFO - Processing file /home/airflow/.local/lib/python3.12/site-packages/airflow/example_dags/example_python_operator.py for tasks to queue
[2025-01-18T00:09:18.939+0000] {logging_mixin.py:190} INFO - [2025-01-18T00:09:18.938+0000] {dagbag.py:588} INFO - Filling up the DagBag from /home/airflow/.local/lib/python3.12/site-packages/airflow/example_dags/example_python_operator.py
[2025-01-18T00:09:18.956+0000] {processor.py:925} INFO - DAG(s) 'example_python_operator' retrieved from /home/airflow/.local/lib/python3.12/site-packages/airflow/example_dags/example_python_operator.py
[2025-01-18T00:09:18.985+0000] {logging_mixin.py:190} INFO - [2025-01-18T00:09:18.985+0000] {dag.py:3239} INFO - Sync 1 DAGs
[2025-01-18T00:09:19.005+0000] {logging_mixin.py:190} INFO - [2025-01-18T00:09:19.005+0000] {dag.py:4180} INFO - Setting next_dagrun for example_python_operator to None, run_after=None
[2025-01-18T00:09:19.034+0000] {processor.py:208} INFO - Processing /home/airflow/.local/lib/python3.12/site-packages/airflow/example_dags/example_python_operator.py took 0.108 seconds
[2025-01-18T00:09:49.413+0000] {processor.py:186} INFO - Started process (PID=18629) to work on /home/airflow/.local/lib/python3.12/site-packages/airflow/example_dags/example_python_operator.py
[2025-01-18T00:09:49.414+0000] {processor.py:914} INFO - Processing file /home/airflow/.local/lib/python3.12/site-packages/airflow/example_dags/example_python_operator.py for tasks to queue
[2025-01-18T00:09:49.416+0000] {logging_mixin.py:190} INFO - [2025-01-18T00:09:49.416+0000] {dagbag.py:588} INFO - Filling up the DagBag from /home/airflow/.local/lib/python3.12/site-packages/airflow/example_dags/example_python_operator.py
[2025-01-18T00:09:49.428+0000] {processor.py:925} INFO - DAG(s) 'example_python_operator' retrieved from /home/airflow/.local/lib/python3.12/site-packages/airflow/example_dags/example_python_operator.py
[2025-01-18T00:09:49.452+0000] {logging_mixin.py:190} INFO - [2025-01-18T00:09:49.452+0000] {dag.py:3239} INFO - Sync 1 DAGs
[2025-01-18T00:09:49.469+0000] {logging_mixin.py:190} INFO - [2025-01-18T00:09:49.469+0000] {dag.py:4180} INFO - Setting next_dagrun for example_python_operator to None, run_after=None
[2025-01-18T00:09:49.489+0000] {processor.py:208} INFO - Processing /home/airflow/.local/lib/python3.12/site-packages/airflow/example_dags/example_python_operator.py took 0.083 seconds
[2025-01-18T00:10:19.807+0000] {processor.py:186} INFO - Started process (PID=18696) to work on /home/airflow/.local/lib/python3.12/site-packages/airflow/example_dags/example_python_operator.py
[2025-01-18T00:10:19.808+0000] {processor.py:914} INFO - Processing file /home/airflow/.local/lib/python3.12/site-packages/airflow/example_dags/example_python_operator.py for tasks to queue
[2025-01-18T00:10:19.810+0000] {logging_mixin.py:190} INFO - [2025-01-18T00:10:19.810+0000] {dagbag.py:588} INFO - Filling up the DagBag from /home/airflow/.local/lib/python3.12/site-packages/airflow/example_dags/example_python_operator.py
[2025-01-18T00:10:19.823+0000] {processor.py:925} INFO - DAG(s) 'example_python_operator' retrieved from /home/airflow/.local/lib/python3.12/site-packages/airflow/example_dags/example_python_operator.py
[2025-01-18T00:10:19.849+0000] {logging_mixin.py:190} INFO - [2025-01-18T00:10:19.848+0000] {dag.py:3239} INFO - Sync 1 DAGs
[2025-01-18T00:10:19.864+0000] {logging_mixin.py:190} INFO - [2025-01-18T00:10:19.863+0000] {dag.py:4180} INFO - Setting next_dagrun for example_python_operator to None, run_after=None
[2025-01-18T00:10:19.884+0000] {processor.py:208} INFO - Processing /home/airflow/.local/lib/python3.12/site-packages/airflow/example_dags/example_python_operator.py took 0.083 seconds
[2025-01-18T00:10:50.530+0000] {processor.py:186} INFO - Started process (PID=18769) to work on /home/airflow/.local/lib/python3.12/site-packages/airflow/example_dags/example_python_operator.py
[2025-01-18T00:10:50.531+0000] {processor.py:914} INFO - Processing file /home/airflow/.local/lib/python3.12/site-packages/airflow/example_dags/example_python_operator.py for tasks to queue
[2025-01-18T00:10:50.534+0000] {logging_mixin.py:190} INFO - [2025-01-18T00:10:50.534+0000] {dagbag.py:588} INFO - Filling up the DagBag from /home/airflow/.local/lib/python3.12/site-packages/airflow/example_dags/example_python_operator.py
[2025-01-18T00:10:50.547+0000] {processor.py:925} INFO - DAG(s) 'example_python_operator' retrieved from /home/airflow/.local/lib/python3.12/site-packages/airflow/example_dags/example_python_operator.py
[2025-01-18T00:10:50.572+0000] {logging_mixin.py:190} INFO - [2025-01-18T00:10:50.571+0000] {dag.py:3239} INFO - Sync 1 DAGs
[2025-01-18T00:10:50.587+0000] {logging_mixin.py:190} INFO - [2025-01-18T00:10:50.587+0000] {dag.py:4180} INFO - Setting next_dagrun for example_python_operator to None, run_after=None
[2025-01-18T00:10:50.608+0000] {processor.py:208} INFO - Processing /home/airflow/.local/lib/python3.12/site-packages/airflow/example_dags/example_python_operator.py took 0.084 seconds
[2025-01-18T00:11:20.658+0000] {processor.py:186} INFO - Started process (PID=18835) to work on /home/airflow/.local/lib/python3.12/site-packages/airflow/example_dags/example_python_operator.py
[2025-01-18T00:11:20.660+0000] {processor.py:914} INFO - Processing file /home/airflow/.local/lib/python3.12/site-packages/airflow/example_dags/example_python_operator.py for tasks to queue
[2025-01-18T00:11:20.663+0000] {logging_mixin.py:190} INFO - [2025-01-18T00:11:20.663+0000] {dagbag.py:588} INFO - Filling up the DagBag from /home/airflow/.local/lib/python3.12/site-packages/airflow/example_dags/example_python_operator.py
[2025-01-18T00:11:20.676+0000] {processor.py:925} INFO - DAG(s) 'example_python_operator' retrieved from /home/airflow/.local/lib/python3.12/site-packages/airflow/example_dags/example_python_operator.py
[2025-01-18T00:11:20.701+0000] {logging_mixin.py:190} INFO - [2025-01-18T00:11:20.701+0000] {dag.py:3239} INFO - Sync 1 DAGs
[2025-01-18T00:11:20.716+0000] {logging_mixin.py:190} INFO - [2025-01-18T00:11:20.716+0000] {dag.py:4180} INFO - Setting next_dagrun for example_python_operator to None, run_after=None
[2025-01-18T00:11:20.741+0000] {processor.py:208} INFO - Processing /home/airflow/.local/lib/python3.12/site-packages/airflow/example_dags/example_python_operator.py took 0.088 seconds
[2025-01-18T00:11:50.925+0000] {processor.py:186} INFO - Started process (PID=18903) to work on /home/airflow/.local/lib/python3.12/site-packages/airflow/example_dags/example_python_operator.py
[2025-01-18T00:11:50.926+0000] {processor.py:914} INFO - Processing file /home/airflow/.local/lib/python3.12/site-packages/airflow/example_dags/example_python_operator.py for tasks to queue
[2025-01-18T00:11:50.928+0000] {logging_mixin.py:190} INFO - [2025-01-18T00:11:50.928+0000] {dagbag.py:588} INFO - Filling up the DagBag from /home/airflow/.local/lib/python3.12/site-packages/airflow/example_dags/example_python_operator.py
[2025-01-18T00:11:50.938+0000] {processor.py:925} INFO - DAG(s) 'example_python_operator' retrieved from /home/airflow/.local/lib/python3.12/site-packages/airflow/example_dags/example_python_operator.py
[2025-01-18T00:11:50.960+0000] {logging_mixin.py:190} INFO - [2025-01-18T00:11:50.960+0000] {dag.py:3239} INFO - Sync 1 DAGs
[2025-01-18T00:11:50.976+0000] {logging_mixin.py:190} INFO - [2025-01-18T00:11:50.976+0000] {dag.py:4180} INFO - Setting next_dagrun for example_python_operator to None, run_after=None
[2025-01-18T00:11:50.994+0000] {processor.py:208} INFO - Processing /home/airflow/.local/lib/python3.12/site-packages/airflow/example_dags/example_python_operator.py took 0.074 seconds
[2025-01-18T00:12:21.538+0000] {processor.py:186} INFO - Started process (PID=18971) to work on /home/airflow/.local/lib/python3.12/site-packages/airflow/example_dags/example_python_operator.py
[2025-01-18T00:12:21.539+0000] {processor.py:914} INFO - Processing file /home/airflow/.local/lib/python3.12/site-packages/airflow/example_dags/example_python_operator.py for tasks to queue
[2025-01-18T00:12:21.541+0000] {logging_mixin.py:190} INFO - [2025-01-18T00:12:21.541+0000] {dagbag.py:588} INFO - Filling up the DagBag from /home/airflow/.local/lib/python3.12/site-packages/airflow/example_dags/example_python_operator.py
[2025-01-18T00:12:21.554+0000] {processor.py:925} INFO - DAG(s) 'example_python_operator' retrieved from /home/airflow/.local/lib/python3.12/site-packages/airflow/example_dags/example_python_operator.py
[2025-01-18T00:12:21.579+0000] {logging_mixin.py:190} INFO - [2025-01-18T00:12:21.579+0000] {dag.py:3239} INFO - Sync 1 DAGs
[2025-01-18T00:12:21.596+0000] {logging_mixin.py:190} INFO - [2025-01-18T00:12:21.596+0000] {dag.py:4180} INFO - Setting next_dagrun for example_python_operator to None, run_after=None
[2025-01-18T00:12:21.621+0000] {processor.py:208} INFO - Processing /home/airflow/.local/lib/python3.12/site-packages/airflow/example_dags/example_python_operator.py took 0.089 seconds
[2025-01-18T00:12:51.925+0000] {processor.py:186} INFO - Started process (PID=19037) to work on /home/airflow/.local/lib/python3.12/site-packages/airflow/example_dags/example_python_operator.py
[2025-01-18T00:12:51.927+0000] {processor.py:914} INFO - Processing file /home/airflow/.local/lib/python3.12/site-packages/airflow/example_dags/example_python_operator.py for tasks to queue
[2025-01-18T00:12:51.929+0000] {logging_mixin.py:190} INFO - [2025-01-18T00:12:51.929+0000] {dagbag.py:588} INFO - Filling up the DagBag from /home/airflow/.local/lib/python3.12/site-packages/airflow/example_dags/example_python_operator.py
[2025-01-18T00:12:51.942+0000] {processor.py:925} INFO - DAG(s) 'example_python_operator' retrieved from /home/airflow/.local/lib/python3.12/site-packages/airflow/example_dags/example_python_operator.py
[2025-01-18T00:12:51.964+0000] {logging_mixin.py:190} INFO - [2025-01-18T00:12:51.964+0000] {dag.py:3239} INFO - Sync 1 DAGs
[2025-01-18T00:12:51.979+0000] {logging_mixin.py:190} INFO - [2025-01-18T00:12:51.979+0000] {dag.py:4180} INFO - Setting next_dagrun for example_python_operator to None, run_after=None
[2025-01-18T00:12:51.997+0000] {processor.py:208} INFO - Processing /home/airflow/.local/lib/python3.12/site-packages/airflow/example_dags/example_python_operator.py took 0.078 seconds
[2025-01-18T00:13:22.881+0000] {processor.py:186} INFO - Started process (PID=19104) to work on /home/airflow/.local/lib/python3.12/site-packages/airflow/example_dags/example_python_operator.py
[2025-01-18T00:13:22.882+0000] {processor.py:914} INFO - Processing file /home/airflow/.local/lib/python3.12/site-packages/airflow/example_dags/example_python_operator.py for tasks to queue
[2025-01-18T00:13:22.884+0000] {logging_mixin.py:190} INFO - [2025-01-18T00:13:22.884+0000] {dagbag.py:588} INFO - Filling up the DagBag from /home/airflow/.local/lib/python3.12/site-packages/airflow/example_dags/example_python_operator.py
[2025-01-18T00:13:22.898+0000] {processor.py:925} INFO - DAG(s) 'example_python_operator' retrieved from /home/airflow/.local/lib/python3.12/site-packages/airflow/example_dags/example_python_operator.py
[2025-01-18T00:13:22.924+0000] {logging_mixin.py:190} INFO - [2025-01-18T00:13:22.923+0000] {dag.py:3239} INFO - Sync 1 DAGs
[2025-01-18T00:13:22.943+0000] {logging_mixin.py:190} INFO - [2025-01-18T00:13:22.943+0000] {dag.py:4180} INFO - Setting next_dagrun for example_python_operator to None, run_after=None
[2025-01-18T00:13:22.965+0000] {processor.py:208} INFO - Processing /home/airflow/.local/lib/python3.12/site-packages/airflow/example_dags/example_python_operator.py took 0.090 seconds
[2025-01-18T00:13:53.436+0000] {processor.py:186} INFO - Started process (PID=19171) to work on /home/airflow/.local/lib/python3.12/site-packages/airflow/example_dags/example_python_operator.py
[2025-01-18T00:13:53.437+0000] {processor.py:914} INFO - Processing file /home/airflow/.local/lib/python3.12/site-packages/airflow/example_dags/example_python_operator.py for tasks to queue
[2025-01-18T00:13:53.440+0000] {logging_mixin.py:190} INFO - [2025-01-18T00:13:53.439+0000] {dagbag.py:588} INFO - Filling up the DagBag from /home/airflow/.local/lib/python3.12/site-packages/airflow/example_dags/example_python_operator.py
[2025-01-18T00:13:53.452+0000] {processor.py:925} INFO - DAG(s) 'example_python_operator' retrieved from /home/airflow/.local/lib/python3.12/site-packages/airflow/example_dags/example_python_operator.py
[2025-01-18T00:13:53.476+0000] {logging_mixin.py:190} INFO - [2025-01-18T00:13:53.476+0000] {dag.py:3239} INFO - Sync 1 DAGs
[2025-01-18T00:13:53.494+0000] {logging_mixin.py:190} INFO - [2025-01-18T00:13:53.493+0000] {dag.py:4180} INFO - Setting next_dagrun for example_python_operator to None, run_after=None
[2025-01-18T00:13:53.514+0000] {processor.py:208} INFO - Processing /home/airflow/.local/lib/python3.12/site-packages/airflow/example_dags/example_python_operator.py took 0.084 seconds
[2025-01-18T00:14:24.413+0000] {processor.py:186} INFO - Started process (PID=19238) to work on /home/airflow/.local/lib/python3.12/site-packages/airflow/example_dags/example_python_operator.py
[2025-01-18T00:14:24.414+0000] {processor.py:914} INFO - Processing file /home/airflow/.local/lib/python3.12/site-packages/airflow/example_dags/example_python_operator.py for tasks to queue
[2025-01-18T00:14:24.417+0000] {logging_mixin.py:190} INFO - [2025-01-18T00:14:24.417+0000] {dagbag.py:588} INFO - Filling up the DagBag from /home/airflow/.local/lib/python3.12/site-packages/airflow/example_dags/example_python_operator.py
[2025-01-18T00:14:24.433+0000] {processor.py:925} INFO - DAG(s) 'example_python_operator' retrieved from /home/airflow/.local/lib/python3.12/site-packages/airflow/example_dags/example_python_operator.py
[2025-01-18T00:14:24.462+0000] {logging_mixin.py:190} INFO - [2025-01-18T00:14:24.462+0000] {dag.py:3239} INFO - Sync 1 DAGs
[2025-01-18T00:14:24.480+0000] {logging_mixin.py:190} INFO - [2025-01-18T00:14:24.480+0000] {dag.py:4180} INFO - Setting next_dagrun for example_python_operator to None, run_after=None
[2025-01-18T00:14:24.504+0000] {processor.py:208} INFO - Processing /home/airflow/.local/lib/python3.12/site-packages/airflow/example_dags/example_python_operator.py took 0.098 seconds
[2025-01-18T00:14:54.865+0000] {processor.py:186} INFO - Started process (PID=19312) to work on /home/airflow/.local/lib/python3.12/site-packages/airflow/example_dags/example_python_operator.py
[2025-01-18T00:14:54.866+0000] {processor.py:914} INFO - Processing file /home/airflow/.local/lib/python3.12/site-packages/airflow/example_dags/example_python_operator.py for tasks to queue
[2025-01-18T00:14:54.869+0000] {logging_mixin.py:190} INFO - [2025-01-18T00:14:54.869+0000] {dagbag.py:588} INFO - Filling up the DagBag from /home/airflow/.local/lib/python3.12/site-packages/airflow/example_dags/example_python_operator.py
[2025-01-18T00:14:54.899+0000] {processor.py:925} INFO - DAG(s) 'example_python_operator' retrieved from /home/airflow/.local/lib/python3.12/site-packages/airflow/example_dags/example_python_operator.py
[2025-01-18T00:14:54.934+0000] {logging_mixin.py:190} INFO - [2025-01-18T00:14:54.934+0000] {dag.py:3239} INFO - Sync 1 DAGs
[2025-01-18T00:14:54.956+0000] {logging_mixin.py:190} INFO - [2025-01-18T00:14:54.956+0000] {dag.py:4180} INFO - Setting next_dagrun for example_python_operator to None, run_after=None
[2025-01-18T00:14:54.984+0000] {processor.py:208} INFO - Processing /home/airflow/.local/lib/python3.12/site-packages/airflow/example_dags/example_python_operator.py took 0.127 seconds
[2025-01-18T00:15:25.433+0000] {processor.py:186} INFO - Started process (PID=19379) to work on /home/airflow/.local/lib/python3.12/site-packages/airflow/example_dags/example_python_operator.py
[2025-01-18T00:15:25.444+0000] {processor.py:914} INFO - Processing file /home/airflow/.local/lib/python3.12/site-packages/airflow/example_dags/example_python_operator.py for tasks to queue
[2025-01-18T00:15:25.446+0000] {logging_mixin.py:190} INFO - [2025-01-18T00:15:25.446+0000] {dagbag.py:588} INFO - Filling up the DagBag from /home/airflow/.local/lib/python3.12/site-packages/airflow/example_dags/example_python_operator.py
[2025-01-18T00:15:25.457+0000] {processor.py:925} INFO - DAG(s) 'example_python_operator' retrieved from /home/airflow/.local/lib/python3.12/site-packages/airflow/example_dags/example_python_operator.py
[2025-01-18T00:15:25.483+0000] {logging_mixin.py:190} INFO - [2025-01-18T00:15:25.482+0000] {dag.py:3239} INFO - Sync 1 DAGs
[2025-01-18T00:15:25.499+0000] {logging_mixin.py:190} INFO - [2025-01-18T00:15:25.498+0000] {dag.py:4180} INFO - Setting next_dagrun for example_python_operator to None, run_after=None
[2025-01-18T00:15:25.524+0000] {processor.py:208} INFO - Processing /home/airflow/.local/lib/python3.12/site-packages/airflow/example_dags/example_python_operator.py took 0.097 seconds
[2025-01-18T00:15:55.687+0000] {processor.py:186} INFO - Started process (PID=19446) to work on /home/airflow/.local/lib/python3.12/site-packages/airflow/example_dags/example_python_operator.py
[2025-01-18T00:15:55.690+0000] {processor.py:914} INFO - Processing file /home/airflow/.local/lib/python3.12/site-packages/airflow/example_dags/example_python_operator.py for tasks to queue
[2025-01-18T00:15:55.692+0000] {logging_mixin.py:190} INFO - [2025-01-18T00:15:55.692+0000] {dagbag.py:588} INFO - Filling up the DagBag from /home/airflow/.local/lib/python3.12/site-packages/airflow/example_dags/example_python_operator.py
[2025-01-18T00:15:55.703+0000] {processor.py:925} INFO - DAG(s) 'example_python_operator' retrieved from /home/airflow/.local/lib/python3.12/site-packages/airflow/example_dags/example_python_operator.py
[2025-01-18T00:15:55.726+0000] {logging_mixin.py:190} INFO - [2025-01-18T00:15:55.726+0000] {dag.py:3239} INFO - Sync 1 DAGs
[2025-01-18T00:15:55.740+0000] {logging_mixin.py:190} INFO - [2025-01-18T00:15:55.740+0000] {dag.py:4180} INFO - Setting next_dagrun for example_python_operator to None, run_after=None
[2025-01-18T00:15:55.764+0000] {processor.py:208} INFO - Processing /home/airflow/.local/lib/python3.12/site-packages/airflow/example_dags/example_python_operator.py took 0.082 seconds
[2025-01-18T00:16:25.869+0000] {processor.py:186} INFO - Started process (PID=19512) to work on /home/airflow/.local/lib/python3.12/site-packages/airflow/example_dags/example_python_operator.py
[2025-01-18T00:16:25.871+0000] {processor.py:914} INFO - Processing file /home/airflow/.local/lib/python3.12/site-packages/airflow/example_dags/example_python_operator.py for tasks to queue
[2025-01-18T00:16:25.873+0000] {logging_mixin.py:190} INFO - [2025-01-18T00:16:25.873+0000] {dagbag.py:588} INFO - Filling up the DagBag from /home/airflow/.local/lib/python3.12/site-packages/airflow/example_dags/example_python_operator.py
[2025-01-18T00:16:25.886+0000] {processor.py:925} INFO - DAG(s) 'example_python_operator' retrieved from /home/airflow/.local/lib/python3.12/site-packages/airflow/example_dags/example_python_operator.py
[2025-01-18T00:16:25.914+0000] {logging_mixin.py:190} INFO - [2025-01-18T00:16:25.914+0000] {dag.py:3239} INFO - Sync 1 DAGs
[2025-01-18T00:16:25.931+0000] {logging_mixin.py:190} INFO - [2025-01-18T00:16:25.931+0000] {dag.py:4180} INFO - Setting next_dagrun for example_python_operator to None, run_after=None
[2025-01-18T00:16:25.959+0000] {processor.py:208} INFO - Processing /home/airflow/.local/lib/python3.12/site-packages/airflow/example_dags/example_python_operator.py took 0.095 seconds
[2025-01-18T00:16:56.495+0000] {processor.py:186} INFO - Started process (PID=19579) to work on /home/airflow/.local/lib/python3.12/site-packages/airflow/example_dags/example_python_operator.py
[2025-01-18T00:16:56.498+0000] {processor.py:914} INFO - Processing file /home/airflow/.local/lib/python3.12/site-packages/airflow/example_dags/example_python_operator.py for tasks to queue
[2025-01-18T00:16:56.501+0000] {logging_mixin.py:190} INFO - [2025-01-18T00:16:56.501+0000] {dagbag.py:588} INFO - Filling up the DagBag from /home/airflow/.local/lib/python3.12/site-packages/airflow/example_dags/example_python_operator.py
[2025-01-18T00:16:56.514+0000] {processor.py:925} INFO - DAG(s) 'example_python_operator' retrieved from /home/airflow/.local/lib/python3.12/site-packages/airflow/example_dags/example_python_operator.py
[2025-01-18T00:16:56.543+0000] {logging_mixin.py:190} INFO - [2025-01-18T00:16:56.543+0000] {dag.py:3239} INFO - Sync 1 DAGs
[2025-01-18T00:16:56.563+0000] {logging_mixin.py:190} INFO - [2025-01-18T00:16:56.563+0000] {dag.py:4180} INFO - Setting next_dagrun for example_python_operator to None, run_after=None
[2025-01-18T00:16:56.592+0000] {processor.py:208} INFO - Processing /home/airflow/.local/lib/python3.12/site-packages/airflow/example_dags/example_python_operator.py took 0.102 seconds
[2025-01-18T00:17:26.652+0000] {processor.py:186} INFO - Started process (PID=19646) to work on /home/airflow/.local/lib/python3.12/site-packages/airflow/example_dags/example_python_operator.py
[2025-01-18T00:17:26.653+0000] {processor.py:914} INFO - Processing file /home/airflow/.local/lib/python3.12/site-packages/airflow/example_dags/example_python_operator.py for tasks to queue
[2025-01-18T00:17:26.656+0000] {logging_mixin.py:190} INFO - [2025-01-18T00:17:26.655+0000] {dagbag.py:588} INFO - Filling up the DagBag from /home/airflow/.local/lib/python3.12/site-packages/airflow/example_dags/example_python_operator.py
[2025-01-18T00:17:26.669+0000] {processor.py:925} INFO - DAG(s) 'example_python_operator' retrieved from /home/airflow/.local/lib/python3.12/site-packages/airflow/example_dags/example_python_operator.py
[2025-01-18T00:17:26.701+0000] {logging_mixin.py:190} INFO - [2025-01-18T00:17:26.701+0000] {dag.py:3239} INFO - Sync 1 DAGs
[2025-01-18T00:17:26.720+0000] {logging_mixin.py:190} INFO - [2025-01-18T00:17:26.720+0000] {dag.py:4180} INFO - Setting next_dagrun for example_python_operator to None, run_after=None
[2025-01-18T00:17:26.753+0000] {processor.py:208} INFO - Processing /home/airflow/.local/lib/python3.12/site-packages/airflow/example_dags/example_python_operator.py took 0.108 seconds
[2025-01-18T00:17:57.554+0000] {processor.py:186} INFO - Started process (PID=19714) to work on /home/airflow/.local/lib/python3.12/site-packages/airflow/example_dags/example_python_operator.py
[2025-01-18T00:17:57.555+0000] {processor.py:914} INFO - Processing file /home/airflow/.local/lib/python3.12/site-packages/airflow/example_dags/example_python_operator.py for tasks to queue
[2025-01-18T00:17:57.558+0000] {logging_mixin.py:190} INFO - [2025-01-18T00:17:57.557+0000] {dagbag.py:588} INFO - Filling up the DagBag from /home/airflow/.local/lib/python3.12/site-packages/airflow/example_dags/example_python_operator.py
[2025-01-18T00:17:57.569+0000] {processor.py:925} INFO - DAG(s) 'example_python_operator' retrieved from /home/airflow/.local/lib/python3.12/site-packages/airflow/example_dags/example_python_operator.py
[2025-01-18T00:17:57.593+0000] {logging_mixin.py:190} INFO - [2025-01-18T00:17:57.593+0000] {dag.py:3239} INFO - Sync 1 DAGs
[2025-01-18T00:17:57.610+0000] {logging_mixin.py:190} INFO - [2025-01-18T00:17:57.610+0000] {dag.py:4180} INFO - Setting next_dagrun for example_python_operator to None, run_after=None
[2025-01-18T00:17:57.638+0000] {processor.py:208} INFO - Processing /home/airflow/.local/lib/python3.12/site-packages/airflow/example_dags/example_python_operator.py took 0.090 seconds
[2025-01-18T00:18:28.240+0000] {processor.py:186} INFO - Started process (PID=19781) to work on /home/airflow/.local/lib/python3.12/site-packages/airflow/example_dags/example_python_operator.py
[2025-01-18T00:18:28.242+0000] {processor.py:914} INFO - Processing file /home/airflow/.local/lib/python3.12/site-packages/airflow/example_dags/example_python_operator.py for tasks to queue
[2025-01-18T00:18:28.244+0000] {logging_mixin.py:190} INFO - [2025-01-18T00:18:28.244+0000] {dagbag.py:588} INFO - Filling up the DagBag from /home/airflow/.local/lib/python3.12/site-packages/airflow/example_dags/example_python_operator.py
[2025-01-18T00:18:28.256+0000] {processor.py:925} INFO - DAG(s) 'example_python_operator' retrieved from /home/airflow/.local/lib/python3.12/site-packages/airflow/example_dags/example_python_operator.py
[2025-01-18T00:18:28.280+0000] {logging_mixin.py:190} INFO - [2025-01-18T00:18:28.280+0000] {dag.py:3239} INFO - Sync 1 DAGs
[2025-01-18T00:18:28.296+0000] {logging_mixin.py:190} INFO - [2025-01-18T00:18:28.296+0000] {dag.py:4180} INFO - Setting next_dagrun for example_python_operator to None, run_after=None
[2025-01-18T00:18:28.321+0000] {processor.py:208} INFO - Processing /home/airflow/.local/lib/python3.12/site-packages/airflow/example_dags/example_python_operator.py took 0.086 seconds
[2025-01-18T00:18:58.431+0000] {processor.py:186} INFO - Started process (PID=19848) to work on /home/airflow/.local/lib/python3.12/site-packages/airflow/example_dags/example_python_operator.py
[2025-01-18T00:18:58.433+0000] {processor.py:914} INFO - Processing file /home/airflow/.local/lib/python3.12/site-packages/airflow/example_dags/example_python_operator.py for tasks to queue
[2025-01-18T00:18:58.435+0000] {logging_mixin.py:190} INFO - [2025-01-18T00:18:58.435+0000] {dagbag.py:588} INFO - Filling up the DagBag from /home/airflow/.local/lib/python3.12/site-packages/airflow/example_dags/example_python_operator.py
[2025-01-18T00:18:58.448+0000] {processor.py:925} INFO - DAG(s) 'example_python_operator' retrieved from /home/airflow/.local/lib/python3.12/site-packages/airflow/example_dags/example_python_operator.py
[2025-01-18T00:18:58.471+0000] {logging_mixin.py:190} INFO - [2025-01-18T00:18:58.471+0000] {dag.py:3239} INFO - Sync 1 DAGs
[2025-01-18T00:18:58.487+0000] {logging_mixin.py:190} INFO - [2025-01-18T00:18:58.487+0000] {dag.py:4180} INFO - Setting next_dagrun for example_python_operator to None, run_after=None
[2025-01-18T00:18:58.514+0000] {processor.py:208} INFO - Processing /home/airflow/.local/lib/python3.12/site-packages/airflow/example_dags/example_python_operator.py took 0.089 seconds
[2025-01-18T00:19:29.119+0000] {processor.py:186} INFO - Started process (PID=19921) to work on /home/airflow/.local/lib/python3.12/site-packages/airflow/example_dags/example_python_operator.py
[2025-01-18T00:19:29.122+0000] {processor.py:914} INFO - Processing file /home/airflow/.local/lib/python3.12/site-packages/airflow/example_dags/example_python_operator.py for tasks to queue
[2025-01-18T00:19:29.124+0000] {logging_mixin.py:190} INFO - [2025-01-18T00:19:29.124+0000] {dagbag.py:588} INFO - Filling up the DagBag from /home/airflow/.local/lib/python3.12/site-packages/airflow/example_dags/example_python_operator.py
[2025-01-18T00:19:29.137+0000] {processor.py:925} INFO - DAG(s) 'example_python_operator' retrieved from /home/airflow/.local/lib/python3.12/site-packages/airflow/example_dags/example_python_operator.py
[2025-01-18T00:19:29.159+0000] {logging_mixin.py:190} INFO - [2025-01-18T00:19:29.159+0000] {dag.py:3239} INFO - Sync 1 DAGs
[2025-01-18T00:19:29.174+0000] {logging_mixin.py:190} INFO - [2025-01-18T00:19:29.173+0000] {dag.py:4180} INFO - Setting next_dagrun for example_python_operator to None, run_after=None
[2025-01-18T00:19:29.195+0000] {processor.py:208} INFO - Processing /home/airflow/.local/lib/python3.12/site-packages/airflow/example_dags/example_python_operator.py took 0.083 seconds
[2025-01-18T00:19:59.727+0000] {processor.py:186} INFO - Started process (PID=19988) to work on /home/airflow/.local/lib/python3.12/site-packages/airflow/example_dags/example_python_operator.py
[2025-01-18T00:19:59.729+0000] {processor.py:914} INFO - Processing file /home/airflow/.local/lib/python3.12/site-packages/airflow/example_dags/example_python_operator.py for tasks to queue
[2025-01-18T00:19:59.731+0000] {logging_mixin.py:190} INFO - [2025-01-18T00:19:59.731+0000] {dagbag.py:588} INFO - Filling up the DagBag from /home/airflow/.local/lib/python3.12/site-packages/airflow/example_dags/example_python_operator.py
[2025-01-18T00:19:59.746+0000] {processor.py:925} INFO - DAG(s) 'example_python_operator' retrieved from /home/airflow/.local/lib/python3.12/site-packages/airflow/example_dags/example_python_operator.py
[2025-01-18T00:19:59.771+0000] {logging_mixin.py:190} INFO - [2025-01-18T00:19:59.771+0000] {dag.py:3239} INFO - Sync 1 DAGs
[2025-01-18T00:19:59.788+0000] {logging_mixin.py:190} INFO - [2025-01-18T00:19:59.788+0000] {dag.py:4180} INFO - Setting next_dagrun for example_python_operator to None, run_after=None
[2025-01-18T00:19:59.814+0000] {processor.py:208} INFO - Processing /home/airflow/.local/lib/python3.12/site-packages/airflow/example_dags/example_python_operator.py took 0.095 seconds
[2025-01-18T00:20:30.192+0000] {processor.py:186} INFO - Started process (PID=20055) to work on /home/airflow/.local/lib/python3.12/site-packages/airflow/example_dags/example_python_operator.py
[2025-01-18T00:20:30.193+0000] {processor.py:914} INFO - Processing file /home/airflow/.local/lib/python3.12/site-packages/airflow/example_dags/example_python_operator.py for tasks to queue
[2025-01-18T00:20:30.196+0000] {logging_mixin.py:190} INFO - [2025-01-18T00:20:30.195+0000] {dagbag.py:588} INFO - Filling up the DagBag from /home/airflow/.local/lib/python3.12/site-packages/airflow/example_dags/example_python_operator.py
[2025-01-18T00:20:30.208+0000] {processor.py:925} INFO - DAG(s) 'example_python_operator' retrieved from /home/airflow/.local/lib/python3.12/site-packages/airflow/example_dags/example_python_operator.py
[2025-01-18T00:20:30.234+0000] {logging_mixin.py:190} INFO - [2025-01-18T00:20:30.234+0000] {dag.py:3239} INFO - Sync 1 DAGs
[2025-01-18T00:20:30.254+0000] {logging_mixin.py:190} INFO - [2025-01-18T00:20:30.254+0000] {dag.py:4180} INFO - Setting next_dagrun for example_python_operator to None, run_after=None
[2025-01-18T00:20:30.281+0000] {processor.py:208} INFO - Processing /home/airflow/.local/lib/python3.12/site-packages/airflow/example_dags/example_python_operator.py took 0.096 seconds
[2025-01-18T00:21:00.920+0000] {processor.py:186} INFO - Started process (PID=20122) to work on /home/airflow/.local/lib/python3.12/site-packages/airflow/example_dags/example_python_operator.py
[2025-01-18T00:21:00.921+0000] {processor.py:914} INFO - Processing file /home/airflow/.local/lib/python3.12/site-packages/airflow/example_dags/example_python_operator.py for tasks to queue
[2025-01-18T00:21:00.924+0000] {logging_mixin.py:190} INFO - [2025-01-18T00:21:00.924+0000] {dagbag.py:588} INFO - Filling up the DagBag from /home/airflow/.local/lib/python3.12/site-packages/airflow/example_dags/example_python_operator.py
[2025-01-18T00:21:00.944+0000] {processor.py:925} INFO - DAG(s) 'example_python_operator' retrieved from /home/airflow/.local/lib/python3.12/site-packages/airflow/example_dags/example_python_operator.py
[2025-01-18T00:21:00.974+0000] {logging_mixin.py:190} INFO - [2025-01-18T00:21:00.974+0000] {dag.py:3239} INFO - Sync 1 DAGs
[2025-01-18T00:21:00.993+0000] {logging_mixin.py:190} INFO - [2025-01-18T00:21:00.993+0000] {dag.py:4180} INFO - Setting next_dagrun for example_python_operator to None, run_after=None
[2025-01-18T00:21:01.016+0000] {processor.py:208} INFO - Processing /home/airflow/.local/lib/python3.12/site-packages/airflow/example_dags/example_python_operator.py took 0.107 seconds
[2025-01-18T00:21:31.338+0000] {processor.py:186} INFO - Started process (PID=20189) to work on /home/airflow/.local/lib/python3.12/site-packages/airflow/example_dags/example_python_operator.py
[2025-01-18T00:21:31.339+0000] {processor.py:914} INFO - Processing file /home/airflow/.local/lib/python3.12/site-packages/airflow/example_dags/example_python_operator.py for tasks to queue
[2025-01-18T00:21:31.342+0000] {logging_mixin.py:190} INFO - [2025-01-18T00:21:31.342+0000] {dagbag.py:588} INFO - Filling up the DagBag from /home/airflow/.local/lib/python3.12/site-packages/airflow/example_dags/example_python_operator.py
[2025-01-18T00:21:31.359+0000] {processor.py:925} INFO - DAG(s) 'example_python_operator' retrieved from /home/airflow/.local/lib/python3.12/site-packages/airflow/example_dags/example_python_operator.py
[2025-01-18T00:21:31.385+0000] {logging_mixin.py:190} INFO - [2025-01-18T00:21:31.385+0000] {dag.py:3239} INFO - Sync 1 DAGs
[2025-01-18T00:21:31.401+0000] {logging_mixin.py:190} INFO - [2025-01-18T00:21:31.400+0000] {dag.py:4180} INFO - Setting next_dagrun for example_python_operator to None, run_after=None
[2025-01-18T00:21:31.422+0000] {processor.py:208} INFO - Processing /home/airflow/.local/lib/python3.12/site-packages/airflow/example_dags/example_python_operator.py took 0.091 seconds
[2025-01-18T00:22:01.779+0000] {processor.py:186} INFO - Started process (PID=20256) to work on /home/airflow/.local/lib/python3.12/site-packages/airflow/example_dags/example_python_operator.py
[2025-01-18T00:22:01.789+0000] {processor.py:914} INFO - Processing file /home/airflow/.local/lib/python3.12/site-packages/airflow/example_dags/example_python_operator.py for tasks to queue
[2025-01-18T00:22:01.792+0000] {logging_mixin.py:190} INFO - [2025-01-18T00:22:01.792+0000] {dagbag.py:588} INFO - Filling up the DagBag from /home/airflow/.local/lib/python3.12/site-packages/airflow/example_dags/example_python_operator.py
[2025-01-18T00:22:01.805+0000] {processor.py:925} INFO - DAG(s) 'example_python_operator' retrieved from /home/airflow/.local/lib/python3.12/site-packages/airflow/example_dags/example_python_operator.py
[2025-01-18T00:22:01.831+0000] {logging_mixin.py:190} INFO - [2025-01-18T00:22:01.830+0000] {dag.py:3239} INFO - Sync 1 DAGs
[2025-01-18T00:22:01.848+0000] {logging_mixin.py:190} INFO - [2025-01-18T00:22:01.848+0000] {dag.py:4180} INFO - Setting next_dagrun for example_python_operator to None, run_after=None
[2025-01-18T00:22:01.872+0000] {processor.py:208} INFO - Processing /home/airflow/.local/lib/python3.12/site-packages/airflow/example_dags/example_python_operator.py took 0.098 seconds
[2025-01-18T00:22:32.491+0000] {processor.py:186} INFO - Started process (PID=20323) to work on /home/airflow/.local/lib/python3.12/site-packages/airflow/example_dags/example_python_operator.py
[2025-01-18T00:22:32.493+0000] {processor.py:914} INFO - Processing file /home/airflow/.local/lib/python3.12/site-packages/airflow/example_dags/example_python_operator.py for tasks to queue
[2025-01-18T00:22:32.495+0000] {logging_mixin.py:190} INFO - [2025-01-18T00:22:32.495+0000] {dagbag.py:588} INFO - Filling up the DagBag from /home/airflow/.local/lib/python3.12/site-packages/airflow/example_dags/example_python_operator.py
[2025-01-18T00:22:32.507+0000] {processor.py:925} INFO - DAG(s) 'example_python_operator' retrieved from /home/airflow/.local/lib/python3.12/site-packages/airflow/example_dags/example_python_operator.py
[2025-01-18T00:22:32.530+0000] {logging_mixin.py:190} INFO - [2025-01-18T00:22:32.529+0000] {dag.py:3239} INFO - Sync 1 DAGs
[2025-01-18T00:22:32.545+0000] {logging_mixin.py:190} INFO - [2025-01-18T00:22:32.545+0000] {dag.py:4180} INFO - Setting next_dagrun for example_python_operator to None, run_after=None
[2025-01-18T00:22:32.570+0000] {processor.py:208} INFO - Processing /home/airflow/.local/lib/python3.12/site-packages/airflow/example_dags/example_python_operator.py took 0.085 seconds
[2025-01-18T00:23:02.838+0000] {processor.py:186} INFO - Started process (PID=20390) to work on /home/airflow/.local/lib/python3.12/site-packages/airflow/example_dags/example_python_operator.py
[2025-01-18T00:23:02.841+0000] {processor.py:914} INFO - Processing file /home/airflow/.local/lib/python3.12/site-packages/airflow/example_dags/example_python_operator.py for tasks to queue
[2025-01-18T00:23:02.843+0000] {logging_mixin.py:190} INFO - [2025-01-18T00:23:02.843+0000] {dagbag.py:588} INFO - Filling up the DagBag from /home/airflow/.local/lib/python3.12/site-packages/airflow/example_dags/example_python_operator.py
[2025-01-18T00:23:02.856+0000] {processor.py:925} INFO - DAG(s) 'example_python_operator' retrieved from /home/airflow/.local/lib/python3.12/site-packages/airflow/example_dags/example_python_operator.py
[2025-01-18T00:23:02.882+0000] {logging_mixin.py:190} INFO - [2025-01-18T00:23:02.881+0000] {dag.py:3239} INFO - Sync 1 DAGs
[2025-01-18T00:23:02.898+0000] {logging_mixin.py:190} INFO - [2025-01-18T00:23:02.898+0000] {dag.py:4180} INFO - Setting next_dagrun for example_python_operator to None, run_after=None
[2025-01-18T00:23:02.923+0000] {processor.py:208} INFO - Processing /home/airflow/.local/lib/python3.12/site-packages/airflow/example_dags/example_python_operator.py took 0.090 seconds
[2025-01-18T00:23:33.388+0000] {processor.py:186} INFO - Started process (PID=20457) to work on /home/airflow/.local/lib/python3.12/site-packages/airflow/example_dags/example_python_operator.py
[2025-01-18T00:23:33.391+0000] {processor.py:914} INFO - Processing file /home/airflow/.local/lib/python3.12/site-packages/airflow/example_dags/example_python_operator.py for tasks to queue
[2025-01-18T00:23:33.393+0000] {logging_mixin.py:190} INFO - [2025-01-18T00:23:33.392+0000] {dagbag.py:588} INFO - Filling up the DagBag from /home/airflow/.local/lib/python3.12/site-packages/airflow/example_dags/example_python_operator.py
[2025-01-18T00:23:33.404+0000] {processor.py:925} INFO - DAG(s) 'example_python_operator' retrieved from /home/airflow/.local/lib/python3.12/site-packages/airflow/example_dags/example_python_operator.py
[2025-01-18T00:23:33.429+0000] {logging_mixin.py:190} INFO - [2025-01-18T00:23:33.429+0000] {dag.py:3239} INFO - Sync 1 DAGs
[2025-01-18T00:23:33.447+0000] {logging_mixin.py:190} INFO - [2025-01-18T00:23:33.447+0000] {dag.py:4180} INFO - Setting next_dagrun for example_python_operator to None, run_after=None
[2025-01-18T00:23:33.471+0000] {processor.py:208} INFO - Processing /home/airflow/.local/lib/python3.12/site-packages/airflow/example_dags/example_python_operator.py took 0.088 seconds
[2025-01-18T00:24:03.697+0000] {processor.py:186} INFO - Started process (PID=20530) to work on /home/airflow/.local/lib/python3.12/site-packages/airflow/example_dags/example_python_operator.py
[2025-01-18T00:24:03.699+0000] {processor.py:914} INFO - Processing file /home/airflow/.local/lib/python3.12/site-packages/airflow/example_dags/example_python_operator.py for tasks to queue
[2025-01-18T00:24:03.702+0000] {logging_mixin.py:190} INFO - [2025-01-18T00:24:03.701+0000] {dagbag.py:588} INFO - Filling up the DagBag from /home/airflow/.local/lib/python3.12/site-packages/airflow/example_dags/example_python_operator.py
[2025-01-18T00:24:03.717+0000] {processor.py:925} INFO - DAG(s) 'example_python_operator' retrieved from /home/airflow/.local/lib/python3.12/site-packages/airflow/example_dags/example_python_operator.py
[2025-01-18T00:24:03.745+0000] {logging_mixin.py:190} INFO - [2025-01-18T00:24:03.745+0000] {dag.py:3239} INFO - Sync 1 DAGs
[2025-01-18T00:24:03.765+0000] {logging_mixin.py:190} INFO - [2025-01-18T00:24:03.765+0000] {dag.py:4180} INFO - Setting next_dagrun for example_python_operator to None, run_after=None
[2025-01-18T00:24:03.793+0000] {processor.py:208} INFO - Processing /home/airflow/.local/lib/python3.12/site-packages/airflow/example_dags/example_python_operator.py took 0.103 seconds
[2025-01-18T00:24:34.114+0000] {processor.py:186} INFO - Started process (PID=20597) to work on /home/airflow/.local/lib/python3.12/site-packages/airflow/example_dags/example_python_operator.py
[2025-01-18T00:24:34.115+0000] {processor.py:914} INFO - Processing file /home/airflow/.local/lib/python3.12/site-packages/airflow/example_dags/example_python_operator.py for tasks to queue
[2025-01-18T00:24:34.117+0000] {logging_mixin.py:190} INFO - [2025-01-18T00:24:34.117+0000] {dagbag.py:588} INFO - Filling up the DagBag from /home/airflow/.local/lib/python3.12/site-packages/airflow/example_dags/example_python_operator.py
[2025-01-18T00:24:34.128+0000] {processor.py:925} INFO - DAG(s) 'example_python_operator' retrieved from /home/airflow/.local/lib/python3.12/site-packages/airflow/example_dags/example_python_operator.py
[2025-01-18T00:24:34.150+0000] {logging_mixin.py:190} INFO - [2025-01-18T00:24:34.149+0000] {dag.py:3239} INFO - Sync 1 DAGs
[2025-01-18T00:24:34.164+0000] {logging_mixin.py:190} INFO - [2025-01-18T00:24:34.164+0000] {dag.py:4180} INFO - Setting next_dagrun for example_python_operator to None, run_after=None
[2025-01-18T00:24:34.183+0000] {processor.py:208} INFO - Processing /home/airflow/.local/lib/python3.12/site-packages/airflow/example_dags/example_python_operator.py took 0.073 seconds
[2025-01-18T00:25:04.240+0000] {processor.py:186} INFO - Started process (PID=20664) to work on /home/airflow/.local/lib/python3.12/site-packages/airflow/example_dags/example_python_operator.py
[2025-01-18T00:25:04.243+0000] {processor.py:914} INFO - Processing file /home/airflow/.local/lib/python3.12/site-packages/airflow/example_dags/example_python_operator.py for tasks to queue
[2025-01-18T00:25:04.247+0000] {logging_mixin.py:190} INFO - [2025-01-18T00:25:04.246+0000] {dagbag.py:588} INFO - Filling up the DagBag from /home/airflow/.local/lib/python3.12/site-packages/airflow/example_dags/example_python_operator.py
[2025-01-18T00:25:04.261+0000] {processor.py:925} INFO - DAG(s) 'example_python_operator' retrieved from /home/airflow/.local/lib/python3.12/site-packages/airflow/example_dags/example_python_operator.py
[2025-01-18T00:25:04.291+0000] {logging_mixin.py:190} INFO - [2025-01-18T00:25:04.290+0000] {dag.py:3239} INFO - Sync 1 DAGs
[2025-01-18T00:25:04.309+0000] {logging_mixin.py:190} INFO - [2025-01-18T00:25:04.308+0000] {dag.py:4180} INFO - Setting next_dagrun for example_python_operator to None, run_after=None
[2025-01-18T00:25:04.332+0000] {processor.py:208} INFO - Processing /home/airflow/.local/lib/python3.12/site-packages/airflow/example_dags/example_python_operator.py took 0.099 seconds
[2025-01-18T00:25:35.200+0000] {processor.py:186} INFO - Started process (PID=20731) to work on /home/airflow/.local/lib/python3.12/site-packages/airflow/example_dags/example_python_operator.py
[2025-01-18T00:25:35.201+0000] {processor.py:914} INFO - Processing file /home/airflow/.local/lib/python3.12/site-packages/airflow/example_dags/example_python_operator.py for tasks to queue
[2025-01-18T00:25:35.203+0000] {logging_mixin.py:190} INFO - [2025-01-18T00:25:35.203+0000] {dagbag.py:588} INFO - Filling up the DagBag from /home/airflow/.local/lib/python3.12/site-packages/airflow/example_dags/example_python_operator.py
[2025-01-18T00:25:35.215+0000] {processor.py:925} INFO - DAG(s) 'example_python_operator' retrieved from /home/airflow/.local/lib/python3.12/site-packages/airflow/example_dags/example_python_operator.py
[2025-01-18T00:25:35.238+0000] {logging_mixin.py:190} INFO - [2025-01-18T00:25:35.238+0000] {dag.py:3239} INFO - Sync 1 DAGs
[2025-01-18T00:25:35.254+0000] {logging_mixin.py:190} INFO - [2025-01-18T00:25:35.254+0000] {dag.py:4180} INFO - Setting next_dagrun for example_python_operator to None, run_after=None
[2025-01-18T00:25:35.277+0000] {processor.py:208} INFO - Processing /home/airflow/.local/lib/python3.12/site-packages/airflow/example_dags/example_python_operator.py took 0.083 seconds
[2025-01-18T00:26:05.937+0000] {processor.py:186} INFO - Started process (PID=20798) to work on /home/airflow/.local/lib/python3.12/site-packages/airflow/example_dags/example_python_operator.py
[2025-01-18T00:26:05.938+0000] {processor.py:914} INFO - Processing file /home/airflow/.local/lib/python3.12/site-packages/airflow/example_dags/example_python_operator.py for tasks to queue
[2025-01-18T00:26:05.941+0000] {logging_mixin.py:190} INFO - [2025-01-18T00:26:05.941+0000] {dagbag.py:588} INFO - Filling up the DagBag from /home/airflow/.local/lib/python3.12/site-packages/airflow/example_dags/example_python_operator.py
[2025-01-18T00:26:05.961+0000] {processor.py:925} INFO - DAG(s) 'example_python_operator' retrieved from /home/airflow/.local/lib/python3.12/site-packages/airflow/example_dags/example_python_operator.py
[2025-01-18T00:26:05.998+0000] {logging_mixin.py:190} INFO - [2025-01-18T00:26:05.997+0000] {dag.py:3239} INFO - Sync 1 DAGs
[2025-01-18T00:26:06.021+0000] {logging_mixin.py:190} INFO - [2025-01-18T00:26:06.020+0000] {dag.py:4180} INFO - Setting next_dagrun for example_python_operator to None, run_after=None
[2025-01-18T00:26:06.048+0000] {processor.py:208} INFO - Processing /home/airflow/.local/lib/python3.12/site-packages/airflow/example_dags/example_python_operator.py took 0.119 seconds
[2025-01-18T00:26:36.452+0000] {processor.py:186} INFO - Started process (PID=20865) to work on /home/airflow/.local/lib/python3.12/site-packages/airflow/example_dags/example_python_operator.py
[2025-01-18T00:26:36.454+0000] {processor.py:914} INFO - Processing file /home/airflow/.local/lib/python3.12/site-packages/airflow/example_dags/example_python_operator.py for tasks to queue
[2025-01-18T00:26:36.457+0000] {logging_mixin.py:190} INFO - [2025-01-18T00:26:36.456+0000] {dagbag.py:588} INFO - Filling up the DagBag from /home/airflow/.local/lib/python3.12/site-packages/airflow/example_dags/example_python_operator.py
[2025-01-18T00:26:36.473+0000] {processor.py:925} INFO - DAG(s) 'example_python_operator' retrieved from /home/airflow/.local/lib/python3.12/site-packages/airflow/example_dags/example_python_operator.py
[2025-01-18T00:26:36.501+0000] {logging_mixin.py:190} INFO - [2025-01-18T00:26:36.500+0000] {dag.py:3239} INFO - Sync 1 DAGs
[2025-01-18T00:26:36.516+0000] {logging_mixin.py:190} INFO - [2025-01-18T00:26:36.516+0000] {dag.py:4180} INFO - Setting next_dagrun for example_python_operator to None, run_after=None
[2025-01-18T00:26:36.539+0000] {processor.py:208} INFO - Processing /home/airflow/.local/lib/python3.12/site-packages/airflow/example_dags/example_python_operator.py took 0.094 seconds
[2025-01-18T00:27:07.246+0000] {processor.py:186} INFO - Started process (PID=20932) to work on /home/airflow/.local/lib/python3.12/site-packages/airflow/example_dags/example_python_operator.py
[2025-01-18T00:27:07.247+0000] {processor.py:914} INFO - Processing file /home/airflow/.local/lib/python3.12/site-packages/airflow/example_dags/example_python_operator.py for tasks to queue
[2025-01-18T00:27:07.250+0000] {logging_mixin.py:190} INFO - [2025-01-18T00:27:07.250+0000] {dagbag.py:588} INFO - Filling up the DagBag from /home/airflow/.local/lib/python3.12/site-packages/airflow/example_dags/example_python_operator.py
[2025-01-18T00:27:07.263+0000] {processor.py:925} INFO - DAG(s) 'example_python_operator' retrieved from /home/airflow/.local/lib/python3.12/site-packages/airflow/example_dags/example_python_operator.py
[2025-01-18T00:27:07.292+0000] {logging_mixin.py:190} INFO - [2025-01-18T00:27:07.292+0000] {dag.py:3239} INFO - Sync 1 DAGs
[2025-01-18T00:27:07.323+0000] {logging_mixin.py:190} INFO - [2025-01-18T00:27:07.322+0000] {dag.py:4180} INFO - Setting next_dagrun for example_python_operator to None, run_after=None
[2025-01-18T00:27:07.354+0000] {processor.py:208} INFO - Processing /home/airflow/.local/lib/python3.12/site-packages/airflow/example_dags/example_python_operator.py took 0.113 seconds
[2025-01-18T00:27:38.001+0000] {processor.py:186} INFO - Started process (PID=20999) to work on /home/airflow/.local/lib/python3.12/site-packages/airflow/example_dags/example_python_operator.py
[2025-01-18T00:27:38.003+0000] {processor.py:914} INFO - Processing file /home/airflow/.local/lib/python3.12/site-packages/airflow/example_dags/example_python_operator.py for tasks to queue
[2025-01-18T00:27:38.007+0000] {logging_mixin.py:190} INFO - [2025-01-18T00:27:38.006+0000] {dagbag.py:588} INFO - Filling up the DagBag from /home/airflow/.local/lib/python3.12/site-packages/airflow/example_dags/example_python_operator.py
[2025-01-18T00:27:38.027+0000] {processor.py:925} INFO - DAG(s) 'example_python_operator' retrieved from /home/airflow/.local/lib/python3.12/site-packages/airflow/example_dags/example_python_operator.py
[2025-01-18T00:27:38.065+0000] {logging_mixin.py:190} INFO - [2025-01-18T00:27:38.064+0000] {dag.py:3239} INFO - Sync 1 DAGs
[2025-01-18T00:27:38.087+0000] {logging_mixin.py:190} INFO - [2025-01-18T00:27:38.086+0000] {dag.py:4180} INFO - Setting next_dagrun for example_python_operator to None, run_after=None
[2025-01-18T00:27:38.113+0000] {processor.py:208} INFO - Processing /home/airflow/.local/lib/python3.12/site-packages/airflow/example_dags/example_python_operator.py took 0.120 seconds
[2025-01-18T00:28:08.439+0000] {processor.py:186} INFO - Started process (PID=21071) to work on /home/airflow/.local/lib/python3.12/site-packages/airflow/example_dags/example_python_operator.py
[2025-01-18T00:28:08.440+0000] {processor.py:914} INFO - Processing file /home/airflow/.local/lib/python3.12/site-packages/airflow/example_dags/example_python_operator.py for tasks to queue
[2025-01-18T00:28:08.443+0000] {logging_mixin.py:190} INFO - [2025-01-18T00:28:08.443+0000] {dagbag.py:588} INFO - Filling up the DagBag from /home/airflow/.local/lib/python3.12/site-packages/airflow/example_dags/example_python_operator.py
[2025-01-18T00:28:08.457+0000] {processor.py:925} INFO - DAG(s) 'example_python_operator' retrieved from /home/airflow/.local/lib/python3.12/site-packages/airflow/example_dags/example_python_operator.py
[2025-01-18T00:28:08.484+0000] {logging_mixin.py:190} INFO - [2025-01-18T00:28:08.484+0000] {dag.py:3239} INFO - Sync 1 DAGs
[2025-01-18T00:28:08.504+0000] {logging_mixin.py:190} INFO - [2025-01-18T00:28:08.504+0000] {dag.py:4180} INFO - Setting next_dagrun for example_python_operator to None, run_after=None
[2025-01-18T00:28:08.531+0000] {processor.py:208} INFO - Processing /home/airflow/.local/lib/python3.12/site-packages/airflow/example_dags/example_python_operator.py took 0.099 seconds
[2025-01-18T00:28:39.021+0000] {processor.py:186} INFO - Started process (PID=21137) to work on /home/airflow/.local/lib/python3.12/site-packages/airflow/example_dags/example_python_operator.py
[2025-01-18T00:28:39.023+0000] {processor.py:914} INFO - Processing file /home/airflow/.local/lib/python3.12/site-packages/airflow/example_dags/example_python_operator.py for tasks to queue
[2025-01-18T00:28:39.025+0000] {logging_mixin.py:190} INFO - [2025-01-18T00:28:39.025+0000] {dagbag.py:588} INFO - Filling up the DagBag from /home/airflow/.local/lib/python3.12/site-packages/airflow/example_dags/example_python_operator.py
[2025-01-18T00:28:39.040+0000] {processor.py:925} INFO - DAG(s) 'example_python_operator' retrieved from /home/airflow/.local/lib/python3.12/site-packages/airflow/example_dags/example_python_operator.py
[2025-01-18T00:28:39.067+0000] {logging_mixin.py:190} INFO - [2025-01-18T00:28:39.067+0000] {dag.py:3239} INFO - Sync 1 DAGs
[2025-01-18T00:28:39.087+0000] {logging_mixin.py:190} INFO - [2025-01-18T00:28:39.086+0000] {dag.py:4180} INFO - Setting next_dagrun for example_python_operator to None, run_after=None
[2025-01-18T00:28:39.115+0000] {processor.py:208} INFO - Processing /home/airflow/.local/lib/python3.12/site-packages/airflow/example_dags/example_python_operator.py took 0.099 seconds
[2025-01-18T00:29:09.491+0000] {processor.py:186} INFO - Started process (PID=21204) to work on /home/airflow/.local/lib/python3.12/site-packages/airflow/example_dags/example_python_operator.py
[2025-01-18T00:29:09.494+0000] {processor.py:914} INFO - Processing file /home/airflow/.local/lib/python3.12/site-packages/airflow/example_dags/example_python_operator.py for tasks to queue
[2025-01-18T00:29:09.496+0000] {logging_mixin.py:190} INFO - [2025-01-18T00:29:09.496+0000] {dagbag.py:588} INFO - Filling up the DagBag from /home/airflow/.local/lib/python3.12/site-packages/airflow/example_dags/example_python_operator.py
[2025-01-18T00:29:09.510+0000] {processor.py:925} INFO - DAG(s) 'example_python_operator' retrieved from /home/airflow/.local/lib/python3.12/site-packages/airflow/example_dags/example_python_operator.py
[2025-01-18T00:29:09.536+0000] {logging_mixin.py:190} INFO - [2025-01-18T00:29:09.536+0000] {dag.py:3239} INFO - Sync 1 DAGs
[2025-01-18T00:29:09.554+0000] {logging_mixin.py:190} INFO - [2025-01-18T00:29:09.554+0000] {dag.py:4180} INFO - Setting next_dagrun for example_python_operator to None, run_after=None
[2025-01-18T00:29:09.579+0000] {processor.py:208} INFO - Processing /home/airflow/.local/lib/python3.12/site-packages/airflow/example_dags/example_python_operator.py took 0.096 seconds
[2025-01-18T00:29:39.624+0000] {processor.py:186} INFO - Started process (PID=21271) to work on /home/airflow/.local/lib/python3.12/site-packages/airflow/example_dags/example_python_operator.py
[2025-01-18T00:29:39.626+0000] {processor.py:914} INFO - Processing file /home/airflow/.local/lib/python3.12/site-packages/airflow/example_dags/example_python_operator.py for tasks to queue
[2025-01-18T00:29:39.628+0000] {logging_mixin.py:190} INFO - [2025-01-18T00:29:39.628+0000] {dagbag.py:588} INFO - Filling up the DagBag from /home/airflow/.local/lib/python3.12/site-packages/airflow/example_dags/example_python_operator.py
[2025-01-18T00:29:39.640+0000] {processor.py:925} INFO - DAG(s) 'example_python_operator' retrieved from /home/airflow/.local/lib/python3.12/site-packages/airflow/example_dags/example_python_operator.py
[2025-01-18T00:29:39.663+0000] {logging_mixin.py:190} INFO - [2025-01-18T00:29:39.663+0000] {dag.py:3239} INFO - Sync 1 DAGs
[2025-01-18T00:29:39.677+0000] {logging_mixin.py:190} INFO - [2025-01-18T00:29:39.677+0000] {dag.py:4180} INFO - Setting next_dagrun for example_python_operator to None, run_after=None
[2025-01-18T00:29:39.703+0000] {processor.py:208} INFO - Processing /home/airflow/.local/lib/python3.12/site-packages/airflow/example_dags/example_python_operator.py took 0.085 seconds
[2025-01-18T00:30:09.896+0000] {processor.py:186} INFO - Started process (PID=21338) to work on /home/airflow/.local/lib/python3.12/site-packages/airflow/example_dags/example_python_operator.py
[2025-01-18T00:30:09.899+0000] {processor.py:914} INFO - Processing file /home/airflow/.local/lib/python3.12/site-packages/airflow/example_dags/example_python_operator.py for tasks to queue
[2025-01-18T00:30:09.902+0000] {logging_mixin.py:190} INFO - [2025-01-18T00:30:09.902+0000] {dagbag.py:588} INFO - Filling up the DagBag from /home/airflow/.local/lib/python3.12/site-packages/airflow/example_dags/example_python_operator.py
[2025-01-18T00:30:09.917+0000] {processor.py:925} INFO - DAG(s) 'example_python_operator' retrieved from /home/airflow/.local/lib/python3.12/site-packages/airflow/example_dags/example_python_operator.py
[2025-01-18T00:30:09.946+0000] {logging_mixin.py:190} INFO - [2025-01-18T00:30:09.946+0000] {dag.py:3239} INFO - Sync 1 DAGs
[2025-01-18T00:30:09.965+0000] {logging_mixin.py:190} INFO - [2025-01-18T00:30:09.965+0000] {dag.py:4180} INFO - Setting next_dagrun for example_python_operator to None, run_after=None
[2025-01-18T00:30:09.990+0000] {processor.py:208} INFO - Processing /home/airflow/.local/lib/python3.12/site-packages/airflow/example_dags/example_python_operator.py took 0.100 seconds
[2025-01-18T00:30:40.574+0000] {processor.py:186} INFO - Started process (PID=21405) to work on /home/airflow/.local/lib/python3.12/site-packages/airflow/example_dags/example_python_operator.py
[2025-01-18T00:30:40.584+0000] {processor.py:914} INFO - Processing file /home/airflow/.local/lib/python3.12/site-packages/airflow/example_dags/example_python_operator.py for tasks to queue
[2025-01-18T00:30:40.586+0000] {logging_mixin.py:190} INFO - [2025-01-18T00:30:40.586+0000] {dagbag.py:588} INFO - Filling up the DagBag from /home/airflow/.local/lib/python3.12/site-packages/airflow/example_dags/example_python_operator.py
[2025-01-18T00:30:40.597+0000] {processor.py:925} INFO - DAG(s) 'example_python_operator' retrieved from /home/airflow/.local/lib/python3.12/site-packages/airflow/example_dags/example_python_operator.py
[2025-01-18T00:30:40.620+0000] {logging_mixin.py:190} INFO - [2025-01-18T00:30:40.620+0000] {dag.py:3239} INFO - Sync 1 DAGs
[2025-01-18T00:30:40.637+0000] {logging_mixin.py:190} INFO - [2025-01-18T00:30:40.637+0000] {dag.py:4180} INFO - Setting next_dagrun for example_python_operator to None, run_after=None
[2025-01-18T00:30:40.661+0000] {processor.py:208} INFO - Processing /home/airflow/.local/lib/python3.12/site-packages/airflow/example_dags/example_python_operator.py took 0.092 seconds
[2025-01-18T00:31:11.376+0000] {processor.py:186} INFO - Started process (PID=21472) to work on /home/airflow/.local/lib/python3.12/site-packages/airflow/example_dags/example_python_operator.py
[2025-01-18T00:31:11.378+0000] {processor.py:914} INFO - Processing file /home/airflow/.local/lib/python3.12/site-packages/airflow/example_dags/example_python_operator.py for tasks to queue
[2025-01-18T00:31:11.380+0000] {logging_mixin.py:190} INFO - [2025-01-18T00:31:11.380+0000] {dagbag.py:588} INFO - Filling up the DagBag from /home/airflow/.local/lib/python3.12/site-packages/airflow/example_dags/example_python_operator.py
[2025-01-18T00:31:11.391+0000] {processor.py:925} INFO - DAG(s) 'example_python_operator' retrieved from /home/airflow/.local/lib/python3.12/site-packages/airflow/example_dags/example_python_operator.py
[2025-01-18T00:31:11.416+0000] {logging_mixin.py:190} INFO - [2025-01-18T00:31:11.416+0000] {dag.py:3239} INFO - Sync 1 DAGs
[2025-01-18T00:31:11.433+0000] {logging_mixin.py:190} INFO - [2025-01-18T00:31:11.433+0000] {dag.py:4180} INFO - Setting next_dagrun for example_python_operator to None, run_after=None
[2025-01-18T00:31:11.458+0000] {processor.py:208} INFO - Processing /home/airflow/.local/lib/python3.12/site-packages/airflow/example_dags/example_python_operator.py took 0.088 seconds
[2025-01-18T00:31:41.807+0000] {processor.py:186} INFO - Started process (PID=21539) to work on /home/airflow/.local/lib/python3.12/site-packages/airflow/example_dags/example_python_operator.py
[2025-01-18T00:31:41.809+0000] {processor.py:914} INFO - Processing file /home/airflow/.local/lib/python3.12/site-packages/airflow/example_dags/example_python_operator.py for tasks to queue
[2025-01-18T00:31:41.811+0000] {logging_mixin.py:190} INFO - [2025-01-18T00:31:41.811+0000] {dagbag.py:588} INFO - Filling up the DagBag from /home/airflow/.local/lib/python3.12/site-packages/airflow/example_dags/example_python_operator.py
[2025-01-18T00:31:41.825+0000] {processor.py:925} INFO - DAG(s) 'example_python_operator' retrieved from /home/airflow/.local/lib/python3.12/site-packages/airflow/example_dags/example_python_operator.py
[2025-01-18T00:31:41.853+0000] {logging_mixin.py:190} INFO - [2025-01-18T00:31:41.852+0000] {dag.py:3239} INFO - Sync 1 DAGs
[2025-01-18T00:31:41.873+0000] {logging_mixin.py:190} INFO - [2025-01-18T00:31:41.873+0000] {dag.py:4180} INFO - Setting next_dagrun for example_python_operator to None, run_after=None
[2025-01-18T00:31:41.903+0000] {processor.py:208} INFO - Processing /home/airflow/.local/lib/python3.12/site-packages/airflow/example_dags/example_python_operator.py took 0.103 seconds
[2025-01-18T00:32:12.270+0000] {processor.py:186} INFO - Started process (PID=21606) to work on /home/airflow/.local/lib/python3.12/site-packages/airflow/example_dags/example_python_operator.py
[2025-01-18T00:32:12.271+0000] {processor.py:914} INFO - Processing file /home/airflow/.local/lib/python3.12/site-packages/airflow/example_dags/example_python_operator.py for tasks to queue
[2025-01-18T00:32:12.274+0000] {logging_mixin.py:190} INFO - [2025-01-18T00:32:12.273+0000] {dagbag.py:588} INFO - Filling up the DagBag from /home/airflow/.local/lib/python3.12/site-packages/airflow/example_dags/example_python_operator.py
[2025-01-18T00:32:12.289+0000] {processor.py:925} INFO - DAG(s) 'example_python_operator' retrieved from /home/airflow/.local/lib/python3.12/site-packages/airflow/example_dags/example_python_operator.py
[2025-01-18T00:32:12.318+0000] {logging_mixin.py:190} INFO - [2025-01-18T00:32:12.317+0000] {dag.py:3239} INFO - Sync 1 DAGs
[2025-01-18T00:32:12.341+0000] {logging_mixin.py:190} INFO - [2025-01-18T00:32:12.341+0000] {dag.py:4180} INFO - Setting next_dagrun for example_python_operator to None, run_after=None
[2025-01-18T00:32:12.369+0000] {processor.py:208} INFO - Processing /home/airflow/.local/lib/python3.12/site-packages/airflow/example_dags/example_python_operator.py took 0.106 seconds
[2025-01-18T00:32:42.412+0000] {processor.py:186} INFO - Started process (PID=21678) to work on /home/airflow/.local/lib/python3.12/site-packages/airflow/example_dags/example_python_operator.py
[2025-01-18T00:32:42.413+0000] {processor.py:914} INFO - Processing file /home/airflow/.local/lib/python3.12/site-packages/airflow/example_dags/example_python_operator.py for tasks to queue
[2025-01-18T00:32:42.415+0000] {logging_mixin.py:190} INFO - [2025-01-18T00:32:42.415+0000] {dagbag.py:588} INFO - Filling up the DagBag from /home/airflow/.local/lib/python3.12/site-packages/airflow/example_dags/example_python_operator.py
[2025-01-18T00:32:42.428+0000] {processor.py:925} INFO - DAG(s) 'example_python_operator' retrieved from /home/airflow/.local/lib/python3.12/site-packages/airflow/example_dags/example_python_operator.py
[2025-01-18T00:32:42.453+0000] {logging_mixin.py:190} INFO - [2025-01-18T00:32:42.452+0000] {dag.py:3239} INFO - Sync 1 DAGs
[2025-01-18T00:32:42.468+0000] {logging_mixin.py:190} INFO - [2025-01-18T00:32:42.467+0000] {dag.py:4180} INFO - Setting next_dagrun for example_python_operator to None, run_after=None
[2025-01-18T00:32:42.488+0000] {processor.py:208} INFO - Processing /home/airflow/.local/lib/python3.12/site-packages/airflow/example_dags/example_python_operator.py took 0.082 seconds
[2025-01-18T00:33:13.215+0000] {processor.py:186} INFO - Started process (PID=21742) to work on /home/airflow/.local/lib/python3.12/site-packages/airflow/example_dags/example_python_operator.py
[2025-01-18T00:33:13.216+0000] {processor.py:914} INFO - Processing file /home/airflow/.local/lib/python3.12/site-packages/airflow/example_dags/example_python_operator.py for tasks to queue
[2025-01-18T00:33:13.218+0000] {logging_mixin.py:190} INFO - [2025-01-18T00:33:13.218+0000] {dagbag.py:588} INFO - Filling up the DagBag from /home/airflow/.local/lib/python3.12/site-packages/airflow/example_dags/example_python_operator.py
[2025-01-18T00:33:13.230+0000] {processor.py:925} INFO - DAG(s) 'example_python_operator' retrieved from /home/airflow/.local/lib/python3.12/site-packages/airflow/example_dags/example_python_operator.py
[2025-01-18T00:33:13.253+0000] {logging_mixin.py:190} INFO - [2025-01-18T00:33:13.252+0000] {dag.py:3239} INFO - Sync 1 DAGs
[2025-01-18T00:33:13.268+0000] {logging_mixin.py:190} INFO - [2025-01-18T00:33:13.268+0000] {dag.py:4180} INFO - Setting next_dagrun for example_python_operator to None, run_after=None
[2025-01-18T00:33:13.292+0000] {processor.py:208} INFO - Processing /home/airflow/.local/lib/python3.12/site-packages/airflow/example_dags/example_python_operator.py took 0.082 seconds
[2025-01-18T00:33:43.780+0000] {processor.py:186} INFO - Started process (PID=21809) to work on /home/airflow/.local/lib/python3.12/site-packages/airflow/example_dags/example_python_operator.py
[2025-01-18T00:33:43.781+0000] {processor.py:914} INFO - Processing file /home/airflow/.local/lib/python3.12/site-packages/airflow/example_dags/example_python_operator.py for tasks to queue
[2025-01-18T00:33:43.784+0000] {logging_mixin.py:190} INFO - [2025-01-18T00:33:43.783+0000] {dagbag.py:588} INFO - Filling up the DagBag from /home/airflow/.local/lib/python3.12/site-packages/airflow/example_dags/example_python_operator.py
[2025-01-18T00:33:43.800+0000] {processor.py:925} INFO - DAG(s) 'example_python_operator' retrieved from /home/airflow/.local/lib/python3.12/site-packages/airflow/example_dags/example_python_operator.py
[2025-01-18T00:33:43.829+0000] {logging_mixin.py:190} INFO - [2025-01-18T00:33:43.829+0000] {dag.py:3239} INFO - Sync 1 DAGs
[2025-01-18T00:33:43.849+0000] {logging_mixin.py:190} INFO - [2025-01-18T00:33:43.849+0000] {dag.py:4180} INFO - Setting next_dagrun for example_python_operator to None, run_after=None
[2025-01-18T00:33:43.875+0000] {processor.py:208} INFO - Processing /home/airflow/.local/lib/python3.12/site-packages/airflow/example_dags/example_python_operator.py took 0.102 seconds
[2025-01-18T00:34:14.302+0000] {processor.py:186} INFO - Started process (PID=21877) to work on /home/airflow/.local/lib/python3.12/site-packages/airflow/example_dags/example_python_operator.py
[2025-01-18T00:34:14.303+0000] {processor.py:914} INFO - Processing file /home/airflow/.local/lib/python3.12/site-packages/airflow/example_dags/example_python_operator.py for tasks to queue
[2025-01-18T00:34:14.305+0000] {logging_mixin.py:190} INFO - [2025-01-18T00:34:14.305+0000] {dagbag.py:588} INFO - Filling up the DagBag from /home/airflow/.local/lib/python3.12/site-packages/airflow/example_dags/example_python_operator.py
[2025-01-18T00:34:14.318+0000] {processor.py:925} INFO - DAG(s) 'example_python_operator' retrieved from /home/airflow/.local/lib/python3.12/site-packages/airflow/example_dags/example_python_operator.py
[2025-01-18T00:34:14.341+0000] {logging_mixin.py:190} INFO - [2025-01-18T00:34:14.341+0000] {dag.py:3239} INFO - Sync 1 DAGs
[2025-01-18T00:34:14.357+0000] {logging_mixin.py:190} INFO - [2025-01-18T00:34:14.356+0000] {dag.py:4180} INFO - Setting next_dagrun for example_python_operator to None, run_after=None
[2025-01-18T00:34:14.378+0000] {processor.py:208} INFO - Processing /home/airflow/.local/lib/python3.12/site-packages/airflow/example_dags/example_python_operator.py took 0.081 seconds
[2025-01-18T00:34:44.706+0000] {processor.py:186} INFO - Started process (PID=21944) to work on /home/airflow/.local/lib/python3.12/site-packages/airflow/example_dags/example_python_operator.py
[2025-01-18T00:34:44.708+0000] {processor.py:914} INFO - Processing file /home/airflow/.local/lib/python3.12/site-packages/airflow/example_dags/example_python_operator.py for tasks to queue
[2025-01-18T00:34:44.710+0000] {logging_mixin.py:190} INFO - [2025-01-18T00:34:44.710+0000] {dagbag.py:588} INFO - Filling up the DagBag from /home/airflow/.local/lib/python3.12/site-packages/airflow/example_dags/example_python_operator.py
[2025-01-18T00:34:44.721+0000] {processor.py:925} INFO - DAG(s) 'example_python_operator' retrieved from /home/airflow/.local/lib/python3.12/site-packages/airflow/example_dags/example_python_operator.py
[2025-01-18T00:34:44.745+0000] {logging_mixin.py:190} INFO - [2025-01-18T00:34:44.745+0000] {dag.py:3239} INFO - Sync 1 DAGs
[2025-01-18T00:34:44.761+0000] {logging_mixin.py:190} INFO - [2025-01-18T00:34:44.760+0000] {dag.py:4180} INFO - Setting next_dagrun for example_python_operator to None, run_after=None
[2025-01-18T00:34:44.781+0000] {processor.py:208} INFO - Processing /home/airflow/.local/lib/python3.12/site-packages/airflow/example_dags/example_python_operator.py took 0.081 seconds
[2025-01-18T00:35:15.577+0000] {processor.py:186} INFO - Started process (PID=22011) to work on /home/airflow/.local/lib/python3.12/site-packages/airflow/example_dags/example_python_operator.py
[2025-01-18T00:35:15.579+0000] {processor.py:914} INFO - Processing file /home/airflow/.local/lib/python3.12/site-packages/airflow/example_dags/example_python_operator.py for tasks to queue
[2025-01-18T00:35:15.583+0000] {logging_mixin.py:190} INFO - [2025-01-18T00:35:15.582+0000] {dagbag.py:588} INFO - Filling up the DagBag from /home/airflow/.local/lib/python3.12/site-packages/airflow/example_dags/example_python_operator.py
[2025-01-18T00:35:15.606+0000] {processor.py:925} INFO - DAG(s) 'example_python_operator' retrieved from /home/airflow/.local/lib/python3.12/site-packages/airflow/example_dags/example_python_operator.py
[2025-01-18T00:35:15.639+0000] {logging_mixin.py:190} INFO - [2025-01-18T00:35:15.639+0000] {dag.py:3239} INFO - Sync 1 DAGs
[2025-01-18T00:35:15.661+0000] {logging_mixin.py:190} INFO - [2025-01-18T00:35:15.661+0000] {dag.py:4180} INFO - Setting next_dagrun for example_python_operator to None, run_after=None
[2025-01-18T00:35:15.690+0000] {processor.py:208} INFO - Processing /home/airflow/.local/lib/python3.12/site-packages/airflow/example_dags/example_python_operator.py took 0.123 seconds
[2025-01-18T00:35:48.590+0000] {processor.py:186} INFO - Started process (PID=22077) to work on /home/airflow/.local/lib/python3.12/site-packages/airflow/example_dags/example_python_operator.py
[2025-01-18T00:35:48.591+0000] {processor.py:914} INFO - Processing file /home/airflow/.local/lib/python3.12/site-packages/airflow/example_dags/example_python_operator.py for tasks to queue
[2025-01-18T00:35:48.595+0000] {logging_mixin.py:190} INFO - [2025-01-18T00:35:48.595+0000] {dagbag.py:588} INFO - Filling up the DagBag from /home/airflow/.local/lib/python3.12/site-packages/airflow/example_dags/example_python_operator.py
[2025-01-18T00:35:48.613+0000] {processor.py:925} INFO - DAG(s) 'example_python_operator' retrieved from /home/airflow/.local/lib/python3.12/site-packages/airflow/example_dags/example_python_operator.py
[2025-01-18T00:35:48.648+0000] {logging_mixin.py:190} INFO - [2025-01-18T00:35:48.648+0000] {dag.py:3239} INFO - Sync 1 DAGs
[2025-01-18T00:35:48.671+0000] {logging_mixin.py:190} INFO - [2025-01-18T00:35:48.671+0000] {dag.py:4180} INFO - Setting next_dagrun for example_python_operator to None, run_after=None
[2025-01-18T00:35:48.699+0000] {processor.py:208} INFO - Processing /home/airflow/.local/lib/python3.12/site-packages/airflow/example_dags/example_python_operator.py took 0.118 seconds
