[2025-01-18T00:00:18.706+0000] {processor.py:186} INFO - Started process (PID=17380) to work on /home/airflow/.local/lib/python3.12/site-packages/airflow/example_dags/tutorial_taskflow_api_virtualenv.py
[2025-01-18T00:00:18.707+0000] {processor.py:914} INFO - Processing file /home/airflow/.local/lib/python3.12/site-packages/airflow/example_dags/tutorial_taskflow_api_virtualenv.py for tasks to queue
[2025-01-18T00:00:18.709+0000] {logging_mixin.py:190} INFO - [2025-01-18T00:00:18.708+0000] {dagbag.py:588} INFO - Filling up the DagBag from /home/airflow/.local/lib/python3.12/site-packages/airflow/example_dags/tutorial_taskflow_api_virtualenv.py
[2025-01-18T00:00:18.720+0000] {processor.py:925} INFO - DAG(s) 'tutorial_taskflow_api_virtualenv' retrieved from /home/airflow/.local/lib/python3.12/site-packages/airflow/example_dags/tutorial_taskflow_api_virtualenv.py
[2025-01-18T00:00:18.742+0000] {logging_mixin.py:190} INFO - [2025-01-18T00:00:18.741+0000] {dag.py:3239} INFO - Sync 1 DAGs
[2025-01-18T00:00:18.757+0000] {logging_mixin.py:190} INFO - [2025-01-18T00:00:18.757+0000] {dag.py:4180} INFO - Setting next_dagrun for tutorial_taskflow_api_virtualenv to None, run_after=None
[2025-01-18T00:00:18.786+0000] {processor.py:208} INFO - Processing /home/airflow/.local/lib/python3.12/site-packages/airflow/example_dags/tutorial_taskflow_api_virtualenv.py took 0.086 seconds
[2025-01-18T00:00:49.129+0000] {processor.py:186} INFO - Started process (PID=17453) to work on /home/airflow/.local/lib/python3.12/site-packages/airflow/example_dags/tutorial_taskflow_api_virtualenv.py
[2025-01-18T00:00:49.130+0000] {processor.py:914} INFO - Processing file /home/airflow/.local/lib/python3.12/site-packages/airflow/example_dags/tutorial_taskflow_api_virtualenv.py for tasks to queue
[2025-01-18T00:00:49.133+0000] {logging_mixin.py:190} INFO - [2025-01-18T00:00:49.133+0000] {dagbag.py:588} INFO - Filling up the DagBag from /home/airflow/.local/lib/python3.12/site-packages/airflow/example_dags/tutorial_taskflow_api_virtualenv.py
[2025-01-18T00:00:49.147+0000] {processor.py:925} INFO - DAG(s) 'tutorial_taskflow_api_virtualenv' retrieved from /home/airflow/.local/lib/python3.12/site-packages/airflow/example_dags/tutorial_taskflow_api_virtualenv.py
[2025-01-18T00:00:49.172+0000] {logging_mixin.py:190} INFO - [2025-01-18T00:00:49.172+0000] {dag.py:3239} INFO - Sync 1 DAGs
[2025-01-18T00:00:49.189+0000] {logging_mixin.py:190} INFO - [2025-01-18T00:00:49.189+0000] {dag.py:4180} INFO - Setting next_dagrun for tutorial_taskflow_api_virtualenv to None, run_after=None
[2025-01-18T00:00:49.207+0000] {processor.py:208} INFO - Processing /home/airflow/.local/lib/python3.12/site-packages/airflow/example_dags/tutorial_taskflow_api_virtualenv.py took 0.086 seconds
[2025-01-18T00:01:19.678+0000] {processor.py:186} INFO - Started process (PID=17520) to work on /home/airflow/.local/lib/python3.12/site-packages/airflow/example_dags/tutorial_taskflow_api_virtualenv.py
[2025-01-18T00:01:19.679+0000] {processor.py:914} INFO - Processing file /home/airflow/.local/lib/python3.12/site-packages/airflow/example_dags/tutorial_taskflow_api_virtualenv.py for tasks to queue
[2025-01-18T00:01:19.682+0000] {logging_mixin.py:190} INFO - [2025-01-18T00:01:19.681+0000] {dagbag.py:588} INFO - Filling up the DagBag from /home/airflow/.local/lib/python3.12/site-packages/airflow/example_dags/tutorial_taskflow_api_virtualenv.py
[2025-01-18T00:01:19.693+0000] {processor.py:925} INFO - DAG(s) 'tutorial_taskflow_api_virtualenv' retrieved from /home/airflow/.local/lib/python3.12/site-packages/airflow/example_dags/tutorial_taskflow_api_virtualenv.py
[2025-01-18T00:01:19.713+0000] {logging_mixin.py:190} INFO - [2025-01-18T00:01:19.713+0000] {dag.py:3239} INFO - Sync 1 DAGs
[2025-01-18T00:01:19.728+0000] {logging_mixin.py:190} INFO - [2025-01-18T00:01:19.727+0000] {dag.py:4180} INFO - Setting next_dagrun for tutorial_taskflow_api_virtualenv to None, run_after=None
[2025-01-18T00:01:19.745+0000] {processor.py:208} INFO - Processing /home/airflow/.local/lib/python3.12/site-packages/airflow/example_dags/tutorial_taskflow_api_virtualenv.py took 0.073 seconds
[2025-01-18T00:01:50.257+0000] {processor.py:186} INFO - Started process (PID=17587) to work on /home/airflow/.local/lib/python3.12/site-packages/airflow/example_dags/tutorial_taskflow_api_virtualenv.py
[2025-01-18T00:01:50.258+0000] {processor.py:914} INFO - Processing file /home/airflow/.local/lib/python3.12/site-packages/airflow/example_dags/tutorial_taskflow_api_virtualenv.py for tasks to queue
[2025-01-18T00:01:50.260+0000] {logging_mixin.py:190} INFO - [2025-01-18T00:01:50.260+0000] {dagbag.py:588} INFO - Filling up the DagBag from /home/airflow/.local/lib/python3.12/site-packages/airflow/example_dags/tutorial_taskflow_api_virtualenv.py
[2025-01-18T00:01:50.271+0000] {processor.py:925} INFO - DAG(s) 'tutorial_taskflow_api_virtualenv' retrieved from /home/airflow/.local/lib/python3.12/site-packages/airflow/example_dags/tutorial_taskflow_api_virtualenv.py
[2025-01-18T00:01:50.292+0000] {logging_mixin.py:190} INFO - [2025-01-18T00:01:50.291+0000] {dag.py:3239} INFO - Sync 1 DAGs
[2025-01-18T00:01:50.306+0000] {logging_mixin.py:190} INFO - [2025-01-18T00:01:50.306+0000] {dag.py:4180} INFO - Setting next_dagrun for tutorial_taskflow_api_virtualenv to None, run_after=None
[2025-01-18T00:01:50.327+0000] {processor.py:208} INFO - Processing /home/airflow/.local/lib/python3.12/site-packages/airflow/example_dags/tutorial_taskflow_api_virtualenv.py took 0.075 seconds
[2025-01-18T00:02:18.277+0000] {processor.py:186} INFO - Started process (PID=17654) to work on /home/airflow/.local/lib/python3.12/site-packages/airflow/example_dags/tutorial_taskflow_api_virtualenv.py
[2025-01-18T00:02:18.278+0000] {processor.py:914} INFO - Processing file /home/airflow/.local/lib/python3.12/site-packages/airflow/example_dags/tutorial_taskflow_api_virtualenv.py for tasks to queue
[2025-01-18T00:02:18.281+0000] {logging_mixin.py:190} INFO - [2025-01-18T00:02:18.280+0000] {dagbag.py:588} INFO - Filling up the DagBag from /home/airflow/.local/lib/python3.12/site-packages/airflow/example_dags/tutorial_taskflow_api_virtualenv.py
[2025-01-18T00:02:18.293+0000] {processor.py:925} INFO - DAG(s) 'tutorial_taskflow_api_virtualenv' retrieved from /home/airflow/.local/lib/python3.12/site-packages/airflow/example_dags/tutorial_taskflow_api_virtualenv.py
[2025-01-18T00:02:18.317+0000] {logging_mixin.py:190} INFO - [2025-01-18T00:02:18.317+0000] {dag.py:3239} INFO - Sync 1 DAGs
[2025-01-18T00:02:18.335+0000] {logging_mixin.py:190} INFO - [2025-01-18T00:02:18.334+0000] {dag.py:4180} INFO - Setting next_dagrun for tutorial_taskflow_api_virtualenv to None, run_after=None
[2025-01-18T00:02:18.356+0000] {processor.py:208} INFO - Processing /home/airflow/.local/lib/python3.12/site-packages/airflow/example_dags/tutorial_taskflow_api_virtualenv.py took 0.086 seconds
[2025-01-18T00:02:48.591+0000] {processor.py:186} INFO - Started process (PID=17719) to work on /home/airflow/.local/lib/python3.12/site-packages/airflow/example_dags/tutorial_taskflow_api_virtualenv.py
[2025-01-18T00:02:48.592+0000] {processor.py:914} INFO - Processing file /home/airflow/.local/lib/python3.12/site-packages/airflow/example_dags/tutorial_taskflow_api_virtualenv.py for tasks to queue
[2025-01-18T00:02:48.595+0000] {logging_mixin.py:190} INFO - [2025-01-18T00:02:48.595+0000] {dagbag.py:588} INFO - Filling up the DagBag from /home/airflow/.local/lib/python3.12/site-packages/airflow/example_dags/tutorial_taskflow_api_virtualenv.py
[2025-01-18T00:02:48.611+0000] {processor.py:925} INFO - DAG(s) 'tutorial_taskflow_api_virtualenv' retrieved from /home/airflow/.local/lib/python3.12/site-packages/airflow/example_dags/tutorial_taskflow_api_virtualenv.py
[2025-01-18T00:02:48.640+0000] {logging_mixin.py:190} INFO - [2025-01-18T00:02:48.639+0000] {dag.py:3239} INFO - Sync 1 DAGs
[2025-01-18T00:02:48.660+0000] {logging_mixin.py:190} INFO - [2025-01-18T00:02:48.660+0000] {dag.py:4180} INFO - Setting next_dagrun for tutorial_taskflow_api_virtualenv to None, run_after=None
[2025-01-18T00:02:48.687+0000] {processor.py:208} INFO - Processing /home/airflow/.local/lib/python3.12/site-packages/airflow/example_dags/tutorial_taskflow_api_virtualenv.py took 0.102 seconds
[2025-01-18T00:03:19.703+0000] {processor.py:186} INFO - Started process (PID=17786) to work on /home/airflow/.local/lib/python3.12/site-packages/airflow/example_dags/tutorial_taskflow_api_virtualenv.py
[2025-01-18T00:03:19.704+0000] {processor.py:914} INFO - Processing file /home/airflow/.local/lib/python3.12/site-packages/airflow/example_dags/tutorial_taskflow_api_virtualenv.py for tasks to queue
[2025-01-18T00:03:19.706+0000] {logging_mixin.py:190} INFO - [2025-01-18T00:03:19.706+0000] {dagbag.py:588} INFO - Filling up the DagBag from /home/airflow/.local/lib/python3.12/site-packages/airflow/example_dags/tutorial_taskflow_api_virtualenv.py
[2025-01-18T00:03:19.722+0000] {processor.py:925} INFO - DAG(s) 'tutorial_taskflow_api_virtualenv' retrieved from /home/airflow/.local/lib/python3.12/site-packages/airflow/example_dags/tutorial_taskflow_api_virtualenv.py
[2025-01-18T00:03:19.747+0000] {logging_mixin.py:190} INFO - [2025-01-18T00:03:19.746+0000] {dag.py:3239} INFO - Sync 1 DAGs
[2025-01-18T00:03:19.776+0000] {logging_mixin.py:190} INFO - [2025-01-18T00:03:19.776+0000] {dag.py:4180} INFO - Setting next_dagrun for tutorial_taskflow_api_virtualenv to None, run_after=None
[2025-01-18T00:03:19.813+0000] {processor.py:208} INFO - Processing /home/airflow/.local/lib/python3.12/site-packages/airflow/example_dags/tutorial_taskflow_api_virtualenv.py took 0.116 seconds
[2025-01-18T00:03:50.579+0000] {processor.py:186} INFO - Started process (PID=17854) to work on /home/airflow/.local/lib/python3.12/site-packages/airflow/example_dags/tutorial_taskflow_api_virtualenv.py
[2025-01-18T00:03:50.581+0000] {processor.py:914} INFO - Processing file /home/airflow/.local/lib/python3.12/site-packages/airflow/example_dags/tutorial_taskflow_api_virtualenv.py for tasks to queue
[2025-01-18T00:03:50.583+0000] {logging_mixin.py:190} INFO - [2025-01-18T00:03:50.583+0000] {dagbag.py:588} INFO - Filling up the DagBag from /home/airflow/.local/lib/python3.12/site-packages/airflow/example_dags/tutorial_taskflow_api_virtualenv.py
[2025-01-18T00:03:50.601+0000] {processor.py:925} INFO - DAG(s) 'tutorial_taskflow_api_virtualenv' retrieved from /home/airflow/.local/lib/python3.12/site-packages/airflow/example_dags/tutorial_taskflow_api_virtualenv.py
[2025-01-18T00:03:50.633+0000] {logging_mixin.py:190} INFO - [2025-01-18T00:03:50.633+0000] {dag.py:3239} INFO - Sync 1 DAGs
[2025-01-18T00:03:50.658+0000] {logging_mixin.py:190} INFO - [2025-01-18T00:03:50.657+0000] {dag.py:4180} INFO - Setting next_dagrun for tutorial_taskflow_api_virtualenv to None, run_after=None
[2025-01-18T00:03:50.683+0000] {processor.py:208} INFO - Processing /home/airflow/.local/lib/python3.12/site-packages/airflow/example_dags/tutorial_taskflow_api_virtualenv.py took 0.115 seconds
[2025-01-18T00:04:20.855+0000] {processor.py:186} INFO - Started process (PID=17921) to work on /home/airflow/.local/lib/python3.12/site-packages/airflow/example_dags/tutorial_taskflow_api_virtualenv.py
[2025-01-18T00:04:20.857+0000] {processor.py:914} INFO - Processing file /home/airflow/.local/lib/python3.12/site-packages/airflow/example_dags/tutorial_taskflow_api_virtualenv.py for tasks to queue
[2025-01-18T00:04:20.860+0000] {logging_mixin.py:190} INFO - [2025-01-18T00:04:20.859+0000] {dagbag.py:588} INFO - Filling up the DagBag from /home/airflow/.local/lib/python3.12/site-packages/airflow/example_dags/tutorial_taskflow_api_virtualenv.py
[2025-01-18T00:04:20.879+0000] {processor.py:925} INFO - DAG(s) 'tutorial_taskflow_api_virtualenv' retrieved from /home/airflow/.local/lib/python3.12/site-packages/airflow/example_dags/tutorial_taskflow_api_virtualenv.py
[2025-01-18T00:04:20.912+0000] {logging_mixin.py:190} INFO - [2025-01-18T00:04:20.911+0000] {dag.py:3239} INFO - Sync 1 DAGs
[2025-01-18T00:04:20.940+0000] {logging_mixin.py:190} INFO - [2025-01-18T00:04:20.940+0000] {dag.py:4180} INFO - Setting next_dagrun for tutorial_taskflow_api_virtualenv to None, run_after=None
[2025-01-18T00:04:20.978+0000] {processor.py:208} INFO - Processing /home/airflow/.local/lib/python3.12/site-packages/airflow/example_dags/tutorial_taskflow_api_virtualenv.py took 0.129 seconds
[2025-01-18T00:04:51.273+0000] {processor.py:186} INFO - Started process (PID=17988) to work on /home/airflow/.local/lib/python3.12/site-packages/airflow/example_dags/tutorial_taskflow_api_virtualenv.py
[2025-01-18T00:04:51.275+0000] {processor.py:914} INFO - Processing file /home/airflow/.local/lib/python3.12/site-packages/airflow/example_dags/tutorial_taskflow_api_virtualenv.py for tasks to queue
[2025-01-18T00:04:51.279+0000] {logging_mixin.py:190} INFO - [2025-01-18T00:04:51.279+0000] {dagbag.py:588} INFO - Filling up the DagBag from /home/airflow/.local/lib/python3.12/site-packages/airflow/example_dags/tutorial_taskflow_api_virtualenv.py
[2025-01-18T00:04:51.304+0000] {processor.py:925} INFO - DAG(s) 'tutorial_taskflow_api_virtualenv' retrieved from /home/airflow/.local/lib/python3.12/site-packages/airflow/example_dags/tutorial_taskflow_api_virtualenv.py
[2025-01-18T00:04:51.342+0000] {logging_mixin.py:190} INFO - [2025-01-18T00:04:51.341+0000] {dag.py:3239} INFO - Sync 1 DAGs
[2025-01-18T00:04:51.365+0000] {logging_mixin.py:190} INFO - [2025-01-18T00:04:51.364+0000] {dag.py:4180} INFO - Setting next_dagrun for tutorial_taskflow_api_virtualenv to None, run_after=None
[2025-01-18T00:04:51.393+0000] {processor.py:208} INFO - Processing /home/airflow/.local/lib/python3.12/site-packages/airflow/example_dags/tutorial_taskflow_api_virtualenv.py took 0.131 seconds
[2025-01-18T00:05:21.542+0000] {processor.py:186} INFO - Started process (PID=18061) to work on /home/airflow/.local/lib/python3.12/site-packages/airflow/example_dags/tutorial_taskflow_api_virtualenv.py
[2025-01-18T00:05:21.543+0000] {processor.py:914} INFO - Processing file /home/airflow/.local/lib/python3.12/site-packages/airflow/example_dags/tutorial_taskflow_api_virtualenv.py for tasks to queue
[2025-01-18T00:05:21.547+0000] {logging_mixin.py:190} INFO - [2025-01-18T00:05:21.546+0000] {dagbag.py:588} INFO - Filling up the DagBag from /home/airflow/.local/lib/python3.12/site-packages/airflow/example_dags/tutorial_taskflow_api_virtualenv.py
[2025-01-18T00:05:21.568+0000] {processor.py:925} INFO - DAG(s) 'tutorial_taskflow_api_virtualenv' retrieved from /home/airflow/.local/lib/python3.12/site-packages/airflow/example_dags/tutorial_taskflow_api_virtualenv.py
[2025-01-18T00:05:21.607+0000] {logging_mixin.py:190} INFO - [2025-01-18T00:05:21.606+0000] {dag.py:3239} INFO - Sync 1 DAGs
[2025-01-18T00:05:21.641+0000] {logging_mixin.py:190} INFO - [2025-01-18T00:05:21.640+0000] {dag.py:4180} INFO - Setting next_dagrun for tutorial_taskflow_api_virtualenv to None, run_after=None
[2025-01-18T00:05:21.676+0000] {processor.py:208} INFO - Processing /home/airflow/.local/lib/python3.12/site-packages/airflow/example_dags/tutorial_taskflow_api_virtualenv.py took 0.145 seconds
[2025-01-18T00:05:51.964+0000] {processor.py:186} INFO - Started process (PID=18128) to work on /home/airflow/.local/lib/python3.12/site-packages/airflow/example_dags/tutorial_taskflow_api_virtualenv.py
[2025-01-18T00:05:51.966+0000] {processor.py:914} INFO - Processing file /home/airflow/.local/lib/python3.12/site-packages/airflow/example_dags/tutorial_taskflow_api_virtualenv.py for tasks to queue
[2025-01-18T00:05:51.968+0000] {logging_mixin.py:190} INFO - [2025-01-18T00:05:51.968+0000] {dagbag.py:588} INFO - Filling up the DagBag from /home/airflow/.local/lib/python3.12/site-packages/airflow/example_dags/tutorial_taskflow_api_virtualenv.py
[2025-01-18T00:05:51.985+0000] {processor.py:925} INFO - DAG(s) 'tutorial_taskflow_api_virtualenv' retrieved from /home/airflow/.local/lib/python3.12/site-packages/airflow/example_dags/tutorial_taskflow_api_virtualenv.py
[2025-01-18T00:05:52.013+0000] {logging_mixin.py:190} INFO - [2025-01-18T00:05:52.012+0000] {dag.py:3239} INFO - Sync 1 DAGs
[2025-01-18T00:05:52.034+0000] {logging_mixin.py:190} INFO - [2025-01-18T00:05:52.034+0000] {dag.py:4180} INFO - Setting next_dagrun for tutorial_taskflow_api_virtualenv to None, run_after=None
[2025-01-18T00:05:52.061+0000] {processor.py:208} INFO - Processing /home/airflow/.local/lib/python3.12/site-packages/airflow/example_dags/tutorial_taskflow_api_virtualenv.py took 0.108 seconds
[2025-01-18T00:06:22.416+0000] {processor.py:186} INFO - Started process (PID=18196) to work on /home/airflow/.local/lib/python3.12/site-packages/airflow/example_dags/tutorial_taskflow_api_virtualenv.py
[2025-01-18T00:06:22.418+0000] {processor.py:914} INFO - Processing file /home/airflow/.local/lib/python3.12/site-packages/airflow/example_dags/tutorial_taskflow_api_virtualenv.py for tasks to queue
[2025-01-18T00:06:22.421+0000] {logging_mixin.py:190} INFO - [2025-01-18T00:06:22.421+0000] {dagbag.py:588} INFO - Filling up the DagBag from /home/airflow/.local/lib/python3.12/site-packages/airflow/example_dags/tutorial_taskflow_api_virtualenv.py
[2025-01-18T00:06:22.437+0000] {processor.py:925} INFO - DAG(s) 'tutorial_taskflow_api_virtualenv' retrieved from /home/airflow/.local/lib/python3.12/site-packages/airflow/example_dags/tutorial_taskflow_api_virtualenv.py
[2025-01-18T00:06:22.468+0000] {logging_mixin.py:190} INFO - [2025-01-18T00:06:22.468+0000] {dag.py:3239} INFO - Sync 1 DAGs
[2025-01-18T00:06:22.491+0000] {logging_mixin.py:190} INFO - [2025-01-18T00:06:22.491+0000] {dag.py:4180} INFO - Setting next_dagrun for tutorial_taskflow_api_virtualenv to None, run_after=None
[2025-01-18T00:06:22.514+0000] {processor.py:208} INFO - Processing /home/airflow/.local/lib/python3.12/site-packages/airflow/example_dags/tutorial_taskflow_api_virtualenv.py took 0.106 seconds
[2025-01-18T00:06:52.651+0000] {processor.py:186} INFO - Started process (PID=18263) to work on /home/airflow/.local/lib/python3.12/site-packages/airflow/example_dags/tutorial_taskflow_api_virtualenv.py
[2025-01-18T00:06:52.652+0000] {processor.py:914} INFO - Processing file /home/airflow/.local/lib/python3.12/site-packages/airflow/example_dags/tutorial_taskflow_api_virtualenv.py for tasks to queue
[2025-01-18T00:06:52.656+0000] {logging_mixin.py:190} INFO - [2025-01-18T00:06:52.655+0000] {dagbag.py:588} INFO - Filling up the DagBag from /home/airflow/.local/lib/python3.12/site-packages/airflow/example_dags/tutorial_taskflow_api_virtualenv.py
[2025-01-18T00:06:52.672+0000] {processor.py:925} INFO - DAG(s) 'tutorial_taskflow_api_virtualenv' retrieved from /home/airflow/.local/lib/python3.12/site-packages/airflow/example_dags/tutorial_taskflow_api_virtualenv.py
[2025-01-18T00:06:52.698+0000] {logging_mixin.py:190} INFO - [2025-01-18T00:06:52.698+0000] {dag.py:3239} INFO - Sync 1 DAGs
[2025-01-18T00:06:52.719+0000] {logging_mixin.py:190} INFO - [2025-01-18T00:06:52.719+0000] {dag.py:4180} INFO - Setting next_dagrun for tutorial_taskflow_api_virtualenv to None, run_after=None
[2025-01-18T00:06:52.749+0000] {processor.py:208} INFO - Processing /home/airflow/.local/lib/python3.12/site-packages/airflow/example_dags/tutorial_taskflow_api_virtualenv.py took 0.105 seconds
[2025-01-18T00:07:22.816+0000] {processor.py:186} INFO - Started process (PID=18330) to work on /home/airflow/.local/lib/python3.12/site-packages/airflow/example_dags/tutorial_taskflow_api_virtualenv.py
[2025-01-18T00:07:22.818+0000] {processor.py:914} INFO - Processing file /home/airflow/.local/lib/python3.12/site-packages/airflow/example_dags/tutorial_taskflow_api_virtualenv.py for tasks to queue
[2025-01-18T00:07:22.820+0000] {logging_mixin.py:190} INFO - [2025-01-18T00:07:22.820+0000] {dagbag.py:588} INFO - Filling up the DagBag from /home/airflow/.local/lib/python3.12/site-packages/airflow/example_dags/tutorial_taskflow_api_virtualenv.py
[2025-01-18T00:07:22.833+0000] {processor.py:925} INFO - DAG(s) 'tutorial_taskflow_api_virtualenv' retrieved from /home/airflow/.local/lib/python3.12/site-packages/airflow/example_dags/tutorial_taskflow_api_virtualenv.py
[2025-01-18T00:07:22.856+0000] {logging_mixin.py:190} INFO - [2025-01-18T00:07:22.855+0000] {dag.py:3239} INFO - Sync 1 DAGs
[2025-01-18T00:07:22.872+0000] {logging_mixin.py:190} INFO - [2025-01-18T00:07:22.872+0000] {dag.py:4180} INFO - Setting next_dagrun for tutorial_taskflow_api_virtualenv to None, run_after=None
[2025-01-18T00:07:22.893+0000] {processor.py:208} INFO - Processing /home/airflow/.local/lib/python3.12/site-packages/airflow/example_dags/tutorial_taskflow_api_virtualenv.py took 0.084 seconds
[2025-01-18T00:07:53.000+0000] {processor.py:186} INFO - Started process (PID=18397) to work on /home/airflow/.local/lib/python3.12/site-packages/airflow/example_dags/tutorial_taskflow_api_virtualenv.py
[2025-01-18T00:07:53.001+0000] {processor.py:914} INFO - Processing file /home/airflow/.local/lib/python3.12/site-packages/airflow/example_dags/tutorial_taskflow_api_virtualenv.py for tasks to queue
[2025-01-18T00:07:53.004+0000] {logging_mixin.py:190} INFO - [2025-01-18T00:07:53.003+0000] {dagbag.py:588} INFO - Filling up the DagBag from /home/airflow/.local/lib/python3.12/site-packages/airflow/example_dags/tutorial_taskflow_api_virtualenv.py
[2025-01-18T00:07:53.015+0000] {processor.py:925} INFO - DAG(s) 'tutorial_taskflow_api_virtualenv' retrieved from /home/airflow/.local/lib/python3.12/site-packages/airflow/example_dags/tutorial_taskflow_api_virtualenv.py
[2025-01-18T00:07:53.045+0000] {logging_mixin.py:190} INFO - [2025-01-18T00:07:53.045+0000] {dag.py:3239} INFO - Sync 1 DAGs
[2025-01-18T00:07:53.065+0000] {logging_mixin.py:190} INFO - [2025-01-18T00:07:53.065+0000] {dag.py:4180} INFO - Setting next_dagrun for tutorial_taskflow_api_virtualenv to None, run_after=None
[2025-01-18T00:07:53.086+0000] {processor.py:208} INFO - Processing /home/airflow/.local/lib/python3.12/site-packages/airflow/example_dags/tutorial_taskflow_api_virtualenv.py took 0.093 seconds
[2025-01-18T00:08:23.807+0000] {processor.py:186} INFO - Started process (PID=18464) to work on /home/airflow/.local/lib/python3.12/site-packages/airflow/example_dags/tutorial_taskflow_api_virtualenv.py
[2025-01-18T00:08:23.808+0000] {processor.py:914} INFO - Processing file /home/airflow/.local/lib/python3.12/site-packages/airflow/example_dags/tutorial_taskflow_api_virtualenv.py for tasks to queue
[2025-01-18T00:08:23.813+0000] {logging_mixin.py:190} INFO - [2025-01-18T00:08:23.812+0000] {dagbag.py:588} INFO - Filling up the DagBag from /home/airflow/.local/lib/python3.12/site-packages/airflow/example_dags/tutorial_taskflow_api_virtualenv.py
[2025-01-18T00:08:23.829+0000] {processor.py:925} INFO - DAG(s) 'tutorial_taskflow_api_virtualenv' retrieved from /home/airflow/.local/lib/python3.12/site-packages/airflow/example_dags/tutorial_taskflow_api_virtualenv.py
[2025-01-18T00:08:23.855+0000] {logging_mixin.py:190} INFO - [2025-01-18T00:08:23.855+0000] {dag.py:3239} INFO - Sync 1 DAGs
[2025-01-18T00:08:23.873+0000] {logging_mixin.py:190} INFO - [2025-01-18T00:08:23.873+0000] {dag.py:4180} INFO - Setting next_dagrun for tutorial_taskflow_api_virtualenv to None, run_after=None
[2025-01-18T00:08:23.894+0000] {processor.py:208} INFO - Processing /home/airflow/.local/lib/python3.12/site-packages/airflow/example_dags/tutorial_taskflow_api_virtualenv.py took 0.094 seconds
[2025-01-18T00:08:53.980+0000] {processor.py:186} INFO - Started process (PID=18531) to work on /home/airflow/.local/lib/python3.12/site-packages/airflow/example_dags/tutorial_taskflow_api_virtualenv.py
[2025-01-18T00:08:53.981+0000] {processor.py:914} INFO - Processing file /home/airflow/.local/lib/python3.12/site-packages/airflow/example_dags/tutorial_taskflow_api_virtualenv.py for tasks to queue
[2025-01-18T00:08:53.985+0000] {logging_mixin.py:190} INFO - [2025-01-18T00:08:53.984+0000] {dagbag.py:588} INFO - Filling up the DagBag from /home/airflow/.local/lib/python3.12/site-packages/airflow/example_dags/tutorial_taskflow_api_virtualenv.py
[2025-01-18T00:08:54.000+0000] {processor.py:925} INFO - DAG(s) 'tutorial_taskflow_api_virtualenv' retrieved from /home/airflow/.local/lib/python3.12/site-packages/airflow/example_dags/tutorial_taskflow_api_virtualenv.py
[2025-01-18T00:08:54.024+0000] {logging_mixin.py:190} INFO - [2025-01-18T00:08:54.024+0000] {dag.py:3239} INFO - Sync 1 DAGs
[2025-01-18T00:08:54.043+0000] {logging_mixin.py:190} INFO - [2025-01-18T00:08:54.042+0000] {dag.py:4180} INFO - Setting next_dagrun for tutorial_taskflow_api_virtualenv to None, run_after=None
[2025-01-18T00:08:54.064+0000] {processor.py:208} INFO - Processing /home/airflow/.local/lib/python3.12/site-packages/airflow/example_dags/tutorial_taskflow_api_virtualenv.py took 0.091 seconds
[2025-01-18T00:09:25.220+0000] {processor.py:186} INFO - Started process (PID=18599) to work on /home/airflow/.local/lib/python3.12/site-packages/airflow/example_dags/tutorial_taskflow_api_virtualenv.py
[2025-01-18T00:09:25.222+0000] {processor.py:914} INFO - Processing file /home/airflow/.local/lib/python3.12/site-packages/airflow/example_dags/tutorial_taskflow_api_virtualenv.py for tasks to queue
[2025-01-18T00:09:25.224+0000] {logging_mixin.py:190} INFO - [2025-01-18T00:09:25.224+0000] {dagbag.py:588} INFO - Filling up the DagBag from /home/airflow/.local/lib/python3.12/site-packages/airflow/example_dags/tutorial_taskflow_api_virtualenv.py
[2025-01-18T00:09:25.241+0000] {processor.py:925} INFO - DAG(s) 'tutorial_taskflow_api_virtualenv' retrieved from /home/airflow/.local/lib/python3.12/site-packages/airflow/example_dags/tutorial_taskflow_api_virtualenv.py
[2025-01-18T00:09:25.275+0000] {logging_mixin.py:190} INFO - [2025-01-18T00:09:25.274+0000] {dag.py:3239} INFO - Sync 1 DAGs
[2025-01-18T00:09:25.300+0000] {logging_mixin.py:190} INFO - [2025-01-18T00:09:25.300+0000] {dag.py:4180} INFO - Setting next_dagrun for tutorial_taskflow_api_virtualenv to None, run_after=None
[2025-01-18T00:09:25.327+0000] {processor.py:208} INFO - Processing /home/airflow/.local/lib/python3.12/site-packages/airflow/example_dags/tutorial_taskflow_api_virtualenv.py took 0.116 seconds
[2025-01-18T00:09:57.219+0000] {processor.py:186} INFO - Started process (PID=18672) to work on /home/airflow/.local/lib/python3.12/site-packages/airflow/example_dags/tutorial_taskflow_api_virtualenv.py
[2025-01-18T00:09:57.220+0000] {processor.py:914} INFO - Processing file /home/airflow/.local/lib/python3.12/site-packages/airflow/example_dags/tutorial_taskflow_api_virtualenv.py for tasks to queue
[2025-01-18T00:09:57.224+0000] {logging_mixin.py:190} INFO - [2025-01-18T00:09:57.223+0000] {dagbag.py:588} INFO - Filling up the DagBag from /home/airflow/.local/lib/python3.12/site-packages/airflow/example_dags/tutorial_taskflow_api_virtualenv.py
[2025-01-18T00:09:57.238+0000] {processor.py:925} INFO - DAG(s) 'tutorial_taskflow_api_virtualenv' retrieved from /home/airflow/.local/lib/python3.12/site-packages/airflow/example_dags/tutorial_taskflow_api_virtualenv.py
[2025-01-18T00:09:57.264+0000] {logging_mixin.py:190} INFO - [2025-01-18T00:09:57.264+0000] {dag.py:3239} INFO - Sync 1 DAGs
[2025-01-18T00:09:57.284+0000] {logging_mixin.py:190} INFO - [2025-01-18T00:09:57.283+0000] {dag.py:4180} INFO - Setting next_dagrun for tutorial_taskflow_api_virtualenv to None, run_after=None
[2025-01-18T00:09:57.309+0000] {processor.py:208} INFO - Processing /home/airflow/.local/lib/python3.12/site-packages/airflow/example_dags/tutorial_taskflow_api_virtualenv.py took 0.098 seconds
[2025-01-18T00:10:27.769+0000] {processor.py:186} INFO - Started process (PID=18736) to work on /home/airflow/.local/lib/python3.12/site-packages/airflow/example_dags/tutorial_taskflow_api_virtualenv.py
[2025-01-18T00:10:27.771+0000] {processor.py:914} INFO - Processing file /home/airflow/.local/lib/python3.12/site-packages/airflow/example_dags/tutorial_taskflow_api_virtualenv.py for tasks to queue
[2025-01-18T00:10:27.773+0000] {logging_mixin.py:190} INFO - [2025-01-18T00:10:27.773+0000] {dagbag.py:588} INFO - Filling up the DagBag from /home/airflow/.local/lib/python3.12/site-packages/airflow/example_dags/tutorial_taskflow_api_virtualenv.py
[2025-01-18T00:10:27.791+0000] {processor.py:925} INFO - DAG(s) 'tutorial_taskflow_api_virtualenv' retrieved from /home/airflow/.local/lib/python3.12/site-packages/airflow/example_dags/tutorial_taskflow_api_virtualenv.py
[2025-01-18T00:10:27.822+0000] {logging_mixin.py:190} INFO - [2025-01-18T00:10:27.821+0000] {dag.py:3239} INFO - Sync 1 DAGs
[2025-01-18T00:10:27.850+0000] {logging_mixin.py:190} INFO - [2025-01-18T00:10:27.849+0000] {dag.py:4180} INFO - Setting next_dagrun for tutorial_taskflow_api_virtualenv to None, run_after=None
[2025-01-18T00:10:27.886+0000] {processor.py:208} INFO - Processing /home/airflow/.local/lib/python3.12/site-packages/airflow/example_dags/tutorial_taskflow_api_virtualenv.py took 0.122 seconds
[2025-01-18T00:10:57.987+0000] {processor.py:186} INFO - Started process (PID=18803) to work on /home/airflow/.local/lib/python3.12/site-packages/airflow/example_dags/tutorial_taskflow_api_virtualenv.py
[2025-01-18T00:10:57.988+0000] {processor.py:914} INFO - Processing file /home/airflow/.local/lib/python3.12/site-packages/airflow/example_dags/tutorial_taskflow_api_virtualenv.py for tasks to queue
[2025-01-18T00:10:57.991+0000] {logging_mixin.py:190} INFO - [2025-01-18T00:10:57.990+0000] {dagbag.py:588} INFO - Filling up the DagBag from /home/airflow/.local/lib/python3.12/site-packages/airflow/example_dags/tutorial_taskflow_api_virtualenv.py
[2025-01-18T00:10:58.005+0000] {processor.py:925} INFO - DAG(s) 'tutorial_taskflow_api_virtualenv' retrieved from /home/airflow/.local/lib/python3.12/site-packages/airflow/example_dags/tutorial_taskflow_api_virtualenv.py
[2025-01-18T00:10:58.030+0000] {logging_mixin.py:190} INFO - [2025-01-18T00:10:58.030+0000] {dag.py:3239} INFO - Sync 1 DAGs
[2025-01-18T00:10:58.050+0000] {logging_mixin.py:190} INFO - [2025-01-18T00:10:58.049+0000] {dag.py:4180} INFO - Setting next_dagrun for tutorial_taskflow_api_virtualenv to None, run_after=None
[2025-01-18T00:10:58.072+0000] {processor.py:208} INFO - Processing /home/airflow/.local/lib/python3.12/site-packages/airflow/example_dags/tutorial_taskflow_api_virtualenv.py took 0.093 seconds
[2025-01-18T00:11:28.525+0000] {processor.py:186} INFO - Started process (PID=18874) to work on /home/airflow/.local/lib/python3.12/site-packages/airflow/example_dags/tutorial_taskflow_api_virtualenv.py
[2025-01-18T00:11:28.528+0000] {processor.py:914} INFO - Processing file /home/airflow/.local/lib/python3.12/site-packages/airflow/example_dags/tutorial_taskflow_api_virtualenv.py for tasks to queue
[2025-01-18T00:11:28.531+0000] {logging_mixin.py:190} INFO - [2025-01-18T00:11:28.531+0000] {dagbag.py:588} INFO - Filling up the DagBag from /home/airflow/.local/lib/python3.12/site-packages/airflow/example_dags/tutorial_taskflow_api_virtualenv.py
[2025-01-18T00:11:28.546+0000] {processor.py:925} INFO - DAG(s) 'tutorial_taskflow_api_virtualenv' retrieved from /home/airflow/.local/lib/python3.12/site-packages/airflow/example_dags/tutorial_taskflow_api_virtualenv.py
[2025-01-18T00:11:28.571+0000] {logging_mixin.py:190} INFO - [2025-01-18T00:11:28.571+0000] {dag.py:3239} INFO - Sync 1 DAGs
[2025-01-18T00:11:28.589+0000] {logging_mixin.py:190} INFO - [2025-01-18T00:11:28.588+0000] {dag.py:4180} INFO - Setting next_dagrun for tutorial_taskflow_api_virtualenv to None, run_after=None
[2025-01-18T00:11:28.611+0000] {processor.py:208} INFO - Processing /home/airflow/.local/lib/python3.12/site-packages/airflow/example_dags/tutorial_taskflow_api_virtualenv.py took 0.093 seconds
[2025-01-18T00:11:58.684+0000] {processor.py:186} INFO - Started process (PID=18938) to work on /home/airflow/.local/lib/python3.12/site-packages/airflow/example_dags/tutorial_taskflow_api_virtualenv.py
[2025-01-18T00:11:58.688+0000] {processor.py:914} INFO - Processing file /home/airflow/.local/lib/python3.12/site-packages/airflow/example_dags/tutorial_taskflow_api_virtualenv.py for tasks to queue
[2025-01-18T00:11:58.691+0000] {logging_mixin.py:190} INFO - [2025-01-18T00:11:58.691+0000] {dagbag.py:588} INFO - Filling up the DagBag from /home/airflow/.local/lib/python3.12/site-packages/airflow/example_dags/tutorial_taskflow_api_virtualenv.py
[2025-01-18T00:11:58.705+0000] {processor.py:925} INFO - DAG(s) 'tutorial_taskflow_api_virtualenv' retrieved from /home/airflow/.local/lib/python3.12/site-packages/airflow/example_dags/tutorial_taskflow_api_virtualenv.py
[2025-01-18T00:11:58.730+0000] {logging_mixin.py:190} INFO - [2025-01-18T00:11:58.730+0000] {dag.py:3239} INFO - Sync 1 DAGs
[2025-01-18T00:11:58.748+0000] {logging_mixin.py:190} INFO - [2025-01-18T00:11:58.748+0000] {dag.py:4180} INFO - Setting next_dagrun for tutorial_taskflow_api_virtualenv to None, run_after=None
[2025-01-18T00:11:58.776+0000] {processor.py:208} INFO - Processing /home/airflow/.local/lib/python3.12/site-packages/airflow/example_dags/tutorial_taskflow_api_virtualenv.py took 0.099 seconds
[2025-01-18T00:12:28.980+0000] {processor.py:186} INFO - Started process (PID=19005) to work on /home/airflow/.local/lib/python3.12/site-packages/airflow/example_dags/tutorial_taskflow_api_virtualenv.py
[2025-01-18T00:12:28.981+0000] {processor.py:914} INFO - Processing file /home/airflow/.local/lib/python3.12/site-packages/airflow/example_dags/tutorial_taskflow_api_virtualenv.py for tasks to queue
[2025-01-18T00:12:28.984+0000] {logging_mixin.py:190} INFO - [2025-01-18T00:12:28.983+0000] {dagbag.py:588} INFO - Filling up the DagBag from /home/airflow/.local/lib/python3.12/site-packages/airflow/example_dags/tutorial_taskflow_api_virtualenv.py
[2025-01-18T00:12:28.998+0000] {processor.py:925} INFO - DAG(s) 'tutorial_taskflow_api_virtualenv' retrieved from /home/airflow/.local/lib/python3.12/site-packages/airflow/example_dags/tutorial_taskflow_api_virtualenv.py
[2025-01-18T00:12:29.023+0000] {logging_mixin.py:190} INFO - [2025-01-18T00:12:29.023+0000] {dag.py:3239} INFO - Sync 1 DAGs
[2025-01-18T00:12:29.041+0000] {logging_mixin.py:190} INFO - [2025-01-18T00:12:29.040+0000] {dag.py:4180} INFO - Setting next_dagrun for tutorial_taskflow_api_virtualenv to None, run_after=None
[2025-01-18T00:12:29.061+0000] {processor.py:208} INFO - Processing /home/airflow/.local/lib/python3.12/site-packages/airflow/example_dags/tutorial_taskflow_api_virtualenv.py took 0.089 seconds
[2025-01-18T00:12:59.866+0000] {processor.py:186} INFO - Started process (PID=19068) to work on /home/airflow/.local/lib/python3.12/site-packages/airflow/example_dags/tutorial_taskflow_api_virtualenv.py
[2025-01-18T00:12:59.868+0000] {processor.py:914} INFO - Processing file /home/airflow/.local/lib/python3.12/site-packages/airflow/example_dags/tutorial_taskflow_api_virtualenv.py for tasks to queue
[2025-01-18T00:12:59.871+0000] {logging_mixin.py:190} INFO - [2025-01-18T00:12:59.870+0000] {dagbag.py:588} INFO - Filling up the DagBag from /home/airflow/.local/lib/python3.12/site-packages/airflow/example_dags/tutorial_taskflow_api_virtualenv.py
[2025-01-18T00:12:59.891+0000] {processor.py:925} INFO - DAG(s) 'tutorial_taskflow_api_virtualenv' retrieved from /home/airflow/.local/lib/python3.12/site-packages/airflow/example_dags/tutorial_taskflow_api_virtualenv.py
[2025-01-18T00:12:59.917+0000] {logging_mixin.py:190} INFO - [2025-01-18T00:12:59.916+0000] {dag.py:3239} INFO - Sync 1 DAGs
[2025-01-18T00:12:59.940+0000] {logging_mixin.py:190} INFO - [2025-01-18T00:12:59.940+0000] {dag.py:4180} INFO - Setting next_dagrun for tutorial_taskflow_api_virtualenv to None, run_after=None
[2025-01-18T00:12:59.967+0000] {processor.py:208} INFO - Processing /home/airflow/.local/lib/python3.12/site-packages/airflow/example_dags/tutorial_taskflow_api_virtualenv.py took 0.110 seconds
[2025-01-18T00:13:30.926+0000] {processor.py:186} INFO - Started process (PID=19135) to work on /home/airflow/.local/lib/python3.12/site-packages/airflow/example_dags/tutorial_taskflow_api_virtualenv.py
[2025-01-18T00:13:30.928+0000] {processor.py:914} INFO - Processing file /home/airflow/.local/lib/python3.12/site-packages/airflow/example_dags/tutorial_taskflow_api_virtualenv.py for tasks to queue
[2025-01-18T00:13:30.931+0000] {logging_mixin.py:190} INFO - [2025-01-18T00:13:30.930+0000] {dagbag.py:588} INFO - Filling up the DagBag from /home/airflow/.local/lib/python3.12/site-packages/airflow/example_dags/tutorial_taskflow_api_virtualenv.py
[2025-01-18T00:13:30.948+0000] {processor.py:925} INFO - DAG(s) 'tutorial_taskflow_api_virtualenv' retrieved from /home/airflow/.local/lib/python3.12/site-packages/airflow/example_dags/tutorial_taskflow_api_virtualenv.py
[2025-01-18T00:13:30.979+0000] {logging_mixin.py:190} INFO - [2025-01-18T00:13:30.979+0000] {dag.py:3239} INFO - Sync 1 DAGs
[2025-01-18T00:13:31.003+0000] {logging_mixin.py:190} INFO - [2025-01-18T00:13:31.002+0000] {dag.py:4180} INFO - Setting next_dagrun for tutorial_taskflow_api_virtualenv to None, run_after=None
[2025-01-18T00:13:31.034+0000] {processor.py:208} INFO - Processing /home/airflow/.local/lib/python3.12/site-packages/airflow/example_dags/tutorial_taskflow_api_virtualenv.py took 0.114 seconds
[2025-01-18T00:14:01.917+0000] {processor.py:186} INFO - Started process (PID=19207) to work on /home/airflow/.local/lib/python3.12/site-packages/airflow/example_dags/tutorial_taskflow_api_virtualenv.py
[2025-01-18T00:14:01.919+0000] {processor.py:914} INFO - Processing file /home/airflow/.local/lib/python3.12/site-packages/airflow/example_dags/tutorial_taskflow_api_virtualenv.py for tasks to queue
[2025-01-18T00:14:01.921+0000] {logging_mixin.py:190} INFO - [2025-01-18T00:14:01.921+0000] {dagbag.py:588} INFO - Filling up the DagBag from /home/airflow/.local/lib/python3.12/site-packages/airflow/example_dags/tutorial_taskflow_api_virtualenv.py
[2025-01-18T00:14:01.935+0000] {processor.py:925} INFO - DAG(s) 'tutorial_taskflow_api_virtualenv' retrieved from /home/airflow/.local/lib/python3.12/site-packages/airflow/example_dags/tutorial_taskflow_api_virtualenv.py
[2025-01-18T00:14:01.963+0000] {logging_mixin.py:190} INFO - [2025-01-18T00:14:01.962+0000] {dag.py:3239} INFO - Sync 1 DAGs
[2025-01-18T00:14:01.991+0000] {logging_mixin.py:190} INFO - [2025-01-18T00:14:01.990+0000] {dag.py:4180} INFO - Setting next_dagrun for tutorial_taskflow_api_virtualenv to None, run_after=None
[2025-01-18T00:14:02.032+0000] {processor.py:208} INFO - Processing /home/airflow/.local/lib/python3.12/site-packages/airflow/example_dags/tutorial_taskflow_api_virtualenv.py took 0.122 seconds
[2025-01-18T00:14:32.585+0000] {processor.py:186} INFO - Started process (PID=19274) to work on /home/airflow/.local/lib/python3.12/site-packages/airflow/example_dags/tutorial_taskflow_api_virtualenv.py
[2025-01-18T00:14:32.586+0000] {processor.py:914} INFO - Processing file /home/airflow/.local/lib/python3.12/site-packages/airflow/example_dags/tutorial_taskflow_api_virtualenv.py for tasks to queue
[2025-01-18T00:14:32.589+0000] {logging_mixin.py:190} INFO - [2025-01-18T00:14:32.588+0000] {dagbag.py:588} INFO - Filling up the DagBag from /home/airflow/.local/lib/python3.12/site-packages/airflow/example_dags/tutorial_taskflow_api_virtualenv.py
[2025-01-18T00:14:32.603+0000] {processor.py:925} INFO - DAG(s) 'tutorial_taskflow_api_virtualenv' retrieved from /home/airflow/.local/lib/python3.12/site-packages/airflow/example_dags/tutorial_taskflow_api_virtualenv.py
[2025-01-18T00:14:32.624+0000] {logging_mixin.py:190} INFO - [2025-01-18T00:14:32.624+0000] {dag.py:3239} INFO - Sync 1 DAGs
[2025-01-18T00:14:32.640+0000] {logging_mixin.py:190} INFO - [2025-01-18T00:14:32.640+0000] {dag.py:4180} INFO - Setting next_dagrun for tutorial_taskflow_api_virtualenv to None, run_after=None
[2025-01-18T00:14:32.661+0000] {processor.py:208} INFO - Processing /home/airflow/.local/lib/python3.12/site-packages/airflow/example_dags/tutorial_taskflow_api_virtualenv.py took 0.083 seconds
[2025-01-18T00:15:02.817+0000] {processor.py:186} INFO - Started process (PID=19341) to work on /home/airflow/.local/lib/python3.12/site-packages/airflow/example_dags/tutorial_taskflow_api_virtualenv.py
[2025-01-18T00:15:02.819+0000] {processor.py:914} INFO - Processing file /home/airflow/.local/lib/python3.12/site-packages/airflow/example_dags/tutorial_taskflow_api_virtualenv.py for tasks to queue
[2025-01-18T00:15:02.823+0000] {logging_mixin.py:190} INFO - [2025-01-18T00:15:02.822+0000] {dagbag.py:588} INFO - Filling up the DagBag from /home/airflow/.local/lib/python3.12/site-packages/airflow/example_dags/tutorial_taskflow_api_virtualenv.py
[2025-01-18T00:15:02.849+0000] {processor.py:925} INFO - DAG(s) 'tutorial_taskflow_api_virtualenv' retrieved from /home/airflow/.local/lib/python3.12/site-packages/airflow/example_dags/tutorial_taskflow_api_virtualenv.py
[2025-01-18T00:15:02.875+0000] {logging_mixin.py:190} INFO - [2025-01-18T00:15:02.875+0000] {dag.py:3239} INFO - Sync 1 DAGs
[2025-01-18T00:15:02.897+0000] {logging_mixin.py:190} INFO - [2025-01-18T00:15:02.896+0000] {dag.py:4180} INFO - Setting next_dagrun for tutorial_taskflow_api_virtualenv to None, run_after=None
[2025-01-18T00:15:02.922+0000] {processor.py:208} INFO - Processing /home/airflow/.local/lib/python3.12/site-packages/airflow/example_dags/tutorial_taskflow_api_virtualenv.py took 0.114 seconds
[2025-01-18T00:15:33.546+0000] {processor.py:186} INFO - Started process (PID=19409) to work on /home/airflow/.local/lib/python3.12/site-packages/airflow/example_dags/tutorial_taskflow_api_virtualenv.py
[2025-01-18T00:15:33.547+0000] {processor.py:914} INFO - Processing file /home/airflow/.local/lib/python3.12/site-packages/airflow/example_dags/tutorial_taskflow_api_virtualenv.py for tasks to queue
[2025-01-18T00:15:33.549+0000] {logging_mixin.py:190} INFO - [2025-01-18T00:15:33.549+0000] {dagbag.py:588} INFO - Filling up the DagBag from /home/airflow/.local/lib/python3.12/site-packages/airflow/example_dags/tutorial_taskflow_api_virtualenv.py
[2025-01-18T00:15:33.561+0000] {processor.py:925} INFO - DAG(s) 'tutorial_taskflow_api_virtualenv' retrieved from /home/airflow/.local/lib/python3.12/site-packages/airflow/example_dags/tutorial_taskflow_api_virtualenv.py
[2025-01-18T00:15:33.584+0000] {logging_mixin.py:190} INFO - [2025-01-18T00:15:33.584+0000] {dag.py:3239} INFO - Sync 1 DAGs
[2025-01-18T00:15:33.604+0000] {logging_mixin.py:190} INFO - [2025-01-18T00:15:33.603+0000] {dag.py:4180} INFO - Setting next_dagrun for tutorial_taskflow_api_virtualenv to None, run_after=None
[2025-01-18T00:15:33.630+0000] {processor.py:208} INFO - Processing /home/airflow/.local/lib/python3.12/site-packages/airflow/example_dags/tutorial_taskflow_api_virtualenv.py took 0.090 seconds
[2025-01-18T00:16:03.734+0000] {processor.py:186} INFO - Started process (PID=19475) to work on /home/airflow/.local/lib/python3.12/site-packages/airflow/example_dags/tutorial_taskflow_api_virtualenv.py
[2025-01-18T00:16:03.735+0000] {processor.py:914} INFO - Processing file /home/airflow/.local/lib/python3.12/site-packages/airflow/example_dags/tutorial_taskflow_api_virtualenv.py for tasks to queue
[2025-01-18T00:16:03.737+0000] {logging_mixin.py:190} INFO - [2025-01-18T00:16:03.737+0000] {dagbag.py:588} INFO - Filling up the DagBag from /home/airflow/.local/lib/python3.12/site-packages/airflow/example_dags/tutorial_taskflow_api_virtualenv.py
[2025-01-18T00:16:03.751+0000] {processor.py:925} INFO - DAG(s) 'tutorial_taskflow_api_virtualenv' retrieved from /home/airflow/.local/lib/python3.12/site-packages/airflow/example_dags/tutorial_taskflow_api_virtualenv.py
[2025-01-18T00:16:03.773+0000] {logging_mixin.py:190} INFO - [2025-01-18T00:16:03.773+0000] {dag.py:3239} INFO - Sync 1 DAGs
[2025-01-18T00:16:03.790+0000] {logging_mixin.py:190} INFO - [2025-01-18T00:16:03.790+0000] {dag.py:4180} INFO - Setting next_dagrun for tutorial_taskflow_api_virtualenv to None, run_after=None
[2025-01-18T00:16:03.816+0000] {processor.py:208} INFO - Processing /home/airflow/.local/lib/python3.12/site-packages/airflow/example_dags/tutorial_taskflow_api_virtualenv.py took 0.087 seconds
[2025-01-18T00:16:34.676+0000] {processor.py:186} INFO - Started process (PID=19542) to work on /home/airflow/.local/lib/python3.12/site-packages/airflow/example_dags/tutorial_taskflow_api_virtualenv.py
[2025-01-18T00:16:34.677+0000] {processor.py:914} INFO - Processing file /home/airflow/.local/lib/python3.12/site-packages/airflow/example_dags/tutorial_taskflow_api_virtualenv.py for tasks to queue
[2025-01-18T00:16:34.681+0000] {logging_mixin.py:190} INFO - [2025-01-18T00:16:34.681+0000] {dagbag.py:588} INFO - Filling up the DagBag from /home/airflow/.local/lib/python3.12/site-packages/airflow/example_dags/tutorial_taskflow_api_virtualenv.py
[2025-01-18T00:16:34.697+0000] {processor.py:925} INFO - DAG(s) 'tutorial_taskflow_api_virtualenv' retrieved from /home/airflow/.local/lib/python3.12/site-packages/airflow/example_dags/tutorial_taskflow_api_virtualenv.py
[2025-01-18T00:16:34.729+0000] {logging_mixin.py:190} INFO - [2025-01-18T00:16:34.729+0000] {dag.py:3239} INFO - Sync 1 DAGs
[2025-01-18T00:16:34.756+0000] {logging_mixin.py:190} INFO - [2025-01-18T00:16:34.756+0000] {dag.py:4180} INFO - Setting next_dagrun for tutorial_taskflow_api_virtualenv to None, run_after=None
[2025-01-18T00:16:34.790+0000] {processor.py:208} INFO - Processing /home/airflow/.local/lib/python3.12/site-packages/airflow/example_dags/tutorial_taskflow_api_virtualenv.py took 0.123 seconds
[2025-01-18T00:17:05.324+0000] {processor.py:186} INFO - Started process (PID=19609) to work on /home/airflow/.local/lib/python3.12/site-packages/airflow/example_dags/tutorial_taskflow_api_virtualenv.py
[2025-01-18T00:17:05.325+0000] {processor.py:914} INFO - Processing file /home/airflow/.local/lib/python3.12/site-packages/airflow/example_dags/tutorial_taskflow_api_virtualenv.py for tasks to queue
[2025-01-18T00:17:05.328+0000] {logging_mixin.py:190} INFO - [2025-01-18T00:17:05.328+0000] {dagbag.py:588} INFO - Filling up the DagBag from /home/airflow/.local/lib/python3.12/site-packages/airflow/example_dags/tutorial_taskflow_api_virtualenv.py
[2025-01-18T00:17:05.341+0000] {processor.py:925} INFO - DAG(s) 'tutorial_taskflow_api_virtualenv' retrieved from /home/airflow/.local/lib/python3.12/site-packages/airflow/example_dags/tutorial_taskflow_api_virtualenv.py
[2025-01-18T00:17:05.362+0000] {logging_mixin.py:190} INFO - [2025-01-18T00:17:05.361+0000] {dag.py:3239} INFO - Sync 1 DAGs
[2025-01-18T00:17:05.377+0000] {logging_mixin.py:190} INFO - [2025-01-18T00:17:05.377+0000] {dag.py:4180} INFO - Setting next_dagrun for tutorial_taskflow_api_virtualenv to None, run_after=None
[2025-01-18T00:17:05.396+0000] {processor.py:208} INFO - Processing /home/airflow/.local/lib/python3.12/site-packages/airflow/example_dags/tutorial_taskflow_api_virtualenv.py took 0.078 seconds
[2025-01-18T00:17:36.028+0000] {processor.py:186} INFO - Started process (PID=19674) to work on /home/airflow/.local/lib/python3.12/site-packages/airflow/example_dags/tutorial_taskflow_api_virtualenv.py
[2025-01-18T00:17:36.030+0000] {processor.py:914} INFO - Processing file /home/airflow/.local/lib/python3.12/site-packages/airflow/example_dags/tutorial_taskflow_api_virtualenv.py for tasks to queue
[2025-01-18T00:17:36.033+0000] {logging_mixin.py:190} INFO - [2025-01-18T00:17:36.033+0000] {dagbag.py:588} INFO - Filling up the DagBag from /home/airflow/.local/lib/python3.12/site-packages/airflow/example_dags/tutorial_taskflow_api_virtualenv.py
[2025-01-18T00:17:36.046+0000] {processor.py:925} INFO - DAG(s) 'tutorial_taskflow_api_virtualenv' retrieved from /home/airflow/.local/lib/python3.12/site-packages/airflow/example_dags/tutorial_taskflow_api_virtualenv.py
[2025-01-18T00:17:36.071+0000] {logging_mixin.py:190} INFO - [2025-01-18T00:17:36.071+0000] {dag.py:3239} INFO - Sync 1 DAGs
[2025-01-18T00:17:36.087+0000] {logging_mixin.py:190} INFO - [2025-01-18T00:17:36.087+0000] {dag.py:4180} INFO - Setting next_dagrun for tutorial_taskflow_api_virtualenv to None, run_after=None
[2025-01-18T00:17:36.112+0000] {processor.py:208} INFO - Processing /home/airflow/.local/lib/python3.12/site-packages/airflow/example_dags/tutorial_taskflow_api_virtualenv.py took 0.089 seconds
[2025-01-18T00:18:07.122+0000] {processor.py:186} INFO - Started process (PID=19748) to work on /home/airflow/.local/lib/python3.12/site-packages/airflow/example_dags/tutorial_taskflow_api_virtualenv.py
[2025-01-18T00:18:07.123+0000] {processor.py:914} INFO - Processing file /home/airflow/.local/lib/python3.12/site-packages/airflow/example_dags/tutorial_taskflow_api_virtualenv.py for tasks to queue
[2025-01-18T00:18:07.125+0000] {logging_mixin.py:190} INFO - [2025-01-18T00:18:07.125+0000] {dagbag.py:588} INFO - Filling up the DagBag from /home/airflow/.local/lib/python3.12/site-packages/airflow/example_dags/tutorial_taskflow_api_virtualenv.py
[2025-01-18T00:18:07.143+0000] {processor.py:925} INFO - DAG(s) 'tutorial_taskflow_api_virtualenv' retrieved from /home/airflow/.local/lib/python3.12/site-packages/airflow/example_dags/tutorial_taskflow_api_virtualenv.py
[2025-01-18T00:18:07.170+0000] {logging_mixin.py:190} INFO - [2025-01-18T00:18:07.169+0000] {dag.py:3239} INFO - Sync 1 DAGs
[2025-01-18T00:18:07.189+0000] {logging_mixin.py:190} INFO - [2025-01-18T00:18:07.189+0000] {dag.py:4180} INFO - Setting next_dagrun for tutorial_taskflow_api_virtualenv to None, run_after=None
[2025-01-18T00:18:07.214+0000] {processor.py:208} INFO - Processing /home/airflow/.local/lib/python3.12/site-packages/airflow/example_dags/tutorial_taskflow_api_virtualenv.py took 0.103 seconds
[2025-01-18T00:18:38.814+0000] {processor.py:186} INFO - Started process (PID=19815) to work on /home/airflow/.local/lib/python3.12/site-packages/airflow/example_dags/tutorial_taskflow_api_virtualenv.py
[2025-01-18T00:18:38.816+0000] {processor.py:914} INFO - Processing file /home/airflow/.local/lib/python3.12/site-packages/airflow/example_dags/tutorial_taskflow_api_virtualenv.py for tasks to queue
[2025-01-18T00:18:38.818+0000] {logging_mixin.py:190} INFO - [2025-01-18T00:18:38.818+0000] {dagbag.py:588} INFO - Filling up the DagBag from /home/airflow/.local/lib/python3.12/site-packages/airflow/example_dags/tutorial_taskflow_api_virtualenv.py
[2025-01-18T00:18:38.834+0000] {processor.py:925} INFO - DAG(s) 'tutorial_taskflow_api_virtualenv' retrieved from /home/airflow/.local/lib/python3.12/site-packages/airflow/example_dags/tutorial_taskflow_api_virtualenv.py
[2025-01-18T00:18:39.073+0000] {logging_mixin.py:190} INFO - [2025-01-18T00:18:39.073+0000] {dag.py:3239} INFO - Sync 1 DAGs
[2025-01-18T00:18:39.089+0000] {logging_mixin.py:190} INFO - [2025-01-18T00:18:39.088+0000] {dag.py:4180} INFO - Setting next_dagrun for tutorial_taskflow_api_virtualenv to None, run_after=None
[2025-01-18T00:18:39.113+0000] {processor.py:208} INFO - Processing /home/airflow/.local/lib/python3.12/site-packages/airflow/example_dags/tutorial_taskflow_api_virtualenv.py took 0.306 seconds
[2025-01-18T00:19:09.632+0000] {processor.py:186} INFO - Started process (PID=19882) to work on /home/airflow/.local/lib/python3.12/site-packages/airflow/example_dags/tutorial_taskflow_api_virtualenv.py
[2025-01-18T00:19:09.634+0000] {processor.py:914} INFO - Processing file /home/airflow/.local/lib/python3.12/site-packages/airflow/example_dags/tutorial_taskflow_api_virtualenv.py for tasks to queue
[2025-01-18T00:19:09.636+0000] {logging_mixin.py:190} INFO - [2025-01-18T00:19:09.636+0000] {dagbag.py:588} INFO - Filling up the DagBag from /home/airflow/.local/lib/python3.12/site-packages/airflow/example_dags/tutorial_taskflow_api_virtualenv.py
[2025-01-18T00:19:09.649+0000] {processor.py:925} INFO - DAG(s) 'tutorial_taskflow_api_virtualenv' retrieved from /home/airflow/.local/lib/python3.12/site-packages/airflow/example_dags/tutorial_taskflow_api_virtualenv.py
[2025-01-18T00:19:09.672+0000] {logging_mixin.py:190} INFO - [2025-01-18T00:19:09.671+0000] {dag.py:3239} INFO - Sync 1 DAGs
[2025-01-18T00:19:09.687+0000] {logging_mixin.py:190} INFO - [2025-01-18T00:19:09.687+0000] {dag.py:4180} INFO - Setting next_dagrun for tutorial_taskflow_api_virtualenv to None, run_after=None
[2025-01-18T00:19:09.709+0000] {processor.py:208} INFO - Processing /home/airflow/.local/lib/python3.12/site-packages/airflow/example_dags/tutorial_taskflow_api_virtualenv.py took 0.083 seconds
[2025-01-18T00:19:40.445+0000] {processor.py:186} INFO - Started process (PID=19949) to work on /home/airflow/.local/lib/python3.12/site-packages/airflow/example_dags/tutorial_taskflow_api_virtualenv.py
[2025-01-18T00:19:40.455+0000] {processor.py:914} INFO - Processing file /home/airflow/.local/lib/python3.12/site-packages/airflow/example_dags/tutorial_taskflow_api_virtualenv.py for tasks to queue
[2025-01-18T00:19:40.459+0000] {logging_mixin.py:190} INFO - [2025-01-18T00:19:40.459+0000] {dagbag.py:588} INFO - Filling up the DagBag from /home/airflow/.local/lib/python3.12/site-packages/airflow/example_dags/tutorial_taskflow_api_virtualenv.py
[2025-01-18T00:19:40.489+0000] {processor.py:925} INFO - DAG(s) 'tutorial_taskflow_api_virtualenv' retrieved from /home/airflow/.local/lib/python3.12/site-packages/airflow/example_dags/tutorial_taskflow_api_virtualenv.py
[2025-01-18T00:19:40.544+0000] {logging_mixin.py:190} INFO - [2025-01-18T00:19:40.543+0000] {dag.py:3239} INFO - Sync 1 DAGs
[2025-01-18T00:19:40.581+0000] {logging_mixin.py:190} INFO - [2025-01-18T00:19:40.581+0000] {dag.py:4180} INFO - Setting next_dagrun for tutorial_taskflow_api_virtualenv to None, run_after=None
[2025-01-18T00:19:40.624+0000] {processor.py:208} INFO - Processing /home/airflow/.local/lib/python3.12/site-packages/airflow/example_dags/tutorial_taskflow_api_virtualenv.py took 0.201 seconds
[2025-01-18T00:20:11.223+0000] {processor.py:186} INFO - Started process (PID=20016) to work on /home/airflow/.local/lib/python3.12/site-packages/airflow/example_dags/tutorial_taskflow_api_virtualenv.py
[2025-01-18T00:20:11.225+0000] {processor.py:914} INFO - Processing file /home/airflow/.local/lib/python3.12/site-packages/airflow/example_dags/tutorial_taskflow_api_virtualenv.py for tasks to queue
[2025-01-18T00:20:11.230+0000] {logging_mixin.py:190} INFO - [2025-01-18T00:20:11.229+0000] {dagbag.py:588} INFO - Filling up the DagBag from /home/airflow/.local/lib/python3.12/site-packages/airflow/example_dags/tutorial_taskflow_api_virtualenv.py
[2025-01-18T00:20:11.254+0000] {processor.py:925} INFO - DAG(s) 'tutorial_taskflow_api_virtualenv' retrieved from /home/airflow/.local/lib/python3.12/site-packages/airflow/example_dags/tutorial_taskflow_api_virtualenv.py
[2025-01-18T00:20:11.297+0000] {logging_mixin.py:190} INFO - [2025-01-18T00:20:11.297+0000] {dag.py:3239} INFO - Sync 1 DAGs
[2025-01-18T00:20:11.326+0000] {logging_mixin.py:190} INFO - [2025-01-18T00:20:11.326+0000] {dag.py:4180} INFO - Setting next_dagrun for tutorial_taskflow_api_virtualenv to None, run_after=None
[2025-01-18T00:20:11.367+0000] {processor.py:208} INFO - Processing /home/airflow/.local/lib/python3.12/site-packages/airflow/example_dags/tutorial_taskflow_api_virtualenv.py took 0.156 seconds
[2025-01-18T00:20:41.513+0000] {processor.py:186} INFO - Started process (PID=20082) to work on /home/airflow/.local/lib/python3.12/site-packages/airflow/example_dags/tutorial_taskflow_api_virtualenv.py
[2025-01-18T00:20:41.515+0000] {processor.py:914} INFO - Processing file /home/airflow/.local/lib/python3.12/site-packages/airflow/example_dags/tutorial_taskflow_api_virtualenv.py for tasks to queue
[2025-01-18T00:20:41.521+0000] {logging_mixin.py:190} INFO - [2025-01-18T00:20:41.520+0000] {dagbag.py:588} INFO - Filling up the DagBag from /home/airflow/.local/lib/python3.12/site-packages/airflow/example_dags/tutorial_taskflow_api_virtualenv.py
[2025-01-18T00:20:41.544+0000] {processor.py:925} INFO - DAG(s) 'tutorial_taskflow_api_virtualenv' retrieved from /home/airflow/.local/lib/python3.12/site-packages/airflow/example_dags/tutorial_taskflow_api_virtualenv.py
[2025-01-18T00:20:41.575+0000] {logging_mixin.py:190} INFO - [2025-01-18T00:20:41.574+0000] {dag.py:3239} INFO - Sync 1 DAGs
[2025-01-18T00:20:41.603+0000] {logging_mixin.py:190} INFO - [2025-01-18T00:20:41.603+0000] {dag.py:4180} INFO - Setting next_dagrun for tutorial_taskflow_api_virtualenv to None, run_after=None
[2025-01-18T00:20:41.637+0000] {processor.py:208} INFO - Processing /home/airflow/.local/lib/python3.12/site-packages/airflow/example_dags/tutorial_taskflow_api_virtualenv.py took 0.132 seconds
[2025-01-18T00:21:11.991+0000] {processor.py:186} INFO - Started process (PID=20149) to work on /home/airflow/.local/lib/python3.12/site-packages/airflow/example_dags/tutorial_taskflow_api_virtualenv.py
[2025-01-18T00:21:11.992+0000] {processor.py:914} INFO - Processing file /home/airflow/.local/lib/python3.12/site-packages/airflow/example_dags/tutorial_taskflow_api_virtualenv.py for tasks to queue
[2025-01-18T00:21:11.994+0000] {logging_mixin.py:190} INFO - [2025-01-18T00:21:11.994+0000] {dagbag.py:588} INFO - Filling up the DagBag from /home/airflow/.local/lib/python3.12/site-packages/airflow/example_dags/tutorial_taskflow_api_virtualenv.py
[2025-01-18T00:21:12.007+0000] {processor.py:925} INFO - DAG(s) 'tutorial_taskflow_api_virtualenv' retrieved from /home/airflow/.local/lib/python3.12/site-packages/airflow/example_dags/tutorial_taskflow_api_virtualenv.py
[2025-01-18T00:21:12.029+0000] {logging_mixin.py:190} INFO - [2025-01-18T00:21:12.028+0000] {dag.py:3239} INFO - Sync 1 DAGs
[2025-01-18T00:21:12.045+0000] {logging_mixin.py:190} INFO - [2025-01-18T00:21:12.045+0000] {dag.py:4180} INFO - Setting next_dagrun for tutorial_taskflow_api_virtualenv to None, run_after=None
[2025-01-18T00:21:12.066+0000] {processor.py:208} INFO - Processing /home/airflow/.local/lib/python3.12/site-packages/airflow/example_dags/tutorial_taskflow_api_virtualenv.py took 0.082 seconds
[2025-01-18T00:21:42.456+0000] {processor.py:186} INFO - Started process (PID=20216) to work on /home/airflow/.local/lib/python3.12/site-packages/airflow/example_dags/tutorial_taskflow_api_virtualenv.py
[2025-01-18T00:21:42.457+0000] {processor.py:914} INFO - Processing file /home/airflow/.local/lib/python3.12/site-packages/airflow/example_dags/tutorial_taskflow_api_virtualenv.py for tasks to queue
[2025-01-18T00:21:42.460+0000] {logging_mixin.py:190} INFO - [2025-01-18T00:21:42.460+0000] {dagbag.py:588} INFO - Filling up the DagBag from /home/airflow/.local/lib/python3.12/site-packages/airflow/example_dags/tutorial_taskflow_api_virtualenv.py
[2025-01-18T00:21:42.474+0000] {processor.py:925} INFO - DAG(s) 'tutorial_taskflow_api_virtualenv' retrieved from /home/airflow/.local/lib/python3.12/site-packages/airflow/example_dags/tutorial_taskflow_api_virtualenv.py
[2025-01-18T00:21:42.497+0000] {logging_mixin.py:190} INFO - [2025-01-18T00:21:42.496+0000] {dag.py:3239} INFO - Sync 1 DAGs
[2025-01-18T00:21:42.515+0000] {logging_mixin.py:190} INFO - [2025-01-18T00:21:42.515+0000] {dag.py:4180} INFO - Setting next_dagrun for tutorial_taskflow_api_virtualenv to None, run_after=None
[2025-01-18T00:21:42.542+0000] {processor.py:208} INFO - Processing /home/airflow/.local/lib/python3.12/site-packages/airflow/example_dags/tutorial_taskflow_api_virtualenv.py took 0.093 seconds
[2025-01-18T00:22:12.844+0000] {processor.py:186} INFO - Started process (PID=20289) to work on /home/airflow/.local/lib/python3.12/site-packages/airflow/example_dags/tutorial_taskflow_api_virtualenv.py
[2025-01-18T00:22:12.847+0000] {processor.py:914} INFO - Processing file /home/airflow/.local/lib/python3.12/site-packages/airflow/example_dags/tutorial_taskflow_api_virtualenv.py for tasks to queue
[2025-01-18T00:22:12.849+0000] {logging_mixin.py:190} INFO - [2025-01-18T00:22:12.849+0000] {dagbag.py:588} INFO - Filling up the DagBag from /home/airflow/.local/lib/python3.12/site-packages/airflow/example_dags/tutorial_taskflow_api_virtualenv.py
[2025-01-18T00:22:12.865+0000] {processor.py:925} INFO - DAG(s) 'tutorial_taskflow_api_virtualenv' retrieved from /home/airflow/.local/lib/python3.12/site-packages/airflow/example_dags/tutorial_taskflow_api_virtualenv.py
[2025-01-18T00:22:12.889+0000] {logging_mixin.py:190} INFO - [2025-01-18T00:22:12.888+0000] {dag.py:3239} INFO - Sync 1 DAGs
[2025-01-18T00:22:12.906+0000] {logging_mixin.py:190} INFO - [2025-01-18T00:22:12.906+0000] {dag.py:4180} INFO - Setting next_dagrun for tutorial_taskflow_api_virtualenv to None, run_after=None
[2025-01-18T00:22:12.928+0000] {processor.py:208} INFO - Processing /home/airflow/.local/lib/python3.12/site-packages/airflow/example_dags/tutorial_taskflow_api_virtualenv.py took 0.092 seconds
[2025-01-18T00:22:43.585+0000] {processor.py:186} INFO - Started process (PID=20356) to work on /home/airflow/.local/lib/python3.12/site-packages/airflow/example_dags/tutorial_taskflow_api_virtualenv.py
[2025-01-18T00:22:43.595+0000] {processor.py:914} INFO - Processing file /home/airflow/.local/lib/python3.12/site-packages/airflow/example_dags/tutorial_taskflow_api_virtualenv.py for tasks to queue
[2025-01-18T00:22:43.597+0000] {logging_mixin.py:190} INFO - [2025-01-18T00:22:43.597+0000] {dagbag.py:588} INFO - Filling up the DagBag from /home/airflow/.local/lib/python3.12/site-packages/airflow/example_dags/tutorial_taskflow_api_virtualenv.py
[2025-01-18T00:22:43.612+0000] {processor.py:925} INFO - DAG(s) 'tutorial_taskflow_api_virtualenv' retrieved from /home/airflow/.local/lib/python3.12/site-packages/airflow/example_dags/tutorial_taskflow_api_virtualenv.py
[2025-01-18T00:22:43.641+0000] {logging_mixin.py:190} INFO - [2025-01-18T00:22:43.640+0000] {dag.py:3239} INFO - Sync 1 DAGs
[2025-01-18T00:22:43.662+0000] {logging_mixin.py:190} INFO - [2025-01-18T00:22:43.661+0000] {dag.py:4180} INFO - Setting next_dagrun for tutorial_taskflow_api_virtualenv to None, run_after=None
[2025-01-18T00:22:43.691+0000] {processor.py:208} INFO - Processing /home/airflow/.local/lib/python3.12/site-packages/airflow/example_dags/tutorial_taskflow_api_virtualenv.py took 0.113 seconds
[2025-01-18T00:23:13.781+0000] {processor.py:186} INFO - Started process (PID=20423) to work on /home/airflow/.local/lib/python3.12/site-packages/airflow/example_dags/tutorial_taskflow_api_virtualenv.py
[2025-01-18T00:23:13.782+0000] {processor.py:914} INFO - Processing file /home/airflow/.local/lib/python3.12/site-packages/airflow/example_dags/tutorial_taskflow_api_virtualenv.py for tasks to queue
[2025-01-18T00:23:13.785+0000] {logging_mixin.py:190} INFO - [2025-01-18T00:23:13.785+0000] {dagbag.py:588} INFO - Filling up the DagBag from /home/airflow/.local/lib/python3.12/site-packages/airflow/example_dags/tutorial_taskflow_api_virtualenv.py
[2025-01-18T00:23:13.801+0000] {processor.py:925} INFO - DAG(s) 'tutorial_taskflow_api_virtualenv' retrieved from /home/airflow/.local/lib/python3.12/site-packages/airflow/example_dags/tutorial_taskflow_api_virtualenv.py
[2025-01-18T00:23:13.829+0000] {logging_mixin.py:190} INFO - [2025-01-18T00:23:13.828+0000] {dag.py:3239} INFO - Sync 1 DAGs
[2025-01-18T00:23:13.854+0000] {logging_mixin.py:190} INFO - [2025-01-18T00:23:13.853+0000] {dag.py:4180} INFO - Setting next_dagrun for tutorial_taskflow_api_virtualenv to None, run_after=None
[2025-01-18T00:23:13.886+0000] {processor.py:208} INFO - Processing /home/airflow/.local/lib/python3.12/site-packages/airflow/example_dags/tutorial_taskflow_api_virtualenv.py took 0.112 seconds
[2025-01-18T00:23:44.569+0000] {processor.py:186} INFO - Started process (PID=20490) to work on /home/airflow/.local/lib/python3.12/site-packages/airflow/example_dags/tutorial_taskflow_api_virtualenv.py
[2025-01-18T00:23:44.570+0000] {processor.py:914} INFO - Processing file /home/airflow/.local/lib/python3.12/site-packages/airflow/example_dags/tutorial_taskflow_api_virtualenv.py for tasks to queue
[2025-01-18T00:23:44.573+0000] {logging_mixin.py:190} INFO - [2025-01-18T00:23:44.573+0000] {dagbag.py:588} INFO - Filling up the DagBag from /home/airflow/.local/lib/python3.12/site-packages/airflow/example_dags/tutorial_taskflow_api_virtualenv.py
[2025-01-18T00:23:44.586+0000] {processor.py:925} INFO - DAG(s) 'tutorial_taskflow_api_virtualenv' retrieved from /home/airflow/.local/lib/python3.12/site-packages/airflow/example_dags/tutorial_taskflow_api_virtualenv.py
[2025-01-18T00:23:44.612+0000] {logging_mixin.py:190} INFO - [2025-01-18T00:23:44.611+0000] {dag.py:3239} INFO - Sync 1 DAGs
[2025-01-18T00:23:44.629+0000] {logging_mixin.py:190} INFO - [2025-01-18T00:23:44.629+0000] {dag.py:4180} INFO - Setting next_dagrun for tutorial_taskflow_api_virtualenv to None, run_after=None
[2025-01-18T00:23:44.653+0000] {processor.py:208} INFO - Processing /home/airflow/.local/lib/python3.12/site-packages/airflow/example_dags/tutorial_taskflow_api_virtualenv.py took 0.091 seconds
[2025-01-18T00:24:15.061+0000] {processor.py:186} INFO - Started process (PID=20557) to work on /home/airflow/.local/lib/python3.12/site-packages/airflow/example_dags/tutorial_taskflow_api_virtualenv.py
[2025-01-18T00:24:15.062+0000] {processor.py:914} INFO - Processing file /home/airflow/.local/lib/python3.12/site-packages/airflow/example_dags/tutorial_taskflow_api_virtualenv.py for tasks to queue
[2025-01-18T00:24:15.064+0000] {logging_mixin.py:190} INFO - [2025-01-18T00:24:15.064+0000] {dagbag.py:588} INFO - Filling up the DagBag from /home/airflow/.local/lib/python3.12/site-packages/airflow/example_dags/tutorial_taskflow_api_virtualenv.py
[2025-01-18T00:24:15.075+0000] {processor.py:925} INFO - DAG(s) 'tutorial_taskflow_api_virtualenv' retrieved from /home/airflow/.local/lib/python3.12/site-packages/airflow/example_dags/tutorial_taskflow_api_virtualenv.py
[2025-01-18T00:24:15.096+0000] {logging_mixin.py:190} INFO - [2025-01-18T00:24:15.096+0000] {dag.py:3239} INFO - Sync 1 DAGs
[2025-01-18T00:24:15.116+0000] {logging_mixin.py:190} INFO - [2025-01-18T00:24:15.116+0000] {dag.py:4180} INFO - Setting next_dagrun for tutorial_taskflow_api_virtualenv to None, run_after=None
[2025-01-18T00:24:15.140+0000] {processor.py:208} INFO - Processing /home/airflow/.local/lib/python3.12/site-packages/airflow/example_dags/tutorial_taskflow_api_virtualenv.py took 0.084 seconds
[2025-01-18T00:24:45.449+0000] {processor.py:186} INFO - Started process (PID=20624) to work on /home/airflow/.local/lib/python3.12/site-packages/airflow/example_dags/tutorial_taskflow_api_virtualenv.py
[2025-01-18T00:24:45.451+0000] {processor.py:914} INFO - Processing file /home/airflow/.local/lib/python3.12/site-packages/airflow/example_dags/tutorial_taskflow_api_virtualenv.py for tasks to queue
[2025-01-18T00:24:45.453+0000] {logging_mixin.py:190} INFO - [2025-01-18T00:24:45.453+0000] {dagbag.py:588} INFO - Filling up the DagBag from /home/airflow/.local/lib/python3.12/site-packages/airflow/example_dags/tutorial_taskflow_api_virtualenv.py
[2025-01-18T00:24:45.469+0000] {processor.py:925} INFO - DAG(s) 'tutorial_taskflow_api_virtualenv' retrieved from /home/airflow/.local/lib/python3.12/site-packages/airflow/example_dags/tutorial_taskflow_api_virtualenv.py
[2025-01-18T00:24:45.498+0000] {logging_mixin.py:190} INFO - [2025-01-18T00:24:45.498+0000] {dag.py:3239} INFO - Sync 1 DAGs
[2025-01-18T00:24:45.517+0000] {logging_mixin.py:190} INFO - [2025-01-18T00:24:45.517+0000] {dag.py:4180} INFO - Setting next_dagrun for tutorial_taskflow_api_virtualenv to None, run_after=None
[2025-01-18T00:24:45.542+0000] {processor.py:208} INFO - Processing /home/airflow/.local/lib/python3.12/site-packages/airflow/example_dags/tutorial_taskflow_api_virtualenv.py took 0.099 seconds
[2025-01-18T00:25:16.257+0000] {processor.py:186} INFO - Started process (PID=20691) to work on /home/airflow/.local/lib/python3.12/site-packages/airflow/example_dags/tutorial_taskflow_api_virtualenv.py
[2025-01-18T00:25:16.258+0000] {processor.py:914} INFO - Processing file /home/airflow/.local/lib/python3.12/site-packages/airflow/example_dags/tutorial_taskflow_api_virtualenv.py for tasks to queue
[2025-01-18T00:25:16.262+0000] {logging_mixin.py:190} INFO - [2025-01-18T00:25:16.261+0000] {dagbag.py:588} INFO - Filling up the DagBag from /home/airflow/.local/lib/python3.12/site-packages/airflow/example_dags/tutorial_taskflow_api_virtualenv.py
[2025-01-18T00:25:16.281+0000] {processor.py:925} INFO - DAG(s) 'tutorial_taskflow_api_virtualenv' retrieved from /home/airflow/.local/lib/python3.12/site-packages/airflow/example_dags/tutorial_taskflow_api_virtualenv.py
[2025-01-18T00:25:16.310+0000] {logging_mixin.py:190} INFO - [2025-01-18T00:25:16.310+0000] {dag.py:3239} INFO - Sync 1 DAGs
[2025-01-18T00:25:16.329+0000] {logging_mixin.py:190} INFO - [2025-01-18T00:25:16.329+0000] {dag.py:4180} INFO - Setting next_dagrun for tutorial_taskflow_api_virtualenv to None, run_after=None
[2025-01-18T00:25:16.357+0000] {processor.py:208} INFO - Processing /home/airflow/.local/lib/python3.12/site-packages/airflow/example_dags/tutorial_taskflow_api_virtualenv.py took 0.111 seconds
[2025-01-18T00:25:47.026+0000] {processor.py:186} INFO - Started process (PID=20758) to work on /home/airflow/.local/lib/python3.12/site-packages/airflow/example_dags/tutorial_taskflow_api_virtualenv.py
[2025-01-18T00:25:47.027+0000] {processor.py:914} INFO - Processing file /home/airflow/.local/lib/python3.12/site-packages/airflow/example_dags/tutorial_taskflow_api_virtualenv.py for tasks to queue
[2025-01-18T00:25:47.030+0000] {logging_mixin.py:190} INFO - [2025-01-18T00:25:47.029+0000] {dagbag.py:588} INFO - Filling up the DagBag from /home/airflow/.local/lib/python3.12/site-packages/airflow/example_dags/tutorial_taskflow_api_virtualenv.py
[2025-01-18T00:25:47.044+0000] {processor.py:925} INFO - DAG(s) 'tutorial_taskflow_api_virtualenv' retrieved from /home/airflow/.local/lib/python3.12/site-packages/airflow/example_dags/tutorial_taskflow_api_virtualenv.py
[2025-01-18T00:25:47.073+0000] {logging_mixin.py:190} INFO - [2025-01-18T00:25:47.072+0000] {dag.py:3239} INFO - Sync 1 DAGs
[2025-01-18T00:25:47.097+0000] {logging_mixin.py:190} INFO - [2025-01-18T00:25:47.097+0000] {dag.py:4180} INFO - Setting next_dagrun for tutorial_taskflow_api_virtualenv to None, run_after=None
[2025-01-18T00:25:47.126+0000] {processor.py:208} INFO - Processing /home/airflow/.local/lib/python3.12/site-packages/airflow/example_dags/tutorial_taskflow_api_virtualenv.py took 0.107 seconds
[2025-01-18T00:26:17.667+0000] {processor.py:186} INFO - Started process (PID=20831) to work on /home/airflow/.local/lib/python3.12/site-packages/airflow/example_dags/tutorial_taskflow_api_virtualenv.py
[2025-01-18T00:26:17.668+0000] {processor.py:914} INFO - Processing file /home/airflow/.local/lib/python3.12/site-packages/airflow/example_dags/tutorial_taskflow_api_virtualenv.py for tasks to queue
[2025-01-18T00:26:17.671+0000] {logging_mixin.py:190} INFO - [2025-01-18T00:26:17.670+0000] {dagbag.py:588} INFO - Filling up the DagBag from /home/airflow/.local/lib/python3.12/site-packages/airflow/example_dags/tutorial_taskflow_api_virtualenv.py
[2025-01-18T00:26:17.684+0000] {processor.py:925} INFO - DAG(s) 'tutorial_taskflow_api_virtualenv' retrieved from /home/airflow/.local/lib/python3.12/site-packages/airflow/example_dags/tutorial_taskflow_api_virtualenv.py
[2025-01-18T00:26:17.705+0000] {logging_mixin.py:190} INFO - [2025-01-18T00:26:17.705+0000] {dag.py:3239} INFO - Sync 1 DAGs
[2025-01-18T00:26:17.721+0000] {logging_mixin.py:190} INFO - [2025-01-18T00:26:17.720+0000] {dag.py:4180} INFO - Setting next_dagrun for tutorial_taskflow_api_virtualenv to None, run_after=None
[2025-01-18T00:26:17.746+0000] {processor.py:208} INFO - Processing /home/airflow/.local/lib/python3.12/site-packages/airflow/example_dags/tutorial_taskflow_api_virtualenv.py took 0.086 seconds
[2025-01-18T00:26:48.492+0000] {processor.py:186} INFO - Started process (PID=20898) to work on /home/airflow/.local/lib/python3.12/site-packages/airflow/example_dags/tutorial_taskflow_api_virtualenv.py
[2025-01-18T00:26:48.493+0000] {processor.py:914} INFO - Processing file /home/airflow/.local/lib/python3.12/site-packages/airflow/example_dags/tutorial_taskflow_api_virtualenv.py for tasks to queue
[2025-01-18T00:26:48.495+0000] {logging_mixin.py:190} INFO - [2025-01-18T00:26:48.495+0000] {dagbag.py:588} INFO - Filling up the DagBag from /home/airflow/.local/lib/python3.12/site-packages/airflow/example_dags/tutorial_taskflow_api_virtualenv.py
[2025-01-18T00:26:48.508+0000] {processor.py:925} INFO - DAG(s) 'tutorial_taskflow_api_virtualenv' retrieved from /home/airflow/.local/lib/python3.12/site-packages/airflow/example_dags/tutorial_taskflow_api_virtualenv.py
[2025-01-18T00:26:48.531+0000] {logging_mixin.py:190} INFO - [2025-01-18T00:26:48.531+0000] {dag.py:3239} INFO - Sync 1 DAGs
[2025-01-18T00:26:48.548+0000] {logging_mixin.py:190} INFO - [2025-01-18T00:26:48.548+0000] {dag.py:4180} INFO - Setting next_dagrun for tutorial_taskflow_api_virtualenv to None, run_after=None
[2025-01-18T00:26:48.573+0000] {processor.py:208} INFO - Processing /home/airflow/.local/lib/python3.12/site-packages/airflow/example_dags/tutorial_taskflow_api_virtualenv.py took 0.087 seconds
[2025-01-18T00:27:19.385+0000] {processor.py:186} INFO - Started process (PID=20965) to work on /home/airflow/.local/lib/python3.12/site-packages/airflow/example_dags/tutorial_taskflow_api_virtualenv.py
[2025-01-18T00:27:19.386+0000] {processor.py:914} INFO - Processing file /home/airflow/.local/lib/python3.12/site-packages/airflow/example_dags/tutorial_taskflow_api_virtualenv.py for tasks to queue
[2025-01-18T00:27:19.389+0000] {logging_mixin.py:190} INFO - [2025-01-18T00:27:19.388+0000] {dagbag.py:588} INFO - Filling up the DagBag from /home/airflow/.local/lib/python3.12/site-packages/airflow/example_dags/tutorial_taskflow_api_virtualenv.py
[2025-01-18T00:27:19.401+0000] {processor.py:925} INFO - DAG(s) 'tutorial_taskflow_api_virtualenv' retrieved from /home/airflow/.local/lib/python3.12/site-packages/airflow/example_dags/tutorial_taskflow_api_virtualenv.py
[2025-01-18T00:27:19.424+0000] {logging_mixin.py:190} INFO - [2025-01-18T00:27:19.423+0000] {dag.py:3239} INFO - Sync 1 DAGs
[2025-01-18T00:27:19.443+0000] {logging_mixin.py:190} INFO - [2025-01-18T00:27:19.442+0000] {dag.py:4180} INFO - Setting next_dagrun for tutorial_taskflow_api_virtualenv to None, run_after=None
[2025-01-18T00:27:19.475+0000] {processor.py:208} INFO - Processing /home/airflow/.local/lib/python3.12/site-packages/airflow/example_dags/tutorial_taskflow_api_virtualenv.py took 0.095 seconds
[2025-01-18T00:27:50.062+0000] {processor.py:186} INFO - Started process (PID=21032) to work on /home/airflow/.local/lib/python3.12/site-packages/airflow/example_dags/tutorial_taskflow_api_virtualenv.py
[2025-01-18T00:27:50.063+0000] {processor.py:914} INFO - Processing file /home/airflow/.local/lib/python3.12/site-packages/airflow/example_dags/tutorial_taskflow_api_virtualenv.py for tasks to queue
[2025-01-18T00:27:50.066+0000] {logging_mixin.py:190} INFO - [2025-01-18T00:27:50.066+0000] {dagbag.py:588} INFO - Filling up the DagBag from /home/airflow/.local/lib/python3.12/site-packages/airflow/example_dags/tutorial_taskflow_api_virtualenv.py
[2025-01-18T00:27:50.078+0000] {processor.py:925} INFO - DAG(s) 'tutorial_taskflow_api_virtualenv' retrieved from /home/airflow/.local/lib/python3.12/site-packages/airflow/example_dags/tutorial_taskflow_api_virtualenv.py
[2025-01-18T00:27:50.097+0000] {logging_mixin.py:190} INFO - [2025-01-18T00:27:50.097+0000] {dag.py:3239} INFO - Sync 1 DAGs
[2025-01-18T00:27:50.112+0000] {logging_mixin.py:190} INFO - [2025-01-18T00:27:50.112+0000] {dag.py:4180} INFO - Setting next_dagrun for tutorial_taskflow_api_virtualenv to None, run_after=None
[2025-01-18T00:27:50.133+0000] {processor.py:208} INFO - Processing /home/airflow/.local/lib/python3.12/site-packages/airflow/example_dags/tutorial_taskflow_api_virtualenv.py took 0.078 seconds
[2025-01-18T00:28:20.473+0000] {processor.py:186} INFO - Started process (PID=21098) to work on /home/airflow/.local/lib/python3.12/site-packages/airflow/example_dags/tutorial_taskflow_api_virtualenv.py
[2025-01-18T00:28:20.474+0000] {processor.py:914} INFO - Processing file /home/airflow/.local/lib/python3.12/site-packages/airflow/example_dags/tutorial_taskflow_api_virtualenv.py for tasks to queue
[2025-01-18T00:28:20.476+0000] {logging_mixin.py:190} INFO - [2025-01-18T00:28:20.476+0000] {dagbag.py:588} INFO - Filling up the DagBag from /home/airflow/.local/lib/python3.12/site-packages/airflow/example_dags/tutorial_taskflow_api_virtualenv.py
[2025-01-18T00:28:20.487+0000] {processor.py:925} INFO - DAG(s) 'tutorial_taskflow_api_virtualenv' retrieved from /home/airflow/.local/lib/python3.12/site-packages/airflow/example_dags/tutorial_taskflow_api_virtualenv.py
[2025-01-18T00:28:20.507+0000] {logging_mixin.py:190} INFO - [2025-01-18T00:28:20.506+0000] {dag.py:3239} INFO - Sync 1 DAGs
[2025-01-18T00:28:20.523+0000] {logging_mixin.py:190} INFO - [2025-01-18T00:28:20.522+0000] {dag.py:4180} INFO - Setting next_dagrun for tutorial_taskflow_api_virtualenv to None, run_after=None
[2025-01-18T00:28:20.548+0000] {processor.py:208} INFO - Processing /home/airflow/.local/lib/python3.12/site-packages/airflow/example_dags/tutorial_taskflow_api_virtualenv.py took 0.080 seconds
[2025-01-18T00:28:50.936+0000] {processor.py:186} INFO - Started process (PID=21165) to work on /home/airflow/.local/lib/python3.12/site-packages/airflow/example_dags/tutorial_taskflow_api_virtualenv.py
[2025-01-18T00:28:50.937+0000] {processor.py:914} INFO - Processing file /home/airflow/.local/lib/python3.12/site-packages/airflow/example_dags/tutorial_taskflow_api_virtualenv.py for tasks to queue
[2025-01-18T00:28:50.940+0000] {logging_mixin.py:190} INFO - [2025-01-18T00:28:50.940+0000] {dagbag.py:588} INFO - Filling up the DagBag from /home/airflow/.local/lib/python3.12/site-packages/airflow/example_dags/tutorial_taskflow_api_virtualenv.py
[2025-01-18T00:28:50.954+0000] {processor.py:925} INFO - DAG(s) 'tutorial_taskflow_api_virtualenv' retrieved from /home/airflow/.local/lib/python3.12/site-packages/airflow/example_dags/tutorial_taskflow_api_virtualenv.py
[2025-01-18T00:28:50.974+0000] {logging_mixin.py:190} INFO - [2025-01-18T00:28:50.974+0000] {dag.py:3239} INFO - Sync 1 DAGs
[2025-01-18T00:28:50.989+0000] {logging_mixin.py:190} INFO - [2025-01-18T00:28:50.989+0000] {dag.py:4180} INFO - Setting next_dagrun for tutorial_taskflow_api_virtualenv to None, run_after=None
[2025-01-18T00:28:51.012+0000] {processor.py:208} INFO - Processing /home/airflow/.local/lib/python3.12/site-packages/airflow/example_dags/tutorial_taskflow_api_virtualenv.py took 0.082 seconds
[2025-01-18T00:29:21.462+0000] {processor.py:186} INFO - Started process (PID=21232) to work on /home/airflow/.local/lib/python3.12/site-packages/airflow/example_dags/tutorial_taskflow_api_virtualenv.py
[2025-01-18T00:29:21.464+0000] {processor.py:914} INFO - Processing file /home/airflow/.local/lib/python3.12/site-packages/airflow/example_dags/tutorial_taskflow_api_virtualenv.py for tasks to queue
[2025-01-18T00:29:21.467+0000] {logging_mixin.py:190} INFO - [2025-01-18T00:29:21.467+0000] {dagbag.py:588} INFO - Filling up the DagBag from /home/airflow/.local/lib/python3.12/site-packages/airflow/example_dags/tutorial_taskflow_api_virtualenv.py
[2025-01-18T00:29:21.488+0000] {processor.py:925} INFO - DAG(s) 'tutorial_taskflow_api_virtualenv' retrieved from /home/airflow/.local/lib/python3.12/site-packages/airflow/example_dags/tutorial_taskflow_api_virtualenv.py
[2025-01-18T00:29:21.523+0000] {logging_mixin.py:190} INFO - [2025-01-18T00:29:21.522+0000] {dag.py:3239} INFO - Sync 1 DAGs
[2025-01-18T00:29:21.556+0000] {logging_mixin.py:190} INFO - [2025-01-18T00:29:21.555+0000] {dag.py:4180} INFO - Setting next_dagrun for tutorial_taskflow_api_virtualenv to None, run_after=None
[2025-01-18T00:29:21.596+0000] {processor.py:208} INFO - Processing /home/airflow/.local/lib/python3.12/site-packages/airflow/example_dags/tutorial_taskflow_api_virtualenv.py took 0.142 seconds
[2025-01-18T00:29:52.365+0000] {processor.py:186} INFO - Started process (PID=21299) to work on /home/airflow/.local/lib/python3.12/site-packages/airflow/example_dags/tutorial_taskflow_api_virtualenv.py
[2025-01-18T00:29:52.366+0000] {processor.py:914} INFO - Processing file /home/airflow/.local/lib/python3.12/site-packages/airflow/example_dags/tutorial_taskflow_api_virtualenv.py for tasks to queue
[2025-01-18T00:29:52.369+0000] {logging_mixin.py:190} INFO - [2025-01-18T00:29:52.369+0000] {dagbag.py:588} INFO - Filling up the DagBag from /home/airflow/.local/lib/python3.12/site-packages/airflow/example_dags/tutorial_taskflow_api_virtualenv.py
[2025-01-18T00:29:52.389+0000] {processor.py:925} INFO - DAG(s) 'tutorial_taskflow_api_virtualenv' retrieved from /home/airflow/.local/lib/python3.12/site-packages/airflow/example_dags/tutorial_taskflow_api_virtualenv.py
[2025-01-18T00:29:52.422+0000] {logging_mixin.py:190} INFO - [2025-01-18T00:29:52.422+0000] {dag.py:3239} INFO - Sync 1 DAGs
[2025-01-18T00:29:52.448+0000] {logging_mixin.py:190} INFO - [2025-01-18T00:29:52.447+0000] {dag.py:4180} INFO - Setting next_dagrun for tutorial_taskflow_api_virtualenv to None, run_after=None
[2025-01-18T00:29:52.482+0000] {processor.py:208} INFO - Processing /home/airflow/.local/lib/python3.12/site-packages/airflow/example_dags/tutorial_taskflow_api_virtualenv.py took 0.127 seconds
[2025-01-18T00:30:22.884+0000] {processor.py:186} INFO - Started process (PID=21366) to work on /home/airflow/.local/lib/python3.12/site-packages/airflow/example_dags/tutorial_taskflow_api_virtualenv.py
[2025-01-18T00:30:22.885+0000] {processor.py:914} INFO - Processing file /home/airflow/.local/lib/python3.12/site-packages/airflow/example_dags/tutorial_taskflow_api_virtualenv.py for tasks to queue
[2025-01-18T00:30:22.887+0000] {logging_mixin.py:190} INFO - [2025-01-18T00:30:22.887+0000] {dagbag.py:588} INFO - Filling up the DagBag from /home/airflow/.local/lib/python3.12/site-packages/airflow/example_dags/tutorial_taskflow_api_virtualenv.py
[2025-01-18T00:30:22.900+0000] {processor.py:925} INFO - DAG(s) 'tutorial_taskflow_api_virtualenv' retrieved from /home/airflow/.local/lib/python3.12/site-packages/airflow/example_dags/tutorial_taskflow_api_virtualenv.py
[2025-01-18T00:30:22.922+0000] {logging_mixin.py:190} INFO - [2025-01-18T00:30:22.921+0000] {dag.py:3239} INFO - Sync 1 DAGs
[2025-01-18T00:30:22.938+0000] {logging_mixin.py:190} INFO - [2025-01-18T00:30:22.938+0000] {dag.py:4180} INFO - Setting next_dagrun for tutorial_taskflow_api_virtualenv to None, run_after=None
[2025-01-18T00:30:22.961+0000] {processor.py:208} INFO - Processing /home/airflow/.local/lib/python3.12/site-packages/airflow/example_dags/tutorial_taskflow_api_virtualenv.py took 0.084 seconds
[2025-01-18T00:30:53.466+0000] {processor.py:186} INFO - Started process (PID=21439) to work on /home/airflow/.local/lib/python3.12/site-packages/airflow/example_dags/tutorial_taskflow_api_virtualenv.py
[2025-01-18T00:30:53.467+0000] {processor.py:914} INFO - Processing file /home/airflow/.local/lib/python3.12/site-packages/airflow/example_dags/tutorial_taskflow_api_virtualenv.py for tasks to queue
[2025-01-18T00:30:53.469+0000] {logging_mixin.py:190} INFO - [2025-01-18T00:30:53.468+0000] {dagbag.py:588} INFO - Filling up the DagBag from /home/airflow/.local/lib/python3.12/site-packages/airflow/example_dags/tutorial_taskflow_api_virtualenv.py
[2025-01-18T00:30:53.481+0000] {processor.py:925} INFO - DAG(s) 'tutorial_taskflow_api_virtualenv' retrieved from /home/airflow/.local/lib/python3.12/site-packages/airflow/example_dags/tutorial_taskflow_api_virtualenv.py
[2025-01-18T00:30:53.504+0000] {logging_mixin.py:190} INFO - [2025-01-18T00:30:53.504+0000] {dag.py:3239} INFO - Sync 1 DAGs
[2025-01-18T00:30:53.528+0000] {logging_mixin.py:190} INFO - [2025-01-18T00:30:53.528+0000] {dag.py:4180} INFO - Setting next_dagrun for tutorial_taskflow_api_virtualenv to None, run_after=None
[2025-01-18T00:30:53.559+0000] {processor.py:208} INFO - Processing /home/airflow/.local/lib/python3.12/site-packages/airflow/example_dags/tutorial_taskflow_api_virtualenv.py took 0.098 seconds
[2025-01-18T00:31:23.635+0000] {processor.py:186} INFO - Started process (PID=21506) to work on /home/airflow/.local/lib/python3.12/site-packages/airflow/example_dags/tutorial_taskflow_api_virtualenv.py
[2025-01-18T00:31:23.636+0000] {processor.py:914} INFO - Processing file /home/airflow/.local/lib/python3.12/site-packages/airflow/example_dags/tutorial_taskflow_api_virtualenv.py for tasks to queue
[2025-01-18T00:31:23.638+0000] {logging_mixin.py:190} INFO - [2025-01-18T00:31:23.638+0000] {dagbag.py:588} INFO - Filling up the DagBag from /home/airflow/.local/lib/python3.12/site-packages/airflow/example_dags/tutorial_taskflow_api_virtualenv.py
[2025-01-18T00:31:23.652+0000] {processor.py:925} INFO - DAG(s) 'tutorial_taskflow_api_virtualenv' retrieved from /home/airflow/.local/lib/python3.12/site-packages/airflow/example_dags/tutorial_taskflow_api_virtualenv.py
[2025-01-18T00:31:23.674+0000] {logging_mixin.py:190} INFO - [2025-01-18T00:31:23.674+0000] {dag.py:3239} INFO - Sync 1 DAGs
[2025-01-18T00:31:23.692+0000] {logging_mixin.py:190} INFO - [2025-01-18T00:31:23.692+0000] {dag.py:4180} INFO - Setting next_dagrun for tutorial_taskflow_api_virtualenv to None, run_after=None
[2025-01-18T00:31:23.722+0000] {processor.py:208} INFO - Processing /home/airflow/.local/lib/python3.12/site-packages/airflow/example_dags/tutorial_taskflow_api_virtualenv.py took 0.092 seconds
[2025-01-18T00:31:54.408+0000] {processor.py:186} INFO - Started process (PID=21573) to work on /home/airflow/.local/lib/python3.12/site-packages/airflow/example_dags/tutorial_taskflow_api_virtualenv.py
[2025-01-18T00:31:54.409+0000] {processor.py:914} INFO - Processing file /home/airflow/.local/lib/python3.12/site-packages/airflow/example_dags/tutorial_taskflow_api_virtualenv.py for tasks to queue
[2025-01-18T00:31:54.412+0000] {logging_mixin.py:190} INFO - [2025-01-18T00:31:54.411+0000] {dagbag.py:588} INFO - Filling up the DagBag from /home/airflow/.local/lib/python3.12/site-packages/airflow/example_dags/tutorial_taskflow_api_virtualenv.py
[2025-01-18T00:31:54.433+0000] {processor.py:925} INFO - DAG(s) 'tutorial_taskflow_api_virtualenv' retrieved from /home/airflow/.local/lib/python3.12/site-packages/airflow/example_dags/tutorial_taskflow_api_virtualenv.py
[2025-01-18T00:31:54.480+0000] {logging_mixin.py:190} INFO - [2025-01-18T00:31:54.479+0000] {dag.py:3239} INFO - Sync 1 DAGs
[2025-01-18T00:31:54.506+0000] {logging_mixin.py:190} INFO - [2025-01-18T00:31:54.505+0000] {dag.py:4180} INFO - Setting next_dagrun for tutorial_taskflow_api_virtualenv to None, run_after=None
[2025-01-18T00:31:54.540+0000] {processor.py:208} INFO - Processing /home/airflow/.local/lib/python3.12/site-packages/airflow/example_dags/tutorial_taskflow_api_virtualenv.py took 0.142 seconds
[2025-01-18T00:32:24.672+0000] {processor.py:186} INFO - Started process (PID=21640) to work on /home/airflow/.local/lib/python3.12/site-packages/airflow/example_dags/tutorial_taskflow_api_virtualenv.py
[2025-01-18T00:32:24.673+0000] {processor.py:914} INFO - Processing file /home/airflow/.local/lib/python3.12/site-packages/airflow/example_dags/tutorial_taskflow_api_virtualenv.py for tasks to queue
[2025-01-18T00:32:24.676+0000] {logging_mixin.py:190} INFO - [2025-01-18T00:32:24.675+0000] {dagbag.py:588} INFO - Filling up the DagBag from /home/airflow/.local/lib/python3.12/site-packages/airflow/example_dags/tutorial_taskflow_api_virtualenv.py
[2025-01-18T00:32:24.690+0000] {processor.py:925} INFO - DAG(s) 'tutorial_taskflow_api_virtualenv' retrieved from /home/airflow/.local/lib/python3.12/site-packages/airflow/example_dags/tutorial_taskflow_api_virtualenv.py
[2025-01-18T00:32:24.713+0000] {logging_mixin.py:190} INFO - [2025-01-18T00:32:24.712+0000] {dag.py:3239} INFO - Sync 1 DAGs
[2025-01-18T00:32:24.729+0000] {logging_mixin.py:190} INFO - [2025-01-18T00:32:24.729+0000] {dag.py:4180} INFO - Setting next_dagrun for tutorial_taskflow_api_virtualenv to None, run_after=None
[2025-01-18T00:32:24.752+0000] {processor.py:208} INFO - Processing /home/airflow/.local/lib/python3.12/site-packages/airflow/example_dags/tutorial_taskflow_api_virtualenv.py took 0.087 seconds
[2025-01-18T00:32:55.565+0000] {processor.py:186} INFO - Started process (PID=21707) to work on /home/airflow/.local/lib/python3.12/site-packages/airflow/example_dags/tutorial_taskflow_api_virtualenv.py
[2025-01-18T00:32:55.566+0000] {processor.py:914} INFO - Processing file /home/airflow/.local/lib/python3.12/site-packages/airflow/example_dags/tutorial_taskflow_api_virtualenv.py for tasks to queue
[2025-01-18T00:32:55.568+0000] {logging_mixin.py:190} INFO - [2025-01-18T00:32:55.568+0000] {dagbag.py:588} INFO - Filling up the DagBag from /home/airflow/.local/lib/python3.12/site-packages/airflow/example_dags/tutorial_taskflow_api_virtualenv.py
[2025-01-18T00:32:55.581+0000] {processor.py:925} INFO - DAG(s) 'tutorial_taskflow_api_virtualenv' retrieved from /home/airflow/.local/lib/python3.12/site-packages/airflow/example_dags/tutorial_taskflow_api_virtualenv.py
[2025-01-18T00:32:55.604+0000] {logging_mixin.py:190} INFO - [2025-01-18T00:32:55.603+0000] {dag.py:3239} INFO - Sync 1 DAGs
[2025-01-18T00:32:55.625+0000] {logging_mixin.py:190} INFO - [2025-01-18T00:32:55.625+0000] {dag.py:4180} INFO - Setting next_dagrun for tutorial_taskflow_api_virtualenv to None, run_after=None
[2025-01-18T00:32:55.657+0000] {processor.py:208} INFO - Processing /home/airflow/.local/lib/python3.12/site-packages/airflow/example_dags/tutorial_taskflow_api_virtualenv.py took 0.098 seconds
[2025-01-18T00:33:25.826+0000] {processor.py:186} INFO - Started process (PID=21774) to work on /home/airflow/.local/lib/python3.12/site-packages/airflow/example_dags/tutorial_taskflow_api_virtualenv.py
[2025-01-18T00:33:25.827+0000] {processor.py:914} INFO - Processing file /home/airflow/.local/lib/python3.12/site-packages/airflow/example_dags/tutorial_taskflow_api_virtualenv.py for tasks to queue
[2025-01-18T00:33:25.830+0000] {logging_mixin.py:190} INFO - [2025-01-18T00:33:25.829+0000] {dagbag.py:588} INFO - Filling up the DagBag from /home/airflow/.local/lib/python3.12/site-packages/airflow/example_dags/tutorial_taskflow_api_virtualenv.py
[2025-01-18T00:33:25.847+0000] {processor.py:925} INFO - DAG(s) 'tutorial_taskflow_api_virtualenv' retrieved from /home/airflow/.local/lib/python3.12/site-packages/airflow/example_dags/tutorial_taskflow_api_virtualenv.py
[2025-01-18T00:33:25.878+0000] {logging_mixin.py:190} INFO - [2025-01-18T00:33:25.877+0000] {dag.py:3239} INFO - Sync 1 DAGs
[2025-01-18T00:33:25.905+0000] {logging_mixin.py:190} INFO - [2025-01-18T00:33:25.904+0000] {dag.py:4180} INFO - Setting next_dagrun for tutorial_taskflow_api_virtualenv to None, run_after=None
[2025-01-18T00:33:25.934+0000] {processor.py:208} INFO - Processing /home/airflow/.local/lib/python3.12/site-packages/airflow/example_dags/tutorial_taskflow_api_virtualenv.py took 0.115 seconds
[2025-01-18T00:33:55.975+0000] {processor.py:186} INFO - Started process (PID=21840) to work on /home/airflow/.local/lib/python3.12/site-packages/airflow/example_dags/tutorial_taskflow_api_virtualenv.py
[2025-01-18T00:33:55.977+0000] {processor.py:914} INFO - Processing file /home/airflow/.local/lib/python3.12/site-packages/airflow/example_dags/tutorial_taskflow_api_virtualenv.py for tasks to queue
[2025-01-18T00:33:55.980+0000] {logging_mixin.py:190} INFO - [2025-01-18T00:33:55.979+0000] {dagbag.py:588} INFO - Filling up the DagBag from /home/airflow/.local/lib/python3.12/site-packages/airflow/example_dags/tutorial_taskflow_api_virtualenv.py
[2025-01-18T00:33:55.994+0000] {processor.py:925} INFO - DAG(s) 'tutorial_taskflow_api_virtualenv' retrieved from /home/airflow/.local/lib/python3.12/site-packages/airflow/example_dags/tutorial_taskflow_api_virtualenv.py
[2025-01-18T00:33:56.017+0000] {logging_mixin.py:190} INFO - [2025-01-18T00:33:56.016+0000] {dag.py:3239} INFO - Sync 1 DAGs
[2025-01-18T00:33:56.033+0000] {logging_mixin.py:190} INFO - [2025-01-18T00:33:56.033+0000] {dag.py:4180} INFO - Setting next_dagrun for tutorial_taskflow_api_virtualenv to None, run_after=None
[2025-01-18T00:33:56.054+0000] {processor.py:208} INFO - Processing /home/airflow/.local/lib/python3.12/site-packages/airflow/example_dags/tutorial_taskflow_api_virtualenv.py took 0.085 seconds
[2025-01-18T00:34:26.316+0000] {processor.py:186} INFO - Started process (PID=21909) to work on /home/airflow/.local/lib/python3.12/site-packages/airflow/example_dags/tutorial_taskflow_api_virtualenv.py
[2025-01-18T00:34:26.317+0000] {processor.py:914} INFO - Processing file /home/airflow/.local/lib/python3.12/site-packages/airflow/example_dags/tutorial_taskflow_api_virtualenv.py for tasks to queue
[2025-01-18T00:34:26.320+0000] {logging_mixin.py:190} INFO - [2025-01-18T00:34:26.320+0000] {dagbag.py:588} INFO - Filling up the DagBag from /home/airflow/.local/lib/python3.12/site-packages/airflow/example_dags/tutorial_taskflow_api_virtualenv.py
[2025-01-18T00:34:26.332+0000] {processor.py:925} INFO - DAG(s) 'tutorial_taskflow_api_virtualenv' retrieved from /home/airflow/.local/lib/python3.12/site-packages/airflow/example_dags/tutorial_taskflow_api_virtualenv.py
[2025-01-18T00:34:26.353+0000] {logging_mixin.py:190} INFO - [2025-01-18T00:34:26.353+0000] {dag.py:3239} INFO - Sync 1 DAGs
[2025-01-18T00:34:26.370+0000] {logging_mixin.py:190} INFO - [2025-01-18T00:34:26.370+0000] {dag.py:4180} INFO - Setting next_dagrun for tutorial_taskflow_api_virtualenv to None, run_after=None
[2025-01-18T00:34:26.403+0000] {processor.py:208} INFO - Processing /home/airflow/.local/lib/python3.12/site-packages/airflow/example_dags/tutorial_taskflow_api_virtualenv.py took 0.091 seconds
[2025-01-18T00:34:56.506+0000] {processor.py:186} INFO - Started process (PID=21976) to work on /home/airflow/.local/lib/python3.12/site-packages/airflow/example_dags/tutorial_taskflow_api_virtualenv.py
[2025-01-18T00:34:56.507+0000] {processor.py:914} INFO - Processing file /home/airflow/.local/lib/python3.12/site-packages/airflow/example_dags/tutorial_taskflow_api_virtualenv.py for tasks to queue
[2025-01-18T00:34:56.511+0000] {logging_mixin.py:190} INFO - [2025-01-18T00:34:56.511+0000] {dagbag.py:588} INFO - Filling up the DagBag from /home/airflow/.local/lib/python3.12/site-packages/airflow/example_dags/tutorial_taskflow_api_virtualenv.py
[2025-01-18T00:34:56.526+0000] {processor.py:925} INFO - DAG(s) 'tutorial_taskflow_api_virtualenv' retrieved from /home/airflow/.local/lib/python3.12/site-packages/airflow/example_dags/tutorial_taskflow_api_virtualenv.py
[2025-01-18T00:34:56.549+0000] {logging_mixin.py:190} INFO - [2025-01-18T00:34:56.549+0000] {dag.py:3239} INFO - Sync 1 DAGs
[2025-01-18T00:34:56.568+0000] {logging_mixin.py:190} INFO - [2025-01-18T00:34:56.568+0000] {dag.py:4180} INFO - Setting next_dagrun for tutorial_taskflow_api_virtualenv to None, run_after=None
[2025-01-18T00:34:56.592+0000] {processor.py:208} INFO - Processing /home/airflow/.local/lib/python3.12/site-packages/airflow/example_dags/tutorial_taskflow_api_virtualenv.py took 0.094 seconds
[2025-01-18T00:35:26.994+0000] {processor.py:186} INFO - Started process (PID=22048) to work on /home/airflow/.local/lib/python3.12/site-packages/airflow/example_dags/tutorial_taskflow_api_virtualenv.py
[2025-01-18T00:35:26.996+0000] {processor.py:914} INFO - Processing file /home/airflow/.local/lib/python3.12/site-packages/airflow/example_dags/tutorial_taskflow_api_virtualenv.py for tasks to queue
[2025-01-18T00:35:26.998+0000] {logging_mixin.py:190} INFO - [2025-01-18T00:35:26.997+0000] {dagbag.py:588} INFO - Filling up the DagBag from /home/airflow/.local/lib/python3.12/site-packages/airflow/example_dags/tutorial_taskflow_api_virtualenv.py
[2025-01-18T00:35:27.009+0000] {processor.py:925} INFO - DAG(s) 'tutorial_taskflow_api_virtualenv' retrieved from /home/airflow/.local/lib/python3.12/site-packages/airflow/example_dags/tutorial_taskflow_api_virtualenv.py
[2025-01-18T00:35:27.032+0000] {logging_mixin.py:190} INFO - [2025-01-18T00:35:27.031+0000] {dag.py:3239} INFO - Sync 1 DAGs
[2025-01-18T00:35:27.054+0000] {logging_mixin.py:190} INFO - [2025-01-18T00:35:27.053+0000] {dag.py:4180} INFO - Setting next_dagrun for tutorial_taskflow_api_virtualenv to None, run_after=None
[2025-01-18T00:35:27.080+0000] {processor.py:208} INFO - Processing /home/airflow/.local/lib/python3.12/site-packages/airflow/example_dags/tutorial_taskflow_api_virtualenv.py took 0.095 seconds
