[2025-01-18T00:00:12.487+0000] {processor.py:186} INFO - Started process (PID=17361) to work on /home/airflow/.local/lib/python3.12/site-packages/airflow/example_dags/tutorial_taskflow_api.py
[2025-01-18T00:00:12.488+0000] {processor.py:914} INFO - Processing file /home/airflow/.local/lib/python3.12/site-packages/airflow/example_dags/tutorial_taskflow_api.py for tasks to queue
[2025-01-18T00:00:12.491+0000] {logging_mixin.py:190} INFO - [2025-01-18T00:00:12.490+0000] {dagbag.py:588} INFO - Filling up the DagBag from /home/airflow/.local/lib/python3.12/site-packages/airflow/example_dags/tutorial_taskflow_api.py
[2025-01-18T00:00:12.505+0000] {processor.py:925} INFO - DAG(s) 'tutorial_taskflow_api' retrieved from /home/airflow/.local/lib/python3.12/site-packages/airflow/example_dags/tutorial_taskflow_api.py
[2025-01-18T00:00:12.537+0000] {logging_mixin.py:190} INFO - [2025-01-18T00:00:12.537+0000] {dag.py:3239} INFO - Sync 1 DAGs
[2025-01-18T00:00:12.567+0000] {logging_mixin.py:190} INFO - [2025-01-18T00:00:12.566+0000] {dag.py:4180} INFO - Setting next_dagrun for tutorial_taskflow_api to None, run_after=None
[2025-01-18T00:00:12.601+0000] {processor.py:208} INFO - Processing /home/airflow/.local/lib/python3.12/site-packages/airflow/example_dags/tutorial_taskflow_api.py took 0.121 seconds
[2025-01-18T00:00:42.708+0000] {processor.py:186} INFO - Started process (PID=17428) to work on /home/airflow/.local/lib/python3.12/site-packages/airflow/example_dags/tutorial_taskflow_api.py
[2025-01-18T00:00:42.710+0000] {processor.py:914} INFO - Processing file /home/airflow/.local/lib/python3.12/site-packages/airflow/example_dags/tutorial_taskflow_api.py for tasks to queue
[2025-01-18T00:00:42.712+0000] {logging_mixin.py:190} INFO - [2025-01-18T00:00:42.712+0000] {dagbag.py:588} INFO - Filling up the DagBag from /home/airflow/.local/lib/python3.12/site-packages/airflow/example_dags/tutorial_taskflow_api.py
[2025-01-18T00:00:42.721+0000] {processor.py:925} INFO - DAG(s) 'tutorial_taskflow_api' retrieved from /home/airflow/.local/lib/python3.12/site-packages/airflow/example_dags/tutorial_taskflow_api.py
[2025-01-18T00:00:42.743+0000] {logging_mixin.py:190} INFO - [2025-01-18T00:00:42.743+0000] {dag.py:3239} INFO - Sync 1 DAGs
[2025-01-18T00:00:42.760+0000] {logging_mixin.py:190} INFO - [2025-01-18T00:00:42.759+0000] {dag.py:4180} INFO - Setting next_dagrun for tutorial_taskflow_api to None, run_after=None
[2025-01-18T00:00:42.780+0000] {processor.py:208} INFO - Processing /home/airflow/.local/lib/python3.12/site-packages/airflow/example_dags/tutorial_taskflow_api.py took 0.080 seconds
[2025-01-18T00:01:13.538+0000] {processor.py:186} INFO - Started process (PID=17495) to work on /home/airflow/.local/lib/python3.12/site-packages/airflow/example_dags/tutorial_taskflow_api.py
[2025-01-18T00:01:13.541+0000] {processor.py:914} INFO - Processing file /home/airflow/.local/lib/python3.12/site-packages/airflow/example_dags/tutorial_taskflow_api.py for tasks to queue
[2025-01-18T00:01:13.544+0000] {logging_mixin.py:190} INFO - [2025-01-18T00:01:13.543+0000] {dagbag.py:588} INFO - Filling up the DagBag from /home/airflow/.local/lib/python3.12/site-packages/airflow/example_dags/tutorial_taskflow_api.py
[2025-01-18T00:01:13.553+0000] {processor.py:925} INFO - DAG(s) 'tutorial_taskflow_api' retrieved from /home/airflow/.local/lib/python3.12/site-packages/airflow/example_dags/tutorial_taskflow_api.py
[2025-01-18T00:01:13.578+0000] {logging_mixin.py:190} INFO - [2025-01-18T00:01:13.578+0000] {dag.py:3239} INFO - Sync 1 DAGs
[2025-01-18T00:01:13.600+0000] {logging_mixin.py:190} INFO - [2025-01-18T00:01:13.600+0000] {dag.py:4180} INFO - Setting next_dagrun for tutorial_taskflow_api to None, run_after=None
[2025-01-18T00:01:13.636+0000] {processor.py:208} INFO - Processing /home/airflow/.local/lib/python3.12/site-packages/airflow/example_dags/tutorial_taskflow_api.py took 0.106 seconds
[2025-01-18T00:01:43.963+0000] {processor.py:186} INFO - Started process (PID=17568) to work on /home/airflow/.local/lib/python3.12/site-packages/airflow/example_dags/tutorial_taskflow_api.py
[2025-01-18T00:01:43.964+0000] {processor.py:914} INFO - Processing file /home/airflow/.local/lib/python3.12/site-packages/airflow/example_dags/tutorial_taskflow_api.py for tasks to queue
[2025-01-18T00:01:43.968+0000] {logging_mixin.py:190} INFO - [2025-01-18T00:01:43.967+0000] {dagbag.py:588} INFO - Filling up the DagBag from /home/airflow/.local/lib/python3.12/site-packages/airflow/example_dags/tutorial_taskflow_api.py
[2025-01-18T00:01:43.977+0000] {processor.py:925} INFO - DAG(s) 'tutorial_taskflow_api' retrieved from /home/airflow/.local/lib/python3.12/site-packages/airflow/example_dags/tutorial_taskflow_api.py
[2025-01-18T00:01:44.001+0000] {logging_mixin.py:190} INFO - [2025-01-18T00:01:44.001+0000] {dag.py:3239} INFO - Sync 1 DAGs
[2025-01-18T00:01:44.020+0000] {logging_mixin.py:190} INFO - [2025-01-18T00:01:44.020+0000] {dag.py:4180} INFO - Setting next_dagrun for tutorial_taskflow_api to None, run_after=None
[2025-01-18T00:01:44.049+0000] {processor.py:208} INFO - Processing /home/airflow/.local/lib/python3.12/site-packages/airflow/example_dags/tutorial_taskflow_api.py took 0.094 seconds
[2025-01-18T00:02:14.827+0000] {processor.py:186} INFO - Started process (PID=17635) to work on /home/airflow/.local/lib/python3.12/site-packages/airflow/example_dags/tutorial_taskflow_api.py
[2025-01-18T00:02:14.828+0000] {processor.py:914} INFO - Processing file /home/airflow/.local/lib/python3.12/site-packages/airflow/example_dags/tutorial_taskflow_api.py for tasks to queue
[2025-01-18T00:02:14.830+0000] {logging_mixin.py:190} INFO - [2025-01-18T00:02:14.830+0000] {dagbag.py:588} INFO - Filling up the DagBag from /home/airflow/.local/lib/python3.12/site-packages/airflow/example_dags/tutorial_taskflow_api.py
[2025-01-18T00:02:14.840+0000] {processor.py:925} INFO - DAG(s) 'tutorial_taskflow_api' retrieved from /home/airflow/.local/lib/python3.12/site-packages/airflow/example_dags/tutorial_taskflow_api.py
[2025-01-18T00:02:14.867+0000] {logging_mixin.py:190} INFO - [2025-01-18T00:02:14.867+0000] {dag.py:3239} INFO - Sync 1 DAGs
[2025-01-18T00:02:14.886+0000] {logging_mixin.py:190} INFO - [2025-01-18T00:02:14.886+0000] {dag.py:4180} INFO - Setting next_dagrun for tutorial_taskflow_api to None, run_after=None
[2025-01-18T00:02:14.915+0000] {processor.py:208} INFO - Processing /home/airflow/.local/lib/python3.12/site-packages/airflow/example_dags/tutorial_taskflow_api.py took 0.093 seconds
[2025-01-18T00:02:45.213+0000] {processor.py:186} INFO - Started process (PID=17703) to work on /home/airflow/.local/lib/python3.12/site-packages/airflow/example_dags/tutorial_taskflow_api.py
[2025-01-18T00:02:45.214+0000] {processor.py:914} INFO - Processing file /home/airflow/.local/lib/python3.12/site-packages/airflow/example_dags/tutorial_taskflow_api.py for tasks to queue
[2025-01-18T00:02:45.217+0000] {logging_mixin.py:190} INFO - [2025-01-18T00:02:45.217+0000] {dagbag.py:588} INFO - Filling up the DagBag from /home/airflow/.local/lib/python3.12/site-packages/airflow/example_dags/tutorial_taskflow_api.py
[2025-01-18T00:02:45.227+0000] {processor.py:925} INFO - DAG(s) 'tutorial_taskflow_api' retrieved from /home/airflow/.local/lib/python3.12/site-packages/airflow/example_dags/tutorial_taskflow_api.py
[2025-01-18T00:02:45.251+0000] {logging_mixin.py:190} INFO - [2025-01-18T00:02:45.251+0000] {dag.py:3239} INFO - Sync 1 DAGs
[2025-01-18T00:02:45.269+0000] {logging_mixin.py:190} INFO - [2025-01-18T00:02:45.269+0000] {dag.py:4180} INFO - Setting next_dagrun for tutorial_taskflow_api to None, run_after=None
[2025-01-18T00:02:45.296+0000] {processor.py:208} INFO - Processing /home/airflow/.local/lib/python3.12/site-packages/airflow/example_dags/tutorial_taskflow_api.py took 0.089 seconds
[2025-01-18T00:03:15.370+0000] {processor.py:186} INFO - Started process (PID=17770) to work on /home/airflow/.local/lib/python3.12/site-packages/airflow/example_dags/tutorial_taskflow_api.py
[2025-01-18T00:03:15.371+0000] {processor.py:914} INFO - Processing file /home/airflow/.local/lib/python3.12/site-packages/airflow/example_dags/tutorial_taskflow_api.py for tasks to queue
[2025-01-18T00:03:15.373+0000] {logging_mixin.py:190} INFO - [2025-01-18T00:03:15.373+0000] {dagbag.py:588} INFO - Filling up the DagBag from /home/airflow/.local/lib/python3.12/site-packages/airflow/example_dags/tutorial_taskflow_api.py
[2025-01-18T00:03:15.381+0000] {processor.py:925} INFO - DAG(s) 'tutorial_taskflow_api' retrieved from /home/airflow/.local/lib/python3.12/site-packages/airflow/example_dags/tutorial_taskflow_api.py
[2025-01-18T00:03:15.402+0000] {logging_mixin.py:190} INFO - [2025-01-18T00:03:15.402+0000] {dag.py:3239} INFO - Sync 1 DAGs
[2025-01-18T00:03:15.418+0000] {logging_mixin.py:190} INFO - [2025-01-18T00:03:15.418+0000] {dag.py:4180} INFO - Setting next_dagrun for tutorial_taskflow_api to None, run_after=None
[2025-01-18T00:03:15.441+0000] {processor.py:208} INFO - Processing /home/airflow/.local/lib/python3.12/site-packages/airflow/example_dags/tutorial_taskflow_api.py took 0.076 seconds
[2025-01-18T00:03:46.271+0000] {processor.py:186} INFO - Started process (PID=17838) to work on /home/airflow/.local/lib/python3.12/site-packages/airflow/example_dags/tutorial_taskflow_api.py
[2025-01-18T00:03:46.272+0000] {processor.py:914} INFO - Processing file /home/airflow/.local/lib/python3.12/site-packages/airflow/example_dags/tutorial_taskflow_api.py for tasks to queue
[2025-01-18T00:03:46.276+0000] {logging_mixin.py:190} INFO - [2025-01-18T00:03:46.275+0000] {dagbag.py:588} INFO - Filling up the DagBag from /home/airflow/.local/lib/python3.12/site-packages/airflow/example_dags/tutorial_taskflow_api.py
[2025-01-18T00:03:46.285+0000] {processor.py:925} INFO - DAG(s) 'tutorial_taskflow_api' retrieved from /home/airflow/.local/lib/python3.12/site-packages/airflow/example_dags/tutorial_taskflow_api.py
[2025-01-18T00:03:46.310+0000] {logging_mixin.py:190} INFO - [2025-01-18T00:03:46.309+0000] {dag.py:3239} INFO - Sync 1 DAGs
[2025-01-18T00:03:46.327+0000] {logging_mixin.py:190} INFO - [2025-01-18T00:03:46.327+0000] {dag.py:4180} INFO - Setting next_dagrun for tutorial_taskflow_api to None, run_after=None
[2025-01-18T00:03:46.352+0000] {processor.py:208} INFO - Processing /home/airflow/.local/lib/python3.12/site-packages/airflow/example_dags/tutorial_taskflow_api.py took 0.088 seconds
[2025-01-18T00:04:16.528+0000] {processor.py:186} INFO - Started process (PID=17905) to work on /home/airflow/.local/lib/python3.12/site-packages/airflow/example_dags/tutorial_taskflow_api.py
[2025-01-18T00:04:16.530+0000] {processor.py:914} INFO - Processing file /home/airflow/.local/lib/python3.12/site-packages/airflow/example_dags/tutorial_taskflow_api.py for tasks to queue
[2025-01-18T00:04:16.533+0000] {logging_mixin.py:190} INFO - [2025-01-18T00:04:16.532+0000] {dagbag.py:588} INFO - Filling up the DagBag from /home/airflow/.local/lib/python3.12/site-packages/airflow/example_dags/tutorial_taskflow_api.py
[2025-01-18T00:04:16.542+0000] {processor.py:925} INFO - DAG(s) 'tutorial_taskflow_api' retrieved from /home/airflow/.local/lib/python3.12/site-packages/airflow/example_dags/tutorial_taskflow_api.py
[2025-01-18T00:04:16.563+0000] {logging_mixin.py:190} INFO - [2025-01-18T00:04:16.563+0000] {dag.py:3239} INFO - Sync 1 DAGs
[2025-01-18T00:04:16.579+0000] {logging_mixin.py:190} INFO - [2025-01-18T00:04:16.579+0000] {dag.py:4180} INFO - Setting next_dagrun for tutorial_taskflow_api to None, run_after=None
[2025-01-18T00:04:16.600+0000] {processor.py:208} INFO - Processing /home/airflow/.local/lib/python3.12/site-packages/airflow/example_dags/tutorial_taskflow_api.py took 0.078 seconds
[2025-01-18T00:04:46.728+0000] {processor.py:186} INFO - Started process (PID=17972) to work on /home/airflow/.local/lib/python3.12/site-packages/airflow/example_dags/tutorial_taskflow_api.py
[2025-01-18T00:04:46.729+0000] {processor.py:914} INFO - Processing file /home/airflow/.local/lib/python3.12/site-packages/airflow/example_dags/tutorial_taskflow_api.py for tasks to queue
[2025-01-18T00:04:46.732+0000] {logging_mixin.py:190} INFO - [2025-01-18T00:04:46.732+0000] {dagbag.py:588} INFO - Filling up the DagBag from /home/airflow/.local/lib/python3.12/site-packages/airflow/example_dags/tutorial_taskflow_api.py
[2025-01-18T00:04:46.742+0000] {processor.py:925} INFO - DAG(s) 'tutorial_taskflow_api' retrieved from /home/airflow/.local/lib/python3.12/site-packages/airflow/example_dags/tutorial_taskflow_api.py
[2025-01-18T00:04:46.774+0000] {logging_mixin.py:190} INFO - [2025-01-18T00:04:46.773+0000] {dag.py:3239} INFO - Sync 1 DAGs
[2025-01-18T00:04:46.805+0000] {logging_mixin.py:190} INFO - [2025-01-18T00:04:46.805+0000] {dag.py:4180} INFO - Setting next_dagrun for tutorial_taskflow_api to None, run_after=None
[2025-01-18T00:04:46.843+0000] {processor.py:208} INFO - Processing /home/airflow/.local/lib/python3.12/site-packages/airflow/example_dags/tutorial_taskflow_api.py took 0.122 seconds
[2025-01-18T00:05:17.116+0000] {processor.py:186} INFO - Started process (PID=18039) to work on /home/airflow/.local/lib/python3.12/site-packages/airflow/example_dags/tutorial_taskflow_api.py
[2025-01-18T00:05:17.117+0000] {processor.py:914} INFO - Processing file /home/airflow/.local/lib/python3.12/site-packages/airflow/example_dags/tutorial_taskflow_api.py for tasks to queue
[2025-01-18T00:05:17.119+0000] {logging_mixin.py:190} INFO - [2025-01-18T00:05:17.119+0000] {dagbag.py:588} INFO - Filling up the DagBag from /home/airflow/.local/lib/python3.12/site-packages/airflow/example_dags/tutorial_taskflow_api.py
[2025-01-18T00:05:17.127+0000] {processor.py:925} INFO - DAG(s) 'tutorial_taskflow_api' retrieved from /home/airflow/.local/lib/python3.12/site-packages/airflow/example_dags/tutorial_taskflow_api.py
[2025-01-18T00:05:17.147+0000] {logging_mixin.py:190} INFO - [2025-01-18T00:05:17.146+0000] {dag.py:3239} INFO - Sync 1 DAGs
[2025-01-18T00:05:17.162+0000] {logging_mixin.py:190} INFO - [2025-01-18T00:05:17.162+0000] {dag.py:4180} INFO - Setting next_dagrun for tutorial_taskflow_api to None, run_after=None
[2025-01-18T00:05:17.181+0000] {processor.py:208} INFO - Processing /home/airflow/.local/lib/python3.12/site-packages/airflow/example_dags/tutorial_taskflow_api.py took 0.071 seconds
[2025-01-18T00:05:47.676+0000] {processor.py:186} INFO - Started process (PID=18106) to work on /home/airflow/.local/lib/python3.12/site-packages/airflow/example_dags/tutorial_taskflow_api.py
[2025-01-18T00:05:47.677+0000] {processor.py:914} INFO - Processing file /home/airflow/.local/lib/python3.12/site-packages/airflow/example_dags/tutorial_taskflow_api.py for tasks to queue
[2025-01-18T00:05:47.679+0000] {logging_mixin.py:190} INFO - [2025-01-18T00:05:47.678+0000] {dagbag.py:588} INFO - Filling up the DagBag from /home/airflow/.local/lib/python3.12/site-packages/airflow/example_dags/tutorial_taskflow_api.py
[2025-01-18T00:05:47.686+0000] {processor.py:925} INFO - DAG(s) 'tutorial_taskflow_api' retrieved from /home/airflow/.local/lib/python3.12/site-packages/airflow/example_dags/tutorial_taskflow_api.py
[2025-01-18T00:05:47.708+0000] {logging_mixin.py:190} INFO - [2025-01-18T00:05:47.707+0000] {dag.py:3239} INFO - Sync 1 DAGs
[2025-01-18T00:05:47.722+0000] {logging_mixin.py:190} INFO - [2025-01-18T00:05:47.722+0000] {dag.py:4180} INFO - Setting next_dagrun for tutorial_taskflow_api to None, run_after=None
[2025-01-18T00:05:47.743+0000] {processor.py:208} INFO - Processing /home/airflow/.local/lib/python3.12/site-packages/airflow/example_dags/tutorial_taskflow_api.py took 0.072 seconds
[2025-01-18T00:06:17.950+0000] {processor.py:186} INFO - Started process (PID=18180) to work on /home/airflow/.local/lib/python3.12/site-packages/airflow/example_dags/tutorial_taskflow_api.py
[2025-01-18T00:06:17.951+0000] {processor.py:914} INFO - Processing file /home/airflow/.local/lib/python3.12/site-packages/airflow/example_dags/tutorial_taskflow_api.py for tasks to queue
[2025-01-18T00:06:17.954+0000] {logging_mixin.py:190} INFO - [2025-01-18T00:06:17.954+0000] {dagbag.py:588} INFO - Filling up the DagBag from /home/airflow/.local/lib/python3.12/site-packages/airflow/example_dags/tutorial_taskflow_api.py
[2025-01-18T00:06:17.965+0000] {processor.py:925} INFO - DAG(s) 'tutorial_taskflow_api' retrieved from /home/airflow/.local/lib/python3.12/site-packages/airflow/example_dags/tutorial_taskflow_api.py
[2025-01-18T00:06:17.990+0000] {logging_mixin.py:190} INFO - [2025-01-18T00:06:17.989+0000] {dag.py:3239} INFO - Sync 1 DAGs
[2025-01-18T00:06:18.025+0000] {logging_mixin.py:190} INFO - [2025-01-18T00:06:18.025+0000] {dag.py:4180} INFO - Setting next_dagrun for tutorial_taskflow_api to None, run_after=None
[2025-01-18T00:06:18.050+0000] {processor.py:208} INFO - Processing /home/airflow/.local/lib/python3.12/site-packages/airflow/example_dags/tutorial_taskflow_api.py took 0.109 seconds
[2025-01-18T00:06:49.324+0000] {processor.py:186} INFO - Started process (PID=18247) to work on /home/airflow/.local/lib/python3.12/site-packages/airflow/example_dags/tutorial_taskflow_api.py
[2025-01-18T00:06:49.325+0000] {processor.py:914} INFO - Processing file /home/airflow/.local/lib/python3.12/site-packages/airflow/example_dags/tutorial_taskflow_api.py for tasks to queue
[2025-01-18T00:06:49.327+0000] {logging_mixin.py:190} INFO - [2025-01-18T00:06:49.327+0000] {dagbag.py:588} INFO - Filling up the DagBag from /home/airflow/.local/lib/python3.12/site-packages/airflow/example_dags/tutorial_taskflow_api.py
[2025-01-18T00:06:49.340+0000] {processor.py:925} INFO - DAG(s) 'tutorial_taskflow_api' retrieved from /home/airflow/.local/lib/python3.12/site-packages/airflow/example_dags/tutorial_taskflow_api.py
[2025-01-18T00:06:49.365+0000] {logging_mixin.py:190} INFO - [2025-01-18T00:06:49.365+0000] {dag.py:3239} INFO - Sync 1 DAGs
[2025-01-18T00:06:49.387+0000] {logging_mixin.py:190} INFO - [2025-01-18T00:06:49.387+0000] {dag.py:4180} INFO - Setting next_dagrun for tutorial_taskflow_api to None, run_after=None
[2025-01-18T00:06:49.412+0000] {processor.py:208} INFO - Processing /home/airflow/.local/lib/python3.12/site-packages/airflow/example_dags/tutorial_taskflow_api.py took 0.095 seconds
[2025-01-18T00:07:19.991+0000] {processor.py:186} INFO - Started process (PID=18313) to work on /home/airflow/.local/lib/python3.12/site-packages/airflow/example_dags/tutorial_taskflow_api.py
[2025-01-18T00:07:19.992+0000] {processor.py:914} INFO - Processing file /home/airflow/.local/lib/python3.12/site-packages/airflow/example_dags/tutorial_taskflow_api.py for tasks to queue
[2025-01-18T00:07:19.996+0000] {logging_mixin.py:190} INFO - [2025-01-18T00:07:19.995+0000] {dagbag.py:588} INFO - Filling up the DagBag from /home/airflow/.local/lib/python3.12/site-packages/airflow/example_dags/tutorial_taskflow_api.py
[2025-01-18T00:07:20.008+0000] {processor.py:925} INFO - DAG(s) 'tutorial_taskflow_api' retrieved from /home/airflow/.local/lib/python3.12/site-packages/airflow/example_dags/tutorial_taskflow_api.py
[2025-01-18T00:07:20.039+0000] {logging_mixin.py:190} INFO - [2025-01-18T00:07:20.038+0000] {dag.py:3239} INFO - Sync 1 DAGs
[2025-01-18T00:07:20.061+0000] {logging_mixin.py:190} INFO - [2025-01-18T00:07:20.060+0000] {dag.py:4180} INFO - Setting next_dagrun for tutorial_taskflow_api to None, run_after=None
[2025-01-18T00:07:20.088+0000] {processor.py:208} INFO - Processing /home/airflow/.local/lib/python3.12/site-packages/airflow/example_dags/tutorial_taskflow_api.py took 0.105 seconds
[2025-01-18T00:07:50.745+0000] {processor.py:186} INFO - Started process (PID=18381) to work on /home/airflow/.local/lib/python3.12/site-packages/airflow/example_dags/tutorial_taskflow_api.py
[2025-01-18T00:07:50.746+0000] {processor.py:914} INFO - Processing file /home/airflow/.local/lib/python3.12/site-packages/airflow/example_dags/tutorial_taskflow_api.py for tasks to queue
[2025-01-18T00:07:50.750+0000] {logging_mixin.py:190} INFO - [2025-01-18T00:07:50.749+0000] {dagbag.py:588} INFO - Filling up the DagBag from /home/airflow/.local/lib/python3.12/site-packages/airflow/example_dags/tutorial_taskflow_api.py
[2025-01-18T00:07:50.762+0000] {processor.py:925} INFO - DAG(s) 'tutorial_taskflow_api' retrieved from /home/airflow/.local/lib/python3.12/site-packages/airflow/example_dags/tutorial_taskflow_api.py
[2025-01-18T00:07:50.789+0000] {logging_mixin.py:190} INFO - [2025-01-18T00:07:50.788+0000] {dag.py:3239} INFO - Sync 1 DAGs
[2025-01-18T00:07:50.806+0000] {logging_mixin.py:190} INFO - [2025-01-18T00:07:50.806+0000] {dag.py:4180} INFO - Setting next_dagrun for tutorial_taskflow_api to None, run_after=None
[2025-01-18T00:07:50.828+0000] {processor.py:208} INFO - Processing /home/airflow/.local/lib/python3.12/site-packages/airflow/example_dags/tutorial_taskflow_api.py took 0.092 seconds
[2025-01-18T00:08:20.889+0000] {processor.py:186} INFO - Started process (PID=18447) to work on /home/airflow/.local/lib/python3.12/site-packages/airflow/example_dags/tutorial_taskflow_api.py
[2025-01-18T00:08:20.890+0000] {processor.py:914} INFO - Processing file /home/airflow/.local/lib/python3.12/site-packages/airflow/example_dags/tutorial_taskflow_api.py for tasks to queue
[2025-01-18T00:08:20.895+0000] {logging_mixin.py:190} INFO - [2025-01-18T00:08:20.894+0000] {dagbag.py:588} INFO - Filling up the DagBag from /home/airflow/.local/lib/python3.12/site-packages/airflow/example_dags/tutorial_taskflow_api.py
[2025-01-18T00:08:20.906+0000] {processor.py:925} INFO - DAG(s) 'tutorial_taskflow_api' retrieved from /home/airflow/.local/lib/python3.12/site-packages/airflow/example_dags/tutorial_taskflow_api.py
[2025-01-18T00:08:20.935+0000] {logging_mixin.py:190} INFO - [2025-01-18T00:08:20.934+0000] {dag.py:3239} INFO - Sync 1 DAGs
[2025-01-18T00:08:20.958+0000] {logging_mixin.py:190} INFO - [2025-01-18T00:08:20.958+0000] {dag.py:4180} INFO - Setting next_dagrun for tutorial_taskflow_api to None, run_after=None
[2025-01-18T00:08:20.991+0000] {processor.py:208} INFO - Processing /home/airflow/.local/lib/python3.12/site-packages/airflow/example_dags/tutorial_taskflow_api.py took 0.109 seconds
[2025-01-18T00:08:51.562+0000] {processor.py:186} INFO - Started process (PID=18513) to work on /home/airflow/.local/lib/python3.12/site-packages/airflow/example_dags/tutorial_taskflow_api.py
[2025-01-18T00:08:51.565+0000] {processor.py:914} INFO - Processing file /home/airflow/.local/lib/python3.12/site-packages/airflow/example_dags/tutorial_taskflow_api.py for tasks to queue
[2025-01-18T00:08:51.567+0000] {logging_mixin.py:190} INFO - [2025-01-18T00:08:51.567+0000] {dagbag.py:588} INFO - Filling up the DagBag from /home/airflow/.local/lib/python3.12/site-packages/airflow/example_dags/tutorial_taskflow_api.py
[2025-01-18T00:08:51.576+0000] {processor.py:925} INFO - DAG(s) 'tutorial_taskflow_api' retrieved from /home/airflow/.local/lib/python3.12/site-packages/airflow/example_dags/tutorial_taskflow_api.py
[2025-01-18T00:08:51.600+0000] {logging_mixin.py:190} INFO - [2025-01-18T00:08:51.600+0000] {dag.py:3239} INFO - Sync 1 DAGs
[2025-01-18T00:08:51.616+0000] {logging_mixin.py:190} INFO - [2025-01-18T00:08:51.616+0000] {dag.py:4180} INFO - Setting next_dagrun for tutorial_taskflow_api to None, run_after=None
[2025-01-18T00:08:51.636+0000] {processor.py:208} INFO - Processing /home/airflow/.local/lib/python3.12/site-packages/airflow/example_dags/tutorial_taskflow_api.py took 0.082 seconds
[2025-01-18T00:09:21.907+0000] {processor.py:186} INFO - Started process (PID=18581) to work on /home/airflow/.local/lib/python3.12/site-packages/airflow/example_dags/tutorial_taskflow_api.py
[2025-01-18T00:09:21.908+0000] {processor.py:914} INFO - Processing file /home/airflow/.local/lib/python3.12/site-packages/airflow/example_dags/tutorial_taskflow_api.py for tasks to queue
[2025-01-18T00:09:21.911+0000] {logging_mixin.py:190} INFO - [2025-01-18T00:09:21.910+0000] {dagbag.py:588} INFO - Filling up the DagBag from /home/airflow/.local/lib/python3.12/site-packages/airflow/example_dags/tutorial_taskflow_api.py
[2025-01-18T00:09:21.921+0000] {processor.py:925} INFO - DAG(s) 'tutorial_taskflow_api' retrieved from /home/airflow/.local/lib/python3.12/site-packages/airflow/example_dags/tutorial_taskflow_api.py
[2025-01-18T00:09:21.943+0000] {logging_mixin.py:190} INFO - [2025-01-18T00:09:21.943+0000] {dag.py:3239} INFO - Sync 1 DAGs
[2025-01-18T00:09:21.961+0000] {logging_mixin.py:190} INFO - [2025-01-18T00:09:21.961+0000] {dag.py:4180} INFO - Setting next_dagrun for tutorial_taskflow_api to None, run_after=None
[2025-01-18T00:09:21.984+0000] {processor.py:208} INFO - Processing /home/airflow/.local/lib/python3.12/site-packages/airflow/example_dags/tutorial_taskflow_api.py took 0.084 seconds
[2025-01-18T00:09:52.807+0000] {processor.py:186} INFO - Started process (PID=18650) to work on /home/airflow/.local/lib/python3.12/site-packages/airflow/example_dags/tutorial_taskflow_api.py
[2025-01-18T00:09:52.809+0000] {processor.py:914} INFO - Processing file /home/airflow/.local/lib/python3.12/site-packages/airflow/example_dags/tutorial_taskflow_api.py for tasks to queue
[2025-01-18T00:09:52.812+0000] {logging_mixin.py:190} INFO - [2025-01-18T00:09:52.812+0000] {dagbag.py:588} INFO - Filling up the DagBag from /home/airflow/.local/lib/python3.12/site-packages/airflow/example_dags/tutorial_taskflow_api.py
[2025-01-18T00:09:52.827+0000] {processor.py:925} INFO - DAG(s) 'tutorial_taskflow_api' retrieved from /home/airflow/.local/lib/python3.12/site-packages/airflow/example_dags/tutorial_taskflow_api.py
[2025-01-18T00:09:52.858+0000] {logging_mixin.py:190} INFO - [2025-01-18T00:09:52.858+0000] {dag.py:3239} INFO - Sync 1 DAGs
[2025-01-18T00:09:52.886+0000] {logging_mixin.py:190} INFO - [2025-01-18T00:09:52.885+0000] {dag.py:4180} INFO - Setting next_dagrun for tutorial_taskflow_api to None, run_after=None
[2025-01-18T00:09:52.914+0000] {processor.py:208} INFO - Processing /home/airflow/.local/lib/python3.12/site-packages/airflow/example_dags/tutorial_taskflow_api.py took 0.116 seconds
[2025-01-18T00:10:23.660+0000] {processor.py:186} INFO - Started process (PID=18719) to work on /home/airflow/.local/lib/python3.12/site-packages/airflow/example_dags/tutorial_taskflow_api.py
[2025-01-18T00:10:23.662+0000] {processor.py:914} INFO - Processing file /home/airflow/.local/lib/python3.12/site-packages/airflow/example_dags/tutorial_taskflow_api.py for tasks to queue
[2025-01-18T00:10:23.664+0000] {logging_mixin.py:190} INFO - [2025-01-18T00:10:23.664+0000] {dagbag.py:588} INFO - Filling up the DagBag from /home/airflow/.local/lib/python3.12/site-packages/airflow/example_dags/tutorial_taskflow_api.py
[2025-01-18T00:10:23.676+0000] {processor.py:925} INFO - DAG(s) 'tutorial_taskflow_api' retrieved from /home/airflow/.local/lib/python3.12/site-packages/airflow/example_dags/tutorial_taskflow_api.py
[2025-01-18T00:10:23.703+0000] {logging_mixin.py:190} INFO - [2025-01-18T00:10:23.703+0000] {dag.py:3239} INFO - Sync 1 DAGs
[2025-01-18T00:10:23.725+0000] {logging_mixin.py:190} INFO - [2025-01-18T00:10:23.725+0000] {dag.py:4180} INFO - Setting next_dagrun for tutorial_taskflow_api to None, run_after=None
[2025-01-18T00:10:23.749+0000] {processor.py:208} INFO - Processing /home/airflow/.local/lib/python3.12/site-packages/airflow/example_dags/tutorial_taskflow_api.py took 0.097 seconds
[2025-01-18T00:10:55.745+0000] {processor.py:186} INFO - Started process (PID=18786) to work on /home/airflow/.local/lib/python3.12/site-packages/airflow/example_dags/tutorial_taskflow_api.py
[2025-01-18T00:10:55.749+0000] {processor.py:914} INFO - Processing file /home/airflow/.local/lib/python3.12/site-packages/airflow/example_dags/tutorial_taskflow_api.py for tasks to queue
[2025-01-18T00:10:55.752+0000] {logging_mixin.py:190} INFO - [2025-01-18T00:10:55.751+0000] {dagbag.py:588} INFO - Filling up the DagBag from /home/airflow/.local/lib/python3.12/site-packages/airflow/example_dags/tutorial_taskflow_api.py
[2025-01-18T00:10:55.764+0000] {processor.py:925} INFO - DAG(s) 'tutorial_taskflow_api' retrieved from /home/airflow/.local/lib/python3.12/site-packages/airflow/example_dags/tutorial_taskflow_api.py
[2025-01-18T00:10:55.792+0000] {logging_mixin.py:190} INFO - [2025-01-18T00:10:55.791+0000] {dag.py:3239} INFO - Sync 1 DAGs
[2025-01-18T00:10:55.812+0000] {logging_mixin.py:190} INFO - [2025-01-18T00:10:55.811+0000] {dag.py:4180} INFO - Setting next_dagrun for tutorial_taskflow_api to None, run_after=None
[2025-01-18T00:10:55.836+0000] {processor.py:208} INFO - Processing /home/airflow/.local/lib/python3.12/site-packages/airflow/example_dags/tutorial_taskflow_api.py took 0.099 seconds
[2025-01-18T00:11:26.275+0000] {processor.py:186} INFO - Started process (PID=18853) to work on /home/airflow/.local/lib/python3.12/site-packages/airflow/example_dags/tutorial_taskflow_api.py
[2025-01-18T00:11:26.276+0000] {processor.py:914} INFO - Processing file /home/airflow/.local/lib/python3.12/site-packages/airflow/example_dags/tutorial_taskflow_api.py for tasks to queue
[2025-01-18T00:11:26.279+0000] {logging_mixin.py:190} INFO - [2025-01-18T00:11:26.279+0000] {dagbag.py:588} INFO - Filling up the DagBag from /home/airflow/.local/lib/python3.12/site-packages/airflow/example_dags/tutorial_taskflow_api.py
[2025-01-18T00:11:26.291+0000] {processor.py:925} INFO - DAG(s) 'tutorial_taskflow_api' retrieved from /home/airflow/.local/lib/python3.12/site-packages/airflow/example_dags/tutorial_taskflow_api.py
[2025-01-18T00:11:26.317+0000] {logging_mixin.py:190} INFO - [2025-01-18T00:11:26.317+0000] {dag.py:3239} INFO - Sync 1 DAGs
[2025-01-18T00:11:26.339+0000] {logging_mixin.py:190} INFO - [2025-01-18T00:11:26.339+0000] {dag.py:4180} INFO - Setting next_dagrun for tutorial_taskflow_api to None, run_after=None
[2025-01-18T00:11:26.368+0000] {processor.py:208} INFO - Processing /home/airflow/.local/lib/python3.12/site-packages/airflow/example_dags/tutorial_taskflow_api.py took 0.101 seconds
[2025-01-18T00:11:56.553+0000] {processor.py:186} INFO - Started process (PID=18921) to work on /home/airflow/.local/lib/python3.12/site-packages/airflow/example_dags/tutorial_taskflow_api.py
[2025-01-18T00:11:56.555+0000] {processor.py:914} INFO - Processing file /home/airflow/.local/lib/python3.12/site-packages/airflow/example_dags/tutorial_taskflow_api.py for tasks to queue
[2025-01-18T00:11:56.558+0000] {logging_mixin.py:190} INFO - [2025-01-18T00:11:56.558+0000] {dagbag.py:588} INFO - Filling up the DagBag from /home/airflow/.local/lib/python3.12/site-packages/airflow/example_dags/tutorial_taskflow_api.py
[2025-01-18T00:11:56.567+0000] {processor.py:925} INFO - DAG(s) 'tutorial_taskflow_api' retrieved from /home/airflow/.local/lib/python3.12/site-packages/airflow/example_dags/tutorial_taskflow_api.py
[2025-01-18T00:11:56.595+0000] {logging_mixin.py:190} INFO - [2025-01-18T00:11:56.594+0000] {dag.py:3239} INFO - Sync 1 DAGs
[2025-01-18T00:11:56.615+0000] {logging_mixin.py:190} INFO - [2025-01-18T00:11:56.614+0000] {dag.py:4180} INFO - Setting next_dagrun for tutorial_taskflow_api to None, run_after=None
[2025-01-18T00:11:56.638+0000] {processor.py:208} INFO - Processing /home/airflow/.local/lib/python3.12/site-packages/airflow/example_dags/tutorial_taskflow_api.py took 0.093 seconds
[2025-01-18T00:12:26.861+0000] {processor.py:186} INFO - Started process (PID=18987) to work on /home/airflow/.local/lib/python3.12/site-packages/airflow/example_dags/tutorial_taskflow_api.py
[2025-01-18T00:12:26.862+0000] {processor.py:914} INFO - Processing file /home/airflow/.local/lib/python3.12/site-packages/airflow/example_dags/tutorial_taskflow_api.py for tasks to queue
[2025-01-18T00:12:26.865+0000] {logging_mixin.py:190} INFO - [2025-01-18T00:12:26.864+0000] {dagbag.py:588} INFO - Filling up the DagBag from /home/airflow/.local/lib/python3.12/site-packages/airflow/example_dags/tutorial_taskflow_api.py
[2025-01-18T00:12:26.876+0000] {processor.py:925} INFO - DAG(s) 'tutorial_taskflow_api' retrieved from /home/airflow/.local/lib/python3.12/site-packages/airflow/example_dags/tutorial_taskflow_api.py
[2025-01-18T00:12:26.902+0000] {logging_mixin.py:190} INFO - [2025-01-18T00:12:26.902+0000] {dag.py:3239} INFO - Sync 1 DAGs
[2025-01-18T00:12:26.922+0000] {logging_mixin.py:190} INFO - [2025-01-18T00:12:26.921+0000] {dag.py:4180} INFO - Setting next_dagrun for tutorial_taskflow_api to None, run_after=None
[2025-01-18T00:12:26.947+0000] {processor.py:208} INFO - Processing /home/airflow/.local/lib/python3.12/site-packages/airflow/example_dags/tutorial_taskflow_api.py took 0.092 seconds
[2025-01-18T00:12:57.616+0000] {processor.py:186} INFO - Started process (PID=19051) to work on /home/airflow/.local/lib/python3.12/site-packages/airflow/example_dags/tutorial_taskflow_api.py
[2025-01-18T00:12:57.617+0000] {processor.py:914} INFO - Processing file /home/airflow/.local/lib/python3.12/site-packages/airflow/example_dags/tutorial_taskflow_api.py for tasks to queue
[2025-01-18T00:12:57.620+0000] {logging_mixin.py:190} INFO - [2025-01-18T00:12:57.620+0000] {dagbag.py:588} INFO - Filling up the DagBag from /home/airflow/.local/lib/python3.12/site-packages/airflow/example_dags/tutorial_taskflow_api.py
[2025-01-18T00:12:57.631+0000] {processor.py:925} INFO - DAG(s) 'tutorial_taskflow_api' retrieved from /home/airflow/.local/lib/python3.12/site-packages/airflow/example_dags/tutorial_taskflow_api.py
[2025-01-18T00:12:57.655+0000] {logging_mixin.py:190} INFO - [2025-01-18T00:12:57.655+0000] {dag.py:3239} INFO - Sync 1 DAGs
[2025-01-18T00:12:57.673+0000] {logging_mixin.py:190} INFO - [2025-01-18T00:12:57.673+0000] {dag.py:4180} INFO - Setting next_dagrun for tutorial_taskflow_api to None, run_after=None
[2025-01-18T00:12:57.694+0000] {processor.py:208} INFO - Processing /home/airflow/.local/lib/python3.12/site-packages/airflow/example_dags/tutorial_taskflow_api.py took 0.085 seconds
[2025-01-18T00:13:27.875+0000] {processor.py:186} INFO - Started process (PID=19118) to work on /home/airflow/.local/lib/python3.12/site-packages/airflow/example_dags/tutorial_taskflow_api.py
[2025-01-18T00:13:27.877+0000] {processor.py:914} INFO - Processing file /home/airflow/.local/lib/python3.12/site-packages/airflow/example_dags/tutorial_taskflow_api.py for tasks to queue
[2025-01-18T00:13:27.879+0000] {logging_mixin.py:190} INFO - [2025-01-18T00:13:27.879+0000] {dagbag.py:588} INFO - Filling up the DagBag from /home/airflow/.local/lib/python3.12/site-packages/airflow/example_dags/tutorial_taskflow_api.py
[2025-01-18T00:13:27.888+0000] {processor.py:925} INFO - DAG(s) 'tutorial_taskflow_api' retrieved from /home/airflow/.local/lib/python3.12/site-packages/airflow/example_dags/tutorial_taskflow_api.py
[2025-01-18T00:13:27.912+0000] {logging_mixin.py:190} INFO - [2025-01-18T00:13:27.911+0000] {dag.py:3239} INFO - Sync 1 DAGs
[2025-01-18T00:13:27.932+0000] {logging_mixin.py:190} INFO - [2025-01-18T00:13:27.931+0000] {dag.py:4180} INFO - Setting next_dagrun for tutorial_taskflow_api to None, run_after=None
[2025-01-18T00:13:27.956+0000] {processor.py:208} INFO - Processing /home/airflow/.local/lib/python3.12/site-packages/airflow/example_dags/tutorial_taskflow_api.py took 0.088 seconds
[2025-01-18T00:13:58.350+0000] {processor.py:186} INFO - Started process (PID=19185) to work on /home/airflow/.local/lib/python3.12/site-packages/airflow/example_dags/tutorial_taskflow_api.py
[2025-01-18T00:13:58.352+0000] {processor.py:914} INFO - Processing file /home/airflow/.local/lib/python3.12/site-packages/airflow/example_dags/tutorial_taskflow_api.py for tasks to queue
[2025-01-18T00:13:58.354+0000] {logging_mixin.py:190} INFO - [2025-01-18T00:13:58.354+0000] {dagbag.py:588} INFO - Filling up the DagBag from /home/airflow/.local/lib/python3.12/site-packages/airflow/example_dags/tutorial_taskflow_api.py
[2025-01-18T00:13:58.363+0000] {processor.py:925} INFO - DAG(s) 'tutorial_taskflow_api' retrieved from /home/airflow/.local/lib/python3.12/site-packages/airflow/example_dags/tutorial_taskflow_api.py
[2025-01-18T00:13:58.385+0000] {logging_mixin.py:190} INFO - [2025-01-18T00:13:58.385+0000] {dag.py:3239} INFO - Sync 1 DAGs
[2025-01-18T00:13:58.401+0000] {logging_mixin.py:190} INFO - [2025-01-18T00:13:58.401+0000] {dag.py:4180} INFO - Setting next_dagrun for tutorial_taskflow_api to None, run_after=None
[2025-01-18T00:13:58.423+0000] {processor.py:208} INFO - Processing /home/airflow/.local/lib/python3.12/site-packages/airflow/example_dags/tutorial_taskflow_api.py took 0.078 seconds
[2025-01-18T00:14:29.306+0000] {processor.py:186} INFO - Started process (PID=19259) to work on /home/airflow/.local/lib/python3.12/site-packages/airflow/example_dags/tutorial_taskflow_api.py
[2025-01-18T00:14:29.308+0000] {processor.py:914} INFO - Processing file /home/airflow/.local/lib/python3.12/site-packages/airflow/example_dags/tutorial_taskflow_api.py for tasks to queue
[2025-01-18T00:14:29.310+0000] {logging_mixin.py:190} INFO - [2025-01-18T00:14:29.310+0000] {dagbag.py:588} INFO - Filling up the DagBag from /home/airflow/.local/lib/python3.12/site-packages/airflow/example_dags/tutorial_taskflow_api.py
[2025-01-18T00:14:29.321+0000] {processor.py:925} INFO - DAG(s) 'tutorial_taskflow_api' retrieved from /home/airflow/.local/lib/python3.12/site-packages/airflow/example_dags/tutorial_taskflow_api.py
[2025-01-18T00:14:29.345+0000] {logging_mixin.py:190} INFO - [2025-01-18T00:14:29.345+0000] {dag.py:3239} INFO - Sync 1 DAGs
[2025-01-18T00:14:29.366+0000] {logging_mixin.py:190} INFO - [2025-01-18T00:14:29.366+0000] {dag.py:4180} INFO - Setting next_dagrun for tutorial_taskflow_api to None, run_after=None
[2025-01-18T00:14:29.397+0000] {processor.py:208} INFO - Processing /home/airflow/.local/lib/python3.12/site-packages/airflow/example_dags/tutorial_taskflow_api.py took 0.098 seconds
[2025-01-18T00:14:59.606+0000] {processor.py:186} INFO - Started process (PID=19326) to work on /home/airflow/.local/lib/python3.12/site-packages/airflow/example_dags/tutorial_taskflow_api.py
[2025-01-18T00:14:59.608+0000] {processor.py:914} INFO - Processing file /home/airflow/.local/lib/python3.12/site-packages/airflow/example_dags/tutorial_taskflow_api.py for tasks to queue
[2025-01-18T00:14:59.615+0000] {logging_mixin.py:190} INFO - [2025-01-18T00:14:59.614+0000] {dagbag.py:588} INFO - Filling up the DagBag from /home/airflow/.local/lib/python3.12/site-packages/airflow/example_dags/tutorial_taskflow_api.py
[2025-01-18T00:14:59.629+0000] {processor.py:925} INFO - DAG(s) 'tutorial_taskflow_api' retrieved from /home/airflow/.local/lib/python3.12/site-packages/airflow/example_dags/tutorial_taskflow_api.py
[2025-01-18T00:14:59.660+0000] {logging_mixin.py:190} INFO - [2025-01-18T00:14:59.659+0000] {dag.py:3239} INFO - Sync 1 DAGs
[2025-01-18T00:14:59.680+0000] {logging_mixin.py:190} INFO - [2025-01-18T00:14:59.680+0000] {dag.py:4180} INFO - Setting next_dagrun for tutorial_taskflow_api to None, run_after=None
[2025-01-18T00:14:59.706+0000] {processor.py:208} INFO - Processing /home/airflow/.local/lib/python3.12/site-packages/airflow/example_dags/tutorial_taskflow_api.py took 0.107 seconds
[2025-01-18T00:15:30.735+0000] {processor.py:186} INFO - Started process (PID=19393) to work on /home/airflow/.local/lib/python3.12/site-packages/airflow/example_dags/tutorial_taskflow_api.py
[2025-01-18T00:15:30.736+0000] {processor.py:914} INFO - Processing file /home/airflow/.local/lib/python3.12/site-packages/airflow/example_dags/tutorial_taskflow_api.py for tasks to queue
[2025-01-18T00:15:30.739+0000] {logging_mixin.py:190} INFO - [2025-01-18T00:15:30.738+0000] {dagbag.py:588} INFO - Filling up the DagBag from /home/airflow/.local/lib/python3.12/site-packages/airflow/example_dags/tutorial_taskflow_api.py
[2025-01-18T00:15:30.748+0000] {processor.py:925} INFO - DAG(s) 'tutorial_taskflow_api' retrieved from /home/airflow/.local/lib/python3.12/site-packages/airflow/example_dags/tutorial_taskflow_api.py
[2025-01-18T00:15:30.768+0000] {logging_mixin.py:190} INFO - [2025-01-18T00:15:30.768+0000] {dag.py:3239} INFO - Sync 1 DAGs
[2025-01-18T00:15:30.785+0000] {logging_mixin.py:190} INFO - [2025-01-18T00:15:30.785+0000] {dag.py:4180} INFO - Setting next_dagrun for tutorial_taskflow_api to None, run_after=None
[2025-01-18T00:15:30.809+0000] {processor.py:208} INFO - Processing /home/airflow/.local/lib/python3.12/site-packages/airflow/example_dags/tutorial_taskflow_api.py took 0.080 seconds
[2025-01-18T00:16:01.041+0000] {processor.py:186} INFO - Started process (PID=19459) to work on /home/airflow/.local/lib/python3.12/site-packages/airflow/example_dags/tutorial_taskflow_api.py
[2025-01-18T00:16:01.042+0000] {processor.py:914} INFO - Processing file /home/airflow/.local/lib/python3.12/site-packages/airflow/example_dags/tutorial_taskflow_api.py for tasks to queue
[2025-01-18T00:16:01.045+0000] {logging_mixin.py:190} INFO - [2025-01-18T00:16:01.044+0000] {dagbag.py:588} INFO - Filling up the DagBag from /home/airflow/.local/lib/python3.12/site-packages/airflow/example_dags/tutorial_taskflow_api.py
[2025-01-18T00:16:01.051+0000] {processor.py:925} INFO - DAG(s) 'tutorial_taskflow_api' retrieved from /home/airflow/.local/lib/python3.12/site-packages/airflow/example_dags/tutorial_taskflow_api.py
[2025-01-18T00:16:01.070+0000] {logging_mixin.py:190} INFO - [2025-01-18T00:16:01.070+0000] {dag.py:3239} INFO - Sync 1 DAGs
[2025-01-18T00:16:01.090+0000] {logging_mixin.py:190} INFO - [2025-01-18T00:16:01.089+0000] {dag.py:4180} INFO - Setting next_dagrun for tutorial_taskflow_api to None, run_after=None
[2025-01-18T00:16:01.145+0000] {processor.py:208} INFO - Processing /home/airflow/.local/lib/python3.12/site-packages/airflow/example_dags/tutorial_taskflow_api.py took 0.109 seconds
[2025-01-18T00:16:32.132+0000] {processor.py:186} INFO - Started process (PID=19526) to work on /home/airflow/.local/lib/python3.12/site-packages/airflow/example_dags/tutorial_taskflow_api.py
[2025-01-18T00:16:32.133+0000] {processor.py:914} INFO - Processing file /home/airflow/.local/lib/python3.12/site-packages/airflow/example_dags/tutorial_taskflow_api.py for tasks to queue
[2025-01-18T00:16:32.136+0000] {logging_mixin.py:190} INFO - [2025-01-18T00:16:32.136+0000] {dagbag.py:588} INFO - Filling up the DagBag from /home/airflow/.local/lib/python3.12/site-packages/airflow/example_dags/tutorial_taskflow_api.py
[2025-01-18T00:16:32.144+0000] {processor.py:925} INFO - DAG(s) 'tutorial_taskflow_api' retrieved from /home/airflow/.local/lib/python3.12/site-packages/airflow/example_dags/tutorial_taskflow_api.py
[2025-01-18T00:16:32.169+0000] {logging_mixin.py:190} INFO - [2025-01-18T00:16:32.169+0000] {dag.py:3239} INFO - Sync 1 DAGs
[2025-01-18T00:16:32.187+0000] {logging_mixin.py:190} INFO - [2025-01-18T00:16:32.187+0000] {dag.py:4180} INFO - Setting next_dagrun for tutorial_taskflow_api to None, run_after=None
[2025-01-18T00:16:32.212+0000] {processor.py:208} INFO - Processing /home/airflow/.local/lib/python3.12/site-packages/airflow/example_dags/tutorial_taskflow_api.py took 0.087 seconds
[2025-01-18T00:17:03.430+0000] {processor.py:186} INFO - Started process (PID=19593) to work on /home/airflow/.local/lib/python3.12/site-packages/airflow/example_dags/tutorial_taskflow_api.py
[2025-01-18T00:17:03.432+0000] {processor.py:914} INFO - Processing file /home/airflow/.local/lib/python3.12/site-packages/airflow/example_dags/tutorial_taskflow_api.py for tasks to queue
[2025-01-18T00:17:03.435+0000] {logging_mixin.py:190} INFO - [2025-01-18T00:17:03.434+0000] {dagbag.py:588} INFO - Filling up the DagBag from /home/airflow/.local/lib/python3.12/site-packages/airflow/example_dags/tutorial_taskflow_api.py
[2025-01-18T00:17:03.446+0000] {processor.py:925} INFO - DAG(s) 'tutorial_taskflow_api' retrieved from /home/airflow/.local/lib/python3.12/site-packages/airflow/example_dags/tutorial_taskflow_api.py
[2025-01-18T00:17:03.474+0000] {logging_mixin.py:190} INFO - [2025-01-18T00:17:03.474+0000] {dag.py:3239} INFO - Sync 1 DAGs
[2025-01-18T00:17:03.790+0000] {logging_mixin.py:190} INFO - [2025-01-18T00:17:03.789+0000] {dag.py:4180} INFO - Setting next_dagrun for tutorial_taskflow_api to None, run_after=None
[2025-01-18T00:17:03.818+0000] {processor.py:208} INFO - Processing /home/airflow/.local/lib/python3.12/site-packages/airflow/example_dags/tutorial_taskflow_api.py took 0.397 seconds
[2025-01-18T00:17:34.113+0000] {processor.py:186} INFO - Started process (PID=19660) to work on /home/airflow/.local/lib/python3.12/site-packages/airflow/example_dags/tutorial_taskflow_api.py
[2025-01-18T00:17:34.116+0000] {processor.py:914} INFO - Processing file /home/airflow/.local/lib/python3.12/site-packages/airflow/example_dags/tutorial_taskflow_api.py for tasks to queue
[2025-01-18T00:17:34.119+0000] {logging_mixin.py:190} INFO - [2025-01-18T00:17:34.119+0000] {dagbag.py:588} INFO - Filling up the DagBag from /home/airflow/.local/lib/python3.12/site-packages/airflow/example_dags/tutorial_taskflow_api.py
[2025-01-18T00:17:34.128+0000] {processor.py:925} INFO - DAG(s) 'tutorial_taskflow_api' retrieved from /home/airflow/.local/lib/python3.12/site-packages/airflow/example_dags/tutorial_taskflow_api.py
[2025-01-18T00:17:34.151+0000] {logging_mixin.py:190} INFO - [2025-01-18T00:17:34.150+0000] {dag.py:3239} INFO - Sync 1 DAGs
[2025-01-18T00:17:34.370+0000] {logging_mixin.py:190} INFO - [2025-01-18T00:17:34.370+0000] {dag.py:4180} INFO - Setting next_dagrun for tutorial_taskflow_api to None, run_after=None
[2025-01-18T00:17:34.403+0000] {processor.py:208} INFO - Processing /home/airflow/.local/lib/python3.12/site-packages/airflow/example_dags/tutorial_taskflow_api.py took 0.295 seconds
[2025-01-18T00:18:04.638+0000] {processor.py:186} INFO - Started process (PID=19728) to work on /home/airflow/.local/lib/python3.12/site-packages/airflow/example_dags/tutorial_taskflow_api.py
[2025-01-18T00:18:04.639+0000] {processor.py:914} INFO - Processing file /home/airflow/.local/lib/python3.12/site-packages/airflow/example_dags/tutorial_taskflow_api.py for tasks to queue
[2025-01-18T00:18:04.642+0000] {logging_mixin.py:190} INFO - [2025-01-18T00:18:04.641+0000] {dagbag.py:588} INFO - Filling up the DagBag from /home/airflow/.local/lib/python3.12/site-packages/airflow/example_dags/tutorial_taskflow_api.py
[2025-01-18T00:18:04.650+0000] {processor.py:925} INFO - DAG(s) 'tutorial_taskflow_api' retrieved from /home/airflow/.local/lib/python3.12/site-packages/airflow/example_dags/tutorial_taskflow_api.py
[2025-01-18T00:18:04.672+0000] {logging_mixin.py:190} INFO - [2025-01-18T00:18:04.672+0000] {dag.py:3239} INFO - Sync 1 DAGs
[2025-01-18T00:18:04.892+0000] {logging_mixin.py:190} INFO - [2025-01-18T00:18:04.891+0000] {dag.py:4180} INFO - Setting next_dagrun for tutorial_taskflow_api to None, run_after=None
[2025-01-18T00:18:04.913+0000] {processor.py:208} INFO - Processing /home/airflow/.local/lib/python3.12/site-packages/airflow/example_dags/tutorial_taskflow_api.py took 0.281 seconds
[2025-01-18T00:18:35.011+0000] {processor.py:186} INFO - Started process (PID=19801) to work on /home/airflow/.local/lib/python3.12/site-packages/airflow/example_dags/tutorial_taskflow_api.py
[2025-01-18T00:18:35.012+0000] {processor.py:914} INFO - Processing file /home/airflow/.local/lib/python3.12/site-packages/airflow/example_dags/tutorial_taskflow_api.py for tasks to queue
[2025-01-18T00:18:35.015+0000] {logging_mixin.py:190} INFO - [2025-01-18T00:18:35.014+0000] {dagbag.py:588} INFO - Filling up the DagBag from /home/airflow/.local/lib/python3.12/site-packages/airflow/example_dags/tutorial_taskflow_api.py
[2025-01-18T00:18:35.023+0000] {processor.py:925} INFO - DAG(s) 'tutorial_taskflow_api' retrieved from /home/airflow/.local/lib/python3.12/site-packages/airflow/example_dags/tutorial_taskflow_api.py
[2025-01-18T00:18:35.044+0000] {logging_mixin.py:190} INFO - [2025-01-18T00:18:35.044+0000] {dag.py:3239} INFO - Sync 1 DAGs
[2025-01-18T00:18:35.268+0000] {logging_mixin.py:190} INFO - [2025-01-18T00:18:35.268+0000] {dag.py:4180} INFO - Setting next_dagrun for tutorial_taskflow_api to None, run_after=None
[2025-01-18T00:18:35.292+0000] {processor.py:208} INFO - Processing /home/airflow/.local/lib/python3.12/site-packages/airflow/example_dags/tutorial_taskflow_api.py took 0.287 seconds
[2025-01-18T00:19:05.648+0000] {processor.py:186} INFO - Started process (PID=19868) to work on /home/airflow/.local/lib/python3.12/site-packages/airflow/example_dags/tutorial_taskflow_api.py
[2025-01-18T00:19:05.650+0000] {processor.py:914} INFO - Processing file /home/airflow/.local/lib/python3.12/site-packages/airflow/example_dags/tutorial_taskflow_api.py for tasks to queue
[2025-01-18T00:19:05.656+0000] {logging_mixin.py:190} INFO - [2025-01-18T00:19:05.655+0000] {dagbag.py:588} INFO - Filling up the DagBag from /home/airflow/.local/lib/python3.12/site-packages/airflow/example_dags/tutorial_taskflow_api.py
[2025-01-18T00:19:05.687+0000] {processor.py:925} INFO - DAG(s) 'tutorial_taskflow_api' retrieved from /home/airflow/.local/lib/python3.12/site-packages/airflow/example_dags/tutorial_taskflow_api.py
[2025-01-18T00:19:05.737+0000] {logging_mixin.py:190} INFO - [2025-01-18T00:19:05.736+0000] {dag.py:3239} INFO - Sync 1 DAGs
[2025-01-18T00:19:05.765+0000] {logging_mixin.py:190} INFO - [2025-01-18T00:19:05.764+0000] {dag.py:4180} INFO - Setting next_dagrun for tutorial_taskflow_api to None, run_after=None
[2025-01-18T00:19:05.802+0000] {processor.py:208} INFO - Processing /home/airflow/.local/lib/python3.12/site-packages/airflow/example_dags/tutorial_taskflow_api.py took 0.168 seconds
[2025-01-18T00:19:36.099+0000] {processor.py:186} INFO - Started process (PID=19934) to work on /home/airflow/.local/lib/python3.12/site-packages/airflow/example_dags/tutorial_taskflow_api.py
[2025-01-18T00:19:36.100+0000] {processor.py:914} INFO - Processing file /home/airflow/.local/lib/python3.12/site-packages/airflow/example_dags/tutorial_taskflow_api.py for tasks to queue
[2025-01-18T00:19:36.103+0000] {logging_mixin.py:190} INFO - [2025-01-18T00:19:36.102+0000] {dagbag.py:588} INFO - Filling up the DagBag from /home/airflow/.local/lib/python3.12/site-packages/airflow/example_dags/tutorial_taskflow_api.py
[2025-01-18T00:19:36.117+0000] {processor.py:925} INFO - DAG(s) 'tutorial_taskflow_api' retrieved from /home/airflow/.local/lib/python3.12/site-packages/airflow/example_dags/tutorial_taskflow_api.py
[2025-01-18T00:19:36.150+0000] {logging_mixin.py:190} INFO - [2025-01-18T00:19:36.149+0000] {dag.py:3239} INFO - Sync 1 DAGs
[2025-01-18T00:19:36.172+0000] {logging_mixin.py:190} INFO - [2025-01-18T00:19:36.172+0000] {dag.py:4180} INFO - Setting next_dagrun for tutorial_taskflow_api to None, run_after=None
[2025-01-18T00:19:36.201+0000] {processor.py:208} INFO - Processing /home/airflow/.local/lib/python3.12/site-packages/airflow/example_dags/tutorial_taskflow_api.py took 0.108 seconds
[2025-01-18T00:20:07.322+0000] {processor.py:186} INFO - Started process (PID=20002) to work on /home/airflow/.local/lib/python3.12/site-packages/airflow/example_dags/tutorial_taskflow_api.py
[2025-01-18T00:20:07.323+0000] {processor.py:914} INFO - Processing file /home/airflow/.local/lib/python3.12/site-packages/airflow/example_dags/tutorial_taskflow_api.py for tasks to queue
[2025-01-18T00:20:07.326+0000] {logging_mixin.py:190} INFO - [2025-01-18T00:20:07.325+0000] {dagbag.py:588} INFO - Filling up the DagBag from /home/airflow/.local/lib/python3.12/site-packages/airflow/example_dags/tutorial_taskflow_api.py
[2025-01-18T00:20:07.335+0000] {processor.py:925} INFO - DAG(s) 'tutorial_taskflow_api' retrieved from /home/airflow/.local/lib/python3.12/site-packages/airflow/example_dags/tutorial_taskflow_api.py
[2025-01-18T00:20:07.357+0000] {logging_mixin.py:190} INFO - [2025-01-18T00:20:07.357+0000] {dag.py:3239} INFO - Sync 1 DAGs
[2025-01-18T00:20:07.373+0000] {logging_mixin.py:190} INFO - [2025-01-18T00:20:07.373+0000] {dag.py:4180} INFO - Setting next_dagrun for tutorial_taskflow_api to None, run_after=None
[2025-01-18T00:20:07.396+0000] {processor.py:208} INFO - Processing /home/airflow/.local/lib/python3.12/site-packages/airflow/example_dags/tutorial_taskflow_api.py took 0.080 seconds
[2025-01-18T00:20:37.668+0000] {processor.py:186} INFO - Started process (PID=20069) to work on /home/airflow/.local/lib/python3.12/site-packages/airflow/example_dags/tutorial_taskflow_api.py
[2025-01-18T00:20:37.669+0000] {processor.py:914} INFO - Processing file /home/airflow/.local/lib/python3.12/site-packages/airflow/example_dags/tutorial_taskflow_api.py for tasks to queue
[2025-01-18T00:20:37.671+0000] {logging_mixin.py:190} INFO - [2025-01-18T00:20:37.671+0000] {dagbag.py:588} INFO - Filling up the DagBag from /home/airflow/.local/lib/python3.12/site-packages/airflow/example_dags/tutorial_taskflow_api.py
[2025-01-18T00:20:37.679+0000] {processor.py:925} INFO - DAG(s) 'tutorial_taskflow_api' retrieved from /home/airflow/.local/lib/python3.12/site-packages/airflow/example_dags/tutorial_taskflow_api.py
[2025-01-18T00:20:37.701+0000] {logging_mixin.py:190} INFO - [2025-01-18T00:20:37.701+0000] {dag.py:3239} INFO - Sync 1 DAGs
[2025-01-18T00:20:37.718+0000] {logging_mixin.py:190} INFO - [2025-01-18T00:20:37.717+0000] {dag.py:4180} INFO - Setting next_dagrun for tutorial_taskflow_api to None, run_after=None
[2025-01-18T00:20:37.742+0000] {processor.py:208} INFO - Processing /home/airflow/.local/lib/python3.12/site-packages/airflow/example_dags/tutorial_taskflow_api.py took 0.081 seconds
[2025-01-18T00:21:08.056+0000] {processor.py:186} INFO - Started process (PID=20136) to work on /home/airflow/.local/lib/python3.12/site-packages/airflow/example_dags/tutorial_taskflow_api.py
[2025-01-18T00:21:08.057+0000] {processor.py:914} INFO - Processing file /home/airflow/.local/lib/python3.12/site-packages/airflow/example_dags/tutorial_taskflow_api.py for tasks to queue
[2025-01-18T00:21:08.061+0000] {logging_mixin.py:190} INFO - [2025-01-18T00:21:08.060+0000] {dagbag.py:588} INFO - Filling up the DagBag from /home/airflow/.local/lib/python3.12/site-packages/airflow/example_dags/tutorial_taskflow_api.py
[2025-01-18T00:21:08.071+0000] {processor.py:925} INFO - DAG(s) 'tutorial_taskflow_api' retrieved from /home/airflow/.local/lib/python3.12/site-packages/airflow/example_dags/tutorial_taskflow_api.py
[2025-01-18T00:21:08.095+0000] {logging_mixin.py:190} INFO - [2025-01-18T00:21:08.095+0000] {dag.py:3239} INFO - Sync 1 DAGs
[2025-01-18T00:21:08.111+0000] {logging_mixin.py:190} INFO - [2025-01-18T00:21:08.111+0000] {dag.py:4180} INFO - Setting next_dagrun for tutorial_taskflow_api to None, run_after=None
[2025-01-18T00:21:08.133+0000] {processor.py:208} INFO - Processing /home/airflow/.local/lib/python3.12/site-packages/airflow/example_dags/tutorial_taskflow_api.py took 0.084 seconds
[2025-01-18T00:21:38.504+0000] {processor.py:186} INFO - Started process (PID=20203) to work on /home/airflow/.local/lib/python3.12/site-packages/airflow/example_dags/tutorial_taskflow_api.py
[2025-01-18T00:21:38.506+0000] {processor.py:914} INFO - Processing file /home/airflow/.local/lib/python3.12/site-packages/airflow/example_dags/tutorial_taskflow_api.py for tasks to queue
[2025-01-18T00:21:38.508+0000] {logging_mixin.py:190} INFO - [2025-01-18T00:21:38.508+0000] {dagbag.py:588} INFO - Filling up the DagBag from /home/airflow/.local/lib/python3.12/site-packages/airflow/example_dags/tutorial_taskflow_api.py
[2025-01-18T00:21:38.515+0000] {processor.py:925} INFO - DAG(s) 'tutorial_taskflow_api' retrieved from /home/airflow/.local/lib/python3.12/site-packages/airflow/example_dags/tutorial_taskflow_api.py
[2025-01-18T00:21:38.536+0000] {logging_mixin.py:190} INFO - [2025-01-18T00:21:38.536+0000] {dag.py:3239} INFO - Sync 1 DAGs
[2025-01-18T00:21:38.550+0000] {logging_mixin.py:190} INFO - [2025-01-18T00:21:38.550+0000] {dag.py:4180} INFO - Setting next_dagrun for tutorial_taskflow_api to None, run_after=None
[2025-01-18T00:21:38.570+0000] {processor.py:208} INFO - Processing /home/airflow/.local/lib/python3.12/site-packages/airflow/example_dags/tutorial_taskflow_api.py took 0.071 seconds
[2025-01-18T00:22:08.920+0000] {processor.py:186} INFO - Started process (PID=20270) to work on /home/airflow/.local/lib/python3.12/site-packages/airflow/example_dags/tutorial_taskflow_api.py
[2025-01-18T00:22:08.921+0000] {processor.py:914} INFO - Processing file /home/airflow/.local/lib/python3.12/site-packages/airflow/example_dags/tutorial_taskflow_api.py for tasks to queue
[2025-01-18T00:22:08.924+0000] {logging_mixin.py:190} INFO - [2025-01-18T00:22:08.923+0000] {dagbag.py:588} INFO - Filling up the DagBag from /home/airflow/.local/lib/python3.12/site-packages/airflow/example_dags/tutorial_taskflow_api.py
[2025-01-18T00:22:08.933+0000] {processor.py:925} INFO - DAG(s) 'tutorial_taskflow_api' retrieved from /home/airflow/.local/lib/python3.12/site-packages/airflow/example_dags/tutorial_taskflow_api.py
[2025-01-18T00:22:08.954+0000] {logging_mixin.py:190} INFO - [2025-01-18T00:22:08.954+0000] {dag.py:3239} INFO - Sync 1 DAGs
[2025-01-18T00:22:08.970+0000] {logging_mixin.py:190} INFO - [2025-01-18T00:22:08.970+0000] {dag.py:4180} INFO - Setting next_dagrun for tutorial_taskflow_api to None, run_after=None
[2025-01-18T00:22:08.992+0000] {processor.py:208} INFO - Processing /home/airflow/.local/lib/python3.12/site-packages/airflow/example_dags/tutorial_taskflow_api.py took 0.078 seconds
[2025-01-18T00:22:39.619+0000] {processor.py:186} INFO - Started process (PID=20343) to work on /home/airflow/.local/lib/python3.12/site-packages/airflow/example_dags/tutorial_taskflow_api.py
[2025-01-18T00:22:39.620+0000] {processor.py:914} INFO - Processing file /home/airflow/.local/lib/python3.12/site-packages/airflow/example_dags/tutorial_taskflow_api.py for tasks to queue
[2025-01-18T00:22:39.626+0000] {logging_mixin.py:190} INFO - [2025-01-18T00:22:39.625+0000] {dagbag.py:588} INFO - Filling up the DagBag from /home/airflow/.local/lib/python3.12/site-packages/airflow/example_dags/tutorial_taskflow_api.py
[2025-01-18T00:22:39.645+0000] {processor.py:925} INFO - DAG(s) 'tutorial_taskflow_api' retrieved from /home/airflow/.local/lib/python3.12/site-packages/airflow/example_dags/tutorial_taskflow_api.py
[2025-01-18T00:22:39.701+0000] {logging_mixin.py:190} INFO - [2025-01-18T00:22:39.701+0000] {dag.py:3239} INFO - Sync 1 DAGs
[2025-01-18T00:22:39.744+0000] {logging_mixin.py:190} INFO - [2025-01-18T00:22:39.743+0000] {dag.py:4180} INFO - Setting next_dagrun for tutorial_taskflow_api to None, run_after=None
[2025-01-18T00:22:39.792+0000] {processor.py:208} INFO - Processing /home/airflow/.local/lib/python3.12/site-packages/airflow/example_dags/tutorial_taskflow_api.py took 0.184 seconds
[2025-01-18T00:23:09.949+0000] {processor.py:186} INFO - Started process (PID=20410) to work on /home/airflow/.local/lib/python3.12/site-packages/airflow/example_dags/tutorial_taskflow_api.py
[2025-01-18T00:23:09.950+0000] {processor.py:914} INFO - Processing file /home/airflow/.local/lib/python3.12/site-packages/airflow/example_dags/tutorial_taskflow_api.py for tasks to queue
[2025-01-18T00:23:09.952+0000] {logging_mixin.py:190} INFO - [2025-01-18T00:23:09.952+0000] {dagbag.py:588} INFO - Filling up the DagBag from /home/airflow/.local/lib/python3.12/site-packages/airflow/example_dags/tutorial_taskflow_api.py
[2025-01-18T00:23:09.960+0000] {processor.py:925} INFO - DAG(s) 'tutorial_taskflow_api' retrieved from /home/airflow/.local/lib/python3.12/site-packages/airflow/example_dags/tutorial_taskflow_api.py
[2025-01-18T00:23:09.980+0000] {logging_mixin.py:190} INFO - [2025-01-18T00:23:09.980+0000] {dag.py:3239} INFO - Sync 1 DAGs
[2025-01-18T00:23:09.996+0000] {logging_mixin.py:190} INFO - [2025-01-18T00:23:09.996+0000] {dag.py:4180} INFO - Setting next_dagrun for tutorial_taskflow_api to None, run_after=None
[2025-01-18T00:23:10.018+0000] {processor.py:208} INFO - Processing /home/airflow/.local/lib/python3.12/site-packages/airflow/example_dags/tutorial_taskflow_api.py took 0.075 seconds
[2025-01-18T00:23:40.569+0000] {processor.py:186} INFO - Started process (PID=20477) to work on /home/airflow/.local/lib/python3.12/site-packages/airflow/example_dags/tutorial_taskflow_api.py
[2025-01-18T00:23:40.571+0000] {processor.py:914} INFO - Processing file /home/airflow/.local/lib/python3.12/site-packages/airflow/example_dags/tutorial_taskflow_api.py for tasks to queue
[2025-01-18T00:23:40.573+0000] {logging_mixin.py:190} INFO - [2025-01-18T00:23:40.573+0000] {dagbag.py:588} INFO - Filling up the DagBag from /home/airflow/.local/lib/python3.12/site-packages/airflow/example_dags/tutorial_taskflow_api.py
[2025-01-18T00:23:40.584+0000] {processor.py:925} INFO - DAG(s) 'tutorial_taskflow_api' retrieved from /home/airflow/.local/lib/python3.12/site-packages/airflow/example_dags/tutorial_taskflow_api.py
[2025-01-18T00:23:40.607+0000] {logging_mixin.py:190} INFO - [2025-01-18T00:23:40.607+0000] {dag.py:3239} INFO - Sync 1 DAGs
[2025-01-18T00:23:40.625+0000] {logging_mixin.py:190} INFO - [2025-01-18T00:23:40.624+0000] {dag.py:4180} INFO - Setting next_dagrun for tutorial_taskflow_api to None, run_after=None
[2025-01-18T00:23:40.648+0000] {processor.py:208} INFO - Processing /home/airflow/.local/lib/python3.12/site-packages/airflow/example_dags/tutorial_taskflow_api.py took 0.086 seconds
[2025-01-18T00:24:11.296+0000] {processor.py:186} INFO - Started process (PID=20544) to work on /home/airflow/.local/lib/python3.12/site-packages/airflow/example_dags/tutorial_taskflow_api.py
[2025-01-18T00:24:11.298+0000] {processor.py:914} INFO - Processing file /home/airflow/.local/lib/python3.12/site-packages/airflow/example_dags/tutorial_taskflow_api.py for tasks to queue
[2025-01-18T00:24:11.304+0000] {logging_mixin.py:190} INFO - [2025-01-18T00:24:11.303+0000] {dagbag.py:588} INFO - Filling up the DagBag from /home/airflow/.local/lib/python3.12/site-packages/airflow/example_dags/tutorial_taskflow_api.py
[2025-01-18T00:24:11.313+0000] {processor.py:925} INFO - DAG(s) 'tutorial_taskflow_api' retrieved from /home/airflow/.local/lib/python3.12/site-packages/airflow/example_dags/tutorial_taskflow_api.py
[2025-01-18T00:24:11.338+0000] {logging_mixin.py:190} INFO - [2025-01-18T00:24:11.338+0000] {dag.py:3239} INFO - Sync 1 DAGs
[2025-01-18T00:24:11.356+0000] {logging_mixin.py:190} INFO - [2025-01-18T00:24:11.356+0000] {dag.py:4180} INFO - Setting next_dagrun for tutorial_taskflow_api to None, run_after=None
[2025-01-18T00:24:11.383+0000] {processor.py:208} INFO - Processing /home/airflow/.local/lib/python3.12/site-packages/airflow/example_dags/tutorial_taskflow_api.py took 0.095 seconds
[2025-01-18T00:24:41.659+0000] {processor.py:186} INFO - Started process (PID=20611) to work on /home/airflow/.local/lib/python3.12/site-packages/airflow/example_dags/tutorial_taskflow_api.py
[2025-01-18T00:24:41.661+0000] {processor.py:914} INFO - Processing file /home/airflow/.local/lib/python3.12/site-packages/airflow/example_dags/tutorial_taskflow_api.py for tasks to queue
[2025-01-18T00:24:41.663+0000] {logging_mixin.py:190} INFO - [2025-01-18T00:24:41.663+0000] {dagbag.py:588} INFO - Filling up the DagBag from /home/airflow/.local/lib/python3.12/site-packages/airflow/example_dags/tutorial_taskflow_api.py
[2025-01-18T00:24:41.672+0000] {processor.py:925} INFO - DAG(s) 'tutorial_taskflow_api' retrieved from /home/airflow/.local/lib/python3.12/site-packages/airflow/example_dags/tutorial_taskflow_api.py
[2025-01-18T00:24:41.698+0000] {logging_mixin.py:190} INFO - [2025-01-18T00:24:41.698+0000] {dag.py:3239} INFO - Sync 1 DAGs
[2025-01-18T00:24:41.715+0000] {logging_mixin.py:190} INFO - [2025-01-18T00:24:41.715+0000] {dag.py:4180} INFO - Setting next_dagrun for tutorial_taskflow_api to None, run_after=None
[2025-01-18T00:24:41.739+0000] {processor.py:208} INFO - Processing /home/airflow/.local/lib/python3.12/site-packages/airflow/example_dags/tutorial_taskflow_api.py took 0.087 seconds
[2025-01-18T00:25:12.446+0000] {processor.py:186} INFO - Started process (PID=20678) to work on /home/airflow/.local/lib/python3.12/site-packages/airflow/example_dags/tutorial_taskflow_api.py
[2025-01-18T00:25:12.447+0000] {processor.py:914} INFO - Processing file /home/airflow/.local/lib/python3.12/site-packages/airflow/example_dags/tutorial_taskflow_api.py for tasks to queue
[2025-01-18T00:25:12.449+0000] {logging_mixin.py:190} INFO - [2025-01-18T00:25:12.449+0000] {dagbag.py:588} INFO - Filling up the DagBag from /home/airflow/.local/lib/python3.12/site-packages/airflow/example_dags/tutorial_taskflow_api.py
[2025-01-18T00:25:12.458+0000] {processor.py:925} INFO - DAG(s) 'tutorial_taskflow_api' retrieved from /home/airflow/.local/lib/python3.12/site-packages/airflow/example_dags/tutorial_taskflow_api.py
[2025-01-18T00:25:12.481+0000] {logging_mixin.py:190} INFO - [2025-01-18T00:25:12.481+0000] {dag.py:3239} INFO - Sync 1 DAGs
[2025-01-18T00:25:12.497+0000] {logging_mixin.py:190} INFO - [2025-01-18T00:25:12.497+0000] {dag.py:4180} INFO - Setting next_dagrun for tutorial_taskflow_api to None, run_after=None
[2025-01-18T00:25:12.520+0000] {processor.py:208} INFO - Processing /home/airflow/.local/lib/python3.12/site-packages/airflow/example_dags/tutorial_taskflow_api.py took 0.080 seconds
[2025-01-18T00:25:43.306+0000] {processor.py:186} INFO - Started process (PID=20745) to work on /home/airflow/.local/lib/python3.12/site-packages/airflow/example_dags/tutorial_taskflow_api.py
[2025-01-18T00:25:43.307+0000] {processor.py:914} INFO - Processing file /home/airflow/.local/lib/python3.12/site-packages/airflow/example_dags/tutorial_taskflow_api.py for tasks to queue
[2025-01-18T00:25:43.310+0000] {logging_mixin.py:190} INFO - [2025-01-18T00:25:43.310+0000] {dagbag.py:588} INFO - Filling up the DagBag from /home/airflow/.local/lib/python3.12/site-packages/airflow/example_dags/tutorial_taskflow_api.py
[2025-01-18T00:25:43.322+0000] {processor.py:925} INFO - DAG(s) 'tutorial_taskflow_api' retrieved from /home/airflow/.local/lib/python3.12/site-packages/airflow/example_dags/tutorial_taskflow_api.py
[2025-01-18T00:25:43.345+0000] {logging_mixin.py:190} INFO - [2025-01-18T00:25:43.345+0000] {dag.py:3239} INFO - Sync 1 DAGs
[2025-01-18T00:25:43.361+0000] {logging_mixin.py:190} INFO - [2025-01-18T00:25:43.361+0000] {dag.py:4180} INFO - Setting next_dagrun for tutorial_taskflow_api to None, run_after=None
[2025-01-18T00:25:43.384+0000] {processor.py:208} INFO - Processing /home/airflow/.local/lib/python3.12/site-packages/airflow/example_dags/tutorial_taskflow_api.py took 0.094 seconds
[2025-01-18T00:26:13.935+0000] {processor.py:186} INFO - Started process (PID=20812) to work on /home/airflow/.local/lib/python3.12/site-packages/airflow/example_dags/tutorial_taskflow_api.py
[2025-01-18T00:26:13.936+0000] {processor.py:914} INFO - Processing file /home/airflow/.local/lib/python3.12/site-packages/airflow/example_dags/tutorial_taskflow_api.py for tasks to queue
[2025-01-18T00:26:13.939+0000] {logging_mixin.py:190} INFO - [2025-01-18T00:26:13.938+0000] {dagbag.py:588} INFO - Filling up the DagBag from /home/airflow/.local/lib/python3.12/site-packages/airflow/example_dags/tutorial_taskflow_api.py
[2025-01-18T00:26:13.949+0000] {processor.py:925} INFO - DAG(s) 'tutorial_taskflow_api' retrieved from /home/airflow/.local/lib/python3.12/site-packages/airflow/example_dags/tutorial_taskflow_api.py
[2025-01-18T00:26:13.971+0000] {logging_mixin.py:190} INFO - [2025-01-18T00:26:13.971+0000] {dag.py:3239} INFO - Sync 1 DAGs
[2025-01-18T00:26:13.988+0000] {logging_mixin.py:190} INFO - [2025-01-18T00:26:13.988+0000] {dag.py:4180} INFO - Setting next_dagrun for tutorial_taskflow_api to None, run_after=None
[2025-01-18T00:26:14.012+0000] {processor.py:208} INFO - Processing /home/airflow/.local/lib/python3.12/site-packages/airflow/example_dags/tutorial_taskflow_api.py took 0.085 seconds
[2025-01-18T00:26:44.724+0000] {processor.py:186} INFO - Started process (PID=20879) to work on /home/airflow/.local/lib/python3.12/site-packages/airflow/example_dags/tutorial_taskflow_api.py
[2025-01-18T00:26:44.725+0000] {processor.py:914} INFO - Processing file /home/airflow/.local/lib/python3.12/site-packages/airflow/example_dags/tutorial_taskflow_api.py for tasks to queue
[2025-01-18T00:26:44.728+0000] {logging_mixin.py:190} INFO - [2025-01-18T00:26:44.727+0000] {dagbag.py:588} INFO - Filling up the DagBag from /home/airflow/.local/lib/python3.12/site-packages/airflow/example_dags/tutorial_taskflow_api.py
[2025-01-18T00:26:44.737+0000] {processor.py:925} INFO - DAG(s) 'tutorial_taskflow_api' retrieved from /home/airflow/.local/lib/python3.12/site-packages/airflow/example_dags/tutorial_taskflow_api.py
[2025-01-18T00:26:44.758+0000] {logging_mixin.py:190} INFO - [2025-01-18T00:26:44.758+0000] {dag.py:3239} INFO - Sync 1 DAGs
[2025-01-18T00:26:44.775+0000] {logging_mixin.py:190} INFO - [2025-01-18T00:26:44.775+0000] {dag.py:4180} INFO - Setting next_dagrun for tutorial_taskflow_api to None, run_after=None
[2025-01-18T00:26:44.798+0000] {processor.py:208} INFO - Processing /home/airflow/.local/lib/python3.12/site-packages/airflow/example_dags/tutorial_taskflow_api.py took 0.081 seconds
[2025-01-18T00:27:15.590+0000] {processor.py:186} INFO - Started process (PID=20952) to work on /home/airflow/.local/lib/python3.12/site-packages/airflow/example_dags/tutorial_taskflow_api.py
[2025-01-18T00:27:15.592+0000] {processor.py:914} INFO - Processing file /home/airflow/.local/lib/python3.12/site-packages/airflow/example_dags/tutorial_taskflow_api.py for tasks to queue
[2025-01-18T00:27:15.596+0000] {logging_mixin.py:190} INFO - [2025-01-18T00:27:15.595+0000] {dagbag.py:588} INFO - Filling up the DagBag from /home/airflow/.local/lib/python3.12/site-packages/airflow/example_dags/tutorial_taskflow_api.py
[2025-01-18T00:27:15.607+0000] {processor.py:925} INFO - DAG(s) 'tutorial_taskflow_api' retrieved from /home/airflow/.local/lib/python3.12/site-packages/airflow/example_dags/tutorial_taskflow_api.py
[2025-01-18T00:27:15.632+0000] {logging_mixin.py:190} INFO - [2025-01-18T00:27:15.632+0000] {dag.py:3239} INFO - Sync 1 DAGs
[2025-01-18T00:27:15.649+0000] {logging_mixin.py:190} INFO - [2025-01-18T00:27:15.648+0000] {dag.py:4180} INFO - Setting next_dagrun for tutorial_taskflow_api to None, run_after=None
[2025-01-18T00:27:15.673+0000] {processor.py:208} INFO - Processing /home/airflow/.local/lib/python3.12/site-packages/airflow/example_dags/tutorial_taskflow_api.py took 0.091 seconds
[2025-01-18T00:27:45.971+0000] {processor.py:186} INFO - Started process (PID=21019) to work on /home/airflow/.local/lib/python3.12/site-packages/airflow/example_dags/tutorial_taskflow_api.py
[2025-01-18T00:27:45.972+0000] {processor.py:914} INFO - Processing file /home/airflow/.local/lib/python3.12/site-packages/airflow/example_dags/tutorial_taskflow_api.py for tasks to queue
[2025-01-18T00:27:45.975+0000] {logging_mixin.py:190} INFO - [2025-01-18T00:27:45.974+0000] {dagbag.py:588} INFO - Filling up the DagBag from /home/airflow/.local/lib/python3.12/site-packages/airflow/example_dags/tutorial_taskflow_api.py
[2025-01-18T00:27:45.984+0000] {processor.py:925} INFO - DAG(s) 'tutorial_taskflow_api' retrieved from /home/airflow/.local/lib/python3.12/site-packages/airflow/example_dags/tutorial_taskflow_api.py
[2025-01-18T00:27:46.008+0000] {logging_mixin.py:190} INFO - [2025-01-18T00:27:46.008+0000] {dag.py:3239} INFO - Sync 1 DAGs
[2025-01-18T00:27:46.027+0000] {logging_mixin.py:190} INFO - [2025-01-18T00:27:46.027+0000] {dag.py:4180} INFO - Setting next_dagrun for tutorial_taskflow_api to None, run_after=None
[2025-01-18T00:27:46.053+0000] {processor.py:208} INFO - Processing /home/airflow/.local/lib/python3.12/site-packages/airflow/example_dags/tutorial_taskflow_api.py took 0.088 seconds
[2025-01-18T00:28:16.785+0000] {processor.py:186} INFO - Started process (PID=21085) to work on /home/airflow/.local/lib/python3.12/site-packages/airflow/example_dags/tutorial_taskflow_api.py
[2025-01-18T00:28:16.787+0000] {processor.py:914} INFO - Processing file /home/airflow/.local/lib/python3.12/site-packages/airflow/example_dags/tutorial_taskflow_api.py for tasks to queue
[2025-01-18T00:28:16.789+0000] {logging_mixin.py:190} INFO - [2025-01-18T00:28:16.789+0000] {dagbag.py:588} INFO - Filling up the DagBag from /home/airflow/.local/lib/python3.12/site-packages/airflow/example_dags/tutorial_taskflow_api.py
[2025-01-18T00:28:16.796+0000] {processor.py:925} INFO - DAG(s) 'tutorial_taskflow_api' retrieved from /home/airflow/.local/lib/python3.12/site-packages/airflow/example_dags/tutorial_taskflow_api.py
[2025-01-18T00:28:16.818+0000] {logging_mixin.py:190} INFO - [2025-01-18T00:28:16.818+0000] {dag.py:3239} INFO - Sync 1 DAGs
[2025-01-18T00:28:16.833+0000] {logging_mixin.py:190} INFO - [2025-01-18T00:28:16.833+0000] {dag.py:4180} INFO - Setting next_dagrun for tutorial_taskflow_api to None, run_after=None
[2025-01-18T00:28:16.856+0000] {processor.py:208} INFO - Processing /home/airflow/.local/lib/python3.12/site-packages/airflow/example_dags/tutorial_taskflow_api.py took 0.076 seconds
[2025-01-18T00:28:47.261+0000] {processor.py:186} INFO - Started process (PID=21152) to work on /home/airflow/.local/lib/python3.12/site-packages/airflow/example_dags/tutorial_taskflow_api.py
[2025-01-18T00:28:47.262+0000] {processor.py:914} INFO - Processing file /home/airflow/.local/lib/python3.12/site-packages/airflow/example_dags/tutorial_taskflow_api.py for tasks to queue
[2025-01-18T00:28:47.266+0000] {logging_mixin.py:190} INFO - [2025-01-18T00:28:47.265+0000] {dagbag.py:588} INFO - Filling up the DagBag from /home/airflow/.local/lib/python3.12/site-packages/airflow/example_dags/tutorial_taskflow_api.py
[2025-01-18T00:28:47.275+0000] {processor.py:925} INFO - DAG(s) 'tutorial_taskflow_api' retrieved from /home/airflow/.local/lib/python3.12/site-packages/airflow/example_dags/tutorial_taskflow_api.py
[2025-01-18T00:28:47.298+0000] {logging_mixin.py:190} INFO - [2025-01-18T00:28:47.297+0000] {dag.py:3239} INFO - Sync 1 DAGs
[2025-01-18T00:28:47.315+0000] {logging_mixin.py:190} INFO - [2025-01-18T00:28:47.315+0000] {dag.py:4180} INFO - Setting next_dagrun for tutorial_taskflow_api to None, run_after=None
[2025-01-18T00:28:47.344+0000] {processor.py:208} INFO - Processing /home/airflow/.local/lib/python3.12/site-packages/airflow/example_dags/tutorial_taskflow_api.py took 0.089 seconds
[2025-01-18T00:29:17.662+0000] {processor.py:186} INFO - Started process (PID=21219) to work on /home/airflow/.local/lib/python3.12/site-packages/airflow/example_dags/tutorial_taskflow_api.py
[2025-01-18T00:29:17.663+0000] {processor.py:914} INFO - Processing file /home/airflow/.local/lib/python3.12/site-packages/airflow/example_dags/tutorial_taskflow_api.py for tasks to queue
[2025-01-18T00:29:17.666+0000] {logging_mixin.py:190} INFO - [2025-01-18T00:29:17.665+0000] {dagbag.py:588} INFO - Filling up the DagBag from /home/airflow/.local/lib/python3.12/site-packages/airflow/example_dags/tutorial_taskflow_api.py
[2025-01-18T00:29:17.677+0000] {processor.py:925} INFO - DAG(s) 'tutorial_taskflow_api' retrieved from /home/airflow/.local/lib/python3.12/site-packages/airflow/example_dags/tutorial_taskflow_api.py
[2025-01-18T00:29:17.701+0000] {logging_mixin.py:190} INFO - [2025-01-18T00:29:17.700+0000] {dag.py:3239} INFO - Sync 1 DAGs
[2025-01-18T00:29:17.716+0000] {logging_mixin.py:190} INFO - [2025-01-18T00:29:17.716+0000] {dag.py:4180} INFO - Setting next_dagrun for tutorial_taskflow_api to None, run_after=None
[2025-01-18T00:29:17.736+0000] {processor.py:208} INFO - Processing /home/airflow/.local/lib/python3.12/site-packages/airflow/example_dags/tutorial_taskflow_api.py took 0.081 seconds
[2025-01-18T00:29:48.679+0000] {processor.py:186} INFO - Started process (PID=21286) to work on /home/airflow/.local/lib/python3.12/site-packages/airflow/example_dags/tutorial_taskflow_api.py
[2025-01-18T00:29:48.680+0000] {processor.py:914} INFO - Processing file /home/airflow/.local/lib/python3.12/site-packages/airflow/example_dags/tutorial_taskflow_api.py for tasks to queue
[2025-01-18T00:29:48.683+0000] {logging_mixin.py:190} INFO - [2025-01-18T00:29:48.682+0000] {dagbag.py:588} INFO - Filling up the DagBag from /home/airflow/.local/lib/python3.12/site-packages/airflow/example_dags/tutorial_taskflow_api.py
[2025-01-18T00:29:48.693+0000] {processor.py:925} INFO - DAG(s) 'tutorial_taskflow_api' retrieved from /home/airflow/.local/lib/python3.12/site-packages/airflow/example_dags/tutorial_taskflow_api.py
[2025-01-18T00:29:48.715+0000] {logging_mixin.py:190} INFO - [2025-01-18T00:29:48.714+0000] {dag.py:3239} INFO - Sync 1 DAGs
[2025-01-18T00:29:48.733+0000] {logging_mixin.py:190} INFO - [2025-01-18T00:29:48.733+0000] {dag.py:4180} INFO - Setting next_dagrun for tutorial_taskflow_api to None, run_after=None
[2025-01-18T00:29:48.754+0000] {processor.py:208} INFO - Processing /home/airflow/.local/lib/python3.12/site-packages/airflow/example_dags/tutorial_taskflow_api.py took 0.082 seconds
[2025-01-18T00:30:19.229+0000] {processor.py:186} INFO - Started process (PID=21353) to work on /home/airflow/.local/lib/python3.12/site-packages/airflow/example_dags/tutorial_taskflow_api.py
[2025-01-18T00:30:19.230+0000] {processor.py:914} INFO - Processing file /home/airflow/.local/lib/python3.12/site-packages/airflow/example_dags/tutorial_taskflow_api.py for tasks to queue
[2025-01-18T00:30:19.232+0000] {logging_mixin.py:190} INFO - [2025-01-18T00:30:19.232+0000] {dagbag.py:588} INFO - Filling up the DagBag from /home/airflow/.local/lib/python3.12/site-packages/airflow/example_dags/tutorial_taskflow_api.py
[2025-01-18T00:30:19.240+0000] {processor.py:925} INFO - DAG(s) 'tutorial_taskflow_api' retrieved from /home/airflow/.local/lib/python3.12/site-packages/airflow/example_dags/tutorial_taskflow_api.py
[2025-01-18T00:30:19.263+0000] {logging_mixin.py:190} INFO - [2025-01-18T00:30:19.262+0000] {dag.py:3239} INFO - Sync 1 DAGs
[2025-01-18T00:30:19.280+0000] {logging_mixin.py:190} INFO - [2025-01-18T00:30:19.279+0000] {dag.py:4180} INFO - Setting next_dagrun for tutorial_taskflow_api to None, run_after=None
[2025-01-18T00:30:19.302+0000] {processor.py:208} INFO - Processing /home/airflow/.local/lib/python3.12/site-packages/airflow/example_dags/tutorial_taskflow_api.py took 0.079 seconds
[2025-01-18T00:30:49.520+0000] {processor.py:186} INFO - Started process (PID=21420) to work on /home/airflow/.local/lib/python3.12/site-packages/airflow/example_dags/tutorial_taskflow_api.py
[2025-01-18T00:30:49.521+0000] {processor.py:914} INFO - Processing file /home/airflow/.local/lib/python3.12/site-packages/airflow/example_dags/tutorial_taskflow_api.py for tasks to queue
[2025-01-18T00:30:49.523+0000] {logging_mixin.py:190} INFO - [2025-01-18T00:30:49.523+0000] {dagbag.py:588} INFO - Filling up the DagBag from /home/airflow/.local/lib/python3.12/site-packages/airflow/example_dags/tutorial_taskflow_api.py
[2025-01-18T00:30:49.532+0000] {processor.py:925} INFO - DAG(s) 'tutorial_taskflow_api' retrieved from /home/airflow/.local/lib/python3.12/site-packages/airflow/example_dags/tutorial_taskflow_api.py
[2025-01-18T00:30:49.555+0000] {logging_mixin.py:190} INFO - [2025-01-18T00:30:49.554+0000] {dag.py:3239} INFO - Sync 1 DAGs
[2025-01-18T00:30:49.572+0000] {logging_mixin.py:190} INFO - [2025-01-18T00:30:49.572+0000] {dag.py:4180} INFO - Setting next_dagrun for tutorial_taskflow_api to None, run_after=None
[2025-01-18T00:30:49.600+0000] {processor.py:208} INFO - Processing /home/airflow/.local/lib/python3.12/site-packages/airflow/example_dags/tutorial_taskflow_api.py took 0.086 seconds
[2025-01-18T00:31:19.797+0000] {processor.py:186} INFO - Started process (PID=21493) to work on /home/airflow/.local/lib/python3.12/site-packages/airflow/example_dags/tutorial_taskflow_api.py
[2025-01-18T00:31:19.798+0000] {processor.py:914} INFO - Processing file /home/airflow/.local/lib/python3.12/site-packages/airflow/example_dags/tutorial_taskflow_api.py for tasks to queue
[2025-01-18T00:31:19.800+0000] {logging_mixin.py:190} INFO - [2025-01-18T00:31:19.800+0000] {dagbag.py:588} INFO - Filling up the DagBag from /home/airflow/.local/lib/python3.12/site-packages/airflow/example_dags/tutorial_taskflow_api.py
[2025-01-18T00:31:19.809+0000] {processor.py:925} INFO - DAG(s) 'tutorial_taskflow_api' retrieved from /home/airflow/.local/lib/python3.12/site-packages/airflow/example_dags/tutorial_taskflow_api.py
[2025-01-18T00:31:19.833+0000] {logging_mixin.py:190} INFO - [2025-01-18T00:31:19.832+0000] {dag.py:3239} INFO - Sync 1 DAGs
[2025-01-18T00:31:19.852+0000] {logging_mixin.py:190} INFO - [2025-01-18T00:31:19.851+0000] {dag.py:4180} INFO - Setting next_dagrun for tutorial_taskflow_api to None, run_after=None
[2025-01-18T00:31:19.876+0000] {processor.py:208} INFO - Processing /home/airflow/.local/lib/python3.12/site-packages/airflow/example_dags/tutorial_taskflow_api.py took 0.086 seconds
[2025-01-18T00:31:50.323+0000] {processor.py:186} INFO - Started process (PID=21560) to work on /home/airflow/.local/lib/python3.12/site-packages/airflow/example_dags/tutorial_taskflow_api.py
[2025-01-18T00:31:50.324+0000] {processor.py:914} INFO - Processing file /home/airflow/.local/lib/python3.12/site-packages/airflow/example_dags/tutorial_taskflow_api.py for tasks to queue
[2025-01-18T00:31:50.327+0000] {logging_mixin.py:190} INFO - [2025-01-18T00:31:50.327+0000] {dagbag.py:588} INFO - Filling up the DagBag from /home/airflow/.local/lib/python3.12/site-packages/airflow/example_dags/tutorial_taskflow_api.py
[2025-01-18T00:31:50.335+0000] {processor.py:925} INFO - DAG(s) 'tutorial_taskflow_api' retrieved from /home/airflow/.local/lib/python3.12/site-packages/airflow/example_dags/tutorial_taskflow_api.py
[2025-01-18T00:31:50.357+0000] {logging_mixin.py:190} INFO - [2025-01-18T00:31:50.356+0000] {dag.py:3239} INFO - Sync 1 DAGs
[2025-01-18T00:31:50.375+0000] {logging_mixin.py:190} INFO - [2025-01-18T00:31:50.375+0000] {dag.py:4180} INFO - Setting next_dagrun for tutorial_taskflow_api to None, run_after=None
[2025-01-18T00:31:50.400+0000] {processor.py:208} INFO - Processing /home/airflow/.local/lib/python3.12/site-packages/airflow/example_dags/tutorial_taskflow_api.py took 0.082 seconds
[2025-01-18T00:32:20.571+0000] {processor.py:186} INFO - Started process (PID=21627) to work on /home/airflow/.local/lib/python3.12/site-packages/airflow/example_dags/tutorial_taskflow_api.py
[2025-01-18T00:32:20.572+0000] {processor.py:914} INFO - Processing file /home/airflow/.local/lib/python3.12/site-packages/airflow/example_dags/tutorial_taskflow_api.py for tasks to queue
[2025-01-18T00:32:20.574+0000] {logging_mixin.py:190} INFO - [2025-01-18T00:32:20.573+0000] {dagbag.py:588} INFO - Filling up the DagBag from /home/airflow/.local/lib/python3.12/site-packages/airflow/example_dags/tutorial_taskflow_api.py
[2025-01-18T00:32:20.581+0000] {processor.py:925} INFO - DAG(s) 'tutorial_taskflow_api' retrieved from /home/airflow/.local/lib/python3.12/site-packages/airflow/example_dags/tutorial_taskflow_api.py
[2025-01-18T00:32:20.601+0000] {logging_mixin.py:190} INFO - [2025-01-18T00:32:20.601+0000] {dag.py:3239} INFO - Sync 1 DAGs
[2025-01-18T00:32:20.618+0000] {logging_mixin.py:190} INFO - [2025-01-18T00:32:20.617+0000] {dag.py:4180} INFO - Setting next_dagrun for tutorial_taskflow_api to None, run_after=None
[2025-01-18T00:32:20.642+0000] {processor.py:208} INFO - Processing /home/airflow/.local/lib/python3.12/site-packages/airflow/example_dags/tutorial_taskflow_api.py took 0.077 seconds
[2025-01-18T00:32:50.688+0000] {processor.py:186} INFO - Started process (PID=21693) to work on /home/airflow/.local/lib/python3.12/site-packages/airflow/example_dags/tutorial_taskflow_api.py
[2025-01-18T00:32:50.689+0000] {processor.py:914} INFO - Processing file /home/airflow/.local/lib/python3.12/site-packages/airflow/example_dags/tutorial_taskflow_api.py for tasks to queue
[2025-01-18T00:32:50.692+0000] {logging_mixin.py:190} INFO - [2025-01-18T00:32:50.691+0000] {dagbag.py:588} INFO - Filling up the DagBag from /home/airflow/.local/lib/python3.12/site-packages/airflow/example_dags/tutorial_taskflow_api.py
[2025-01-18T00:32:50.700+0000] {processor.py:925} INFO - DAG(s) 'tutorial_taskflow_api' retrieved from /home/airflow/.local/lib/python3.12/site-packages/airflow/example_dags/tutorial_taskflow_api.py
[2025-01-18T00:32:50.724+0000] {logging_mixin.py:190} INFO - [2025-01-18T00:32:50.723+0000] {dag.py:3239} INFO - Sync 1 DAGs
[2025-01-18T00:32:50.746+0000] {logging_mixin.py:190} INFO - [2025-01-18T00:32:50.745+0000] {dag.py:4180} INFO - Setting next_dagrun for tutorial_taskflow_api to None, run_after=None
[2025-01-18T00:32:50.775+0000] {processor.py:208} INFO - Processing /home/airflow/.local/lib/python3.12/site-packages/airflow/example_dags/tutorial_taskflow_api.py took 0.092 seconds
[2025-01-18T00:33:21.289+0000] {processor.py:186} INFO - Started process (PID=21759) to work on /home/airflow/.local/lib/python3.12/site-packages/airflow/example_dags/tutorial_taskflow_api.py
[2025-01-18T00:33:21.290+0000] {processor.py:914} INFO - Processing file /home/airflow/.local/lib/python3.12/site-packages/airflow/example_dags/tutorial_taskflow_api.py for tasks to queue
[2025-01-18T00:33:21.292+0000] {logging_mixin.py:190} INFO - [2025-01-18T00:33:21.292+0000] {dagbag.py:588} INFO - Filling up the DagBag from /home/airflow/.local/lib/python3.12/site-packages/airflow/example_dags/tutorial_taskflow_api.py
[2025-01-18T00:33:21.300+0000] {processor.py:925} INFO - DAG(s) 'tutorial_taskflow_api' retrieved from /home/airflow/.local/lib/python3.12/site-packages/airflow/example_dags/tutorial_taskflow_api.py
[2025-01-18T00:33:21.319+0000] {logging_mixin.py:190} INFO - [2025-01-18T00:33:21.319+0000] {dag.py:3239} INFO - Sync 1 DAGs
[2025-01-18T00:33:21.333+0000] {logging_mixin.py:190} INFO - [2025-01-18T00:33:21.333+0000] {dag.py:4180} INFO - Setting next_dagrun for tutorial_taskflow_api to None, run_after=None
[2025-01-18T00:33:21.352+0000] {processor.py:208} INFO - Processing /home/airflow/.local/lib/python3.12/site-packages/airflow/example_dags/tutorial_taskflow_api.py took 0.069 seconds
[2025-01-18T00:33:51.855+0000] {processor.py:186} INFO - Started process (PID=21826) to work on /home/airflow/.local/lib/python3.12/site-packages/airflow/example_dags/tutorial_taskflow_api.py
[2025-01-18T00:33:51.856+0000] {processor.py:914} INFO - Processing file /home/airflow/.local/lib/python3.12/site-packages/airflow/example_dags/tutorial_taskflow_api.py for tasks to queue
[2025-01-18T00:33:51.859+0000] {logging_mixin.py:190} INFO - [2025-01-18T00:33:51.859+0000] {dagbag.py:588} INFO - Filling up the DagBag from /home/airflow/.local/lib/python3.12/site-packages/airflow/example_dags/tutorial_taskflow_api.py
[2025-01-18T00:33:51.868+0000] {processor.py:925} INFO - DAG(s) 'tutorial_taskflow_api' retrieved from /home/airflow/.local/lib/python3.12/site-packages/airflow/example_dags/tutorial_taskflow_api.py
[2025-01-18T00:33:51.894+0000] {logging_mixin.py:190} INFO - [2025-01-18T00:33:51.894+0000] {dag.py:3239} INFO - Sync 1 DAGs
[2025-01-18T00:33:51.913+0000] {logging_mixin.py:190} INFO - [2025-01-18T00:33:51.912+0000] {dag.py:4180} INFO - Setting next_dagrun for tutorial_taskflow_api to None, run_after=None
[2025-01-18T00:33:51.944+0000] {processor.py:208} INFO - Processing /home/airflow/.local/lib/python3.12/site-packages/airflow/example_dags/tutorial_taskflow_api.py took 0.096 seconds
[2025-01-18T00:34:22.230+0000] {processor.py:186} INFO - Started process (PID=21893) to work on /home/airflow/.local/lib/python3.12/site-packages/airflow/example_dags/tutorial_taskflow_api.py
[2025-01-18T00:34:22.231+0000] {processor.py:914} INFO - Processing file /home/airflow/.local/lib/python3.12/site-packages/airflow/example_dags/tutorial_taskflow_api.py for tasks to queue
[2025-01-18T00:34:22.233+0000] {logging_mixin.py:190} INFO - [2025-01-18T00:34:22.233+0000] {dagbag.py:588} INFO - Filling up the DagBag from /home/airflow/.local/lib/python3.12/site-packages/airflow/example_dags/tutorial_taskflow_api.py
[2025-01-18T00:34:22.241+0000] {processor.py:925} INFO - DAG(s) 'tutorial_taskflow_api' retrieved from /home/airflow/.local/lib/python3.12/site-packages/airflow/example_dags/tutorial_taskflow_api.py
[2025-01-18T00:34:22.266+0000] {logging_mixin.py:190} INFO - [2025-01-18T00:34:22.265+0000] {dag.py:3239} INFO - Sync 1 DAGs
[2025-01-18T00:34:22.282+0000] {logging_mixin.py:190} INFO - [2025-01-18T00:34:22.282+0000] {dag.py:4180} INFO - Setting next_dagrun for tutorial_taskflow_api to None, run_after=None
[2025-01-18T00:34:22.306+0000] {processor.py:208} INFO - Processing /home/airflow/.local/lib/python3.12/site-packages/airflow/example_dags/tutorial_taskflow_api.py took 0.082 seconds
[2025-01-18T00:34:52.634+0000] {processor.py:186} INFO - Started process (PID=21960) to work on /home/airflow/.local/lib/python3.12/site-packages/airflow/example_dags/tutorial_taskflow_api.py
[2025-01-18T00:34:52.636+0000] {processor.py:914} INFO - Processing file /home/airflow/.local/lib/python3.12/site-packages/airflow/example_dags/tutorial_taskflow_api.py for tasks to queue
[2025-01-18T00:34:52.641+0000] {logging_mixin.py:190} INFO - [2025-01-18T00:34:52.639+0000] {dagbag.py:588} INFO - Filling up the DagBag from /home/airflow/.local/lib/python3.12/site-packages/airflow/example_dags/tutorial_taskflow_api.py
[2025-01-18T00:34:52.657+0000] {processor.py:925} INFO - DAG(s) 'tutorial_taskflow_api' retrieved from /home/airflow/.local/lib/python3.12/site-packages/airflow/example_dags/tutorial_taskflow_api.py
[2025-01-18T00:34:52.696+0000] {logging_mixin.py:190} INFO - [2025-01-18T00:34:52.695+0000] {dag.py:3239} INFO - Sync 1 DAGs
[2025-01-18T00:34:52.736+0000] {logging_mixin.py:190} INFO - [2025-01-18T00:34:52.736+0000] {dag.py:4180} INFO - Setting next_dagrun for tutorial_taskflow_api to None, run_after=None
[2025-01-18T00:34:52.773+0000] {processor.py:208} INFO - Processing /home/airflow/.local/lib/python3.12/site-packages/airflow/example_dags/tutorial_taskflow_api.py took 0.150 seconds
[2025-01-18T00:35:23.243+0000] {processor.py:186} INFO - Started process (PID=22029) to work on /home/airflow/.local/lib/python3.12/site-packages/airflow/example_dags/tutorial_taskflow_api.py
[2025-01-18T00:35:23.244+0000] {processor.py:914} INFO - Processing file /home/airflow/.local/lib/python3.12/site-packages/airflow/example_dags/tutorial_taskflow_api.py for tasks to queue
[2025-01-18T00:35:23.247+0000] {logging_mixin.py:190} INFO - [2025-01-18T00:35:23.247+0000] {dagbag.py:588} INFO - Filling up the DagBag from /home/airflow/.local/lib/python3.12/site-packages/airflow/example_dags/tutorial_taskflow_api.py
[2025-01-18T00:35:23.257+0000] {processor.py:925} INFO - DAG(s) 'tutorial_taskflow_api' retrieved from /home/airflow/.local/lib/python3.12/site-packages/airflow/example_dags/tutorial_taskflow_api.py
[2025-01-18T00:35:23.281+0000] {logging_mixin.py:190} INFO - [2025-01-18T00:35:23.281+0000] {dag.py:3239} INFO - Sync 1 DAGs
[2025-01-18T00:35:23.299+0000] {logging_mixin.py:190} INFO - [2025-01-18T00:35:23.298+0000] {dag.py:4180} INFO - Setting next_dagrun for tutorial_taskflow_api to None, run_after=None
[2025-01-18T00:35:23.321+0000] {processor.py:208} INFO - Processing /home/airflow/.local/lib/python3.12/site-packages/airflow/example_dags/tutorial_taskflow_api.py took 0.085 seconds
