[2025-01-18T00:00:15.488+0000] {processor.py:186} INFO - Started process (PID=17375) to work on /home/airflow/.local/lib/python3.12/site-packages/airflow/example_dags/tutorial_objectstorage.py
[2025-01-18T00:00:15.489+0000] {processor.py:914} INFO - Processing file /home/airflow/.local/lib/python3.12/site-packages/airflow/example_dags/tutorial_objectstorage.py for tasks to queue
[2025-01-18T00:00:15.491+0000] {logging_mixin.py:190} INFO - [2025-01-18T00:00:15.491+0000] {dagbag.py:588} INFO - Filling up the DagBag from /home/airflow/.local/lib/python3.12/site-packages/airflow/example_dags/tutorial_objectstorage.py
[2025-01-18T00:00:15.500+0000] {processor.py:925} INFO - DAG(s) 'tutorial_objectstorage' retrieved from /home/airflow/.local/lib/python3.12/site-packages/airflow/example_dags/tutorial_objectstorage.py
[2025-01-18T00:00:15.521+0000] {logging_mixin.py:190} INFO - [2025-01-18T00:00:15.521+0000] {dag.py:3239} INFO - Sync 1 DAGs
[2025-01-18T00:00:15.537+0000] {logging_mixin.py:190} INFO - [2025-01-18T00:00:15.536+0000] {dag.py:4180} INFO - Setting next_dagrun for tutorial_objectstorage to None, run_after=None
[2025-01-18T00:00:15.555+0000] {processor.py:208} INFO - Processing /home/airflow/.local/lib/python3.12/site-packages/airflow/example_dags/tutorial_objectstorage.py took 0.074 seconds
[2025-01-18T00:00:45.922+0000] {processor.py:186} INFO - Started process (PID=17442) to work on /home/airflow/.local/lib/python3.12/site-packages/airflow/example_dags/tutorial_objectstorage.py
[2025-01-18T00:00:45.923+0000] {processor.py:914} INFO - Processing file /home/airflow/.local/lib/python3.12/site-packages/airflow/example_dags/tutorial_objectstorage.py for tasks to queue
[2025-01-18T00:00:45.925+0000] {logging_mixin.py:190} INFO - [2025-01-18T00:00:45.925+0000] {dagbag.py:588} INFO - Filling up the DagBag from /home/airflow/.local/lib/python3.12/site-packages/airflow/example_dags/tutorial_objectstorage.py
[2025-01-18T00:00:45.934+0000] {processor.py:925} INFO - DAG(s) 'tutorial_objectstorage' retrieved from /home/airflow/.local/lib/python3.12/site-packages/airflow/example_dags/tutorial_objectstorage.py
[2025-01-18T00:00:45.956+0000] {logging_mixin.py:190} INFO - [2025-01-18T00:00:45.956+0000] {dag.py:3239} INFO - Sync 1 DAGs
[2025-01-18T00:00:45.972+0000] {logging_mixin.py:190} INFO - [2025-01-18T00:00:45.971+0000] {dag.py:4180} INFO - Setting next_dagrun for tutorial_objectstorage to None, run_after=None
[2025-01-18T00:00:45.991+0000] {processor.py:208} INFO - Processing /home/airflow/.local/lib/python3.12/site-packages/airflow/example_dags/tutorial_objectstorage.py took 0.076 seconds
[2025-01-18T00:01:16.504+0000] {processor.py:186} INFO - Started process (PID=17515) to work on /home/airflow/.local/lib/python3.12/site-packages/airflow/example_dags/tutorial_objectstorage.py
[2025-01-18T00:01:16.505+0000] {processor.py:914} INFO - Processing file /home/airflow/.local/lib/python3.12/site-packages/airflow/example_dags/tutorial_objectstorage.py for tasks to queue
[2025-01-18T00:01:16.507+0000] {logging_mixin.py:190} INFO - [2025-01-18T00:01:16.507+0000] {dagbag.py:588} INFO - Filling up the DagBag from /home/airflow/.local/lib/python3.12/site-packages/airflow/example_dags/tutorial_objectstorage.py
[2025-01-18T00:01:16.517+0000] {processor.py:925} INFO - DAG(s) 'tutorial_objectstorage' retrieved from /home/airflow/.local/lib/python3.12/site-packages/airflow/example_dags/tutorial_objectstorage.py
[2025-01-18T00:01:16.541+0000] {logging_mixin.py:190} INFO - [2025-01-18T00:01:16.541+0000] {dag.py:3239} INFO - Sync 1 DAGs
[2025-01-18T00:01:16.560+0000] {logging_mixin.py:190} INFO - [2025-01-18T00:01:16.559+0000] {dag.py:4180} INFO - Setting next_dagrun for tutorial_objectstorage to None, run_after=None
[2025-01-18T00:01:16.581+0000] {processor.py:208} INFO - Processing /home/airflow/.local/lib/python3.12/site-packages/airflow/example_dags/tutorial_objectstorage.py took 0.083 seconds
[2025-01-18T00:01:47.065+0000] {processor.py:186} INFO - Started process (PID=17582) to work on /home/airflow/.local/lib/python3.12/site-packages/airflow/example_dags/tutorial_objectstorage.py
[2025-01-18T00:01:47.066+0000] {processor.py:914} INFO - Processing file /home/airflow/.local/lib/python3.12/site-packages/airflow/example_dags/tutorial_objectstorage.py for tasks to queue
[2025-01-18T00:01:47.069+0000] {logging_mixin.py:190} INFO - [2025-01-18T00:01:47.068+0000] {dagbag.py:588} INFO - Filling up the DagBag from /home/airflow/.local/lib/python3.12/site-packages/airflow/example_dags/tutorial_objectstorage.py
[2025-01-18T00:01:47.080+0000] {processor.py:925} INFO - DAG(s) 'tutorial_objectstorage' retrieved from /home/airflow/.local/lib/python3.12/site-packages/airflow/example_dags/tutorial_objectstorage.py
[2025-01-18T00:01:47.106+0000] {logging_mixin.py:190} INFO - [2025-01-18T00:01:47.106+0000] {dag.py:3239} INFO - Sync 1 DAGs
[2025-01-18T00:01:47.129+0000] {logging_mixin.py:190} INFO - [2025-01-18T00:01:47.128+0000] {dag.py:4180} INFO - Setting next_dagrun for tutorial_objectstorage to None, run_after=None
[2025-01-18T00:01:47.151+0000] {processor.py:208} INFO - Processing /home/airflow/.local/lib/python3.12/site-packages/airflow/example_dags/tutorial_objectstorage.py took 0.094 seconds
[2025-01-18T00:02:17.712+0000] {processor.py:186} INFO - Started process (PID=17649) to work on /home/airflow/.local/lib/python3.12/site-packages/airflow/example_dags/tutorial_objectstorage.py
[2025-01-18T00:02:17.713+0000] {processor.py:914} INFO - Processing file /home/airflow/.local/lib/python3.12/site-packages/airflow/example_dags/tutorial_objectstorage.py for tasks to queue
[2025-01-18T00:02:17.716+0000] {logging_mixin.py:190} INFO - [2025-01-18T00:02:17.715+0000] {dagbag.py:588} INFO - Filling up the DagBag from /home/airflow/.local/lib/python3.12/site-packages/airflow/example_dags/tutorial_objectstorage.py
[2025-01-18T00:02:17.728+0000] {processor.py:925} INFO - DAG(s) 'tutorial_objectstorage' retrieved from /home/airflow/.local/lib/python3.12/site-packages/airflow/example_dags/tutorial_objectstorage.py
[2025-01-18T00:02:17.751+0000] {logging_mixin.py:190} INFO - [2025-01-18T00:02:17.750+0000] {dag.py:3239} INFO - Sync 1 DAGs
[2025-01-18T00:02:17.768+0000] {logging_mixin.py:190} INFO - [2025-01-18T00:02:17.768+0000] {dag.py:4180} INFO - Setting next_dagrun for tutorial_objectstorage to None, run_after=None
[2025-01-18T00:02:17.790+0000] {processor.py:208} INFO - Processing /home/airflow/.local/lib/python3.12/site-packages/airflow/example_dags/tutorial_objectstorage.py took 0.086 seconds
[2025-01-18T00:02:47.737+0000] {processor.py:186} INFO - Started process (PID=17717) to work on /home/airflow/.local/lib/python3.12/site-packages/airflow/example_dags/tutorial_objectstorage.py
[2025-01-18T00:02:47.738+0000] {processor.py:914} INFO - Processing file /home/airflow/.local/lib/python3.12/site-packages/airflow/example_dags/tutorial_objectstorage.py for tasks to queue
[2025-01-18T00:02:47.740+0000] {logging_mixin.py:190} INFO - [2025-01-18T00:02:47.740+0000] {dagbag.py:588} INFO - Filling up the DagBag from /home/airflow/.local/lib/python3.12/site-packages/airflow/example_dags/tutorial_objectstorage.py
[2025-01-18T00:02:45.549+0000] {processor.py:925} INFO - DAG(s) 'tutorial_objectstorage' retrieved from /home/airflow/.local/lib/python3.12/site-packages/airflow/example_dags/tutorial_objectstorage.py
[2025-01-18T00:02:45.573+0000] {logging_mixin.py:190} INFO - [2025-01-18T00:02:45.573+0000] {dag.py:3239} INFO - Sync 1 DAGs
[2025-01-18T00:02:45.591+0000] {logging_mixin.py:190} INFO - [2025-01-18T00:02:45.591+0000] {dag.py:4180} INFO - Setting next_dagrun for tutorial_objectstorage to None, run_after=None
[2025-01-18T00:02:45.612+0000] {processor.py:208} INFO - Processing /home/airflow/.local/lib/python3.12/site-packages/airflow/example_dags/tutorial_objectstorage.py took 0.084 seconds
[2025-01-18T00:03:16.043+0000] {processor.py:186} INFO - Started process (PID=17776) to work on /home/airflow/.local/lib/python3.12/site-packages/airflow/example_dags/tutorial_objectstorage.py
[2025-01-18T00:03:16.044+0000] {processor.py:914} INFO - Processing file /home/airflow/.local/lib/python3.12/site-packages/airflow/example_dags/tutorial_objectstorage.py for tasks to queue
[2025-01-18T00:03:16.047+0000] {logging_mixin.py:190} INFO - [2025-01-18T00:03:16.047+0000] {dagbag.py:588} INFO - Filling up the DagBag from /home/airflow/.local/lib/python3.12/site-packages/airflow/example_dags/tutorial_objectstorage.py
[2025-01-18T00:03:16.057+0000] {processor.py:925} INFO - DAG(s) 'tutorial_objectstorage' retrieved from /home/airflow/.local/lib/python3.12/site-packages/airflow/example_dags/tutorial_objectstorage.py
[2025-01-18T00:03:16.078+0000] {logging_mixin.py:190} INFO - [2025-01-18T00:03:16.078+0000] {dag.py:3239} INFO - Sync 1 DAGs
[2025-01-18T00:03:16.100+0000] {logging_mixin.py:190} INFO - [2025-01-18T00:03:16.100+0000] {dag.py:4180} INFO - Setting next_dagrun for tutorial_objectstorage to None, run_after=None
[2025-01-18T00:03:16.121+0000] {processor.py:208} INFO - Processing /home/airflow/.local/lib/python3.12/site-packages/airflow/example_dags/tutorial_objectstorage.py took 0.083 seconds
[2025-01-18T00:03:46.741+0000] {processor.py:186} INFO - Started process (PID=17844) to work on /home/airflow/.local/lib/python3.12/site-packages/airflow/example_dags/tutorial_objectstorage.py
[2025-01-18T00:03:46.742+0000] {processor.py:914} INFO - Processing file /home/airflow/.local/lib/python3.12/site-packages/airflow/example_dags/tutorial_objectstorage.py for tasks to queue
[2025-01-18T00:03:46.745+0000] {logging_mixin.py:190} INFO - [2025-01-18T00:03:46.745+0000] {dagbag.py:588} INFO - Filling up the DagBag from /home/airflow/.local/lib/python3.12/site-packages/airflow/example_dags/tutorial_objectstorage.py
[2025-01-18T00:03:46.758+0000] {processor.py:925} INFO - DAG(s) 'tutorial_objectstorage' retrieved from /home/airflow/.local/lib/python3.12/site-packages/airflow/example_dags/tutorial_objectstorage.py
[2025-01-18T00:03:46.785+0000] {logging_mixin.py:190} INFO - [2025-01-18T00:03:46.784+0000] {dag.py:3239} INFO - Sync 1 DAGs
[2025-01-18T00:03:46.805+0000] {logging_mixin.py:190} INFO - [2025-01-18T00:03:46.805+0000] {dag.py:4180} INFO - Setting next_dagrun for tutorial_objectstorage to None, run_after=None
[2025-01-18T00:03:46.832+0000] {processor.py:208} INFO - Processing /home/airflow/.local/lib/python3.12/site-packages/airflow/example_dags/tutorial_objectstorage.py took 0.099 seconds
[2025-01-18T00:04:17.143+0000] {processor.py:186} INFO - Started process (PID=17911) to work on /home/airflow/.local/lib/python3.12/site-packages/airflow/example_dags/tutorial_objectstorage.py
[2025-01-18T00:04:17.145+0000] {processor.py:914} INFO - Processing file /home/airflow/.local/lib/python3.12/site-packages/airflow/example_dags/tutorial_objectstorage.py for tasks to queue
[2025-01-18T00:04:17.147+0000] {logging_mixin.py:190} INFO - [2025-01-18T00:04:17.147+0000] {dagbag.py:588} INFO - Filling up the DagBag from /home/airflow/.local/lib/python3.12/site-packages/airflow/example_dags/tutorial_objectstorage.py
[2025-01-18T00:04:17.159+0000] {processor.py:925} INFO - DAG(s) 'tutorial_objectstorage' retrieved from /home/airflow/.local/lib/python3.12/site-packages/airflow/example_dags/tutorial_objectstorage.py
[2025-01-18T00:04:17.183+0000] {logging_mixin.py:190} INFO - [2025-01-18T00:04:17.183+0000] {dag.py:3239} INFO - Sync 1 DAGs
[2025-01-18T00:04:17.202+0000] {logging_mixin.py:190} INFO - [2025-01-18T00:04:17.201+0000] {dag.py:4180} INFO - Setting next_dagrun for tutorial_objectstorage to None, run_after=None
[2025-01-18T00:04:17.228+0000] {processor.py:208} INFO - Processing /home/airflow/.local/lib/python3.12/site-packages/airflow/example_dags/tutorial_objectstorage.py took 0.093 seconds
[2025-01-18T00:04:48.174+0000] {processor.py:186} INFO - Started process (PID=17978) to work on /home/airflow/.local/lib/python3.12/site-packages/airflow/example_dags/tutorial_objectstorage.py
[2025-01-18T00:04:48.176+0000] {processor.py:914} INFO - Processing file /home/airflow/.local/lib/python3.12/site-packages/airflow/example_dags/tutorial_objectstorage.py for tasks to queue
[2025-01-18T00:04:48.181+0000] {logging_mixin.py:190} INFO - [2025-01-18T00:04:48.180+0000] {dagbag.py:588} INFO - Filling up the DagBag from /home/airflow/.local/lib/python3.12/site-packages/airflow/example_dags/tutorial_objectstorage.py
[2025-01-18T00:04:48.196+0000] {processor.py:925} INFO - DAG(s) 'tutorial_objectstorage' retrieved from /home/airflow/.local/lib/python3.12/site-packages/airflow/example_dags/tutorial_objectstorage.py
[2025-01-18T00:04:48.236+0000] {logging_mixin.py:190} INFO - [2025-01-18T00:04:48.235+0000] {dag.py:3239} INFO - Sync 1 DAGs
[2025-01-18T00:04:48.265+0000] {logging_mixin.py:190} INFO - [2025-01-18T00:04:48.264+0000] {dag.py:4180} INFO - Setting next_dagrun for tutorial_objectstorage to None, run_after=None
[2025-01-18T00:04:48.298+0000] {processor.py:208} INFO - Processing /home/airflow/.local/lib/python3.12/site-packages/airflow/example_dags/tutorial_objectstorage.py took 0.134 seconds
[2025-01-18T00:05:18.507+0000] {processor.py:186} INFO - Started process (PID=18045) to work on /home/airflow/.local/lib/python3.12/site-packages/airflow/example_dags/tutorial_objectstorage.py
[2025-01-18T00:05:18.508+0000] {processor.py:914} INFO - Processing file /home/airflow/.local/lib/python3.12/site-packages/airflow/example_dags/tutorial_objectstorage.py for tasks to queue
[2025-01-18T00:05:18.511+0000] {logging_mixin.py:190} INFO - [2025-01-18T00:05:18.510+0000] {dagbag.py:588} INFO - Filling up the DagBag from /home/airflow/.local/lib/python3.12/site-packages/airflow/example_dags/tutorial_objectstorage.py
[2025-01-18T00:05:18.519+0000] {processor.py:925} INFO - DAG(s) 'tutorial_objectstorage' retrieved from /home/airflow/.local/lib/python3.12/site-packages/airflow/example_dags/tutorial_objectstorage.py
[2025-01-18T00:05:18.538+0000] {logging_mixin.py:190} INFO - [2025-01-18T00:05:18.538+0000] {dag.py:3239} INFO - Sync 1 DAGs
[2025-01-18T00:05:18.556+0000] {logging_mixin.py:190} INFO - [2025-01-18T00:05:18.556+0000] {dag.py:4180} INFO - Setting next_dagrun for tutorial_objectstorage to None, run_after=None
[2025-01-18T00:05:18.581+0000] {processor.py:208} INFO - Processing /home/airflow/.local/lib/python3.12/site-packages/airflow/example_dags/tutorial_objectstorage.py took 0.080 seconds
[2025-01-18T00:05:49.072+0000] {processor.py:186} INFO - Started process (PID=18118) to work on /home/airflow/.local/lib/python3.12/site-packages/airflow/example_dags/tutorial_objectstorage.py
[2025-01-18T00:05:49.073+0000] {processor.py:914} INFO - Processing file /home/airflow/.local/lib/python3.12/site-packages/airflow/example_dags/tutorial_objectstorage.py for tasks to queue
[2025-01-18T00:05:49.075+0000] {logging_mixin.py:190} INFO - [2025-01-18T00:05:49.075+0000] {dagbag.py:588} INFO - Filling up the DagBag from /home/airflow/.local/lib/python3.12/site-packages/airflow/example_dags/tutorial_objectstorage.py
[2025-01-18T00:05:49.084+0000] {processor.py:925} INFO - DAG(s) 'tutorial_objectstorage' retrieved from /home/airflow/.local/lib/python3.12/site-packages/airflow/example_dags/tutorial_objectstorage.py
[2025-01-18T00:05:49.107+0000] {logging_mixin.py:190} INFO - [2025-01-18T00:05:49.106+0000] {dag.py:3239} INFO - Sync 1 DAGs
[2025-01-18T00:05:49.124+0000] {logging_mixin.py:190} INFO - [2025-01-18T00:05:49.123+0000] {dag.py:4180} INFO - Setting next_dagrun for tutorial_objectstorage to None, run_after=None
[2025-01-18T00:05:49.146+0000] {processor.py:208} INFO - Processing /home/airflow/.local/lib/python3.12/site-packages/airflow/example_dags/tutorial_objectstorage.py took 0.079 seconds
[2025-01-18T00:06:19.383+0000] {processor.py:186} INFO - Started process (PID=18186) to work on /home/airflow/.local/lib/python3.12/site-packages/airflow/example_dags/tutorial_objectstorage.py
[2025-01-18T00:06:19.384+0000] {processor.py:914} INFO - Processing file /home/airflow/.local/lib/python3.12/site-packages/airflow/example_dags/tutorial_objectstorage.py for tasks to queue
[2025-01-18T00:06:19.385+0000] {logging_mixin.py:190} INFO - [2025-01-18T00:06:19.385+0000] {dagbag.py:588} INFO - Filling up the DagBag from /home/airflow/.local/lib/python3.12/site-packages/airflow/example_dags/tutorial_objectstorage.py
[2025-01-18T00:06:19.393+0000] {processor.py:925} INFO - DAG(s) 'tutorial_objectstorage' retrieved from /home/airflow/.local/lib/python3.12/site-packages/airflow/example_dags/tutorial_objectstorage.py
[2025-01-18T00:06:19.409+0000] {logging_mixin.py:190} INFO - [2025-01-18T00:06:19.409+0000] {dag.py:3239} INFO - Sync 1 DAGs
[2025-01-18T00:06:19.423+0000] {logging_mixin.py:190} INFO - [2025-01-18T00:06:19.423+0000] {dag.py:4180} INFO - Setting next_dagrun for tutorial_objectstorage to None, run_after=None
[2025-01-18T00:06:19.442+0000] {processor.py:208} INFO - Processing /home/airflow/.local/lib/python3.12/site-packages/airflow/example_dags/tutorial_objectstorage.py took 0.066 seconds
[2025-01-18T00:06:49.715+0000] {processor.py:186} INFO - Started process (PID=18253) to work on /home/airflow/.local/lib/python3.12/site-packages/airflow/example_dags/tutorial_objectstorage.py
[2025-01-18T00:06:49.716+0000] {processor.py:914} INFO - Processing file /home/airflow/.local/lib/python3.12/site-packages/airflow/example_dags/tutorial_objectstorage.py for tasks to queue
[2025-01-18T00:06:49.719+0000] {logging_mixin.py:190} INFO - [2025-01-18T00:06:49.718+0000] {dagbag.py:588} INFO - Filling up the DagBag from /home/airflow/.local/lib/python3.12/site-packages/airflow/example_dags/tutorial_objectstorage.py
[2025-01-18T00:06:49.728+0000] {processor.py:925} INFO - DAG(s) 'tutorial_objectstorage' retrieved from /home/airflow/.local/lib/python3.12/site-packages/airflow/example_dags/tutorial_objectstorage.py
[2025-01-18T00:06:49.751+0000] {logging_mixin.py:190} INFO - [2025-01-18T00:06:49.751+0000] {dag.py:3239} INFO - Sync 1 DAGs
[2025-01-18T00:06:49.772+0000] {logging_mixin.py:190} INFO - [2025-01-18T00:06:49.772+0000] {dag.py:4180} INFO - Setting next_dagrun for tutorial_objectstorage to None, run_after=None
[2025-01-18T00:06:49.797+0000] {processor.py:208} INFO - Processing /home/airflow/.local/lib/python3.12/site-packages/airflow/example_dags/tutorial_objectstorage.py took 0.090 seconds
[2025-01-18T00:07:20.581+0000] {processor.py:186} INFO - Started process (PID=18320) to work on /home/airflow/.local/lib/python3.12/site-packages/airflow/example_dags/tutorial_objectstorage.py
[2025-01-18T00:07:20.585+0000] {processor.py:914} INFO - Processing file /home/airflow/.local/lib/python3.12/site-packages/airflow/example_dags/tutorial_objectstorage.py for tasks to queue
[2025-01-18T00:07:20.589+0000] {logging_mixin.py:190} INFO - [2025-01-18T00:07:20.588+0000] {dagbag.py:588} INFO - Filling up the DagBag from /home/airflow/.local/lib/python3.12/site-packages/airflow/example_dags/tutorial_objectstorage.py
[2025-01-18T00:07:20.602+0000] {processor.py:925} INFO - DAG(s) 'tutorial_objectstorage' retrieved from /home/airflow/.local/lib/python3.12/site-packages/airflow/example_dags/tutorial_objectstorage.py
[2025-01-18T00:07:20.630+0000] {logging_mixin.py:190} INFO - [2025-01-18T00:07:20.629+0000] {dag.py:3239} INFO - Sync 1 DAGs
[2025-01-18T00:07:20.652+0000] {logging_mixin.py:190} INFO - [2025-01-18T00:07:20.652+0000] {dag.py:4180} INFO - Setting next_dagrun for tutorial_objectstorage to None, run_after=None
[2025-01-18T00:07:20.681+0000] {processor.py:208} INFO - Processing /home/airflow/.local/lib/python3.12/site-packages/airflow/example_dags/tutorial_objectstorage.py took 0.108 seconds
[2025-01-18T00:07:51.245+0000] {processor.py:186} INFO - Started process (PID=18387) to work on /home/airflow/.local/lib/python3.12/site-packages/airflow/example_dags/tutorial_objectstorage.py
[2025-01-18T00:07:51.246+0000] {processor.py:914} INFO - Processing file /home/airflow/.local/lib/python3.12/site-packages/airflow/example_dags/tutorial_objectstorage.py for tasks to queue
[2025-01-18T00:07:51.248+0000] {logging_mixin.py:190} INFO - [2025-01-18T00:07:51.248+0000] {dagbag.py:588} INFO - Filling up the DagBag from /home/airflow/.local/lib/python3.12/site-packages/airflow/example_dags/tutorial_objectstorage.py
[2025-01-18T00:07:51.259+0000] {processor.py:925} INFO - DAG(s) 'tutorial_objectstorage' retrieved from /home/airflow/.local/lib/python3.12/site-packages/airflow/example_dags/tutorial_objectstorage.py
[2025-01-18T00:07:51.281+0000] {logging_mixin.py:190} INFO - [2025-01-18T00:07:51.281+0000] {dag.py:3239} INFO - Sync 1 DAGs
[2025-01-18T00:07:51.299+0000] {logging_mixin.py:190} INFO - [2025-01-18T00:07:51.299+0000] {dag.py:4180} INFO - Setting next_dagrun for tutorial_objectstorage to None, run_after=None
[2025-01-18T00:07:51.320+0000] {processor.py:208} INFO - Processing /home/airflow/.local/lib/python3.12/site-packages/airflow/example_dags/tutorial_objectstorage.py took 0.081 seconds
[2025-01-18T00:08:22.245+0000] {processor.py:186} INFO - Started process (PID=18456) to work on /home/airflow/.local/lib/python3.12/site-packages/airflow/example_dags/tutorial_objectstorage.py
[2025-01-18T00:08:22.246+0000] {processor.py:914} INFO - Processing file /home/airflow/.local/lib/python3.12/site-packages/airflow/example_dags/tutorial_objectstorage.py for tasks to queue
[2025-01-18T00:08:22.249+0000] {logging_mixin.py:190} INFO - [2025-01-18T00:08:22.248+0000] {dagbag.py:588} INFO - Filling up the DagBag from /home/airflow/.local/lib/python3.12/site-packages/airflow/example_dags/tutorial_objectstorage.py
[2025-01-18T00:08:22.259+0000] {processor.py:925} INFO - DAG(s) 'tutorial_objectstorage' retrieved from /home/airflow/.local/lib/python3.12/site-packages/airflow/example_dags/tutorial_objectstorage.py
[2025-01-18T00:08:22.282+0000] {logging_mixin.py:190} INFO - [2025-01-18T00:08:22.282+0000] {dag.py:3239} INFO - Sync 1 DAGs
[2025-01-18T00:08:22.300+0000] {logging_mixin.py:190} INFO - [2025-01-18T00:08:22.300+0000] {dag.py:4180} INFO - Setting next_dagrun for tutorial_objectstorage to None, run_after=None
[2025-01-18T00:08:22.324+0000] {processor.py:208} INFO - Processing /home/airflow/.local/lib/python3.12/site-packages/airflow/example_dags/tutorial_objectstorage.py took 0.085 seconds
[2025-01-18T00:08:52.945+0000] {processor.py:186} INFO - Started process (PID=18523) to work on /home/airflow/.local/lib/python3.12/site-packages/airflow/example_dags/tutorial_objectstorage.py
[2025-01-18T00:08:52.946+0000] {processor.py:914} INFO - Processing file /home/airflow/.local/lib/python3.12/site-packages/airflow/example_dags/tutorial_objectstorage.py for tasks to queue
[2025-01-18T00:08:52.949+0000] {logging_mixin.py:190} INFO - [2025-01-18T00:08:52.949+0000] {dagbag.py:588} INFO - Filling up the DagBag from /home/airflow/.local/lib/python3.12/site-packages/airflow/example_dags/tutorial_objectstorage.py
[2025-01-18T00:08:52.961+0000] {processor.py:925} INFO - DAG(s) 'tutorial_objectstorage' retrieved from /home/airflow/.local/lib/python3.12/site-packages/airflow/example_dags/tutorial_objectstorage.py
[2025-01-18T00:08:52.986+0000] {logging_mixin.py:190} INFO - [2025-01-18T00:08:52.985+0000] {dag.py:3239} INFO - Sync 1 DAGs
[2025-01-18T00:08:53.007+0000] {logging_mixin.py:190} INFO - [2025-01-18T00:08:53.006+0000] {dag.py:4180} INFO - Setting next_dagrun for tutorial_objectstorage to None, run_after=None
[2025-01-18T00:08:53.033+0000] {processor.py:208} INFO - Processing /home/airflow/.local/lib/python3.12/site-packages/airflow/example_dags/tutorial_objectstorage.py took 0.094 seconds
[2025-01-18T00:09:24.752+0000] {processor.py:186} INFO - Started process (PID=18592) to work on /home/airflow/.local/lib/python3.12/site-packages/airflow/example_dags/tutorial_objectstorage.py
[2025-01-18T00:09:24.753+0000] {processor.py:914} INFO - Processing file /home/airflow/.local/lib/python3.12/site-packages/airflow/example_dags/tutorial_objectstorage.py for tasks to queue
[2025-01-18T00:09:24.755+0000] {logging_mixin.py:190} INFO - [2025-01-18T00:09:24.755+0000] {dagbag.py:588} INFO - Filling up the DagBag from /home/airflow/.local/lib/python3.12/site-packages/airflow/example_dags/tutorial_objectstorage.py
[2025-01-18T00:09:24.766+0000] {processor.py:925} INFO - DAG(s) 'tutorial_objectstorage' retrieved from /home/airflow/.local/lib/python3.12/site-packages/airflow/example_dags/tutorial_objectstorage.py
[2025-01-18T00:09:24.789+0000] {logging_mixin.py:190} INFO - [2025-01-18T00:09:24.789+0000] {dag.py:3239} INFO - Sync 1 DAGs
[2025-01-18T00:09:24.807+0000] {logging_mixin.py:190} INFO - [2025-01-18T00:09:24.806+0000] {dag.py:4180} INFO - Setting next_dagrun for tutorial_objectstorage to None, run_after=None
[2025-01-18T00:09:24.827+0000] {processor.py:208} INFO - Processing /home/airflow/.local/lib/python3.12/site-packages/airflow/example_dags/tutorial_objectstorage.py took 0.082 seconds
[2025-01-18T00:09:57.083+0000] {processor.py:186} INFO - Started process (PID=18671) to work on /home/airflow/.local/lib/python3.12/site-packages/airflow/example_dags/tutorial_objectstorage.py
[2025-01-18T00:09:57.085+0000] {processor.py:914} INFO - Processing file /home/airflow/.local/lib/python3.12/site-packages/airflow/example_dags/tutorial_objectstorage.py for tasks to queue
[2025-01-18T00:09:57.088+0000] {logging_mixin.py:190} INFO - [2025-01-18T00:09:57.088+0000] {dagbag.py:588} INFO - Filling up the DagBag from /home/airflow/.local/lib/python3.12/site-packages/airflow/example_dags/tutorial_objectstorage.py
[2025-01-18T00:09:57.101+0000] {processor.py:925} INFO - DAG(s) 'tutorial_objectstorage' retrieved from /home/airflow/.local/lib/python3.12/site-packages/airflow/example_dags/tutorial_objectstorage.py
[2025-01-18T00:09:57.128+0000] {logging_mixin.py:190} INFO - [2025-01-18T00:09:57.127+0000] {dag.py:3239} INFO - Sync 1 DAGs
[2025-01-18T00:09:57.148+0000] {logging_mixin.py:190} INFO - [2025-01-18T00:09:57.148+0000] {dag.py:4180} INFO - Setting next_dagrun for tutorial_objectstorage to None, run_after=None
[2025-01-18T00:09:57.176+0000] {processor.py:208} INFO - Processing /home/airflow/.local/lib/python3.12/site-packages/airflow/example_dags/tutorial_objectstorage.py took 0.101 seconds
[2025-01-18T00:10:28.819+0000] {processor.py:186} INFO - Started process (PID=18740) to work on /home/airflow/.local/lib/python3.12/site-packages/airflow/example_dags/tutorial_objectstorage.py
[2025-01-18T00:10:28.820+0000] {processor.py:914} INFO - Processing file /home/airflow/.local/lib/python3.12/site-packages/airflow/example_dags/tutorial_objectstorage.py for tasks to queue
[2025-01-18T00:10:28.823+0000] {logging_mixin.py:190} INFO - [2025-01-18T00:10:28.823+0000] {dagbag.py:588} INFO - Filling up the DagBag from /home/airflow/.local/lib/python3.12/site-packages/airflow/example_dags/tutorial_objectstorage.py
[2025-01-18T00:10:28.836+0000] {processor.py:925} INFO - DAG(s) 'tutorial_objectstorage' retrieved from /home/airflow/.local/lib/python3.12/site-packages/airflow/example_dags/tutorial_objectstorage.py
[2025-01-18T00:10:28.858+0000] {logging_mixin.py:190} INFO - [2025-01-18T00:10:28.858+0000] {dag.py:3239} INFO - Sync 1 DAGs
[2025-01-18T00:10:28.876+0000] {logging_mixin.py:190} INFO - [2025-01-18T00:10:28.876+0000] {dag.py:4180} INFO - Setting next_dagrun for tutorial_objectstorage to None, run_after=None
[2025-01-18T00:10:28.900+0000] {processor.py:208} INFO - Processing /home/airflow/.local/lib/python3.12/site-packages/airflow/example_dags/tutorial_objectstorage.py took 0.090 seconds
[2025-01-18T00:10:57.158+0000] {processor.py:186} INFO - Started process (PID=18807) to work on /home/airflow/.local/lib/python3.12/site-packages/airflow/example_dags/tutorial_objectstorage.py
[2025-01-18T00:10:57.160+0000] {processor.py:914} INFO - Processing file /home/airflow/.local/lib/python3.12/site-packages/airflow/example_dags/tutorial_objectstorage.py for tasks to queue
[2025-01-18T00:10:57.162+0000] {logging_mixin.py:190} INFO - [2025-01-18T00:10:57.162+0000] {dagbag.py:588} INFO - Filling up the DagBag from /home/airflow/.local/lib/python3.12/site-packages/airflow/example_dags/tutorial_objectstorage.py
[2025-01-18T00:10:57.171+0000] {processor.py:925} INFO - DAG(s) 'tutorial_objectstorage' retrieved from /home/airflow/.local/lib/python3.12/site-packages/airflow/example_dags/tutorial_objectstorage.py
[2025-01-18T00:10:57.191+0000] {logging_mixin.py:190} INFO - [2025-01-18T00:10:57.191+0000] {dag.py:3239} INFO - Sync 1 DAGs
[2025-01-18T00:10:57.206+0000] {logging_mixin.py:190} INFO - [2025-01-18T00:10:57.205+0000] {dag.py:4180} INFO - Setting next_dagrun for tutorial_objectstorage to None, run_after=None
[2025-01-18T00:10:57.224+0000] {processor.py:208} INFO - Processing /home/airflow/.local/lib/python3.12/site-packages/airflow/example_dags/tutorial_objectstorage.py took 0.071 seconds
[2025-01-18T00:11:28.432+0000] {processor.py:186} INFO - Started process (PID=18873) to work on /home/airflow/.local/lib/python3.12/site-packages/airflow/example_dags/tutorial_objectstorage.py
[2025-01-18T00:11:28.433+0000] {processor.py:914} INFO - Processing file /home/airflow/.local/lib/python3.12/site-packages/airflow/example_dags/tutorial_objectstorage.py for tasks to queue
[2025-01-18T00:11:28.435+0000] {logging_mixin.py:190} INFO - [2025-01-18T00:11:28.435+0000] {dagbag.py:588} INFO - Filling up the DagBag from /home/airflow/.local/lib/python3.12/site-packages/airflow/example_dags/tutorial_objectstorage.py
[2025-01-18T00:11:28.446+0000] {processor.py:925} INFO - DAG(s) 'tutorial_objectstorage' retrieved from /home/airflow/.local/lib/python3.12/site-packages/airflow/example_dags/tutorial_objectstorage.py
[2025-01-18T00:11:28.468+0000] {logging_mixin.py:190} INFO - [2025-01-18T00:11:28.468+0000] {dag.py:3239} INFO - Sync 1 DAGs
[2025-01-18T00:11:28.487+0000] {logging_mixin.py:190} INFO - [2025-01-18T00:11:28.487+0000] {dag.py:4180} INFO - Setting next_dagrun for tutorial_objectstorage to None, run_after=None
[2025-01-18T00:11:28.513+0000] {processor.py:208} INFO - Processing /home/airflow/.local/lib/python3.12/site-packages/airflow/example_dags/tutorial_objectstorage.py took 0.087 seconds
[2025-01-18T00:11:59.784+0000] {processor.py:186} INFO - Started process (PID=18942) to work on /home/airflow/.local/lib/python3.12/site-packages/airflow/example_dags/tutorial_objectstorage.py
[2025-01-18T00:11:59.786+0000] {processor.py:914} INFO - Processing file /home/airflow/.local/lib/python3.12/site-packages/airflow/example_dags/tutorial_objectstorage.py for tasks to queue
[2025-01-18T00:11:59.789+0000] {logging_mixin.py:190} INFO - [2025-01-18T00:11:59.789+0000] {dagbag.py:588} INFO - Filling up the DagBag from /home/airflow/.local/lib/python3.12/site-packages/airflow/example_dags/tutorial_objectstorage.py
[2025-01-18T00:11:59.798+0000] {processor.py:925} INFO - DAG(s) 'tutorial_objectstorage' retrieved from /home/airflow/.local/lib/python3.12/site-packages/airflow/example_dags/tutorial_objectstorage.py
[2025-01-18T00:11:59.818+0000] {logging_mixin.py:190} INFO - [2025-01-18T00:11:59.818+0000] {dag.py:3239} INFO - Sync 1 DAGs
[2025-01-18T00:11:59.835+0000] {logging_mixin.py:190} INFO - [2025-01-18T00:11:59.834+0000] {dag.py:4180} INFO - Setting next_dagrun for tutorial_objectstorage to None, run_after=None
[2025-01-18T00:11:59.856+0000] {processor.py:208} INFO - Processing /home/airflow/.local/lib/python3.12/site-packages/airflow/example_dags/tutorial_objectstorage.py took 0.078 seconds
[2025-01-18T00:12:31.021+0000] {processor.py:186} INFO - Started process (PID=19009) to work on /home/airflow/.local/lib/python3.12/site-packages/airflow/example_dags/tutorial_objectstorage.py
[2025-01-18T00:12:31.022+0000] {processor.py:914} INFO - Processing file /home/airflow/.local/lib/python3.12/site-packages/airflow/example_dags/tutorial_objectstorage.py for tasks to queue
[2025-01-18T00:12:31.024+0000] {logging_mixin.py:190} INFO - [2025-01-18T00:12:31.024+0000] {dagbag.py:588} INFO - Filling up the DagBag from /home/airflow/.local/lib/python3.12/site-packages/airflow/example_dags/tutorial_objectstorage.py
[2025-01-18T00:12:31.036+0000] {processor.py:925} INFO - DAG(s) 'tutorial_objectstorage' retrieved from /home/airflow/.local/lib/python3.12/site-packages/airflow/example_dags/tutorial_objectstorage.py
[2025-01-18T00:12:31.066+0000] {logging_mixin.py:190} INFO - [2025-01-18T00:12:31.066+0000] {dag.py:3239} INFO - Sync 1 DAGs
[2025-01-18T00:12:31.091+0000] {logging_mixin.py:190} INFO - [2025-01-18T00:12:31.090+0000] {dag.py:4180} INFO - Setting next_dagrun for tutorial_objectstorage to None, run_after=None
[2025-01-18T00:12:31.122+0000] {processor.py:208} INFO - Processing /home/airflow/.local/lib/python3.12/site-packages/airflow/example_dags/tutorial_objectstorage.py took 0.109 seconds
[2025-01-18T00:13:02.154+0000] {processor.py:186} INFO - Started process (PID=19076) to work on /home/airflow/.local/lib/python3.12/site-packages/airflow/example_dags/tutorial_objectstorage.py
[2025-01-18T00:13:02.155+0000] {processor.py:914} INFO - Processing file /home/airflow/.local/lib/python3.12/site-packages/airflow/example_dags/tutorial_objectstorage.py for tasks to queue
[2025-01-18T00:13:02.157+0000] {logging_mixin.py:190} INFO - [2025-01-18T00:13:02.157+0000] {dagbag.py:588} INFO - Filling up the DagBag from /home/airflow/.local/lib/python3.12/site-packages/airflow/example_dags/tutorial_objectstorage.py
[2025-01-18T00:13:02.169+0000] {processor.py:925} INFO - DAG(s) 'tutorial_objectstorage' retrieved from /home/airflow/.local/lib/python3.12/site-packages/airflow/example_dags/tutorial_objectstorage.py
[2025-01-18T00:13:02.192+0000] {logging_mixin.py:190} INFO - [2025-01-18T00:13:02.192+0000] {dag.py:3239} INFO - Sync 1 DAGs
[2025-01-18T00:13:02.211+0000] {logging_mixin.py:190} INFO - [2025-01-18T00:13:02.211+0000] {dag.py:4180} INFO - Setting next_dagrun for tutorial_objectstorage to None, run_after=None
[2025-01-18T00:13:02.242+0000] {processor.py:208} INFO - Processing /home/airflow/.local/lib/python3.12/site-packages/airflow/example_dags/tutorial_objectstorage.py took 0.097 seconds
[2025-01-18T00:13:33.175+0000] {processor.py:186} INFO - Started process (PID=19149) to work on /home/airflow/.local/lib/python3.12/site-packages/airflow/example_dags/tutorial_objectstorage.py
[2025-01-18T00:13:33.178+0000] {processor.py:914} INFO - Processing file /home/airflow/.local/lib/python3.12/site-packages/airflow/example_dags/tutorial_objectstorage.py for tasks to queue
[2025-01-18T00:13:33.182+0000] {logging_mixin.py:190} INFO - [2025-01-18T00:13:33.181+0000] {dagbag.py:588} INFO - Filling up the DagBag from /home/airflow/.local/lib/python3.12/site-packages/airflow/example_dags/tutorial_objectstorage.py
[2025-01-18T00:13:33.198+0000] {processor.py:925} INFO - DAG(s) 'tutorial_objectstorage' retrieved from /home/airflow/.local/lib/python3.12/site-packages/airflow/example_dags/tutorial_objectstorage.py
[2025-01-18T00:13:33.226+0000] {logging_mixin.py:190} INFO - [2025-01-18T00:13:33.225+0000] {dag.py:3239} INFO - Sync 1 DAGs
[2025-01-18T00:13:33.251+0000] {logging_mixin.py:190} INFO - [2025-01-18T00:13:33.250+0000] {dag.py:4180} INFO - Setting next_dagrun for tutorial_objectstorage to None, run_after=None
[2025-01-18T00:13:33.277+0000] {processor.py:208} INFO - Processing /home/airflow/.local/lib/python3.12/site-packages/airflow/example_dags/tutorial_objectstorage.py took 0.112 seconds
[2025-01-18T00:14:04.631+0000] {processor.py:186} INFO - Started process (PID=19216) to work on /home/airflow/.local/lib/python3.12/site-packages/airflow/example_dags/tutorial_objectstorage.py
[2025-01-18T00:14:04.633+0000] {processor.py:914} INFO - Processing file /home/airflow/.local/lib/python3.12/site-packages/airflow/example_dags/tutorial_objectstorage.py for tasks to queue
[2025-01-18T00:14:04.636+0000] {logging_mixin.py:190} INFO - [2025-01-18T00:14:04.635+0000] {dagbag.py:588} INFO - Filling up the DagBag from /home/airflow/.local/lib/python3.12/site-packages/airflow/example_dags/tutorial_objectstorage.py
[2025-01-18T00:14:04.648+0000] {processor.py:925} INFO - DAG(s) 'tutorial_objectstorage' retrieved from /home/airflow/.local/lib/python3.12/site-packages/airflow/example_dags/tutorial_objectstorage.py
[2025-01-18T00:14:04.677+0000] {logging_mixin.py:190} INFO - [2025-01-18T00:14:04.676+0000] {dag.py:3239} INFO - Sync 1 DAGs
[2025-01-18T00:14:04.698+0000] {logging_mixin.py:190} INFO - [2025-01-18T00:14:04.698+0000] {dag.py:4180} INFO - Setting next_dagrun for tutorial_objectstorage to None, run_after=None
[2025-01-18T00:14:04.726+0000] {processor.py:208} INFO - Processing /home/airflow/.local/lib/python3.12/site-packages/airflow/example_dags/tutorial_objectstorage.py took 0.101 seconds
[2025-01-18T00:14:35.978+0000] {processor.py:186} INFO - Started process (PID=19284) to work on /home/airflow/.local/lib/python3.12/site-packages/airflow/example_dags/tutorial_objectstorage.py
[2025-01-18T00:14:35.979+0000] {processor.py:914} INFO - Processing file /home/airflow/.local/lib/python3.12/site-packages/airflow/example_dags/tutorial_objectstorage.py for tasks to queue
[2025-01-18T00:14:35.982+0000] {logging_mixin.py:190} INFO - [2025-01-18T00:14:35.981+0000] {dagbag.py:588} INFO - Filling up the DagBag from /home/airflow/.local/lib/python3.12/site-packages/airflow/example_dags/tutorial_objectstorage.py
[2025-01-18T00:14:35.992+0000] {processor.py:925} INFO - DAG(s) 'tutorial_objectstorage' retrieved from /home/airflow/.local/lib/python3.12/site-packages/airflow/example_dags/tutorial_objectstorage.py
[2025-01-18T00:14:36.019+0000] {logging_mixin.py:190} INFO - [2025-01-18T00:14:36.018+0000] {dag.py:3239} INFO - Sync 1 DAGs
[2025-01-18T00:14:36.039+0000] {logging_mixin.py:190} INFO - [2025-01-18T00:14:36.038+0000] {dag.py:4180} INFO - Setting next_dagrun for tutorial_objectstorage to None, run_after=None
[2025-01-18T00:14:36.065+0000] {processor.py:208} INFO - Processing /home/airflow/.local/lib/python3.12/site-packages/airflow/example_dags/tutorial_objectstorage.py took 0.098 seconds
[2025-01-18T00:15:07.219+0000] {processor.py:186} INFO - Started process (PID=19350) to work on /home/airflow/.local/lib/python3.12/site-packages/airflow/example_dags/tutorial_objectstorage.py
[2025-01-18T00:15:07.220+0000] {processor.py:914} INFO - Processing file /home/airflow/.local/lib/python3.12/site-packages/airflow/example_dags/tutorial_objectstorage.py for tasks to queue
[2025-01-18T00:15:07.223+0000] {logging_mixin.py:190} INFO - [2025-01-18T00:15:07.223+0000] {dagbag.py:588} INFO - Filling up the DagBag from /home/airflow/.local/lib/python3.12/site-packages/airflow/example_dags/tutorial_objectstorage.py
[2025-01-18T00:15:07.233+0000] {processor.py:925} INFO - DAG(s) 'tutorial_objectstorage' retrieved from /home/airflow/.local/lib/python3.12/site-packages/airflow/example_dags/tutorial_objectstorage.py
[2025-01-18T00:15:07.256+0000] {logging_mixin.py:190} INFO - [2025-01-18T00:15:07.255+0000] {dag.py:3239} INFO - Sync 1 DAGs
[2025-01-18T00:15:07.277+0000] {logging_mixin.py:190} INFO - [2025-01-18T00:15:07.276+0000] {dag.py:4180} INFO - Setting next_dagrun for tutorial_objectstorage to None, run_after=None
[2025-01-18T00:15:07.300+0000] {processor.py:208} INFO - Processing /home/airflow/.local/lib/python3.12/site-packages/airflow/example_dags/tutorial_objectstorage.py took 0.088 seconds
[2025-01-18T00:15:38.924+0000] {processor.py:186} INFO - Started process (PID=19418) to work on /home/airflow/.local/lib/python3.12/site-packages/airflow/example_dags/tutorial_objectstorage.py
[2025-01-18T00:15:38.927+0000] {processor.py:914} INFO - Processing file /home/airflow/.local/lib/python3.12/site-packages/airflow/example_dags/tutorial_objectstorage.py for tasks to queue
[2025-01-18T00:15:38.931+0000] {logging_mixin.py:190} INFO - [2025-01-18T00:15:38.931+0000] {dagbag.py:588} INFO - Filling up the DagBag from /home/airflow/.local/lib/python3.12/site-packages/airflow/example_dags/tutorial_objectstorage.py
[2025-01-18T00:15:38.942+0000] {processor.py:925} INFO - DAG(s) 'tutorial_objectstorage' retrieved from /home/airflow/.local/lib/python3.12/site-packages/airflow/example_dags/tutorial_objectstorage.py
[2025-01-18T00:15:38.975+0000] {logging_mixin.py:190} INFO - [2025-01-18T00:15:38.974+0000] {dag.py:3239} INFO - Sync 1 DAGs
[2025-01-18T00:15:39.000+0000] {logging_mixin.py:190} INFO - [2025-01-18T00:15:38.999+0000] {dag.py:4180} INFO - Setting next_dagrun for tutorial_objectstorage to None, run_after=None
[2025-01-18T00:15:39.033+0000] {processor.py:208} INFO - Processing /home/airflow/.local/lib/python3.12/site-packages/airflow/example_dags/tutorial_objectstorage.py took 0.116 seconds
[2025-01-18T00:16:10.273+0000] {processor.py:186} INFO - Started process (PID=19485) to work on /home/airflow/.local/lib/python3.12/site-packages/airflow/example_dags/tutorial_objectstorage.py
[2025-01-18T00:16:10.279+0000] {processor.py:914} INFO - Processing file /home/airflow/.local/lib/python3.12/site-packages/airflow/example_dags/tutorial_objectstorage.py for tasks to queue
[2025-01-18T00:16:10.283+0000] {logging_mixin.py:190} INFO - [2025-01-18T00:16:10.283+0000] {dagbag.py:588} INFO - Filling up the DagBag from /home/airflow/.local/lib/python3.12/site-packages/airflow/example_dags/tutorial_objectstorage.py
[2025-01-18T00:16:10.299+0000] {processor.py:925} INFO - DAG(s) 'tutorial_objectstorage' retrieved from /home/airflow/.local/lib/python3.12/site-packages/airflow/example_dags/tutorial_objectstorage.py
[2025-01-18T00:16:10.334+0000] {logging_mixin.py:190} INFO - [2025-01-18T00:16:10.333+0000] {dag.py:3239} INFO - Sync 1 DAGs
[2025-01-18T00:16:10.359+0000] {logging_mixin.py:190} INFO - [2025-01-18T00:16:10.359+0000] {dag.py:4180} INFO - Setting next_dagrun for tutorial_objectstorage to None, run_after=None
[2025-01-18T00:16:10.389+0000] {processor.py:208} INFO - Processing /home/airflow/.local/lib/python3.12/site-packages/airflow/example_dags/tutorial_objectstorage.py took 0.130 seconds
[2025-01-18T00:16:41.681+0000] {processor.py:186} INFO - Started process (PID=19557) to work on /home/airflow/.local/lib/python3.12/site-packages/airflow/example_dags/tutorial_objectstorage.py
[2025-01-18T00:16:41.682+0000] {processor.py:914} INFO - Processing file /home/airflow/.local/lib/python3.12/site-packages/airflow/example_dags/tutorial_objectstorage.py for tasks to queue
[2025-01-18T00:16:41.685+0000] {logging_mixin.py:190} INFO - [2025-01-18T00:16:41.684+0000] {dagbag.py:588} INFO - Filling up the DagBag from /home/airflow/.local/lib/python3.12/site-packages/airflow/example_dags/tutorial_objectstorage.py
[2025-01-18T00:16:41.698+0000] {processor.py:925} INFO - DAG(s) 'tutorial_objectstorage' retrieved from /home/airflow/.local/lib/python3.12/site-packages/airflow/example_dags/tutorial_objectstorage.py
[2025-01-18T00:16:41.732+0000] {logging_mixin.py:190} INFO - [2025-01-18T00:16:41.731+0000] {dag.py:3239} INFO - Sync 1 DAGs
[2025-01-18T00:16:41.763+0000] {logging_mixin.py:190} INFO - [2025-01-18T00:16:41.762+0000] {dag.py:4180} INFO - Setting next_dagrun for tutorial_objectstorage to None, run_after=None
[2025-01-18T00:16:41.799+0000] {processor.py:208} INFO - Processing /home/airflow/.local/lib/python3.12/site-packages/airflow/example_dags/tutorial_objectstorage.py took 0.128 seconds
[2025-01-18T00:17:13.048+0000] {processor.py:186} INFO - Started process (PID=19631) to work on /home/airflow/.local/lib/python3.12/site-packages/airflow/example_dags/tutorial_objectstorage.py
[2025-01-18T00:17:13.050+0000] {processor.py:914} INFO - Processing file /home/airflow/.local/lib/python3.12/site-packages/airflow/example_dags/tutorial_objectstorage.py for tasks to queue
[2025-01-18T00:17:13.053+0000] {logging_mixin.py:190} INFO - [2025-01-18T00:17:13.053+0000] {dagbag.py:588} INFO - Filling up the DagBag from /home/airflow/.local/lib/python3.12/site-packages/airflow/example_dags/tutorial_objectstorage.py
[2025-01-18T00:17:13.066+0000] {processor.py:925} INFO - DAG(s) 'tutorial_objectstorage' retrieved from /home/airflow/.local/lib/python3.12/site-packages/airflow/example_dags/tutorial_objectstorage.py
[2025-01-18T00:17:13.092+0000] {logging_mixin.py:190} INFO - [2025-01-18T00:17:13.091+0000] {dag.py:3239} INFO - Sync 1 DAGs
[2025-01-18T00:17:13.115+0000] {logging_mixin.py:190} INFO - [2025-01-18T00:17:13.114+0000] {dag.py:4180} INFO - Setting next_dagrun for tutorial_objectstorage to None, run_after=None
[2025-01-18T00:17:13.141+0000] {processor.py:208} INFO - Processing /home/airflow/.local/lib/python3.12/site-packages/airflow/example_dags/tutorial_objectstorage.py took 0.100 seconds
[2025-01-18T00:17:43.634+0000] {processor.py:186} INFO - Started process (PID=19699) to work on /home/airflow/.local/lib/python3.12/site-packages/airflow/example_dags/tutorial_objectstorage.py
[2025-01-18T00:17:43.635+0000] {processor.py:914} INFO - Processing file /home/airflow/.local/lib/python3.12/site-packages/airflow/example_dags/tutorial_objectstorage.py for tasks to queue
[2025-01-18T00:17:43.638+0000] {logging_mixin.py:190} INFO - [2025-01-18T00:17:43.638+0000] {dagbag.py:588} INFO - Filling up the DagBag from /home/airflow/.local/lib/python3.12/site-packages/airflow/example_dags/tutorial_objectstorage.py
[2025-01-18T00:17:43.648+0000] {processor.py:925} INFO - DAG(s) 'tutorial_objectstorage' retrieved from /home/airflow/.local/lib/python3.12/site-packages/airflow/example_dags/tutorial_objectstorage.py
[2025-01-18T00:17:43.672+0000] {logging_mixin.py:190} INFO - [2025-01-18T00:17:43.672+0000] {dag.py:3239} INFO - Sync 1 DAGs
[2025-01-18T00:17:43.695+0000] {logging_mixin.py:190} INFO - [2025-01-18T00:17:43.694+0000] {dag.py:4180} INFO - Setting next_dagrun for tutorial_objectstorage to None, run_after=None
[2025-01-18T00:17:43.721+0000] {processor.py:208} INFO - Processing /home/airflow/.local/lib/python3.12/site-packages/airflow/example_dags/tutorial_objectstorage.py took 0.093 seconds
[2025-01-18T00:18:13.957+0000] {processor.py:186} INFO - Started process (PID=19765) to work on /home/airflow/.local/lib/python3.12/site-packages/airflow/example_dags/tutorial_objectstorage.py
[2025-01-18T00:18:13.958+0000] {processor.py:914} INFO - Processing file /home/airflow/.local/lib/python3.12/site-packages/airflow/example_dags/tutorial_objectstorage.py for tasks to queue
[2025-01-18T00:18:13.960+0000] {logging_mixin.py:190} INFO - [2025-01-18T00:18:13.960+0000] {dagbag.py:588} INFO - Filling up the DagBag from /home/airflow/.local/lib/python3.12/site-packages/airflow/example_dags/tutorial_objectstorage.py
[2025-01-18T00:18:13.971+0000] {processor.py:925} INFO - DAG(s) 'tutorial_objectstorage' retrieved from /home/airflow/.local/lib/python3.12/site-packages/airflow/example_dags/tutorial_objectstorage.py
[2025-01-18T00:18:13.995+0000] {logging_mixin.py:190} INFO - [2025-01-18T00:18:13.994+0000] {dag.py:3239} INFO - Sync 1 DAGs
[2025-01-18T00:18:14.012+0000] {logging_mixin.py:190} INFO - [2025-01-18T00:18:14.012+0000] {dag.py:4180} INFO - Setting next_dagrun for tutorial_objectstorage to None, run_after=None
[2025-01-18T00:18:14.036+0000] {processor.py:208} INFO - Processing /home/airflow/.local/lib/python3.12/site-packages/airflow/example_dags/tutorial_objectstorage.py took 0.086 seconds
[2025-01-18T00:18:44.405+0000] {processor.py:186} INFO - Started process (PID=19832) to work on /home/airflow/.local/lib/python3.12/site-packages/airflow/example_dags/tutorial_objectstorage.py
[2025-01-18T00:18:44.407+0000] {processor.py:914} INFO - Processing file /home/airflow/.local/lib/python3.12/site-packages/airflow/example_dags/tutorial_objectstorage.py for tasks to queue
[2025-01-18T00:18:44.410+0000] {logging_mixin.py:190} INFO - [2025-01-18T00:18:44.409+0000] {dagbag.py:588} INFO - Filling up the DagBag from /home/airflow/.local/lib/python3.12/site-packages/airflow/example_dags/tutorial_objectstorage.py
[2025-01-18T00:18:44.424+0000] {processor.py:925} INFO - DAG(s) 'tutorial_objectstorage' retrieved from /home/airflow/.local/lib/python3.12/site-packages/airflow/example_dags/tutorial_objectstorage.py
[2025-01-18T00:18:44.458+0000] {logging_mixin.py:190} INFO - [2025-01-18T00:18:44.457+0000] {dag.py:3239} INFO - Sync 1 DAGs
[2025-01-18T00:18:44.483+0000] {logging_mixin.py:190} INFO - [2025-01-18T00:18:44.482+0000] {dag.py:4180} INFO - Setting next_dagrun for tutorial_objectstorage to None, run_after=None
[2025-01-18T00:18:44.509+0000] {processor.py:208} INFO - Processing /home/airflow/.local/lib/python3.12/site-packages/airflow/example_dags/tutorial_objectstorage.py took 0.113 seconds
[2025-01-18T00:19:15.319+0000] {processor.py:186} INFO - Started process (PID=19900) to work on /home/airflow/.local/lib/python3.12/site-packages/airflow/example_dags/tutorial_objectstorage.py
[2025-01-18T00:19:15.320+0000] {processor.py:914} INFO - Processing file /home/airflow/.local/lib/python3.12/site-packages/airflow/example_dags/tutorial_objectstorage.py for tasks to queue
[2025-01-18T00:19:15.324+0000] {logging_mixin.py:190} INFO - [2025-01-18T00:19:15.323+0000] {dagbag.py:588} INFO - Filling up the DagBag from /home/airflow/.local/lib/python3.12/site-packages/airflow/example_dags/tutorial_objectstorage.py
[2025-01-18T00:19:15.334+0000] {processor.py:925} INFO - DAG(s) 'tutorial_objectstorage' retrieved from /home/airflow/.local/lib/python3.12/site-packages/airflow/example_dags/tutorial_objectstorage.py
[2025-01-18T00:19:15.357+0000] {logging_mixin.py:190} INFO - [2025-01-18T00:19:15.356+0000] {dag.py:3239} INFO - Sync 1 DAGs
[2025-01-18T00:19:15.376+0000] {logging_mixin.py:190} INFO - [2025-01-18T00:19:15.376+0000] {dag.py:4180} INFO - Setting next_dagrun for tutorial_objectstorage to None, run_after=None
[2025-01-18T00:19:15.403+0000] {processor.py:208} INFO - Processing /home/airflow/.local/lib/python3.12/site-packages/airflow/example_dags/tutorial_objectstorage.py took 0.093 seconds
[2025-01-18T00:19:46.553+0000] {processor.py:186} INFO - Started process (PID=19967) to work on /home/airflow/.local/lib/python3.12/site-packages/airflow/example_dags/tutorial_objectstorage.py
[2025-01-18T00:19:46.555+0000] {processor.py:914} INFO - Processing file /home/airflow/.local/lib/python3.12/site-packages/airflow/example_dags/tutorial_objectstorage.py for tasks to queue
[2025-01-18T00:19:46.558+0000] {logging_mixin.py:190} INFO - [2025-01-18T00:19:46.557+0000] {dagbag.py:588} INFO - Filling up the DagBag from /home/airflow/.local/lib/python3.12/site-packages/airflow/example_dags/tutorial_objectstorage.py
[2025-01-18T00:19:46.567+0000] {processor.py:925} INFO - DAG(s) 'tutorial_objectstorage' retrieved from /home/airflow/.local/lib/python3.12/site-packages/airflow/example_dags/tutorial_objectstorage.py
[2025-01-18T00:19:46.590+0000] {logging_mixin.py:190} INFO - [2025-01-18T00:19:46.589+0000] {dag.py:3239} INFO - Sync 1 DAGs
[2025-01-18T00:19:46.607+0000] {logging_mixin.py:190} INFO - [2025-01-18T00:19:46.607+0000] {dag.py:4180} INFO - Setting next_dagrun for tutorial_objectstorage to None, run_after=None
[2025-01-18T00:19:46.630+0000] {processor.py:208} INFO - Processing /home/airflow/.local/lib/python3.12/site-packages/airflow/example_dags/tutorial_objectstorage.py took 0.083 seconds
[2025-01-18T00:20:17.647+0000] {processor.py:186} INFO - Started process (PID=20034) to work on /home/airflow/.local/lib/python3.12/site-packages/airflow/example_dags/tutorial_objectstorage.py
[2025-01-18T00:20:17.648+0000] {processor.py:914} INFO - Processing file /home/airflow/.local/lib/python3.12/site-packages/airflow/example_dags/tutorial_objectstorage.py for tasks to queue
[2025-01-18T00:20:17.651+0000] {logging_mixin.py:190} INFO - [2025-01-18T00:20:17.651+0000] {dagbag.py:588} INFO - Filling up the DagBag from /home/airflow/.local/lib/python3.12/site-packages/airflow/example_dags/tutorial_objectstorage.py
[2025-01-18T00:20:17.662+0000] {processor.py:925} INFO - DAG(s) 'tutorial_objectstorage' retrieved from /home/airflow/.local/lib/python3.12/site-packages/airflow/example_dags/tutorial_objectstorage.py
[2025-01-18T00:20:17.689+0000] {logging_mixin.py:190} INFO - [2025-01-18T00:20:17.689+0000] {dag.py:3239} INFO - Sync 1 DAGs
[2025-01-18T00:20:17.709+0000] {logging_mixin.py:190} INFO - [2025-01-18T00:20:17.708+0000] {dag.py:4180} INFO - Setting next_dagrun for tutorial_objectstorage to None, run_after=None
[2025-01-18T00:20:17.733+0000] {processor.py:208} INFO - Processing /home/airflow/.local/lib/python3.12/site-packages/airflow/example_dags/tutorial_objectstorage.py took 0.094 seconds
[2025-01-18T00:20:48.630+0000] {processor.py:186} INFO - Started process (PID=20101) to work on /home/airflow/.local/lib/python3.12/site-packages/airflow/example_dags/tutorial_objectstorage.py
[2025-01-18T00:20:48.631+0000] {processor.py:914} INFO - Processing file /home/airflow/.local/lib/python3.12/site-packages/airflow/example_dags/tutorial_objectstorage.py for tasks to queue
[2025-01-18T00:20:48.634+0000] {logging_mixin.py:190} INFO - [2025-01-18T00:20:48.633+0000] {dagbag.py:588} INFO - Filling up the DagBag from /home/airflow/.local/lib/python3.12/site-packages/airflow/example_dags/tutorial_objectstorage.py
[2025-01-18T00:20:48.643+0000] {processor.py:925} INFO - DAG(s) 'tutorial_objectstorage' retrieved from /home/airflow/.local/lib/python3.12/site-packages/airflow/example_dags/tutorial_objectstorage.py
[2025-01-18T00:20:48.666+0000] {logging_mixin.py:190} INFO - [2025-01-18T00:20:48.665+0000] {dag.py:3239} INFO - Sync 1 DAGs
[2025-01-18T00:20:48.683+0000] {logging_mixin.py:190} INFO - [2025-01-18T00:20:48.683+0000] {dag.py:4180} INFO - Setting next_dagrun for tutorial_objectstorage to None, run_after=None
[2025-01-18T00:20:48.708+0000] {processor.py:208} INFO - Processing /home/airflow/.local/lib/python3.12/site-packages/airflow/example_dags/tutorial_objectstorage.py took 0.084 seconds
[2025-01-18T00:21:19.716+0000] {processor.py:186} INFO - Started process (PID=20176) to work on /home/airflow/.local/lib/python3.12/site-packages/airflow/example_dags/tutorial_objectstorage.py
[2025-01-18T00:21:19.718+0000] {processor.py:914} INFO - Processing file /home/airflow/.local/lib/python3.12/site-packages/airflow/example_dags/tutorial_objectstorage.py for tasks to queue
[2025-01-18T00:21:19.721+0000] {logging_mixin.py:190} INFO - [2025-01-18T00:21:19.720+0000] {dagbag.py:588} INFO - Filling up the DagBag from /home/airflow/.local/lib/python3.12/site-packages/airflow/example_dags/tutorial_objectstorage.py
[2025-01-18T00:21:19.730+0000] {processor.py:925} INFO - DAG(s) 'tutorial_objectstorage' retrieved from /home/airflow/.local/lib/python3.12/site-packages/airflow/example_dags/tutorial_objectstorage.py
[2025-01-18T00:21:19.755+0000] {logging_mixin.py:190} INFO - [2025-01-18T00:21:19.754+0000] {dag.py:3239} INFO - Sync 1 DAGs
[2025-01-18T00:21:19.773+0000] {logging_mixin.py:190} INFO - [2025-01-18T00:21:19.772+0000] {dag.py:4180} INFO - Setting next_dagrun for tutorial_objectstorage to None, run_after=None
[2025-01-18T00:21:19.796+0000] {processor.py:208} INFO - Processing /home/airflow/.local/lib/python3.12/site-packages/airflow/example_dags/tutorial_objectstorage.py took 0.087 seconds
[2025-01-18T00:21:50.590+0000] {processor.py:186} INFO - Started process (PID=20244) to work on /home/airflow/.local/lib/python3.12/site-packages/airflow/example_dags/tutorial_objectstorage.py
[2025-01-18T00:21:50.592+0000] {processor.py:914} INFO - Processing file /home/airflow/.local/lib/python3.12/site-packages/airflow/example_dags/tutorial_objectstorage.py for tasks to queue
[2025-01-18T00:21:50.594+0000] {logging_mixin.py:190} INFO - [2025-01-18T00:21:50.594+0000] {dagbag.py:588} INFO - Filling up the DagBag from /home/airflow/.local/lib/python3.12/site-packages/airflow/example_dags/tutorial_objectstorage.py
[2025-01-18T00:21:50.604+0000] {processor.py:925} INFO - DAG(s) 'tutorial_objectstorage' retrieved from /home/airflow/.local/lib/python3.12/site-packages/airflow/example_dags/tutorial_objectstorage.py
[2025-01-18T00:21:50.626+0000] {logging_mixin.py:190} INFO - [2025-01-18T00:21:50.625+0000] {dag.py:3239} INFO - Sync 1 DAGs
[2025-01-18T00:21:50.641+0000] {logging_mixin.py:190} INFO - [2025-01-18T00:21:50.640+0000] {dag.py:4180} INFO - Setting next_dagrun for tutorial_objectstorage to None, run_after=None
[2025-01-18T00:21:50.661+0000] {processor.py:208} INFO - Processing /home/airflow/.local/lib/python3.12/site-packages/airflow/example_dags/tutorial_objectstorage.py took 0.077 seconds
[2025-01-18T00:22:20.595+0000] {processor.py:186} INFO - Started process (PID=20310) to work on /home/airflow/.local/lib/python3.12/site-packages/airflow/example_dags/tutorial_objectstorage.py
[2025-01-18T00:22:20.596+0000] {processor.py:914} INFO - Processing file /home/airflow/.local/lib/python3.12/site-packages/airflow/example_dags/tutorial_objectstorage.py for tasks to queue
[2025-01-18T00:22:20.598+0000] {logging_mixin.py:190} INFO - [2025-01-18T00:22:20.597+0000] {dagbag.py:588} INFO - Filling up the DagBag from /home/airflow/.local/lib/python3.12/site-packages/airflow/example_dags/tutorial_objectstorage.py
[2025-01-18T00:22:18.339+0000] {processor.py:925} INFO - DAG(s) 'tutorial_objectstorage' retrieved from /home/airflow/.local/lib/python3.12/site-packages/airflow/example_dags/tutorial_objectstorage.py
[2025-01-18T00:22:18.359+0000] {logging_mixin.py:190} INFO - [2025-01-18T00:22:18.359+0000] {dag.py:3239} INFO - Sync 1 DAGs
[2025-01-18T00:22:18.375+0000] {logging_mixin.py:190} INFO - [2025-01-18T00:22:18.374+0000] {dag.py:4180} INFO - Setting next_dagrun for tutorial_objectstorage to None, run_after=None
[2025-01-18T00:22:18.397+0000] {processor.py:208} INFO - Processing /home/airflow/.local/lib/python3.12/site-packages/airflow/example_dags/tutorial_objectstorage.py took 0.076 seconds
[2025-01-18T00:22:48.867+0000] {processor.py:186} INFO - Started process (PID=20372) to work on /home/airflow/.local/lib/python3.12/site-packages/airflow/example_dags/tutorial_objectstorage.py
[2025-01-18T00:22:48.868+0000] {processor.py:914} INFO - Processing file /home/airflow/.local/lib/python3.12/site-packages/airflow/example_dags/tutorial_objectstorage.py for tasks to queue
[2025-01-18T00:22:48.871+0000] {logging_mixin.py:190} INFO - [2025-01-18T00:22:48.871+0000] {dagbag.py:588} INFO - Filling up the DagBag from /home/airflow/.local/lib/python3.12/site-packages/airflow/example_dags/tutorial_objectstorage.py
[2025-01-18T00:22:48.882+0000] {processor.py:925} INFO - DAG(s) 'tutorial_objectstorage' retrieved from /home/airflow/.local/lib/python3.12/site-packages/airflow/example_dags/tutorial_objectstorage.py
[2025-01-18T00:22:48.909+0000] {logging_mixin.py:190} INFO - [2025-01-18T00:22:48.908+0000] {dag.py:3239} INFO - Sync 1 DAGs
[2025-01-18T00:22:48.932+0000] {logging_mixin.py:190} INFO - [2025-01-18T00:22:48.931+0000] {dag.py:4180} INFO - Setting next_dagrun for tutorial_objectstorage to None, run_after=None
[2025-01-18T00:22:48.961+0000] {processor.py:208} INFO - Processing /home/airflow/.local/lib/python3.12/site-packages/airflow/example_dags/tutorial_objectstorage.py took 0.102 seconds
[2025-01-18T00:23:19.469+0000] {processor.py:186} INFO - Started process (PID=20439) to work on /home/airflow/.local/lib/python3.12/site-packages/airflow/example_dags/tutorial_objectstorage.py
[2025-01-18T00:23:19.470+0000] {processor.py:914} INFO - Processing file /home/airflow/.local/lib/python3.12/site-packages/airflow/example_dags/tutorial_objectstorage.py for tasks to queue
[2025-01-18T00:23:19.472+0000] {logging_mixin.py:190} INFO - [2025-01-18T00:23:19.472+0000] {dagbag.py:588} INFO - Filling up the DagBag from /home/airflow/.local/lib/python3.12/site-packages/airflow/example_dags/tutorial_objectstorage.py
[2025-01-18T00:23:19.482+0000] {processor.py:925} INFO - DAG(s) 'tutorial_objectstorage' retrieved from /home/airflow/.local/lib/python3.12/site-packages/airflow/example_dags/tutorial_objectstorage.py
[2025-01-18T00:23:19.504+0000] {logging_mixin.py:190} INFO - [2025-01-18T00:23:19.504+0000] {dag.py:3239} INFO - Sync 1 DAGs
[2025-01-18T00:23:19.522+0000] {logging_mixin.py:190} INFO - [2025-01-18T00:23:19.521+0000] {dag.py:4180} INFO - Setting next_dagrun for tutorial_objectstorage to None, run_after=None
[2025-01-18T00:23:19.545+0000] {processor.py:208} INFO - Processing /home/airflow/.local/lib/python3.12/site-packages/airflow/example_dags/tutorial_objectstorage.py took 0.083 seconds
[2025-01-18T00:23:49.995+0000] {processor.py:186} INFO - Started process (PID=20506) to work on /home/airflow/.local/lib/python3.12/site-packages/airflow/example_dags/tutorial_objectstorage.py
[2025-01-18T00:23:49.996+0000] {processor.py:914} INFO - Processing file /home/airflow/.local/lib/python3.12/site-packages/airflow/example_dags/tutorial_objectstorage.py for tasks to queue
[2025-01-18T00:23:49.998+0000] {logging_mixin.py:190} INFO - [2025-01-18T00:23:49.998+0000] {dagbag.py:588} INFO - Filling up the DagBag from /home/airflow/.local/lib/python3.12/site-packages/airflow/example_dags/tutorial_objectstorage.py
[2025-01-18T00:23:50.009+0000] {processor.py:925} INFO - DAG(s) 'tutorial_objectstorage' retrieved from /home/airflow/.local/lib/python3.12/site-packages/airflow/example_dags/tutorial_objectstorage.py
[2025-01-18T00:23:50.029+0000] {logging_mixin.py:190} INFO - [2025-01-18T00:23:50.028+0000] {dag.py:3239} INFO - Sync 1 DAGs
[2025-01-18T00:23:50.045+0000] {logging_mixin.py:190} INFO - [2025-01-18T00:23:50.045+0000] {dag.py:4180} INFO - Setting next_dagrun for tutorial_objectstorage to None, run_after=None
[2025-01-18T00:23:50.065+0000] {processor.py:208} INFO - Processing /home/airflow/.local/lib/python3.12/site-packages/airflow/example_dags/tutorial_objectstorage.py took 0.075 seconds
[2025-01-18T00:24:20.714+0000] {processor.py:186} INFO - Started process (PID=20573) to work on /home/airflow/.local/lib/python3.12/site-packages/airflow/example_dags/tutorial_objectstorage.py
[2025-01-18T00:24:20.715+0000] {processor.py:914} INFO - Processing file /home/airflow/.local/lib/python3.12/site-packages/airflow/example_dags/tutorial_objectstorage.py for tasks to queue
[2025-01-18T00:24:20.717+0000] {logging_mixin.py:190} INFO - [2025-01-18T00:24:20.716+0000] {dagbag.py:588} INFO - Filling up the DagBag from /home/airflow/.local/lib/python3.12/site-packages/airflow/example_dags/tutorial_objectstorage.py
[2025-01-18T00:24:20.726+0000] {processor.py:925} INFO - DAG(s) 'tutorial_objectstorage' retrieved from /home/airflow/.local/lib/python3.12/site-packages/airflow/example_dags/tutorial_objectstorage.py
[2025-01-18T00:24:20.745+0000] {logging_mixin.py:190} INFO - [2025-01-18T00:24:20.745+0000] {dag.py:3239} INFO - Sync 1 DAGs
[2025-01-18T00:24:20.762+0000] {logging_mixin.py:190} INFO - [2025-01-18T00:24:20.762+0000] {dag.py:4180} INFO - Setting next_dagrun for tutorial_objectstorage to None, run_after=None
[2025-01-18T00:24:20.797+0000] {processor.py:208} INFO - Processing /home/airflow/.local/lib/python3.12/site-packages/airflow/example_dags/tutorial_objectstorage.py took 0.089 seconds
[2025-01-18T00:24:51.368+0000] {processor.py:186} INFO - Started process (PID=20640) to work on /home/airflow/.local/lib/python3.12/site-packages/airflow/example_dags/tutorial_objectstorage.py
[2025-01-18T00:24:51.369+0000] {processor.py:914} INFO - Processing file /home/airflow/.local/lib/python3.12/site-packages/airflow/example_dags/tutorial_objectstorage.py for tasks to queue
[2025-01-18T00:24:51.371+0000] {logging_mixin.py:190} INFO - [2025-01-18T00:24:51.371+0000] {dagbag.py:588} INFO - Filling up the DagBag from /home/airflow/.local/lib/python3.12/site-packages/airflow/example_dags/tutorial_objectstorage.py
[2025-01-18T00:24:51.379+0000] {processor.py:925} INFO - DAG(s) 'tutorial_objectstorage' retrieved from /home/airflow/.local/lib/python3.12/site-packages/airflow/example_dags/tutorial_objectstorage.py
[2025-01-18T00:24:51.398+0000] {logging_mixin.py:190} INFO - [2025-01-18T00:24:51.398+0000] {dag.py:3239} INFO - Sync 1 DAGs
[2025-01-18T00:24:51.411+0000] {logging_mixin.py:190} INFO - [2025-01-18T00:24:51.410+0000] {dag.py:4180} INFO - Setting next_dagrun for tutorial_objectstorage to None, run_after=None
[2025-01-18T00:24:51.431+0000] {processor.py:208} INFO - Processing /home/airflow/.local/lib/python3.12/site-packages/airflow/example_dags/tutorial_objectstorage.py took 0.069 seconds
[2025-01-18T00:25:22.049+0000] {processor.py:186} INFO - Started process (PID=20707) to work on /home/airflow/.local/lib/python3.12/site-packages/airflow/example_dags/tutorial_objectstorage.py
[2025-01-18T00:25:22.050+0000] {processor.py:914} INFO - Processing file /home/airflow/.local/lib/python3.12/site-packages/airflow/example_dags/tutorial_objectstorage.py for tasks to queue
[2025-01-18T00:25:22.053+0000] {logging_mixin.py:190} INFO - [2025-01-18T00:25:22.052+0000] {dagbag.py:588} INFO - Filling up the DagBag from /home/airflow/.local/lib/python3.12/site-packages/airflow/example_dags/tutorial_objectstorage.py
[2025-01-18T00:25:22.065+0000] {processor.py:925} INFO - DAG(s) 'tutorial_objectstorage' retrieved from /home/airflow/.local/lib/python3.12/site-packages/airflow/example_dags/tutorial_objectstorage.py
[2025-01-18T00:25:22.088+0000] {logging_mixin.py:190} INFO - [2025-01-18T00:25:22.088+0000] {dag.py:3239} INFO - Sync 1 DAGs
[2025-01-18T00:25:22.106+0000] {logging_mixin.py:190} INFO - [2025-01-18T00:25:22.106+0000] {dag.py:4180} INFO - Setting next_dagrun for tutorial_objectstorage to None, run_after=None
[2025-01-18T00:25:22.133+0000] {processor.py:208} INFO - Processing /home/airflow/.local/lib/python3.12/site-packages/airflow/example_dags/tutorial_objectstorage.py took 0.091 seconds
[2025-01-18T00:25:52.989+0000] {processor.py:186} INFO - Started process (PID=20780) to work on /home/airflow/.local/lib/python3.12/site-packages/airflow/example_dags/tutorial_objectstorage.py
[2025-01-18T00:25:52.990+0000] {processor.py:914} INFO - Processing file /home/airflow/.local/lib/python3.12/site-packages/airflow/example_dags/tutorial_objectstorage.py for tasks to queue
[2025-01-18T00:25:52.993+0000] {logging_mixin.py:190} INFO - [2025-01-18T00:25:52.992+0000] {dagbag.py:588} INFO - Filling up the DagBag from /home/airflow/.local/lib/python3.12/site-packages/airflow/example_dags/tutorial_objectstorage.py
[2025-01-18T00:25:53.002+0000] {processor.py:925} INFO - DAG(s) 'tutorial_objectstorage' retrieved from /home/airflow/.local/lib/python3.12/site-packages/airflow/example_dags/tutorial_objectstorage.py
[2025-01-18T00:25:53.022+0000] {logging_mixin.py:190} INFO - [2025-01-18T00:25:53.022+0000] {dag.py:3239} INFO - Sync 1 DAGs
[2025-01-18T00:25:53.040+0000] {logging_mixin.py:190} INFO - [2025-01-18T00:25:53.040+0000] {dag.py:4180} INFO - Setting next_dagrun for tutorial_objectstorage to None, run_after=None
[2025-01-18T00:25:53.064+0000] {processor.py:208} INFO - Processing /home/airflow/.local/lib/python3.12/site-packages/airflow/example_dags/tutorial_objectstorage.py took 0.081 seconds
[2025-01-18T00:26:23.442+0000] {processor.py:186} INFO - Started process (PID=20846) to work on /home/airflow/.local/lib/python3.12/site-packages/airflow/example_dags/tutorial_objectstorage.py
[2025-01-18T00:26:23.443+0000] {processor.py:914} INFO - Processing file /home/airflow/.local/lib/python3.12/site-packages/airflow/example_dags/tutorial_objectstorage.py for tasks to queue
[2025-01-18T00:26:23.445+0000] {logging_mixin.py:190} INFO - [2025-01-18T00:26:23.445+0000] {dagbag.py:588} INFO - Filling up the DagBag from /home/airflow/.local/lib/python3.12/site-packages/airflow/example_dags/tutorial_objectstorage.py
[2025-01-18T00:26:23.457+0000] {processor.py:925} INFO - DAG(s) 'tutorial_objectstorage' retrieved from /home/airflow/.local/lib/python3.12/site-packages/airflow/example_dags/tutorial_objectstorage.py
[2025-01-18T00:26:23.482+0000] {logging_mixin.py:190} INFO - [2025-01-18T00:26:23.482+0000] {dag.py:3239} INFO - Sync 1 DAGs
[2025-01-18T00:26:23.501+0000] {logging_mixin.py:190} INFO - [2025-01-18T00:26:23.501+0000] {dag.py:4180} INFO - Setting next_dagrun for tutorial_objectstorage to None, run_after=None
[2025-01-18T00:26:23.530+0000] {processor.py:208} INFO - Processing /home/airflow/.local/lib/python3.12/site-packages/airflow/example_dags/tutorial_objectstorage.py took 0.096 seconds
[2025-01-18T00:26:53.673+0000] {processor.py:186} INFO - Started process (PID=20913) to work on /home/airflow/.local/lib/python3.12/site-packages/airflow/example_dags/tutorial_objectstorage.py
[2025-01-18T00:26:53.674+0000] {processor.py:914} INFO - Processing file /home/airflow/.local/lib/python3.12/site-packages/airflow/example_dags/tutorial_objectstorage.py for tasks to queue
[2025-01-18T00:26:53.676+0000] {logging_mixin.py:190} INFO - [2025-01-18T00:26:53.676+0000] {dagbag.py:588} INFO - Filling up the DagBag from /home/airflow/.local/lib/python3.12/site-packages/airflow/example_dags/tutorial_objectstorage.py
[2025-01-18T00:26:53.685+0000] {processor.py:925} INFO - DAG(s) 'tutorial_objectstorage' retrieved from /home/airflow/.local/lib/python3.12/site-packages/airflow/example_dags/tutorial_objectstorage.py
[2025-01-18T00:26:53.706+0000] {logging_mixin.py:190} INFO - [2025-01-18T00:26:53.706+0000] {dag.py:3239} INFO - Sync 1 DAGs
[2025-01-18T00:26:53.721+0000] {logging_mixin.py:190} INFO - [2025-01-18T00:26:53.721+0000] {dag.py:4180} INFO - Setting next_dagrun for tutorial_objectstorage to None, run_after=None
[2025-01-18T00:26:53.744+0000] {processor.py:208} INFO - Processing /home/airflow/.local/lib/python3.12/site-packages/airflow/example_dags/tutorial_objectstorage.py took 0.080 seconds
[2025-01-18T00:27:24.668+0000] {processor.py:186} INFO - Started process (PID=20980) to work on /home/airflow/.local/lib/python3.12/site-packages/airflow/example_dags/tutorial_objectstorage.py
[2025-01-18T00:27:24.670+0000] {processor.py:914} INFO - Processing file /home/airflow/.local/lib/python3.12/site-packages/airflow/example_dags/tutorial_objectstorage.py for tasks to queue
[2025-01-18T00:27:24.672+0000] {logging_mixin.py:190} INFO - [2025-01-18T00:27:24.672+0000] {dagbag.py:588} INFO - Filling up the DagBag from /home/airflow/.local/lib/python3.12/site-packages/airflow/example_dags/tutorial_objectstorage.py
[2025-01-18T00:27:24.681+0000] {processor.py:925} INFO - DAG(s) 'tutorial_objectstorage' retrieved from /home/airflow/.local/lib/python3.12/site-packages/airflow/example_dags/tutorial_objectstorage.py
[2025-01-18T00:27:24.703+0000] {logging_mixin.py:190} INFO - [2025-01-18T00:27:24.703+0000] {dag.py:3239} INFO - Sync 1 DAGs
[2025-01-18T00:27:24.723+0000] {logging_mixin.py:190} INFO - [2025-01-18T00:27:24.723+0000] {dag.py:4180} INFO - Setting next_dagrun for tutorial_objectstorage to None, run_after=None
[2025-01-18T00:27:24.751+0000] {processor.py:208} INFO - Processing /home/airflow/.local/lib/python3.12/site-packages/airflow/example_dags/tutorial_objectstorage.py took 0.090 seconds
[2025-01-18T00:27:54.898+0000] {processor.py:186} INFO - Started process (PID=21047) to work on /home/airflow/.local/lib/python3.12/site-packages/airflow/example_dags/tutorial_objectstorage.py
[2025-01-18T00:27:54.899+0000] {processor.py:914} INFO - Processing file /home/airflow/.local/lib/python3.12/site-packages/airflow/example_dags/tutorial_objectstorage.py for tasks to queue
[2025-01-18T00:27:54.902+0000] {logging_mixin.py:190} INFO - [2025-01-18T00:27:54.901+0000] {dagbag.py:588} INFO - Filling up the DagBag from /home/airflow/.local/lib/python3.12/site-packages/airflow/example_dags/tutorial_objectstorage.py
[2025-01-18T00:27:54.913+0000] {processor.py:925} INFO - DAG(s) 'tutorial_objectstorage' retrieved from /home/airflow/.local/lib/python3.12/site-packages/airflow/example_dags/tutorial_objectstorage.py
[2025-01-18T00:27:54.938+0000] {logging_mixin.py:190} INFO - [2025-01-18T00:27:54.937+0000] {dag.py:3239} INFO - Sync 1 DAGs
[2025-01-18T00:27:54.955+0000] {logging_mixin.py:190} INFO - [2025-01-18T00:27:54.955+0000] {dag.py:4180} INFO - Setting next_dagrun for tutorial_objectstorage to None, run_after=None
[2025-01-18T00:27:54.977+0000] {processor.py:208} INFO - Processing /home/airflow/.local/lib/python3.12/site-packages/airflow/example_dags/tutorial_objectstorage.py took 0.087 seconds
[2025-01-18T00:28:25.287+0000] {processor.py:186} INFO - Started process (PID=21113) to work on /home/airflow/.local/lib/python3.12/site-packages/airflow/example_dags/tutorial_objectstorage.py
[2025-01-18T00:28:25.288+0000] {processor.py:914} INFO - Processing file /home/airflow/.local/lib/python3.12/site-packages/airflow/example_dags/tutorial_objectstorage.py for tasks to queue
[2025-01-18T00:28:25.291+0000] {logging_mixin.py:190} INFO - [2025-01-18T00:28:25.290+0000] {dagbag.py:588} INFO - Filling up the DagBag from /home/airflow/.local/lib/python3.12/site-packages/airflow/example_dags/tutorial_objectstorage.py
[2025-01-18T00:28:25.302+0000] {processor.py:925} INFO - DAG(s) 'tutorial_objectstorage' retrieved from /home/airflow/.local/lib/python3.12/site-packages/airflow/example_dags/tutorial_objectstorage.py
[2025-01-18T00:28:25.328+0000] {logging_mixin.py:190} INFO - [2025-01-18T00:28:25.327+0000] {dag.py:3239} INFO - Sync 1 DAGs
[2025-01-18T00:28:25.350+0000] {logging_mixin.py:190} INFO - [2025-01-18T00:28:25.350+0000] {dag.py:4180} INFO - Setting next_dagrun for tutorial_objectstorage to None, run_after=None
[2025-01-18T00:28:25.379+0000] {processor.py:208} INFO - Processing /home/airflow/.local/lib/python3.12/site-packages/airflow/example_dags/tutorial_objectstorage.py took 0.100 seconds
[2025-01-18T00:28:55.848+0000] {processor.py:186} INFO - Started process (PID=21180) to work on /home/airflow/.local/lib/python3.12/site-packages/airflow/example_dags/tutorial_objectstorage.py
[2025-01-18T00:28:55.849+0000] {processor.py:914} INFO - Processing file /home/airflow/.local/lib/python3.12/site-packages/airflow/example_dags/tutorial_objectstorage.py for tasks to queue
[2025-01-18T00:28:55.851+0000] {logging_mixin.py:190} INFO - [2025-01-18T00:28:55.851+0000] {dagbag.py:588} INFO - Filling up the DagBag from /home/airflow/.local/lib/python3.12/site-packages/airflow/example_dags/tutorial_objectstorage.py
[2025-01-18T00:28:55.861+0000] {processor.py:925} INFO - DAG(s) 'tutorial_objectstorage' retrieved from /home/airflow/.local/lib/python3.12/site-packages/airflow/example_dags/tutorial_objectstorage.py
[2025-01-18T00:28:55.881+0000] {logging_mixin.py:190} INFO - [2025-01-18T00:28:55.881+0000] {dag.py:3239} INFO - Sync 1 DAGs
[2025-01-18T00:28:55.898+0000] {logging_mixin.py:190} INFO - [2025-01-18T00:28:55.898+0000] {dag.py:4180} INFO - Setting next_dagrun for tutorial_objectstorage to None, run_after=None
[2025-01-18T00:28:55.921+0000] {processor.py:208} INFO - Processing /home/airflow/.local/lib/python3.12/site-packages/airflow/example_dags/tutorial_objectstorage.py took 0.079 seconds
[2025-01-18T00:29:26.470+0000] {processor.py:186} INFO - Started process (PID=21247) to work on /home/airflow/.local/lib/python3.12/site-packages/airflow/example_dags/tutorial_objectstorage.py
[2025-01-18T00:29:26.471+0000] {processor.py:914} INFO - Processing file /home/airflow/.local/lib/python3.12/site-packages/airflow/example_dags/tutorial_objectstorage.py for tasks to queue
[2025-01-18T00:29:26.474+0000] {logging_mixin.py:190} INFO - [2025-01-18T00:29:26.473+0000] {dagbag.py:588} INFO - Filling up the DagBag from /home/airflow/.local/lib/python3.12/site-packages/airflow/example_dags/tutorial_objectstorage.py
[2025-01-18T00:29:26.483+0000] {processor.py:925} INFO - DAG(s) 'tutorial_objectstorage' retrieved from /home/airflow/.local/lib/python3.12/site-packages/airflow/example_dags/tutorial_objectstorage.py
[2025-01-18T00:29:26.511+0000] {logging_mixin.py:190} INFO - [2025-01-18T00:29:26.511+0000] {dag.py:3239} INFO - Sync 1 DAGs
[2025-01-18T00:29:26.529+0000] {logging_mixin.py:190} INFO - [2025-01-18T00:29:26.528+0000] {dag.py:4180} INFO - Setting next_dagrun for tutorial_objectstorage to None, run_after=None
[2025-01-18T00:29:26.552+0000] {processor.py:208} INFO - Processing /home/airflow/.local/lib/python3.12/site-packages/airflow/example_dags/tutorial_objectstorage.py took 0.088 seconds
[2025-01-18T00:29:57.227+0000] {processor.py:186} INFO - Started process (PID=21320) to work on /home/airflow/.local/lib/python3.12/site-packages/airflow/example_dags/tutorial_objectstorage.py
[2025-01-18T00:29:57.229+0000] {processor.py:914} INFO - Processing file /home/airflow/.local/lib/python3.12/site-packages/airflow/example_dags/tutorial_objectstorage.py for tasks to queue
[2025-01-18T00:29:57.232+0000] {logging_mixin.py:190} INFO - [2025-01-18T00:29:57.231+0000] {dagbag.py:588} INFO - Filling up the DagBag from /home/airflow/.local/lib/python3.12/site-packages/airflow/example_dags/tutorial_objectstorage.py
[2025-01-18T00:29:57.242+0000] {processor.py:925} INFO - DAG(s) 'tutorial_objectstorage' retrieved from /home/airflow/.local/lib/python3.12/site-packages/airflow/example_dags/tutorial_objectstorage.py
[2025-01-18T00:29:57.270+0000] {logging_mixin.py:190} INFO - [2025-01-18T00:29:57.270+0000] {dag.py:3239} INFO - Sync 1 DAGs
[2025-01-18T00:29:57.289+0000] {logging_mixin.py:190} INFO - [2025-01-18T00:29:57.289+0000] {dag.py:4180} INFO - Setting next_dagrun for tutorial_objectstorage to None, run_after=None
[2025-01-18T00:29:57.318+0000] {processor.py:208} INFO - Processing /home/airflow/.local/lib/python3.12/site-packages/airflow/example_dags/tutorial_objectstorage.py took 0.097 seconds
[2025-01-18T00:30:27.861+0000] {processor.py:186} INFO - Started process (PID=21387) to work on /home/airflow/.local/lib/python3.12/site-packages/airflow/example_dags/tutorial_objectstorage.py
[2025-01-18T00:30:27.862+0000] {processor.py:914} INFO - Processing file /home/airflow/.local/lib/python3.12/site-packages/airflow/example_dags/tutorial_objectstorage.py for tasks to queue
[2025-01-18T00:30:27.864+0000] {logging_mixin.py:190} INFO - [2025-01-18T00:30:27.864+0000] {dagbag.py:588} INFO - Filling up the DagBag from /home/airflow/.local/lib/python3.12/site-packages/airflow/example_dags/tutorial_objectstorage.py
[2025-01-18T00:30:27.874+0000] {processor.py:925} INFO - DAG(s) 'tutorial_objectstorage' retrieved from /home/airflow/.local/lib/python3.12/site-packages/airflow/example_dags/tutorial_objectstorage.py
[2025-01-18T00:30:27.896+0000] {logging_mixin.py:190} INFO - [2025-01-18T00:30:27.896+0000] {dag.py:3239} INFO - Sync 1 DAGs
[2025-01-18T00:30:27.915+0000] {logging_mixin.py:190} INFO - [2025-01-18T00:30:27.914+0000] {dag.py:4180} INFO - Setting next_dagrun for tutorial_objectstorage to None, run_after=None
[2025-01-18T00:30:27.936+0000] {processor.py:208} INFO - Processing /home/airflow/.local/lib/python3.12/site-packages/airflow/example_dags/tutorial_objectstorage.py took 0.082 seconds
[2025-01-18T00:30:58.418+0000] {processor.py:186} INFO - Started process (PID=21454) to work on /home/airflow/.local/lib/python3.12/site-packages/airflow/example_dags/tutorial_objectstorage.py
[2025-01-18T00:30:58.419+0000] {processor.py:914} INFO - Processing file /home/airflow/.local/lib/python3.12/site-packages/airflow/example_dags/tutorial_objectstorage.py for tasks to queue
[2025-01-18T00:30:58.422+0000] {logging_mixin.py:190} INFO - [2025-01-18T00:30:58.421+0000] {dagbag.py:588} INFO - Filling up the DagBag from /home/airflow/.local/lib/python3.12/site-packages/airflow/example_dags/tutorial_objectstorage.py
[2025-01-18T00:30:58.432+0000] {processor.py:925} INFO - DAG(s) 'tutorial_objectstorage' retrieved from /home/airflow/.local/lib/python3.12/site-packages/airflow/example_dags/tutorial_objectstorage.py
[2025-01-18T00:30:58.454+0000] {logging_mixin.py:190} INFO - [2025-01-18T00:30:58.454+0000] {dag.py:3239} INFO - Sync 1 DAGs
[2025-01-18T00:30:58.472+0000] {logging_mixin.py:190} INFO - [2025-01-18T00:30:58.472+0000] {dag.py:4180} INFO - Setting next_dagrun for tutorial_objectstorage to None, run_after=None
[2025-01-18T00:30:58.497+0000] {processor.py:208} INFO - Processing /home/airflow/.local/lib/python3.12/site-packages/airflow/example_dags/tutorial_objectstorage.py took 0.086 seconds
[2025-01-18T00:31:28.892+0000] {processor.py:186} INFO - Started process (PID=21521) to work on /home/airflow/.local/lib/python3.12/site-packages/airflow/example_dags/tutorial_objectstorage.py
[2025-01-18T00:31:28.893+0000] {processor.py:914} INFO - Processing file /home/airflow/.local/lib/python3.12/site-packages/airflow/example_dags/tutorial_objectstorage.py for tasks to queue
[2025-01-18T00:31:28.896+0000] {logging_mixin.py:190} INFO - [2025-01-18T00:31:28.896+0000] {dagbag.py:588} INFO - Filling up the DagBag from /home/airflow/.local/lib/python3.12/site-packages/airflow/example_dags/tutorial_objectstorage.py
[2025-01-18T00:31:28.906+0000] {processor.py:925} INFO - DAG(s) 'tutorial_objectstorage' retrieved from /home/airflow/.local/lib/python3.12/site-packages/airflow/example_dags/tutorial_objectstorage.py
[2025-01-18T00:31:28.926+0000] {logging_mixin.py:190} INFO - [2025-01-18T00:31:28.925+0000] {dag.py:3239} INFO - Sync 1 DAGs
[2025-01-18T00:31:28.940+0000] {logging_mixin.py:190} INFO - [2025-01-18T00:31:28.940+0000] {dag.py:4180} INFO - Setting next_dagrun for tutorial_objectstorage to None, run_after=None
[2025-01-18T00:31:28.960+0000] {processor.py:208} INFO - Processing /home/airflow/.local/lib/python3.12/site-packages/airflow/example_dags/tutorial_objectstorage.py took 0.073 seconds
[2025-01-18T00:31:59.461+0000] {processor.py:186} INFO - Started process (PID=21588) to work on /home/airflow/.local/lib/python3.12/site-packages/airflow/example_dags/tutorial_objectstorage.py
[2025-01-18T00:31:59.463+0000] {processor.py:914} INFO - Processing file /home/airflow/.local/lib/python3.12/site-packages/airflow/example_dags/tutorial_objectstorage.py for tasks to queue
[2025-01-18T00:31:59.466+0000] {logging_mixin.py:190} INFO - [2025-01-18T00:31:59.465+0000] {dagbag.py:588} INFO - Filling up the DagBag from /home/airflow/.local/lib/python3.12/site-packages/airflow/example_dags/tutorial_objectstorage.py
[2025-01-18T00:31:59.478+0000] {processor.py:925} INFO - DAG(s) 'tutorial_objectstorage' retrieved from /home/airflow/.local/lib/python3.12/site-packages/airflow/example_dags/tutorial_objectstorage.py
[2025-01-18T00:31:59.506+0000] {logging_mixin.py:190} INFO - [2025-01-18T00:31:59.506+0000] {dag.py:3239} INFO - Sync 1 DAGs
[2025-01-18T00:31:59.529+0000] {logging_mixin.py:190} INFO - [2025-01-18T00:31:59.529+0000] {dag.py:4180} INFO - Setting next_dagrun for tutorial_objectstorage to None, run_after=None
[2025-01-18T00:31:59.554+0000] {processor.py:208} INFO - Processing /home/airflow/.local/lib/python3.12/site-packages/airflow/example_dags/tutorial_objectstorage.py took 0.101 seconds
[2025-01-18T00:32:29.698+0000] {processor.py:186} INFO - Started process (PID=21655) to work on /home/airflow/.local/lib/python3.12/site-packages/airflow/example_dags/tutorial_objectstorage.py
[2025-01-18T00:32:29.700+0000] {processor.py:914} INFO - Processing file /home/airflow/.local/lib/python3.12/site-packages/airflow/example_dags/tutorial_objectstorage.py for tasks to queue
[2025-01-18T00:32:29.702+0000] {logging_mixin.py:190} INFO - [2025-01-18T00:32:29.702+0000] {dagbag.py:588} INFO - Filling up the DagBag from /home/airflow/.local/lib/python3.12/site-packages/airflow/example_dags/tutorial_objectstorage.py
[2025-01-18T00:32:29.711+0000] {processor.py:925} INFO - DAG(s) 'tutorial_objectstorage' retrieved from /home/airflow/.local/lib/python3.12/site-packages/airflow/example_dags/tutorial_objectstorage.py
[2025-01-18T00:32:29.733+0000] {logging_mixin.py:190} INFO - [2025-01-18T00:32:29.733+0000] {dag.py:3239} INFO - Sync 1 DAGs
[2025-01-18T00:32:29.750+0000] {logging_mixin.py:190} INFO - [2025-01-18T00:32:29.750+0000] {dag.py:4180} INFO - Setting next_dagrun for tutorial_objectstorage to None, run_after=None
[2025-01-18T00:32:29.774+0000] {processor.py:208} INFO - Processing /home/airflow/.local/lib/python3.12/site-packages/airflow/example_dags/tutorial_objectstorage.py took 0.082 seconds
[2025-01-18T00:33:00.522+0000] {processor.py:186} INFO - Started process (PID=21722) to work on /home/airflow/.local/lib/python3.12/site-packages/airflow/example_dags/tutorial_objectstorage.py
[2025-01-18T00:33:00.523+0000] {processor.py:914} INFO - Processing file /home/airflow/.local/lib/python3.12/site-packages/airflow/example_dags/tutorial_objectstorage.py for tasks to queue
[2025-01-18T00:33:00.525+0000] {logging_mixin.py:190} INFO - [2025-01-18T00:33:00.525+0000] {dagbag.py:588} INFO - Filling up the DagBag from /home/airflow/.local/lib/python3.12/site-packages/airflow/example_dags/tutorial_objectstorage.py
[2025-01-18T00:33:00.536+0000] {processor.py:925} INFO - DAG(s) 'tutorial_objectstorage' retrieved from /home/airflow/.local/lib/python3.12/site-packages/airflow/example_dags/tutorial_objectstorage.py
[2025-01-18T00:33:00.563+0000] {logging_mixin.py:190} INFO - [2025-01-18T00:33:00.562+0000] {dag.py:3239} INFO - Sync 1 DAGs
[2025-01-18T00:33:00.585+0000] {logging_mixin.py:190} INFO - [2025-01-18T00:33:00.585+0000] {dag.py:4180} INFO - Setting next_dagrun for tutorial_objectstorage to None, run_after=None
[2025-01-18T00:33:00.611+0000] {processor.py:208} INFO - Processing /home/airflow/.local/lib/python3.12/site-packages/airflow/example_dags/tutorial_objectstorage.py took 0.096 seconds
[2025-01-18T00:33:30.846+0000] {processor.py:186} INFO - Started process (PID=21789) to work on /home/airflow/.local/lib/python3.12/site-packages/airflow/example_dags/tutorial_objectstorage.py
[2025-01-18T00:33:30.848+0000] {processor.py:914} INFO - Processing file /home/airflow/.local/lib/python3.12/site-packages/airflow/example_dags/tutorial_objectstorage.py for tasks to queue
[2025-01-18T00:33:30.851+0000] {logging_mixin.py:190} INFO - [2025-01-18T00:33:30.850+0000] {dagbag.py:588} INFO - Filling up the DagBag from /home/airflow/.local/lib/python3.12/site-packages/airflow/example_dags/tutorial_objectstorage.py
[2025-01-18T00:33:30.863+0000] {processor.py:925} INFO - DAG(s) 'tutorial_objectstorage' retrieved from /home/airflow/.local/lib/python3.12/site-packages/airflow/example_dags/tutorial_objectstorage.py
[2025-01-18T00:33:30.893+0000] {logging_mixin.py:190} INFO - [2025-01-18T00:33:30.893+0000] {dag.py:3239} INFO - Sync 1 DAGs
[2025-01-18T00:33:30.914+0000] {logging_mixin.py:190} INFO - [2025-01-18T00:33:30.914+0000] {dag.py:4180} INFO - Setting next_dagrun for tutorial_objectstorage to None, run_after=None
[2025-01-18T00:33:30.946+0000] {processor.py:208} INFO - Processing /home/airflow/.local/lib/python3.12/site-packages/airflow/example_dags/tutorial_objectstorage.py took 0.109 seconds
[2025-01-18T00:34:01.063+0000] {processor.py:186} INFO - Started process (PID=21856) to work on /home/airflow/.local/lib/python3.12/site-packages/airflow/example_dags/tutorial_objectstorage.py
[2025-01-18T00:34:01.064+0000] {processor.py:914} INFO - Processing file /home/airflow/.local/lib/python3.12/site-packages/airflow/example_dags/tutorial_objectstorage.py for tasks to queue
[2025-01-18T00:34:01.066+0000] {logging_mixin.py:190} INFO - [2025-01-18T00:34:01.066+0000] {dagbag.py:588} INFO - Filling up the DagBag from /home/airflow/.local/lib/python3.12/site-packages/airflow/example_dags/tutorial_objectstorage.py
[2025-01-18T00:34:01.076+0000] {processor.py:925} INFO - DAG(s) 'tutorial_objectstorage' retrieved from /home/airflow/.local/lib/python3.12/site-packages/airflow/example_dags/tutorial_objectstorage.py
[2025-01-18T00:34:01.097+0000] {logging_mixin.py:190} INFO - [2025-01-18T00:34:01.097+0000] {dag.py:3239} INFO - Sync 1 DAGs
[2025-01-18T00:34:01.118+0000] {logging_mixin.py:190} INFO - [2025-01-18T00:34:01.118+0000] {dag.py:4180} INFO - Setting next_dagrun for tutorial_objectstorage to None, run_after=None
[2025-01-18T00:34:01.149+0000] {processor.py:208} INFO - Processing /home/airflow/.local/lib/python3.12/site-packages/airflow/example_dags/tutorial_objectstorage.py took 0.092 seconds
[2025-01-18T00:34:31.309+0000] {processor.py:186} INFO - Started process (PID=21930) to work on /home/airflow/.local/lib/python3.12/site-packages/airflow/example_dags/tutorial_objectstorage.py
[2025-01-18T00:34:31.310+0000] {processor.py:914} INFO - Processing file /home/airflow/.local/lib/python3.12/site-packages/airflow/example_dags/tutorial_objectstorage.py for tasks to queue
[2025-01-18T00:34:31.317+0000] {logging_mixin.py:190} INFO - [2025-01-18T00:34:31.315+0000] {dagbag.py:588} INFO - Filling up the DagBag from /home/airflow/.local/lib/python3.12/site-packages/airflow/example_dags/tutorial_objectstorage.py
[2025-01-18T00:34:31.333+0000] {processor.py:925} INFO - DAG(s) 'tutorial_objectstorage' retrieved from /home/airflow/.local/lib/python3.12/site-packages/airflow/example_dags/tutorial_objectstorage.py
[2025-01-18T00:34:31.371+0000] {logging_mixin.py:190} INFO - [2025-01-18T00:34:31.370+0000] {dag.py:3239} INFO - Sync 1 DAGs
[2025-01-18T00:34:31.405+0000] {logging_mixin.py:190} INFO - [2025-01-18T00:34:31.404+0000] {dag.py:4180} INFO - Setting next_dagrun for tutorial_objectstorage to None, run_after=None
[2025-01-18T00:34:31.439+0000] {processor.py:208} INFO - Processing /home/airflow/.local/lib/python3.12/site-packages/airflow/example_dags/tutorial_objectstorage.py took 0.138 seconds
[2025-01-18T00:35:01.598+0000] {processor.py:186} INFO - Started process (PID=21997) to work on /home/airflow/.local/lib/python3.12/site-packages/airflow/example_dags/tutorial_objectstorage.py
[2025-01-18T00:35:01.599+0000] {processor.py:914} INFO - Processing file /home/airflow/.local/lib/python3.12/site-packages/airflow/example_dags/tutorial_objectstorage.py for tasks to queue
[2025-01-18T00:35:01.602+0000] {logging_mixin.py:190} INFO - [2025-01-18T00:35:01.601+0000] {dagbag.py:588} INFO - Filling up the DagBag from /home/airflow/.local/lib/python3.12/site-packages/airflow/example_dags/tutorial_objectstorage.py
[2025-01-18T00:35:01.612+0000] {processor.py:925} INFO - DAG(s) 'tutorial_objectstorage' retrieved from /home/airflow/.local/lib/python3.12/site-packages/airflow/example_dags/tutorial_objectstorage.py
[2025-01-18T00:35:01.634+0000] {logging_mixin.py:190} INFO - [2025-01-18T00:35:01.634+0000] {dag.py:3239} INFO - Sync 1 DAGs
[2025-01-18T00:35:01.651+0000] {logging_mixin.py:190} INFO - [2025-01-18T00:35:01.651+0000] {dag.py:4180} INFO - Setting next_dagrun for tutorial_objectstorage to None, run_after=None
[2025-01-18T00:35:01.676+0000] {processor.py:208} INFO - Processing /home/airflow/.local/lib/python3.12/site-packages/airflow/example_dags/tutorial_objectstorage.py took 0.083 seconds
[2025-01-18T00:35:31.829+0000] {processor.py:186} INFO - Started process (PID=22064) to work on /home/airflow/.local/lib/python3.12/site-packages/airflow/example_dags/tutorial_objectstorage.py
[2025-01-18T00:35:31.831+0000] {processor.py:914} INFO - Processing file /home/airflow/.local/lib/python3.12/site-packages/airflow/example_dags/tutorial_objectstorage.py for tasks to queue
[2025-01-18T00:35:31.833+0000] {logging_mixin.py:190} INFO - [2025-01-18T00:35:31.833+0000] {dagbag.py:588} INFO - Filling up the DagBag from /home/airflow/.local/lib/python3.12/site-packages/airflow/example_dags/tutorial_objectstorage.py
[2025-01-18T00:35:31.844+0000] {processor.py:925} INFO - DAG(s) 'tutorial_objectstorage' retrieved from /home/airflow/.local/lib/python3.12/site-packages/airflow/example_dags/tutorial_objectstorage.py
[2025-01-18T00:35:31.866+0000] {logging_mixin.py:190} INFO - [2025-01-18T00:35:31.866+0000] {dag.py:3239} INFO - Sync 1 DAGs
[2025-01-18T00:35:31.886+0000] {logging_mixin.py:190} INFO - [2025-01-18T00:35:31.886+0000] {dag.py:4180} INFO - Setting next_dagrun for tutorial_objectstorage to None, run_after=None
[2025-01-18T00:35:31.911+0000] {processor.py:208} INFO - Processing /home/airflow/.local/lib/python3.12/site-packages/airflow/example_dags/tutorial_objectstorage.py took 0.088 seconds
