[2025-01-20T13:14:00.749+0000] {local_task_job_runner.py:123} INFO - ::group::Pre task execution logs
[2025-01-20T13:14:00.766+0000] {taskinstance.py:2613} INFO - Dependencies all met for dep_context=non-requeueable deps ti=<TaskInstance: spaceflight_data_ingest_v2.fetch_events scheduled__2025-01-19T00:00:00+00:00 [queued]>
[2025-01-20T13:14:00.773+0000] {taskinstance.py:2613} INFO - Dependencies all met for dep_context=requeueable deps ti=<TaskInstance: spaceflight_data_ingest_v2.fetch_events scheduled__2025-01-19T00:00:00+00:00 [queued]>
[2025-01-20T13:14:00.773+0000] {taskinstance.py:2866} INFO - Starting attempt 1 of 2
[2025-01-20T13:14:00.787+0000] {taskinstance.py:2889} INFO - Executing <Task(PythonOperator): fetch_events> on 2025-01-19 00:00:00+00:00
[2025-01-20T13:14:00.797+0000] {warnings.py:112} WARNING - /home/***/.local/lib/python3.12/site-packages/***/task/task_runner/standard_task_runner.py:70: DeprecationWarning: This process (pid=114) is multi-threaded, use of fork() may lead to deadlocks in the child.
  pid = os.fork()

[2025-01-20T13:14:00.798+0000] {standard_task_runner.py:72} INFO - Started process 116 to run task
[2025-01-20T13:14:00.798+0000] {standard_task_runner.py:104} INFO - Running: ['***', 'tasks', 'run', 'spaceflight_data_ingest_v2', 'fetch_events', 'scheduled__2025-01-19T00:00:00+00:00', '--job-id', '253', '--raw', '--subdir', 'DAGS_FOLDER/spaceflight_data_ingest_v2.py', '--cfg-path', '/tmp/tmpti_0gwzy']
[2025-01-20T13:14:00.799+0000] {standard_task_runner.py:105} INFO - Job 253: Subtask fetch_events
[2025-01-20T13:14:00.845+0000] {task_command.py:467} INFO - Running <TaskInstance: spaceflight_data_ingest_v2.fetch_events scheduled__2025-01-19T00:00:00+00:00 [running]> on host 59ff16f1d4fb
[2025-01-20T13:14:01.159+0000] {taskinstance.py:3132} INFO - Exporting env vars: AIRFLOW_CTX_DAG_OWNER='***' AIRFLOW_CTX_DAG_ID='spaceflight_data_ingest_v2' AIRFLOW_CTX_TASK_ID='fetch_events' AIRFLOW_CTX_EXECUTION_DATE='2025-01-19T00:00:00+00:00' AIRFLOW_CTX_TRY_NUMBER='1' AIRFLOW_CTX_DAG_RUN_ID='scheduled__2025-01-19T00:00:00+00:00'
[2025-01-20T13:14:01.160+0000] {logging_mixin.py:190} INFO - Task instance is in running state
[2025-01-20T13:14:01.160+0000] {logging_mixin.py:190} INFO -  Previous state of the Task instance: queued
[2025-01-20T13:14:01.160+0000] {logging_mixin.py:190} INFO - Current task name:fetch_events state:running start_date:2025-01-20 13:14:00.766589+00:00
[2025-01-20T13:14:01.160+0000] {logging_mixin.py:190} INFO - Dag name:spaceflight_data_ingest_v2 and current dag run status:running
[2025-01-20T13:14:01.160+0000] {taskinstance.py:731} INFO - ::endgroup::
[2025-01-20T13:14:01.476+0000] {spaceflight_data_ingest_v2.py:74} ERROR - Error al obtener events: 404
[2025-01-20T13:14:57.162+0000] {spaceflight_data_ingest_v2.py:74} ERROR - Error al obtener events: 404
[2025-01-20T13:15:52.867+0000] {spaceflight_data_ingest_v2.py:74} ERROR - Error al obtener events: 404
[2025-01-20T13:16:48.571+0000] {spaceflight_data_ingest_v2.py:74} ERROR - Error al obtener events: 404
[2025-01-20T13:17:44.341+0000] {spaceflight_data_ingest_v2.py:74} ERROR - Error al obtener events: 404
[2025-01-20T13:18:40.031+0000] {spaceflight_data_ingest_v2.py:74} ERROR - Error al obtener events: 404
[2025-01-20T13:19:35.696+0000] {spaceflight_data_ingest_v2.py:74} ERROR - Error al obtener events: 404
[2025-01-20T13:20:31.400+0000] {spaceflight_data_ingest_v2.py:74} ERROR - Error al obtener events: 404
[2025-01-20T13:21:27.110+0000] {spaceflight_data_ingest_v2.py:74} ERROR - Error al obtener events: 404
[2025-01-20T13:22:22.795+0000] {spaceflight_data_ingest_v2.py:74} ERROR - Error al obtener events: 404
[2025-01-20T13:23:18.590+0000] {spaceflight_data_ingest_v2.py:74} ERROR - Error al obtener events: 404
[2025-01-20T13:24:14.279+0000] {spaceflight_data_ingest_v2.py:74} ERROR - Error al obtener events: 404
[2025-01-20T13:25:10.002+0000] {spaceflight_data_ingest_v2.py:74} ERROR - Error al obtener events: 404
[2025-01-20T13:26:05.719+0000] {spaceflight_data_ingest_v2.py:74} ERROR - Error al obtener events: 404
[2025-01-20T13:27:01.423+0000] {spaceflight_data_ingest_v2.py:74} ERROR - Error al obtener events: 404
[2025-01-20T13:27:57.101+0000] {spaceflight_data_ingest_v2.py:74} ERROR - Error al obtener events: 404
[2025-01-20T13:28:52.894+0000] {spaceflight_data_ingest_v2.py:74} ERROR - Error al obtener events: 404
[2025-01-20T13:29:48.436+0000] {spaceflight_data_ingest_v2.py:74} ERROR - Error al obtener events: 404
[2025-01-20T13:30:44.123+0000] {spaceflight_data_ingest_v2.py:74} ERROR - Error al obtener events: 404
[2025-01-20T13:31:39.822+0000] {spaceflight_data_ingest_v2.py:74} ERROR - Error al obtener events: 404
[2025-01-20T13:32:35.582+0000] {spaceflight_data_ingest_v2.py:74} ERROR - Error al obtener events: 404
[2025-01-20T13:33:31.273+0000] {spaceflight_data_ingest_v2.py:74} ERROR - Error al obtener events: 404
[2025-01-20T13:34:27.069+0000] {spaceflight_data_ingest_v2.py:74} ERROR - Error al obtener events: 404
[2025-01-20T13:35:22.766+0000] {spaceflight_data_ingest_v2.py:74} ERROR - Error al obtener events: 404
[2025-01-20T13:36:18.489+0000] {spaceflight_data_ingest_v2.py:74} ERROR - Error al obtener events: 404
[2025-01-20T13:37:14.175+0000] {spaceflight_data_ingest_v2.py:74} ERROR - Error al obtener events: 404
[2025-01-20T13:38:09.907+0000] {spaceflight_data_ingest_v2.py:74} ERROR - Error al obtener events: 404
[2025-01-20T13:39:05.619+0000] {spaceflight_data_ingest_v2.py:74} ERROR - Error al obtener events: 404
[2025-01-20T13:40:01.444+0000] {spaceflight_data_ingest_v2.py:74} ERROR - Error al obtener events: 404
[2025-01-20T13:40:57.144+0000] {spaceflight_data_ingest_v2.py:74} ERROR - Error al obtener events: 404
[2025-01-20T13:41:52.841+0000] {spaceflight_data_ingest_v2.py:74} ERROR - Error al obtener events: 404
[2025-01-20T13:42:48.535+0000] {spaceflight_data_ingest_v2.py:74} ERROR - Error al obtener events: 404
[2025-01-20T13:43:44.231+0000] {spaceflight_data_ingest_v2.py:74} ERROR - Error al obtener events: 404
[2025-01-20T13:44:39.934+0000] {spaceflight_data_ingest_v2.py:74} ERROR - Error al obtener events: 404
[2025-01-20T13:45:35.718+0000] {spaceflight_data_ingest_v2.py:74} ERROR - Error al obtener events: 404
[2025-01-20T13:46:31.421+0000] {spaceflight_data_ingest_v2.py:74} ERROR - Error al obtener events: 404
[2025-01-20T13:47:27.121+0000] {spaceflight_data_ingest_v2.py:74} ERROR - Error al obtener events: 404
[2025-01-20T13:48:22.813+0000] {spaceflight_data_ingest_v2.py:74} ERROR - Error al obtener events: 404
[2025-01-20T13:49:18.506+0000] {spaceflight_data_ingest_v2.py:74} ERROR - Error al obtener events: 404
[2025-01-20T13:50:14.220+0000] {spaceflight_data_ingest_v2.py:74} ERROR - Error al obtener events: 404
[2025-01-20T13:51:10.010+0000] {spaceflight_data_ingest_v2.py:74} ERROR - Error al obtener events: 404
[2025-01-20T13:52:05.717+0000] {spaceflight_data_ingest_v2.py:74} ERROR - Error al obtener events: 404
[2025-01-20T13:53:01.393+0000] {spaceflight_data_ingest_v2.py:74} ERROR - Error al obtener events: 404
[2025-01-20T13:53:57.097+0000] {spaceflight_data_ingest_v2.py:74} ERROR - Error al obtener events: 404
[2025-01-20T13:54:52.780+0000] {spaceflight_data_ingest_v2.py:74} ERROR - Error al obtener events: 404
[2025-01-20T13:55:48.477+0000] {spaceflight_data_ingest_v2.py:74} ERROR - Error al obtener events: 404
[2025-01-20T13:56:44.003+0000] {spaceflight_data_ingest_v2.py:77} ERROR - Error en la solicitud: HTTPSConnectionPool(host='api.spaceflightnewsapi.net', port=443): Max retries exceeded with url: /v4/events/?limit=10&offset=0 (Caused by NameResolutionError("<urllib3.connection.HTTPSConnection object at 0x7f6769c59850>: Failed to resolve 'api.spaceflightnewsapi.net' ([Errno -2] Name or service not known)"))
[2025-01-20T13:56:44.004+0000] {spaceflight_data_ingest_v2.py:81} INFO - Reintentando... intento 1/5
[2025-01-20T13:56:46.707+0000] {spaceflight_data_ingest_v2.py:81} INFO - Reintentando... intento 2/5
[2025-01-20T13:56:51.709+0000] {spaceflight_data_ingest_v2.py:81} INFO - Reintentando... intento 3/5
[2025-01-20T13:56:56.712+0000] {spaceflight_data_ingest_v2.py:81} INFO - Reintentando... intento 4/5
[2025-01-20T13:57:01.713+0000] {spaceflight_data_ingest_v2.py:81} INFO - Reintentando... intento 5/5
[2025-01-20T13:57:07.091+0000] {spaceflight_data_ingest_v2.py:74} ERROR - Error al obtener events: 404
[2025-01-20T13:58:02.860+0000] {spaceflight_data_ingest_v2.py:74} ERROR - Error al obtener events: 404
[2025-01-20T13:58:58.716+0000] {spaceflight_data_ingest_v2.py:74} ERROR - Error al obtener events: 404
[2025-01-20T13:59:54.435+0000] {spaceflight_data_ingest_v2.py:74} ERROR - Error al obtener events: 404
[2025-01-20T14:00:50.143+0000] {spaceflight_data_ingest_v2.py:74} ERROR - Error al obtener events: 404
[2025-01-20T14:01:45.914+0000] {spaceflight_data_ingest_v2.py:74} ERROR - Error al obtener events: 404
[2025-01-20T14:02:41.619+0000] {spaceflight_data_ingest_v2.py:74} ERROR - Error al obtener events: 404
[2025-01-20T14:03:37.327+0000] {spaceflight_data_ingest_v2.py:74} ERROR - Error al obtener events: 404
[2025-01-20T14:04:33.031+0000] {spaceflight_data_ingest_v2.py:74} ERROR - Error al obtener events: 404
[2025-01-20T14:05:28.749+0000] {spaceflight_data_ingest_v2.py:74} ERROR - Error al obtener events: 404
[2025-01-20T14:06:24.448+0000] {spaceflight_data_ingest_v2.py:74} ERROR - Error al obtener events: 404
[2025-01-20T14:07:20.239+0000] {spaceflight_data_ingest_v2.py:74} ERROR - Error al obtener events: 404
[2025-01-20T14:08:15.936+0000] {spaceflight_data_ingest_v2.py:74} ERROR - Error al obtener events: 404
[2025-01-20T14:09:11.656+0000] {spaceflight_data_ingest_v2.py:74} ERROR - Error al obtener events: 404
[2025-01-20T14:10:07.360+0000] {spaceflight_data_ingest_v2.py:74} ERROR - Error al obtener events: 404
[2025-01-20T14:11:00.751+0000] {spaceflight_data_ingest_v2.py:74} ERROR - Error al obtener events: 404
[2025-01-20T14:11:56.289+0000] {spaceflight_data_ingest_v2.py:74} ERROR - Error al obtener events: 404
[2025-01-20T14:12:52.098+0000] {spaceflight_data_ingest_v2.py:74} ERROR - Error al obtener events: 404
[2025-01-20T14:13:47.805+0000] {spaceflight_data_ingest_v2.py:74} ERROR - Error al obtener events: 404
[2025-01-20T14:14:43.502+0000] {spaceflight_data_ingest_v2.py:74} ERROR - Error al obtener events: 404
[2025-01-20T14:15:39.204+0000] {spaceflight_data_ingest_v2.py:74} ERROR - Error al obtener events: 404
[2025-01-20T14:16:34.885+0000] {spaceflight_data_ingest_v2.py:74} ERROR - Error al obtener events: 404
[2025-01-20T14:17:30.595+0000] {spaceflight_data_ingest_v2.py:74} ERROR - Error al obtener events: 404
[2025-01-20T14:18:26.384+0000] {spaceflight_data_ingest_v2.py:74} ERROR - Error al obtener events: 404
[2025-01-20T14:19:22.074+0000] {spaceflight_data_ingest_v2.py:74} ERROR - Error al obtener events: 404
[2025-01-20T14:20:17.770+0000] {spaceflight_data_ingest_v2.py:74} ERROR - Error al obtener events: 404
[2025-01-20T14:21:13.520+0000] {spaceflight_data_ingest_v2.py:74} ERROR - Error al obtener events: 404
[2025-01-20T14:22:09.207+0000] {spaceflight_data_ingest_v2.py:74} ERROR - Error al obtener events: 404
[2025-01-20T14:23:04.921+0000] {spaceflight_data_ingest_v2.py:74} ERROR - Error al obtener events: 404
[2025-01-20T14:24:00.730+0000] {spaceflight_data_ingest_v2.py:74} ERROR - Error al obtener events: 404
[2025-01-20T14:24:56.419+0000] {spaceflight_data_ingest_v2.py:74} ERROR - Error al obtener events: 404
[2025-01-20T14:25:54.644+0000] {spaceflight_data_ingest_v2.py:74} ERROR - Error al obtener events: 404
[2025-01-20T14:26:50.324+0000] {spaceflight_data_ingest_v2.py:74} ERROR - Error al obtener events: 404
[2025-01-20T14:27:46.044+0000] {spaceflight_data_ingest_v2.py:74} ERROR - Error al obtener events: 404
[2025-01-20T14:28:41.713+0000] {spaceflight_data_ingest_v2.py:74} ERROR - Error al obtener events: 404
[2025-01-20T14:29:37.498+0000] {spaceflight_data_ingest_v2.py:74} ERROR - Error al obtener events: 404
[2025-01-20T14:30:33.193+0000] {spaceflight_data_ingest_v2.py:74} ERROR - Error al obtener events: 404
[2025-01-20T14:31:28.882+0000] {spaceflight_data_ingest_v2.py:74} ERROR - Error al obtener events: 404
[2025-01-20T14:32:24.579+0000] {spaceflight_data_ingest_v2.py:74} ERROR - Error al obtener events: 404
[2025-01-20T14:33:20.292+0000] {spaceflight_data_ingest_v2.py:74} ERROR - Error al obtener events: 404
[2025-01-20T14:34:15.974+0000] {spaceflight_data_ingest_v2.py:74} ERROR - Error al obtener events: 404
[2025-01-20T14:35:11.784+0000] {spaceflight_data_ingest_v2.py:74} ERROR - Error al obtener events: 404
[2025-01-20T14:36:07.484+0000] {spaceflight_data_ingest_v2.py:74} ERROR - Error al obtener events: 404
[2025-01-20T14:37:03.266+0000] {spaceflight_data_ingest_v2.py:74} ERROR - Error al obtener events: 404
[2025-01-20T14:38:00.385+0000] {spaceflight_data_ingest_v2.py:74} ERROR - Error al obtener events: 404
[2025-01-20T14:38:56.087+0000] {spaceflight_data_ingest_v2.py:74} ERROR - Error al obtener events: 404
[2025-01-20T14:39:51.775+0000] {spaceflight_data_ingest_v2.py:74} ERROR - Error al obtener events: 404
[2025-01-20T14:40:47.543+0000] {spaceflight_data_ingest_v2.py:74} ERROR - Error al obtener events: 404
[2025-01-20T14:41:43.265+0000] {spaceflight_data_ingest_v2.py:74} ERROR - Error al obtener events: 404
[2025-01-20T14:42:38.966+0000] {spaceflight_data_ingest_v2.py:74} ERROR - Error al obtener events: 404
[2025-01-20T14:43:34.667+0000] {spaceflight_data_ingest_v2.py:74} ERROR - Error al obtener events: 404
[2025-01-20T14:44:30.356+0000] {spaceflight_data_ingest_v2.py:74} ERROR - Error al obtener events: 404
[2025-01-20T14:45:26.082+0000] {spaceflight_data_ingest_v2.py:74} ERROR - Error al obtener events: 404
[2025-01-20T14:46:21.900+0000] {spaceflight_data_ingest_v2.py:74} ERROR - Error al obtener events: 404
[2025-01-20T14:47:17.615+0000] {spaceflight_data_ingest_v2.py:74} ERROR - Error al obtener events: 404
[2025-01-20T14:48:13.303+0000] {spaceflight_data_ingest_v2.py:74} ERROR - Error al obtener events: 404
[2025-01-20T14:49:09.004+0000] {spaceflight_data_ingest_v2.py:74} ERROR - Error al obtener events: 404
[2025-01-20T14:50:04.717+0000] {spaceflight_data_ingest_v2.py:74} ERROR - Error al obtener events: 404
[2025-01-20T14:51:00.427+0000] {spaceflight_data_ingest_v2.py:74} ERROR - Error al obtener events: 404
[2025-01-20T14:51:56.214+0000] {spaceflight_data_ingest_v2.py:74} ERROR - Error al obtener events: 404
[2025-01-20T14:52:51.895+0000] {spaceflight_data_ingest_v2.py:74} ERROR - Error al obtener events: 404
[2025-01-20T14:53:47.612+0000] {spaceflight_data_ingest_v2.py:74} ERROR - Error al obtener events: 404
[2025-01-20T14:54:43.324+0000] {spaceflight_data_ingest_v2.py:74} ERROR - Error al obtener events: 404
[2025-01-20T14:55:39.055+0000] {spaceflight_data_ingest_v2.py:74} ERROR - Error al obtener events: 404
[2025-01-20T14:56:34.748+0000] {spaceflight_data_ingest_v2.py:74} ERROR - Error al obtener events: 404
[2025-01-20T14:57:30.538+0000] {spaceflight_data_ingest_v2.py:74} ERROR - Error al obtener events: 404
[2025-01-20T14:58:26.224+0000] {spaceflight_data_ingest_v2.py:74} ERROR - Error al obtener events: 404
[2025-01-20T14:59:21.926+0000] {spaceflight_data_ingest_v2.py:74} ERROR - Error al obtener events: 404
[2025-01-20T15:00:17.625+0000] {spaceflight_data_ingest_v2.py:74} ERROR - Error al obtener events: 404
[2025-01-20T15:01:13.326+0000] {spaceflight_data_ingest_v2.py:74} ERROR - Error al obtener events: 404
[2025-01-20T15:02:09.017+0000] {spaceflight_data_ingest_v2.py:74} ERROR - Error al obtener events: 404
[2025-01-20T15:03:04.644+0000] {spaceflight_data_ingest_v2.py:74} ERROR - Error al obtener events: 404
[2025-01-20T15:04:00.453+0000] {spaceflight_data_ingest_v2.py:74} ERROR - Error al obtener events: 404
[2025-01-20T15:04:56.158+0000] {spaceflight_data_ingest_v2.py:74} ERROR - Error al obtener events: 404
[2025-01-20T15:05:51.852+0000] {spaceflight_data_ingest_v2.py:74} ERROR - Error al obtener events: 404
[2025-01-20T15:06:47.533+0000] {spaceflight_data_ingest_v2.py:74} ERROR - Error al obtener events: 404
[2025-01-20T15:07:43.230+0000] {spaceflight_data_ingest_v2.py:74} ERROR - Error al obtener events: 404
[2025-01-20T15:08:39.015+0000] {spaceflight_data_ingest_v2.py:74} ERROR - Error al obtener events: 404
[2025-01-20T15:09:34.720+0000] {spaceflight_data_ingest_v2.py:74} ERROR - Error al obtener events: 404
[2025-01-20T15:10:30.269+0000] {spaceflight_data_ingest_v2.py:74} ERROR - Error al obtener events: 404
[2025-01-20T15:11:25.950+0000] {spaceflight_data_ingest_v2.py:74} ERROR - Error al obtener events: 404
[2025-01-20T15:12:21.655+0000] {spaceflight_data_ingest_v2.py:74} ERROR - Error al obtener events: 404
[2025-01-20T15:13:17.519+0000] {spaceflight_data_ingest_v2.py:74} ERROR - Error al obtener events: 404
[2025-01-20T15:14:13.291+0000] {spaceflight_data_ingest_v2.py:74} ERROR - Error al obtener events: 404
[2025-01-20T15:15:08.979+0000] {spaceflight_data_ingest_v2.py:74} ERROR - Error al obtener events: 404
[2025-01-20T15:16:04.681+0000] {spaceflight_data_ingest_v2.py:74} ERROR - Error al obtener events: 404
[2025-01-20T15:17:00.385+0000] {spaceflight_data_ingest_v2.py:74} ERROR - Error al obtener events: 404
[2025-01-20T15:17:56.100+0000] {spaceflight_data_ingest_v2.py:74} ERROR - Error al obtener events: 404
[2025-01-20T15:18:51.812+0000] {spaceflight_data_ingest_v2.py:74} ERROR - Error al obtener events: 404
[2025-01-20T15:19:47.635+0000] {spaceflight_data_ingest_v2.py:74} ERROR - Error al obtener events: 404
[2025-01-20T15:20:43.325+0000] {spaceflight_data_ingest_v2.py:74} ERROR - Error al obtener events: 404
[2025-01-20T15:21:39.007+0000] {spaceflight_data_ingest_v2.py:74} ERROR - Error al obtener events: 404
[2025-01-20T15:22:34.708+0000] {spaceflight_data_ingest_v2.py:74} ERROR - Error al obtener events: 404
[2025-01-20T15:23:30.409+0000] {spaceflight_data_ingest_v2.py:74} ERROR - Error al obtener events: 404
[2025-01-20T15:24:26.122+0000] {spaceflight_data_ingest_v2.py:74} ERROR - Error al obtener events: 404
[2025-01-20T15:25:19.604+0000] {spaceflight_data_ingest_v2.py:74} ERROR - Error al obtener events: 404
[2025-01-20T15:26:15.302+0000] {spaceflight_data_ingest_v2.py:74} ERROR - Error al obtener events: 404
[2025-01-20T15:27:10.974+0000] {spaceflight_data_ingest_v2.py:74} ERROR - Error al obtener events: 404
[2025-01-20T15:28:06.702+0000] {spaceflight_data_ingest_v2.py:74} ERROR - Error al obtener events: 404
[2025-01-20T15:29:02.390+0000] {spaceflight_data_ingest_v2.py:74} ERROR - Error al obtener events: 404
[2025-01-20T15:29:58.097+0000] {spaceflight_data_ingest_v2.py:74} ERROR - Error al obtener events: 404
[2025-01-20T15:30:53.866+0000] {spaceflight_data_ingest_v2.py:74} ERROR - Error al obtener events: 404
[2025-01-20T15:31:49.569+0000] {spaceflight_data_ingest_v2.py:74} ERROR - Error al obtener events: 404
[2025-01-20T15:32:45.276+0000] {spaceflight_data_ingest_v2.py:74} ERROR - Error al obtener events: 404
[2025-01-20T15:33:40.989+0000] {spaceflight_data_ingest_v2.py:74} ERROR - Error al obtener events: 404
[2025-01-20T15:34:36.683+0000] {spaceflight_data_ingest_v2.py:74} ERROR - Error al obtener events: 404
[2025-01-20T15:35:32.389+0000] {spaceflight_data_ingest_v2.py:74} ERROR - Error al obtener events: 404
[2025-01-20T15:36:28.165+0000] {spaceflight_data_ingest_v2.py:74} ERROR - Error al obtener events: 404
[2025-01-20T15:37:23.863+0000] {spaceflight_data_ingest_v2.py:74} ERROR - Error al obtener events: 404
[2025-01-20T15:38:19.588+0000] {spaceflight_data_ingest_v2.py:74} ERROR - Error al obtener events: 404
[2025-01-20T15:39:15.270+0000] {spaceflight_data_ingest_v2.py:74} ERROR - Error al obtener events: 404
[2025-01-20T15:40:10.981+0000] {spaceflight_data_ingest_v2.py:74} ERROR - Error al obtener events: 404
[2025-01-20T15:41:06.703+0000] {spaceflight_data_ingest_v2.py:74} ERROR - Error al obtener events: 404
[2025-01-20T15:42:02.477+0000] {spaceflight_data_ingest_v2.py:74} ERROR - Error al obtener events: 404
[2025-01-20T15:42:58.190+0000] {spaceflight_data_ingest_v2.py:74} ERROR - Error al obtener events: 404
[2025-01-20T15:43:53.873+0000] {spaceflight_data_ingest_v2.py:74} ERROR - Error al obtener events: 404
[2025-01-20T15:44:49.597+0000] {spaceflight_data_ingest_v2.py:74} ERROR - Error al obtener events: 404
[2025-01-20T15:45:45.320+0000] {spaceflight_data_ingest_v2.py:74} ERROR - Error al obtener events: 404
[2025-01-20T15:46:41.008+0000] {spaceflight_data_ingest_v2.py:74} ERROR - Error al obtener events: 404
[2025-01-20T15:47:36.843+0000] {spaceflight_data_ingest_v2.py:74} ERROR - Error al obtener events: 404
[2025-01-20T15:48:32.553+0000] {spaceflight_data_ingest_v2.py:74} ERROR - Error al obtener events: 404
[2025-01-20T15:49:28.277+0000] {spaceflight_data_ingest_v2.py:74} ERROR - Error al obtener events: 404
[2025-01-20T15:50:23.823+0000] {spaceflight_data_ingest_v2.py:74} ERROR - Error al obtener events: 404
[2025-01-20T15:51:19.541+0000] {spaceflight_data_ingest_v2.py:74} ERROR - Error al obtener events: 404
[2025-01-20T15:52:15.245+0000] {spaceflight_data_ingest_v2.py:74} ERROR - Error al obtener events: 404
[2025-01-20T15:53:11.107+0000] {spaceflight_data_ingest_v2.py:74} ERROR - Error al obtener events: 404
[2025-01-20T15:54:06.821+0000] {spaceflight_data_ingest_v2.py:74} ERROR - Error al obtener events: 404
[2025-01-20T15:55:02.565+0000] {spaceflight_data_ingest_v2.py:74} ERROR - Error al obtener events: 404
[2025-01-20T15:55:58.310+0000] {spaceflight_data_ingest_v2.py:74} ERROR - Error al obtener events: 404
[2025-01-20T15:56:54.030+0000] {spaceflight_data_ingest_v2.py:74} ERROR - Error al obtener events: 404
[2025-01-20T15:57:49.744+0000] {spaceflight_data_ingest_v2.py:74} ERROR - Error al obtener events: 404
[2025-01-20T15:58:45.533+0000] {spaceflight_data_ingest_v2.py:74} ERROR - Error al obtener events: 404
[2025-01-20T15:59:41.240+0000] {spaceflight_data_ingest_v2.py:74} ERROR - Error al obtener events: 404
[2025-01-20T16:00:36.936+0000] {spaceflight_data_ingest_v2.py:74} ERROR - Error al obtener events: 404
[2025-01-20T16:01:32.645+0000] {spaceflight_data_ingest_v2.py:74} ERROR - Error al obtener events: 404
[2025-01-20T16:02:28.367+0000] {spaceflight_data_ingest_v2.py:74} ERROR - Error al obtener events: 404
[2025-01-20T16:03:24.093+0000] {spaceflight_data_ingest_v2.py:74} ERROR - Error al obtener events: 404
[2025-01-20T16:04:19.873+0000] {spaceflight_data_ingest_v2.py:74} ERROR - Error al obtener events: 404
[2025-01-20T16:05:15.623+0000] {spaceflight_data_ingest_v2.py:74} ERROR - Error al obtener events: 404
[2025-01-20T16:06:11.333+0000] {spaceflight_data_ingest_v2.py:74} ERROR - Error al obtener events: 404
[2025-01-20T16:07:07.064+0000] {spaceflight_data_ingest_v2.py:74} ERROR - Error al obtener events: 404
[2025-01-20T16:08:02.793+0000] {spaceflight_data_ingest_v2.py:74} ERROR - Error al obtener events: 404
[2025-01-20T16:08:58.509+0000] {spaceflight_data_ingest_v2.py:74} ERROR - Error al obtener events: 404
[2025-01-20T16:09:54.324+0000] {spaceflight_data_ingest_v2.py:74} ERROR - Error al obtener events: 404
[2025-01-20T16:10:50.087+0000] {spaceflight_data_ingest_v2.py:74} ERROR - Error al obtener events: 404
[2025-01-20T16:11:45.809+0000] {spaceflight_data_ingest_v2.py:74} ERROR - Error al obtener events: 404
[2025-01-20T16:12:41.512+0000] {spaceflight_data_ingest_v2.py:74} ERROR - Error al obtener events: 404
[2025-01-20T16:13:37.273+0000] {spaceflight_data_ingest_v2.py:74} ERROR - Error al obtener events: 404
[2025-01-20T16:14:32.961+0000] {spaceflight_data_ingest_v2.py:74} ERROR - Error al obtener events: 404
[2025-01-20T16:15:28.759+0000] {spaceflight_data_ingest_v2.py:74} ERROR - Error al obtener events: 404
[2025-01-20T16:16:24.453+0000] {spaceflight_data_ingest_v2.py:74} ERROR - Error al obtener events: 404
[2025-01-20T16:17:20.140+0000] {spaceflight_data_ingest_v2.py:74} ERROR - Error al obtener events: 404
[2025-01-20T16:18:15.870+0000] {spaceflight_data_ingest_v2.py:74} ERROR - Error al obtener events: 404
[2025-01-20T16:19:11.585+0000] {spaceflight_data_ingest_v2.py:74} ERROR - Error al obtener events: 404
[2025-01-20T16:20:07.289+0000] {spaceflight_data_ingest_v2.py:74} ERROR - Error al obtener events: 404
[2025-01-20T16:21:03.099+0000] {spaceflight_data_ingest_v2.py:74} ERROR - Error al obtener events: 404
[2025-01-20T16:21:58.825+0000] {spaceflight_data_ingest_v2.py:74} ERROR - Error al obtener events: 404
[2025-01-20T16:22:54.396+0000] {spaceflight_data_ingest_v2.py:74} ERROR - Error al obtener events: 404
[2025-01-20T16:23:50.095+0000] {spaceflight_data_ingest_v2.py:74} ERROR - Error al obtener events: 404
[2025-01-20T16:24:45.806+0000] {spaceflight_data_ingest_v2.py:74} ERROR - Error al obtener events: 404
[2025-01-20T16:25:41.523+0000] {spaceflight_data_ingest_v2.py:74} ERROR - Error al obtener events: 404
[2025-01-20T16:26:37.336+0000] {spaceflight_data_ingest_v2.py:74} ERROR - Error al obtener events: 404
[2025-01-20T16:27:33.030+0000] {spaceflight_data_ingest_v2.py:74} ERROR - Error al obtener events: 404
[2025-01-20T16:28:28.744+0000] {spaceflight_data_ingest_v2.py:74} ERROR - Error al obtener events: 404
[2025-01-20T16:29:24.460+0000] {spaceflight_data_ingest_v2.py:74} ERROR - Error al obtener events: 404
[2025-01-20T16:30:20.164+0000] {spaceflight_data_ingest_v2.py:74} ERROR - Error al obtener events: 404
[2025-01-20T16:31:16.748+0000] {spaceflight_data_ingest_v2.py:74} ERROR - Error al obtener events: 404
[2025-01-20T16:32:12.787+0000] {spaceflight_data_ingest_v2.py:74} ERROR - Error al obtener events: 404
[2025-01-20T16:33:08.532+0000] {spaceflight_data_ingest_v2.py:74} ERROR - Error al obtener events: 404
[2025-01-20T16:34:04.095+0000] {spaceflight_data_ingest_v2.py:74} ERROR - Error al obtener events: 404
[2025-01-20T16:34:59.846+0000] {spaceflight_data_ingest_v2.py:74} ERROR - Error al obtener events: 404
[2025-01-20T16:35:55.571+0000] {spaceflight_data_ingest_v2.py:74} ERROR - Error al obtener events: 404
[2025-01-20T16:36:51.278+0000] {spaceflight_data_ingest_v2.py:74} ERROR - Error al obtener events: 404
[2025-01-20T16:37:47.057+0000] {spaceflight_data_ingest_v2.py:74} ERROR - Error al obtener events: 404
[2025-01-20T16:38:42.777+0000] {spaceflight_data_ingest_v2.py:74} ERROR - Error al obtener events: 404
[2025-01-20T16:39:38.491+0000] {spaceflight_data_ingest_v2.py:74} ERROR - Error al obtener events: 404
[2025-01-20T16:40:34.202+0000] {spaceflight_data_ingest_v2.py:74} ERROR - Error al obtener events: 404
[2025-01-20T16:41:29.894+0000] {spaceflight_data_ingest_v2.py:74} ERROR - Error al obtener events: 404
[2025-01-20T16:42:25.481+0000] {spaceflight_data_ingest_v2.py:74} ERROR - Error al obtener events: 404
[2025-01-20T16:43:21.272+0000] {spaceflight_data_ingest_v2.py:74} ERROR - Error al obtener events: 404
[2025-01-20T16:44:16.998+0000] {spaceflight_data_ingest_v2.py:74} ERROR - Error al obtener events: 404
[2025-01-20T16:45:12.701+0000] {spaceflight_data_ingest_v2.py:74} ERROR - Error al obtener events: 404
[2025-01-20T16:46:06.095+0000] {spaceflight_data_ingest_v2.py:74} ERROR - Error al obtener events: 404
[2025-01-20T16:47:01.833+0000] {spaceflight_data_ingest_v2.py:74} ERROR - Error al obtener events: 404
[2025-01-20T16:47:57.549+0000] {spaceflight_data_ingest_v2.py:74} ERROR - Error al obtener events: 404
[2025-01-20T16:48:53.339+0000] {spaceflight_data_ingest_v2.py:74} ERROR - Error al obtener events: 404
[2025-01-20T16:49:49.083+0000] {spaceflight_data_ingest_v2.py:74} ERROR - Error al obtener events: 404
[2025-01-20T16:50:44.776+0000] {spaceflight_data_ingest_v2.py:74} ERROR - Error al obtener events: 404
[2025-01-20T16:51:40.515+0000] {spaceflight_data_ingest_v2.py:74} ERROR - Error al obtener events: 404
[2025-01-20T16:52:36.210+0000] {spaceflight_data_ingest_v2.py:74} ERROR - Error al obtener events: 404
[2025-01-20T16:53:31.936+0000] {spaceflight_data_ingest_v2.py:74} ERROR - Error al obtener events: 404
[2025-01-20T16:54:27.719+0000] {spaceflight_data_ingest_v2.py:74} ERROR - Error al obtener events: 404
[2025-01-20T16:55:23.433+0000] {spaceflight_data_ingest_v2.py:74} ERROR - Error al obtener events: 404
[2025-01-20T16:56:19.125+0000] {spaceflight_data_ingest_v2.py:74} ERROR - Error al obtener events: 404
[2025-01-20T16:57:14.827+0000] {spaceflight_data_ingest_v2.py:74} ERROR - Error al obtener events: 404
[2025-01-20T16:58:10.532+0000] {spaceflight_data_ingest_v2.py:74} ERROR - Error al obtener events: 404
[2025-01-20T16:59:06.305+0000] {spaceflight_data_ingest_v2.py:74} ERROR - Error al obtener events: 404
[2025-01-20T17:00:03.276+0000] {spaceflight_data_ingest_v2.py:74} ERROR - Error al obtener events: 404
[2025-01-20T17:00:58.975+0000] {spaceflight_data_ingest_v2.py:74} ERROR - Error al obtener events: 404
[2025-01-20T17:01:54.675+0000] {spaceflight_data_ingest_v2.py:74} ERROR - Error al obtener events: 404
[2025-01-20T17:02:50.400+0000] {spaceflight_data_ingest_v2.py:74} ERROR - Error al obtener events: 404
[2025-01-20T17:03:46.114+0000] {spaceflight_data_ingest_v2.py:74} ERROR - Error al obtener events: 404
[2025-01-20T17:04:41.837+0000] {spaceflight_data_ingest_v2.py:74} ERROR - Error al obtener events: 404
[2025-01-20T17:05:37.644+0000] {spaceflight_data_ingest_v2.py:74} ERROR - Error al obtener events: 404
[2025-01-20T17:06:33.346+0000] {spaceflight_data_ingest_v2.py:74} ERROR - Error al obtener events: 404
[2025-01-20T17:07:29.059+0000] {spaceflight_data_ingest_v2.py:74} ERROR - Error al obtener events: 404
[2025-01-20T17:08:24.973+0000] {spaceflight_data_ingest_v2.py:74} ERROR - Error al obtener events: 404
[2025-01-20T17:09:20.695+0000] {spaceflight_data_ingest_v2.py:74} ERROR - Error al obtener events: 404
[2025-01-20T17:10:16.385+0000] {spaceflight_data_ingest_v2.py:74} ERROR - Error al obtener events: 404
[2025-01-20T17:11:12.178+0000] {spaceflight_data_ingest_v2.py:74} ERROR - Error al obtener events: 404
[2025-01-20T17:12:07.875+0000] {spaceflight_data_ingest_v2.py:74} ERROR - Error al obtener events: 404
[2025-01-20T17:13:03.429+0000] {spaceflight_data_ingest_v2.py:74} ERROR - Error al obtener events: 404
[2025-01-20T17:13:59.134+0000] {spaceflight_data_ingest_v2.py:74} ERROR - Error al obtener events: 404
[2025-01-20T17:14:54.864+0000] {spaceflight_data_ingest_v2.py:74} ERROR - Error al obtener events: 404
[2025-01-20T17:15:50.584+0000] {spaceflight_data_ingest_v2.py:74} ERROR - Error al obtener events: 404
[2025-01-20T17:16:46.420+0000] {spaceflight_data_ingest_v2.py:74} ERROR - Error al obtener events: 404
[2025-01-20T17:17:42.138+0000] {spaceflight_data_ingest_v2.py:74} ERROR - Error al obtener events: 404
[2025-01-20T17:18:37.874+0000] {spaceflight_data_ingest_v2.py:74} ERROR - Error al obtener events: 404
[2025-01-20T17:19:33.598+0000] {spaceflight_data_ingest_v2.py:74} ERROR - Error al obtener events: 404
[2025-01-20T17:20:29.294+0000] {spaceflight_data_ingest_v2.py:74} ERROR - Error al obtener events: 404
[2025-01-20T17:21:24.846+0000] {spaceflight_data_ingest_v2.py:74} ERROR - Error al obtener events: 404
[2025-01-20T17:22:20.667+0000] {spaceflight_data_ingest_v2.py:74} ERROR - Error al obtener events: 404
[2025-01-20T17:23:16.391+0000] {spaceflight_data_ingest_v2.py:74} ERROR - Error al obtener events: 404
[2025-01-20T17:24:12.138+0000] {spaceflight_data_ingest_v2.py:74} ERROR - Error al obtener events: 404
[2025-01-20T17:25:07.851+0000] {spaceflight_data_ingest_v2.py:74} ERROR - Error al obtener events: 404
[2025-01-20T17:26:03.556+0000] {spaceflight_data_ingest_v2.py:74} ERROR - Error al obtener events: 404
[2025-01-20T17:26:59.254+0000] {spaceflight_data_ingest_v2.py:74} ERROR - Error al obtener events: 404
[2025-01-20T17:27:55.062+0000] {spaceflight_data_ingest_v2.py:74} ERROR - Error al obtener events: 404
[2025-01-20T17:28:50.745+0000] {spaceflight_data_ingest_v2.py:74} ERROR - Error al obtener events: 404
[2025-01-20T17:29:46.485+0000] {spaceflight_data_ingest_v2.py:74} ERROR - Error al obtener events: 404
[2025-01-20T17:30:42.196+0000] {spaceflight_data_ingest_v2.py:74} ERROR - Error al obtener events: 404
[2025-01-20T17:31:37.903+0000] {spaceflight_data_ingest_v2.py:74} ERROR - Error al obtener events: 404
[2025-01-20T17:32:33.616+0000] {spaceflight_data_ingest_v2.py:74} ERROR - Error al obtener events: 404
[2025-01-20T17:33:29.428+0000] {spaceflight_data_ingest_v2.py:74} ERROR - Error al obtener events: 404
[2025-01-20T17:34:25.213+0000] {spaceflight_data_ingest_v2.py:74} ERROR - Error al obtener events: 404
[2025-01-20T17:35:20.920+0000] {spaceflight_data_ingest_v2.py:74} ERROR - Error al obtener events: 404
[2025-01-20T17:36:16.640+0000] {spaceflight_data_ingest_v2.py:74} ERROR - Error al obtener events: 404
[2025-01-20T17:37:12.342+0000] {spaceflight_data_ingest_v2.py:74} ERROR - Error al obtener events: 404
[2025-01-20T17:38:08.076+0000] {spaceflight_data_ingest_v2.py:74} ERROR - Error al obtener events: 404
[2025-01-20T17:39:03.878+0000] {spaceflight_data_ingest_v2.py:74} ERROR - Error al obtener events: 404
[2025-01-20T17:39:59.571+0000] {spaceflight_data_ingest_v2.py:74} ERROR - Error al obtener events: 404
[2025-01-20T17:40:55.290+0000] {spaceflight_data_ingest_v2.py:74} ERROR - Error al obtener events: 404
[2025-01-20T17:41:50.870+0000] {spaceflight_data_ingest_v2.py:74} ERROR - Error al obtener events: 404
[2025-01-20T17:42:46.582+0000] {spaceflight_data_ingest_v2.py:74} ERROR - Error al obtener events: 404
[2025-01-20T17:43:42.290+0000] {spaceflight_data_ingest_v2.py:74} ERROR - Error al obtener events: 404
[2025-01-20T17:44:38.104+0000] {spaceflight_data_ingest_v2.py:74} ERROR - Error al obtener events: 404
[2025-01-20T17:45:33.820+0000] {spaceflight_data_ingest_v2.py:74} ERROR - Error al obtener events: 404
[2025-01-20T17:46:29.532+0000] {spaceflight_data_ingest_v2.py:74} ERROR - Error al obtener events: 404
[2025-01-20T17:47:25.230+0000] {spaceflight_data_ingest_v2.py:74} ERROR - Error al obtener events: 404
[2025-01-20T17:48:20.947+0000] {spaceflight_data_ingest_v2.py:74} ERROR - Error al obtener events: 404
[2025-01-20T17:49:16.658+0000] {spaceflight_data_ingest_v2.py:74} ERROR - Error al obtener events: 404
[2025-01-20T17:50:12.325+0000] {spaceflight_data_ingest_v2.py:74} ERROR - Error al obtener events: 404
[2025-01-20T17:51:08.039+0000] {spaceflight_data_ingest_v2.py:74} ERROR - Error al obtener events: 404
[2025-01-20T17:52:03.769+0000] {spaceflight_data_ingest_v2.py:74} ERROR - Error al obtener events: 404
[2025-01-20T17:52:59.482+0000] {spaceflight_data_ingest_v2.py:74} ERROR - Error al obtener events: 404
[2025-01-20T17:53:55.176+0000] {spaceflight_data_ingest_v2.py:74} ERROR - Error al obtener events: 404
[2025-01-20T17:54:50.891+0000] {spaceflight_data_ingest_v2.py:74} ERROR - Error al obtener events: 404
[2025-01-20T17:55:46.700+0000] {spaceflight_data_ingest_v2.py:74} ERROR - Error al obtener events: 404
[2025-01-20T17:56:42.402+0000] {spaceflight_data_ingest_v2.py:74} ERROR - Error al obtener events: 404
[2025-01-20T17:57:37.958+0000] {spaceflight_data_ingest_v2.py:74} ERROR - Error al obtener events: 404
[2025-01-20T17:58:33.659+0000] {spaceflight_data_ingest_v2.py:74} ERROR - Error al obtener events: 404
[2025-01-20T17:59:29.208+0000] {spaceflight_data_ingest_v2.py:74} ERROR - Error al obtener events: 404
[2025-01-20T18:00:24.912+0000] {spaceflight_data_ingest_v2.py:74} ERROR - Error al obtener events: 404
[2025-01-20T18:01:20.710+0000] {spaceflight_data_ingest_v2.py:74} ERROR - Error al obtener events: 404
[2025-01-20T18:02:16.419+0000] {spaceflight_data_ingest_v2.py:74} ERROR - Error al obtener events: 404
[2025-01-20T18:03:12.484+0000] {spaceflight_data_ingest_v2.py:74} ERROR - Error al obtener events: 404
[2025-01-20T18:04:08.175+0000] {spaceflight_data_ingest_v2.py:74} ERROR - Error al obtener events: 404
[2025-01-20T18:05:03.872+0000] {spaceflight_data_ingest_v2.py:74} ERROR - Error al obtener events: 404
[2025-01-20T18:05:57.278+0000] {spaceflight_data_ingest_v2.py:74} ERROR - Error al obtener events: 404
[2025-01-20T18:06:53.070+0000] {spaceflight_data_ingest_v2.py:74} ERROR - Error al obtener events: 404
[2025-01-20T18:07:48.771+0000] {spaceflight_data_ingest_v2.py:74} ERROR - Error al obtener events: 404
[2025-01-20T18:08:44.488+0000] {spaceflight_data_ingest_v2.py:74} ERROR - Error al obtener events: 404
[2025-01-20T18:09:40.194+0000] {spaceflight_data_ingest_v2.py:74} ERROR - Error al obtener events: 404
[2025-01-20T18:10:35.967+0000] {spaceflight_data_ingest_v2.py:74} ERROR - Error al obtener events: 404
[2025-01-20T18:11:31.683+0000] {spaceflight_data_ingest_v2.py:74} ERROR - Error al obtener events: 404
[2025-01-20T18:12:27.495+0000] {spaceflight_data_ingest_v2.py:74} ERROR - Error al obtener events: 404
[2025-01-20T18:13:23.817+0000] {spaceflight_data_ingest_v2.py:74} ERROR - Error al obtener events: 404
[2025-01-20T18:14:19.544+0000] {spaceflight_data_ingest_v2.py:74} ERROR - Error al obtener events: 404
[2025-01-20T18:15:15.253+0000] {spaceflight_data_ingest_v2.py:74} ERROR - Error al obtener events: 404
[2025-01-20T18:16:10.967+0000] {spaceflight_data_ingest_v2.py:74} ERROR - Error al obtener events: 404
[2025-01-20T18:17:06.674+0000] {spaceflight_data_ingest_v2.py:74} ERROR - Error al obtener events: 404
[2025-01-20T18:18:02.467+0000] {spaceflight_data_ingest_v2.py:74} ERROR - Error al obtener events: 404
[2025-01-20T18:18:58.171+0000] {spaceflight_data_ingest_v2.py:74} ERROR - Error al obtener events: 404
[2025-01-20T18:19:53.880+0000] {spaceflight_data_ingest_v2.py:74} ERROR - Error al obtener events: 404
[2025-01-20T18:20:49.593+0000] {spaceflight_data_ingest_v2.py:74} ERROR - Error al obtener events: 404
[2025-01-20T18:21:45.280+0000] {spaceflight_data_ingest_v2.py:74} ERROR - Error al obtener events: 404
[2025-01-20T18:22:40.995+0000] {spaceflight_data_ingest_v2.py:74} ERROR - Error al obtener events: 404
[2025-01-20T18:23:36.777+0000] {spaceflight_data_ingest_v2.py:74} ERROR - Error al obtener events: 404
[2025-01-20T18:24:32.514+0000] {spaceflight_data_ingest_v2.py:74} ERROR - Error al obtener events: 404
[2025-01-20T18:25:28.223+0000] {spaceflight_data_ingest_v2.py:74} ERROR - Error al obtener events: 404
[2025-01-20T18:26:23.926+0000] {spaceflight_data_ingest_v2.py:74} ERROR - Error al obtener events: 404
[2025-01-20T18:27:19.628+0000] {spaceflight_data_ingest_v2.py:74} ERROR - Error al obtener events: 404
[2025-01-20T18:28:15.324+0000] {spaceflight_data_ingest_v2.py:74} ERROR - Error al obtener events: 404
[2025-01-20T18:29:11.080+0000] {spaceflight_data_ingest_v2.py:74} ERROR - Error al obtener events: 404
[2025-01-20T18:30:06.623+0000] {spaceflight_data_ingest_v2.py:74} ERROR - Error al obtener events: 404
[2025-01-20T18:31:02.354+0000] {spaceflight_data_ingest_v2.py:74} ERROR - Error al obtener events: 404
[2025-01-20T18:31:58.033+0000] {spaceflight_data_ingest_v2.py:74} ERROR - Error al obtener events: 404
[2025-01-20T18:32:53.815+0000] {spaceflight_data_ingest_v2.py:74} ERROR - Error al obtener events: 404
[2025-01-20T18:33:49.537+0000] {spaceflight_data_ingest_v2.py:74} ERROR - Error al obtener events: 404
[2025-01-20T18:34:45.320+0000] {spaceflight_data_ingest_v2.py:74} ERROR - Error al obtener events: 404
[2025-01-20T18:35:41.014+0000] {spaceflight_data_ingest_v2.py:74} ERROR - Error al obtener events: 404
[2025-01-20T18:36:36.733+0000] {spaceflight_data_ingest_v2.py:74} ERROR - Error al obtener events: 404
[2025-01-20T18:37:32.302+0000] {spaceflight_data_ingest_v2.py:74} ERROR - Error al obtener events: 404
[2025-01-20T18:38:28.018+0000] {spaceflight_data_ingest_v2.py:74} ERROR - Error al obtener events: 404
[2025-01-20T18:39:23.731+0000] {spaceflight_data_ingest_v2.py:74} ERROR - Error al obtener events: 404
[2025-01-20T18:40:19.547+0000] {spaceflight_data_ingest_v2.py:74} ERROR - Error al obtener events: 404
[2025-01-20T18:41:15.286+0000] {spaceflight_data_ingest_v2.py:74} ERROR - Error al obtener events: 404
[2025-01-20T18:42:10.978+0000] {spaceflight_data_ingest_v2.py:74} ERROR - Error al obtener events: 404
[2025-01-20T18:43:06.680+0000] {spaceflight_data_ingest_v2.py:74} ERROR - Error al obtener events: 404
[2025-01-20T18:44:02.387+0000] {spaceflight_data_ingest_v2.py:74} ERROR - Error al obtener events: 404
[2025-01-20T18:44:58.091+0000] {spaceflight_data_ingest_v2.py:74} ERROR - Error al obtener events: 404
[2025-01-20T18:45:57.774+0000] {spaceflight_data_ingest_v2.py:74} ERROR - Error al obtener events: 404
[2025-01-20T18:46:49.583+0000] {spaceflight_data_ingest_v2.py:74} ERROR - Error al obtener events: 404
[2025-01-20T18:47:45.125+0000] {spaceflight_data_ingest_v2.py:74} ERROR - Error al obtener events: 404
[2025-01-20T18:48:40.969+0000] {spaceflight_data_ingest_v2.py:74} ERROR - Error al obtener events: 404
[2025-01-20T18:49:36.699+0000] {spaceflight_data_ingest_v2.py:74} ERROR - Error al obtener events: 404
[2025-01-20T18:50:32.411+0000] {spaceflight_data_ingest_v2.py:74} ERROR - Error al obtener events: 404
[2025-01-20T18:51:28.204+0000] {spaceflight_data_ingest_v2.py:74} ERROR - Error al obtener events: 404
[2025-01-20T18:52:23.905+0000] {spaceflight_data_ingest_v2.py:74} ERROR - Error al obtener events: 404
[2025-01-20T18:53:19.607+0000] {spaceflight_data_ingest_v2.py:74} ERROR - Error al obtener events: 404
[2025-01-20T18:54:15.329+0000] {spaceflight_data_ingest_v2.py:74} ERROR - Error al obtener events: 404
[2025-01-20T18:55:11.053+0000] {spaceflight_data_ingest_v2.py:74} ERROR - Error al obtener events: 404
[2025-01-20T18:56:06.760+0000] {spaceflight_data_ingest_v2.py:74} ERROR - Error al obtener events: 404
[2025-01-20T18:57:02.542+0000] {spaceflight_data_ingest_v2.py:74} ERROR - Error al obtener events: 404
[2025-01-20T18:57:58.236+0000] {spaceflight_data_ingest_v2.py:74} ERROR - Error al obtener events: 404
[2025-01-20T18:58:53.941+0000] {spaceflight_data_ingest_v2.py:74} ERROR - Error al obtener events: 404
[2025-01-20T18:59:49.647+0000] {spaceflight_data_ingest_v2.py:74} ERROR - Error al obtener events: 404
[2025-01-20T19:00:45.362+0000] {spaceflight_data_ingest_v2.py:74} ERROR - Error al obtener events: 404
[2025-01-20T19:01:41.071+0000] {spaceflight_data_ingest_v2.py:74} ERROR - Error al obtener events: 404
[2025-01-20T19:02:36.868+0000] {spaceflight_data_ingest_v2.py:74} ERROR - Error al obtener events: 404
[2025-01-20T19:03:32.590+0000] {spaceflight_data_ingest_v2.py:74} ERROR - Error al obtener events: 404
[2025-01-20T19:04:28.305+0000] {spaceflight_data_ingest_v2.py:74} ERROR - Error al obtener events: 404
[2025-01-20T19:05:23.852+0000] {spaceflight_data_ingest_v2.py:74} ERROR - Error al obtener events: 404
[2025-01-20T19:06:19.563+0000] {spaceflight_data_ingest_v2.py:74} ERROR - Error al obtener events: 404
[2025-01-20T19:07:15.247+0000] {spaceflight_data_ingest_v2.py:74} ERROR - Error al obtener events: 404
[2025-01-20T19:08:11.096+0000] {spaceflight_data_ingest_v2.py:74} ERROR - Error al obtener events: 404
[2025-01-20T19:09:06.656+0000] {spaceflight_data_ingest_v2.py:74} ERROR - Error al obtener events: 404
[2025-01-20T19:10:02.350+0000] {spaceflight_data_ingest_v2.py:74} ERROR - Error al obtener events: 404
[2025-01-20T19:10:58.032+0000] {spaceflight_data_ingest_v2.py:74} ERROR - Error al obtener events: 404
[2025-01-20T19:11:53.572+0000] {spaceflight_data_ingest_v2.py:74} ERROR - Error al obtener events: 404
[2025-01-20T19:12:49.291+0000] {spaceflight_data_ingest_v2.py:74} ERROR - Error al obtener events: 404
[2025-01-20T19:13:45.146+0000] {spaceflight_data_ingest_v2.py:74} ERROR - Error al obtener events: 404
[2025-01-20T19:14:40.875+0000] {spaceflight_data_ingest_v2.py:74} ERROR - Error al obtener events: 404
[2025-01-20T19:15:36.630+0000] {spaceflight_data_ingest_v2.py:74} ERROR - Error al obtener events: 404
[2025-01-20T19:16:32.319+0000] {spaceflight_data_ingest_v2.py:74} ERROR - Error al obtener events: 404
[2025-01-20T19:17:27.865+0000] {spaceflight_data_ingest_v2.py:74} ERROR - Error al obtener events: 404
[2025-01-20T19:18:23.587+0000] {spaceflight_data_ingest_v2.py:74} ERROR - Error al obtener events: 404
[2025-01-20T19:19:19.378+0000] {spaceflight_data_ingest_v2.py:74} ERROR - Error al obtener events: 404
[2025-01-20T19:20:15.199+0000] {spaceflight_data_ingest_v2.py:74} ERROR - Error al obtener events: 404
[2025-01-20T19:21:10.908+0000] {spaceflight_data_ingest_v2.py:74} ERROR - Error al obtener events: 404
[2025-01-20T19:22:06.601+0000] {spaceflight_data_ingest_v2.py:74} ERROR - Error al obtener events: 404
[2025-01-20T19:23:02.316+0000] {spaceflight_data_ingest_v2.py:74} ERROR - Error al obtener events: 404
[2025-01-20T19:23:58.047+0000] {spaceflight_data_ingest_v2.py:74} ERROR - Error al obtener events: 404
[2025-01-20T19:24:53.707+0000] {spaceflight_data_ingest_v2.py:74} ERROR - Error al obtener events: 404
[2025-01-20T19:25:49.429+0000] {spaceflight_data_ingest_v2.py:74} ERROR - Error al obtener events: 404
[2025-01-20T19:26:45.131+0000] {spaceflight_data_ingest_v2.py:74} ERROR - Error al obtener events: 404
[2025-01-20T19:27:40.846+0000] {spaceflight_data_ingest_v2.py:74} ERROR - Error al obtener events: 404
[2025-01-20T19:28:36.580+0000] {spaceflight_data_ingest_v2.py:74} ERROR - Error al obtener events: 404
[2025-01-20T19:29:30.578+0000] {spaceflight_data_ingest_v2.py:74} ERROR - Error al obtener events: 404
[2025-01-20T19:30:26.350+0000] {spaceflight_data_ingest_v2.py:74} ERROR - Error al obtener events: 404
[2025-01-20T19:31:22.071+0000] {spaceflight_data_ingest_v2.py:74} ERROR - Error al obtener events: 404
[2025-01-20T19:32:17.793+0000] {spaceflight_data_ingest_v2.py:74} ERROR - Error al obtener events: 404
[2025-01-20T19:33:13.478+0000] {spaceflight_data_ingest_v2.py:74} ERROR - Error al obtener events: 404
[2025-01-20T19:34:09.197+0000] {spaceflight_data_ingest_v2.py:74} ERROR - Error al obtener events: 404
[2025-01-20T19:35:04.916+0000] {spaceflight_data_ingest_v2.py:74} ERROR - Error al obtener events: 404
[2025-01-20T19:36:00.539+0000] {spaceflight_data_ingest_v2.py:74} ERROR - Error al obtener events: 404
[2025-01-20T19:36:56.248+0000] {spaceflight_data_ingest_v2.py:74} ERROR - Error al obtener events: 404
[2025-01-20T19:37:51.951+0000] {spaceflight_data_ingest_v2.py:74} ERROR - Error al obtener events: 404
[2025-01-20T19:38:47.660+0000] {spaceflight_data_ingest_v2.py:74} ERROR - Error al obtener events: 404
[2025-01-20T19:39:43.355+0000] {spaceflight_data_ingest_v2.py:74} ERROR - Error al obtener events: 404
[2025-01-20T19:40:39.118+0000] {spaceflight_data_ingest_v2.py:74} ERROR - Error al obtener events: 404
[2025-01-20T19:41:34.895+0000] {spaceflight_data_ingest_v2.py:74} ERROR - Error al obtener events: 404
[2025-01-20T19:42:30.604+0000] {spaceflight_data_ingest_v2.py:74} ERROR - Error al obtener events: 404
[2025-01-20T19:43:26.300+0000] {spaceflight_data_ingest_v2.py:74} ERROR - Error al obtener events: 404
[2025-01-20T19:44:22.000+0000] {spaceflight_data_ingest_v2.py:74} ERROR - Error al obtener events: 404
[2025-01-20T19:45:17.732+0000] {spaceflight_data_ingest_v2.py:74} ERROR - Error al obtener events: 404
[2025-01-20T19:46:13.488+0000] {spaceflight_data_ingest_v2.py:74} ERROR - Error al obtener events: 404
[2025-01-20T19:47:09.310+0000] {spaceflight_data_ingest_v2.py:74} ERROR - Error al obtener events: 404
[2025-01-20T19:48:05.003+0000] {spaceflight_data_ingest_v2.py:74} ERROR - Error al obtener events: 404
[2025-01-20T19:49:00.750+0000] {spaceflight_data_ingest_v2.py:74} ERROR - Error al obtener events: 404
[2025-01-20T19:49:56.455+0000] {spaceflight_data_ingest_v2.py:74} ERROR - Error al obtener events: 404
[2025-01-20T19:50:52.185+0000] {spaceflight_data_ingest_v2.py:74} ERROR - Error al obtener events: 404
[2025-01-20T19:51:47.909+0000] {spaceflight_data_ingest_v2.py:74} ERROR - Error al obtener events: 404
[2025-01-20T19:52:43.696+0000] {spaceflight_data_ingest_v2.py:74} ERROR - Error al obtener events: 404
[2025-01-20T19:53:39.420+0000] {spaceflight_data_ingest_v2.py:74} ERROR - Error al obtener events: 404
[2025-01-20T19:54:35.134+0000] {spaceflight_data_ingest_v2.py:74} ERROR - Error al obtener events: 404
[2025-01-20T19:55:30.863+0000] {spaceflight_data_ingest_v2.py:74} ERROR - Error al obtener events: 404
[2025-01-20T19:56:26.572+0000] {spaceflight_data_ingest_v2.py:74} ERROR - Error al obtener events: 404
[2025-01-20T19:57:22.287+0000] {spaceflight_data_ingest_v2.py:74} ERROR - Error al obtener events: 404
[2025-01-20T19:58:18.071+0000] {spaceflight_data_ingest_v2.py:74} ERROR - Error al obtener events: 404
[2025-01-20T19:59:13.772+0000] {spaceflight_data_ingest_v2.py:74} ERROR - Error al obtener events: 404
[2025-01-20T20:00:09.488+0000] {spaceflight_data_ingest_v2.py:74} ERROR - Error al obtener events: 404
[2025-01-20T20:01:05.184+0000] {spaceflight_data_ingest_v2.py:74} ERROR - Error al obtener events: 404
[2025-01-20T20:02:00.907+0000] {spaceflight_data_ingest_v2.py:74} ERROR - Error al obtener events: 404
[2025-01-20T20:02:56.611+0000] {spaceflight_data_ingest_v2.py:74} ERROR - Error al obtener events: 404
[2025-01-20T20:03:52.380+0000] {spaceflight_data_ingest_v2.py:74} ERROR - Error al obtener events: 404
[2025-01-20T20:04:48.104+0000] {spaceflight_data_ingest_v2.py:74} ERROR - Error al obtener events: 404
[2025-01-20T20:05:43.805+0000] {spaceflight_data_ingest_v2.py:74} ERROR - Error al obtener events: 404
[2025-01-20T20:06:39.526+0000] {spaceflight_data_ingest_v2.py:74} ERROR - Error al obtener events: 404
[2025-01-20T20:07:35.262+0000] {spaceflight_data_ingest_v2.py:74} ERROR - Error al obtener events: 404
[2025-01-20T20:08:30.960+0000] {spaceflight_data_ingest_v2.py:74} ERROR - Error al obtener events: 404
[2025-01-20T20:09:26.671+0000] {spaceflight_data_ingest_v2.py:74} ERROR - Error al obtener events: 404
[2025-01-20T20:10:22.376+0000] {spaceflight_data_ingest_v2.py:74} ERROR - Error al obtener events: 404
[2025-01-20T20:11:18.092+0000] {spaceflight_data_ingest_v2.py:74} ERROR - Error al obtener events: 404
[2025-01-20T20:12:13.802+0000] {spaceflight_data_ingest_v2.py:74} ERROR - Error al obtener events: 404
[2025-01-20T20:13:09.500+0000] {spaceflight_data_ingest_v2.py:74} ERROR - Error al obtener events: 404
[2025-01-20T20:14:05.207+0000] {spaceflight_data_ingest_v2.py:74} ERROR - Error al obtener events: 404
[2025-01-20T20:15:00.934+0000] {spaceflight_data_ingest_v2.py:74} ERROR - Error al obtener events: 404
[2025-01-20T20:15:56.669+0000] {spaceflight_data_ingest_v2.py:74} ERROR - Error al obtener events: 404
[2025-01-20T20:16:52.400+0000] {spaceflight_data_ingest_v2.py:74} ERROR - Error al obtener events: 404
[2025-01-20T20:17:48.106+0000] {spaceflight_data_ingest_v2.py:74} ERROR - Error al obtener events: 404
[2025-01-20T20:18:43.842+0000] {spaceflight_data_ingest_v2.py:74} ERROR - Error al obtener events: 404
[2025-01-20T20:19:39.555+0000] {spaceflight_data_ingest_v2.py:74} ERROR - Error al obtener events: 404
[2025-01-20T20:20:35.106+0000] {spaceflight_data_ingest_v2.py:74} ERROR - Error al obtener events: 404
[2025-01-20T20:21:30.777+0000] {spaceflight_data_ingest_v2.py:74} ERROR - Error al obtener events: 404
[2025-01-20T20:22:26.465+0000] {spaceflight_data_ingest_v2.py:74} ERROR - Error al obtener events: 404
[2025-01-20T20:23:22.200+0000] {spaceflight_data_ingest_v2.py:74} ERROR - Error al obtener events: 404
[2025-01-20T20:24:17.894+0000] {spaceflight_data_ingest_v2.py:74} ERROR - Error al obtener events: 404
[2025-01-20T20:25:13.592+0000] {spaceflight_data_ingest_v2.py:74} ERROR - Error al obtener events: 404
[2025-01-20T20:26:09.386+0000] {spaceflight_data_ingest_v2.py:74} ERROR - Error al obtener events: 404
[2025-01-20T20:27:05.082+0000] {spaceflight_data_ingest_v2.py:74} ERROR - Error al obtener events: 404
[2025-01-20T20:28:00.788+0000] {spaceflight_data_ingest_v2.py:74} ERROR - Error al obtener events: 404
[2025-01-20T20:28:56.503+0000] {spaceflight_data_ingest_v2.py:74} ERROR - Error al obtener events: 404
[2025-01-20T20:29:52.198+0000] {spaceflight_data_ingest_v2.py:74} ERROR - Error al obtener events: 404
[2025-01-20T20:30:47.907+0000] {spaceflight_data_ingest_v2.py:74} ERROR - Error al obtener events: 404
[2025-01-20T20:31:43.575+0000] {spaceflight_data_ingest_v2.py:74} ERROR - Error al obtener events: 404
[2025-01-20T20:32:39.275+0000] {spaceflight_data_ingest_v2.py:74} ERROR - Error al obtener events: 404
[2025-01-20T20:33:34.987+0000] {spaceflight_data_ingest_v2.py:74} ERROR - Error al obtener events: 404
[2025-01-20T20:34:30.771+0000] {spaceflight_data_ingest_v2.py:74} ERROR - Error al obtener events: 404
[2025-01-20T20:35:26.472+0000] {spaceflight_data_ingest_v2.py:74} ERROR - Error al obtener events: 404
[2025-01-20T20:36:22.171+0000] {spaceflight_data_ingest_v2.py:74} ERROR - Error al obtener events: 404
[2025-01-20T20:37:17.961+0000] {spaceflight_data_ingest_v2.py:74} ERROR - Error al obtener events: 404
[2025-01-20T20:38:13.683+0000] {spaceflight_data_ingest_v2.py:74} ERROR - Error al obtener events: 404
[2025-01-20T20:39:09.380+0000] {spaceflight_data_ingest_v2.py:74} ERROR - Error al obtener events: 404
[2025-01-20T20:40:05.126+0000] {spaceflight_data_ingest_v2.py:74} ERROR - Error al obtener events: 404
[2025-01-20T20:41:00.837+0000] {spaceflight_data_ingest_v2.py:74} ERROR - Error al obtener events: 404
