[2025-01-15T14:40:05.755+0000] {local_task_job_runner.py:123} INFO - ::group::Pre task execution logs
[2025-01-15T14:40:05.771+0000] {taskinstance.py:2613} INFO - Dependencies all met for dep_context=non-requeueable deps ti=<TaskInstance: tutorial.sleep manual__2025-01-15T14:40:01.206262+00:00 [queued]>
[2025-01-15T14:40:05.778+0000] {taskinstance.py:2613} INFO - Dependencies all met for dep_context=requeueable deps ti=<TaskInstance: tutorial.sleep manual__2025-01-15T14:40:01.206262+00:00 [queued]>
[2025-01-15T14:40:05.779+0000] {taskinstance.py:2866} INFO - Starting attempt 1 of 4
[2025-01-15T14:40:05.793+0000] {taskinstance.py:2889} INFO - Executing <Task(BashOperator): sleep> on 2025-01-15 14:40:01.206262+00:00
[2025-01-15T14:40:05.801+0000] {warnings.py:112} WARNING - /home/***/.local/lib/python3.12/site-packages/***/task/task_runner/standard_task_runner.py:70: DeprecationWarning: This process (pid=498) is multi-threaded, use of fork() may lead to deadlocks in the child.
  pid = os.fork()

[2025-01-15T14:40:05.803+0000] {standard_task_runner.py:72} INFO - Started process 502 to run task
[2025-01-15T14:40:05.803+0000] {standard_task_runner.py:104} INFO - Running: ['***', 'tasks', 'run', 'tutorial', 'sleep', 'manual__2025-01-15T14:40:01.206262+00:00', '--job-id', '10', '--raw', '--subdir', '/home/***/.local/lib/python3.12/site-packages/***/example_dags/tutorial.py', '--cfg-path', '/tmp/tmp7bkfhw86']
[2025-01-15T14:40:05.804+0000] {standard_task_runner.py:105} INFO - Job 10: Subtask sleep
[2025-01-15T14:40:05.844+0000] {task_command.py:467} INFO - Running <TaskInstance: tutorial.sleep manual__2025-01-15T14:40:01.206262+00:00 [running]> on host 59ff16f1d4fb
[2025-01-15T14:40:06.130+0000] {taskinstance.py:3132} INFO - Exporting env vars: AIRFLOW_CTX_DAG_EMAIL='***@example.com' AIRFLOW_CTX_DAG_OWNER='***' AIRFLOW_CTX_DAG_ID='tutorial' AIRFLOW_CTX_TASK_ID='sleep' AIRFLOW_CTX_EXECUTION_DATE='2025-01-15T14:40:01.206262+00:00' AIRFLOW_CTX_TRY_NUMBER='1' AIRFLOW_CTX_DAG_RUN_ID='manual__2025-01-15T14:40:01.206262+00:00'
[2025-01-15T14:40:06.131+0000] {logging_mixin.py:190} INFO - Task instance is in running state
[2025-01-15T14:40:06.131+0000] {logging_mixin.py:190} INFO -  Previous state of the Task instance: queued
[2025-01-15T14:40:06.131+0000] {logging_mixin.py:190} INFO - Current task name:sleep state:running start_date:2025-01-15 14:40:05.771578+00:00
[2025-01-15T14:40:06.131+0000] {logging_mixin.py:190} INFO - Dag name:tutorial and current dag run status:running
[2025-01-15T14:40:06.132+0000] {taskinstance.py:731} INFO - ::endgroup::
[2025-01-15T14:40:06.132+0000] {subprocess.py:78} INFO - Tmp dir root location: /tmp
[2025-01-15T14:40:06.133+0000] {subprocess.py:88} INFO - Running command: ['/usr/bin/bash', '-c', 'sleep 5']
[2025-01-15T14:40:06.147+0000] {subprocess.py:99} INFO - Output:
[2025-01-15T14:40:11.150+0000] {subprocess.py:110} INFO - Command exited with return code 0
[2025-01-15T14:40:11.174+0000] {taskinstance.py:340} INFO - ::group::Post task execution logs
[2025-01-15T14:40:11.175+0000] {taskinstance.py:352} INFO - Marking task as SUCCESS. dag_id=tutorial, task_id=sleep, run_id=manual__2025-01-15T14:40:01.206262+00:00, execution_date=20250115T144001, start_date=20250115T144005, end_date=20250115T144011
[2025-01-15T14:40:11.186+0000] {logging_mixin.py:190} INFO - Task instance in success state
[2025-01-15T14:40:11.186+0000] {logging_mixin.py:190} INFO -  Previous state of the Task instance: running
[2025-01-15T14:40:11.187+0000] {logging_mixin.py:190} INFO - Dag name:tutorial queued_at:2025-01-15 14:40:01.253228+00:00
[2025-01-15T14:40:11.187+0000] {logging_mixin.py:190} INFO - Task hostname:59ff16f1d4fb operator:BashOperator
[2025-01-15T14:40:11.239+0000] {local_task_job_runner.py:266} INFO - Task exited with return code 0
[2025-01-15T14:40:11.434+0000] {taskinstance.py:3895} INFO - 0 downstream tasks scheduled from follow-on schedule check
[2025-01-15T14:40:11.437+0000] {local_task_job_runner.py:245} INFO - ::endgroup::
