[2025-01-19T22:00:11.332+0000] {local_task_job_runner.py:123} INFO - ::group::Pre task execution logs
[2025-01-19T22:00:11.358+0000] {taskinstance.py:2613} INFO - Dependencies all met for dep_context=non-requeueable deps ti=<TaskInstance: DAG_AWS_PIPELINE.extract_articles manual__2025-01-19T22:00:08.661390+00:00 [queued]>
[2025-01-19T22:00:11.575+0000] {taskinstance.py:2613} INFO - Dependencies all met for dep_context=requeueable deps ti=<TaskInstance: DAG_AWS_PIPELINE.extract_articles manual__2025-01-19T22:00:08.661390+00:00 [queued]>
[2025-01-19T22:00:11.575+0000] {taskinstance.py:2866} INFO - Starting attempt 1 of 2
[2025-01-19T22:00:11.591+0000] {taskinstance.py:2889} INFO - Executing <Task(PythonOperator): extract_articles> on 2025-01-19 22:00:08.661390+00:00
[2025-01-19T22:00:11.601+0000] {warnings.py:112} WARNING - /home/***/.local/lib/python3.12/site-packages/***/task/task_runner/standard_task_runner.py:70: DeprecationWarning: This process (pid=9836) is multi-threaded, use of fork() may lead to deadlocks in the child.
  pid = os.fork()

[2025-01-19T22:00:11.604+0000] {standard_task_runner.py:72} INFO - Started process 9845 to run task
[2025-01-19T22:00:11.604+0000] {standard_task_runner.py:104} INFO - Running: ['***', 'tasks', 'run', 'DAG_AWS_PIPELINE', 'extract_articles', 'manual__2025-01-19T22:00:08.661390+00:00', '--job-id', '221', '--raw', '--subdir', 'DAGS_FOLDER/Ingesta_aws.py', '--cfg-path', '/tmp/tmpu93j98ox']
[2025-01-19T22:00:11.605+0000] {standard_task_runner.py:105} INFO - Job 221: Subtask extract_articles
[2025-01-19T22:00:11.657+0000] {task_command.py:467} INFO - Running <TaskInstance: DAG_AWS_PIPELINE.extract_articles manual__2025-01-19T22:00:08.661390+00:00 [running]> on host 59ff16f1d4fb
[2025-01-19T22:00:11.765+0000] {taskinstance.py:3132} INFO - Exporting env vars: AIRFLOW_CTX_DAG_OWNER='Wilfrido Rondon' AIRFLOW_CTX_DAG_ID='DAG_AWS_PIPELINE' AIRFLOW_CTX_TASK_ID='extract_articles' AIRFLOW_CTX_EXECUTION_DATE='2025-01-19T22:00:08.661390+00:00' AIRFLOW_CTX_TRY_NUMBER='1' AIRFLOW_CTX_DAG_RUN_ID='manual__2025-01-19T22:00:08.661390+00:00'
[2025-01-19T22:00:11.766+0000] {logging_mixin.py:190} INFO - Task instance is in running state
[2025-01-19T22:00:11.767+0000] {logging_mixin.py:190} INFO -  Previous state of the Task instance: queued
[2025-01-19T22:00:11.767+0000] {logging_mixin.py:190} INFO - Current task name:extract_articles state:running start_date:2025-01-19 22:00:11.358942+00:00
[2025-01-19T22:00:11.767+0000] {logging_mixin.py:190} INFO - Dag name:DAG_AWS_PIPELINE and current dag run status:running
[2025-01-19T22:00:11.768+0000] {taskinstance.py:731} INFO - ::endgroup::
[2025-01-19T22:00:11.768+0000] {Ingesta_aws.py:31} INFO - Recuperando página 1...
[2025-01-19T22:00:12.333+0000] {Ingesta_aws.py:41} INFO - Artículos recuperados: 10, total acumulado: 10
[2025-01-19T22:00:12.333+0000] {Ingesta_aws.py:31} INFO - Recuperando página 2...
[2025-01-19T22:00:12.855+0000] {Ingesta_aws.py:41} INFO - Artículos recuperados: 10, total acumulado: 20
[2025-01-19T22:00:12.855+0000] {Ingesta_aws.py:31} INFO - Recuperando página 3...
[2025-01-19T22:00:13.477+0000] {Ingesta_aws.py:41} INFO - Artículos recuperados: 10, total acumulado: 30
[2025-01-19T22:00:13.477+0000] {Ingesta_aws.py:31} INFO - Recuperando página 4...
[2025-01-19T22:00:13.976+0000] {Ingesta_aws.py:41} INFO - Artículos recuperados: 10, total acumulado: 40
[2025-01-19T22:00:13.976+0000] {Ingesta_aws.py:31} INFO - Recuperando página 5...
[2025-01-19T22:00:14.542+0000] {Ingesta_aws.py:41} INFO - Artículos recuperados: 10, total acumulado: 50
[2025-01-19T22:00:14.542+0000] {Ingesta_aws.py:31} INFO - Recuperando página 6...
[2025-01-19T22:00:15.144+0000] {Ingesta_aws.py:41} INFO - Artículos recuperados: 10, total acumulado: 60
[2025-01-19T22:00:15.144+0000] {Ingesta_aws.py:31} INFO - Recuperando página 7...
[2025-01-19T22:00:15.709+0000] {Ingesta_aws.py:41} INFO - Artículos recuperados: 10, total acumulado: 70
[2025-01-19T22:00:15.710+0000] {Ingesta_aws.py:31} INFO - Recuperando página 8...
[2025-01-19T22:00:16.042+0000] {Ingesta_aws.py:41} INFO - Artículos recuperados: 10, total acumulado: 80
[2025-01-19T22:00:16.042+0000] {Ingesta_aws.py:31} INFO - Recuperando página 9...
[2025-01-19T22:00:16.554+0000] {Ingesta_aws.py:41} INFO - Artículos recuperados: 10, total acumulado: 90
[2025-01-19T22:00:16.555+0000] {Ingesta_aws.py:31} INFO - Recuperando página 10...
[2025-01-19T22:00:16.912+0000] {Ingesta_aws.py:41} INFO - Artículos recuperados: 10, total acumulado: 99
[2025-01-19T22:00:16.913+0000] {Ingesta_aws.py:53} INFO - Transformando los datos a CSV...
[2025-01-19T22:00:16.919+0000] {Ingesta_aws.py:60} INFO - CSV guardado temporalmente en: /tmp/articulos.csv
[2025-01-19T22:00:16.919+0000] {python.py:240} INFO - Done. Returned value was: /tmp/articulos.csv
[2025-01-19T22:00:16.944+0000] {taskinstance.py:340} INFO - ::group::Post task execution logs
[2025-01-19T22:00:16.945+0000] {taskinstance.py:352} INFO - Marking task as SUCCESS. dag_id=DAG_AWS_PIPELINE, task_id=extract_articles, run_id=manual__2025-01-19T22:00:08.661390+00:00, execution_date=20250119T220008, start_date=20250119T220011, end_date=20250119T220016
[2025-01-19T22:00:16.955+0000] {logging_mixin.py:190} INFO - Task instance in success state
[2025-01-19T22:00:16.956+0000] {logging_mixin.py:190} INFO -  Previous state of the Task instance: running
[2025-01-19T22:00:16.956+0000] {logging_mixin.py:190} INFO - Dag name:DAG_AWS_PIPELINE queued_at:2025-01-19 22:00:08.675608+00:00
[2025-01-19T22:00:16.956+0000] {logging_mixin.py:190} INFO - Task hostname:59ff16f1d4fb operator:PythonOperator
[2025-01-19T22:00:16.973+0000] {local_task_job_runner.py:266} INFO - Task exited with return code 0
[2025-01-19T22:00:17.001+0000] {taskinstance.py:3895} INFO - 1 downstream tasks scheduled from follow-on schedule check
[2025-01-19T22:00:17.004+0000] {local_task_job_runner.py:245} INFO - ::endgroup::
