[2025-01-19T15:55:19.315+0000] {local_task_job_runner.py:123} INFO - ::group::Pre task execution logs
[2025-01-19T15:55:19.332+0000] {taskinstance.py:2613} INFO - Dependencies all met for dep_context=non-requeueable deps ti=<TaskInstance: DAG_AWS_PIPELINE.extract_articles manual__2025-01-19T15:55:16.446644+00:00 [queued]>
[2025-01-19T15:55:19.346+0000] {taskinstance.py:2613} INFO - Dependencies all met for dep_context=requeueable deps ti=<TaskInstance: DAG_AWS_PIPELINE.extract_articles manual__2025-01-19T15:55:16.446644+00:00 [queued]>
[2025-01-19T15:55:19.346+0000] {taskinstance.py:2866} INFO - Starting attempt 1 of 2
[2025-01-19T15:55:19.570+0000] {taskinstance.py:2889} INFO - Executing <Task(PythonOperator): extract_articles> on 2025-01-19 15:55:16.446644+00:00
[2025-01-19T15:55:19.581+0000] {warnings.py:112} WARNING - /home/***/.local/lib/python3.12/site-packages/***/task/task_runner/standard_task_runner.py:70: DeprecationWarning: This process (pid=4376) is multi-threaded, use of fork() may lead to deadlocks in the child.
  pid = os.fork()

[2025-01-19T15:55:19.583+0000] {standard_task_runner.py:72} INFO - Started process 4388 to run task
[2025-01-19T15:55:19.583+0000] {standard_task_runner.py:104} INFO - Running: ['***', 'tasks', 'run', 'DAG_AWS_PIPELINE', 'extract_articles', 'manual__2025-01-19T15:55:16.446644+00:00', '--job-id', '166', '--raw', '--subdir', 'DAGS_FOLDER/Ingesta_aws.py', '--cfg-path', '/tmp/tmp6cx_6d51']
[2025-01-19T15:55:19.585+0000] {standard_task_runner.py:105} INFO - Job 166: Subtask extract_articles
[2025-01-19T15:55:19.639+0000] {task_command.py:467} INFO - Running <TaskInstance: DAG_AWS_PIPELINE.extract_articles manual__2025-01-19T15:55:16.446644+00:00 [running]> on host 59ff16f1d4fb
[2025-01-19T15:55:19.758+0000] {taskinstance.py:3132} INFO - Exporting env vars: AIRFLOW_CTX_DAG_OWNER='Wilfrido Rondon' AIRFLOW_CTX_DAG_ID='DAG_AWS_PIPELINE' AIRFLOW_CTX_TASK_ID='extract_articles' AIRFLOW_CTX_EXECUTION_DATE='2025-01-19T15:55:16.446644+00:00' AIRFLOW_CTX_TRY_NUMBER='1' AIRFLOW_CTX_DAG_RUN_ID='manual__2025-01-19T15:55:16.446644+00:00'
[2025-01-19T15:55:19.759+0000] {logging_mixin.py:190} INFO - Task instance is in running state
[2025-01-19T15:55:19.760+0000] {logging_mixin.py:190} INFO -  Previous state of the Task instance: queued
[2025-01-19T15:55:19.760+0000] {logging_mixin.py:190} INFO - Current task name:extract_articles state:running start_date:2025-01-19 15:55:19.332789+00:00
[2025-01-19T15:55:19.761+0000] {logging_mixin.py:190} INFO - Dag name:DAG_AWS_PIPELINE and current dag run status:running
[2025-01-19T15:55:19.761+0000] {taskinstance.py:731} INFO - ::endgroup::
[2025-01-19T15:55:19.762+0000] {Ingesta_aws.py:30} INFO - Recuperando página 1...
[2025-01-19T15:55:20.492+0000] {Ingesta_aws.py:40} INFO - Artículos recuperados: 10, total acumulado: 10
[2025-01-19T15:55:20.493+0000] {Ingesta_aws.py:30} INFO - Recuperando página 2...
[2025-01-19T15:55:21.336+0000] {Ingesta_aws.py:40} INFO - Artículos recuperados: 10, total acumulado: 20
[2025-01-19T15:55:21.337+0000] {Ingesta_aws.py:30} INFO - Recuperando página 3...
[2025-01-19T15:55:22.473+0000] {Ingesta_aws.py:40} INFO - Artículos recuperados: 10, total acumulado: 30
[2025-01-19T15:55:22.474+0000] {Ingesta_aws.py:30} INFO - Recuperando página 4...
[2025-01-19T15:55:24.625+0000] {Ingesta_aws.py:40} INFO - Artículos recuperados: 10, total acumulado: 40
[2025-01-19T15:55:24.625+0000] {Ingesta_aws.py:30} INFO - Recuperando página 5...
[2025-01-19T15:55:25.111+0000] {Ingesta_aws.py:40} INFO - Artículos recuperados: 10, total acumulado: 50
[2025-01-19T15:55:25.111+0000] {Ingesta_aws.py:30} INFO - Recuperando página 6...
[2025-01-19T15:55:25.520+0000] {Ingesta_aws.py:40} INFO - Artículos recuperados: 10, total acumulado: 60
[2025-01-19T15:55:25.520+0000] {Ingesta_aws.py:30} INFO - Recuperando página 7...
[2025-01-19T15:55:25.947+0000] {Ingesta_aws.py:40} INFO - Artículos recuperados: 10, total acumulado: 70
[2025-01-19T15:55:25.947+0000] {Ingesta_aws.py:30} INFO - Recuperando página 8...
[2025-01-19T15:55:26.315+0000] {Ingesta_aws.py:40} INFO - Artículos recuperados: 10, total acumulado: 80
[2025-01-19T15:55:26.315+0000] {Ingesta_aws.py:30} INFO - Recuperando página 9...
[2025-01-19T15:55:26.860+0000] {Ingesta_aws.py:40} INFO - Artículos recuperados: 10, total acumulado: 90
[2025-01-19T15:55:26.860+0000] {Ingesta_aws.py:30} INFO - Recuperando página 10...
[2025-01-19T15:55:27.373+0000] {Ingesta_aws.py:40} INFO - Artículos recuperados: 10, total acumulado: 100
[2025-01-19T15:55:27.373+0000] {Ingesta_aws.py:30} INFO - Recuperando página 11...
[2025-01-19T15:55:27.743+0000] {Ingesta_aws.py:40} INFO - Artículos recuperados: 10, total acumulado: 110
[2025-01-19T15:55:27.743+0000] {Ingesta_aws.py:30} INFO - Recuperando página 12...
[2025-01-19T15:55:28.189+0000] {Ingesta_aws.py:40} INFO - Artículos recuperados: 10, total acumulado: 120
[2025-01-19T15:55:28.189+0000] {Ingesta_aws.py:30} INFO - Recuperando página 13...
[2025-01-19T15:55:28.596+0000] {Ingesta_aws.py:40} INFO - Artículos recuperados: 10, total acumulado: 130
[2025-01-19T15:55:28.597+0000] {Ingesta_aws.py:30} INFO - Recuperando página 14...
[2025-01-19T15:55:28.916+0000] {Ingesta_aws.py:40} INFO - Artículos recuperados: 10, total acumulado: 140
[2025-01-19T15:55:28.916+0000] {Ingesta_aws.py:30} INFO - Recuperando página 15...
[2025-01-19T15:55:29.384+0000] {Ingesta_aws.py:40} INFO - Artículos recuperados: 10, total acumulado: 150
[2025-01-19T15:55:29.385+0000] {Ingesta_aws.py:30} INFO - Recuperando página 16...
[2025-01-19T15:55:29.832+0000] {Ingesta_aws.py:40} INFO - Artículos recuperados: 10, total acumulado: 160
[2025-01-19T15:55:29.833+0000] {Ingesta_aws.py:30} INFO - Recuperando página 17...
[2025-01-19T15:55:30.152+0000] {Ingesta_aws.py:40} INFO - Artículos recuperados: 10, total acumulado: 170
[2025-01-19T15:55:30.153+0000] {Ingesta_aws.py:30} INFO - Recuperando página 18...
[2025-01-19T15:55:30.590+0000] {Ingesta_aws.py:40} INFO - Artículos recuperados: 10, total acumulado: 180
[2025-01-19T15:55:30.590+0000] {Ingesta_aws.py:30} INFO - Recuperando página 19...
[2025-01-19T15:55:31.343+0000] {Ingesta_aws.py:40} INFO - Artículos recuperados: 10, total acumulado: 190
[2025-01-19T15:55:31.343+0000] {Ingesta_aws.py:30} INFO - Recuperando página 20...
[2025-01-19T15:55:31.892+0000] {Ingesta_aws.py:40} INFO - Artículos recuperados: 10, total acumulado: 200
[2025-01-19T15:55:31.893+0000] {Ingesta_aws.py:30} INFO - Recuperando página 21...
[2025-01-19T15:55:32.285+0000] {Ingesta_aws.py:40} INFO - Artículos recuperados: 10, total acumulado: 210
[2025-01-19T15:55:32.285+0000] {Ingesta_aws.py:30} INFO - Recuperando página 22...
[2025-01-19T15:55:32.730+0000] {Ingesta_aws.py:40} INFO - Artículos recuperados: 10, total acumulado: 220
[2025-01-19T15:55:32.730+0000] {Ingesta_aws.py:30} INFO - Recuperando página 23...
[2025-01-19T15:55:33.099+0000] {Ingesta_aws.py:40} INFO - Artículos recuperados: 10, total acumulado: 230
[2025-01-19T15:55:33.099+0000] {Ingesta_aws.py:30} INFO - Recuperando página 24...
[2025-01-19T15:55:33.716+0000] {Ingesta_aws.py:40} INFO - Artículos recuperados: 10, total acumulado: 240
[2025-01-19T15:55:33.717+0000] {Ingesta_aws.py:30} INFO - Recuperando página 25...
[2025-01-19T15:55:34.188+0000] {Ingesta_aws.py:40} INFO - Artículos recuperados: 10, total acumulado: 250
[2025-01-19T15:55:34.188+0000] {Ingesta_aws.py:30} INFO - Recuperando página 26...
[2025-01-19T15:55:34.748+0000] {Ingesta_aws.py:40} INFO - Artículos recuperados: 10, total acumulado: 260
[2025-01-19T15:55:34.748+0000] {Ingesta_aws.py:30} INFO - Recuperando página 27...
[2025-01-19T15:55:35.201+0000] {Ingesta_aws.py:40} INFO - Artículos recuperados: 10, total acumulado: 270
[2025-01-19T15:55:35.201+0000] {Ingesta_aws.py:30} INFO - Recuperando página 28...
[2025-01-19T15:55:35.524+0000] {Ingesta_aws.py:40} INFO - Artículos recuperados: 10, total acumulado: 280
[2025-01-19T15:55:35.525+0000] {Ingesta_aws.py:30} INFO - Recuperando página 29...
[2025-01-19T15:55:35.978+0000] {Ingesta_aws.py:40} INFO - Artículos recuperados: 10, total acumulado: 290
[2025-01-19T15:55:35.978+0000] {Ingesta_aws.py:30} INFO - Recuperando página 30...
[2025-01-19T15:55:36.398+0000] {Ingesta_aws.py:40} INFO - Artículos recuperados: 10, total acumulado: 300
[2025-01-19T15:55:36.398+0000] {Ingesta_aws.py:30} INFO - Recuperando página 31...
[2025-01-19T15:55:36.943+0000] {Ingesta_aws.py:40} INFO - Artículos recuperados: 10, total acumulado: 310
[2025-01-19T15:55:36.944+0000] {Ingesta_aws.py:30} INFO - Recuperando página 32...
[2025-01-19T15:55:37.506+0000] {Ingesta_aws.py:40} INFO - Artículos recuperados: 10, total acumulado: 320
[2025-01-19T15:55:37.506+0000] {Ingesta_aws.py:30} INFO - Recuperando página 33...
[2025-01-19T15:55:38.183+0000] {Ingesta_aws.py:40} INFO - Artículos recuperados: 10, total acumulado: 330
[2025-01-19T15:55:38.183+0000] {Ingesta_aws.py:30} INFO - Recuperando página 34...
[2025-01-19T15:55:38.771+0000] {Ingesta_aws.py:40} INFO - Artículos recuperados: 10, total acumulado: 340
[2025-01-19T15:55:38.771+0000] {Ingesta_aws.py:30} INFO - Recuperando página 35...
[2025-01-19T15:55:39.519+0000] {Ingesta_aws.py:40} INFO - Artículos recuperados: 10, total acumulado: 350
[2025-01-19T15:55:39.519+0000] {Ingesta_aws.py:30} INFO - Recuperando página 36...
[2025-01-19T15:55:40.173+0000] {Ingesta_aws.py:40} INFO - Artículos recuperados: 10, total acumulado: 360
[2025-01-19T15:55:40.173+0000] {Ingesta_aws.py:30} INFO - Recuperando página 37...
[2025-01-19T15:55:43.339+0000] {Ingesta_aws.py:40} INFO - Artículos recuperados: 10, total acumulado: 370
[2025-01-19T15:55:43.340+0000] {Ingesta_aws.py:30} INFO - Recuperando página 38...
[2025-01-19T15:55:43.780+0000] {Ingesta_aws.py:40} INFO - Artículos recuperados: 10, total acumulado: 380
[2025-01-19T15:55:43.780+0000] {Ingesta_aws.py:30} INFO - Recuperando página 39...
[2025-01-19T15:55:44.248+0000] {Ingesta_aws.py:40} INFO - Artículos recuperados: 10, total acumulado: 390
[2025-01-19T15:55:44.249+0000] {Ingesta_aws.py:30} INFO - Recuperando página 40...
[2025-01-19T15:55:44.760+0000] {Ingesta_aws.py:40} INFO - Artículos recuperados: 10, total acumulado: 400
[2025-01-19T15:55:44.761+0000] {Ingesta_aws.py:30} INFO - Recuperando página 41...
[2025-01-19T15:55:45.116+0000] {Ingesta_aws.py:40} INFO - Artículos recuperados: 10, total acumulado: 410
[2025-01-19T15:55:45.117+0000] {Ingesta_aws.py:30} INFO - Recuperando página 42...
[2025-01-19T15:55:45.407+0000] {Ingesta_aws.py:40} INFO - Artículos recuperados: 10, total acumulado: 420
[2025-01-19T15:55:45.407+0000] {Ingesta_aws.py:30} INFO - Recuperando página 43...
[2025-01-19T15:55:45.717+0000] {Ingesta_aws.py:40} INFO - Artículos recuperados: 10, total acumulado: 430
[2025-01-19T15:55:45.718+0000] {Ingesta_aws.py:30} INFO - Recuperando página 44...
[2025-01-19T15:55:46.009+0000] {Ingesta_aws.py:40} INFO - Artículos recuperados: 10, total acumulado: 440
[2025-01-19T15:55:46.009+0000] {Ingesta_aws.py:30} INFO - Recuperando página 45...
[2025-01-19T15:55:46.442+0000] {Ingesta_aws.py:40} INFO - Artículos recuperados: 10, total acumulado: 450
[2025-01-19T15:55:46.443+0000] {Ingesta_aws.py:30} INFO - Recuperando página 46...
[2025-01-19T15:55:46.895+0000] {Ingesta_aws.py:40} INFO - Artículos recuperados: 10, total acumulado: 460
[2025-01-19T15:55:46.896+0000] {Ingesta_aws.py:30} INFO - Recuperando página 47...
[2025-01-19T15:55:47.321+0000] {Ingesta_aws.py:40} INFO - Artículos recuperados: 10, total acumulado: 470
[2025-01-19T15:55:47.322+0000] {Ingesta_aws.py:30} INFO - Recuperando página 48...
[2025-01-19T15:55:47.785+0000] {Ingesta_aws.py:40} INFO - Artículos recuperados: 10, total acumulado: 480
[2025-01-19T15:55:47.786+0000] {Ingesta_aws.py:30} INFO - Recuperando página 49...
[2025-01-19T15:55:48.226+0000] {Ingesta_aws.py:40} INFO - Artículos recuperados: 10, total acumulado: 490
[2025-01-19T15:55:48.226+0000] {Ingesta_aws.py:30} INFO - Recuperando página 50...
[2025-01-19T15:55:48.598+0000] {Ingesta_aws.py:40} INFO - Artículos recuperados: 10, total acumulado: 500
[2025-01-19T15:55:48.598+0000] {Ingesta_aws.py:30} INFO - Recuperando página 51...
[2025-01-19T15:55:48.934+0000] {Ingesta_aws.py:40} INFO - Artículos recuperados: 10, total acumulado: 510
[2025-01-19T15:55:48.934+0000] {Ingesta_aws.py:30} INFO - Recuperando página 52...
[2025-01-19T15:55:49.222+0000] {Ingesta_aws.py:40} INFO - Artículos recuperados: 10, total acumulado: 520
[2025-01-19T15:55:49.222+0000] {Ingesta_aws.py:30} INFO - Recuperando página 53...
[2025-01-19T15:55:49.721+0000] {Ingesta_aws.py:40} INFO - Artículos recuperados: 10, total acumulado: 530
[2025-01-19T15:55:49.722+0000] {Ingesta_aws.py:30} INFO - Recuperando página 54...
[2025-01-19T15:55:49.926+0000] {Ingesta_aws.py:40} INFO - Artículos recuperados: 10, total acumulado: 540
[2025-01-19T15:55:49.926+0000] {Ingesta_aws.py:30} INFO - Recuperando página 55...
[2025-01-19T15:55:47.757+0000] {Ingesta_aws.py:40} INFO - Artículos recuperados: 10, total acumulado: 550
[2025-01-19T15:55:47.758+0000] {Ingesta_aws.py:30} INFO - Recuperando página 56...
[2025-01-19T15:55:50.064+0000] {Ingesta_aws.py:40} INFO - Artículos recuperados: 10, total acumulado: 560
[2025-01-19T15:55:50.064+0000] {Ingesta_aws.py:30} INFO - Recuperando página 57...
[2025-01-19T15:55:50.372+0000] {Ingesta_aws.py:40} INFO - Artículos recuperados: 10, total acumulado: 570
[2025-01-19T15:55:50.373+0000] {Ingesta_aws.py:30} INFO - Recuperando página 58...
[2025-01-19T15:55:50.671+0000] {Ingesta_aws.py:40} INFO - Artículos recuperados: 10, total acumulado: 580
[2025-01-19T15:55:50.672+0000] {Ingesta_aws.py:30} INFO - Recuperando página 59...
[2025-01-19T15:55:51.183+0000] {Ingesta_aws.py:40} INFO - Artículos recuperados: 10, total acumulado: 590
[2025-01-19T15:55:51.183+0000] {Ingesta_aws.py:30} INFO - Recuperando página 60...
[2025-01-19T15:55:51.641+0000] {Ingesta_aws.py:40} INFO - Artículos recuperados: 10, total acumulado: 600
[2025-01-19T15:55:51.642+0000] {Ingesta_aws.py:30} INFO - Recuperando página 61...
[2025-01-19T15:55:51.945+0000] {Ingesta_aws.py:40} INFO - Artículos recuperados: 10, total acumulado: 610
[2025-01-19T15:55:51.945+0000] {Ingesta_aws.py:30} INFO - Recuperando página 62...
[2025-01-19T15:55:52.553+0000] {Ingesta_aws.py:40} INFO - Artículos recuperados: 10, total acumulado: 620
[2025-01-19T15:55:52.554+0000] {Ingesta_aws.py:30} INFO - Recuperando página 63...
[2025-01-19T15:55:52.858+0000] {Ingesta_aws.py:40} INFO - Artículos recuperados: 10, total acumulado: 630
[2025-01-19T15:55:52.858+0000] {Ingesta_aws.py:30} INFO - Recuperando página 64...
[2025-01-19T15:55:53.347+0000] {Ingesta_aws.py:40} INFO - Artículos recuperados: 10, total acumulado: 640
[2025-01-19T15:55:53.348+0000] {Ingesta_aws.py:30} INFO - Recuperando página 65...
[2025-01-19T15:55:53.736+0000] {Ingesta_aws.py:40} INFO - Artículos recuperados: 10, total acumulado: 650
[2025-01-19T15:55:53.736+0000] {Ingesta_aws.py:30} INFO - Recuperando página 66...
[2025-01-19T15:55:54.192+0000] {Ingesta_aws.py:40} INFO - Artículos recuperados: 10, total acumulado: 660
[2025-01-19T15:55:54.193+0000] {Ingesta_aws.py:30} INFO - Recuperando página 67...
[2025-01-19T15:55:54.488+0000] {Ingesta_aws.py:40} INFO - Artículos recuperados: 10, total acumulado: 670
[2025-01-19T15:55:54.489+0000] {Ingesta_aws.py:30} INFO - Recuperando página 68...
[2025-01-19T15:55:54.793+0000] {Ingesta_aws.py:40} INFO - Artículos recuperados: 10, total acumulado: 680
[2025-01-19T15:55:54.793+0000] {Ingesta_aws.py:30} INFO - Recuperando página 69...
[2025-01-19T15:55:55.092+0000] {Ingesta_aws.py:40} INFO - Artículos recuperados: 10, total acumulado: 690
[2025-01-19T15:55:55.093+0000] {Ingesta_aws.py:30} INFO - Recuperando página 70...
[2025-01-19T15:55:55.544+0000] {Ingesta_aws.py:40} INFO - Artículos recuperados: 10, total acumulado: 700
[2025-01-19T15:55:55.544+0000] {Ingesta_aws.py:30} INFO - Recuperando página 71...
[2025-01-19T15:55:55.851+0000] {Ingesta_aws.py:40} INFO - Artículos recuperados: 10, total acumulado: 710
[2025-01-19T15:55:55.852+0000] {Ingesta_aws.py:30} INFO - Recuperando página 72...
[2025-01-19T15:55:56.192+0000] {Ingesta_aws.py:40} INFO - Artículos recuperados: 10, total acumulado: 720
[2025-01-19T15:55:56.192+0000] {Ingesta_aws.py:30} INFO - Recuperando página 73...
[2025-01-19T15:55:56.505+0000] {Ingesta_aws.py:40} INFO - Artículos recuperados: 10, total acumulado: 730
[2025-01-19T15:55:56.506+0000] {Ingesta_aws.py:30} INFO - Recuperando página 74...
[2025-01-19T15:55:56.828+0000] {Ingesta_aws.py:40} INFO - Artículos recuperados: 10, total acumulado: 740
[2025-01-19T15:55:56.829+0000] {Ingesta_aws.py:30} INFO - Recuperando página 75...
[2025-01-19T15:55:57.147+0000] {Ingesta_aws.py:40} INFO - Artículos recuperados: 10, total acumulado: 750
[2025-01-19T15:55:57.147+0000] {Ingesta_aws.py:30} INFO - Recuperando página 76...
[2025-01-19T15:55:57.603+0000] {Ingesta_aws.py:40} INFO - Artículos recuperados: 10, total acumulado: 760
[2025-01-19T15:55:57.603+0000] {Ingesta_aws.py:30} INFO - Recuperando página 77...
[2025-01-19T15:55:57.916+0000] {Ingesta_aws.py:40} INFO - Artículos recuperados: 10, total acumulado: 770
[2025-01-19T15:55:57.916+0000] {Ingesta_aws.py:30} INFO - Recuperando página 78...
[2025-01-19T15:55:58.211+0000] {Ingesta_aws.py:40} INFO - Artículos recuperados: 10, total acumulado: 780
[2025-01-19T15:55:58.212+0000] {Ingesta_aws.py:30} INFO - Recuperando página 79...
[2025-01-19T15:55:58.651+0000] {Ingesta_aws.py:40} INFO - Artículos recuperados: 10, total acumulado: 790
[2025-01-19T15:55:58.652+0000] {Ingesta_aws.py:30} INFO - Recuperando página 80...
[2025-01-19T15:55:58.968+0000] {Ingesta_aws.py:40} INFO - Artículos recuperados: 10, total acumulado: 800
[2025-01-19T15:55:58.968+0000] {Ingesta_aws.py:30} INFO - Recuperando página 81...
[2025-01-19T15:55:59.303+0000] {Ingesta_aws.py:40} INFO - Artículos recuperados: 10, total acumulado: 810
[2025-01-19T15:55:59.304+0000] {Ingesta_aws.py:30} INFO - Recuperando página 82...
[2025-01-19T15:55:59.712+0000] {Ingesta_aws.py:40} INFO - Artículos recuperados: 10, total acumulado: 820
[2025-01-19T15:55:59.712+0000] {Ingesta_aws.py:30} INFO - Recuperando página 83...
[2025-01-19T15:56:00.023+0000] {Ingesta_aws.py:40} INFO - Artículos recuperados: 10, total acumulado: 830
[2025-01-19T15:56:00.024+0000] {Ingesta_aws.py:30} INFO - Recuperando página 84...
[2025-01-19T15:56:00.317+0000] {Ingesta_aws.py:40} INFO - Artículos recuperados: 10, total acumulado: 840
[2025-01-19T15:56:00.317+0000] {Ingesta_aws.py:30} INFO - Recuperando página 85...
[2025-01-19T15:56:00.617+0000] {Ingesta_aws.py:40} INFO - Artículos recuperados: 10, total acumulado: 850
[2025-01-19T15:56:00.618+0000] {Ingesta_aws.py:30} INFO - Recuperando página 86...
[2025-01-19T15:56:01.178+0000] {Ingesta_aws.py:40} INFO - Artículos recuperados: 10, total acumulado: 859
[2025-01-19T15:56:01.179+0000] {Ingesta_aws.py:30} INFO - Recuperando página 87...
[2025-01-19T15:56:01.912+0000] {Ingesta_aws.py:40} INFO - Artículos recuperados: 10, total acumulado: 869
[2025-01-19T15:56:01.912+0000] {Ingesta_aws.py:30} INFO - Recuperando página 88...
[2025-01-19T15:56:02.269+0000] {Ingesta_aws.py:40} INFO - Artículos recuperados: 10, total acumulado: 879
[2025-01-19T15:56:02.270+0000] {Ingesta_aws.py:30} INFO - Recuperando página 89...
[2025-01-19T15:56:02.757+0000] {Ingesta_aws.py:40} INFO - Artículos recuperados: 10, total acumulado: 889
[2025-01-19T15:56:02.758+0000] {Ingesta_aws.py:30} INFO - Recuperando página 90...
[2025-01-19T15:56:03.150+0000] {Ingesta_aws.py:40} INFO - Artículos recuperados: 10, total acumulado: 899
[2025-01-19T15:56:03.151+0000] {Ingesta_aws.py:30} INFO - Recuperando página 91...
[2025-01-19T15:56:03.644+0000] {Ingesta_aws.py:40} INFO - Artículos recuperados: 10, total acumulado: 909
[2025-01-19T15:56:03.644+0000] {Ingesta_aws.py:30} INFO - Recuperando página 92...
[2025-01-19T15:56:04.041+0000] {Ingesta_aws.py:40} INFO - Artículos recuperados: 10, total acumulado: 919
[2025-01-19T15:56:04.041+0000] {Ingesta_aws.py:30} INFO - Recuperando página 93...
[2025-01-19T15:56:04.519+0000] {Ingesta_aws.py:40} INFO - Artículos recuperados: 10, total acumulado: 929
[2025-01-19T15:56:04.519+0000] {Ingesta_aws.py:30} INFO - Recuperando página 94...
[2025-01-19T15:56:05.060+0000] {Ingesta_aws.py:40} INFO - Artículos recuperados: 10, total acumulado: 939
[2025-01-19T15:56:05.061+0000] {Ingesta_aws.py:30} INFO - Recuperando página 95...
[2025-01-19T15:56:05.475+0000] {Ingesta_aws.py:40} INFO - Artículos recuperados: 10, total acumulado: 949
[2025-01-19T15:56:05.476+0000] {Ingesta_aws.py:30} INFO - Recuperando página 96...
[2025-01-19T15:56:05.960+0000] {Ingesta_aws.py:40} INFO - Artículos recuperados: 10, total acumulado: 959
[2025-01-19T15:56:05.960+0000] {Ingesta_aws.py:30} INFO - Recuperando página 97...
[2025-01-19T15:56:06.443+0000] {Ingesta_aws.py:40} INFO - Artículos recuperados: 10, total acumulado: 969
[2025-01-19T15:56:06.443+0000] {Ingesta_aws.py:30} INFO - Recuperando página 98...
[2025-01-19T15:56:06.793+0000] {Ingesta_aws.py:40} INFO - Artículos recuperados: 10, total acumulado: 979
[2025-01-19T15:56:06.793+0000] {Ingesta_aws.py:30} INFO - Recuperando página 99...
[2025-01-19T15:56:07.113+0000] {Ingesta_aws.py:40} INFO - Artículos recuperados: 10, total acumulado: 989
[2025-01-19T15:56:07.113+0000] {Ingesta_aws.py:30} INFO - Recuperando página 100...
[2025-01-19T15:56:07.706+0000] {Ingesta_aws.py:40} INFO - Artículos recuperados: 10, total acumulado: 999
[2025-01-19T15:56:07.706+0000] {Ingesta_aws.py:30} INFO - Recuperando página 101...
[2025-01-19T15:56:08.028+0000] {Ingesta_aws.py:40} INFO - Artículos recuperados: 10, total acumulado: 1009
[2025-01-19T15:56:08.028+0000] {Ingesta_aws.py:30} INFO - Recuperando página 102...
[2025-01-19T15:56:08.554+0000] {Ingesta_aws.py:40} INFO - Artículos recuperados: 10, total acumulado: 1019
[2025-01-19T15:56:08.554+0000] {Ingesta_aws.py:30} INFO - Recuperando página 103...
[2025-01-19T15:56:08.916+0000] {Ingesta_aws.py:40} INFO - Artículos recuperados: 10, total acumulado: 1029
[2025-01-19T15:56:08.917+0000] {Ingesta_aws.py:30} INFO - Recuperando página 104...
[2025-01-19T15:56:09.284+0000] {Ingesta_aws.py:40} INFO - Artículos recuperados: 10, total acumulado: 1039
[2025-01-19T15:56:09.284+0000] {Ingesta_aws.py:30} INFO - Recuperando página 105...
[2025-01-19T15:56:09.773+0000] {Ingesta_aws.py:40} INFO - Artículos recuperados: 10, total acumulado: 1049
[2025-01-19T15:56:09.774+0000] {Ingesta_aws.py:30} INFO - Recuperando página 106...
[2025-01-19T15:56:10.113+0000] {Ingesta_aws.py:40} INFO - Artículos recuperados: 10, total acumulado: 1059
[2025-01-19T15:56:10.114+0000] {Ingesta_aws.py:30} INFO - Recuperando página 107...
[2025-01-19T15:56:10.541+0000] {Ingesta_aws.py:40} INFO - Artículos recuperados: 10, total acumulado: 1069
[2025-01-19T15:56:10.542+0000] {Ingesta_aws.py:30} INFO - Recuperando página 108...
[2025-01-19T15:56:10.897+0000] {Ingesta_aws.py:40} INFO - Artículos recuperados: 10, total acumulado: 1079
[2025-01-19T15:56:10.897+0000] {Ingesta_aws.py:30} INFO - Recuperando página 109...
[2025-01-19T15:56:11.310+0000] {Ingesta_aws.py:40} INFO - Artículos recuperados: 10, total acumulado: 1089
[2025-01-19T15:56:11.311+0000] {Ingesta_aws.py:30} INFO - Recuperando página 110...
[2025-01-19T15:56:11.771+0000] {Ingesta_aws.py:40} INFO - Artículos recuperados: 10, total acumulado: 1099
[2025-01-19T15:56:11.772+0000] {Ingesta_aws.py:30} INFO - Recuperando página 111...
[2025-01-19T15:56:12.151+0000] {Ingesta_aws.py:40} INFO - Artículos recuperados: 10, total acumulado: 1109
[2025-01-19T15:56:12.151+0000] {Ingesta_aws.py:30} INFO - Recuperando página 112...
[2025-01-19T15:56:12.468+0000] {Ingesta_aws.py:40} INFO - Artículos recuperados: 10, total acumulado: 1119
[2025-01-19T15:56:12.469+0000] {Ingesta_aws.py:30} INFO - Recuperando página 113...
[2025-01-19T15:56:12.954+0000] {Ingesta_aws.py:40} INFO - Artículos recuperados: 10, total acumulado: 1129
[2025-01-19T15:56:12.955+0000] {Ingesta_aws.py:30} INFO - Recuperando página 114...
[2025-01-19T15:56:13.539+0000] {Ingesta_aws.py:40} INFO - Artículos recuperados: 10, total acumulado: 1139
[2025-01-19T15:56:13.540+0000] {Ingesta_aws.py:30} INFO - Recuperando página 115...
[2025-01-19T15:56:13.955+0000] {Ingesta_aws.py:40} INFO - Artículos recuperados: 10, total acumulado: 1149
[2025-01-19T15:56:13.956+0000] {Ingesta_aws.py:30} INFO - Recuperando página 116...
[2025-01-19T15:56:14.256+0000] {Ingesta_aws.py:40} INFO - Artículos recuperados: 10, total acumulado: 1159
[2025-01-19T15:56:14.256+0000] {Ingesta_aws.py:30} INFO - Recuperando página 117...
[2025-01-19T15:56:14.645+0000] {Ingesta_aws.py:40} INFO - Artículos recuperados: 10, total acumulado: 1169
[2025-01-19T15:56:14.645+0000] {Ingesta_aws.py:30} INFO - Recuperando página 118...
[2025-01-19T15:56:15.030+0000] {Ingesta_aws.py:40} INFO - Artículos recuperados: 10, total acumulado: 1179
[2025-01-19T15:56:15.031+0000] {Ingesta_aws.py:30} INFO - Recuperando página 119...
[2025-01-19T15:56:15.524+0000] {Ingesta_aws.py:40} INFO - Artículos recuperados: 10, total acumulado: 1189
[2025-01-19T15:56:15.525+0000] {Ingesta_aws.py:30} INFO - Recuperando página 120...
[2025-01-19T15:56:15.948+0000] {Ingesta_aws.py:40} INFO - Artículos recuperados: 10, total acumulado: 1199
[2025-01-19T15:56:15.948+0000] {Ingesta_aws.py:30} INFO - Recuperando página 121...
[2025-01-19T15:56:16.269+0000] {Ingesta_aws.py:40} INFO - Artículos recuperados: 10, total acumulado: 1209
[2025-01-19T15:56:16.269+0000] {Ingesta_aws.py:30} INFO - Recuperando página 122...
[2025-01-19T15:56:16.581+0000] {Ingesta_aws.py:40} INFO - Artículos recuperados: 10, total acumulado: 1219
[2025-01-19T15:56:16.582+0000] {Ingesta_aws.py:30} INFO - Recuperando página 123...
[2025-01-19T15:56:16.927+0000] {Ingesta_aws.py:40} INFO - Artículos recuperados: 10, total acumulado: 1229
[2025-01-19T15:56:16.927+0000] {Ingesta_aws.py:30} INFO - Recuperando página 124...
[2025-01-19T15:56:17.247+0000] {Ingesta_aws.py:40} INFO - Artículos recuperados: 10, total acumulado: 1238
[2025-01-19T15:56:17.248+0000] {Ingesta_aws.py:30} INFO - Recuperando página 125...
[2025-01-19T15:56:17.297+0000] {Ingesta_aws.py:40} INFO - Artículos recuperados: 10, total acumulado: 1248
[2025-01-19T15:56:17.297+0000] {Ingesta_aws.py:30} INFO - Recuperando página 126...
[2025-01-19T15:56:15.279+0000] {Ingesta_aws.py:40} INFO - Artículos recuperados: 10, total acumulado: 1258
[2025-01-19T15:56:15.279+0000] {Ingesta_aws.py:30} INFO - Recuperando página 127...
[2025-01-19T15:56:15.675+0000] {Ingesta_aws.py:40} INFO - Artículos recuperados: 10, total acumulado: 1268
[2025-01-19T15:56:15.676+0000] {Ingesta_aws.py:30} INFO - Recuperando página 128...
[2025-01-19T15:56:16.247+0000] {Ingesta_aws.py:40} INFO - Artículos recuperados: 10, total acumulado: 1278
[2025-01-19T15:56:16.248+0000] {Ingesta_aws.py:30} INFO - Recuperando página 129...
[2025-01-19T15:56:16.570+0000] {Ingesta_aws.py:40} INFO - Artículos recuperados: 10, total acumulado: 1288
[2025-01-19T15:56:16.570+0000] {Ingesta_aws.py:30} INFO - Recuperando página 130...
[2025-01-19T15:56:17.056+0000] {Ingesta_aws.py:40} INFO - Artículos recuperados: 10, total acumulado: 1298
[2025-01-19T15:56:17.057+0000] {Ingesta_aws.py:30} INFO - Recuperando página 131...
[2025-01-19T15:56:17.467+0000] {Ingesta_aws.py:40} INFO - Artículos recuperados: 10, total acumulado: 1308
[2025-01-19T15:56:17.467+0000] {Ingesta_aws.py:30} INFO - Recuperando página 132...
[2025-01-19T15:56:17.761+0000] {Ingesta_aws.py:40} INFO - Artículos recuperados: 10, total acumulado: 1318
[2025-01-19T15:56:17.762+0000] {Ingesta_aws.py:30} INFO - Recuperando página 133...
[2025-01-19T15:56:18.148+0000] {Ingesta_aws.py:40} INFO - Artículos recuperados: 10, total acumulado: 1328
[2025-01-19T15:56:18.149+0000] {Ingesta_aws.py:30} INFO - Recuperando página 134...
[2025-01-19T15:56:18.639+0000] {Ingesta_aws.py:40} INFO - Artículos recuperados: 10, total acumulado: 1338
[2025-01-19T15:56:18.639+0000] {Ingesta_aws.py:30} INFO - Recuperando página 135...
[2025-01-19T15:56:19.147+0000] {Ingesta_aws.py:40} INFO - Artículos recuperados: 10, total acumulado: 1348
[2025-01-19T15:56:19.147+0000] {Ingesta_aws.py:30} INFO - Recuperando página 136...
[2025-01-19T15:56:19.642+0000] {Ingesta_aws.py:40} INFO - Artículos recuperados: 10, total acumulado: 1358
[2025-01-19T15:56:19.643+0000] {Ingesta_aws.py:30} INFO - Recuperando página 137...
[2025-01-19T15:56:20.145+0000] {Ingesta_aws.py:40} INFO - Artículos recuperados: 10, total acumulado: 1368
[2025-01-19T15:56:20.145+0000] {Ingesta_aws.py:30} INFO - Recuperando página 138...
[2025-01-19T15:56:20.538+0000] {Ingesta_aws.py:40} INFO - Artículos recuperados: 10, total acumulado: 1378
[2025-01-19T15:56:20.539+0000] {Ingesta_aws.py:30} INFO - Recuperando página 139...
[2025-01-19T15:56:20.965+0000] {Ingesta_aws.py:40} INFO - Artículos recuperados: 10, total acumulado: 1388
[2025-01-19T15:56:20.965+0000] {Ingesta_aws.py:30} INFO - Recuperando página 140...
[2025-01-19T15:56:21.429+0000] {Ingesta_aws.py:40} INFO - Artículos recuperados: 10, total acumulado: 1398
[2025-01-19T15:56:21.430+0000] {Ingesta_aws.py:30} INFO - Recuperando página 141...
[2025-01-19T15:56:21.723+0000] {Ingesta_aws.py:40} INFO - Artículos recuperados: 10, total acumulado: 1408
[2025-01-19T15:56:21.724+0000] {Ingesta_aws.py:30} INFO - Recuperando página 142...
[2025-01-19T15:56:22.117+0000] {Ingesta_aws.py:40} INFO - Artículos recuperados: 10, total acumulado: 1418
[2025-01-19T15:56:22.118+0000] {Ingesta_aws.py:30} INFO - Recuperando página 143...
[2025-01-19T15:56:22.458+0000] {Ingesta_aws.py:40} INFO - Artículos recuperados: 10, total acumulado: 1428
[2025-01-19T15:56:22.459+0000] {Ingesta_aws.py:30} INFO - Recuperando página 144...
[2025-01-19T15:56:22.769+0000] {Ingesta_aws.py:40} INFO - Artículos recuperados: 10, total acumulado: 1438
[2025-01-19T15:56:22.769+0000] {Ingesta_aws.py:30} INFO - Recuperando página 145...
[2025-01-19T15:56:23.140+0000] {Ingesta_aws.py:40} INFO - Artículos recuperados: 10, total acumulado: 1448
[2025-01-19T15:56:23.141+0000] {Ingesta_aws.py:30} INFO - Recuperando página 146...
[2025-01-19T15:56:23.461+0000] {Ingesta_aws.py:40} INFO - Artículos recuperados: 10, total acumulado: 1458
[2025-01-19T15:56:23.461+0000] {Ingesta_aws.py:30} INFO - Recuperando página 147...
[2025-01-19T15:56:23.786+0000] {Ingesta_aws.py:40} INFO - Artículos recuperados: 10, total acumulado: 1468
[2025-01-19T15:56:23.787+0000] {Ingesta_aws.py:30} INFO - Recuperando página 148...
[2025-01-19T15:56:24.111+0000] {Ingesta_aws.py:40} INFO - Artículos recuperados: 10, total acumulado: 1478
[2025-01-19T15:56:24.112+0000] {Ingesta_aws.py:30} INFO - Recuperando página 149...
[2025-01-19T15:56:24.528+0000] {Ingesta_aws.py:40} INFO - Artículos recuperados: 10, total acumulado: 1488
[2025-01-19T15:56:24.529+0000] {Ingesta_aws.py:30} INFO - Recuperando página 150...
[2025-01-19T15:56:25.059+0000] {Ingesta_aws.py:40} INFO - Artículos recuperados: 10, total acumulado: 1498
[2025-01-19T15:56:25.059+0000] {Ingesta_aws.py:30} INFO - Recuperando página 151...
[2025-01-19T15:56:25.416+0000] {Ingesta_aws.py:40} INFO - Artículos recuperados: 10, total acumulado: 1508
[2025-01-19T15:56:25.416+0000] {Ingesta_aws.py:30} INFO - Recuperando página 152...
[2025-01-19T15:56:25.943+0000] {Ingesta_aws.py:40} INFO - Artículos recuperados: 10, total acumulado: 1518
[2025-01-19T15:56:25.943+0000] {Ingesta_aws.py:30} INFO - Recuperando página 153...
[2025-01-19T15:56:26.314+0000] {Ingesta_aws.py:40} INFO - Artículos recuperados: 10, total acumulado: 1528
[2025-01-19T15:56:26.314+0000] {Ingesta_aws.py:30} INFO - Recuperando página 154...
[2025-01-19T15:56:26.751+0000] {Ingesta_aws.py:40} INFO - Artículos recuperados: 10, total acumulado: 1538
[2025-01-19T15:56:26.751+0000] {Ingesta_aws.py:30} INFO - Recuperando página 155...
[2025-01-19T15:56:27.158+0000] {Ingesta_aws.py:40} INFO - Artículos recuperados: 10, total acumulado: 1548
[2025-01-19T15:56:27.159+0000] {Ingesta_aws.py:30} INFO - Recuperando página 156...
[2025-01-19T15:56:27.527+0000] {Ingesta_aws.py:40} INFO - Artículos recuperados: 10, total acumulado: 1558
[2025-01-19T15:56:27.528+0000] {Ingesta_aws.py:30} INFO - Recuperando página 157...
[2025-01-19T15:56:27.910+0000] {Ingesta_aws.py:40} INFO - Artículos recuperados: 10, total acumulado: 1568
[2025-01-19T15:56:27.911+0000] {Ingesta_aws.py:30} INFO - Recuperando página 158...
[2025-01-19T15:56:28.281+0000] {Ingesta_aws.py:40} INFO - Artículos recuperados: 10, total acumulado: 1578
[2025-01-19T15:56:28.281+0000] {Ingesta_aws.py:30} INFO - Recuperando página 159...
[2025-01-19T15:56:28.671+0000] {Ingesta_aws.py:40} INFO - Artículos recuperados: 10, total acumulado: 1588
[2025-01-19T15:56:28.672+0000] {Ingesta_aws.py:30} INFO - Recuperando página 160...
[2025-01-19T15:56:29.129+0000] {Ingesta_aws.py:40} INFO - Artículos recuperados: 10, total acumulado: 1598
[2025-01-19T15:56:29.129+0000] {Ingesta_aws.py:30} INFO - Recuperando página 161...
[2025-01-19T15:56:29.530+0000] {Ingesta_aws.py:40} INFO - Artículos recuperados: 10, total acumulado: 1608
[2025-01-19T15:56:29.530+0000] {Ingesta_aws.py:30} INFO - Recuperando página 162...
[2025-01-19T15:56:30.014+0000] {Ingesta_aws.py:40} INFO - Artículos recuperados: 10, total acumulado: 1618
[2025-01-19T15:56:30.015+0000] {Ingesta_aws.py:30} INFO - Recuperando página 163...
[2025-01-19T15:56:30.568+0000] {Ingesta_aws.py:40} INFO - Artículos recuperados: 10, total acumulado: 1628
[2025-01-19T15:56:30.569+0000] {Ingesta_aws.py:30} INFO - Recuperando página 164...
[2025-01-19T15:56:30.884+0000] {Ingesta_aws.py:40} INFO - Artículos recuperados: 10, total acumulado: 1638
[2025-01-19T15:56:30.884+0000] {Ingesta_aws.py:30} INFO - Recuperando página 165...
[2025-01-19T15:56:31.233+0000] {Ingesta_aws.py:40} INFO - Artículos recuperados: 10, total acumulado: 1648
[2025-01-19T15:56:31.233+0000] {Ingesta_aws.py:30} INFO - Recuperando página 166...
[2025-01-19T15:56:31.909+0000] {Ingesta_aws.py:40} INFO - Artículos recuperados: 10, total acumulado: 1658
[2025-01-19T15:56:31.910+0000] {Ingesta_aws.py:30} INFO - Recuperando página 167...
[2025-01-19T15:56:32.450+0000] {Ingesta_aws.py:40} INFO - Artículos recuperados: 10, total acumulado: 1668
[2025-01-19T15:56:32.451+0000] {Ingesta_aws.py:30} INFO - Recuperando página 168...
[2025-01-19T15:56:33.061+0000] {Ingesta_aws.py:40} INFO - Artículos recuperados: 10, total acumulado: 1678
[2025-01-19T15:56:33.061+0000] {Ingesta_aws.py:30} INFO - Recuperando página 169...
[2025-01-19T15:56:33.448+0000] {Ingesta_aws.py:40} INFO - Artículos recuperados: 10, total acumulado: 1688
[2025-01-19T15:56:33.449+0000] {Ingesta_aws.py:30} INFO - Recuperando página 170...
[2025-01-19T15:56:33.841+0000] {Ingesta_aws.py:40} INFO - Artículos recuperados: 10, total acumulado: 1698
[2025-01-19T15:56:33.842+0000] {Ingesta_aws.py:30} INFO - Recuperando página 171...
[2025-01-19T15:56:34.273+0000] {Ingesta_aws.py:40} INFO - Artículos recuperados: 10, total acumulado: 1708
[2025-01-19T15:56:34.274+0000] {Ingesta_aws.py:30} INFO - Recuperando página 172...
[2025-01-19T15:56:34.664+0000] {Ingesta_aws.py:40} INFO - Artículos recuperados: 10, total acumulado: 1718
[2025-01-19T15:56:34.664+0000] {Ingesta_aws.py:30} INFO - Recuperando página 173...
[2025-01-19T15:56:35.030+0000] {Ingesta_aws.py:40} INFO - Artículos recuperados: 10, total acumulado: 1728
[2025-01-19T15:56:35.031+0000] {Ingesta_aws.py:30} INFO - Recuperando página 174...
[2025-01-19T15:56:35.586+0000] {Ingesta_aws.py:40} INFO - Artículos recuperados: 10, total acumulado: 1738
[2025-01-19T15:56:35.587+0000] {Ingesta_aws.py:30} INFO - Recuperando página 175...
[2025-01-19T15:56:35.912+0000] {Ingesta_aws.py:40} INFO - Artículos recuperados: 10, total acumulado: 1748
[2025-01-19T15:56:35.913+0000] {Ingesta_aws.py:30} INFO - Recuperando página 176...
[2025-01-19T15:56:36.257+0000] {Ingesta_aws.py:40} INFO - Artículos recuperados: 10, total acumulado: 1758
[2025-01-19T15:56:36.257+0000] {Ingesta_aws.py:30} INFO - Recuperando página 177...
[2025-01-19T15:56:36.721+0000] {Ingesta_aws.py:40} INFO - Artículos recuperados: 10, total acumulado: 1768
[2025-01-19T15:56:36.721+0000] {Ingesta_aws.py:30} INFO - Recuperando página 178...
[2025-01-19T15:56:37.174+0000] {Ingesta_aws.py:40} INFO - Artículos recuperados: 10, total acumulado: 1778
[2025-01-19T15:56:37.175+0000] {Ingesta_aws.py:30} INFO - Recuperando página 179...
[2025-01-19T15:56:37.520+0000] {Ingesta_aws.py:40} INFO - Artículos recuperados: 10, total acumulado: 1788
[2025-01-19T15:56:37.520+0000] {Ingesta_aws.py:30} INFO - Recuperando página 180...
[2025-01-19T15:56:37.860+0000] {Ingesta_aws.py:40} INFO - Artículos recuperados: 10, total acumulado: 1798
[2025-01-19T15:56:37.860+0000] {Ingesta_aws.py:30} INFO - Recuperando página 181...
[2025-01-19T15:56:38.223+0000] {Ingesta_aws.py:40} INFO - Artículos recuperados: 10, total acumulado: 1808
[2025-01-19T15:56:38.223+0000] {Ingesta_aws.py:30} INFO - Recuperando página 182...
[2025-01-19T15:56:38.599+0000] {Ingesta_aws.py:40} INFO - Artículos recuperados: 10, total acumulado: 1818
[2025-01-19T15:56:38.600+0000] {Ingesta_aws.py:30} INFO - Recuperando página 183...
[2025-01-19T15:56:38.970+0000] {Ingesta_aws.py:40} INFO - Artículos recuperados: 10, total acumulado: 1828
[2025-01-19T15:56:38.970+0000] {Ingesta_aws.py:30} INFO - Recuperando página 184...
[2025-01-19T15:56:39.369+0000] {Ingesta_aws.py:40} INFO - Artículos recuperados: 10, total acumulado: 1838
[2025-01-19T15:56:39.370+0000] {Ingesta_aws.py:30} INFO - Recuperando página 185...
[2025-01-19T15:56:39.947+0000] {Ingesta_aws.py:40} INFO - Artículos recuperados: 10, total acumulado: 1848
[2025-01-19T15:56:39.947+0000] {Ingesta_aws.py:30} INFO - Recuperando página 186...
[2025-01-19T15:56:41.141+0000] {Ingesta_aws.py:40} INFO - Artículos recuperados: 10, total acumulado: 1858
[2025-01-19T15:56:41.141+0000] {Ingesta_aws.py:30} INFO - Recuperando página 187...
[2025-01-19T15:56:41.708+0000] {Ingesta_aws.py:40} INFO - Artículos recuperados: 10, total acumulado: 1868
[2025-01-19T15:56:41.708+0000] {Ingesta_aws.py:30} INFO - Recuperando página 188...
[2025-01-19T15:56:42.255+0000] {Ingesta_aws.py:40} INFO - Artículos recuperados: 10, total acumulado: 1878
[2025-01-19T15:56:42.255+0000] {Ingesta_aws.py:30} INFO - Recuperando página 189...
[2025-01-19T15:56:42.638+0000] {Ingesta_aws.py:40} INFO - Artículos recuperados: 10, total acumulado: 1888
[2025-01-19T15:56:42.638+0000] {Ingesta_aws.py:30} INFO - Recuperando página 190...
[2025-01-19T15:56:43.622+0000] {Ingesta_aws.py:40} INFO - Artículos recuperados: 10, total acumulado: 1898
[2025-01-19T15:56:43.622+0000] {Ingesta_aws.py:30} INFO - Recuperando página 191...
[2025-01-19T15:56:44.065+0000] {Ingesta_aws.py:40} INFO - Artículos recuperados: 10, total acumulado: 1908
[2025-01-19T15:56:44.066+0000] {Ingesta_aws.py:30} INFO - Recuperando página 192...
[2025-01-19T15:56:42.685+0000] {Ingesta_aws.py:40} INFO - Artículos recuperados: 10, total acumulado: 1918
[2025-01-19T15:56:42.686+0000] {Ingesta_aws.py:30} INFO - Recuperando página 193...
[2025-01-19T15:56:43.262+0000] {Ingesta_aws.py:40} INFO - Artículos recuperados: 10, total acumulado: 1928
[2025-01-19T15:56:43.263+0000] {Ingesta_aws.py:30} INFO - Recuperando página 194...
[2025-01-19T15:56:45.105+0000] {Ingesta_aws.py:40} INFO - Artículos recuperados: 10, total acumulado: 1938
[2025-01-19T15:56:45.106+0000] {Ingesta_aws.py:30} INFO - Recuperando página 195...
[2025-01-19T15:56:46.541+0000] {Ingesta_aws.py:40} INFO - Artículos recuperados: 10, total acumulado: 1948
[2025-01-19T15:56:46.541+0000] {Ingesta_aws.py:30} INFO - Recuperando página 196...
[2025-01-19T15:56:47.060+0000] {Ingesta_aws.py:40} INFO - Artículos recuperados: 10, total acumulado: 1958
[2025-01-19T15:56:47.061+0000] {Ingesta_aws.py:30} INFO - Recuperando página 197...
[2025-01-19T15:56:48.384+0000] {Ingesta_aws.py:40} INFO - Artículos recuperados: 10, total acumulado: 1968
[2025-01-19T15:56:48.385+0000] {Ingesta_aws.py:30} INFO - Recuperando página 198...
[2025-01-19T15:56:49.058+0000] {Ingesta_aws.py:40} INFO - Artículos recuperados: 10, total acumulado: 1978
[2025-01-19T15:56:49.058+0000] {Ingesta_aws.py:30} INFO - Recuperando página 199...
[2025-01-19T15:56:50.802+0000] {Ingesta_aws.py:40} INFO - Artículos recuperados: 10, total acumulado: 1988
[2025-01-19T15:56:50.802+0000] {Ingesta_aws.py:30} INFO - Recuperando página 200...
[2025-01-19T15:56:51.187+0000] {Ingesta_aws.py:40} INFO - Artículos recuperados: 10, total acumulado: 1998
[2025-01-19T15:56:51.188+0000] {Ingesta_aws.py:30} INFO - Recuperando página 201...
[2025-01-19T15:56:51.552+0000] {Ingesta_aws.py:40} INFO - Artículos recuperados: 10, total acumulado: 2008
[2025-01-19T15:56:51.552+0000] {Ingesta_aws.py:30} INFO - Recuperando página 202...
[2025-01-19T15:56:51.902+0000] {Ingesta_aws.py:40} INFO - Artículos recuperados: 10, total acumulado: 2018
[2025-01-19T15:56:51.902+0000] {Ingesta_aws.py:30} INFO - Recuperando página 203...
[2025-01-19T15:56:52.294+0000] {Ingesta_aws.py:40} INFO - Artículos recuperados: 10, total acumulado: 2028
[2025-01-19T15:56:52.295+0000] {Ingesta_aws.py:30} INFO - Recuperando página 204...
[2025-01-19T15:56:52.680+0000] {Ingesta_aws.py:40} INFO - Artículos recuperados: 10, total acumulado: 2038
[2025-01-19T15:56:52.680+0000] {Ingesta_aws.py:30} INFO - Recuperando página 205...
[2025-01-19T15:56:53.013+0000] {Ingesta_aws.py:40} INFO - Artículos recuperados: 10, total acumulado: 2048
[2025-01-19T15:56:53.014+0000] {Ingesta_aws.py:30} INFO - Recuperando página 206...
[2025-01-19T15:56:53.476+0000] {Ingesta_aws.py:40} INFO - Artículos recuperados: 10, total acumulado: 2058
[2025-01-19T15:56:53.477+0000] {Ingesta_aws.py:30} INFO - Recuperando página 207...
[2025-01-19T15:56:53.957+0000] {Ingesta_aws.py:40} INFO - Artículos recuperados: 10, total acumulado: 2068
[2025-01-19T15:56:53.957+0000] {Ingesta_aws.py:30} INFO - Recuperando página 208...
[2025-01-19T15:56:54.326+0000] {Ingesta_aws.py:40} INFO - Artículos recuperados: 10, total acumulado: 2078
[2025-01-19T15:56:54.326+0000] {Ingesta_aws.py:30} INFO - Recuperando página 209...
[2025-01-19T15:56:54.691+0000] {Ingesta_aws.py:40} INFO - Artículos recuperados: 10, total acumulado: 2088
[2025-01-19T15:56:54.691+0000] {Ingesta_aws.py:30} INFO - Recuperando página 210...
[2025-01-19T15:56:55.195+0000] {Ingesta_aws.py:40} INFO - Artículos recuperados: 10, total acumulado: 2098
[2025-01-19T15:56:55.195+0000] {Ingesta_aws.py:30} INFO - Recuperando página 211...
[2025-01-19T15:56:55.527+0000] {Ingesta_aws.py:40} INFO - Artículos recuperados: 10, total acumulado: 2108
[2025-01-19T15:56:55.527+0000] {Ingesta_aws.py:30} INFO - Recuperando página 212...
[2025-01-19T15:56:55.864+0000] {Ingesta_aws.py:40} INFO - Artículos recuperados: 10, total acumulado: 2118
[2025-01-19T15:56:55.865+0000] {Ingesta_aws.py:30} INFO - Recuperando página 213...
[2025-01-19T15:56:56.207+0000] {Ingesta_aws.py:40} INFO - Artículos recuperados: 10, total acumulado: 2128
[2025-01-19T15:56:56.208+0000] {Ingesta_aws.py:30} INFO - Recuperando página 214...
[2025-01-19T15:56:56.555+0000] {Ingesta_aws.py:40} INFO - Artículos recuperados: 10, total acumulado: 2138
[2025-01-19T15:56:56.555+0000] {Ingesta_aws.py:30} INFO - Recuperando página 215...
[2025-01-19T15:56:56.945+0000] {Ingesta_aws.py:40} INFO - Artículos recuperados: 10, total acumulado: 2148
[2025-01-19T15:56:56.945+0000] {Ingesta_aws.py:30} INFO - Recuperando página 216...
[2025-01-19T15:56:57.402+0000] {Ingesta_aws.py:40} INFO - Artículos recuperados: 10, total acumulado: 2158
[2025-01-19T15:56:57.403+0000] {Ingesta_aws.py:30} INFO - Recuperando página 217...
[2025-01-19T15:56:57.769+0000] {Ingesta_aws.py:40} INFO - Artículos recuperados: 10, total acumulado: 2168
[2025-01-19T15:56:57.769+0000] {Ingesta_aws.py:30} INFO - Recuperando página 218...
[2025-01-19T15:56:58.094+0000] {Ingesta_aws.py:40} INFO - Artículos recuperados: 10, total acumulado: 2178
[2025-01-19T15:56:58.095+0000] {Ingesta_aws.py:30} INFO - Recuperando página 219...
[2025-01-19T15:56:58.506+0000] {Ingesta_aws.py:40} INFO - Artículos recuperados: 10, total acumulado: 2188
[2025-01-19T15:56:58.506+0000] {Ingesta_aws.py:30} INFO - Recuperando página 220...
[2025-01-19T15:56:58.866+0000] {Ingesta_aws.py:40} INFO - Artículos recuperados: 10, total acumulado: 2198
[2025-01-19T15:56:58.866+0000] {Ingesta_aws.py:30} INFO - Recuperando página 221...
[2025-01-19T15:56:59.296+0000] {Ingesta_aws.py:40} INFO - Artículos recuperados: 10, total acumulado: 2208
[2025-01-19T15:56:59.297+0000] {Ingesta_aws.py:30} INFO - Recuperando página 222...
[2025-01-19T15:56:59.676+0000] {Ingesta_aws.py:40} INFO - Artículos recuperados: 10, total acumulado: 2218
[2025-01-19T15:56:59.676+0000] {Ingesta_aws.py:30} INFO - Recuperando página 223...
[2025-01-19T15:57:00.048+0000] {Ingesta_aws.py:40} INFO - Artículos recuperados: 10, total acumulado: 2228
[2025-01-19T15:57:00.048+0000] {Ingesta_aws.py:30} INFO - Recuperando página 224...
[2025-01-19T15:57:00.386+0000] {Ingesta_aws.py:40} INFO - Artículos recuperados: 10, total acumulado: 2238
[2025-01-19T15:57:00.386+0000] {Ingesta_aws.py:30} INFO - Recuperando página 225...
[2025-01-19T15:57:00.804+0000] {Ingesta_aws.py:40} INFO - Artículos recuperados: 10, total acumulado: 2248
[2025-01-19T15:57:00.805+0000] {Ingesta_aws.py:30} INFO - Recuperando página 226...
[2025-01-19T15:57:01.205+0000] {Ingesta_aws.py:40} INFO - Artículos recuperados: 10, total acumulado: 2258
[2025-01-19T15:57:01.206+0000] {Ingesta_aws.py:30} INFO - Recuperando página 227...
[2025-01-19T15:57:01.619+0000] {Ingesta_aws.py:40} INFO - Artículos recuperados: 10, total acumulado: 2268
[2025-01-19T15:57:01.620+0000] {Ingesta_aws.py:30} INFO - Recuperando página 228...
[2025-01-19T15:57:02.318+0000] {Ingesta_aws.py:40} INFO - Artículos recuperados: 10, total acumulado: 2278
[2025-01-19T15:57:02.319+0000] {Ingesta_aws.py:30} INFO - Recuperando página 229...
[2025-01-19T15:57:02.850+0000] {Ingesta_aws.py:40} INFO - Artículos recuperados: 10, total acumulado: 2288
[2025-01-19T15:57:02.851+0000] {Ingesta_aws.py:30} INFO - Recuperando página 230...
[2025-01-19T15:57:03.340+0000] {Ingesta_aws.py:40} INFO - Artículos recuperados: 10, total acumulado: 2298
[2025-01-19T15:57:03.341+0000] {Ingesta_aws.py:30} INFO - Recuperando página 231...
[2025-01-19T15:57:03.771+0000] {Ingesta_aws.py:40} INFO - Artículos recuperados: 10, total acumulado: 2308
[2025-01-19T15:57:03.772+0000] {Ingesta_aws.py:30} INFO - Recuperando página 232...
[2025-01-19T15:57:04.272+0000] {Ingesta_aws.py:40} INFO - Artículos recuperados: 10, total acumulado: 2318
[2025-01-19T15:57:04.273+0000] {Ingesta_aws.py:30} INFO - Recuperando página 233...
[2025-01-19T15:57:04.923+0000] {Ingesta_aws.py:40} INFO - Artículos recuperados: 10, total acumulado: 2328
[2025-01-19T15:57:04.924+0000] {Ingesta_aws.py:30} INFO - Recuperando página 234...
[2025-01-19T15:57:05.392+0000] {Ingesta_aws.py:40} INFO - Artículos recuperados: 10, total acumulado: 2338
[2025-01-19T15:57:05.392+0000] {Ingesta_aws.py:30} INFO - Recuperando página 235...
[2025-01-19T15:57:06.026+0000] {Ingesta_aws.py:40} INFO - Artículos recuperados: 10, total acumulado: 2348
[2025-01-19T15:57:06.027+0000] {Ingesta_aws.py:30} INFO - Recuperando página 236...
[2025-01-19T15:57:06.448+0000] {Ingesta_aws.py:40} INFO - Artículos recuperados: 10, total acumulado: 2358
[2025-01-19T15:57:06.449+0000] {Ingesta_aws.py:30} INFO - Recuperando página 237...
[2025-01-19T15:57:06.867+0000] {Ingesta_aws.py:40} INFO - Artículos recuperados: 10, total acumulado: 2368
[2025-01-19T15:57:06.868+0000] {Ingesta_aws.py:30} INFO - Recuperando página 238...
[2025-01-19T15:57:07.351+0000] {Ingesta_aws.py:40} INFO - Artículos recuperados: 10, total acumulado: 2378
[2025-01-19T15:57:07.351+0000] {Ingesta_aws.py:30} INFO - Recuperando página 239...
[2025-01-19T15:57:07.985+0000] {Ingesta_aws.py:40} INFO - Artículos recuperados: 10, total acumulado: 2388
[2025-01-19T15:57:07.985+0000] {Ingesta_aws.py:30} INFO - Recuperando página 240...
[2025-01-19T15:57:08.472+0000] {Ingesta_aws.py:40} INFO - Artículos recuperados: 10, total acumulado: 2398
[2025-01-19T15:57:08.473+0000] {Ingesta_aws.py:30} INFO - Recuperando página 241...
[2025-01-19T15:57:08.918+0000] {Ingesta_aws.py:40} INFO - Artículos recuperados: 10, total acumulado: 2408
[2025-01-19T15:57:08.918+0000] {Ingesta_aws.py:30} INFO - Recuperando página 242...
[2025-01-19T15:57:09.512+0000] {Ingesta_aws.py:40} INFO - Artículos recuperados: 10, total acumulado: 2418
[2025-01-19T15:57:09.513+0000] {Ingesta_aws.py:30} INFO - Recuperando página 243...
[2025-01-19T15:57:09.918+0000] {Ingesta_aws.py:40} INFO - Artículos recuperados: 10, total acumulado: 2428
[2025-01-19T15:57:09.919+0000] {Ingesta_aws.py:30} INFO - Recuperando página 244...
[2025-01-19T15:57:10.329+0000] {Ingesta_aws.py:40} INFO - Artículos recuperados: 10, total acumulado: 2438
[2025-01-19T15:57:10.330+0000] {Ingesta_aws.py:30} INFO - Recuperando página 245...
[2025-01-19T15:57:10.838+0000] {Ingesta_aws.py:40} INFO - Artículos recuperados: 10, total acumulado: 2448
[2025-01-19T15:57:10.838+0000] {Ingesta_aws.py:30} INFO - Recuperando página 246...
[2025-01-19T15:57:11.175+0000] {Ingesta_aws.py:40} INFO - Artículos recuperados: 10, total acumulado: 2458
[2025-01-19T15:57:11.175+0000] {Ingesta_aws.py:30} INFO - Recuperando página 247...
[2025-01-19T15:57:11.624+0000] {Ingesta_aws.py:40} INFO - Artículos recuperados: 10, total acumulado: 2468
[2025-01-19T15:57:11.625+0000] {Ingesta_aws.py:30} INFO - Recuperando página 248...
[2025-01-19T15:57:09.659+0000] {Ingesta_aws.py:40} INFO - Artículos recuperados: 10, total acumulado: 2478
[2025-01-19T15:57:09.659+0000] {Ingesta_aws.py:30} INFO - Recuperando página 249...
[2025-01-19T15:57:10.562+0000] {Ingesta_aws.py:40} INFO - Artículos recuperados: 10, total acumulado: 2488
[2025-01-19T15:57:10.563+0000] {Ingesta_aws.py:30} INFO - Recuperando página 250...
[2025-01-19T15:57:11.082+0000] {Ingesta_aws.py:40} INFO - Artículos recuperados: 10, total acumulado: 2498
[2025-01-19T15:57:11.082+0000] {Ingesta_aws.py:30} INFO - Recuperando página 251...
[2025-01-19T15:57:12.241+0000] {Ingesta_aws.py:40} INFO - Artículos recuperados: 10, total acumulado: 2508
[2025-01-19T15:57:12.241+0000] {Ingesta_aws.py:30} INFO - Recuperando página 252...
[2025-01-19T15:57:13.435+0000] {Ingesta_aws.py:40} INFO - Artículos recuperados: 10, total acumulado: 2518
[2025-01-19T15:57:13.435+0000] {Ingesta_aws.py:30} INFO - Recuperando página 253...
[2025-01-19T15:57:15.285+0000] {Ingesta_aws.py:40} INFO - Artículos recuperados: 10, total acumulado: 2528
[2025-01-19T15:57:15.286+0000] {Ingesta_aws.py:30} INFO - Recuperando página 254...
[2025-01-19T15:57:15.759+0000] {Ingesta_aws.py:40} INFO - Artículos recuperados: 10, total acumulado: 2538
[2025-01-19T15:57:15.759+0000] {Ingesta_aws.py:30} INFO - Recuperando página 255...
[2025-01-19T15:57:16.134+0000] {Ingesta_aws.py:40} INFO - Artículos recuperados: 10, total acumulado: 2548
[2025-01-19T15:57:16.135+0000] {Ingesta_aws.py:30} INFO - Recuperando página 256...
[2025-01-19T15:57:16.534+0000] {Ingesta_aws.py:40} INFO - Artículos recuperados: 10, total acumulado: 2558
[2025-01-19T15:57:16.534+0000] {Ingesta_aws.py:30} INFO - Recuperando página 257...
[2025-01-19T15:57:16.996+0000] {Ingesta_aws.py:40} INFO - Artículos recuperados: 10, total acumulado: 2568
[2025-01-19T15:57:16.996+0000] {Ingesta_aws.py:30} INFO - Recuperando página 258...
[2025-01-19T15:57:17.488+0000] {Ingesta_aws.py:40} INFO - Artículos recuperados: 10, total acumulado: 2578
[2025-01-19T15:57:17.488+0000] {Ingesta_aws.py:30} INFO - Recuperando página 259...
[2025-01-19T15:57:18.133+0000] {Ingesta_aws.py:40} INFO - Artículos recuperados: 10, total acumulado: 2588
[2025-01-19T15:57:18.133+0000] {Ingesta_aws.py:30} INFO - Recuperando página 260...
[2025-01-19T15:57:18.497+0000] {Ingesta_aws.py:40} INFO - Artículos recuperados: 10, total acumulado: 2598
[2025-01-19T15:57:18.497+0000] {Ingesta_aws.py:30} INFO - Recuperando página 261...
[2025-01-19T15:57:19.065+0000] {Ingesta_aws.py:40} INFO - Artículos recuperados: 10, total acumulado: 2608
[2025-01-19T15:57:19.065+0000] {Ingesta_aws.py:30} INFO - Recuperando página 262...
[2025-01-19T15:57:19.576+0000] {Ingesta_aws.py:40} INFO - Artículos recuperados: 10, total acumulado: 2618
[2025-01-19T15:57:19.577+0000] {Ingesta_aws.py:30} INFO - Recuperando página 263...
[2025-01-19T15:57:19.991+0000] {Ingesta_aws.py:40} INFO - Artículos recuperados: 10, total acumulado: 2628
[2025-01-19T15:57:19.991+0000] {Ingesta_aws.py:30} INFO - Recuperando página 264...
[2025-01-19T15:57:20.442+0000] {Ingesta_aws.py:40} INFO - Artículos recuperados: 10, total acumulado: 2638
[2025-01-19T15:57:20.442+0000] {Ingesta_aws.py:30} INFO - Recuperando página 265...
[2025-01-19T15:57:21.008+0000] {Ingesta_aws.py:40} INFO - Artículos recuperados: 10, total acumulado: 2648
[2025-01-19T15:57:21.009+0000] {Ingesta_aws.py:30} INFO - Recuperando página 266...
[2025-01-19T15:57:21.623+0000] {Ingesta_aws.py:40} INFO - Artículos recuperados: 10, total acumulado: 2658
[2025-01-19T15:57:21.623+0000] {Ingesta_aws.py:30} INFO - Recuperando página 267...
[2025-01-19T15:57:22.040+0000] {Ingesta_aws.py:40} INFO - Artículos recuperados: 10, total acumulado: 2668
[2025-01-19T15:57:22.040+0000] {Ingesta_aws.py:30} INFO - Recuperando página 268...
[2025-01-19T15:57:22.451+0000] {Ingesta_aws.py:40} INFO - Artículos recuperados: 10, total acumulado: 2678
[2025-01-19T15:57:22.451+0000] {Ingesta_aws.py:30} INFO - Recuperando página 269...
[2025-01-19T15:57:22.885+0000] {Ingesta_aws.py:40} INFO - Artículos recuperados: 10, total acumulado: 2688
[2025-01-19T15:57:22.885+0000] {Ingesta_aws.py:30} INFO - Recuperando página 270...
[2025-01-19T15:57:23.424+0000] {Ingesta_aws.py:40} INFO - Artículos recuperados: 10, total acumulado: 2698
[2025-01-19T15:57:23.425+0000] {Ingesta_aws.py:30} INFO - Recuperando página 271...
[2025-01-19T15:57:23.886+0000] {Ingesta_aws.py:40} INFO - Artículos recuperados: 10, total acumulado: 2708
[2025-01-19T15:57:23.886+0000] {Ingesta_aws.py:30} INFO - Recuperando página 272...
[2025-01-19T15:57:24.317+0000] {Ingesta_aws.py:40} INFO - Artículos recuperados: 10, total acumulado: 2718
[2025-01-19T15:57:24.318+0000] {Ingesta_aws.py:30} INFO - Recuperando página 273...
[2025-01-19T15:57:24.977+0000] {Ingesta_aws.py:40} INFO - Artículos recuperados: 10, total acumulado: 2728
[2025-01-19T15:57:24.977+0000] {Ingesta_aws.py:30} INFO - Recuperando página 274...
[2025-01-19T15:57:25.723+0000] {Ingesta_aws.py:40} INFO - Artículos recuperados: 10, total acumulado: 2738
[2025-01-19T15:57:25.724+0000] {Ingesta_aws.py:30} INFO - Recuperando página 275...
[2025-01-19T15:57:26.773+0000] {Ingesta_aws.py:40} INFO - Artículos recuperados: 10, total acumulado: 2748
[2025-01-19T15:57:26.774+0000] {Ingesta_aws.py:30} INFO - Recuperando página 276...
[2025-01-19T15:57:27.518+0000] {Ingesta_aws.py:40} INFO - Artículos recuperados: 10, total acumulado: 2758
[2025-01-19T15:57:27.518+0000] {Ingesta_aws.py:30} INFO - Recuperando página 277...
[2025-01-19T15:57:27.989+0000] {Ingesta_aws.py:40} INFO - Artículos recuperados: 10, total acumulado: 2768
[2025-01-19T15:57:27.990+0000] {Ingesta_aws.py:30} INFO - Recuperando página 278...
[2025-01-19T15:57:28.502+0000] {Ingesta_aws.py:40} INFO - Artículos recuperados: 10, total acumulado: 2778
[2025-01-19T15:57:28.502+0000] {Ingesta_aws.py:30} INFO - Recuperando página 279...
[2025-01-19T15:57:29.310+0000] {Ingesta_aws.py:40} INFO - Artículos recuperados: 10, total acumulado: 2788
[2025-01-19T15:57:29.311+0000] {Ingesta_aws.py:30} INFO - Recuperando página 280...
[2025-01-19T15:57:29.776+0000] {Ingesta_aws.py:40} INFO - Artículos recuperados: 10, total acumulado: 2798
[2025-01-19T15:57:29.777+0000] {Ingesta_aws.py:30} INFO - Recuperando página 281...
[2025-01-19T15:57:30.298+0000] {Ingesta_aws.py:40} INFO - Artículos recuperados: 10, total acumulado: 2808
[2025-01-19T15:57:30.299+0000] {Ingesta_aws.py:30} INFO - Recuperando página 282...
[2025-01-19T15:57:30.803+0000] {Ingesta_aws.py:40} INFO - Artículos recuperados: 10, total acumulado: 2818
[2025-01-19T15:57:30.804+0000] {Ingesta_aws.py:30} INFO - Recuperando página 283...
[2025-01-19T15:57:31.241+0000] {Ingesta_aws.py:40} INFO - Artículos recuperados: 10, total acumulado: 2828
[2025-01-19T15:57:31.241+0000] {Ingesta_aws.py:30} INFO - Recuperando página 284...
[2025-01-19T15:57:31.704+0000] {Ingesta_aws.py:40} INFO - Artículos recuperados: 10, total acumulado: 2838
[2025-01-19T15:57:31.705+0000] {Ingesta_aws.py:30} INFO - Recuperando página 285...
[2025-01-19T15:57:32.484+0000] {Ingesta_aws.py:40} INFO - Artículos recuperados: 10, total acumulado: 2848
[2025-01-19T15:57:32.485+0000] {Ingesta_aws.py:30} INFO - Recuperando página 286...
[2025-01-19T15:57:32.717+0000] {local_task_job_runner.py:346} WARNING - State of this instance has been externally set to restarting. Terminating instance.
[2025-01-19T15:57:32.717+0000] {local_task_job_runner.py:245} INFO - ::endgroup::
[2025-01-19T15:57:32.719+0000] {process_utils.py:132} INFO - Sending 15 to group 4388. PIDs of all processes in the group: [4388]
[2025-01-19T15:57:32.719+0000] {process_utils.py:87} INFO - Sending the signal 15 to group 4388
[2025-01-19T15:57:32.719+0000] {taskinstance.py:3093} ERROR - Received SIGTERM. Terminating subprocesses.
[2025-01-19T15:57:32.730+0000] {taskinstance.py:3311} ERROR - Task failed with exception
Traceback (most recent call last):
  File "/home/airflow/.local/lib/python3.12/site-packages/airflow/models/taskinstance.py", line 767, in _execute_task
    result = _execute_callable(context=context, **execute_callable_kwargs)
             ^^^^^^^^^^^^^^^^^^^^^^^^^^^^^^^^^^^^^^^^^^^^^^^^^^^^^^^^^^^^^
  File "/home/airflow/.local/lib/python3.12/site-packages/airflow/models/taskinstance.py", line 733, in _execute_callable
    return ExecutionCallableRunner(
           ^^^^^^^^^^^^^^^^^^^^^^^^
  File "/home/airflow/.local/lib/python3.12/site-packages/airflow/utils/operator_helpers.py", line 252, in run
    return self.func(*args, **kwargs)
           ^^^^^^^^^^^^^^^^^^^^^^^^^^
  File "/home/airflow/.local/lib/python3.12/site-packages/airflow/models/baseoperator.py", line 422, in wrapper
    return func(self, *args, **kwargs)
           ^^^^^^^^^^^^^^^^^^^^^^^^^^^
  File "/home/airflow/.local/lib/python3.12/site-packages/airflow/operators/python.py", line 238, in execute
    return_value = self.execute_callable()
                   ^^^^^^^^^^^^^^^^^^^^^^^
  File "/home/airflow/.local/lib/python3.12/site-packages/airflow/operators/python.py", line 256, in execute_callable
    return runner.run(*self.op_args, **self.op_kwargs)
           ^^^^^^^^^^^^^^^^^^^^^^^^^^^^^^^^^^^^^^^^^^^
  File "/home/airflow/.local/lib/python3.12/site-packages/airflow/utils/operator_helpers.py", line 252, in run
    return self.func(*args, **kwargs)
           ^^^^^^^^^^^^^^^^^^^^^^^^^^
  File "/opt/airflow/dags/Ingesta_aws.py", line 31, in fetch_articulos_and_transform_data
    response = requests.get(next_url)
               ^^^^^^^^^^^^^^^^^^^^^^
  File "/home/airflow/.local/lib/python3.12/site-packages/requests/api.py", line 73, in get
    return request("get", url, params=params, **kwargs)
           ^^^^^^^^^^^^^^^^^^^^^^^^^^^^^^^^^^^^^^^^^^^^
  File "/home/airflow/.local/lib/python3.12/site-packages/requests/api.py", line 59, in request
    return session.request(method=method, url=url, **kwargs)
           ^^^^^^^^^^^^^^^^^^^^^^^^^^^^^^^^^^^^^^^^^^^^^^^^^
  File "/home/airflow/.local/lib/python3.12/site-packages/requests/sessions.py", line 589, in request
    resp = self.send(prep, **send_kwargs)
           ^^^^^^^^^^^^^^^^^^^^^^^^^^^^^^
  File "/home/airflow/.local/lib/python3.12/site-packages/requests/sessions.py", line 703, in send
    r = adapter.send(request, **kwargs)
        ^^^^^^^^^^^^^^^^^^^^^^^^^^^^^^^
  File "/home/airflow/.local/lib/python3.12/site-packages/requests/adapters.py", line 667, in send
    resp = conn.urlopen(
           ^^^^^^^^^^^^^
  File "/home/airflow/.local/lib/python3.12/site-packages/urllib3/connectionpool.py", line 789, in urlopen
    response = self._make_request(
               ^^^^^^^^^^^^^^^^^^^
  File "/home/airflow/.local/lib/python3.12/site-packages/urllib3/connectionpool.py", line 536, in _make_request
    response = conn.getresponse()
               ^^^^^^^^^^^^^^^^^^
  File "/home/airflow/.local/lib/python3.12/site-packages/urllib3/connection.py", line 507, in getresponse
    httplib_response = super().getresponse()
                       ^^^^^^^^^^^^^^^^^^^^^
  File "/usr/local/lib/python3.12/http/client.py", line 1428, in getresponse
    response.begin()
  File "/usr/local/lib/python3.12/http/client.py", line 331, in begin
    version, status, reason = self._read_status()
                              ^^^^^^^^^^^^^^^^^^^
  File "/usr/local/lib/python3.12/http/client.py", line 292, in _read_status
    line = str(self.fp.readline(_MAXLINE + 1), "iso-8859-1")
               ^^^^^^^^^^^^^^^^^^^^^^^^^^^^^^
  File "/usr/local/lib/python3.12/socket.py", line 720, in readinto
    return self._sock.recv_into(b)
           ^^^^^^^^^^^^^^^^^^^^^^^
  File "/usr/local/lib/python3.12/ssl.py", line 1251, in recv_into
    return self.read(nbytes, buffer)
           ^^^^^^^^^^^^^^^^^^^^^^^^^
  File "/usr/local/lib/python3.12/ssl.py", line 1103, in read
    return self._sslobj.read(len, buffer)
           ^^^^^^^^^^^^^^^^^^^^^^^^^^^^^^
  File "/home/airflow/.local/lib/python3.12/site-packages/airflow/models/taskinstance.py", line 3095, in signal_handler
    raise AirflowTaskTerminated("Task received SIGTERM signal")
airflow.exceptions.AirflowTaskTerminated: Task received SIGTERM signal
[2025-01-19T15:57:32.739+0000] {logging_mixin.py:190} INFO - Task instance in failure state
[2025-01-19T15:57:32.739+0000] {logging_mixin.py:190} INFO - Task start:2025-01-19 15:55:19.332789+00:00 end:2025-01-19 15:57:32.738449+00:00 duration:133.40566
[2025-01-19T15:57:32.740+0000] {logging_mixin.py:190} INFO - Task:<Task(PythonOperator): extract_articles> dag:<DAG: DAG_AWS_PIPELINE> dagrun:<DagRun DAG_AWS_PIPELINE @ 2025-01-19 15:55:16.446644+00:00: manual__2025-01-19T15:55:16.446644+00:00, state:running, queued_at: 2025-01-19 15:55:16.472249+00:00. externally triggered: True>
[2025-01-19T15:57:32.740+0000] {logging_mixin.py:190} INFO - Failure caused by Task received SIGTERM signal
[2025-01-19T15:57:32.741+0000] {taskinstance.py:1225} INFO - Marking task as UP_FOR_RETRY. dag_id=DAG_AWS_PIPELINE, task_id=extract_articles, run_id=manual__2025-01-19T15:55:16.446644+00:00, execution_date=20250119T155516, start_date=20250119T155519, end_date=20250119T155732
[2025-01-19T15:57:32.756+0000] {taskinstance.py:340} INFO - ::group::Post task execution logs
[2025-01-19T15:57:32.773+0000] {process_utils.py:80} INFO - Process psutil.Process(pid=4388, status='terminated', exitcode=2, started='15:55:19') (4388) terminated with exit code 2
