[2025-01-17T22:22:56.346+0000] {local_task_job_runner.py:123} INFO - ::group::Pre task execution logs
[2025-01-17T22:22:56.373+0000] {taskinstance.py:2613} INFO - Dependencies all met for dep_context=non-requeueable deps ti=<TaskInstance: spaceflight_data_ingest_v2.fetch_events manual__2025-01-17T22:14:24.591389+00:00 [queued]>
[2025-01-17T22:22:56.385+0000] {taskinstance.py:2613} INFO - Dependencies all met for dep_context=requeueable deps ti=<TaskInstance: spaceflight_data_ingest_v2.fetch_events manual__2025-01-17T22:14:24.591389+00:00 [queued]>
[2025-01-17T22:22:56.386+0000] {taskinstance.py:2866} INFO - Starting attempt 3 of 4
[2025-01-17T22:22:56.405+0000] {taskinstance.py:2889} INFO - Executing <Task(PythonOperator): fetch_events> on 2025-01-17 22:14:24.591389+00:00
[2025-01-17T22:22:56.416+0000] {warnings.py:112} WARNING - /home/***/.local/lib/python3.12/site-packages/***/task/task_runner/standard_task_runner.py:70: DeprecationWarning: This process (pid=573) is multi-threaded, use of fork() may lead to deadlocks in the child.
  pid = os.fork()

[2025-01-17T22:22:56.418+0000] {standard_task_runner.py:72} INFO - Started process 575 to run task
[2025-01-17T22:22:56.418+0000] {standard_task_runner.py:104} INFO - Running: ['***', 'tasks', 'run', 'spaceflight_data_ingest_v2', 'fetch_events', 'manual__2025-01-17T22:14:24.591389+00:00', '--job-id', '102', '--raw', '--subdir', 'DAGS_FOLDER/spaceflight_data_ingest_v2.py', '--cfg-path', '/tmp/tmpiggqx6xh']
[2025-01-17T22:22:56.420+0000] {standard_task_runner.py:105} INFO - Job 102: Subtask fetch_events
[2025-01-17T22:22:56.492+0000] {task_command.py:467} INFO - Running <TaskInstance: spaceflight_data_ingest_v2.fetch_events manual__2025-01-17T22:14:24.591389+00:00 [running]> on host 59ff16f1d4fb
[2025-01-17T22:22:56.837+0000] {taskinstance.py:3132} INFO - Exporting env vars: AIRFLOW_CTX_DAG_OWNER='***' AIRFLOW_CTX_DAG_ID='spaceflight_data_ingest_v2' AIRFLOW_CTX_TASK_ID='fetch_events' AIRFLOW_CTX_EXECUTION_DATE='2025-01-17T22:14:24.591389+00:00' AIRFLOW_CTX_TRY_NUMBER='3' AIRFLOW_CTX_DAG_RUN_ID='manual__2025-01-17T22:14:24.591389+00:00'
[2025-01-17T22:22:56.838+0000] {logging_mixin.py:190} INFO - Task instance is in running state
[2025-01-17T22:22:56.839+0000] {logging_mixin.py:190} INFO -  Previous state of the Task instance: queued
[2025-01-17T22:22:56.839+0000] {logging_mixin.py:190} INFO - Current task name:fetch_events state:running start_date:2025-01-17 22:22:56.373752+00:00
[2025-01-17T22:22:56.839+0000] {logging_mixin.py:190} INFO - Dag name:spaceflight_data_ingest_v2 and current dag run status:running
[2025-01-17T22:22:56.839+0000] {taskinstance.py:731} INFO - ::endgroup::
[2025-01-17T22:22:57.097+0000] {spaceflight_data_ingest_v2.py:77} ERROR - Error al obtener events: 404
[2025-01-17T22:23:52.017+0000] {spaceflight_data_ingest_v2.py:77} ERROR - Error al obtener events: 404
[2025-01-17T22:24:46.943+0000] {spaceflight_data_ingest_v2.py:77} ERROR - Error al obtener events: 404
[2025-01-17T22:25:41.841+0000] {spaceflight_data_ingest_v2.py:77} ERROR - Error al obtener events: 404
[2025-01-17T22:26:36.879+0000] {spaceflight_data_ingest_v2.py:77} ERROR - Error al obtener events: 404
[2025-01-17T22:27:31.721+0000] {spaceflight_data_ingest_v2.py:77} ERROR - Error al obtener events: 404
[2025-01-17T22:28:26.573+0000] {spaceflight_data_ingest_v2.py:77} ERROR - Error al obtener events: 404
[2025-01-17T22:29:21.561+0000] {spaceflight_data_ingest_v2.py:77} ERROR - Error al obtener events: 404
[2025-01-17T22:30:16.402+0000] {spaceflight_data_ingest_v2.py:77} ERROR - Error al obtener events: 404
[2025-01-17T22:31:11.399+0000] {spaceflight_data_ingest_v2.py:77} ERROR - Error al obtener events: 404
[2025-01-17T22:32:06.212+0000] {spaceflight_data_ingest_v2.py:77} ERROR - Error al obtener events: 404
[2025-01-17T22:33:01.059+0000] {spaceflight_data_ingest_v2.py:77} ERROR - Error al obtener events: 404
[2025-01-17T22:33:56.023+0000] {spaceflight_data_ingest_v2.py:77} ERROR - Error al obtener events: 404
[2025-01-17T22:34:50.872+0000] {spaceflight_data_ingest_v2.py:77} ERROR - Error al obtener events: 404
[2025-01-17T22:35:45.898+0000] {spaceflight_data_ingest_v2.py:77} ERROR - Error al obtener events: 404
[2025-01-17T22:36:40.636+0000] {spaceflight_data_ingest_v2.py:77} ERROR - Error al obtener events: 404
[2025-01-17T22:37:35.506+0000] {spaceflight_data_ingest_v2.py:77} ERROR - Error al obtener events: 404
[2025-01-17T22:38:30.356+0000] {spaceflight_data_ingest_v2.py:77} ERROR - Error al obtener events: 404
[2025-01-17T22:39:25.208+0000] {spaceflight_data_ingest_v2.py:77} ERROR - Error al obtener events: 404
[2025-01-17T22:40:20.036+0000] {spaceflight_data_ingest_v2.py:77} ERROR - Error al obtener events: 404
[2025-01-17T22:41:14.937+0000] {spaceflight_data_ingest_v2.py:77} ERROR - Error al obtener events: 404
[2025-01-17T22:42:09.687+0000] {spaceflight_data_ingest_v2.py:77} ERROR - Error al obtener events: 404
[2025-01-17T22:43:04.501+0000] {spaceflight_data_ingest_v2.py:77} ERROR - Error al obtener events: 404
[2025-01-17T22:43:59.407+0000] {spaceflight_data_ingest_v2.py:77} ERROR - Error al obtener events: 404
[2025-01-17T22:44:54.238+0000] {spaceflight_data_ingest_v2.py:77} ERROR - Error al obtener events: 404
[2025-01-17T22:45:49.064+0000] {spaceflight_data_ingest_v2.py:77} ERROR - Error al obtener events: 404
[2025-01-17T22:46:43.878+0000] {spaceflight_data_ingest_v2.py:77} ERROR - Error al obtener events: 404
[2025-01-17T22:47:38.665+0000] {spaceflight_data_ingest_v2.py:77} ERROR - Error al obtener events: 404
[2025-01-17T22:48:33.593+0000] {spaceflight_data_ingest_v2.py:77} ERROR - Error al obtener events: 404
[2025-01-17T22:49:28.430+0000] {spaceflight_data_ingest_v2.py:77} ERROR - Error al obtener events: 404
[2025-01-17T22:50:23.268+0000] {spaceflight_data_ingest_v2.py:77} ERROR - Error al obtener events: 404
[2025-01-17T22:51:18.205+0000] {spaceflight_data_ingest_v2.py:77} ERROR - Error al obtener events: 404
[2025-01-17T22:52:12.922+0000] {spaceflight_data_ingest_v2.py:77} ERROR - Error al obtener events: 404
[2025-01-17T22:53:07.797+0000] {spaceflight_data_ingest_v2.py:77} ERROR - Error al obtener events: 404
[2025-01-17T22:54:02.583+0000] {spaceflight_data_ingest_v2.py:77} ERROR - Error al obtener events: 404
[2025-01-17T22:54:57.335+0000] {spaceflight_data_ingest_v2.py:77} ERROR - Error al obtener events: 404
[2025-01-17T22:55:52.133+0000] {spaceflight_data_ingest_v2.py:77} ERROR - Error al obtener events: 404
[2025-01-17T22:56:46.907+0000] {spaceflight_data_ingest_v2.py:77} ERROR - Error al obtener events: 404
[2025-01-17T22:57:41.772+0000] {spaceflight_data_ingest_v2.py:77} ERROR - Error al obtener events: 404
[2025-01-17T22:58:36.486+0000] {spaceflight_data_ingest_v2.py:77} ERROR - Error al obtener events: 404
[2025-01-17T22:59:31.285+0000] {spaceflight_data_ingest_v2.py:77} ERROR - Error al obtener events: 404
[2025-01-17T23:00:25.993+0000] {spaceflight_data_ingest_v2.py:77} ERROR - Error al obtener events: 404
[2025-01-17T23:01:20.775+0000] {spaceflight_data_ingest_v2.py:77} ERROR - Error al obtener events: 404
[2025-01-17T23:02:15.564+0000] {spaceflight_data_ingest_v2.py:77} ERROR - Error al obtener events: 404
[2025-01-17T23:03:10.352+0000] {spaceflight_data_ingest_v2.py:77} ERROR - Error al obtener events: 404
[2025-01-17T23:04:05.075+0000] {spaceflight_data_ingest_v2.py:77} ERROR - Error al obtener events: 404
[2025-01-17T23:04:59.780+0000] {spaceflight_data_ingest_v2.py:77} ERROR - Error al obtener events: 404
[2025-01-17T23:05:54.497+0000] {spaceflight_data_ingest_v2.py:77} ERROR - Error al obtener events: 404
[2025-01-17T23:06:49.219+0000] {spaceflight_data_ingest_v2.py:77} ERROR - Error al obtener events: 404
[2025-01-17T23:07:43.924+0000] {spaceflight_data_ingest_v2.py:77} ERROR - Error al obtener events: 404
[2025-01-17T23:08:38.871+0000] {spaceflight_data_ingest_v2.py:77} ERROR - Error al obtener events: 404
[2025-01-17T23:09:34.566+0000] {spaceflight_data_ingest_v2.py:77} ERROR - Error al obtener events: 404
[2025-01-17T23:10:29.293+0000] {spaceflight_data_ingest_v2.py:77} ERROR - Error al obtener events: 404
[2025-01-17T23:11:24.076+0000] {spaceflight_data_ingest_v2.py:77} ERROR - Error al obtener events: 404
[2025-01-17T23:12:18.779+0000] {spaceflight_data_ingest_v2.py:77} ERROR - Error al obtener events: 404
[2025-01-17T23:13:13.482+0000] {spaceflight_data_ingest_v2.py:77} ERROR - Error al obtener events: 404
[2025-01-17T23:14:08.245+0000] {spaceflight_data_ingest_v2.py:77} ERROR - Error al obtener events: 404
[2025-01-17T23:15:02.967+0000] {spaceflight_data_ingest_v2.py:77} ERROR - Error al obtener events: 404
[2025-01-17T23:15:57.951+0000] {spaceflight_data_ingest_v2.py:77} ERROR - Error al obtener events: 404
[2025-01-17T23:16:52.751+0000] {spaceflight_data_ingest_v2.py:77} ERROR - Error al obtener events: 404
[2025-01-17T23:17:47.447+0000] {spaceflight_data_ingest_v2.py:77} ERROR - Error al obtener events: 404
[2025-01-17T23:18:42.177+0000] {spaceflight_data_ingest_v2.py:77} ERROR - Error al obtener events: 404
[2025-01-17T23:19:36.883+0000] {spaceflight_data_ingest_v2.py:77} ERROR - Error al obtener events: 404
[2025-01-17T23:20:31.609+0000] {spaceflight_data_ingest_v2.py:77} ERROR - Error al obtener events: 404
[2025-01-17T23:21:23.686+0000] {spaceflight_data_ingest_v2.py:77} ERROR - Error al obtener events: 404
[2025-01-17T23:22:18.463+0000] {spaceflight_data_ingest_v2.py:77} ERROR - Error al obtener events: 404
[2025-01-17T23:23:13.248+0000] {spaceflight_data_ingest_v2.py:77} ERROR - Error al obtener events: 404
[2025-01-17T23:24:07.964+0000] {spaceflight_data_ingest_v2.py:77} ERROR - Error al obtener events: 404
[2025-01-17T23:25:02.686+0000] {spaceflight_data_ingest_v2.py:77} ERROR - Error al obtener events: 404
[2025-01-17T23:25:57.491+0000] {spaceflight_data_ingest_v2.py:77} ERROR - Error al obtener events: 404
[2025-01-17T23:26:52.288+0000] {spaceflight_data_ingest_v2.py:77} ERROR - Error al obtener events: 404
[2025-01-17T23:27:46.992+0000] {spaceflight_data_ingest_v2.py:77} ERROR - Error al obtener events: 404
[2025-01-17T23:28:41.702+0000] {spaceflight_data_ingest_v2.py:77} ERROR - Error al obtener events: 404
[2025-01-17T23:29:36.485+0000] {spaceflight_data_ingest_v2.py:77} ERROR - Error al obtener events: 404
[2025-01-17T23:30:31.271+0000] {spaceflight_data_ingest_v2.py:77} ERROR - Error al obtener events: 404
[2025-01-17T23:31:25.993+0000] {spaceflight_data_ingest_v2.py:77} ERROR - Error al obtener events: 404
[2025-01-17T23:32:20.700+0000] {spaceflight_data_ingest_v2.py:77} ERROR - Error al obtener events: 404
[2025-01-17T23:33:15.619+0000] {spaceflight_data_ingest_v2.py:77} ERROR - Error al obtener events: 404
[2025-01-17T23:34:10.327+0000] {spaceflight_data_ingest_v2.py:77} ERROR - Error al obtener events: 404
[2025-01-17T23:35:05.088+0000] {spaceflight_data_ingest_v2.py:77} ERROR - Error al obtener events: 404
[2025-01-17T23:35:59.801+0000] {spaceflight_data_ingest_v2.py:77} ERROR - Error al obtener events: 404
[2025-01-17T23:36:54.576+0000] {spaceflight_data_ingest_v2.py:77} ERROR - Error al obtener events: 404
[2025-01-17T23:37:49.298+0000] {spaceflight_data_ingest_v2.py:77} ERROR - Error al obtener events: 404
[2025-01-17T23:38:44.081+0000] {spaceflight_data_ingest_v2.py:77} ERROR - Error al obtener events: 404
[2025-01-17T23:39:38.871+0000] {spaceflight_data_ingest_v2.py:77} ERROR - Error al obtener events: 404
[2025-01-17T23:40:33.586+0000] {spaceflight_data_ingest_v2.py:77} ERROR - Error al obtener events: 404
[2025-01-17T23:41:28.289+0000] {spaceflight_data_ingest_v2.py:77} ERROR - Error al obtener events: 404
[2025-01-17T23:42:23.067+0000] {spaceflight_data_ingest_v2.py:77} ERROR - Error al obtener events: 404
[2025-01-17T23:43:17.795+0000] {spaceflight_data_ingest_v2.py:77} ERROR - Error al obtener events: 404
[2025-01-17T23:44:12.615+0000] {spaceflight_data_ingest_v2.py:77} ERROR - Error al obtener events: 404
[2025-01-17T23:45:07.433+0000] {spaceflight_data_ingest_v2.py:77} ERROR - Error al obtener events: 404
[2025-01-17T23:46:02.143+0000] {spaceflight_data_ingest_v2.py:77} ERROR - Error al obtener events: 404
[2025-01-17T23:46:56.851+0000] {spaceflight_data_ingest_v2.py:77} ERROR - Error al obtener events: 404
[2025-01-17T23:47:51.633+0000] {spaceflight_data_ingest_v2.py:77} ERROR - Error al obtener events: 404
[2025-01-17T23:48:46.520+0000] {spaceflight_data_ingest_v2.py:77} ERROR - Error al obtener events: 404
[2025-01-17T23:49:41.314+0000] {spaceflight_data_ingest_v2.py:77} ERROR - Error al obtener events: 404
[2025-01-17T23:50:36.019+0000] {spaceflight_data_ingest_v2.py:77} ERROR - Error al obtener events: 404
[2025-01-17T23:51:30.820+0000] {spaceflight_data_ingest_v2.py:77} ERROR - Error al obtener events: 404
[2025-01-17T23:52:26.705+0000] {spaceflight_data_ingest_v2.py:77} ERROR - Error al obtener events: 404
[2025-01-17T23:53:21.406+0000] {spaceflight_data_ingest_v2.py:77} ERROR - Error al obtener events: 404
[2025-01-17T23:54:16.126+0000] {spaceflight_data_ingest_v2.py:77} ERROR - Error al obtener events: 404
[2025-01-17T23:55:10.854+0000] {spaceflight_data_ingest_v2.py:77} ERROR - Error al obtener events: 404
[2025-01-17T23:56:05.553+0000] {spaceflight_data_ingest_v2.py:77} ERROR - Error al obtener events: 404
[2025-01-17T23:57:00.258+0000] {spaceflight_data_ingest_v2.py:77} ERROR - Error al obtener events: 404
[2025-01-17T23:57:55.041+0000] {spaceflight_data_ingest_v2.py:77} ERROR - Error al obtener events: 404
[2025-01-17T23:58:49.741+0000] {spaceflight_data_ingest_v2.py:77} ERROR - Error al obtener events: 404
[2025-01-17T23:59:44.523+0000] {spaceflight_data_ingest_v2.py:77} ERROR - Error al obtener events: 404
[2025-01-18T00:00:39.669+0000] {spaceflight_data_ingest_v2.py:77} ERROR - Error al obtener events: 404
[2025-01-18T00:01:34.466+0000] {spaceflight_data_ingest_v2.py:77} ERROR - Error al obtener events: 404
[2025-01-18T00:02:29.302+0000] {spaceflight_data_ingest_v2.py:77} ERROR - Error al obtener events: 404
[2025-01-18T00:03:24.083+0000] {spaceflight_data_ingest_v2.py:77} ERROR - Error al obtener events: 404
[2025-01-18T00:04:18.804+0000] {spaceflight_data_ingest_v2.py:77} ERROR - Error al obtener events: 404
[2025-01-18T00:05:13.514+0000] {spaceflight_data_ingest_v2.py:77} ERROR - Error al obtener events: 404
[2025-01-18T00:06:08.255+0000] {spaceflight_data_ingest_v2.py:77} ERROR - Error al obtener events: 404
[2025-01-18T00:07:03.022+0000] {spaceflight_data_ingest_v2.py:77} ERROR - Error al obtener events: 404
[2025-01-18T00:07:57.723+0000] {spaceflight_data_ingest_v2.py:77} ERROR - Error al obtener events: 404
[2025-01-18T00:08:52.447+0000] {spaceflight_data_ingest_v2.py:77} ERROR - Error al obtener events: 404
[2025-01-18T00:09:47.172+0000] {spaceflight_data_ingest_v2.py:77} ERROR - Error al obtener events: 404
[2025-01-18T00:10:41.877+0000] {spaceflight_data_ingest_v2.py:77} ERROR - Error al obtener events: 404
[2025-01-18T00:11:36.575+0000] {spaceflight_data_ingest_v2.py:77} ERROR - Error al obtener events: 404
[2025-01-18T00:12:31.384+0000] {spaceflight_data_ingest_v2.py:77} ERROR - Error al obtener events: 404
[2025-01-18T00:13:26.098+0000] {spaceflight_data_ingest_v2.py:77} ERROR - Error al obtener events: 404
[2025-01-18T00:14:20.846+0000] {spaceflight_data_ingest_v2.py:77} ERROR - Error al obtener events: 404
[2025-01-18T00:15:15.657+0000] {spaceflight_data_ingest_v2.py:77} ERROR - Error al obtener events: 404
[2025-01-18T00:16:10.386+0000] {spaceflight_data_ingest_v2.py:77} ERROR - Error al obtener events: 404
[2025-01-18T00:17:05.178+0000] {spaceflight_data_ingest_v2.py:77} ERROR - Error al obtener events: 404
[2025-01-18T00:17:59.889+0000] {spaceflight_data_ingest_v2.py:77} ERROR - Error al obtener events: 404
[2025-01-18T00:18:54.693+0000] {spaceflight_data_ingest_v2.py:77} ERROR - Error al obtener events: 404
[2025-01-18T00:19:49.499+0000] {spaceflight_data_ingest_v2.py:77} ERROR - Error al obtener events: 404
[2025-01-18T00:20:44.209+0000] {spaceflight_data_ingest_v2.py:77} ERROR - Error al obtener events: 404
[2025-01-18T00:21:38.921+0000] {spaceflight_data_ingest_v2.py:77} ERROR - Error al obtener events: 404
[2025-01-18T00:22:33.710+0000] {spaceflight_data_ingest_v2.py:77} ERROR - Error al obtener events: 404
[2025-01-18T00:23:28.424+0000] {spaceflight_data_ingest_v2.py:77} ERROR - Error al obtener events: 404
[2025-01-18T00:24:23.199+0000] {spaceflight_data_ingest_v2.py:77} ERROR - Error al obtener events: 404
[2025-01-18T00:25:17.999+0000] {spaceflight_data_ingest_v2.py:77} ERROR - Error al obtener events: 404
[2025-01-18T00:26:12.719+0000] {spaceflight_data_ingest_v2.py:77} ERROR - Error al obtener events: 404
[2025-01-18T00:27:07.441+0000] {spaceflight_data_ingest_v2.py:77} ERROR - Error al obtener events: 404
[2025-01-18T00:28:02.225+0000] {spaceflight_data_ingest_v2.py:77} ERROR - Error al obtener events: 404
[2025-01-18T00:28:56.928+0000] {spaceflight_data_ingest_v2.py:77} ERROR - Error al obtener events: 404
[2025-01-18T00:29:51.870+0000] {spaceflight_data_ingest_v2.py:77} ERROR - Error al obtener events: 404
[2025-01-18T00:30:46.946+0000] {spaceflight_data_ingest_v2.py:77} ERROR - Error al obtener events: 404
[2025-01-18T00:31:41.655+0000] {spaceflight_data_ingest_v2.py:77} ERROR - Error al obtener events: 404
[2025-01-18T00:32:36.473+0000] {spaceflight_data_ingest_v2.py:77} ERROR - Error al obtener events: 404
[2025-01-18T00:33:31.266+0000] {spaceflight_data_ingest_v2.py:77} ERROR - Error al obtener events: 404
[2025-01-18T00:34:24.691+0000] {spaceflight_data_ingest_v2.py:77} ERROR - Error al obtener events: 404
[2025-01-18T00:35:20.854+0000] {spaceflight_data_ingest_v2.py:77} ERROR - Error al obtener events: 404
[2025-01-19T04:07:33.905+0000] {local_task_job_runner.py:123} INFO - ::group::Pre task execution logs
[2025-01-19T04:07:33.956+0000] {taskinstance.py:2603} INFO - Dependencies not met for <TaskInstance: spaceflight_data_ingest_v2.fetch_events manual__2025-01-17T22:14:24.591389+00:00 [running]>, dependency 'Task Instance State' FAILED: Task is in the 'running' state.
[2025-01-19T04:07:33.957+0000] {taskinstance.py:2603} INFO - Dependencies not met for <TaskInstance: spaceflight_data_ingest_v2.fetch_events manual__2025-01-17T22:14:24.591389+00:00 [running]>, dependency 'Task Instance Not Running' FAILED: Task is in the running state
[2025-01-19T04:07:33.979+0000] {local_task_job_runner.py:166} INFO - Task is not able to be run
