[2025-01-21T01:05:05.576+0000] {local_task_job_runner.py:123} INFO - ::group::Pre task execution logs
[2025-01-21T01:05:05.594+0000] {taskinstance.py:2613} INFO - Dependencies all met for dep_context=non-requeueable deps ti=<TaskInstance: DAG_AWS_PIPELINE.extract_blogs manual__2025-01-21T01:05:02.276205+00:00 [queued]>
[2025-01-21T01:05:05.605+0000] {taskinstance.py:2613} INFO - Dependencies all met for dep_context=requeueable deps ti=<TaskInstance: DAG_AWS_PIPELINE.extract_blogs manual__2025-01-21T01:05:02.276205+00:00 [queued]>
[2025-01-21T01:05:05.606+0000] {taskinstance.py:2866} INFO - Starting attempt 1 of 2
[2025-01-21T01:05:05.621+0000] {taskinstance.py:2889} INFO - Executing <Task(PythonOperator): extract_blogs> on 2025-01-21 01:05:02.276205+00:00
[2025-01-21T01:05:05.629+0000] {warnings.py:112} WARNING - /home/***/.local/lib/python3.12/site-packages/***/task/task_runner/standard_task_runner.py:70: DeprecationWarning: This process (pid=4011) is multi-threaded, use of fork() may lead to deadlocks in the child.
  pid = os.fork()

[2025-01-21T01:05:05.631+0000] {standard_task_runner.py:72} INFO - Started process 4019 to run task
[2025-01-21T01:05:05.631+0000] {standard_task_runner.py:104} INFO - Running: ['***', 'tasks', 'run', 'DAG_AWS_PIPELINE', 'extract_blogs', 'manual__2025-01-21T01:05:02.276205+00:00', '--job-id', '340', '--raw', '--subdir', 'DAGS_FOLDER/Ingesta_aws.py', '--cfg-path', '/tmp/tmp2t1j3rcr']
[2025-01-21T01:05:05.632+0000] {standard_task_runner.py:105} INFO - Job 340: Subtask extract_blogs
[2025-01-21T01:05:05.675+0000] {task_command.py:467} INFO - Running <TaskInstance: DAG_AWS_PIPELINE.extract_blogs manual__2025-01-21T01:05:02.276205+00:00 [running]> on host 59ff16f1d4fb
[2025-01-21T01:05:05.755+0000] {taskinstance.py:3132} INFO - Exporting env vars: AIRFLOW_CTX_DAG_OWNER='Wilfrido Rondon' AIRFLOW_CTX_DAG_ID='DAG_AWS_PIPELINE' AIRFLOW_CTX_TASK_ID='extract_blogs' AIRFLOW_CTX_EXECUTION_DATE='2025-01-21T01:05:02.276205+00:00' AIRFLOW_CTX_TRY_NUMBER='1' AIRFLOW_CTX_DAG_RUN_ID='manual__2025-01-21T01:05:02.276205+00:00'
[2025-01-21T01:05:05.756+0000] {logging_mixin.py:190} INFO - Task instance is in running state
[2025-01-21T01:05:05.756+0000] {logging_mixin.py:190} INFO -  Previous state of the Task instance: queued
[2025-01-21T01:05:05.756+0000] {logging_mixin.py:190} INFO - Current task name:extract_blogs state:running start_date:2025-01-21 01:05:05.595329+00:00
[2025-01-21T01:05:05.757+0000] {logging_mixin.py:190} INFO - Dag name:DAG_AWS_PIPELINE and current dag run status:running
[2025-01-21T01:05:05.757+0000] {taskinstance.py:731} INFO - ::endgroup::
[2025-01-21T01:05:05.757+0000] {Ingesta_aws.py:75} INFO - Recuperando página 1...
[2025-01-21T01:05:06.152+0000] {Ingesta_aws.py:85} INFO - Blogs recuperados: 10, total acumulado: 10
[2025-01-21T01:05:06.152+0000] {Ingesta_aws.py:75} INFO - Recuperando página 2...
[2025-01-21T01:05:06.583+0000] {Ingesta_aws.py:85} INFO - Blogs recuperados: 10, total acumulado: 20
[2025-01-21T01:05:06.584+0000] {Ingesta_aws.py:75} INFO - Recuperando página 3...
[2025-01-21T01:05:07.111+0000] {Ingesta_aws.py:85} INFO - Blogs recuperados: 10, total acumulado: 30
[2025-01-21T01:05:07.111+0000] {Ingesta_aws.py:75} INFO - Recuperando página 4...
[2025-01-21T01:05:07.531+0000] {Ingesta_aws.py:85} INFO - Blogs recuperados: 10, total acumulado: 40
[2025-01-21T01:05:07.532+0000] {Ingesta_aws.py:75} INFO - Recuperando página 5...
[2025-01-21T01:05:07.973+0000] {Ingesta_aws.py:85} INFO - Blogs recuperados: 10, total acumulado: 50
[2025-01-21T01:05:07.974+0000] {Ingesta_aws.py:75} INFO - Recuperando página 6...
[2025-01-21T01:05:08.366+0000] {Ingesta_aws.py:85} INFO - Blogs recuperados: 10, total acumulado: 60
[2025-01-21T01:05:08.367+0000] {Ingesta_aws.py:75} INFO - Recuperando página 7...
[2025-01-21T01:05:08.643+0000] {Ingesta_aws.py:85} INFO - Blogs recuperados: 10, total acumulado: 70
[2025-01-21T01:05:08.643+0000] {Ingesta_aws.py:75} INFO - Recuperando página 8...
[2025-01-21T01:05:09.113+0000] {Ingesta_aws.py:85} INFO - Blogs recuperados: 10, total acumulado: 80
[2025-01-21T01:05:09.114+0000] {Ingesta_aws.py:75} INFO - Recuperando página 9...
[2025-01-21T01:05:09.764+0000] {Ingesta_aws.py:85} INFO - Blogs recuperados: 10, total acumulado: 90
[2025-01-21T01:05:09.765+0000] {Ingesta_aws.py:75} INFO - Recuperando página 10...
[2025-01-21T01:05:10.157+0000] {Ingesta_aws.py:85} INFO - Blogs recuperados: 10, total acumulado: 100
[2025-01-21T01:05:10.158+0000] {Ingesta_aws.py:97} INFO - Transformando los datos a CSV...
[2025-01-21T01:05:10.164+0000] {Ingesta_aws.py:104} INFO - CSV guardado temporalmente en: /tmp/blogs.csv
[2025-01-21T01:05:10.164+0000] {python.py:240} INFO - Done. Returned value was: /tmp/blogs.csv
[2025-01-21T01:05:10.187+0000] {taskinstance.py:340} INFO - ::group::Post task execution logs
[2025-01-21T01:05:10.187+0000] {taskinstance.py:352} INFO - Marking task as SUCCESS. dag_id=DAG_AWS_PIPELINE, task_id=extract_blogs, run_id=manual__2025-01-21T01:05:02.276205+00:00, execution_date=20250121T010502, start_date=20250121T010505, end_date=20250121T010510
[2025-01-21T01:05:10.195+0000] {logging_mixin.py:190} INFO - Task instance in success state
[2025-01-21T01:05:10.195+0000] {logging_mixin.py:190} INFO -  Previous state of the Task instance: running
[2025-01-21T01:05:10.196+0000] {logging_mixin.py:190} INFO - Dag name:DAG_AWS_PIPELINE queued_at:2025-01-21 01:05:02.286166+00:00
[2025-01-21T01:05:10.196+0000] {logging_mixin.py:190} INFO - Task hostname:59ff16f1d4fb operator:PythonOperator
[2025-01-21T01:05:10.229+0000] {local_task_job_runner.py:266} INFO - Task exited with return code 0
[2025-01-21T01:05:10.255+0000] {taskinstance.py:3895} INFO - 1 downstream tasks scheduled from follow-on schedule check
[2025-01-21T01:05:10.257+0000] {local_task_job_runner.py:245} INFO - ::endgroup::
