[2025-01-19T16:26:05.134+0000] {local_task_job_runner.py:123} INFO - ::group::Pre task execution logs
[2025-01-19T16:26:05.150+0000] {taskinstance.py:2613} INFO - Dependencies all met for dep_context=non-requeueable deps ti=<TaskInstance: DAG_AWS_PIPELINE.extract_blogs manual__2025-01-19T16:26:01.949950+00:00 [queued]>
[2025-01-19T16:26:05.161+0000] {taskinstance.py:2613} INFO - Dependencies all met for dep_context=requeueable deps ti=<TaskInstance: DAG_AWS_PIPELINE.extract_blogs manual__2025-01-19T16:26:01.949950+00:00 [queued]>
[2025-01-19T16:26:05.161+0000] {taskinstance.py:2866} INFO - Starting attempt 1 of 2
[2025-01-19T16:26:05.376+0000] {taskinstance.py:2889} INFO - Executing <Task(PythonOperator): extract_blogs> on 2025-01-19 16:26:01.949950+00:00
[2025-01-19T16:26:05.386+0000] {warnings.py:112} WARNING - /home/***/.local/lib/python3.12/site-packages/***/task/task_runner/standard_task_runner.py:70: DeprecationWarning: This process (pid=4994) is multi-threaded, use of fork() may lead to deadlocks in the child.
  pid = os.fork()

[2025-01-19T16:26:05.388+0000] {standard_task_runner.py:72} INFO - Started process 5000 to run task
[2025-01-19T16:26:05.389+0000] {standard_task_runner.py:104} INFO - Running: ['***', 'tasks', 'run', 'DAG_AWS_PIPELINE', 'extract_blogs', 'manual__2025-01-19T16:26:01.949950+00:00', '--job-id', '199', '--raw', '--subdir', 'DAGS_FOLDER/Ingesta_aws.py', '--cfg-path', '/tmp/tmpui4m1io5']
[2025-01-19T16:26:05.390+0000] {standard_task_runner.py:105} INFO - Job 199: Subtask extract_blogs
[2025-01-19T16:26:05.439+0000] {task_command.py:467} INFO - Running <TaskInstance: DAG_AWS_PIPELINE.extract_blogs manual__2025-01-19T16:26:01.949950+00:00 [running]> on host 59ff16f1d4fb
[2025-01-19T16:26:05.543+0000] {taskinstance.py:3132} INFO - Exporting env vars: AIRFLOW_CTX_DAG_OWNER='Wilfrido Rondon' AIRFLOW_CTX_DAG_ID='DAG_AWS_PIPELINE' AIRFLOW_CTX_TASK_ID='extract_blogs' AIRFLOW_CTX_EXECUTION_DATE='2025-01-19T16:26:01.949950+00:00' AIRFLOW_CTX_TRY_NUMBER='1' AIRFLOW_CTX_DAG_RUN_ID='manual__2025-01-19T16:26:01.949950+00:00'
[2025-01-19T16:26:05.544+0000] {logging_mixin.py:190} INFO - Task instance is in running state
[2025-01-19T16:26:05.545+0000] {logging_mixin.py:190} INFO -  Previous state of the Task instance: queued
[2025-01-19T16:26:05.545+0000] {logging_mixin.py:190} INFO - Current task name:extract_blogs state:running start_date:2025-01-19 16:26:05.151147+00:00
[2025-01-19T16:26:05.545+0000] {logging_mixin.py:190} INFO - Dag name:DAG_AWS_PIPELINE and current dag run status:running
[2025-01-19T16:26:05.545+0000] {taskinstance.py:731} INFO - ::endgroup::
[2025-01-19T16:26:05.546+0000] {Ingesta_aws.py:71} INFO - Recuperando página 1...
[2025-01-19T16:26:06.000+0000] {Ingesta_aws.py:81} INFO - Blogs recuperados: 10, total acumulado: 10
[2025-01-19T16:26:06.001+0000] {Ingesta_aws.py:71} INFO - Recuperando página 2...
[2025-01-19T16:26:06.429+0000] {Ingesta_aws.py:81} INFO - Blogs recuperados: 10, total acumulado: 20
[2025-01-19T16:26:06.430+0000] {Ingesta_aws.py:71} INFO - Recuperando página 3...
[2025-01-19T16:26:06.880+0000] {Ingesta_aws.py:81} INFO - Blogs recuperados: 10, total acumulado: 30
[2025-01-19T16:26:06.880+0000] {Ingesta_aws.py:71} INFO - Recuperando página 4...
[2025-01-19T16:26:07.694+0000] {Ingesta_aws.py:81} INFO - Blogs recuperados: 10, total acumulado: 40
[2025-01-19T16:26:07.695+0000] {Ingesta_aws.py:71} INFO - Recuperando página 5...
[2025-01-19T16:26:09.347+0000] {Ingesta_aws.py:81} INFO - Blogs recuperados: 10, total acumulado: 50
[2025-01-19T16:26:09.348+0000] {Ingesta_aws.py:71} INFO - Recuperando página 6...
[2025-01-19T16:26:09.660+0000] {Ingesta_aws.py:81} INFO - Blogs recuperados: 10, total acumulado: 60
[2025-01-19T16:26:09.660+0000] {Ingesta_aws.py:71} INFO - Recuperando página 7...
[2025-01-19T16:26:10.224+0000] {Ingesta_aws.py:81} INFO - Blogs recuperados: 10, total acumulado: 70
[2025-01-19T16:26:10.224+0000] {Ingesta_aws.py:71} INFO - Recuperando página 8...
[2025-01-19T16:26:10.640+0000] {Ingesta_aws.py:81} INFO - Blogs recuperados: 10, total acumulado: 80
[2025-01-19T16:26:10.640+0000] {Ingesta_aws.py:71} INFO - Recuperando página 9...
[2025-01-19T16:26:10.942+0000] {Ingesta_aws.py:81} INFO - Blogs recuperados: 10, total acumulado: 90
[2025-01-19T16:26:10.942+0000] {Ingesta_aws.py:71} INFO - Recuperando página 10...
[2025-01-19T16:26:11.326+0000] {Ingesta_aws.py:81} INFO - Blogs recuperados: 10, total acumulado: 100
[2025-01-19T16:26:11.327+0000] {Ingesta_aws.py:93} INFO - Transformando los datos a CSV...
[2025-01-19T16:26:11.333+0000] {Ingesta_aws.py:100} INFO - CSV guardado temporalmente en: /tmp/blogs.csv
[2025-01-19T16:26:11.333+0000] {python.py:240} INFO - Done. Returned value was: /tmp/blogs.csv
[2025-01-19T16:26:11.360+0000] {taskinstance.py:340} INFO - ::group::Post task execution logs
[2025-01-19T16:26:11.360+0000] {taskinstance.py:352} INFO - Marking task as SUCCESS. dag_id=DAG_AWS_PIPELINE, task_id=extract_blogs, run_id=manual__2025-01-19T16:26:01.949950+00:00, execution_date=20250119T162601, start_date=20250119T162605, end_date=20250119T162611
[2025-01-19T16:26:11.371+0000] {logging_mixin.py:190} INFO - Task instance in success state
[2025-01-19T16:26:11.372+0000] {logging_mixin.py:190} INFO -  Previous state of the Task instance: running
[2025-01-19T16:26:11.372+0000] {logging_mixin.py:190} INFO - Dag name:DAG_AWS_PIPELINE queued_at:2025-01-19 16:26:01.958530+00:00
[2025-01-19T16:26:11.373+0000] {logging_mixin.py:190} INFO - Task hostname:59ff16f1d4fb operator:PythonOperator
[2025-01-19T16:26:11.391+0000] {local_task_job_runner.py:266} INFO - Task exited with return code 0
[2025-01-19T16:26:11.418+0000] {taskinstance.py:3895} INFO - 1 downstream tasks scheduled from follow-on schedule check
[2025-01-19T16:26:11.421+0000] {local_task_job_runner.py:245} INFO - ::endgroup::
