[2025-01-20T13:11:57.148+0000] {local_task_job_runner.py:123} INFO - ::group::Pre task execution logs
[2025-01-20T13:11:57.172+0000] {taskinstance.py:2613} INFO - Dependencies all met for dep_context=non-requeueable deps ti=<TaskInstance: spaceflight_data_ingest_v2.fetch_articles scheduled__2025-01-19T00:00:00+00:00 [queued]>
[2025-01-20T13:11:57.184+0000] {taskinstance.py:2613} INFO - Dependencies all met for dep_context=requeueable deps ti=<TaskInstance: spaceflight_data_ingest_v2.fetch_articles scheduled__2025-01-19T00:00:00+00:00 [queued]>
[2025-01-20T13:11:57.184+0000] {taskinstance.py:2866} INFO - Starting attempt 1 of 2
[2025-01-20T13:11:57.205+0000] {taskinstance.py:2889} INFO - Executing <Task(PythonOperator): fetch_articles> on 2025-01-19 00:00:00+00:00
[2025-01-20T13:11:57.218+0000] {warnings.py:112} WARNING - /home/***/.local/lib/python3.12/site-packages/***/task/task_runner/standard_task_runner.py:70: DeprecationWarning: This process (pid=75) is multi-threaded, use of fork() may lead to deadlocks in the child.
  pid = os.fork()

[2025-01-20T13:11:57.219+0000] {standard_task_runner.py:72} INFO - Started process 85 to run task
[2025-01-20T13:11:57.219+0000] {standard_task_runner.py:104} INFO - Running: ['***', 'tasks', 'run', 'spaceflight_data_ingest_v2', 'fetch_articles', 'scheduled__2025-01-19T00:00:00+00:00', '--job-id', '248', '--raw', '--subdir', 'DAGS_FOLDER/spaceflight_data_ingest_v2.py', '--cfg-path', '/tmp/tmps_npj45v']
[2025-01-20T13:11:57.221+0000] {standard_task_runner.py:105} INFO - Job 248: Subtask fetch_articles
[2025-01-20T13:11:57.279+0000] {task_command.py:467} INFO - Running <TaskInstance: spaceflight_data_ingest_v2.fetch_articles scheduled__2025-01-19T00:00:00+00:00 [running]> on host 59ff16f1d4fb
[2025-01-20T13:11:57.573+0000] {taskinstance.py:3132} INFO - Exporting env vars: AIRFLOW_CTX_DAG_OWNER='***' AIRFLOW_CTX_DAG_ID='spaceflight_data_ingest_v2' AIRFLOW_CTX_TASK_ID='fetch_articles' AIRFLOW_CTX_EXECUTION_DATE='2025-01-19T00:00:00+00:00' AIRFLOW_CTX_TRY_NUMBER='1' AIRFLOW_CTX_DAG_RUN_ID='scheduled__2025-01-19T00:00:00+00:00'
[2025-01-20T13:11:57.574+0000] {logging_mixin.py:190} INFO - Task instance is in running state
[2025-01-20T13:11:57.575+0000] {logging_mixin.py:190} INFO -  Previous state of the Task instance: queued
[2025-01-20T13:11:57.575+0000] {logging_mixin.py:190} INFO - Current task name:fetch_articles state:running start_date:2025-01-20 13:11:57.173299+00:00
[2025-01-20T13:11:57.575+0000] {logging_mixin.py:190} INFO - Dag name:spaceflight_data_ingest_v2 and current dag run status:running
[2025-01-20T13:11:57.575+0000] {taskinstance.py:731} INFO - ::endgroup::
[2025-01-20T13:11:58.089+0000] {spaceflight_data_ingest_v2.py:77} ERROR - Error en la solicitud: 'id'
[2025-01-20T13:11:58.090+0000] {spaceflight_data_ingest_v2.py:81} INFO - Reintentando... intento 1/5
[2025-01-20T13:12:03.091+0000] {spaceflight_data_ingest_v2.py:81} INFO - Reintentando... intento 2/5
[2025-01-20T13:12:08.093+0000] {spaceflight_data_ingest_v2.py:81} INFO - Reintentando... intento 3/5
[2025-01-20T13:12:13.093+0000] {spaceflight_data_ingest_v2.py:81} INFO - Reintentando... intento 4/5
[2025-01-20T13:12:18.105+0000] {spaceflight_data_ingest_v2.py:81} INFO - Reintentando... intento 5/5
[2025-01-20T13:12:23.542+0000] {spaceflight_data_ingest_v2.py:56} WARNING - Articles duplicado omitido: 28711
[2025-01-20T13:12:23.543+0000] {spaceflight_data_ingest_v2.py:56} WARNING - Articles duplicado omitido: 28710
[2025-01-20T13:12:23.543+0000] {spaceflight_data_ingest_v2.py:56} WARNING - Articles duplicado omitido: 28708
[2025-01-20T13:12:23.543+0000] {spaceflight_data_ingest_v2.py:56} WARNING - Articles duplicado omitido: 28707
[2025-01-20T13:12:23.543+0000] {spaceflight_data_ingest_v2.py:56} WARNING - Articles duplicado omitido: 28709
[2025-01-20T13:12:23.544+0000] {spaceflight_data_ingest_v2.py:56} WARNING - Articles duplicado omitido: 28706
[2025-01-20T13:12:23.544+0000] {spaceflight_data_ingest_v2.py:56} WARNING - Articles duplicado omitido: 28705
[2025-01-20T13:12:23.544+0000] {spaceflight_data_ingest_v2.py:56} WARNING - Articles duplicado omitido: 28704
[2025-01-20T13:12:23.544+0000] {spaceflight_data_ingest_v2.py:56} WARNING - Articles duplicado omitido: 28703
[2025-01-20T13:12:23.544+0000] {spaceflight_data_ingest_v2.py:56} WARNING - Articles duplicado omitido: 28702
[2025-01-20T13:12:23.993+0000] {spaceflight_data_ingest_v2.py:77} ERROR - Error en la solicitud: 'id'
[2025-01-20T13:12:23.993+0000] {spaceflight_data_ingest_v2.py:81} INFO - Reintentando... intento 1/5
[2025-01-20T13:12:27.325+0000] {spaceflight_data_ingest_v2.py:81} INFO - Reintentando... intento 2/5
[2025-01-20T13:12:32.328+0000] {spaceflight_data_ingest_v2.py:81} INFO - Reintentando... intento 3/5
[2025-01-20T13:12:37.330+0000] {spaceflight_data_ingest_v2.py:81} INFO - Reintentando... intento 4/5
[2025-01-20T13:12:42.331+0000] {spaceflight_data_ingest_v2.py:81} INFO - Reintentando... intento 5/5
[2025-01-20T13:12:47.771+0000] {spaceflight_data_ingest_v2.py:56} WARNING - Articles duplicado omitido: 28701
[2025-01-20T13:12:47.772+0000] {spaceflight_data_ingest_v2.py:56} WARNING - Articles duplicado omitido: 28700
[2025-01-20T13:12:47.772+0000] {spaceflight_data_ingest_v2.py:56} WARNING - Articles duplicado omitido: 28699
[2025-01-20T13:12:47.772+0000] {spaceflight_data_ingest_v2.py:56} WARNING - Articles duplicado omitido: 28698
[2025-01-20T13:12:47.772+0000] {spaceflight_data_ingest_v2.py:56} WARNING - Articles duplicado omitido: 28696
[2025-01-20T13:12:47.772+0000] {spaceflight_data_ingest_v2.py:56} WARNING - Articles duplicado omitido: 28697
[2025-01-20T13:12:47.772+0000] {spaceflight_data_ingest_v2.py:56} WARNING - Articles duplicado omitido: 28695
[2025-01-20T13:12:47.773+0000] {spaceflight_data_ingest_v2.py:56} WARNING - Articles duplicado omitido: 28694
[2025-01-20T13:12:47.773+0000] {spaceflight_data_ingest_v2.py:56} WARNING - Articles duplicado omitido: 28693
[2025-01-20T13:12:47.773+0000] {spaceflight_data_ingest_v2.py:56} WARNING - Articles duplicado omitido: 28692
[2025-01-20T13:12:48.199+0000] {spaceflight_data_ingest_v2.py:77} ERROR - Error en la solicitud: 'id'
[2025-01-20T13:12:48.199+0000] {spaceflight_data_ingest_v2.py:81} INFO - Reintentando... intento 1/5
[2025-01-20T13:12:53.758+0000] {spaceflight_data_ingest_v2.py:81} INFO - Reintentando... intento 2/5
[2025-01-20T13:12:56.099+0000] {spaceflight_data_ingest_v2.py:81} INFO - Reintentando... intento 3/5
[2025-01-20T13:13:01.100+0000] {spaceflight_data_ingest_v2.py:81} INFO - Reintentando... intento 4/5
[2025-01-20T13:13:06.105+0000] {spaceflight_data_ingest_v2.py:81} INFO - Reintentando... intento 5/5
[2025-01-20T13:13:11.549+0000] {spaceflight_data_ingest_v2.py:56} WARNING - Articles duplicado omitido: 28691
[2025-01-20T13:13:11.550+0000] {spaceflight_data_ingest_v2.py:56} WARNING - Articles duplicado omitido: 28690
[2025-01-20T13:13:11.550+0000] {spaceflight_data_ingest_v2.py:56} WARNING - Articles duplicado omitido: 28689
[2025-01-20T13:13:11.550+0000] {spaceflight_data_ingest_v2.py:56} WARNING - Articles duplicado omitido: 28687
[2025-01-20T13:13:11.550+0000] {spaceflight_data_ingest_v2.py:56} WARNING - Articles duplicado omitido: 28688
[2025-01-20T13:13:11.550+0000] {spaceflight_data_ingest_v2.py:56} WARNING - Articles duplicado omitido: 28686
[2025-01-20T13:13:11.550+0000] {spaceflight_data_ingest_v2.py:56} WARNING - Articles duplicado omitido: 28684
[2025-01-20T13:13:11.551+0000] {spaceflight_data_ingest_v2.py:56} WARNING - Articles duplicado omitido: 28685
[2025-01-20T13:13:11.551+0000] {spaceflight_data_ingest_v2.py:56} WARNING - Articles duplicado omitido: 28683
[2025-01-20T13:13:11.551+0000] {spaceflight_data_ingest_v2.py:56} WARNING - Articles duplicado omitido: 28682
[2025-01-20T13:13:11.996+0000] {spaceflight_data_ingest_v2.py:77} ERROR - Error en la solicitud: 'id'
[2025-01-20T13:13:11.997+0000] {spaceflight_data_ingest_v2.py:81} INFO - Reintentando... intento 1/5
[2025-01-20T13:13:16.998+0000] {spaceflight_data_ingest_v2.py:81} INFO - Reintentando... intento 2/5
[2025-01-20T13:13:19.690+0000] {spaceflight_data_ingest_v2.py:81} INFO - Reintentando... intento 3/5
[2025-01-20T13:13:24.690+0000] {spaceflight_data_ingest_v2.py:81} INFO - Reintentando... intento 4/5
[2025-01-20T13:13:29.691+0000] {spaceflight_data_ingest_v2.py:81} INFO - Reintentando... intento 5/5
[2025-01-20T13:13:35.155+0000] {spaceflight_data_ingest_v2.py:56} WARNING - Articles duplicado omitido: 28681
[2025-01-20T13:13:35.156+0000] {spaceflight_data_ingest_v2.py:56} WARNING - Articles duplicado omitido: 28680
[2025-01-20T13:13:35.156+0000] {spaceflight_data_ingest_v2.py:56} WARNING - Articles duplicado omitido: 28678
[2025-01-20T13:13:35.156+0000] {spaceflight_data_ingest_v2.py:56} WARNING - Articles duplicado omitido: 28679
[2025-01-20T13:13:35.156+0000] {spaceflight_data_ingest_v2.py:56} WARNING - Articles duplicado omitido: 28677
[2025-01-20T13:13:35.156+0000] {spaceflight_data_ingest_v2.py:56} WARNING - Articles duplicado omitido: 28676
[2025-01-20T13:13:35.156+0000] {spaceflight_data_ingest_v2.py:56} WARNING - Articles duplicado omitido: 28675
[2025-01-20T13:13:35.156+0000] {spaceflight_data_ingest_v2.py:56} WARNING - Articles duplicado omitido: 28674
[2025-01-20T13:13:35.157+0000] {spaceflight_data_ingest_v2.py:56} WARNING - Articles duplicado omitido: 28673
[2025-01-20T13:13:35.157+0000] {spaceflight_data_ingest_v2.py:56} WARNING - Articles duplicado omitido: 28671
[2025-01-20T13:13:35.607+0000] {spaceflight_data_ingest_v2.py:77} ERROR - Error en la solicitud: 'id'
[2025-01-20T13:13:35.607+0000] {spaceflight_data_ingest_v2.py:81} INFO - Reintentando... intento 1/5
[2025-01-20T13:13:40.611+0000] {spaceflight_data_ingest_v2.py:81} INFO - Reintentando... intento 2/5
[2025-01-20T13:13:45.640+0000] {spaceflight_data_ingest_v2.py:81} INFO - Reintentando... intento 3/5
[2025-01-20T13:13:48.338+0000] {spaceflight_data_ingest_v2.py:81} INFO - Reintentando... intento 4/5
[2025-01-20T13:13:53.344+0000] {spaceflight_data_ingest_v2.py:81} INFO - Reintentando... intento 5/5
[2025-01-20T13:13:58.895+0000] {spaceflight_data_ingest_v2.py:56} WARNING - Articles duplicado omitido: 28672
[2025-01-20T13:13:58.896+0000] {spaceflight_data_ingest_v2.py:56} WARNING - Articles duplicado omitido: 28669
[2025-01-20T13:13:58.896+0000] {spaceflight_data_ingest_v2.py:56} WARNING - Articles duplicado omitido: 28668
[2025-01-20T13:13:58.896+0000] {spaceflight_data_ingest_v2.py:56} WARNING - Articles duplicado omitido: 28670
[2025-01-20T13:13:58.896+0000] {spaceflight_data_ingest_v2.py:56} WARNING - Articles duplicado omitido: 28667
[2025-01-20T13:13:58.897+0000] {spaceflight_data_ingest_v2.py:56} WARNING - Articles duplicado omitido: 28666
[2025-01-20T13:13:58.897+0000] {spaceflight_data_ingest_v2.py:56} WARNING - Articles duplicado omitido: 28664
[2025-01-20T13:13:58.897+0000] {spaceflight_data_ingest_v2.py:56} WARNING - Articles duplicado omitido: 28662
[2025-01-20T13:13:58.897+0000] {spaceflight_data_ingest_v2.py:56} WARNING - Articles duplicado omitido: 28665
[2025-01-20T13:13:58.898+0000] {spaceflight_data_ingest_v2.py:56} WARNING - Articles duplicado omitido: 28663
[2025-01-20T13:13:58.898+0000] {python.py:240} INFO - Done. Returned value was: None
[2025-01-20T13:13:58.911+0000] {taskinstance.py:340} INFO - ::group::Post task execution logs
[2025-01-20T13:13:58.911+0000] {taskinstance.py:352} INFO - Marking task as SUCCESS. dag_id=spaceflight_data_ingest_v2, task_id=fetch_articles, run_id=scheduled__2025-01-19T00:00:00+00:00, execution_date=20250119T000000, start_date=20250120T131157, end_date=20250120T131358
[2025-01-20T13:13:58.924+0000] {logging_mixin.py:190} INFO - Task instance in success state
[2025-01-20T13:13:58.924+0000] {logging_mixin.py:190} INFO -  Previous state of the Task instance: running
[2025-01-20T13:13:58.924+0000] {logging_mixin.py:190} INFO - Dag name:spaceflight_data_ingest_v2 queued_at:2025-01-20 13:11:52.691688+00:00
[2025-01-20T13:13:58.924+0000] {logging_mixin.py:190} INFO - Task hostname:59ff16f1d4fb operator:PythonOperator
[2025-01-20T13:13:58.980+0000] {local_task_job_runner.py:266} INFO - Task exited with return code 0
[2025-01-20T13:13:59.012+0000] {taskinstance.py:3895} INFO - 1 downstream tasks scheduled from follow-on schedule check
[2025-01-20T13:13:59.019+0000] {local_task_job_runner.py:245} INFO - ::endgroup::
