[2025-01-19T13:59:53.523+0000] {local_task_job_runner.py:123} INFO - ::group::Pre task execution logs
[2025-01-19T13:59:53.539+0000] {taskinstance.py:2613} INFO - Dependencies all met for dep_context=non-requeueable deps ti=<TaskInstance: DAG_AWS_PIPELINE.articles_extract manual__2025-01-19T13:55:06.695476+00:00 [queued]>
[2025-01-19T13:59:53.546+0000] {taskinstance.py:2613} INFO - Dependencies all met for dep_context=requeueable deps ti=<TaskInstance: DAG_AWS_PIPELINE.articles_extract manual__2025-01-19T13:55:06.695476+00:00 [queued]>
[2025-01-19T13:59:53.547+0000] {taskinstance.py:2866} INFO - Starting attempt 2 of 3
[2025-01-19T13:59:53.560+0000] {taskinstance.py:2889} INFO - Executing <Task(PythonOperator): articles_extract> on 2025-01-19 13:55:06.695476+00:00
[2025-01-19T13:59:53.569+0000] {warnings.py:112} WARNING - /home/***/.local/lib/python3.12/site-packages/***/task/task_runner/standard_task_runner.py:70: DeprecationWarning: This process (pid=2642) is multi-threaded, use of fork() may lead to deadlocks in the child.
  pid = os.fork()

[2025-01-19T13:59:53.571+0000] {standard_task_runner.py:72} INFO - Started process 2644 to run task
[2025-01-19T13:59:53.571+0000] {standard_task_runner.py:104} INFO - Running: ['***', 'tasks', 'run', 'DAG_AWS_PIPELINE', 'articles_extract', 'manual__2025-01-19T13:55:06.695476+00:00', '--job-id', '147', '--raw', '--subdir', 'DAGS_FOLDER/Ingesta_aws.py', '--cfg-path', '/tmp/tmppo1th1py']
[2025-01-19T13:59:53.572+0000] {standard_task_runner.py:105} INFO - Job 147: Subtask articles_extract
[2025-01-19T13:59:53.616+0000] {task_command.py:467} INFO - Running <TaskInstance: DAG_AWS_PIPELINE.articles_extract manual__2025-01-19T13:55:06.695476+00:00 [running]> on host 59ff16f1d4fb
[2025-01-19T13:59:53.696+0000] {taskinstance.py:3132} INFO - Exporting env vars: AIRFLOW_CTX_DAG_OWNER='Wilfrido Rondon' AIRFLOW_CTX_DAG_ID='DAG_AWS_PIPELINE' AIRFLOW_CTX_TASK_ID='articles_extract' AIRFLOW_CTX_EXECUTION_DATE='2025-01-19T13:55:06.695476+00:00' AIRFLOW_CTX_TRY_NUMBER='2' AIRFLOW_CTX_DAG_RUN_ID='manual__2025-01-19T13:55:06.695476+00:00'
[2025-01-19T13:59:53.697+0000] {logging_mixin.py:190} INFO - Task instance is in running state
[2025-01-19T13:59:53.697+0000] {logging_mixin.py:190} INFO -  Previous state of the Task instance: queued
[2025-01-19T13:59:53.698+0000] {logging_mixin.py:190} INFO - Current task name:articles_extract state:running start_date:2025-01-19 13:59:53.539887+00:00
[2025-01-19T13:59:53.698+0000] {logging_mixin.py:190} INFO - Dag name:DAG_AWS_PIPELINE and current dag run status:running
[2025-01-19T13:59:53.698+0000] {taskinstance.py:731} INFO - ::endgroup::
[2025-01-19T13:59:54.494+0000] {logging_mixin.py:190} INFO -          date        country         city        store   sales
0    2/7/2022  United States      Buffalo  FreshMarket  757184
1  11/28/2022  United States      Chicago     EasyMart  192033
2   9/26/2023  United States   Washington    SmartCart  413030
3   5/15/2021  United States     Pasadena  FreshMarket  709882
4   2/26/2022  United States     Honolulu  FreshMarket  790084
5   2/28/2022  United States  Los Angeles  FreshMarket  230110
6   5/28/2021  United States        Macon    SmartCart  777748
7   9/24/2021  United States   Washington    SmartCart  905047
8    4/4/2021  United States    Waterbury  ExpressShop  679890
9   5/16/2021  United States       Durham     EasyMart  403333
[2025-01-19T13:59:54.494+0000] {python.py:240} INFO - Done. Returned value was: None
[2025-01-19T13:59:54.504+0000] {taskinstance.py:340} INFO - ::group::Post task execution logs
[2025-01-19T13:59:54.504+0000] {taskinstance.py:352} INFO - Marking task as SUCCESS. dag_id=DAG_AWS_PIPELINE, task_id=articles_extract, run_id=manual__2025-01-19T13:55:06.695476+00:00, execution_date=20250119T135506, start_date=20250119T135953, end_date=20250119T135954
[2025-01-19T13:59:54.514+0000] {logging_mixin.py:190} INFO - Task instance in success state
[2025-01-19T13:59:54.514+0000] {logging_mixin.py:190} INFO -  Previous state of the Task instance: running
[2025-01-19T13:59:54.514+0000] {logging_mixin.py:190} INFO - Dag name:DAG_AWS_PIPELINE queued_at:2025-01-19 13:59:50.571101+00:00
[2025-01-19T13:59:54.515+0000] {logging_mixin.py:190} INFO - Task hostname:59ff16f1d4fb operator:PythonOperator
[2025-01-19T13:59:54.541+0000] {local_task_job_runner.py:266} INFO - Task exited with return code 0
[2025-01-19T13:59:54.564+0000] {taskinstance.py:3895} INFO - 1 downstream tasks scheduled from follow-on schedule check
[2025-01-19T13:59:54.567+0000] {local_task_job_runner.py:245} INFO - ::endgroup::
