[2025-01-17T21:39:24.571+0000] {local_task_job_runner.py:123} INFO - ::group::Pre task execution logs
[2025-01-17T21:39:24.587+0000] {taskinstance.py:2613} INFO - Dependencies all met for dep_context=non-requeueable deps ti=<TaskInstance: spaceflight_data_ingest_v2.fetch_articles manual__2025-01-17T21:39:22.070133+00:00 [queued]>
[2025-01-17T21:39:24.595+0000] {taskinstance.py:2613} INFO - Dependencies all met for dep_context=requeueable deps ti=<TaskInstance: spaceflight_data_ingest_v2.fetch_articles manual__2025-01-17T21:39:22.070133+00:00 [queued]>
[2025-01-17T21:39:24.596+0000] {taskinstance.py:2866} INFO - Starting attempt 1 of 2
[2025-01-17T21:39:24.611+0000] {taskinstance.py:2889} INFO - Executing <Task(PythonOperator): fetch_articles> on 2025-01-17 21:39:22.070133+00:00
[2025-01-17T21:39:24.619+0000] {warnings.py:112} WARNING - /home/***/.local/lib/python3.12/site-packages/***/task/task_runner/standard_task_runner.py:70: DeprecationWarning: This process (pid=1420) is multi-threaded, use of fork() may lead to deadlocks in the child.
  pid = os.fork()

[2025-01-17T21:39:24.620+0000] {standard_task_runner.py:72} INFO - Started process 1422 to run task
[2025-01-17T21:39:24.622+0000] {standard_task_runner.py:104} INFO - Running: ['***', 'tasks', 'run', 'spaceflight_data_ingest_v2', 'fetch_articles', 'manual__2025-01-17T21:39:22.070133+00:00', '--job-id', '85', '--raw', '--subdir', 'DAGS_FOLDER/spaceflight_data_ingest_v2.py', '--cfg-path', '/tmp/tmpyvvooybe']
[2025-01-17T21:39:24.622+0000] {standard_task_runner.py:105} INFO - Job 85: Subtask fetch_articles
[2025-01-17T21:39:24.667+0000] {task_command.py:467} INFO - Running <TaskInstance: spaceflight_data_ingest_v2.fetch_articles manual__2025-01-17T21:39:22.070133+00:00 [running]> on host 59ff16f1d4fb
[2025-01-17T21:39:24.950+0000] {taskinstance.py:3132} INFO - Exporting env vars: AIRFLOW_CTX_DAG_OWNER='***' AIRFLOW_CTX_DAG_ID='spaceflight_data_ingest_v2' AIRFLOW_CTX_TASK_ID='fetch_articles' AIRFLOW_CTX_EXECUTION_DATE='2025-01-17T21:39:22.070133+00:00' AIRFLOW_CTX_TRY_NUMBER='1' AIRFLOW_CTX_DAG_RUN_ID='manual__2025-01-17T21:39:22.070133+00:00'
[2025-01-17T21:39:24.951+0000] {logging_mixin.py:190} INFO - Task instance is in running state
[2025-01-17T21:39:24.951+0000] {logging_mixin.py:190} INFO -  Previous state of the Task instance: queued
[2025-01-17T21:39:24.952+0000] {logging_mixin.py:190} INFO - Current task name:fetch_articles state:running start_date:2025-01-17 21:39:24.588170+00:00
[2025-01-17T21:39:24.952+0000] {logging_mixin.py:190} INFO - Dag name:spaceflight_data_ingest_v2 and current dag run status:running
[2025-01-17T21:39:24.952+0000] {taskinstance.py:731} INFO - ::endgroup::
[2025-01-17T21:39:25.227+0000] {spaceflight_data_ingest_v2.py:65} INFO - Guardados 5 articles de la página 1
[2025-01-17T21:39:25.503+0000] {spaceflight_data_ingest_v2.py:72} ERROR - Error en la solicitud: 'id'
[2025-01-17T21:39:25.504+0000] {spaceflight_data_ingest_v2.py:76} INFO - Reintentando... intento 1/5
[2025-01-17T21:39:30.508+0000] {spaceflight_data_ingest_v2.py:76} INFO - Reintentando... intento 2/5
[2025-01-17T21:39:35.509+0000] {spaceflight_data_ingest_v2.py:76} INFO - Reintentando... intento 3/5
[2025-01-17T21:39:40.510+0000] {spaceflight_data_ingest_v2.py:76} INFO - Reintentando... intento 4/5
[2025-01-17T21:39:43.066+0000] {spaceflight_data_ingest_v2.py:76} INFO - Reintentando... intento 5/5
[2025-01-17T21:39:48.398+0000] {spaceflight_data_ingest_v2.py:53} WARNING - Articles duplicado o inválido omitido: 28692
[2025-01-17T21:39:48.398+0000] {spaceflight_data_ingest_v2.py:53} WARNING - Articles duplicado o inválido omitido: 28691
[2025-01-17T21:39:48.399+0000] {spaceflight_data_ingest_v2.py:53} WARNING - Articles duplicado o inválido omitido: 28690
[2025-01-17T21:39:48.399+0000] {spaceflight_data_ingest_v2.py:53} WARNING - Articles duplicado o inválido omitido: 28689
[2025-01-17T21:39:48.399+0000] {spaceflight_data_ingest_v2.py:53} WARNING - Articles duplicado o inválido omitido: 28687
[2025-01-17T21:39:48.745+0000] {spaceflight_data_ingest_v2.py:65} INFO - Guardados 5 articles de la página 3
[2025-01-17T21:39:49.077+0000] {spaceflight_data_ingest_v2.py:72} ERROR - Error en la solicitud: 'id'
[2025-01-17T21:39:49.078+0000] {spaceflight_data_ingest_v2.py:76} INFO - Reintentando... intento 1/5
[2025-01-17T21:39:54.080+0000] {spaceflight_data_ingest_v2.py:76} INFO - Reintentando... intento 2/5
[2025-01-17T21:39:59.081+0000] {spaceflight_data_ingest_v2.py:76} INFO - Reintentando... intento 3/5
[2025-01-17T21:40:04.095+0000] {spaceflight_data_ingest_v2.py:76} INFO - Reintentando... intento 4/5
[2025-01-17T21:40:09.101+0000] {spaceflight_data_ingest_v2.py:76} INFO - Reintentando... intento 5/5
[2025-01-17T21:40:12.028+0000] {spaceflight_data_ingest_v2.py:53} WARNING - Articles duplicado o inválido omitido: 28682
[2025-01-17T21:40:12.028+0000] {spaceflight_data_ingest_v2.py:53} WARNING - Articles duplicado o inválido omitido: 28681
[2025-01-17T21:40:12.028+0000] {spaceflight_data_ingest_v2.py:53} WARNING - Articles duplicado o inválido omitido: 28680
[2025-01-17T21:40:12.028+0000] {spaceflight_data_ingest_v2.py:53} WARNING - Articles duplicado o inválido omitido: 28678
[2025-01-17T21:40:12.029+0000] {spaceflight_data_ingest_v2.py:53} WARNING - Articles duplicado o inválido omitido: 28679
[2025-01-17T21:40:12.334+0000] {spaceflight_data_ingest_v2.py:72} ERROR - Error en la solicitud: 'id'
[2025-01-17T21:40:12.334+0000] {spaceflight_data_ingest_v2.py:76} INFO - Reintentando... intento 1/5
[2025-01-17T21:40:17.335+0000] {spaceflight_data_ingest_v2.py:76} INFO - Reintentando... intento 2/5
[2025-01-17T21:40:22.345+0000] {spaceflight_data_ingest_v2.py:76} INFO - Reintentando... intento 3/5
[2025-01-17T21:40:27.349+0000] {spaceflight_data_ingest_v2.py:76} INFO - Reintentando... intento 4/5
[2025-01-17T21:40:32.353+0000] {spaceflight_data_ingest_v2.py:76} INFO - Reintentando... intento 5/5
[2025-01-17T21:40:37.696+0000] {spaceflight_data_ingest_v2.py:53} WARNING - Articles duplicado o inválido omitido: 28679
[2025-01-17T21:40:37.697+0000] {spaceflight_data_ingest_v2.py:53} WARNING - Articles duplicado o inválido omitido: 28677
[2025-01-17T21:40:37.697+0000] {spaceflight_data_ingest_v2.py:53} WARNING - Articles duplicado o inválido omitido: 28676
[2025-01-17T21:40:37.697+0000] {spaceflight_data_ingest_v2.py:53} WARNING - Articles duplicado o inválido omitido: 28675
[2025-01-17T21:40:37.697+0000] {spaceflight_data_ingest_v2.py:53} WARNING - Articles duplicado o inválido omitido: 28674
[2025-01-17T21:40:35.517+0000] {spaceflight_data_ingest_v2.py:53} WARNING - Articles duplicado o inválido omitido: 28673
[2025-01-17T21:40:35.518+0000] {spaceflight_data_ingest_v2.py:72} ERROR - Error en la solicitud: 'id'
[2025-01-17T21:40:35.519+0000] {spaceflight_data_ingest_v2.py:76} INFO - Reintentando... intento 1/5
[2025-01-17T21:40:40.520+0000] {spaceflight_data_ingest_v2.py:76} INFO - Reintentando... intento 2/5
[2025-01-17T21:40:45.521+0000] {spaceflight_data_ingest_v2.py:76} INFO - Reintentando... intento 3/5
[2025-01-17T21:40:50.522+0000] {spaceflight_data_ingest_v2.py:76} INFO - Reintentando... intento 4/5
[2025-01-17T21:40:55.524+0000] {spaceflight_data_ingest_v2.py:76} INFO - Reintentando... intento 5/5
[2025-01-17T21:41:00.885+0000] {spaceflight_data_ingest_v2.py:53} WARNING - Articles duplicado o inválido omitido: 28673
[2025-01-17T21:41:00.885+0000] {spaceflight_data_ingest_v2.py:53} WARNING - Articles duplicado o inválido omitido: 28671
[2025-01-17T21:41:00.885+0000] {spaceflight_data_ingest_v2.py:53} WARNING - Articles duplicado o inválido omitido: 28672
[2025-01-17T21:41:00.885+0000] {spaceflight_data_ingest_v2.py:53} WARNING - Articles duplicado o inválido omitido: 28669
[2025-01-17T21:41:00.886+0000] {spaceflight_data_ingest_v2.py:53} WARNING - Articles duplicado o inválido omitido: 28668
[2025-01-17T21:41:01.301+0000] {spaceflight_data_ingest_v2.py:72} ERROR - Error en la solicitud: 'id'
[2025-01-17T21:41:01.301+0000] {spaceflight_data_ingest_v2.py:76} INFO - Reintentando... intento 1/5
[2025-01-17T21:41:03.855+0000] {spaceflight_data_ingest_v2.py:76} INFO - Reintentando... intento 2/5
[2025-01-17T21:41:08.863+0000] {spaceflight_data_ingest_v2.py:76} INFO - Reintentando... intento 3/5
[2025-01-17T21:41:13.864+0000] {spaceflight_data_ingest_v2.py:76} INFO - Reintentando... intento 4/5
[2025-01-17T21:41:18.865+0000] {spaceflight_data_ingest_v2.py:76} INFO - Reintentando... intento 5/5
[2025-01-17T21:41:24.247+0000] {spaceflight_data_ingest_v2.py:53} WARNING - Articles duplicado o inválido omitido: 28670
[2025-01-17T21:41:24.247+0000] {spaceflight_data_ingest_v2.py:53} WARNING - Articles duplicado o inválido omitido: 28667
[2025-01-17T21:41:24.248+0000] {spaceflight_data_ingest_v2.py:53} WARNING - Articles duplicado o inválido omitido: 28666
[2025-01-17T21:41:24.248+0000] {spaceflight_data_ingest_v2.py:53} WARNING - Articles duplicado o inválido omitido: 28664
[2025-01-17T21:41:24.248+0000] {spaceflight_data_ingest_v2.py:53} WARNING - Articles duplicado o inválido omitido: 28662
[2025-01-17T21:41:24.656+0000] {spaceflight_data_ingest_v2.py:72} ERROR - Error en la solicitud: 'id'
[2025-01-17T21:41:24.656+0000] {spaceflight_data_ingest_v2.py:76} INFO - Reintentando... intento 1/5
[2025-01-17T21:41:29.661+0000] {spaceflight_data_ingest_v2.py:76} INFO - Reintentando... intento 2/5
[2025-01-17T21:41:32.062+0000] {spaceflight_data_ingest_v2.py:76} INFO - Reintentando... intento 3/5
[2025-01-17T21:41:37.063+0000] {spaceflight_data_ingest_v2.py:76} INFO - Reintentando... intento 4/5
[2025-01-17T21:41:42.064+0000] {spaceflight_data_ingest_v2.py:76} INFO - Reintentando... intento 5/5
[2025-01-17T21:41:47.420+0000] {spaceflight_data_ingest_v2.py:53} WARNING - Articles duplicado o inválido omitido: 28665
[2025-01-17T21:41:47.421+0000] {spaceflight_data_ingest_v2.py:53} WARNING - Articles duplicado o inválido omitido: 28663
[2025-01-17T21:41:47.421+0000] {spaceflight_data_ingest_v2.py:53} WARNING - Articles duplicado o inválido omitido: 28660
[2025-01-17T21:41:47.421+0000] {spaceflight_data_ingest_v2.py:53} WARNING - Articles duplicado o inválido omitido: 28661
[2025-01-17T21:41:47.421+0000] {spaceflight_data_ingest_v2.py:53} WARNING - Articles duplicado o inválido omitido: 28659
[2025-01-17T21:41:47.779+0000] {spaceflight_data_ingest_v2.py:72} ERROR - Error en la solicitud: 'id'
[2025-01-17T21:41:47.780+0000] {spaceflight_data_ingest_v2.py:76} INFO - Reintentando... intento 1/5
[2025-01-17T21:41:52.780+0000] {spaceflight_data_ingest_v2.py:76} INFO - Reintentando... intento 2/5
[2025-01-17T21:41:57.781+0000] {spaceflight_data_ingest_v2.py:76} INFO - Reintentando... intento 3/5
[2025-01-17T21:42:00.173+0000] {spaceflight_data_ingest_v2.py:76} INFO - Reintentando... intento 4/5
[2025-01-17T21:42:05.182+0000] {spaceflight_data_ingest_v2.py:76} INFO - Reintentando... intento 5/5
[2025-01-17T21:42:10.477+0000] {spaceflight_data_ingest_v2.py:53} WARNING - Articles duplicado o inválido omitido: 28658
[2025-01-17T21:42:10.477+0000] {spaceflight_data_ingest_v2.py:53} WARNING - Articles duplicado o inválido omitido: 28657
[2025-01-17T21:42:10.477+0000] {spaceflight_data_ingest_v2.py:53} WARNING - Articles duplicado o inválido omitido: 28656
[2025-01-17T21:42:10.478+0000] {spaceflight_data_ingest_v2.py:53} WARNING - Articles duplicado o inválido omitido: 28654
[2025-01-17T21:42:10.478+0000] {spaceflight_data_ingest_v2.py:53} WARNING - Articles duplicado o inválido omitido: 28655
[2025-01-17T21:42:11.548+0000] {spaceflight_data_ingest_v2.py:72} ERROR - Error en la solicitud: 'id'
[2025-01-17T21:42:11.549+0000] {spaceflight_data_ingest_v2.py:76} INFO - Reintentando... intento 1/5
[2025-01-17T21:42:16.556+0000] {spaceflight_data_ingest_v2.py:76} INFO - Reintentando... intento 2/5
[2025-01-17T21:42:21.557+0000] {spaceflight_data_ingest_v2.py:76} INFO - Reintentando... intento 3/5
[2025-01-17T21:42:26.571+0000] {spaceflight_data_ingest_v2.py:76} INFO - Reintentando... intento 4/5
[2025-01-17T21:42:29.202+0000] {spaceflight_data_ingest_v2.py:76} INFO - Reintentando... intento 5/5
[2025-01-17T21:42:34.570+0000] {spaceflight_data_ingest_v2.py:53} WARNING - Articles duplicado o inválido omitido: 28653
[2025-01-17T21:42:34.571+0000] {spaceflight_data_ingest_v2.py:53} WARNING - Articles duplicado o inválido omitido: 28652
[2025-01-17T21:42:34.571+0000] {spaceflight_data_ingest_v2.py:53} WARNING - Articles duplicado o inválido omitido: 28651
[2025-01-17T21:42:34.571+0000] {spaceflight_data_ingest_v2.py:53} WARNING - Articles duplicado o inválido omitido: 28650
[2025-01-17T21:42:34.572+0000] {spaceflight_data_ingest_v2.py:53} WARNING - Articles duplicado o inválido omitido: 28649
[2025-01-17T21:42:34.937+0000] {spaceflight_data_ingest_v2.py:72} ERROR - Error en la solicitud: 'id'
[2025-01-17T21:42:34.937+0000] {spaceflight_data_ingest_v2.py:76} INFO - Reintentando... intento 1/5
[2025-01-17T21:42:39.944+0000] {spaceflight_data_ingest_v2.py:76} INFO - Reintentando... intento 2/5
[2025-01-17T21:42:44.949+0000] {spaceflight_data_ingest_v2.py:76} INFO - Reintentando... intento 3/5
[2025-01-17T21:42:49.952+0000] {spaceflight_data_ingest_v2.py:76} INFO - Reintentando... intento 4/5
[2025-01-17T21:42:54.955+0000] {spaceflight_data_ingest_v2.py:76} INFO - Reintentando... intento 5/5
[2025-01-17T21:42:57.627+0000] {spaceflight_data_ingest_v2.py:53} WARNING - Articles duplicado o inválido omitido: 28646
[2025-01-17T21:42:57.627+0000] {spaceflight_data_ingest_v2.py:53} WARNING - Articles duplicado o inválido omitido: 28647
[2025-01-17T21:42:57.627+0000] {spaceflight_data_ingest_v2.py:53} WARNING - Articles duplicado o inválido omitido: 28644
[2025-01-17T21:42:57.628+0000] {spaceflight_data_ingest_v2.py:53} WARNING - Articles duplicado o inválido omitido: 28643
[2025-01-17T21:42:57.628+0000] {spaceflight_data_ingest_v2.py:53} WARNING - Articles duplicado o inválido omitido: 28642
[2025-01-17T21:42:57.975+0000] {spaceflight_data_ingest_v2.py:72} ERROR - Error en la solicitud: 'id'
[2025-01-17T21:42:57.975+0000] {spaceflight_data_ingest_v2.py:76} INFO - Reintentando... intento 1/5
[2025-01-17T21:43:02.988+0000] {spaceflight_data_ingest_v2.py:76} INFO - Reintentando... intento 2/5
[2025-01-17T21:43:08.000+0000] {spaceflight_data_ingest_v2.py:76} INFO - Reintentando... intento 3/5
[2025-01-17T21:43:13.035+0000] {spaceflight_data_ingest_v2.py:76} INFO - Reintentando... intento 4/5
[2025-01-17T21:43:18.050+0000] {spaceflight_data_ingest_v2.py:76} INFO - Reintentando... intento 5/5
[2025-01-17T21:43:20.929+0000] {spaceflight_data_ingest_v2.py:53} WARNING - Articles duplicado o inválido omitido: 28641
[2025-01-17T21:43:20.929+0000] {spaceflight_data_ingest_v2.py:53} WARNING - Articles duplicado o inválido omitido: 28648
[2025-01-17T21:43:20.930+0000] {spaceflight_data_ingest_v2.py:53} WARNING - Articles duplicado o inválido omitido: 28618
[2025-01-17T21:43:20.930+0000] {spaceflight_data_ingest_v2.py:53} WARNING - Articles duplicado o inválido omitido: 28645
[2025-01-17T21:43:20.930+0000] {spaceflight_data_ingest_v2.py:53} WARNING - Articles duplicado o inválido omitido: 28619
[2025-01-17T21:43:21.300+0000] {spaceflight_data_ingest_v2.py:65} INFO - Guardados 5 articles de la página 13
[2025-01-17T21:43:21.857+0000] {spaceflight_data_ingest_v2.py:72} ERROR - Error en la solicitud: 'id'
[2025-01-17T21:43:21.857+0000] {spaceflight_data_ingest_v2.py:76} INFO - Reintentando... intento 1/5
[2025-01-17T21:43:26.860+0000] {spaceflight_data_ingest_v2.py:76} INFO - Reintentando... intento 2/5
[2025-01-17T21:43:31.863+0000] {spaceflight_data_ingest_v2.py:76} INFO - Reintentando... intento 3/5
[2025-01-17T21:43:36.864+0000] {spaceflight_data_ingest_v2.py:76} INFO - Reintentando... intento 4/5
[2025-01-17T21:43:41.868+0000] {spaceflight_data_ingest_v2.py:76} INFO - Reintentando... intento 5/5
[2025-01-17T21:43:47.162+0000] {spaceflight_data_ingest_v2.py:53} WARNING - Articles duplicado o inválido omitido: 28613
[2025-01-17T21:43:47.163+0000] {spaceflight_data_ingest_v2.py:53} WARNING - Articles duplicado o inválido omitido: 28612
[2025-01-17T21:43:47.163+0000] {spaceflight_data_ingest_v2.py:53} WARNING - Articles duplicado o inválido omitido: 28614
[2025-01-17T21:43:47.163+0000] {spaceflight_data_ingest_v2.py:53} WARNING - Articles duplicado o inválido omitido: 28611
[2025-01-17T21:43:47.164+0000] {spaceflight_data_ingest_v2.py:53} WARNING - Articles duplicado o inválido omitido: 28610
[2025-01-17T21:43:47.516+0000] {spaceflight_data_ingest_v2.py:72} ERROR - Error en la solicitud: 'id'
[2025-01-17T21:43:47.516+0000] {spaceflight_data_ingest_v2.py:76} INFO - Reintentando... intento 1/5
[2025-01-17T21:43:50.061+0000] {spaceflight_data_ingest_v2.py:76} INFO - Reintentando... intento 2/5
[2025-01-17T21:43:55.066+0000] {spaceflight_data_ingest_v2.py:76} INFO - Reintentando... intento 3/5
[2025-01-17T21:44:00.067+0000] {spaceflight_data_ingest_v2.py:76} INFO - Reintentando... intento 4/5
[2025-01-17T21:44:05.071+0000] {spaceflight_data_ingest_v2.py:76} INFO - Reintentando... intento 5/5
[2025-01-17T21:44:10.367+0000] {spaceflight_data_ingest_v2.py:53} WARNING - Articles duplicado o inválido omitido: 28608
[2025-01-17T21:44:10.367+0000] {spaceflight_data_ingest_v2.py:53} WARNING - Articles duplicado o inválido omitido: 28622
[2025-01-17T21:44:10.368+0000] {spaceflight_data_ingest_v2.py:53} WARNING - Articles duplicado o inválido omitido: 28607
[2025-01-17T21:44:10.368+0000] {spaceflight_data_ingest_v2.py:53} WARNING - Articles duplicado o inválido omitido: 28623
[2025-01-17T21:44:10.368+0000] {spaceflight_data_ingest_v2.py:53} WARNING - Articles duplicado o inválido omitido: 28609
[2025-01-17T21:44:10.784+0000] {spaceflight_data_ingest_v2.py:72} ERROR - Error en la solicitud: 'id'
[2025-01-17T21:44:10.785+0000] {spaceflight_data_ingest_v2.py:76} INFO - Reintentando... intento 1/5
[2025-01-17T21:44:15.786+0000] {spaceflight_data_ingest_v2.py:76} INFO - Reintentando... intento 2/5
[2025-01-17T21:44:18.282+0000] {spaceflight_data_ingest_v2.py:76} INFO - Reintentando... intento 3/5
[2025-01-17T21:44:23.283+0000] {spaceflight_data_ingest_v2.py:76} INFO - Reintentando... intento 4/5
[2025-01-17T21:44:28.284+0000] {spaceflight_data_ingest_v2.py:76} INFO - Reintentando... intento 5/5
[2025-01-17T21:44:36.447+0000] {spaceflight_data_ingest_v2.py:53} WARNING - Articles duplicado o inválido omitido: 28606
[2025-01-17T21:44:36.447+0000] {spaceflight_data_ingest_v2.py:53} WARNING - Articles duplicado o inválido omitido: 28603
[2025-01-17T21:44:36.447+0000] {spaceflight_data_ingest_v2.py:53} WARNING - Articles duplicado o inválido omitido: 28604
[2025-01-17T21:44:36.448+0000] {spaceflight_data_ingest_v2.py:53} WARNING - Articles duplicado o inválido omitido: 28624
[2025-01-17T21:44:36.448+0000] {spaceflight_data_ingest_v2.py:53} WARNING - Articles duplicado o inválido omitido: 28599
[2025-01-17T21:44:36.797+0000] {spaceflight_data_ingest_v2.py:53} WARNING - Articles duplicado o inválido omitido: 28599
[2025-01-17T21:44:36.798+0000] {spaceflight_data_ingest_v2.py:72} ERROR - Error en la solicitud: 'id'
[2025-01-17T21:44:36.799+0000] {spaceflight_data_ingest_v2.py:76} INFO - Reintentando... intento 1/5
[2025-01-17T21:44:41.800+0000] {spaceflight_data_ingest_v2.py:76} INFO - Reintentando... intento 2/5
[2025-01-17T21:44:44.317+0000] {spaceflight_data_ingest_v2.py:76} INFO - Reintentando... intento 3/5
[2025-01-17T21:44:49.319+0000] {spaceflight_data_ingest_v2.py:76} INFO - Reintentando... intento 4/5
[2025-01-17T21:44:54.320+0000] {spaceflight_data_ingest_v2.py:76} INFO - Reintentando... intento 5/5
[2025-01-17T21:44:59.681+0000] {spaceflight_data_ingest_v2.py:53} WARNING - Articles duplicado o inválido omitido: 28600
[2025-01-17T21:44:59.681+0000] {spaceflight_data_ingest_v2.py:53} WARNING - Articles duplicado o inválido omitido: 28598
[2025-01-17T21:44:59.681+0000] {spaceflight_data_ingest_v2.py:53} WARNING - Articles duplicado o inválido omitido: 28599
[2025-01-17T21:44:59.682+0000] {spaceflight_data_ingest_v2.py:53} WARNING - Articles duplicado o inválido omitido: 28605
[2025-01-17T21:44:59.682+0000] {spaceflight_data_ingest_v2.py:53} WARNING - Articles duplicado o inválido omitido: 28597
[2025-01-17T21:45:00.032+0000] {spaceflight_data_ingest_v2.py:72} ERROR - Error en la solicitud: 'id'
[2025-01-17T21:45:00.033+0000] {spaceflight_data_ingest_v2.py:76} INFO - Reintentando... intento 1/5
[2025-01-17T21:45:05.034+0000] {spaceflight_data_ingest_v2.py:76} INFO - Reintentando... intento 2/5
[2025-01-17T21:45:10.036+0000] {spaceflight_data_ingest_v2.py:76} INFO - Reintentando... intento 3/5
[2025-01-17T21:45:12.531+0000] {spaceflight_data_ingest_v2.py:76} INFO - Reintentando... intento 4/5
[2025-01-17T21:45:17.532+0000] {spaceflight_data_ingest_v2.py:76} INFO - Reintentando... intento 5/5
[2025-01-17T21:45:23.127+0000] {spaceflight_data_ingest_v2.py:53} WARNING - Articles duplicado o inválido omitido: 28602
[2025-01-17T21:45:23.127+0000] {spaceflight_data_ingest_v2.py:53} WARNING - Articles duplicado o inválido omitido: 28596
[2025-01-17T21:45:23.127+0000] {spaceflight_data_ingest_v2.py:53} WARNING - Articles duplicado o inválido omitido: 28595
[2025-01-17T21:45:23.128+0000] {spaceflight_data_ingest_v2.py:53} WARNING - Articles duplicado o inválido omitido: 28594
[2025-01-17T21:45:23.128+0000] {spaceflight_data_ingest_v2.py:53} WARNING - Articles duplicado o inválido omitido: 28592
[2025-01-17T21:45:23.520+0000] {spaceflight_data_ingest_v2.py:72} ERROR - Error en la solicitud: 'id'
[2025-01-17T21:45:23.521+0000] {spaceflight_data_ingest_v2.py:76} INFO - Reintentando... intento 1/5
[2025-01-17T21:45:28.521+0000] {spaceflight_data_ingest_v2.py:76} INFO - Reintentando... intento 2/5
[2025-01-17T21:45:33.525+0000] {spaceflight_data_ingest_v2.py:76} INFO - Reintentando... intento 3/5
[2025-01-17T21:45:38.526+0000] {spaceflight_data_ingest_v2.py:76} INFO - Reintentando... intento 4/5
[2025-01-17T21:45:41.029+0000] {spaceflight_data_ingest_v2.py:76} INFO - Reintentando... intento 5/5
[2025-01-17T21:45:46.319+0000] {spaceflight_data_ingest_v2.py:53} WARNING - Articles duplicado o inválido omitido: 28593
[2025-01-17T21:45:46.319+0000] {spaceflight_data_ingest_v2.py:53} WARNING - Articles duplicado o inválido omitido: 28625
[2025-01-17T21:45:46.319+0000] {spaceflight_data_ingest_v2.py:53} WARNING - Articles duplicado o inválido omitido: 28591
[2025-01-17T21:45:46.320+0000] {spaceflight_data_ingest_v2.py:53} WARNING - Articles duplicado o inválido omitido: 28626
[2025-01-17T21:45:46.320+0000] {spaceflight_data_ingest_v2.py:53} WARNING - Articles duplicado o inválido omitido: 28590
[2025-01-17T21:45:46.607+0000] {spaceflight_data_ingest_v2.py:72} ERROR - Error en la solicitud: 'id'
[2025-01-17T21:45:46.607+0000] {spaceflight_data_ingest_v2.py:76} INFO - Reintentando... intento 1/5
[2025-01-17T21:45:51.608+0000] {spaceflight_data_ingest_v2.py:76} INFO - Reintentando... intento 2/5
[2025-01-17T21:45:56.611+0000] {spaceflight_data_ingest_v2.py:76} INFO - Reintentando... intento 3/5
[2025-01-17T21:46:01.612+0000] {spaceflight_data_ingest_v2.py:76} INFO - Reintentando... intento 4/5
[2025-01-17T21:46:06.613+0000] {spaceflight_data_ingest_v2.py:76} INFO - Reintentando... intento 5/5
[2025-01-17T21:46:09.579+0000] {spaceflight_data_ingest_v2.py:53} WARNING - Articles duplicado o inválido omitido: 28627
[2025-01-17T21:46:09.579+0000] {spaceflight_data_ingest_v2.py:53} WARNING - Articles duplicado o inválido omitido: 28588
[2025-01-17T21:46:09.579+0000] {spaceflight_data_ingest_v2.py:53} WARNING - Articles duplicado o inválido omitido: 28587
[2025-01-17T21:46:09.580+0000] {spaceflight_data_ingest_v2.py:53} WARNING - Articles duplicado o inválido omitido: 28628
[2025-01-17T21:46:09.580+0000] {spaceflight_data_ingest_v2.py:53} WARNING - Articles duplicado o inválido omitido: 28586
[2025-01-17T21:46:09.943+0000] {spaceflight_data_ingest_v2.py:72} ERROR - Error en la solicitud: 'id'
[2025-01-17T21:46:09.943+0000] {spaceflight_data_ingest_v2.py:76} INFO - Reintentando... intento 1/5
[2025-01-17T21:46:14.944+0000] {spaceflight_data_ingest_v2.py:76} INFO - Reintentando... intento 2/5
[2025-01-17T21:46:19.951+0000] {spaceflight_data_ingest_v2.py:76} INFO - Reintentando... intento 3/5
[2025-01-17T21:46:24.956+0000] {spaceflight_data_ingest_v2.py:76} INFO - Reintentando... intento 4/5
[2025-01-17T21:46:29.957+0000] {spaceflight_data_ingest_v2.py:76} INFO - Reintentando... intento 5/5
[2025-01-17T21:46:35.263+0000] {spaceflight_data_ingest_v2.py:53} WARNING - Articles duplicado o inválido omitido: 28629
[2025-01-17T21:46:35.263+0000] {spaceflight_data_ingest_v2.py:53} WARNING - Articles duplicado o inválido omitido: 28585
[2025-01-17T21:46:35.263+0000] {spaceflight_data_ingest_v2.py:53} WARNING - Articles duplicado o inválido omitido: 28630
[2025-01-17T21:46:35.264+0000] {spaceflight_data_ingest_v2.py:53} WARNING - Articles duplicado o inválido omitido: 28584
[2025-01-17T21:46:35.264+0000] {spaceflight_data_ingest_v2.py:53} WARNING - Articles duplicado o inválido omitido: 28581
[2025-01-17T21:46:33.153+0000] {spaceflight_data_ingest_v2.py:72} ERROR - Error en la solicitud: 'id'
[2025-01-17T21:46:33.153+0000] {spaceflight_data_ingest_v2.py:76} INFO - Reintentando... intento 1/5
[2025-01-17T21:46:38.154+0000] {spaceflight_data_ingest_v2.py:76} INFO - Reintentando... intento 2/5
[2025-01-17T21:46:43.155+0000] {spaceflight_data_ingest_v2.py:76} INFO - Reintentando... intento 3/5
[2025-01-17T21:46:48.157+0000] {spaceflight_data_ingest_v2.py:76} INFO - Reintentando... intento 4/5
[2025-01-17T21:46:53.161+0000] {spaceflight_data_ingest_v2.py:76} INFO - Reintentando... intento 5/5
[2025-01-17T21:46:58.572+0000] {spaceflight_data_ingest_v2.py:53} WARNING - Articles duplicado o inválido omitido: 28631
[2025-01-17T21:46:58.572+0000] {spaceflight_data_ingest_v2.py:53} WARNING - Articles duplicado o inválido omitido: 28579
[2025-01-17T21:46:58.572+0000] {spaceflight_data_ingest_v2.py:53} WARNING - Articles duplicado o inválido omitido: 28583
[2025-01-17T21:46:58.573+0000] {spaceflight_data_ingest_v2.py:53} WARNING - Articles duplicado o inválido omitido: 28580
[2025-01-17T21:46:58.573+0000] {spaceflight_data_ingest_v2.py:53} WARNING - Articles duplicado o inválido omitido: 28578
[2025-01-17T21:46:58.840+0000] {spaceflight_data_ingest_v2.py:72} ERROR - Error en la solicitud: 'id'
[2025-01-17T21:46:58.841+0000] {spaceflight_data_ingest_v2.py:76} INFO - Reintentando... intento 1/5
[2025-01-17T21:47:01.343+0000] {spaceflight_data_ingest_v2.py:76} INFO - Reintentando... intento 2/5
[2025-01-17T21:47:06.344+0000] {spaceflight_data_ingest_v2.py:76} INFO - Reintentando... intento 3/5
[2025-01-17T21:47:11.345+0000] {spaceflight_data_ingest_v2.py:76} INFO - Reintentando... intento 4/5
[2025-01-17T21:47:16.346+0000] {spaceflight_data_ingest_v2.py:76} INFO - Reintentando... intento 5/5
[2025-01-17T21:47:21.754+0000] {spaceflight_data_ingest_v2.py:53} WARNING - Articles duplicado o inválido omitido: 28632
[2025-01-17T21:47:21.754+0000] {spaceflight_data_ingest_v2.py:53} WARNING - Articles duplicado o inválido omitido: 28633
[2025-01-17T21:47:21.754+0000] {spaceflight_data_ingest_v2.py:53} WARNING - Articles duplicado o inválido omitido: 28577
[2025-01-17T21:47:21.754+0000] {spaceflight_data_ingest_v2.py:53} WARNING - Articles duplicado o inválido omitido: 28634
[2025-01-17T21:47:21.755+0000] {spaceflight_data_ingest_v2.py:53} WARNING - Articles duplicado o inválido omitido: 28576
[2025-01-17T21:47:22.242+0000] {spaceflight_data_ingest_v2.py:72} ERROR - Error en la solicitud: 'id'
[2025-01-17T21:47:22.243+0000] {spaceflight_data_ingest_v2.py:76} INFO - Reintentando... intento 1/5
[2025-01-17T21:47:27.243+0000] {spaceflight_data_ingest_v2.py:76} INFO - Reintentando... intento 2/5
[2025-01-17T21:47:29.747+0000] {spaceflight_data_ingest_v2.py:76} INFO - Reintentando... intento 3/5
[2025-01-17T21:47:34.748+0000] {spaceflight_data_ingest_v2.py:76} INFO - Reintentando... intento 4/5
[2025-01-17T21:47:39.750+0000] {spaceflight_data_ingest_v2.py:76} INFO - Reintentando... intento 5/5
[2025-01-17T21:47:45.071+0000] {spaceflight_data_ingest_v2.py:53} WARNING - Articles duplicado o inválido omitido: 28575
[2025-01-17T21:47:45.072+0000] {spaceflight_data_ingest_v2.py:53} WARNING - Articles duplicado o inválido omitido: 28574
[2025-01-17T21:47:45.072+0000] {spaceflight_data_ingest_v2.py:53} WARNING - Articles duplicado o inválido omitido: 28572
[2025-01-17T21:47:45.072+0000] {spaceflight_data_ingest_v2.py:53} WARNING - Articles duplicado o inválido omitido: 28573
[2025-01-17T21:47:45.072+0000] {spaceflight_data_ingest_v2.py:53} WARNING - Articles duplicado o inválido omitido: 28569
[2025-01-17T21:47:45.425+0000] {spaceflight_data_ingest_v2.py:72} ERROR - Error en la solicitud: 'id'
[2025-01-17T21:47:45.425+0000] {spaceflight_data_ingest_v2.py:76} INFO - Reintentando... intento 1/5
[2025-01-17T21:47:50.426+0000] {spaceflight_data_ingest_v2.py:76} INFO - Reintentando... intento 2/5
[2025-01-17T21:47:55.427+0000] {spaceflight_data_ingest_v2.py:76} INFO - Reintentando... intento 3/5
[2025-01-17T21:47:59.660+0000] {spaceflight_data_ingest_v2.py:76} INFO - Reintentando... intento 4/5
[2025-01-17T21:48:04.661+0000] {spaceflight_data_ingest_v2.py:76} INFO - Reintentando... intento 5/5
[2025-01-17T21:48:09.949+0000] {spaceflight_data_ingest_v2.py:53} WARNING - Articles duplicado o inválido omitido: 28560
[2025-01-17T21:48:09.950+0000] {spaceflight_data_ingest_v2.py:53} WARNING - Articles duplicado o inválido omitido: 28570
[2025-01-17T21:48:09.950+0000] {spaceflight_data_ingest_v2.py:53} WARNING - Articles duplicado o inválido omitido: 28571
[2025-01-17T21:48:09.950+0000] {spaceflight_data_ingest_v2.py:53} WARNING - Articles duplicado o inválido omitido: 28635
[2025-01-17T21:48:09.950+0000] {spaceflight_data_ingest_v2.py:53} WARNING - Articles duplicado o inválido omitido: 28561
[2025-01-17T21:48:10.228+0000] {spaceflight_data_ingest_v2.py:72} ERROR - Error en la solicitud: 'id'
[2025-01-17T21:48:10.228+0000] {spaceflight_data_ingest_v2.py:76} INFO - Reintentando... intento 1/5
[2025-01-17T21:48:12.335+0000] {spaceflight_data_ingest_v2.py:76} INFO - Reintentando... intento 2/5
[2025-01-17T21:48:17.351+0000] {spaceflight_data_ingest_v2.py:76} INFO - Reintentando... intento 3/5
[2025-01-17T21:48:22.364+0000] {spaceflight_data_ingest_v2.py:76} INFO - Reintentando... intento 4/5
[2025-01-17T21:48:26.231+0000] {spaceflight_data_ingest_v2.py:76} INFO - Reintentando... intento 5/5
[2025-01-17T21:48:31.554+0000] {spaceflight_data_ingest_v2.py:53} WARNING - Articles duplicado o inválido omitido: 28527
[2025-01-17T21:48:31.554+0000] {spaceflight_data_ingest_v2.py:53} WARNING - Articles duplicado o inválido omitido: 28562
[2025-01-17T21:48:31.554+0000] {spaceflight_data_ingest_v2.py:53} WARNING - Articles duplicado o inválido omitido: 28636
[2025-01-17T21:48:31.554+0000] {spaceflight_data_ingest_v2.py:53} WARNING - Articles duplicado o inválido omitido: 28563
[2025-01-17T21:48:31.554+0000] {spaceflight_data_ingest_v2.py:53} WARNING - Articles duplicado o inválido omitido: 28564
[2025-01-17T21:48:32.117+0000] {spaceflight_data_ingest_v2.py:72} ERROR - Error en la solicitud: 'id'
[2025-01-17T21:48:32.117+0000] {spaceflight_data_ingest_v2.py:76} INFO - Reintentando... intento 1/5
[2025-01-17T21:48:37.118+0000] {spaceflight_data_ingest_v2.py:76} INFO - Reintentando... intento 2/5
[2025-01-17T21:48:42.119+0000] {spaceflight_data_ingest_v2.py:76} INFO - Reintentando... intento 3/5
[2025-01-17T21:48:47.120+0000] {spaceflight_data_ingest_v2.py:76} INFO - Reintentando... intento 4/5
[2025-01-17T21:48:52.121+0000] {spaceflight_data_ingest_v2.py:76} INFO - Reintentando... intento 5/5
[2025-01-17T21:48:54.849+0000] {spaceflight_data_ingest_v2.py:53} WARNING - Articles duplicado o inválido omitido: 28565
[2025-01-17T21:48:54.849+0000] {spaceflight_data_ingest_v2.py:53} WARNING - Articles duplicado o inválido omitido: 28526
[2025-01-17T21:48:54.849+0000] {spaceflight_data_ingest_v2.py:53} WARNING - Articles duplicado o inválido omitido: 28566
[2025-01-17T21:48:54.850+0000] {spaceflight_data_ingest_v2.py:53} WARNING - Articles duplicado o inválido omitido: 28567
[2025-01-17T21:48:54.850+0000] {spaceflight_data_ingest_v2.py:53} WARNING - Articles duplicado o inválido omitido: 28525
[2025-01-17T21:48:55.121+0000] {spaceflight_data_ingest_v2.py:72} ERROR - Error en la solicitud: 'id'
[2025-01-17T21:48:55.122+0000] {spaceflight_data_ingest_v2.py:76} INFO - Reintentando... intento 1/5
[2025-01-17T21:49:00.122+0000] {spaceflight_data_ingest_v2.py:76} INFO - Reintentando... intento 2/5
[2025-01-17T21:49:05.123+0000] {spaceflight_data_ingest_v2.py:76} INFO - Reintentando... intento 3/5
[2025-01-17T21:49:10.124+0000] {spaceflight_data_ingest_v2.py:76} INFO - Reintentando... intento 4/5
[2025-01-17T21:49:15.126+0000] {spaceflight_data_ingest_v2.py:76} INFO - Reintentando... intento 5/5
[2025-01-17T21:49:18.213+0000] {spaceflight_data_ingest_v2.py:53} WARNING - Articles duplicado o inválido omitido: 28637
[2025-01-17T21:49:18.213+0000] {spaceflight_data_ingest_v2.py:53} WARNING - Articles duplicado o inválido omitido: 28568
[2025-01-17T21:49:18.213+0000] {spaceflight_data_ingest_v2.py:53} WARNING - Articles duplicado o inválido omitido: 28524
[2025-01-17T21:49:18.214+0000] {spaceflight_data_ingest_v2.py:53} WARNING - Articles duplicado o inválido omitido: 28638
[2025-01-17T21:49:18.214+0000] {spaceflight_data_ingest_v2.py:53} WARNING - Articles duplicado o inválido omitido: 28523
[2025-01-17T21:49:18.658+0000] {spaceflight_data_ingest_v2.py:72} ERROR - Error en la solicitud: 'id'
[2025-01-17T21:49:18.658+0000] {spaceflight_data_ingest_v2.py:76} INFO - Reintentando... intento 1/5
[2025-01-17T21:49:23.659+0000] {spaceflight_data_ingest_v2.py:76} INFO - Reintentando... intento 2/5
[2025-01-17T21:49:28.661+0000] {spaceflight_data_ingest_v2.py:76} INFO - Reintentando... intento 3/5
