[2025-01-17T20:02:51.746+0000] {local_task_job_runner.py:123} INFO - ::group::Pre task execution logs
[2025-01-17T20:02:51.763+0000] {taskinstance.py:2613} INFO - Dependencies all met for dep_context=non-requeueable deps ti=<TaskInstance: spaceflight_data_ingest_v2.fetch_articles manual__2025-01-17T19:20:40.647063+00:00 [queued]>
[2025-01-17T20:02:51.770+0000] {taskinstance.py:2613} INFO - Dependencies all met for dep_context=requeueable deps ti=<TaskInstance: spaceflight_data_ingest_v2.fetch_articles manual__2025-01-17T19:20:40.647063+00:00 [queued]>
[2025-01-17T20:02:51.770+0000] {taskinstance.py:2866} INFO - Starting attempt 2 of 2
[2025-01-17T20:02:51.782+0000] {taskinstance.py:2889} INFO - Executing <Task(PythonOperator): fetch_articles> on 2025-01-17 19:20:40.647063+00:00
[2025-01-17T20:02:51.790+0000] {warnings.py:112} WARNING - /home/***/.local/lib/python3.12/site-packages/***/task/task_runner/standard_task_runner.py:70: DeprecationWarning: This process (pid=203) is multi-threaded, use of fork() may lead to deadlocks in the child.
  pid = os.fork()

[2025-01-17T20:02:51.791+0000] {standard_task_runner.py:72} INFO - Started process 205 to run task
[2025-01-17T20:02:51.792+0000] {standard_task_runner.py:104} INFO - Running: ['***', 'tasks', 'run', 'spaceflight_data_ingest_v2', 'fetch_articles', 'manual__2025-01-17T19:20:40.647063+00:00', '--job-id', '57', '--raw', '--subdir', 'DAGS_FOLDER/spaceflight_data_ingest_v2.py', '--cfg-path', '/tmp/tmphf2jlzy9']
[2025-01-17T20:02:51.793+0000] {standard_task_runner.py:105} INFO - Job 57: Subtask fetch_articles
[2025-01-17T20:02:51.834+0000] {task_command.py:467} INFO - Running <TaskInstance: spaceflight_data_ingest_v2.fetch_articles manual__2025-01-17T19:20:40.647063+00:00 [running]> on host 59ff16f1d4fb
[2025-01-17T20:02:52.131+0000] {taskinstance.py:3132} INFO - Exporting env vars: AIRFLOW_CTX_DAG_OWNER='***' AIRFLOW_CTX_DAG_ID='spaceflight_data_ingest_v2' AIRFLOW_CTX_TASK_ID='fetch_articles' AIRFLOW_CTX_EXECUTION_DATE='2025-01-17T19:20:40.647063+00:00' AIRFLOW_CTX_TRY_NUMBER='2' AIRFLOW_CTX_DAG_RUN_ID='manual__2025-01-17T19:20:40.647063+00:00'
[2025-01-17T20:02:52.132+0000] {logging_mixin.py:190} INFO - Task instance is in running state
[2025-01-17T20:02:52.132+0000] {logging_mixin.py:190} INFO -  Previous state of the Task instance: queued
[2025-01-17T20:02:52.132+0000] {logging_mixin.py:190} INFO - Current task name:fetch_articles state:running start_date:2025-01-17 20:02:51.763722+00:00
[2025-01-17T20:02:52.132+0000] {logging_mixin.py:190} INFO - Dag name:spaceflight_data_ingest_v2 and current dag run status:running
[2025-01-17T20:02:52.132+0000] {taskinstance.py:731} INFO - ::endgroup::
[2025-01-17T20:02:52.584+0000] {spaceflight_data_ingest_v2.py:78} ERROR - Error en la solicitud: 'total_pages'
[2025-01-17T20:02:52.585+0000] {spaceflight_data_ingest_v2.py:82} INFO - Reintentando... intento 1/5
[2025-01-17T20:02:58.053+0000] {spaceflight_data_ingest_v2.py:78} ERROR - Error en la solicitud: 'total_pages'
[2025-01-17T20:02:58.053+0000] {spaceflight_data_ingest_v2.py:82} INFO - Reintentando... intento 1/5
[2025-01-17T20:03:03.612+0000] {spaceflight_data_ingest_v2.py:78} ERROR - Error en la solicitud: 'total_pages'
[2025-01-17T20:03:03.613+0000] {spaceflight_data_ingest_v2.py:82} INFO - Reintentando... intento 1/5
[2025-01-17T20:03:09.083+0000] {spaceflight_data_ingest_v2.py:78} ERROR - Error en la solicitud: 'total_pages'
[2025-01-17T20:03:09.083+0000] {spaceflight_data_ingest_v2.py:82} INFO - Reintentando... intento 1/5
[2025-01-17T20:03:12.495+0000] {spaceflight_data_ingest_v2.py:78} ERROR - Error en la solicitud: 'total_pages'
[2025-01-17T20:03:12.496+0000] {spaceflight_data_ingest_v2.py:82} INFO - Reintentando... intento 1/5
[2025-01-17T20:03:17.886+0000] {spaceflight_data_ingest_v2.py:78} ERROR - Error en la solicitud: 'total_pages'
[2025-01-17T20:03:17.886+0000] {spaceflight_data_ingest_v2.py:82} INFO - Reintentando... intento 1/5
[2025-01-17T20:03:23.364+0000] {spaceflight_data_ingest_v2.py:78} ERROR - Error en la solicitud: 'total_pages'
[2025-01-17T20:03:23.364+0000] {spaceflight_data_ingest_v2.py:82} INFO - Reintentando... intento 1/5
[2025-01-17T20:03:29.689+0000] {spaceflight_data_ingest_v2.py:78} ERROR - Error en la solicitud: 'total_pages'
[2025-01-17T20:03:29.690+0000] {spaceflight_data_ingest_v2.py:82} INFO - Reintentando... intento 1/5
[2025-01-17T20:03:35.140+0000] {spaceflight_data_ingest_v2.py:78} ERROR - Error en la solicitud: 'total_pages'
[2025-01-17T20:03:35.141+0000] {spaceflight_data_ingest_v2.py:82} INFO - Reintentando... intento 1/5
[2025-01-17T20:03:38.604+0000] {spaceflight_data_ingest_v2.py:78} ERROR - Error en la solicitud: 'total_pages'
[2025-01-17T20:03:38.604+0000] {spaceflight_data_ingest_v2.py:82} INFO - Reintentando... intento 1/5
[2025-01-17T20:03:44.055+0000] {spaceflight_data_ingest_v2.py:78} ERROR - Error en la solicitud: 'total_pages'
[2025-01-17T20:03:44.056+0000] {spaceflight_data_ingest_v2.py:82} INFO - Reintentando... intento 1/5
[2025-01-17T20:03:49.506+0000] {spaceflight_data_ingest_v2.py:78} ERROR - Error en la solicitud: 'total_pages'
[2025-01-17T20:03:49.507+0000] {spaceflight_data_ingest_v2.py:82} INFO - Reintentando... intento 1/5
[2025-01-17T20:03:55.050+0000] {spaceflight_data_ingest_v2.py:78} ERROR - Error en la solicitud: 'total_pages'
[2025-01-17T20:03:55.050+0000] {spaceflight_data_ingest_v2.py:82} INFO - Reintentando... intento 1/5
[2025-01-17T20:04:00.608+0000] {spaceflight_data_ingest_v2.py:78} ERROR - Error en la solicitud: 'total_pages'
[2025-01-17T20:04:00.608+0000] {spaceflight_data_ingest_v2.py:82} INFO - Reintentando... intento 1/5
[2025-01-17T20:04:04.114+0000] {spaceflight_data_ingest_v2.py:78} ERROR - Error en la solicitud: 'total_pages'
[2025-01-17T20:04:04.115+0000] {spaceflight_data_ingest_v2.py:82} INFO - Reintentando... intento 1/5
[2025-01-17T20:04:09.685+0000] {spaceflight_data_ingest_v2.py:78} ERROR - Error en la solicitud: 'total_pages'
[2025-01-17T20:04:09.685+0000] {spaceflight_data_ingest_v2.py:82} INFO - Reintentando... intento 1/5
[2025-01-17T20:04:15.465+0000] {spaceflight_data_ingest_v2.py:78} ERROR - Error en la solicitud: 'total_pages'
[2025-01-17T20:04:15.465+0000] {spaceflight_data_ingest_v2.py:82} INFO - Reintentando... intento 1/5
[2025-01-17T20:04:20.943+0000] {spaceflight_data_ingest_v2.py:78} ERROR - Error en la solicitud: 'total_pages'
[2025-01-17T20:04:20.943+0000] {spaceflight_data_ingest_v2.py:82} INFO - Reintentando... intento 1/5
[2025-01-17T20:04:26.334+0000] {spaceflight_data_ingest_v2.py:78} ERROR - Error en la solicitud: 'total_pages'
[2025-01-17T20:04:26.334+0000] {spaceflight_data_ingest_v2.py:82} INFO - Reintentando... intento 1/5
[2025-01-17T20:04:31.813+0000] {spaceflight_data_ingest_v2.py:78} ERROR - Error en la solicitud: 'total_pages'
[2025-01-17T20:04:31.814+0000] {spaceflight_data_ingest_v2.py:82} INFO - Reintentando... intento 1/5
[2025-01-17T20:04:35.241+0000] {spaceflight_data_ingest_v2.py:78} ERROR - Error en la solicitud: 'total_pages'
[2025-01-17T20:04:35.242+0000] {spaceflight_data_ingest_v2.py:82} INFO - Reintentando... intento 1/5
[2025-01-17T20:04:40.695+0000] {spaceflight_data_ingest_v2.py:78} ERROR - Error en la solicitud: 'total_pages'
[2025-01-17T20:04:40.695+0000] {spaceflight_data_ingest_v2.py:82} INFO - Reintentando... intento 1/5
[2025-01-17T20:04:46.182+0000] {spaceflight_data_ingest_v2.py:78} ERROR - Error en la solicitud: 'total_pages'
[2025-01-17T20:04:46.183+0000] {spaceflight_data_ingest_v2.py:82} INFO - Reintentando... intento 1/5
[2025-01-17T20:04:51.586+0000] {spaceflight_data_ingest_v2.py:78} ERROR - Error en la solicitud: 'total_pages'
[2025-01-17T20:04:51.586+0000] {spaceflight_data_ingest_v2.py:82} INFO - Reintentando... intento 1/5
[2025-01-17T20:04:57.158+0000] {spaceflight_data_ingest_v2.py:78} ERROR - Error en la solicitud: 'total_pages'
[2025-01-17T20:04:57.158+0000] {spaceflight_data_ingest_v2.py:82} INFO - Reintentando... intento 1/5
[2025-01-17T20:05:00.611+0000] {spaceflight_data_ingest_v2.py:78} ERROR - Error en la solicitud: 'total_pages'
[2025-01-17T20:05:00.612+0000] {spaceflight_data_ingest_v2.py:82} INFO - Reintentando... intento 1/5
[2025-01-17T20:05:06.181+0000] {spaceflight_data_ingest_v2.py:78} ERROR - Error en la solicitud: 'total_pages'
[2025-01-17T20:05:06.182+0000] {spaceflight_data_ingest_v2.py:82} INFO - Reintentando... intento 1/5
[2025-01-17T20:05:11.634+0000] {spaceflight_data_ingest_v2.py:78} ERROR - Error en la solicitud: 'total_pages'
[2025-01-17T20:05:11.634+0000] {spaceflight_data_ingest_v2.py:82} INFO - Reintentando... intento 1/5
[2025-01-17T20:05:17.153+0000] {spaceflight_data_ingest_v2.py:78} ERROR - Error en la solicitud: 'total_pages'
[2025-01-17T20:05:17.153+0000] {spaceflight_data_ingest_v2.py:82} INFO - Reintentando... intento 1/5
[2025-01-17T20:05:22.844+0000] {spaceflight_data_ingest_v2.py:78} ERROR - Error en la solicitud: 'total_pages'
[2025-01-17T20:05:22.845+0000] {spaceflight_data_ingest_v2.py:82} INFO - Reintentando... intento 1/5
[2025-01-17T20:05:28.247+0000] {spaceflight_data_ingest_v2.py:78} ERROR - Error en la solicitud: 'total_pages'
[2025-01-17T20:05:28.248+0000] {spaceflight_data_ingest_v2.py:82} INFO - Reintentando... intento 1/5
[2025-01-17T20:05:31.607+0000] {spaceflight_data_ingest_v2.py:78} ERROR - Error en la solicitud: 'total_pages'
[2025-01-17T20:05:31.607+0000] {spaceflight_data_ingest_v2.py:82} INFO - Reintentando... intento 1/5
[2025-01-17T20:05:37.055+0000] {spaceflight_data_ingest_v2.py:78} ERROR - Error en la solicitud: 'total_pages'
[2025-01-17T20:05:37.055+0000] {spaceflight_data_ingest_v2.py:82} INFO - Reintentando... intento 1/5
[2025-01-17T20:05:42.549+0000] {spaceflight_data_ingest_v2.py:78} ERROR - Error en la solicitud: 'total_pages'
[2025-01-17T20:05:42.550+0000] {spaceflight_data_ingest_v2.py:82} INFO - Reintentando... intento 1/5
[2025-01-17T20:05:48.009+0000] {spaceflight_data_ingest_v2.py:78} ERROR - Error en la solicitud: 'total_pages'
[2025-01-17T20:05:48.009+0000] {spaceflight_data_ingest_v2.py:82} INFO - Reintentando... intento 1/5
[2025-01-17T20:05:53.443+0000] {spaceflight_data_ingest_v2.py:78} ERROR - Error en la solicitud: 'total_pages'
[2025-01-17T20:05:53.444+0000] {spaceflight_data_ingest_v2.py:82} INFO - Reintentando... intento 1/5
[2025-01-17T20:05:56.819+0000] {spaceflight_data_ingest_v2.py:78} ERROR - Error en la solicitud: 'total_pages'
[2025-01-17T20:05:56.819+0000] {spaceflight_data_ingest_v2.py:82} INFO - Reintentando... intento 1/5
[2025-01-17T20:06:02.314+0000] {spaceflight_data_ingest_v2.py:78} ERROR - Error en la solicitud: 'total_pages'
[2025-01-17T20:06:02.314+0000] {spaceflight_data_ingest_v2.py:82} INFO - Reintentando... intento 1/5
[2025-01-17T20:06:07.723+0000] {spaceflight_data_ingest_v2.py:78} ERROR - Error en la solicitud: 'total_pages'
[2025-01-17T20:06:07.724+0000] {spaceflight_data_ingest_v2.py:82} INFO - Reintentando... intento 1/5
[2025-01-17T20:06:13.176+0000] {spaceflight_data_ingest_v2.py:78} ERROR - Error en la solicitud: 'total_pages'
[2025-01-17T20:06:13.176+0000] {spaceflight_data_ingest_v2.py:82} INFO - Reintentando... intento 1/5
[2025-01-17T20:06:18.689+0000] {spaceflight_data_ingest_v2.py:78} ERROR - Error en la solicitud: 'total_pages'
[2025-01-17T20:06:18.690+0000] {spaceflight_data_ingest_v2.py:82} INFO - Reintentando... intento 1/5
[2025-01-17T20:06:24.165+0000] {spaceflight_data_ingest_v2.py:78} ERROR - Error en la solicitud: 'total_pages'
[2025-01-17T20:06:24.165+0000] {spaceflight_data_ingest_v2.py:82} INFO - Reintentando... intento 1/5
[2025-01-17T20:06:27.581+0000] {spaceflight_data_ingest_v2.py:78} ERROR - Error en la solicitud: 'total_pages'
[2025-01-17T20:06:27.582+0000] {spaceflight_data_ingest_v2.py:82} INFO - Reintentando... intento 1/5
[2025-01-17T20:06:33.047+0000] {spaceflight_data_ingest_v2.py:78} ERROR - Error en la solicitud: 'total_pages'
[2025-01-17T20:06:33.048+0000] {spaceflight_data_ingest_v2.py:82} INFO - Reintentando... intento 1/5
[2025-01-17T20:06:38.522+0000] {spaceflight_data_ingest_v2.py:78} ERROR - Error en la solicitud: 'total_pages'
[2025-01-17T20:06:38.522+0000] {spaceflight_data_ingest_v2.py:82} INFO - Reintentando... intento 1/5
[2025-01-17T20:06:44.003+0000] {spaceflight_data_ingest_v2.py:78} ERROR - Error en la solicitud: 'total_pages'
[2025-01-17T20:06:44.004+0000] {spaceflight_data_ingest_v2.py:82} INFO - Reintentando... intento 1/5
[2025-01-17T20:06:49.465+0000] {spaceflight_data_ingest_v2.py:78} ERROR - Error en la solicitud: 'total_pages'
[2025-01-17T20:06:49.465+0000] {spaceflight_data_ingest_v2.py:82} INFO - Reintentando... intento 1/5
[2025-01-17T20:06:52.857+0000] {spaceflight_data_ingest_v2.py:78} ERROR - Error en la solicitud: 'total_pages'
[2025-01-17T20:06:52.858+0000] {spaceflight_data_ingest_v2.py:82} INFO - Reintentando... intento 1/5
[2025-01-17T20:06:58.382+0000] {spaceflight_data_ingest_v2.py:78} ERROR - Error en la solicitud: 'total_pages'
[2025-01-17T20:06:58.383+0000] {spaceflight_data_ingest_v2.py:82} INFO - Reintentando... intento 1/5
[2025-01-17T20:07:03.892+0000] {spaceflight_data_ingest_v2.py:78} ERROR - Error en la solicitud: 'total_pages'
[2025-01-17T20:07:03.893+0000] {spaceflight_data_ingest_v2.py:82} INFO - Reintentando... intento 1/5
[2025-01-17T20:07:09.287+0000] {spaceflight_data_ingest_v2.py:78} ERROR - Error en la solicitud: 'total_pages'
[2025-01-17T20:07:09.287+0000] {spaceflight_data_ingest_v2.py:82} INFO - Reintentando... intento 1/5
[2025-01-17T20:07:14.766+0000] {spaceflight_data_ingest_v2.py:78} ERROR - Error en la solicitud: 'total_pages'
[2025-01-17T20:07:14.767+0000] {spaceflight_data_ingest_v2.py:82} INFO - Reintentando... intento 1/5
[2025-01-17T20:07:20.297+0000] {spaceflight_data_ingest_v2.py:78} ERROR - Error en la solicitud: 'total_pages'
[2025-01-17T20:07:20.298+0000] {spaceflight_data_ingest_v2.py:82} INFO - Reintentando... intento 1/5
[2025-01-17T20:07:23.632+0000] {spaceflight_data_ingest_v2.py:78} ERROR - Error en la solicitud: 'total_pages'
[2025-01-17T20:07:23.632+0000] {spaceflight_data_ingest_v2.py:82} INFO - Reintentando... intento 1/5
[2025-01-17T20:07:29.043+0000] {spaceflight_data_ingest_v2.py:78} ERROR - Error en la solicitud: 'total_pages'
[2025-01-17T20:07:29.044+0000] {spaceflight_data_ingest_v2.py:82} INFO - Reintentando... intento 1/5
[2025-01-17T20:07:34.574+0000] {spaceflight_data_ingest_v2.py:78} ERROR - Error en la solicitud: 'total_pages'
[2025-01-17T20:07:34.574+0000] {spaceflight_data_ingest_v2.py:82} INFO - Reintentando... intento 1/5
[2025-01-17T20:07:39.945+0000] {spaceflight_data_ingest_v2.py:78} ERROR - Error en la solicitud: 'total_pages'
[2025-01-17T20:07:39.946+0000] {spaceflight_data_ingest_v2.py:82} INFO - Reintentando... intento 1/5
[2025-01-17T20:07:45.407+0000] {spaceflight_data_ingest_v2.py:78} ERROR - Error en la solicitud: 'total_pages'
[2025-01-17T20:07:45.407+0000] {spaceflight_data_ingest_v2.py:82} INFO - Reintentando... intento 1/5
[2025-01-17T20:07:48.810+0000] {spaceflight_data_ingest_v2.py:78} ERROR - Error en la solicitud: 'total_pages'
[2025-01-17T20:07:48.811+0000] {spaceflight_data_ingest_v2.py:82} INFO - Reintentando... intento 1/5
[2025-01-17T20:07:54.246+0000] {spaceflight_data_ingest_v2.py:78} ERROR - Error en la solicitud: 'total_pages'
[2025-01-17T20:07:54.246+0000] {spaceflight_data_ingest_v2.py:82} INFO - Reintentando... intento 1/5
[2025-01-17T20:07:59.698+0000] {spaceflight_data_ingest_v2.py:78} ERROR - Error en la solicitud: 'total_pages'
[2025-01-17T20:07:59.698+0000] {spaceflight_data_ingest_v2.py:82} INFO - Reintentando... intento 1/5
[2025-01-17T20:08:05.982+0000] {spaceflight_data_ingest_v2.py:78} ERROR - Error en la solicitud: 'total_pages'
[2025-01-17T20:08:05.983+0000] {spaceflight_data_ingest_v2.py:82} INFO - Reintentando... intento 1/5
[2025-01-17T20:08:11.450+0000] {spaceflight_data_ingest_v2.py:78} ERROR - Error en la solicitud: 'total_pages'
[2025-01-17T20:08:11.451+0000] {spaceflight_data_ingest_v2.py:82} INFO - Reintentando... intento 1/5
[2025-01-17T20:08:14.840+0000] {spaceflight_data_ingest_v2.py:78} ERROR - Error en la solicitud: 'total_pages'
[2025-01-17T20:08:14.840+0000] {spaceflight_data_ingest_v2.py:82} INFO - Reintentando... intento 1/5
[2025-01-17T20:08:20.339+0000] {spaceflight_data_ingest_v2.py:78} ERROR - Error en la solicitud: 'total_pages'
[2025-01-17T20:08:20.339+0000] {spaceflight_data_ingest_v2.py:82} INFO - Reintentando... intento 1/5
[2025-01-17T20:08:25.752+0000] {spaceflight_data_ingest_v2.py:78} ERROR - Error en la solicitud: 'total_pages'
[2025-01-17T20:08:25.752+0000] {spaceflight_data_ingest_v2.py:82} INFO - Reintentando... intento 1/5
[2025-01-17T20:08:31.511+0000] {spaceflight_data_ingest_v2.py:78} ERROR - Error en la solicitud: 'total_pages'
[2025-01-17T20:08:31.512+0000] {spaceflight_data_ingest_v2.py:82} INFO - Reintentando... intento 1/5
[2025-01-17T20:08:36.978+0000] {spaceflight_data_ingest_v2.py:78} ERROR - Error en la solicitud: 'total_pages'
[2025-01-17T20:08:36.978+0000] {spaceflight_data_ingest_v2.py:82} INFO - Reintentando... intento 1/5
[2025-01-17T20:08:42.355+0000] {spaceflight_data_ingest_v2.py:78} ERROR - Error en la solicitud: 'total_pages'
[2025-01-17T20:08:42.355+0000] {spaceflight_data_ingest_v2.py:82} INFO - Reintentando... intento 1/5
[2025-01-17T20:08:45.727+0000] {spaceflight_data_ingest_v2.py:78} ERROR - Error en la solicitud: 'total_pages'
[2025-01-17T20:08:45.727+0000] {spaceflight_data_ingest_v2.py:82} INFO - Reintentando... intento 1/5
[2025-01-17T20:08:51.189+0000] {spaceflight_data_ingest_v2.py:78} ERROR - Error en la solicitud: 'total_pages'
[2025-01-17T20:08:51.189+0000] {spaceflight_data_ingest_v2.py:82} INFO - Reintentando... intento 1/5
[2025-01-17T20:08:56.644+0000] {spaceflight_data_ingest_v2.py:78} ERROR - Error en la solicitud: 'total_pages'
[2025-01-17T20:08:56.645+0000] {spaceflight_data_ingest_v2.py:82} INFO - Reintentando... intento 1/5
[2025-01-17T20:09:02.028+0000] {spaceflight_data_ingest_v2.py:78} ERROR - Error en la solicitud: 'total_pages'
[2025-01-17T20:09:02.029+0000] {spaceflight_data_ingest_v2.py:82} INFO - Reintentando... intento 1/5
[2025-01-17T20:09:07.557+0000] {spaceflight_data_ingest_v2.py:78} ERROR - Error en la solicitud: 'total_pages'
[2025-01-17T20:09:07.558+0000] {spaceflight_data_ingest_v2.py:82} INFO - Reintentando... intento 1/5
[2025-01-17T20:09:10.995+0000] {spaceflight_data_ingest_v2.py:78} ERROR - Error en la solicitud: 'total_pages'
[2025-01-17T20:09:10.996+0000] {spaceflight_data_ingest_v2.py:82} INFO - Reintentando... intento 1/5
[2025-01-17T20:09:16.461+0000] {spaceflight_data_ingest_v2.py:78} ERROR - Error en la solicitud: 'total_pages'
[2025-01-17T20:09:16.461+0000] {spaceflight_data_ingest_v2.py:82} INFO - Reintentando... intento 1/5
[2025-01-17T20:09:21.924+0000] {spaceflight_data_ingest_v2.py:78} ERROR - Error en la solicitud: 'total_pages'
[2025-01-17T20:09:21.925+0000] {spaceflight_data_ingest_v2.py:82} INFO - Reintentando... intento 1/5
[2025-01-17T20:09:27.412+0000] {spaceflight_data_ingest_v2.py:78} ERROR - Error en la solicitud: 'total_pages'
[2025-01-17T20:09:27.412+0000] {spaceflight_data_ingest_v2.py:82} INFO - Reintentando... intento 1/5
[2025-01-17T20:09:32.962+0000] {spaceflight_data_ingest_v2.py:78} ERROR - Error en la solicitud: 'total_pages'
[2025-01-17T20:09:32.962+0000] {spaceflight_data_ingest_v2.py:82} INFO - Reintentando... intento 1/5
[2025-01-19T04:07:33.983+0000] {local_task_job_runner.py:123} INFO - ::group::Pre task execution logs
[2025-01-19T04:07:34.026+0000] {local_task_job_runner.py:123} INFO - ::group::Pre task execution logs
[2025-01-19T04:07:34.046+0000] {taskinstance.py:2603} INFO - Dependencies not met for <TaskInstance: spaceflight_data_ingest_v2.fetch_articles manual__2025-01-17T19:20:40.647063+00:00 [failed]>, dependency 'Task Instance State' FAILED: Task is in the 'failed' state.
[2025-01-19T04:07:34.067+0000] {local_task_job_runner.py:166} INFO - Task is not able to be run
[2025-01-19T04:07:34.077+0000] {taskinstance.py:2603} INFO - Dependencies not met for <TaskInstance: spaceflight_data_ingest_v2.fetch_articles manual__2025-01-17T19:20:40.647063+00:00 [failed]>, dependency 'Task Instance State' FAILED: Task is in the 'failed' state.
[2025-01-19T04:07:34.097+0000] {local_task_job_runner.py:166} INFO - Task is not able to be run
