[2025-01-21T01:05:15.406+0000] {local_task_job_runner.py:123} INFO - ::group::Pre task execution logs
[2025-01-21T01:05:15.426+0000] {taskinstance.py:2613} INFO - Dependencies all met for dep_context=non-requeueable deps ti=<TaskInstance: DAG_AWS_PIPELINE.glue_sparkJob manual__2025-01-21T01:05:02.276205+00:00 [queued]>
[2025-01-21T01:05:15.435+0000] {taskinstance.py:2613} INFO - Dependencies all met for dep_context=requeueable deps ti=<TaskInstance: DAG_AWS_PIPELINE.glue_sparkJob manual__2025-01-21T01:05:02.276205+00:00 [queued]>
[2025-01-21T01:05:15.436+0000] {taskinstance.py:2866} INFO - Starting attempt 1 of 2
[2025-01-21T01:05:15.448+0000] {taskinstance.py:2889} INFO - Executing <Task(GlueJobOperator): glue_sparkJob> on 2025-01-21 01:05:02.276205+00:00
[2025-01-21T01:05:15.457+0000] {warnings.py:112} WARNING - /home/***/.local/lib/python3.12/site-packages/***/task/task_runner/standard_task_runner.py:70: DeprecationWarning: This process (pid=4039) is multi-threaded, use of fork() may lead to deadlocks in the child.
  pid = os.fork()

[2025-01-21T01:05:15.459+0000] {standard_task_runner.py:72} INFO - Started process 4041 to run task
[2025-01-21T01:05:15.459+0000] {standard_task_runner.py:104} INFO - Running: ['***', 'tasks', 'run', 'DAG_AWS_PIPELINE', 'glue_sparkJob', 'manual__2025-01-21T01:05:02.276205+00:00', '--job-id', '344', '--raw', '--subdir', 'DAGS_FOLDER/Ingesta_aws.py', '--cfg-path', '/tmp/tmpr4a3x0an']
[2025-01-21T01:05:15.460+0000] {standard_task_runner.py:105} INFO - Job 344: Subtask glue_sparkJob
[2025-01-21T01:05:15.502+0000] {task_command.py:467} INFO - Running <TaskInstance: DAG_AWS_PIPELINE.glue_sparkJob manual__2025-01-21T01:05:02.276205+00:00 [running]> on host 59ff16f1d4fb
[2025-01-21T01:05:15.583+0000] {taskinstance.py:3132} INFO - Exporting env vars: AIRFLOW_CTX_DAG_OWNER='Wilfrido Rondon' AIRFLOW_CTX_DAG_ID='DAG_AWS_PIPELINE' AIRFLOW_CTX_TASK_ID='glue_sparkJob' AIRFLOW_CTX_EXECUTION_DATE='2025-01-21T01:05:02.276205+00:00' AIRFLOW_CTX_TRY_NUMBER='1' AIRFLOW_CTX_DAG_RUN_ID='manual__2025-01-21T01:05:02.276205+00:00'
[2025-01-21T01:05:15.585+0000] {logging_mixin.py:190} INFO - Task instance is in running state
[2025-01-21T01:05:15.585+0000] {logging_mixin.py:190} INFO -  Previous state of the Task instance: queued
[2025-01-21T01:05:15.585+0000] {logging_mixin.py:190} INFO - Current task name:glue_sparkJob state:running start_date:2025-01-21 01:05:15.426573+00:00
[2025-01-21T01:05:15.585+0000] {logging_mixin.py:190} INFO - Dag name:DAG_AWS_PIPELINE and current dag run status:running
[2025-01-21T01:05:15.585+0000] {taskinstance.py:731} INFO - ::endgroup::
[2025-01-21T01:05:15.586+0000] {glue.py:195} INFO - Initializing AWS Glue Job: JoSpaceFligthV2. Wait for completion: True
[2025-01-21T01:05:15.586+0000] {glue.py:369} INFO - Checking if job already exists: JoSpaceFligthV2
[2025-01-21T01:05:15.594+0000] {base.py:84} INFO - Retrieving connection 'aws_conn'
[2025-01-21T01:05:15.595+0000] {connection_wrapper.py:325} INFO - AWS Connection (conn_id='aws_conn', conn_type='aws') credentials retrieved from login and password.
[2025-01-21T01:05:16.541+0000] {glue.py:216} INFO - You can monitor this Glue Job run at: https://console.aws.amazon.com/gluestudio/home?region=us-east-2#/job/JoSpaceFligthV2/run/jr_294fbcf35e3995050ae1d80318b8c4b22848241275f10ac5b03e88452c6cfad6
[2025-01-21T01:05:16.631+0000] {glue.py:352} INFO - Polling for AWS Glue Job JoSpaceFligthV2 current run state with status RUNNING
[2025-01-21T01:05:21.835+0000] {glue.py:352} INFO - Polling for AWS Glue Job JoSpaceFligthV2 current run state with status RUNNING
[2025-01-21T01:05:27.929+0000] {glue.py:352} INFO - Polling for AWS Glue Job JoSpaceFligthV2 current run state with status RUNNING
[2025-01-21T01:05:34.025+0000] {glue.py:352} INFO - Polling for AWS Glue Job JoSpaceFligthV2 current run state with status RUNNING
[2025-01-21T01:05:40.130+0000] {glue.py:352} INFO - Polling for AWS Glue Job JoSpaceFligthV2 current run state with status RUNNING
[2025-01-21T01:05:46.254+0000] {glue.py:352} INFO - Polling for AWS Glue Job JoSpaceFligthV2 current run state with status RUNNING
[2025-01-21T01:05:51.662+0000] {glue.py:352} INFO - Polling for AWS Glue Job JoSpaceFligthV2 current run state with status RUNNING
[2025-01-21T01:05:57.788+0000] {glue.py:352} INFO - Polling for AWS Glue Job JoSpaceFligthV2 current run state with status RUNNING
[2025-01-21T01:06:03.910+0000] {glue.py:352} INFO - Polling for AWS Glue Job JoSpaceFligthV2 current run state with status RUNNING
[2025-01-21T01:06:10.004+0000] {glue.py:352} INFO - Polling for AWS Glue Job JoSpaceFligthV2 current run state with status RUNNING
[2025-01-21T01:06:16.117+0000] {glue.py:352} INFO - Polling for AWS Glue Job JoSpaceFligthV2 current run state with status RUNNING
[2025-01-21T01:06:21.378+0000] {glue.py:352} INFO - Polling for AWS Glue Job JoSpaceFligthV2 current run state with status RUNNING
[2025-01-21T01:06:27.504+0000] {glue.py:352} INFO - Polling for AWS Glue Job JoSpaceFligthV2 current run state with status RUNNING
[2025-01-21T01:06:33.607+0000] {glue.py:352} INFO - Polling for AWS Glue Job JoSpaceFligthV2 current run state with status RUNNING
[2025-01-21T01:06:39.703+0000] {glue.py:352} INFO - Polling for AWS Glue Job JoSpaceFligthV2 current run state with status RUNNING
[2025-01-21T01:06:45.834+0000] {glue.py:352} INFO - Polling for AWS Glue Job JoSpaceFligthV2 current run state with status RUNNING
[2025-01-21T01:06:51.042+0000] {glue.py:352} INFO - Polling for AWS Glue Job JoSpaceFligthV2 current run state with status RUNNING
[2025-01-21T01:06:57.141+0000] {glue.py:352} INFO - Polling for AWS Glue Job JoSpaceFligthV2 current run state with status RUNNING
[2025-01-21T01:07:03.249+0000] {glue.py:352} INFO - Polling for AWS Glue Job JoSpaceFligthV2 current run state with status RUNNING
[2025-01-21T01:07:09.371+0000] {glue.py:352} INFO - Polling for AWS Glue Job JoSpaceFligthV2 current run state with status RUNNING
[2025-01-21T01:07:15.473+0000] {glue.py:352} INFO - Polling for AWS Glue Job JoSpaceFligthV2 current run state with status RUNNING
[2025-01-21T01:07:20.906+0000] {glue.py:352} INFO - Polling for AWS Glue Job JoSpaceFligthV2 current run state with status RUNNING
[2025-01-21T01:07:26.986+0000] {glue.py:345} INFO - Exiting Job jr_294fbcf35e3995050ae1d80318b8c4b22848241275f10ac5b03e88452c6cfad6 Run State: SUCCEEDED
[2025-01-21T01:07:26.986+0000] {glue.py:233} INFO - AWS Glue Job: JoSpaceFligthV2 status: SUCCEEDED. Run Id: jr_294fbcf35e3995050ae1d80318b8c4b22848241275f10ac5b03e88452c6cfad6
[2025-01-21T01:07:27.005+0000] {taskinstance.py:340} INFO - ::group::Post task execution logs
[2025-01-21T01:07:27.005+0000] {taskinstance.py:352} INFO - Marking task as SUCCESS. dag_id=DAG_AWS_PIPELINE, task_id=glue_sparkJob, run_id=manual__2025-01-21T01:05:02.276205+00:00, execution_date=20250121T010502, start_date=20250121T010515, end_date=20250121T010727
[2025-01-21T01:07:27.015+0000] {logging_mixin.py:190} INFO - Task instance in success state
[2025-01-21T01:07:27.015+0000] {logging_mixin.py:190} INFO -  Previous state of the Task instance: running
[2025-01-21T01:07:27.015+0000] {logging_mixin.py:190} INFO - Dag name:DAG_AWS_PIPELINE queued_at:2025-01-21 01:05:02.286166+00:00
[2025-01-21T01:07:27.015+0000] {logging_mixin.py:190} INFO - Task hostname:59ff16f1d4fb operator:GlueJobOperator
[2025-01-21T01:07:27.054+0000] {local_task_job_runner.py:266} INFO - Task exited with return code 0
[2025-01-21T01:07:27.076+0000] {taskinstance.py:3895} INFO - 1 downstream tasks scheduled from follow-on schedule check
[2025-01-21T01:07:27.077+0000] {local_task_job_runner.py:245} INFO - ::endgroup::
