[2025-01-19T16:03:15.183+0000] {local_task_job_runner.py:123} INFO - ::group::Pre task execution logs
[2025-01-19T16:03:15.202+0000] {taskinstance.py:2613} INFO - Dependencies all met for dep_context=non-requeueable deps ti=<TaskInstance: DAG_AWS_PIPELINE.extract_articles manual__2025-01-19T16:00:45.201533+00:00 [queued]>
[2025-01-19T16:03:15.213+0000] {taskinstance.py:2613} INFO - Dependencies all met for dep_context=requeueable deps ti=<TaskInstance: DAG_AWS_PIPELINE.extract_articles manual__2025-01-19T16:00:45.201533+00:00 [queued]>
[2025-01-19T16:03:15.213+0000] {taskinstance.py:2866} INFO - Starting attempt 2 of 2
[2025-01-19T16:03:15.426+0000] {taskinstance.py:2889} INFO - Executing <Task(PythonOperator): extract_articles> on 2025-01-19 16:00:45.201533+00:00
[2025-01-19T16:03:15.435+0000] {warnings.py:112} WARNING - /home/***/.local/lib/python3.12/site-packages/***/task/task_runner/standard_task_runner.py:70: DeprecationWarning: This process (pid=4605) is multi-threaded, use of fork() may lead to deadlocks in the child.
  pid = os.fork()

[2025-01-19T16:03:15.437+0000] {standard_task_runner.py:72} INFO - Started process 4619 to run task
[2025-01-19T16:03:15.437+0000] {standard_task_runner.py:104} INFO - Running: ['***', 'tasks', 'run', 'DAG_AWS_PIPELINE', 'extract_articles', 'manual__2025-01-19T16:00:45.201533+00:00', '--job-id', '188', '--raw', '--subdir', 'DAGS_FOLDER/Ingesta_aws.py', '--cfg-path', '/tmp/tmp8n457u7_']
[2025-01-19T16:03:15.438+0000] {standard_task_runner.py:105} INFO - Job 188: Subtask extract_articles
[2025-01-19T16:03:15.486+0000] {task_command.py:467} INFO - Running <TaskInstance: DAG_AWS_PIPELINE.extract_articles manual__2025-01-19T16:00:45.201533+00:00 [running]> on host 59ff16f1d4fb
[2025-01-19T16:03:15.579+0000] {taskinstance.py:3132} INFO - Exporting env vars: AIRFLOW_CTX_DAG_OWNER='Wilfrido Rondon' AIRFLOW_CTX_DAG_ID='DAG_AWS_PIPELINE' AIRFLOW_CTX_TASK_ID='extract_articles' AIRFLOW_CTX_EXECUTION_DATE='2025-01-19T16:00:45.201533+00:00' AIRFLOW_CTX_TRY_NUMBER='2' AIRFLOW_CTX_DAG_RUN_ID='manual__2025-01-19T16:00:45.201533+00:00'
[2025-01-19T16:03:15.580+0000] {logging_mixin.py:190} INFO - Task instance is in running state
[2025-01-19T16:03:15.580+0000] {logging_mixin.py:190} INFO -  Previous state of the Task instance: queued
[2025-01-19T16:03:15.580+0000] {logging_mixin.py:190} INFO - Current task name:extract_articles state:running start_date:2025-01-19 16:03:15.202945+00:00
[2025-01-19T16:03:15.581+0000] {logging_mixin.py:190} INFO - Dag name:DAG_AWS_PIPELINE and current dag run status:running
[2025-01-19T16:03:15.581+0000] {taskinstance.py:731} INFO - ::endgroup::
[2025-01-19T16:03:15.581+0000] {Ingesta_aws.py:30} INFO - Recuperando página 1...
[2025-01-19T16:03:16.154+0000] {Ingesta_aws.py:40} INFO - Artículos recuperados: 10, total acumulado: 10
[2025-01-19T16:03:16.155+0000] {Ingesta_aws.py:30} INFO - Recuperando página 2...
[2025-01-19T16:03:16.528+0000] {Ingesta_aws.py:40} INFO - Artículos recuperados: 10, total acumulado: 20
[2025-01-19T16:03:16.528+0000] {Ingesta_aws.py:30} INFO - Recuperando página 3...
[2025-01-19T16:03:17.012+0000] {Ingesta_aws.py:40} INFO - Artículos recuperados: 10, total acumulado: 30
[2025-01-19T16:03:17.013+0000] {Ingesta_aws.py:30} INFO - Recuperando página 4...
[2025-01-19T16:03:17.788+0000] {Ingesta_aws.py:40} INFO - Artículos recuperados: 10, total acumulado: 40
[2025-01-19T16:03:17.789+0000] {Ingesta_aws.py:30} INFO - Recuperando página 5...
[2025-01-19T16:03:18.776+0000] {Ingesta_aws.py:40} INFO - Artículos recuperados: 10, total acumulado: 50
[2025-01-19T16:03:18.777+0000] {Ingesta_aws.py:30} INFO - Recuperando página 6...
[2025-01-19T16:03:19.632+0000] {Ingesta_aws.py:40} INFO - Artículos recuperados: 10, total acumulado: 60
[2025-01-19T16:03:19.632+0000] {Ingesta_aws.py:30} INFO - Recuperando página 7...
[2025-01-19T16:03:20.147+0000] {Ingesta_aws.py:40} INFO - Artículos recuperados: 10, total acumulado: 70
[2025-01-19T16:03:20.148+0000] {Ingesta_aws.py:30} INFO - Recuperando página 8...
[2025-01-19T16:03:20.607+0000] {Ingesta_aws.py:40} INFO - Artículos recuperados: 10, total acumulado: 80
[2025-01-19T16:03:20.608+0000] {Ingesta_aws.py:30} INFO - Recuperando página 9...
[2025-01-19T16:03:21.094+0000] {Ingesta_aws.py:40} INFO - Artículos recuperados: 10, total acumulado: 90
[2025-01-19T16:03:21.095+0000] {Ingesta_aws.py:30} INFO - Recuperando página 10...
[2025-01-19T16:03:21.756+0000] {Ingesta_aws.py:40} INFO - Artículos recuperados: 10, total acumulado: 100
[2025-01-19T16:03:21.756+0000] {Ingesta_aws.py:52} INFO - Transformando los datos a CSV...
[2025-01-19T16:03:21.768+0000] {Ingesta_aws.py:59} INFO - CSV guardado temporalmente en: /tmp/articulos.csv
[2025-01-19T16:03:21.769+0000] {python.py:240} INFO - Done. Returned value was: /tmp/articulos.csv
[2025-01-19T16:03:21.828+0000] {taskinstance.py:340} INFO - ::group::Post task execution logs
[2025-01-19T16:03:21.829+0000] {taskinstance.py:352} INFO - Marking task as SUCCESS. dag_id=DAG_AWS_PIPELINE, task_id=extract_articles, run_id=manual__2025-01-19T16:00:45.201533+00:00, execution_date=20250119T160045, start_date=20250119T160315, end_date=20250119T160321
[2025-01-19T16:03:21.847+0000] {logging_mixin.py:190} INFO - Task instance in success state
[2025-01-19T16:03:21.847+0000] {logging_mixin.py:190} INFO -  Previous state of the Task instance: running
[2025-01-19T16:03:21.848+0000] {logging_mixin.py:190} INFO - Dag name:DAG_AWS_PIPELINE queued_at:2025-01-19 16:00:45.210366+00:00
[2025-01-19T16:03:21.848+0000] {logging_mixin.py:190} INFO - Task hostname:59ff16f1d4fb operator:PythonOperator
[2025-01-19T16:03:21.896+0000] {local_task_job_runner.py:266} INFO - Task exited with return code 0
[2025-01-19T16:03:21.940+0000] {taskinstance.py:3895} INFO - 1 downstream tasks scheduled from follow-on schedule check
[2025-01-19T16:03:21.943+0000] {local_task_job_runner.py:245} INFO - ::endgroup::
