[2025-01-18T00:00:03.337+0000] {local_task_job_runner.py:123} INFO - ::group::Pre task execution logs
[2025-01-18T00:00:03.361+0000] {taskinstance.py:2613} INFO - Dependencies all met for dep_context=non-requeueable deps ti=<TaskInstance: spaceflight_data_ingest_v2.fetch_articles scheduled__2025-01-17T00:00:00+00:00 [queued]>
[2025-01-18T00:00:03.372+0000] {taskinstance.py:2613} INFO - Dependencies all met for dep_context=requeueable deps ti=<TaskInstance: spaceflight_data_ingest_v2.fetch_articles scheduled__2025-01-17T00:00:00+00:00 [queued]>
[2025-01-18T00:00:03.373+0000] {taskinstance.py:2866} INFO - Starting attempt 1 of 2
[2025-01-18T00:00:03.394+0000] {taskinstance.py:2889} INFO - Executing <Task(PythonOperator): fetch_articles> on 2025-01-17 00:00:00+00:00
[2025-01-18T00:00:03.405+0000] {warnings.py:112} WARNING - /home/***/.local/lib/python3.12/site-packages/***/task/task_runner/standard_task_runner.py:70: DeprecationWarning: This process (pid=1947) is multi-threaded, use of fork() may lead to deadlocks in the child.
  pid = os.fork()

[2025-01-18T00:00:03.406+0000] {standard_task_runner.py:72} INFO - Started process 1949 to run task
[2025-01-18T00:00:03.407+0000] {standard_task_runner.py:104} INFO - Running: ['***', 'tasks', 'run', 'spaceflight_data_ingest_v2', 'fetch_articles', 'scheduled__2025-01-17T00:00:00+00:00', '--job-id', '112', '--raw', '--subdir', 'DAGS_FOLDER/spaceflight_data_ingest_v2.py', '--cfg-path', '/tmp/tmp_qas0ouf']
[2025-01-18T00:00:03.408+0000] {standard_task_runner.py:105} INFO - Job 112: Subtask fetch_articles
[2025-01-18T00:00:03.465+0000] {task_command.py:467} INFO - Running <TaskInstance: spaceflight_data_ingest_v2.fetch_articles scheduled__2025-01-17T00:00:00+00:00 [running]> on host 59ff16f1d4fb
[2025-01-18T00:00:03.794+0000] {taskinstance.py:3132} INFO - Exporting env vars: AIRFLOW_CTX_DAG_OWNER='***' AIRFLOW_CTX_DAG_ID='spaceflight_data_ingest_v2' AIRFLOW_CTX_TASK_ID='fetch_articles' AIRFLOW_CTX_EXECUTION_DATE='2025-01-17T00:00:00+00:00' AIRFLOW_CTX_TRY_NUMBER='1' AIRFLOW_CTX_DAG_RUN_ID='scheduled__2025-01-17T00:00:00+00:00'
[2025-01-18T00:00:03.796+0000] {logging_mixin.py:190} INFO - Task instance is in running state
[2025-01-18T00:00:03.796+0000] {logging_mixin.py:190} INFO -  Previous state of the Task instance: queued
[2025-01-18T00:00:03.796+0000] {logging_mixin.py:190} INFO - Current task name:fetch_articles state:running start_date:2025-01-18 00:00:03.362449+00:00
[2025-01-18T00:00:03.797+0000] {logging_mixin.py:190} INFO - Dag name:spaceflight_data_ingest_v2 and current dag run status:running
[2025-01-18T00:00:03.797+0000] {taskinstance.py:731} INFO - ::endgroup::
[2025-01-18T00:00:04.406+0000] {spaceflight_data_ingest_v2.py:77} ERROR - Error en la solicitud: 'id'
[2025-01-18T00:00:04.406+0000] {spaceflight_data_ingest_v2.py:81} INFO - Reintentando... intento 1/5
[2025-01-18T00:00:08.871+0000] {spaceflight_data_ingest_v2.py:81} INFO - Reintentando... intento 2/5
[2025-01-18T00:00:13.872+0000] {spaceflight_data_ingest_v2.py:81} INFO - Reintentando... intento 3/5
[2025-01-18T00:00:18.874+0000] {spaceflight_data_ingest_v2.py:81} INFO - Reintentando... intento 4/5
[2025-01-18T00:00:20.307+0000] {spaceflight_data_ingest_v2.py:81} INFO - Reintentando... intento 5/5
[2025-01-18T00:00:25.688+0000] {spaceflight_data_ingest_v2.py:56} WARNING - Articles duplicado omitido: 28699
[2025-01-18T00:00:25.689+0000] {spaceflight_data_ingest_v2.py:56} WARNING - Articles duplicado omitido: 28698
[2025-01-18T00:00:25.689+0000] {spaceflight_data_ingest_v2.py:56} WARNING - Articles duplicado omitido: 28696
[2025-01-18T00:00:25.689+0000] {spaceflight_data_ingest_v2.py:56} WARNING - Articles duplicado omitido: 28697
[2025-01-18T00:00:25.690+0000] {spaceflight_data_ingest_v2.py:56} WARNING - Articles duplicado omitido: 28695
[2025-01-18T00:00:25.690+0000] {spaceflight_data_ingest_v2.py:56} WARNING - Articles duplicado omitido: 28694
[2025-01-18T00:00:25.690+0000] {spaceflight_data_ingest_v2.py:56} WARNING - Articles duplicado omitido: 28693
[2025-01-18T00:00:25.690+0000] {spaceflight_data_ingest_v2.py:56} WARNING - Articles duplicado omitido: 28692
[2025-01-18T00:00:25.691+0000] {spaceflight_data_ingest_v2.py:56} WARNING - Articles duplicado omitido: 28691
[2025-01-18T00:00:25.691+0000] {spaceflight_data_ingest_v2.py:56} WARNING - Articles duplicado omitido: 28690
[2025-01-18T00:00:26.106+0000] {spaceflight_data_ingest_v2.py:77} ERROR - Error en la solicitud: 'id'
[2025-01-18T00:00:26.107+0000] {spaceflight_data_ingest_v2.py:81} INFO - Reintentando... intento 1/5
[2025-01-18T00:00:29.755+0000] {spaceflight_data_ingest_v2.py:81} INFO - Reintentando... intento 2/5
[2025-01-18T00:00:34.756+0000] {spaceflight_data_ingest_v2.py:81} INFO - Reintentando... intento 3/5
[2025-01-18T00:00:39.757+0000] {spaceflight_data_ingest_v2.py:81} INFO - Reintentando... intento 4/5
[2025-01-18T00:00:44.758+0000] {spaceflight_data_ingest_v2.py:81} INFO - Reintentando... intento 5/5
[2025-01-18T00:00:50.081+0000] {spaceflight_data_ingest_v2.py:56} WARNING - Articles duplicado omitido: 28689
[2025-01-18T00:00:50.081+0000] {spaceflight_data_ingest_v2.py:56} WARNING - Articles duplicado omitido: 28687
[2025-01-18T00:00:50.081+0000] {spaceflight_data_ingest_v2.py:56} WARNING - Articles duplicado omitido: 28688
[2025-01-18T00:00:50.082+0000] {spaceflight_data_ingest_v2.py:56} WARNING - Articles duplicado omitido: 28686
[2025-01-18T00:00:50.082+0000] {spaceflight_data_ingest_v2.py:56} WARNING - Articles duplicado omitido: 28684
[2025-01-18T00:00:50.082+0000] {spaceflight_data_ingest_v2.py:56} WARNING - Articles duplicado omitido: 28685
[2025-01-18T00:00:50.082+0000] {spaceflight_data_ingest_v2.py:56} WARNING - Articles duplicado omitido: 28683
[2025-01-18T00:00:50.082+0000] {spaceflight_data_ingest_v2.py:56} WARNING - Articles duplicado omitido: 28682
[2025-01-18T00:00:50.083+0000] {spaceflight_data_ingest_v2.py:56} WARNING - Articles duplicado omitido: 28681
[2025-01-18T00:00:50.083+0000] {spaceflight_data_ingest_v2.py:56} WARNING - Articles duplicado omitido: 28680
[2025-01-18T00:00:50.490+0000] {spaceflight_data_ingest_v2.py:77} ERROR - Error en la solicitud: 'id'
[2025-01-18T00:00:50.490+0000] {spaceflight_data_ingest_v2.py:81} INFO - Reintentando... intento 1/5
[2025-01-18T00:00:55.492+0000] {spaceflight_data_ingest_v2.py:81} INFO - Reintentando... intento 2/5
[2025-01-18T00:00:57.766+0000] {spaceflight_data_ingest_v2.py:81} INFO - Reintentando... intento 3/5
[2025-01-18T00:01:02.767+0000] {spaceflight_data_ingest_v2.py:81} INFO - Reintentando... intento 4/5
[2025-01-18T00:01:07.768+0000] {spaceflight_data_ingest_v2.py:81} INFO - Reintentando... intento 5/5
[2025-01-18T00:01:13.277+0000] {spaceflight_data_ingest_v2.py:56} WARNING - Articles duplicado omitido: 28678
[2025-01-18T00:01:13.278+0000] {spaceflight_data_ingest_v2.py:56} WARNING - Articles duplicado omitido: 28679
[2025-01-18T00:01:13.278+0000] {spaceflight_data_ingest_v2.py:56} WARNING - Articles duplicado omitido: 28677
[2025-01-18T00:01:13.278+0000] {spaceflight_data_ingest_v2.py:56} WARNING - Articles duplicado omitido: 28676
[2025-01-18T00:01:13.279+0000] {spaceflight_data_ingest_v2.py:56} WARNING - Articles duplicado omitido: 28675
[2025-01-18T00:01:13.279+0000] {spaceflight_data_ingest_v2.py:56} WARNING - Articles duplicado omitido: 28674
[2025-01-18T00:01:13.279+0000] {spaceflight_data_ingest_v2.py:56} WARNING - Articles duplicado omitido: 28673
[2025-01-18T00:01:13.279+0000] {spaceflight_data_ingest_v2.py:56} WARNING - Articles duplicado omitido: 28671
[2025-01-18T00:01:13.279+0000] {spaceflight_data_ingest_v2.py:56} WARNING - Articles duplicado omitido: 28672
[2025-01-18T00:01:13.280+0000] {spaceflight_data_ingest_v2.py:56} WARNING - Articles duplicado omitido: 28669
[2025-01-18T00:01:13.563+0000] {spaceflight_data_ingest_v2.py:77} ERROR - Error en la solicitud: 'id'
[2025-01-18T00:01:13.563+0000] {spaceflight_data_ingest_v2.py:81} INFO - Reintentando... intento 1/5
[2025-01-18T00:01:18.564+0000] {spaceflight_data_ingest_v2.py:81} INFO - Reintentando... intento 2/5
[2025-01-18T00:01:23.566+0000] {spaceflight_data_ingest_v2.py:81} INFO - Reintentando... intento 3/5
[2025-01-18T00:01:25.877+0000] {spaceflight_data_ingest_v2.py:81} INFO - Reintentando... intento 4/5
[2025-01-18T00:01:30.878+0000] {spaceflight_data_ingest_v2.py:81} INFO - Reintentando... intento 5/5
[2025-01-18T00:01:36.186+0000] {spaceflight_data_ingest_v2.py:56} WARNING - Articles duplicado omitido: 28668
[2025-01-18T00:01:36.186+0000] {spaceflight_data_ingest_v2.py:56} WARNING - Articles duplicado omitido: 28670
[2025-01-18T00:01:36.186+0000] {spaceflight_data_ingest_v2.py:56} WARNING - Articles duplicado omitido: 28667
[2025-01-18T00:01:36.187+0000] {spaceflight_data_ingest_v2.py:56} WARNING - Articles duplicado omitido: 28666
[2025-01-18T00:01:36.187+0000] {spaceflight_data_ingest_v2.py:56} WARNING - Articles duplicado omitido: 28664
[2025-01-18T00:01:36.187+0000] {spaceflight_data_ingest_v2.py:56} WARNING - Articles duplicado omitido: 28662
[2025-01-18T00:01:36.187+0000] {spaceflight_data_ingest_v2.py:56} WARNING - Articles duplicado omitido: 28665
[2025-01-18T00:01:36.187+0000] {spaceflight_data_ingest_v2.py:56} WARNING - Articles duplicado omitido: 28663
[2025-01-18T00:01:36.187+0000] {spaceflight_data_ingest_v2.py:56} WARNING - Articles duplicado omitido: 28660
[2025-01-18T00:01:36.188+0000] {spaceflight_data_ingest_v2.py:56} WARNING - Articles duplicado omitido: 28661
[2025-01-18T00:01:36.542+0000] {spaceflight_data_ingest_v2.py:77} ERROR - Error en la solicitud: 'id'
[2025-01-18T00:01:36.543+0000] {spaceflight_data_ingest_v2.py:81} INFO - Reintentando... intento 1/5
[2025-01-18T00:01:41.543+0000] {spaceflight_data_ingest_v2.py:81} INFO - Reintentando... intento 2/5
[2025-01-18T00:01:46.569+0000] {spaceflight_data_ingest_v2.py:81} INFO - Reintentando... intento 3/5
[2025-01-18T00:01:51.582+0000] {spaceflight_data_ingest_v2.py:81} INFO - Reintentando... intento 4/5
[2025-01-18T00:01:53.867+0000] {spaceflight_data_ingest_v2.py:81} INFO - Reintentando... intento 5/5
[2025-01-18T00:01:59.227+0000] {spaceflight_data_ingest_v2.py:56} WARNING - Articles duplicado omitido: 28659
[2025-01-18T00:01:59.227+0000] {spaceflight_data_ingest_v2.py:56} WARNING - Articles duplicado omitido: 28658
[2025-01-18T00:01:59.228+0000] {spaceflight_data_ingest_v2.py:56} WARNING - Articles duplicado omitido: 28657
[2025-01-18T00:01:59.228+0000] {spaceflight_data_ingest_v2.py:56} WARNING - Articles duplicado omitido: 28656
[2025-01-18T00:01:59.228+0000] {spaceflight_data_ingest_v2.py:56} WARNING - Articles duplicado omitido: 28654
[2025-01-18T00:01:59.228+0000] {spaceflight_data_ingest_v2.py:56} WARNING - Articles duplicado omitido: 28655
[2025-01-18T00:01:59.229+0000] {spaceflight_data_ingest_v2.py:56} WARNING - Articles duplicado omitido: 28653
[2025-01-18T00:01:59.229+0000] {spaceflight_data_ingest_v2.py:56} WARNING - Articles duplicado omitido: 28652
[2025-01-18T00:01:59.230+0000] {spaceflight_data_ingest_v2.py:56} WARNING - Articles duplicado omitido: 28651
[2025-01-18T00:01:59.230+0000] {spaceflight_data_ingest_v2.py:56} WARNING - Articles duplicado omitido: 28650
[2025-01-18T00:01:59.231+0000] {python.py:240} INFO - Done. Returned value was: None
[2025-01-18T00:01:59.247+0000] {taskinstance.py:340} INFO - ::group::Post task execution logs
[2025-01-18T00:01:59.248+0000] {taskinstance.py:352} INFO - Marking task as SUCCESS. dag_id=spaceflight_data_ingest_v2, task_id=fetch_articles, run_id=scheduled__2025-01-17T00:00:00+00:00, execution_date=20250117T000000, start_date=20250118T000003, end_date=20250118T000159
[2025-01-18T00:01:59.269+0000] {logging_mixin.py:190} INFO - Task instance in success state
[2025-01-18T00:01:59.270+0000] {logging_mixin.py:190} INFO -  Previous state of the Task instance: running
[2025-01-18T00:01:59.270+0000] {logging_mixin.py:190} INFO - Dag name:spaceflight_data_ingest_v2 queued_at:2025-01-18 00:00:00.281498+00:00
[2025-01-18T00:01:59.271+0000] {logging_mixin.py:190} INFO - Task hostname:59ff16f1d4fb operator:PythonOperator
[2025-01-18T00:01:59.411+0000] {local_task_job_runner.py:266} INFO - Task exited with return code 0
[2025-01-18T00:01:59.443+0000] {taskinstance.py:3895} INFO - 1 downstream tasks scheduled from follow-on schedule check
[2025-01-18T00:01:59.446+0000] {local_task_job_runner.py:245} INFO - ::endgroup::
