[2025-01-20T19:10:52.700+0000] {local_task_job_runner.py:123} INFO - ::group::Pre task execution logs
[2025-01-20T19:10:52.717+0000] {taskinstance.py:2613} INFO - Dependencies all met for dep_context=non-requeueable deps ti=<TaskInstance: DAG_AWS_PIPELINE.extract_events manual__2025-01-20T19:10:48.849094+00:00 [queued]>
[2025-01-20T19:10:52.726+0000] {taskinstance.py:2613} INFO - Dependencies all met for dep_context=requeueable deps ti=<TaskInstance: DAG_AWS_PIPELINE.extract_events manual__2025-01-20T19:10:48.849094+00:00 [queued]>
[2025-01-20T19:10:52.727+0000] {taskinstance.py:2866} INFO - Starting attempt 1 of 2
[2025-01-20T19:10:52.742+0000] {taskinstance.py:2889} INFO - Executing <Task(PythonOperator): extract_events> on 2025-01-20 19:10:48.849094+00:00
[2025-01-20T19:10:52.751+0000] {warnings.py:112} WARNING - /home/***/.local/lib/python3.12/site-packages/***/task/task_runner/standard_task_runner.py:70: DeprecationWarning: This process (pid=5162) is multi-threaded, use of fork() may lead to deadlocks in the child.
  pid = os.fork()

[2025-01-20T19:10:52.753+0000] {standard_task_runner.py:72} INFO - Started process 5171 to run task
[2025-01-20T19:10:52.754+0000] {standard_task_runner.py:104} INFO - Running: ['***', 'tasks', 'run', 'DAG_AWS_PIPELINE', 'extract_events', 'manual__2025-01-20T19:10:48.849094+00:00', '--job-id', '265', '--raw', '--subdir', 'DAGS_FOLDER/Ingesta_aws.py', '--cfg-path', '/tmp/tmp7o04wj5u']
[2025-01-20T19:10:52.756+0000] {standard_task_runner.py:105} INFO - Job 265: Subtask extract_events
[2025-01-20T19:10:52.802+0000] {task_command.py:467} INFO - Running <TaskInstance: DAG_AWS_PIPELINE.extract_events manual__2025-01-20T19:10:48.849094+00:00 [running]> on host 59ff16f1d4fb
[2025-01-20T19:10:52.887+0000] {taskinstance.py:3132} INFO - Exporting env vars: AIRFLOW_CTX_DAG_OWNER='Wilfrido Rondon' AIRFLOW_CTX_DAG_ID='DAG_AWS_PIPELINE' AIRFLOW_CTX_TASK_ID='extract_events' AIRFLOW_CTX_EXECUTION_DATE='2025-01-20T19:10:48.849094+00:00' AIRFLOW_CTX_TRY_NUMBER='1' AIRFLOW_CTX_DAG_RUN_ID='manual__2025-01-20T19:10:48.849094+00:00'
[2025-01-20T19:10:52.888+0000] {logging_mixin.py:190} INFO - Task instance is in running state
[2025-01-20T19:10:52.888+0000] {logging_mixin.py:190} INFO -  Previous state of the Task instance: queued
[2025-01-20T19:10:52.888+0000] {logging_mixin.py:190} INFO - Current task name:extract_events state:running start_date:2025-01-20 19:10:52.717961+00:00
[2025-01-20T19:10:52.889+0000] {logging_mixin.py:190} INFO - Dag name:DAG_AWS_PIPELINE and current dag run status:running
[2025-01-20T19:10:52.889+0000] {taskinstance.py:731} INFO - ::endgroup::
[2025-01-20T19:10:52.890+0000] {Ingesta_aws.py:117} INFO - Recuperando página 1...
[2025-01-20T19:10:53.282+0000] {Ingesta_aws.py:135} ERROR - Error al recuperar los datos. Código de estado: 404
[2025-01-20T19:10:53.282+0000] {Ingesta_aws.py:139} INFO - Transformando los datos a CSV...
[2025-01-20T19:10:53.289+0000] {Ingesta_aws.py:146} INFO - CSV guardado temporalmente en: /tmp/reports.csv
[2025-01-20T19:10:53.289+0000] {python.py:240} INFO - Done. Returned value was: /tmp/reports.csv
[2025-01-20T19:10:53.311+0000] {taskinstance.py:340} INFO - ::group::Post task execution logs
[2025-01-20T19:10:53.312+0000] {taskinstance.py:352} INFO - Marking task as SUCCESS. dag_id=DAG_AWS_PIPELINE, task_id=extract_events, run_id=manual__2025-01-20T19:10:48.849094+00:00, execution_date=20250120T191048, start_date=20250120T191052, end_date=20250120T191053
[2025-01-20T19:10:53.322+0000] {logging_mixin.py:190} INFO - Task instance in success state
[2025-01-20T19:10:53.322+0000] {logging_mixin.py:190} INFO -  Previous state of the Task instance: running
[2025-01-20T19:10:53.323+0000] {logging_mixin.py:190} INFO - Dag name:DAG_AWS_PIPELINE queued_at:2025-01-20 19:10:48.861989+00:00
[2025-01-20T19:10:53.323+0000] {logging_mixin.py:190} INFO - Task hostname:59ff16f1d4fb operator:PythonOperator
[2025-01-20T19:10:53.343+0000] {local_task_job_runner.py:266} INFO - Task exited with return code 0
[2025-01-20T19:10:53.369+0000] {taskinstance.py:3895} INFO - 1 downstream tasks scheduled from follow-on schedule check
[2025-01-20T19:10:53.371+0000] {local_task_job_runner.py:245} INFO - ::endgroup::
