[2025-01-21T18:38:49.696+0000] {local_task_job_runner.py:123} INFO - ::group::Pre task execution logs
[2025-01-21T18:38:49.714+0000] {taskinstance.py:2613} INFO - Dependencies all met for dep_context=non-requeueable deps ti=<TaskInstance: DAG_AWS_PIPELINE.Load_Bronze_to_Silver manual__2025-01-21T18:35:45.730388+00:00 [queued]>
[2025-01-21T18:38:49.722+0000] {taskinstance.py:2613} INFO - Dependencies all met for dep_context=requeueable deps ti=<TaskInstance: DAG_AWS_PIPELINE.Load_Bronze_to_Silver manual__2025-01-21T18:35:45.730388+00:00 [queued]>
[2025-01-21T18:38:49.722+0000] {taskinstance.py:2866} INFO - Starting attempt 1 of 2
[2025-01-21T18:38:49.733+0000] {taskinstance.py:2889} INFO - Executing <Task(GlueJobOperator): Load_Bronze_to_Silver> on 2025-01-21 18:35:45.730388+00:00
[2025-01-21T18:38:49.745+0000] {standard_task_runner.py:104} INFO - Running: ['***', 'tasks', 'run', 'DAG_AWS_PIPELINE', 'Load_Bronze_to_Silver', 'manual__2025-01-21T18:35:45.730388+00:00', '--job-id', '365', '--raw', '--subdir', 'DAGS_FOLDER/DAG_AWS_PIPELINE.py', '--cfg-path', '/tmp/tmpq3s8madv']
[2025-01-21T18:38:49.745+0000] {warnings.py:112} WARNING - /home/***/.local/lib/python3.12/site-packages/***/task/task_runner/standard_task_runner.py:70: DeprecationWarning: This process (pid=3784) is multi-threaded, use of fork() may lead to deadlocks in the child.
  pid = os.fork()

[2025-01-21T18:38:49.746+0000] {standard_task_runner.py:105} INFO - Job 365: Subtask Load_Bronze_to_Silver
[2025-01-21T18:38:49.746+0000] {standard_task_runner.py:72} INFO - Started process 3786 to run task
[2025-01-21T18:38:49.787+0000] {task_command.py:467} INFO - Running <TaskInstance: DAG_AWS_PIPELINE.Load_Bronze_to_Silver manual__2025-01-21T18:35:45.730388+00:00 [running]> on host 59ff16f1d4fb
[2025-01-21T18:38:49.869+0000] {taskinstance.py:3132} INFO - Exporting env vars: AIRFLOW_CTX_DAG_OWNER='Wilfrido Rondon' AIRFLOW_CTX_DAG_ID='DAG_AWS_PIPELINE' AIRFLOW_CTX_TASK_ID='Load_Bronze_to_Silver' AIRFLOW_CTX_EXECUTION_DATE='2025-01-21T18:35:45.730388+00:00' AIRFLOW_CTX_TRY_NUMBER='1' AIRFLOW_CTX_DAG_RUN_ID='manual__2025-01-21T18:35:45.730388+00:00'
[2025-01-21T18:38:49.870+0000] {logging_mixin.py:190} INFO - Task instance is in running state
[2025-01-21T18:38:49.870+0000] {logging_mixin.py:190} INFO -  Previous state of the Task instance: queued
[2025-01-21T18:38:49.871+0000] {logging_mixin.py:190} INFO - Current task name:Load_Bronze_to_Silver state:running start_date:2025-01-21 18:38:49.715032+00:00
[2025-01-21T18:38:49.871+0000] {logging_mixin.py:190} INFO - Dag name:DAG_AWS_PIPELINE and current dag run status:running
[2025-01-21T18:38:49.871+0000] {taskinstance.py:731} INFO - ::endgroup::
[2025-01-21T18:38:49.871+0000] {glue.py:195} INFO - Initializing AWS Glue Job: Transform_from_Bronze_to_Silver. Wait for completion: True
[2025-01-21T18:38:49.872+0000] {glue.py:369} INFO - Checking if job already exists: Transform_from_Bronze_to_Silver
[2025-01-21T18:38:49.880+0000] {base.py:84} INFO - Retrieving connection 'aws_conn'
[2025-01-21T18:38:49.881+0000] {connection_wrapper.py:325} INFO - AWS Connection (conn_id='aws_conn', conn_type='aws') credentials retrieved from login and password.
[2025-01-21T18:38:50.831+0000] {glue.py:216} INFO - You can monitor this Glue Job run at: https://console.aws.amazon.com/gluestudio/home?region=us-east-2#/job/Transform_from_Bronze_to_Silver/run/jr_4fbd40dc17cc5a1b681d3ee4568a65a78e64bb59a1bf047172abc13eab16817d
[2025-01-21T18:38:50.931+0000] {glue.py:352} INFO - Polling for AWS Glue Job Transform_from_Bronze_to_Silver current run state with status RUNNING
[2025-01-21T18:38:57.053+0000] {glue.py:352} INFO - Polling for AWS Glue Job Transform_from_Bronze_to_Silver current run state with status RUNNING
[2025-01-21T18:39:03.173+0000] {glue.py:352} INFO - Polling for AWS Glue Job Transform_from_Bronze_to_Silver current run state with status RUNNING
[2025-01-21T18:39:09.303+0000] {glue.py:352} INFO - Polling for AWS Glue Job Transform_from_Bronze_to_Silver current run state with status RUNNING
[2025-01-21T18:39:13.783+0000] {glue.py:352} INFO - Polling for AWS Glue Job Transform_from_Bronze_to_Silver current run state with status RUNNING
[2025-01-21T18:39:19.888+0000] {glue.py:352} INFO - Polling for AWS Glue Job Transform_from_Bronze_to_Silver current run state with status RUNNING
[2025-01-21T18:39:26.015+0000] {glue.py:352} INFO - Polling for AWS Glue Job Transform_from_Bronze_to_Silver current run state with status RUNNING
[2025-01-21T18:39:32.121+0000] {glue.py:352} INFO - Polling for AWS Glue Job Transform_from_Bronze_to_Silver current run state with status RUNNING
[2025-01-21T18:39:38.226+0000] {glue.py:352} INFO - Polling for AWS Glue Job Transform_from_Bronze_to_Silver current run state with status RUNNING
[2025-01-21T18:39:42.692+0000] {glue.py:352} INFO - Polling for AWS Glue Job Transform_from_Bronze_to_Silver current run state with status RUNNING
[2025-01-21T18:39:48.790+0000] {glue.py:352} INFO - Polling for AWS Glue Job Transform_from_Bronze_to_Silver current run state with status RUNNING
[2025-01-21T18:39:54.896+0000] {glue.py:352} INFO - Polling for AWS Glue Job Transform_from_Bronze_to_Silver current run state with status RUNNING
[2025-01-21T18:40:01.007+0000] {glue.py:352} INFO - Polling for AWS Glue Job Transform_from_Bronze_to_Silver current run state with status RUNNING
[2025-01-21T18:40:07.135+0000] {glue.py:352} INFO - Polling for AWS Glue Job Transform_from_Bronze_to_Silver current run state with status RUNNING
[2025-01-21T18:40:11.611+0000] {glue.py:352} INFO - Polling for AWS Glue Job Transform_from_Bronze_to_Silver current run state with status RUNNING
[2025-01-21T18:40:17.723+0000] {glue.py:352} INFO - Polling for AWS Glue Job Transform_from_Bronze_to_Silver current run state with status RUNNING
[2025-01-21T18:40:23.848+0000] {glue.py:352} INFO - Polling for AWS Glue Job Transform_from_Bronze_to_Silver current run state with status RUNNING
[2025-01-21T18:40:29.963+0000] {glue.py:352} INFO - Polling for AWS Glue Job Transform_from_Bronze_to_Silver current run state with status RUNNING
[2025-01-21T18:40:36.052+0000] {glue.py:345} INFO - Exiting Job jr_4fbd40dc17cc5a1b681d3ee4568a65a78e64bb59a1bf047172abc13eab16817d Run State: SUCCEEDED
[2025-01-21T18:40:36.053+0000] {glue.py:233} INFO - AWS Glue Job: Transform_from_Bronze_to_Silver status: SUCCEEDED. Run Id: jr_4fbd40dc17cc5a1b681d3ee4568a65a78e64bb59a1bf047172abc13eab16817d
[2025-01-21T18:40:36.080+0000] {taskinstance.py:340} INFO - ::group::Post task execution logs
[2025-01-21T18:40:36.080+0000] {taskinstance.py:352} INFO - Marking task as SUCCESS. dag_id=DAG_AWS_PIPELINE, task_id=Load_Bronze_to_Silver, run_id=manual__2025-01-21T18:35:45.730388+00:00, execution_date=20250121T183545, start_date=20250121T183849, end_date=20250121T184036
[2025-01-21T18:40:36.091+0000] {logging_mixin.py:190} INFO - Task instance in success state
[2025-01-21T18:40:36.092+0000] {logging_mixin.py:190} INFO -  Previous state of the Task instance: running
[2025-01-21T18:40:36.092+0000] {logging_mixin.py:190} INFO - Dag name:DAG_AWS_PIPELINE queued_at:2025-01-21 18:35:45.767546+00:00
[2025-01-21T18:40:36.092+0000] {logging_mixin.py:190} INFO - Task hostname:59ff16f1d4fb operator:GlueJobOperator
[2025-01-21T18:40:36.129+0000] {local_task_job_runner.py:266} INFO - Task exited with return code 0
[2025-01-21T18:40:36.156+0000] {taskinstance.py:3895} INFO - 1 downstream tasks scheduled from follow-on schedule check
[2025-01-21T18:40:36.158+0000] {local_task_job_runner.py:245} INFO - ::endgroup::
