[2025-01-19T15:55:18.952+0000] {local_task_job_runner.py:123} INFO - ::group::Pre task execution logs
[2025-01-19T15:55:18.971+0000] {taskinstance.py:2613} INFO - Dependencies all met for dep_context=non-requeueable deps ti=<TaskInstance: DAG_AWS_PIPELINE.extract_blogs manual__2025-01-19T15:55:16.446644+00:00 [queued]>
[2025-01-19T15:55:18.979+0000] {taskinstance.py:2613} INFO - Dependencies all met for dep_context=requeueable deps ti=<TaskInstance: DAG_AWS_PIPELINE.extract_blogs manual__2025-01-19T15:55:16.446644+00:00 [queued]>
[2025-01-19T15:55:18.980+0000] {taskinstance.py:2866} INFO - Starting attempt 1 of 2
[2025-01-19T15:55:19.200+0000] {taskinstance.py:2889} INFO - Executing <Task(PythonOperator): extract_blogs> on 2025-01-19 15:55:16.446644+00:00
[2025-01-19T15:55:19.209+0000] {warnings.py:112} WARNING - /home/***/.local/lib/python3.12/site-packages/***/task/task_runner/standard_task_runner.py:70: DeprecationWarning: This process (pid=4374) is multi-threaded, use of fork() may lead to deadlocks in the child.
  pid = os.fork()

[2025-01-19T15:55:19.211+0000] {standard_task_runner.py:72} INFO - Started process 4382 to run task
[2025-01-19T15:55:19.211+0000] {standard_task_runner.py:104} INFO - Running: ['***', 'tasks', 'run', 'DAG_AWS_PIPELINE', 'extract_blogs', 'manual__2025-01-19T15:55:16.446644+00:00', '--job-id', '164', '--raw', '--subdir', 'DAGS_FOLDER/Ingesta_aws.py', '--cfg-path', '/tmp/tmprnc067gq']
[2025-01-19T15:55:19.212+0000] {standard_task_runner.py:105} INFO - Job 164: Subtask extract_blogs
[2025-01-19T15:55:19.266+0000] {task_command.py:467} INFO - Running <TaskInstance: DAG_AWS_PIPELINE.extract_blogs manual__2025-01-19T15:55:16.446644+00:00 [running]> on host 59ff16f1d4fb
[2025-01-19T15:55:19.368+0000] {taskinstance.py:3132} INFO - Exporting env vars: AIRFLOW_CTX_DAG_OWNER='Wilfrido Rondon' AIRFLOW_CTX_DAG_ID='DAG_AWS_PIPELINE' AIRFLOW_CTX_TASK_ID='extract_blogs' AIRFLOW_CTX_EXECUTION_DATE='2025-01-19T15:55:16.446644+00:00' AIRFLOW_CTX_TRY_NUMBER='1' AIRFLOW_CTX_DAG_RUN_ID='manual__2025-01-19T15:55:16.446644+00:00'
[2025-01-19T15:55:19.369+0000] {logging_mixin.py:190} INFO - Task instance is in running state
[2025-01-19T15:55:19.370+0000] {logging_mixin.py:190} INFO -  Previous state of the Task instance: queued
[2025-01-19T15:55:19.370+0000] {logging_mixin.py:190} INFO - Current task name:extract_blogs state:running start_date:2025-01-19 15:55:18.971891+00:00
[2025-01-19T15:55:19.370+0000] {logging_mixin.py:190} INFO - Dag name:DAG_AWS_PIPELINE and current dag run status:running
[2025-01-19T15:55:19.371+0000] {taskinstance.py:731} INFO - ::endgroup::
[2025-01-19T15:55:19.372+0000] {Ingesta_aws.py:70} INFO - Recuperando página 1...
[2025-01-19T15:55:19.660+0000] {Ingesta_aws.py:80} INFO - Blogs recuperados: 10, total acumulado: 10
[2025-01-19T15:55:19.661+0000] {Ingesta_aws.py:70} INFO - Recuperando página 2...
[2025-01-19T15:55:20.539+0000] {Ingesta_aws.py:80} INFO - Blogs recuperados: 10, total acumulado: 20
[2025-01-19T15:55:20.540+0000] {Ingesta_aws.py:70} INFO - Recuperando página 3...
[2025-01-19T15:55:22.461+0000] {Ingesta_aws.py:80} INFO - Blogs recuperados: 10, total acumulado: 30
[2025-01-19T15:55:22.462+0000] {Ingesta_aws.py:70} INFO - Recuperando página 4...
[2025-01-19T15:55:24.308+0000] {Ingesta_aws.py:80} INFO - Blogs recuperados: 10, total acumulado: 40
[2025-01-19T15:55:24.308+0000] {Ingesta_aws.py:70} INFO - Recuperando página 5...
[2025-01-19T15:55:24.737+0000] {Ingesta_aws.py:80} INFO - Blogs recuperados: 10, total acumulado: 50
[2025-01-19T15:55:24.738+0000] {Ingesta_aws.py:70} INFO - Recuperando página 6...
[2025-01-19T15:55:25.017+0000] {Ingesta_aws.py:80} INFO - Blogs recuperados: 10, total acumulado: 60
[2025-01-19T15:55:25.017+0000] {Ingesta_aws.py:70} INFO - Recuperando página 7...
[2025-01-19T15:55:25.508+0000] {Ingesta_aws.py:80} INFO - Blogs recuperados: 10, total acumulado: 70
[2025-01-19T15:55:25.508+0000] {Ingesta_aws.py:70} INFO - Recuperando página 8...
[2025-01-19T15:55:25.957+0000] {Ingesta_aws.py:80} INFO - Blogs recuperados: 10, total acumulado: 80
[2025-01-19T15:55:25.958+0000] {Ingesta_aws.py:70} INFO - Recuperando página 9...
[2025-01-19T15:55:26.501+0000] {Ingesta_aws.py:80} INFO - Blogs recuperados: 10, total acumulado: 90
[2025-01-19T15:55:26.501+0000] {Ingesta_aws.py:70} INFO - Recuperando página 10...
[2025-01-19T15:55:26.752+0000] {Ingesta_aws.py:80} INFO - Blogs recuperados: 10, total acumulado: 100
[2025-01-19T15:55:26.752+0000] {Ingesta_aws.py:92} INFO - Transformando los datos a CSV...
[2025-01-19T15:55:26.760+0000] {Ingesta_aws.py:99} INFO - CSV guardado temporalmente en: /tmp/blogs.csv
[2025-01-19T15:55:26.760+0000] {python.py:240} INFO - Done. Returned value was: /tmp/blogs.csv
[2025-01-19T15:55:26.787+0000] {taskinstance.py:340} INFO - ::group::Post task execution logs
[2025-01-19T15:55:26.788+0000] {taskinstance.py:352} INFO - Marking task as SUCCESS. dag_id=DAG_AWS_PIPELINE, task_id=extract_blogs, run_id=manual__2025-01-19T15:55:16.446644+00:00, execution_date=20250119T155516, start_date=20250119T155518, end_date=20250119T155526
[2025-01-19T15:55:26.800+0000] {logging_mixin.py:190} INFO - Task instance in success state
[2025-01-19T15:55:26.800+0000] {logging_mixin.py:190} INFO -  Previous state of the Task instance: running
[2025-01-19T15:55:26.801+0000] {logging_mixin.py:190} INFO - Dag name:DAG_AWS_PIPELINE queued_at:2025-01-19 15:55:16.472249+00:00
[2025-01-19T15:55:26.801+0000] {logging_mixin.py:190} INFO - Task hostname:59ff16f1d4fb operator:PythonOperator
[2025-01-19T15:55:26.836+0000] {local_task_job_runner.py:266} INFO - Task exited with return code 0
[2025-01-19T15:55:26.861+0000] {taskinstance.py:3895} INFO - 0 downstream tasks scheduled from follow-on schedule check
[2025-01-19T15:55:26.865+0000] {local_task_job_runner.py:245} INFO - ::endgroup::
