[2025-01-21T18:43:33.769+0000] {local_task_job_runner.py:123} INFO - ::group::Pre task execution logs
[2025-01-21T18:43:33.786+0000] {taskinstance.py:2613} INFO - Dependencies all met for dep_context=non-requeueable deps ti=<TaskInstance: DAG_AWS_PIPELINE.Execute_procedure_warehouse manual__2025-01-21T18:35:45.730388+00:00 [queued]>
[2025-01-21T18:43:33.795+0000] {taskinstance.py:2613} INFO - Dependencies all met for dep_context=requeueable deps ti=<TaskInstance: DAG_AWS_PIPELINE.Execute_procedure_warehouse manual__2025-01-21T18:35:45.730388+00:00 [queued]>
[2025-01-21T18:43:33.795+0000] {taskinstance.py:2866} INFO - Starting attempt 1 of 2
[2025-01-21T18:43:33.808+0000] {taskinstance.py:2889} INFO - Executing <Task(RedshiftDataOperator): Execute_procedure_warehouse> on 2025-01-21 18:35:45.730388+00:00
[2025-01-21T18:43:33.818+0000] {warnings.py:112} WARNING - /home/***/.local/lib/python3.12/site-packages/***/task/task_runner/standard_task_runner.py:70: DeprecationWarning: This process (pid=3859) is multi-threaded, use of fork() may lead to deadlocks in the child.
  pid = os.fork()

[2025-01-21T18:43:33.819+0000] {standard_task_runner.py:72} INFO - Started process 3861 to run task
[2025-01-21T18:43:33.820+0000] {standard_task_runner.py:104} INFO - Running: ['***', 'tasks', 'run', 'DAG_AWS_PIPELINE', 'Execute_procedure_warehouse', 'manual__2025-01-21T18:35:45.730388+00:00', '--job-id', '368', '--raw', '--subdir', 'DAGS_FOLDER/DAG_AWS_PIPELINE.py', '--cfg-path', '/tmp/tmphqk_s7k0']
[2025-01-21T18:43:33.821+0000] {standard_task_runner.py:105} INFO - Job 368: Subtask Execute_procedure_warehouse
[2025-01-21T18:43:33.858+0000] {task_command.py:467} INFO - Running <TaskInstance: DAG_AWS_PIPELINE.Execute_procedure_warehouse manual__2025-01-21T18:35:45.730388+00:00 [running]> on host 59ff16f1d4fb
[2025-01-21T18:43:33.931+0000] {taskinstance.py:3132} INFO - Exporting env vars: AIRFLOW_CTX_DAG_OWNER='Wilfrido Rondon' AIRFLOW_CTX_DAG_ID='DAG_AWS_PIPELINE' AIRFLOW_CTX_TASK_ID='Execute_procedure_warehouse' AIRFLOW_CTX_EXECUTION_DATE='2025-01-21T18:35:45.730388+00:00' AIRFLOW_CTX_TRY_NUMBER='1' AIRFLOW_CTX_DAG_RUN_ID='manual__2025-01-21T18:35:45.730388+00:00'
[2025-01-21T18:43:33.932+0000] {logging_mixin.py:190} INFO - Task instance is in running state
[2025-01-21T18:43:33.933+0000] {logging_mixin.py:190} INFO -  Previous state of the Task instance: queued
[2025-01-21T18:43:33.933+0000] {logging_mixin.py:190} INFO - Current task name:Execute_procedure_warehouse state:running start_date:2025-01-21 18:43:33.786617+00:00
[2025-01-21T18:43:33.933+0000] {logging_mixin.py:190} INFO - Dag name:DAG_AWS_PIPELINE and current dag run status:running
[2025-01-21T18:43:33.933+0000] {taskinstance.py:731} INFO - ::endgroup::
[2025-01-21T18:43:33.934+0000] {redshift_data.py:135} INFO - Executing statement: CALL public.load_data_spaceWD();
[2025-01-21T18:43:33.942+0000] {base.py:84} INFO - Retrieving connection 'aws_conn'
[2025-01-21T18:43:33.942+0000] {connection_wrapper.py:325} INFO - AWS Connection (conn_id='aws_conn', conn_type='aws') credentials retrieved from login and password.
[2025-01-21T18:43:34.861+0000] {redshift_data.py:163} INFO - Polling statement ec7dc942-c45e-494f-b990-362c3ab222ea
[2025-01-21T18:43:34.944+0000] {redshift_data.py:192} INFO - Query status: PICKED
[2025-01-21T18:43:44.945+0000] {redshift_data.py:163} INFO - Polling statement ec7dc942-c45e-494f-b990-362c3ab222ea
[2025-01-21T18:43:45.045+0000] {redshift_data.py:192} INFO - Query status: STARTED
[2025-01-21T18:43:55.046+0000] {redshift_data.py:163} INFO - Polling statement ec7dc942-c45e-494f-b990-362c3ab222ea
[2025-01-21T18:43:55.148+0000] {redshift_data.py:192} INFO - Query status: STARTED
[2025-01-21T18:44:03.507+0000] {redshift_data.py:163} INFO - Polling statement ec7dc942-c45e-494f-b990-362c3ab222ea
[2025-01-21T18:44:03.627+0000] {redshift_data.py:192} INFO - Query status: STARTED
[2025-01-21T18:44:13.645+0000] {redshift_data.py:163} INFO - Polling statement ec7dc942-c45e-494f-b990-362c3ab222ea
[2025-01-21T18:44:13.745+0000] {redshift_data.py:181} INFO - Processed 0 rows
[2025-01-21T18:44:13.854+0000] {taskinstance.py:340} INFO - ::group::Post task execution logs
[2025-01-21T18:44:13.855+0000] {taskinstance.py:352} INFO - Marking task as SUCCESS. dag_id=DAG_AWS_PIPELINE, task_id=Execute_procedure_warehouse, run_id=manual__2025-01-21T18:35:45.730388+00:00, execution_date=20250121T183545, start_date=20250121T184333, end_date=20250121T184413
[2025-01-21T18:44:13.871+0000] {logging_mixin.py:190} INFO - Task instance in success state
[2025-01-21T18:44:13.871+0000] {logging_mixin.py:190} INFO -  Previous state of the Task instance: running
[2025-01-21T18:44:13.871+0000] {logging_mixin.py:190} INFO - Dag name:DAG_AWS_PIPELINE queued_at:2025-01-21 18:35:45.767546+00:00
[2025-01-21T18:44:13.871+0000] {logging_mixin.py:190} INFO - Task hostname:59ff16f1d4fb operator:RedshiftDataOperator
[2025-01-21T18:44:13.920+0000] {local_task_job_runner.py:266} INFO - Task exited with return code 0
[2025-01-21T18:44:13.937+0000] {taskinstance.py:3895} INFO - 0 downstream tasks scheduled from follow-on schedule check
[2025-01-21T18:44:13.940+0000] {local_task_job_runner.py:245} INFO - ::endgroup::
