[2025-01-19T22:00:11.274+0000] {local_task_job_runner.py:123} INFO - ::group::Pre task execution logs
[2025-01-19T22:00:11.295+0000] {taskinstance.py:2613} INFO - Dependencies all met for dep_context=non-requeueable deps ti=<TaskInstance: DAG_AWS_PIPELINE.extract_events manual__2025-01-19T22:00:08.661390+00:00 [queued]>
[2025-01-19T22:00:11.507+0000] {taskinstance.py:2613} INFO - Dependencies all met for dep_context=requeueable deps ti=<TaskInstance: DAG_AWS_PIPELINE.extract_events manual__2025-01-19T22:00:08.661390+00:00 [queued]>
[2025-01-19T22:00:11.508+0000] {taskinstance.py:2866} INFO - Starting attempt 1 of 2
[2025-01-19T22:00:11.525+0000] {taskinstance.py:2889} INFO - Executing <Task(PythonOperator): extract_events> on 2025-01-19 22:00:08.661390+00:00
[2025-01-19T22:00:11.534+0000] {warnings.py:112} WARNING - /home/***/.local/lib/python3.12/site-packages/***/task/task_runner/standard_task_runner.py:70: DeprecationWarning: This process (pid=9837) is multi-threaded, use of fork() may lead to deadlocks in the child.
  pid = os.fork()

[2025-01-19T22:00:11.537+0000] {standard_task_runner.py:72} INFO - Started process 9843 to run task
[2025-01-19T22:00:11.537+0000] {standard_task_runner.py:104} INFO - Running: ['***', 'tasks', 'run', 'DAG_AWS_PIPELINE', 'extract_events', 'manual__2025-01-19T22:00:08.661390+00:00', '--job-id', '220', '--raw', '--subdir', 'DAGS_FOLDER/Ingesta_aws.py', '--cfg-path', '/tmp/tmptsx9ace7']
[2025-01-19T22:00:11.538+0000] {standard_task_runner.py:105} INFO - Job 220: Subtask extract_events
[2025-01-19T22:00:11.590+0000] {task_command.py:467} INFO - Running <TaskInstance: DAG_AWS_PIPELINE.extract_events manual__2025-01-19T22:00:08.661390+00:00 [running]> on host 59ff16f1d4fb
[2025-01-19T22:00:11.693+0000] {taskinstance.py:3132} INFO - Exporting env vars: AIRFLOW_CTX_DAG_OWNER='Wilfrido Rondon' AIRFLOW_CTX_DAG_ID='DAG_AWS_PIPELINE' AIRFLOW_CTX_TASK_ID='extract_events' AIRFLOW_CTX_EXECUTION_DATE='2025-01-19T22:00:08.661390+00:00' AIRFLOW_CTX_TRY_NUMBER='1' AIRFLOW_CTX_DAG_RUN_ID='manual__2025-01-19T22:00:08.661390+00:00'
[2025-01-19T22:00:11.694+0000] {logging_mixin.py:190} INFO - Task instance is in running state
[2025-01-19T22:00:11.695+0000] {logging_mixin.py:190} INFO -  Previous state of the Task instance: queued
[2025-01-19T22:00:11.695+0000] {logging_mixin.py:190} INFO - Current task name:extract_events state:running start_date:2025-01-19 22:00:11.296430+00:00
[2025-01-19T22:00:11.695+0000] {logging_mixin.py:190} INFO - Dag name:DAG_AWS_PIPELINE and current dag run status:running
[2025-01-19T22:00:11.696+0000] {taskinstance.py:731} INFO - ::endgroup::
[2025-01-19T22:00:11.696+0000] {Ingesta_aws.py:116} INFO - Recuperando página 1...
[2025-01-19T22:00:12.090+0000] {Ingesta_aws.py:134} ERROR - Error al recuperar los datos. Código de estado: 404
[2025-01-19T22:00:12.090+0000] {Ingesta_aws.py:138} INFO - Transformando los datos a CSV...
[2025-01-19T22:00:12.100+0000] {Ingesta_aws.py:145} INFO - CSV guardado temporalmente en: /tmp/reports.csv
[2025-01-19T22:00:12.101+0000] {python.py:240} INFO - Done. Returned value was: /tmp/reports.csv
[2025-01-19T22:00:12.126+0000] {taskinstance.py:340} INFO - ::group::Post task execution logs
[2025-01-19T22:00:12.127+0000] {taskinstance.py:352} INFO - Marking task as SUCCESS. dag_id=DAG_AWS_PIPELINE, task_id=extract_events, run_id=manual__2025-01-19T22:00:08.661390+00:00, execution_date=20250119T220008, start_date=20250119T220011, end_date=20250119T220012
[2025-01-19T22:00:12.138+0000] {logging_mixin.py:190} INFO - Task instance in success state
[2025-01-19T22:00:12.138+0000] {logging_mixin.py:190} INFO -  Previous state of the Task instance: running
[2025-01-19T22:00:12.139+0000] {logging_mixin.py:190} INFO - Dag name:DAG_AWS_PIPELINE queued_at:2025-01-19 22:00:08.675608+00:00
[2025-01-19T22:00:12.139+0000] {logging_mixin.py:190} INFO - Task hostname:59ff16f1d4fb operator:PythonOperator
[2025-01-19T22:00:12.158+0000] {local_task_job_runner.py:266} INFO - Task exited with return code 0
[2025-01-19T22:00:12.185+0000] {taskinstance.py:3895} INFO - 1 downstream tasks scheduled from follow-on schedule check
[2025-01-19T22:00:12.188+0000] {local_task_job_runner.py:245} INFO - ::endgroup::
