[2025-01-21T00:57:01.272+0000] {local_task_job_runner.py:123} INFO - ::group::Pre task execution logs
[2025-01-21T00:57:01.290+0000] {taskinstance.py:2613} INFO - Dependencies all met for dep_context=non-requeueable deps ti=<TaskInstance: DAG_AWS_PIPELINE.extract_events manual__2025-01-21T00:56:57.787071+00:00 [queued]>
[2025-01-21T00:57:01.300+0000] {taskinstance.py:2613} INFO - Dependencies all met for dep_context=requeueable deps ti=<TaskInstance: DAG_AWS_PIPELINE.extract_events manual__2025-01-21T00:56:57.787071+00:00 [queued]>
[2025-01-21T00:57:01.301+0000] {taskinstance.py:2866} INFO - Starting attempt 1 of 2
[2025-01-21T00:57:01.317+0000] {taskinstance.py:2889} INFO - Executing <Task(PythonOperator): extract_events> on 2025-01-21 00:56:57.787071+00:00
[2025-01-21T00:57:01.326+0000] {warnings.py:112} WARNING - /home/***/.local/lib/python3.12/site-packages/***/task/task_runner/standard_task_runner.py:70: DeprecationWarning: This process (pid=3818) is multi-threaded, use of fork() may lead to deadlocks in the child.
  pid = os.fork()

[2025-01-21T00:57:01.328+0000] {standard_task_runner.py:72} INFO - Started process 3824 to run task
[2025-01-21T00:57:01.329+0000] {standard_task_runner.py:104} INFO - Running: ['***', 'tasks', 'run', 'DAG_AWS_PIPELINE', 'extract_events', 'manual__2025-01-21T00:56:57.787071+00:00', '--job-id', '322', '--raw', '--subdir', 'DAGS_FOLDER/Ingesta_aws.py', '--cfg-path', '/tmp/tmpo31iq20u']
[2025-01-21T00:57:01.330+0000] {standard_task_runner.py:105} INFO - Job 322: Subtask extract_events
[2025-01-21T00:57:01.384+0000] {task_command.py:467} INFO - Running <TaskInstance: DAG_AWS_PIPELINE.extract_events manual__2025-01-21T00:56:57.787071+00:00 [running]> on host 59ff16f1d4fb
[2025-01-21T00:57:01.493+0000] {taskinstance.py:3132} INFO - Exporting env vars: AIRFLOW_CTX_DAG_OWNER='Wilfrido Rondon' AIRFLOW_CTX_DAG_ID='DAG_AWS_PIPELINE' AIRFLOW_CTX_TASK_ID='extract_events' AIRFLOW_CTX_EXECUTION_DATE='2025-01-21T00:56:57.787071+00:00' AIRFLOW_CTX_TRY_NUMBER='1' AIRFLOW_CTX_DAG_RUN_ID='manual__2025-01-21T00:56:57.787071+00:00'
[2025-01-21T00:57:01.495+0000] {logging_mixin.py:190} INFO - Task instance is in running state
[2025-01-21T00:57:01.495+0000] {logging_mixin.py:190} INFO -  Previous state of the Task instance: queued
[2025-01-21T00:57:01.496+0000] {logging_mixin.py:190} INFO - Current task name:extract_events state:running start_date:2025-01-21 00:57:01.291025+00:00
[2025-01-21T00:57:01.496+0000] {logging_mixin.py:190} INFO - Dag name:DAG_AWS_PIPELINE and current dag run status:running
[2025-01-21T00:57:01.496+0000] {taskinstance.py:731} INFO - ::endgroup::
[2025-01-21T00:57:01.497+0000] {Ingesta_aws.py:119} INFO - Recuperando página 1...
[2025-01-21T00:57:01.846+0000] {Ingesta_aws.py:129} INFO - Reportes recuperados: 10, total acumulado: 10
[2025-01-21T00:57:01.847+0000] {Ingesta_aws.py:119} INFO - Recuperando página 2...
[2025-01-21T00:57:02.245+0000] {Ingesta_aws.py:129} INFO - Reportes recuperados: 10, total acumulado: 20
[2025-01-21T00:57:02.245+0000] {Ingesta_aws.py:119} INFO - Recuperando página 3...
[2025-01-21T00:57:02.652+0000] {Ingesta_aws.py:129} INFO - Reportes recuperados: 10, total acumulado: 30
[2025-01-21T00:57:02.652+0000] {Ingesta_aws.py:119} INFO - Recuperando página 4...
[2025-01-21T00:57:03.017+0000] {Ingesta_aws.py:129} INFO - Reportes recuperados: 10, total acumulado: 40
[2025-01-21T00:57:03.017+0000] {Ingesta_aws.py:119} INFO - Recuperando página 5...
[2025-01-21T00:57:03.424+0000] {Ingesta_aws.py:129} INFO - Reportes recuperados: 10, total acumulado: 50
[2025-01-21T00:57:03.424+0000] {Ingesta_aws.py:119} INFO - Recuperando página 6...
[2025-01-21T00:57:03.636+0000] {Ingesta_aws.py:129} INFO - Reportes recuperados: 10, total acumulado: 60
[2025-01-21T00:57:03.636+0000] {Ingesta_aws.py:119} INFO - Recuperando página 7...
[2025-01-21T00:57:04.013+0000] {Ingesta_aws.py:129} INFO - Reportes recuperados: 10, total acumulado: 70
[2025-01-21T00:57:04.014+0000] {Ingesta_aws.py:119} INFO - Recuperando página 8...
[2025-01-21T00:57:04.540+0000] {Ingesta_aws.py:129} INFO - Reportes recuperados: 10, total acumulado: 80
[2025-01-21T00:57:04.541+0000] {Ingesta_aws.py:119} INFO - Recuperando página 9...
[2025-01-21T00:57:04.922+0000] {Ingesta_aws.py:129} INFO - Reportes recuperados: 10, total acumulado: 90
[2025-01-21T00:57:04.923+0000] {Ingesta_aws.py:119} INFO - Recuperando página 10...
[2025-01-21T00:57:05.339+0000] {Ingesta_aws.py:129} INFO - Reportes recuperados: 10, total acumulado: 100
[2025-01-21T00:57:05.340+0000] {Ingesta_aws.py:141} INFO - Transformando los datos a CSV...
[2025-01-21T00:57:05.347+0000] {Ingesta_aws.py:148} INFO - CSV guardado temporalmente en: /tmp/reports.csv
[2025-01-21T00:57:05.348+0000] {python.py:240} INFO - Done. Returned value was: /tmp/reports.csv
[2025-01-21T00:57:05.373+0000] {taskinstance.py:340} INFO - ::group::Post task execution logs
[2025-01-21T00:57:05.374+0000] {taskinstance.py:352} INFO - Marking task as SUCCESS. dag_id=DAG_AWS_PIPELINE, task_id=extract_events, run_id=manual__2025-01-21T00:56:57.787071+00:00, execution_date=20250121T005657, start_date=20250121T005701, end_date=20250121T005705
[2025-01-21T00:57:05.386+0000] {logging_mixin.py:190} INFO - Task instance in success state
[2025-01-21T00:57:05.386+0000] {logging_mixin.py:190} INFO -  Previous state of the Task instance: running
[2025-01-21T00:57:05.387+0000] {logging_mixin.py:190} INFO - Dag name:DAG_AWS_PIPELINE queued_at:2025-01-21 00:56:57.801244+00:00
[2025-01-21T00:57:05.387+0000] {logging_mixin.py:190} INFO - Task hostname:59ff16f1d4fb operator:PythonOperator
[2025-01-21T00:57:05.435+0000] {local_task_job_runner.py:266} INFO - Task exited with return code 0
[2025-01-21T00:57:05.462+0000] {taskinstance.py:3895} INFO - 1 downstream tasks scheduled from follow-on schedule check
[2025-01-21T00:57:05.465+0000] {local_task_job_runner.py:245} INFO - ::endgroup::
