[2025-01-15T14:40:05.793+0000] {local_task_job_runner.py:123} INFO - ::group::Pre task execution logs
[2025-01-15T14:40:05.809+0000] {taskinstance.py:2613} INFO - Dependencies all met for dep_context=non-requeueable deps ti=<TaskInstance: tutorial.templated manual__2025-01-15T14:40:01.206262+00:00 [queued]>
[2025-01-15T14:40:05.817+0000] {taskinstance.py:2613} INFO - Dependencies all met for dep_context=requeueable deps ti=<TaskInstance: tutorial.templated manual__2025-01-15T14:40:01.206262+00:00 [queued]>
[2025-01-15T14:40:05.817+0000] {taskinstance.py:2866} INFO - Starting attempt 1 of 2
[2025-01-15T14:40:05.830+0000] {taskinstance.py:2889} INFO - Executing <Task(BashOperator): templated> on 2025-01-15 14:40:01.206262+00:00
[2025-01-15T14:40:05.838+0000] {warnings.py:112} WARNING - /home/***/.local/lib/python3.12/site-packages/***/task/task_runner/standard_task_runner.py:70: DeprecationWarning: This process (pid=499) is multi-threaded, use of fork() may lead to deadlocks in the child.
  pid = os.fork()

[2025-01-15T14:40:05.840+0000] {standard_task_runner.py:72} INFO - Started process 504 to run task
[2025-01-15T14:40:05.840+0000] {standard_task_runner.py:104} INFO - Running: ['***', 'tasks', 'run', 'tutorial', 'templated', 'manual__2025-01-15T14:40:01.206262+00:00', '--job-id', '11', '--raw', '--subdir', '/home/***/.local/lib/python3.12/site-packages/***/example_dags/tutorial.py', '--cfg-path', '/tmp/tmp60x2kqmo']
[2025-01-15T14:40:05.841+0000] {standard_task_runner.py:105} INFO - Job 11: Subtask templated
[2025-01-15T14:40:05.884+0000] {task_command.py:467} INFO - Running <TaskInstance: tutorial.templated manual__2025-01-15T14:40:01.206262+00:00 [running]> on host 59ff16f1d4fb
[2025-01-15T14:40:06.172+0000] {taskinstance.py:3132} INFO - Exporting env vars: AIRFLOW_CTX_DAG_EMAIL='***@example.com' AIRFLOW_CTX_DAG_OWNER='***' AIRFLOW_CTX_DAG_ID='tutorial' AIRFLOW_CTX_TASK_ID='templated' AIRFLOW_CTX_EXECUTION_DATE='2025-01-15T14:40:01.206262+00:00' AIRFLOW_CTX_TRY_NUMBER='1' AIRFLOW_CTX_DAG_RUN_ID='manual__2025-01-15T14:40:01.206262+00:00'
[2025-01-15T14:40:06.173+0000] {logging_mixin.py:190} INFO - Task instance is in running state
[2025-01-15T14:40:06.173+0000] {logging_mixin.py:190} INFO -  Previous state of the Task instance: queued
[2025-01-15T14:40:06.173+0000] {logging_mixin.py:190} INFO - Current task name:templated state:running start_date:2025-01-15 14:40:05.809705+00:00
[2025-01-15T14:40:06.174+0000] {logging_mixin.py:190} INFO - Dag name:tutorial and current dag run status:running
[2025-01-15T14:40:06.174+0000] {taskinstance.py:731} INFO - ::endgroup::
[2025-01-15T14:40:06.174+0000] {subprocess.py:78} INFO - Tmp dir root location: /tmp
[2025-01-15T14:40:06.175+0000] {subprocess.py:88} INFO - Running command: ['/usr/bin/bash', '-c', '\n\n    echo "2025-01-15"\n    echo "2025-01-22"\n\n    echo "2025-01-15"\n    echo "2025-01-22"\n\n    echo "2025-01-15"\n    echo "2025-01-22"\n\n    echo "2025-01-15"\n    echo "2025-01-22"\n\n    echo "2025-01-15"\n    echo "2025-01-22"\n']
[2025-01-15T14:40:06.189+0000] {subprocess.py:99} INFO - Output:
[2025-01-15T14:40:06.190+0000] {subprocess.py:106} INFO - 2025-01-15
[2025-01-15T14:40:06.190+0000] {subprocess.py:106} INFO - 2025-01-22
[2025-01-15T14:40:06.190+0000] {subprocess.py:106} INFO - 2025-01-15
[2025-01-15T14:40:06.190+0000] {subprocess.py:106} INFO - 2025-01-22
[2025-01-15T14:40:06.190+0000] {subprocess.py:106} INFO - 2025-01-15
[2025-01-15T14:40:06.191+0000] {subprocess.py:106} INFO - 2025-01-22
[2025-01-15T14:40:06.191+0000] {subprocess.py:106} INFO - 2025-01-15
[2025-01-15T14:40:06.191+0000] {subprocess.py:106} INFO - 2025-01-22
[2025-01-15T14:40:06.191+0000] {subprocess.py:106} INFO - 2025-01-15
[2025-01-15T14:40:06.191+0000] {subprocess.py:106} INFO - 2025-01-22
[2025-01-15T14:40:06.191+0000] {subprocess.py:110} INFO - Command exited with return code 0
[2025-01-15T14:40:06.212+0000] {taskinstance.py:340} INFO - ::group::Post task execution logs
[2025-01-15T14:40:06.212+0000] {taskinstance.py:352} INFO - Marking task as SUCCESS. dag_id=tutorial, task_id=templated, run_id=manual__2025-01-15T14:40:01.206262+00:00, execution_date=20250115T144001, start_date=20250115T144005, end_date=20250115T144006
[2025-01-15T14:40:06.222+0000] {logging_mixin.py:190} INFO - Task instance in success state
[2025-01-15T14:40:06.222+0000] {logging_mixin.py:190} INFO -  Previous state of the Task instance: running
[2025-01-15T14:40:06.223+0000] {logging_mixin.py:190} INFO - Dag name:tutorial queued_at:2025-01-15 14:40:01.253228+00:00
[2025-01-15T14:40:06.223+0000] {logging_mixin.py:190} INFO - Task hostname:59ff16f1d4fb operator:BashOperator
[2025-01-15T14:40:06.255+0000] {local_task_job_runner.py:266} INFO - Task exited with return code 0
[2025-01-15T14:40:06.270+0000] {taskinstance.py:3895} INFO - 0 downstream tasks scheduled from follow-on schedule check
[2025-01-15T14:40:06.273+0000] {local_task_job_runner.py:245} INFO - ::endgroup::
