[2025-01-15T14:28:26.675+0000] {local_task_job_runner.py:123} INFO - ::group::Pre task execution logs
[2025-01-15T14:28:26.690+0000] {taskinstance.py:2613} INFO - Dependencies all met for dep_context=non-requeueable deps ti=<TaskInstance: tutorial_dag.transform manual__2025-01-15T14:28:21.048634+00:00 [queued]>
[2025-01-15T14:28:26.697+0000] {taskinstance.py:2613} INFO - Dependencies all met for dep_context=requeueable deps ti=<TaskInstance: tutorial_dag.transform manual__2025-01-15T14:28:21.048634+00:00 [queued]>
[2025-01-15T14:28:26.697+0000] {taskinstance.py:2866} INFO - Starting attempt 1 of 3
[2025-01-15T14:28:26.707+0000] {taskinstance.py:2889} INFO - Executing <Task(PythonOperator): transform> on 2025-01-15 14:28:21.048634+00:00
[2025-01-15T14:28:26.715+0000] {warnings.py:112} WARNING - /home/***/.local/lib/python3.12/site-packages/***/task/task_runner/standard_task_runner.py:70: DeprecationWarning: This process (pid=315) is multi-threaded, use of fork() may lead to deadlocks in the child.
  pid = os.fork()

[2025-01-15T14:28:26.716+0000] {standard_task_runner.py:72} INFO - Started process 317 to run task
[2025-01-15T14:28:26.716+0000] {standard_task_runner.py:104} INFO - Running: ['***', 'tasks', 'run', 'tutorial_dag', 'transform', 'manual__2025-01-15T14:28:21.048634+00:00', '--job-id', '4', '--raw', '--subdir', '/home/***/.local/lib/python3.12/site-packages/***/example_dags/tutorial_dag.py', '--cfg-path', '/tmp/tmp_7zqej8f']
[2025-01-15T14:28:26.717+0000] {standard_task_runner.py:105} INFO - Job 4: Subtask transform
[2025-01-15T14:28:26.754+0000] {task_command.py:467} INFO - Running <TaskInstance: tutorial_dag.transform manual__2025-01-15T14:28:21.048634+00:00 [running]> on host 59ff16f1d4fb
[2025-01-15T14:28:27.003+0000] {taskinstance.py:3132} INFO - Exporting env vars: AIRFLOW_CTX_DAG_OWNER='***' AIRFLOW_CTX_DAG_ID='tutorial_dag' AIRFLOW_CTX_TASK_ID='transform' AIRFLOW_CTX_EXECUTION_DATE='2025-01-15T14:28:21.048634+00:00' AIRFLOW_CTX_TRY_NUMBER='1' AIRFLOW_CTX_DAG_RUN_ID='manual__2025-01-15T14:28:21.048634+00:00'
[2025-01-15T14:28:27.003+0000] {logging_mixin.py:190} INFO - Task instance is in running state
[2025-01-15T14:28:27.004+0000] {logging_mixin.py:190} INFO -  Previous state of the Task instance: queued
[2025-01-15T14:28:27.004+0000] {logging_mixin.py:190} INFO - Current task name:transform state:running start_date:2025-01-15 14:28:26.691158+00:00
[2025-01-15T14:28:27.004+0000] {logging_mixin.py:190} INFO - Dag name:tutorial_dag and current dag run status:running
[2025-01-15T14:28:27.004+0000] {taskinstance.py:731} INFO - ::endgroup::
[2025-01-15T14:28:27.024+0000] {python.py:240} INFO - Done. Returned value was: None
[2025-01-15T14:28:27.031+0000] {taskinstance.py:340} INFO - ::group::Post task execution logs
[2025-01-15T14:28:27.032+0000] {taskinstance.py:352} INFO - Marking task as SUCCESS. dag_id=tutorial_dag, task_id=transform, run_id=manual__2025-01-15T14:28:21.048634+00:00, execution_date=20250115T142821, start_date=20250115T142826, end_date=20250115T142827
[2025-01-15T14:28:27.041+0000] {logging_mixin.py:190} INFO - Task instance in success state
[2025-01-15T14:28:27.041+0000] {logging_mixin.py:190} INFO -  Previous state of the Task instance: running
[2025-01-15T14:28:27.041+0000] {logging_mixin.py:190} INFO - Dag name:tutorial_dag queued_at:2025-01-15 14:28:21.062323+00:00
[2025-01-15T14:28:27.042+0000] {logging_mixin.py:190} INFO - Task hostname:59ff16f1d4fb operator:PythonOperator
[2025-01-15T14:28:27.092+0000] {local_task_job_runner.py:266} INFO - Task exited with return code 0
[2025-01-15T14:28:27.110+0000] {taskinstance.py:3895} INFO - 1 downstream tasks scheduled from follow-on schedule check
[2025-01-15T14:28:27.112+0000] {local_task_job_runner.py:245} INFO - ::endgroup::
