[2025-01-21T18:40:37.808+0000] {local_task_job_runner.py:123} INFO - ::group::Pre task execution logs
[2025-01-21T18:40:37.824+0000] {taskinstance.py:2613} INFO - Dependencies all met for dep_context=non-requeueable deps ti=<TaskInstance: DAG_AWS_PIPELINE.Load_Silver_to_Gold manual__2025-01-21T18:35:45.730388+00:00 [queued]>
[2025-01-21T18:40:37.833+0000] {taskinstance.py:2613} INFO - Dependencies all met for dep_context=requeueable deps ti=<TaskInstance: DAG_AWS_PIPELINE.Load_Silver_to_Gold manual__2025-01-21T18:35:45.730388+00:00 [queued]>
[2025-01-21T18:40:37.833+0000] {taskinstance.py:2866} INFO - Starting attempt 1 of 2
[2025-01-21T18:40:37.844+0000] {taskinstance.py:2889} INFO - Executing <Task(GlueJobOperator): Load_Silver_to_Gold> on 2025-01-21 18:35:45.730388+00:00
[2025-01-21T18:40:37.854+0000] {warnings.py:112} WARNING - /home/***/.local/lib/python3.12/site-packages/***/task/task_runner/standard_task_runner.py:70: DeprecationWarning: This process (pid=3809) is multi-threaded, use of fork() may lead to deadlocks in the child.
  pid = os.fork()

[2025-01-21T18:40:37.855+0000] {standard_task_runner.py:72} INFO - Started process 3811 to run task
[2025-01-21T18:40:37.855+0000] {standard_task_runner.py:104} INFO - Running: ['***', 'tasks', 'run', 'DAG_AWS_PIPELINE', 'Load_Silver_to_Gold', 'manual__2025-01-21T18:35:45.730388+00:00', '--job-id', '366', '--raw', '--subdir', 'DAGS_FOLDER/DAG_AWS_PIPELINE.py', '--cfg-path', '/tmp/tmp2ntpjaz8']
[2025-01-21T18:40:37.856+0000] {standard_task_runner.py:105} INFO - Job 366: Subtask Load_Silver_to_Gold
[2025-01-21T18:40:37.892+0000] {task_command.py:467} INFO - Running <TaskInstance: DAG_AWS_PIPELINE.Load_Silver_to_Gold manual__2025-01-21T18:35:45.730388+00:00 [running]> on host 59ff16f1d4fb
[2025-01-21T18:40:37.967+0000] {taskinstance.py:3132} INFO - Exporting env vars: AIRFLOW_CTX_DAG_OWNER='Wilfrido Rondon' AIRFLOW_CTX_DAG_ID='DAG_AWS_PIPELINE' AIRFLOW_CTX_TASK_ID='Load_Silver_to_Gold' AIRFLOW_CTX_EXECUTION_DATE='2025-01-21T18:35:45.730388+00:00' AIRFLOW_CTX_TRY_NUMBER='1' AIRFLOW_CTX_DAG_RUN_ID='manual__2025-01-21T18:35:45.730388+00:00'
[2025-01-21T18:40:37.968+0000] {logging_mixin.py:190} INFO - Task instance is in running state
[2025-01-21T18:40:37.968+0000] {logging_mixin.py:190} INFO -  Previous state of the Task instance: queued
[2025-01-21T18:40:37.969+0000] {logging_mixin.py:190} INFO - Current task name:Load_Silver_to_Gold state:running start_date:2025-01-21 18:40:37.824808+00:00
[2025-01-21T18:40:37.969+0000] {logging_mixin.py:190} INFO - Dag name:DAG_AWS_PIPELINE and current dag run status:running
[2025-01-21T18:40:37.969+0000] {taskinstance.py:731} INFO - ::endgroup::
[2025-01-21T18:40:37.969+0000] {glue.py:195} INFO - Initializing AWS Glue Job: Load_from_Silver_to_Gold. Wait for completion: True
[2025-01-21T18:40:37.969+0000] {glue.py:369} INFO - Checking if job already exists: Load_from_Silver_to_Gold
[2025-01-21T18:40:37.978+0000] {base.py:84} INFO - Retrieving connection 'aws_conn'
[2025-01-21T18:40:37.978+0000] {connection_wrapper.py:325} INFO - AWS Connection (conn_id='aws_conn', conn_type='aws') credentials retrieved from login and password.
[2025-01-21T18:40:38.909+0000] {glue.py:216} INFO - You can monitor this Glue Job run at: https://console.aws.amazon.com/gluestudio/home?region=us-east-2#/job/Load_from_Silver_to_Gold/run/jr_269c10c740a5ad436b2061b9a2794e8e65aff0f64b570e975494043bb25b101b
[2025-01-21T18:40:39.003+0000] {glue.py:352} INFO - Polling for AWS Glue Job Load_from_Silver_to_Gold current run state with status RUNNING
[2025-01-21T18:40:43.450+0000] {glue.py:352} INFO - Polling for AWS Glue Job Load_from_Silver_to_Gold current run state with status RUNNING
[2025-01-21T18:40:49.564+0000] {glue.py:352} INFO - Polling for AWS Glue Job Load_from_Silver_to_Gold current run state with status RUNNING
[2025-01-21T18:40:55.677+0000] {glue.py:352} INFO - Polling for AWS Glue Job Load_from_Silver_to_Gold current run state with status RUNNING
[2025-01-21T18:41:01.784+0000] {glue.py:352} INFO - Polling for AWS Glue Job Load_from_Silver_to_Gold current run state with status RUNNING
[2025-01-21T18:41:07.893+0000] {glue.py:352} INFO - Polling for AWS Glue Job Load_from_Silver_to_Gold current run state with status RUNNING
[2025-01-21T18:41:12.366+0000] {glue.py:352} INFO - Polling for AWS Glue Job Load_from_Silver_to_Gold current run state with status RUNNING
[2025-01-21T18:41:18.473+0000] {glue.py:352} INFO - Polling for AWS Glue Job Load_from_Silver_to_Gold current run state with status RUNNING
[2025-01-21T18:41:24.568+0000] {glue.py:352} INFO - Polling for AWS Glue Job Load_from_Silver_to_Gold current run state with status RUNNING
[2025-01-21T18:41:30.673+0000] {glue.py:352} INFO - Polling for AWS Glue Job Load_from_Silver_to_Gold current run state with status RUNNING
[2025-01-21T18:41:36.771+0000] {glue.py:352} INFO - Polling for AWS Glue Job Load_from_Silver_to_Gold current run state with status RUNNING
[2025-01-21T18:41:41.210+0000] {glue.py:352} INFO - Polling for AWS Glue Job Load_from_Silver_to_Gold current run state with status RUNNING
[2025-01-21T18:41:47.323+0000] {glue.py:352} INFO - Polling for AWS Glue Job Load_from_Silver_to_Gold current run state with status RUNNING
[2025-01-21T18:41:53.426+0000] {glue.py:352} INFO - Polling for AWS Glue Job Load_from_Silver_to_Gold current run state with status RUNNING
[2025-01-21T18:41:59.547+0000] {glue.py:352} INFO - Polling for AWS Glue Job Load_from_Silver_to_Gold current run state with status RUNNING
[2025-01-21T18:42:04.002+0000] {glue.py:352} INFO - Polling for AWS Glue Job Load_from_Silver_to_Gold current run state with status RUNNING
[2025-01-21T18:42:10.110+0000] {glue.py:352} INFO - Polling for AWS Glue Job Load_from_Silver_to_Gold current run state with status RUNNING
[2025-01-21T18:42:16.232+0000] {glue.py:352} INFO - Polling for AWS Glue Job Load_from_Silver_to_Gold current run state with status RUNNING
[2025-01-21T18:42:22.351+0000] {glue.py:352} INFO - Polling for AWS Glue Job Load_from_Silver_to_Gold current run state with status RUNNING
[2025-01-21T18:42:28.448+0000] {glue.py:352} INFO - Polling for AWS Glue Job Load_from_Silver_to_Gold current run state with status RUNNING
[2025-01-21T18:42:32.863+0000] {glue.py:352} INFO - Polling for AWS Glue Job Load_from_Silver_to_Gold current run state with status RUNNING
[2025-01-21T18:42:38.957+0000] {glue.py:352} INFO - Polling for AWS Glue Job Load_from_Silver_to_Gold current run state with status RUNNING
[2025-01-21T18:42:45.051+0000] {glue.py:352} INFO - Polling for AWS Glue Job Load_from_Silver_to_Gold current run state with status RUNNING
[2025-01-21T18:42:51.167+0000] {glue.py:352} INFO - Polling for AWS Glue Job Load_from_Silver_to_Gold current run state with status RUNNING
[2025-01-21T18:42:57.273+0000] {glue.py:352} INFO - Polling for AWS Glue Job Load_from_Silver_to_Gold current run state with status RUNNING
[2025-01-21T18:43:01.764+0000] {glue.py:352} INFO - Polling for AWS Glue Job Load_from_Silver_to_Gold current run state with status RUNNING
[2025-01-21T18:43:07.869+0000] {glue.py:352} INFO - Polling for AWS Glue Job Load_from_Silver_to_Gold current run state with status RUNNING
[2025-01-21T18:43:13.983+0000] {glue.py:352} INFO - Polling for AWS Glue Job Load_from_Silver_to_Gold current run state with status RUNNING
[2025-01-21T18:43:20.081+0000] {glue.py:345} INFO - Exiting Job jr_269c10c740a5ad436b2061b9a2794e8e65aff0f64b570e975494043bb25b101b Run State: SUCCEEDED
[2025-01-21T18:43:20.082+0000] {glue.py:233} INFO - AWS Glue Job: Load_from_Silver_to_Gold status: SUCCEEDED. Run Id: jr_269c10c740a5ad436b2061b9a2794e8e65aff0f64b570e975494043bb25b101b
[2025-01-21T18:43:20.101+0000] {taskinstance.py:340} INFO - ::group::Post task execution logs
[2025-01-21T18:43:20.102+0000] {taskinstance.py:352} INFO - Marking task as SUCCESS. dag_id=DAG_AWS_PIPELINE, task_id=Load_Silver_to_Gold, run_id=manual__2025-01-21T18:35:45.730388+00:00, execution_date=20250121T183545, start_date=20250121T184037, end_date=20250121T184320
[2025-01-21T18:43:20.111+0000] {logging_mixin.py:190} INFO - Task instance in success state
[2025-01-21T18:43:20.111+0000] {logging_mixin.py:190} INFO -  Previous state of the Task instance: running
[2025-01-21T18:43:20.112+0000] {logging_mixin.py:190} INFO - Dag name:DAG_AWS_PIPELINE queued_at:2025-01-21 18:35:45.767546+00:00
[2025-01-21T18:43:20.112+0000] {logging_mixin.py:190} INFO - Task hostname:59ff16f1d4fb operator:GlueJobOperator
[2025-01-21T18:43:20.140+0000] {local_task_job_runner.py:266} INFO - Task exited with return code 0
[2025-01-21T18:43:20.165+0000] {taskinstance.py:3895} INFO - 1 downstream tasks scheduled from follow-on schedule check
[2025-01-21T18:43:20.169+0000] {local_task_job_runner.py:245} INFO - ::endgroup::
