[2025-01-17T19:59:07.850+0000] {local_task_job_runner.py:123} INFO - ::group::Pre task execution logs
[2025-01-17T19:59:07.869+0000] {taskinstance.py:2613} INFO - Dependencies all met for dep_context=non-requeueable deps ti=<TaskInstance: spaceflight_data_ingest_v2.fetch_articles manual__2025-01-17T19:59:04.875057+00:00 [queued]>
[2025-01-17T19:59:07.881+0000] {taskinstance.py:2613} INFO - Dependencies all met for dep_context=requeueable deps ti=<TaskInstance: spaceflight_data_ingest_v2.fetch_articles manual__2025-01-17T19:59:04.875057+00:00 [queued]>
[2025-01-17T19:59:07.881+0000] {taskinstance.py:2866} INFO - Starting attempt 1 of 2
[2025-01-17T19:59:07.895+0000] {taskinstance.py:2889} INFO - Executing <Task(PythonOperator): fetch_articles> on 2025-01-17 19:59:04.875057+00:00
[2025-01-17T19:59:07.904+0000] {warnings.py:112} WARNING - /home/***/.local/lib/python3.12/site-packages/***/task/task_runner/standard_task_runner.py:70: DeprecationWarning: This process (pid=149) is multi-threaded, use of fork() may lead to deadlocks in the child.
  pid = os.fork()

[2025-01-17T19:59:07.906+0000] {standard_task_runner.py:72} INFO - Started process 151 to run task
[2025-01-17T19:59:07.906+0000] {standard_task_runner.py:104} INFO - Running: ['***', 'tasks', 'run', 'spaceflight_data_ingest_v2', 'fetch_articles', 'manual__2025-01-17T19:59:04.875057+00:00', '--job-id', '56', '--raw', '--subdir', 'DAGS_FOLDER/spaceflight_data_ingest_v2.py', '--cfg-path', '/tmp/tmpk_ls4xy9']
[2025-01-17T19:59:07.907+0000] {standard_task_runner.py:105} INFO - Job 56: Subtask fetch_articles
[2025-01-17T19:59:07.952+0000] {task_command.py:467} INFO - Running <TaskInstance: spaceflight_data_ingest_v2.fetch_articles manual__2025-01-17T19:59:04.875057+00:00 [running]> on host 59ff16f1d4fb
[2025-01-17T19:59:08.281+0000] {taskinstance.py:3132} INFO - Exporting env vars: AIRFLOW_CTX_DAG_OWNER='***' AIRFLOW_CTX_DAG_ID='spaceflight_data_ingest_v2' AIRFLOW_CTX_TASK_ID='fetch_articles' AIRFLOW_CTX_EXECUTION_DATE='2025-01-17T19:59:04.875057+00:00' AIRFLOW_CTX_TRY_NUMBER='1' AIRFLOW_CTX_DAG_RUN_ID='manual__2025-01-17T19:59:04.875057+00:00'
[2025-01-17T19:59:08.282+0000] {logging_mixin.py:190} INFO - Task instance is in running state
[2025-01-17T19:59:08.283+0000] {logging_mixin.py:190} INFO -  Previous state of the Task instance: queued
[2025-01-17T19:59:08.283+0000] {logging_mixin.py:190} INFO - Current task name:fetch_articles state:running start_date:2025-01-17 19:59:07.869900+00:00
[2025-01-17T19:59:08.283+0000] {logging_mixin.py:190} INFO - Dag name:spaceflight_data_ingest_v2 and current dag run status:running
[2025-01-17T19:59:08.284+0000] {taskinstance.py:731} INFO - ::endgroup::
[2025-01-17T19:59:08.859+0000] {spaceflight_data_ingest_v2.py:78} ERROR - Error en la solicitud: 'total_pages'
[2025-01-17T19:59:08.860+0000] {spaceflight_data_ingest_v2.py:82} INFO - Reintentando... intento 1/5
[2025-01-17T19:59:14.332+0000] {spaceflight_data_ingest_v2.py:78} ERROR - Error en la solicitud: 'total_pages'
[2025-01-17T19:59:14.333+0000] {spaceflight_data_ingest_v2.py:82} INFO - Reintentando... intento 1/5
[2025-01-17T19:59:19.854+0000] {spaceflight_data_ingest_v2.py:78} ERROR - Error en la solicitud: 'total_pages'
[2025-01-17T19:59:19.854+0000] {spaceflight_data_ingest_v2.py:82} INFO - Reintentando... intento 1/5
[2025-01-17T19:59:25.340+0000] {spaceflight_data_ingest_v2.py:78} ERROR - Error en la solicitud: 'total_pages'
[2025-01-17T19:59:25.341+0000] {spaceflight_data_ingest_v2.py:82} INFO - Reintentando... intento 1/5
[2025-01-17T19:59:28.759+0000] {spaceflight_data_ingest_v2.py:78} ERROR - Error en la solicitud: 'total_pages'
[2025-01-17T19:59:28.760+0000] {spaceflight_data_ingest_v2.py:82} INFO - Reintentando... intento 1/5
[2025-01-17T19:59:34.219+0000] {spaceflight_data_ingest_v2.py:78} ERROR - Error en la solicitud: 'total_pages'
[2025-01-17T19:59:34.219+0000] {spaceflight_data_ingest_v2.py:82} INFO - Reintentando... intento 1/5
[2025-01-17T19:59:39.691+0000] {spaceflight_data_ingest_v2.py:78} ERROR - Error en la solicitud: 'total_pages'
[2025-01-17T19:59:39.692+0000] {spaceflight_data_ingest_v2.py:82} INFO - Reintentando... intento 1/5
[2025-01-17T19:59:45.138+0000] {spaceflight_data_ingest_v2.py:78} ERROR - Error en la solicitud: 'total_pages'
[2025-01-17T19:59:45.138+0000] {spaceflight_data_ingest_v2.py:82} INFO - Reintentando... intento 1/5
[2025-01-17T19:59:50.602+0000] {spaceflight_data_ingest_v2.py:78} ERROR - Error en la solicitud: 'total_pages'
[2025-01-17T19:59:50.603+0000] {spaceflight_data_ingest_v2.py:82} INFO - Reintentando... intento 1/5
[2025-01-17T19:59:53.984+0000] {spaceflight_data_ingest_v2.py:78} ERROR - Error en la solicitud: 'total_pages'
[2025-01-17T19:59:53.984+0000] {spaceflight_data_ingest_v2.py:82} INFO - Reintentando... intento 1/5
[2025-01-17T19:59:59.418+0000] {spaceflight_data_ingest_v2.py:78} ERROR - Error en la solicitud: 'total_pages'
[2025-01-17T19:59:59.419+0000] {spaceflight_data_ingest_v2.py:82} INFO - Reintentando... intento 1/5
[2025-01-17T20:00:04.993+0000] {spaceflight_data_ingest_v2.py:78} ERROR - Error en la solicitud: 'total_pages'
[2025-01-17T20:00:04.994+0000] {spaceflight_data_ingest_v2.py:82} INFO - Reintentando... intento 1/5
[2025-01-17T20:00:10.505+0000] {spaceflight_data_ingest_v2.py:78} ERROR - Error en la solicitud: 'total_pages'
[2025-01-17T20:00:10.505+0000] {spaceflight_data_ingest_v2.py:82} INFO - Reintentando... intento 1/5
[2025-01-17T20:00:16.036+0000] {spaceflight_data_ingest_v2.py:78} ERROR - Error en la solicitud: 'total_pages'
[2025-01-17T20:00:16.037+0000] {spaceflight_data_ingest_v2.py:82} INFO - Reintentando... intento 1/5
[2025-01-17T20:00:21.544+0000] {spaceflight_data_ingest_v2.py:78} ERROR - Error en la solicitud: 'total_pages'
[2025-01-17T20:00:21.545+0000] {spaceflight_data_ingest_v2.py:82} INFO - Reintentando... intento 1/5
[2025-01-17T20:00:24.902+0000] {spaceflight_data_ingest_v2.py:78} ERROR - Error en la solicitud: 'total_pages'
[2025-01-17T20:00:24.902+0000] {spaceflight_data_ingest_v2.py:82} INFO - Reintentando... intento 1/5
[2025-01-17T20:00:30.376+0000] {spaceflight_data_ingest_v2.py:78} ERROR - Error en la solicitud: 'total_pages'
[2025-01-17T20:00:30.377+0000] {spaceflight_data_ingest_v2.py:82} INFO - Reintentando... intento 1/5
[2025-01-17T20:00:35.859+0000] {spaceflight_data_ingest_v2.py:78} ERROR - Error en la solicitud: 'total_pages'
[2025-01-17T20:00:35.860+0000] {spaceflight_data_ingest_v2.py:82} INFO - Reintentando... intento 1/5
[2025-01-17T20:00:41.322+0000] {spaceflight_data_ingest_v2.py:78} ERROR - Error en la solicitud: 'total_pages'
[2025-01-17T20:00:41.323+0000] {spaceflight_data_ingest_v2.py:82} INFO - Reintentando... intento 1/5
[2025-01-17T20:00:46.806+0000] {spaceflight_data_ingest_v2.py:78} ERROR - Error en la solicitud: 'total_pages'
[2025-01-17T20:00:46.807+0000] {spaceflight_data_ingest_v2.py:82} INFO - Reintentando... intento 1/5
[2025-01-17T20:00:50.097+0000] {spaceflight_data_ingest_v2.py:78} ERROR - Error en la solicitud: 'total_pages'
[2025-01-17T20:00:50.098+0000] {spaceflight_data_ingest_v2.py:82} INFO - Reintentando... intento 1/5
[2025-01-17T20:00:56.099+0000] {spaceflight_data_ingest_v2.py:78} ERROR - Error en la solicitud: 'total_pages'
[2025-01-17T20:00:56.100+0000] {spaceflight_data_ingest_v2.py:82} INFO - Reintentando... intento 1/5
[2025-01-17T20:01:01.673+0000] {spaceflight_data_ingest_v2.py:78} ERROR - Error en la solicitud: 'total_pages'
[2025-01-17T20:01:01.673+0000] {spaceflight_data_ingest_v2.py:82} INFO - Reintentando... intento 1/5
[2025-01-17T20:01:07.387+0000] {spaceflight_data_ingest_v2.py:78} ERROR - Error en la solicitud: 'total_pages'
[2025-01-17T20:01:07.388+0000] {spaceflight_data_ingest_v2.py:82} INFO - Reintentando... intento 1/5
[2025-01-17T20:01:12.865+0000] {spaceflight_data_ingest_v2.py:78} ERROR - Error en la solicitud: 'total_pages'
[2025-01-17T20:01:12.866+0000] {spaceflight_data_ingest_v2.py:82} INFO - Reintentando... intento 1/5
[2025-01-17T20:01:16.199+0000] {spaceflight_data_ingest_v2.py:78} ERROR - Error en la solicitud: 'total_pages'
[2025-01-17T20:01:16.200+0000] {spaceflight_data_ingest_v2.py:82} INFO - Reintentando... intento 1/5
[2025-01-17T20:01:21.642+0000] {spaceflight_data_ingest_v2.py:78} ERROR - Error en la solicitud: 'total_pages'
[2025-01-17T20:01:21.642+0000] {spaceflight_data_ingest_v2.py:82} INFO - Reintentando... intento 1/5
[2025-01-17T20:01:27.120+0000] {spaceflight_data_ingest_v2.py:78} ERROR - Error en la solicitud: 'total_pages'
[2025-01-17T20:01:27.121+0000] {spaceflight_data_ingest_v2.py:82} INFO - Reintentando... intento 1/5
[2025-01-17T20:01:32.808+0000] {spaceflight_data_ingest_v2.py:78} ERROR - Error en la solicitud: 'total_pages'
[2025-01-17T20:01:32.809+0000] {spaceflight_data_ingest_v2.py:82} INFO - Reintentando... intento 1/5
[2025-01-17T20:01:38.989+0000] {spaceflight_data_ingest_v2.py:78} ERROR - Error en la solicitud: 'total_pages'
[2025-01-17T20:01:38.989+0000] {spaceflight_data_ingest_v2.py:82} INFO - Reintentando... intento 1/5
[2025-01-17T20:01:44.456+0000] {spaceflight_data_ingest_v2.py:78} ERROR - Error en la solicitud: 'total_pages'
[2025-01-17T20:01:44.457+0000] {spaceflight_data_ingest_v2.py:82} INFO - Reintentando... intento 1/5
[2025-01-17T20:01:47.921+0000] {spaceflight_data_ingest_v2.py:78} ERROR - Error en la solicitud: 'total_pages'
[2025-01-17T20:01:47.921+0000] {spaceflight_data_ingest_v2.py:82} INFO - Reintentando... intento 1/5
[2025-01-17T20:01:53.396+0000] {spaceflight_data_ingest_v2.py:78} ERROR - Error en la solicitud: 'total_pages'
[2025-01-17T20:01:53.396+0000] {spaceflight_data_ingest_v2.py:82} INFO - Reintentando... intento 1/5
[2025-01-17T20:01:58.861+0000] {spaceflight_data_ingest_v2.py:78} ERROR - Error en la solicitud: 'total_pages'
[2025-01-17T20:01:58.862+0000] {spaceflight_data_ingest_v2.py:82} INFO - Reintentando... intento 1/5
[2025-01-17T20:02:04.350+0000] {spaceflight_data_ingest_v2.py:78} ERROR - Error en la solicitud: 'total_pages'
[2025-01-17T20:02:04.351+0000] {spaceflight_data_ingest_v2.py:82} INFO - Reintentando... intento 1/5
[2025-01-17T20:02:09.860+0000] {spaceflight_data_ingest_v2.py:78} ERROR - Error en la solicitud: 'total_pages'
[2025-01-17T20:02:09.860+0000] {spaceflight_data_ingest_v2.py:82} INFO - Reintentando... intento 1/5
[2025-01-17T20:02:13.204+0000] {spaceflight_data_ingest_v2.py:78} ERROR - Error en la solicitud: 'total_pages'
[2025-01-17T20:02:13.204+0000] {spaceflight_data_ingest_v2.py:82} INFO - Reintentando... intento 1/5
[2025-01-17T20:02:18.708+0000] {spaceflight_data_ingest_v2.py:78} ERROR - Error en la solicitud: 'total_pages'
[2025-01-17T20:02:18.708+0000] {spaceflight_data_ingest_v2.py:82} INFO - Reintentando... intento 1/5
[2025-01-17T20:02:24.105+0000] {spaceflight_data_ingest_v2.py:78} ERROR - Error en la solicitud: 'total_pages'
[2025-01-17T20:02:24.105+0000] {spaceflight_data_ingest_v2.py:82} INFO - Reintentando... intento 1/5
[2025-01-17T20:02:30.227+0000] {spaceflight_data_ingest_v2.py:78} ERROR - Error en la solicitud: 'total_pages'
[2025-01-17T20:02:30.227+0000] {spaceflight_data_ingest_v2.py:82} INFO - Reintentando... intento 1/5
[2025-01-17T20:02:35.735+0000] {spaceflight_data_ingest_v2.py:78} ERROR - Error en la solicitud: 'total_pages'
[2025-01-17T20:02:35.735+0000] {spaceflight_data_ingest_v2.py:82} INFO - Reintentando... intento 1/5
[2025-01-17T20:02:41.185+0000] {spaceflight_data_ingest_v2.py:78} ERROR - Error en la solicitud: 'total_pages'
[2025-01-17T20:02:41.186+0000] {spaceflight_data_ingest_v2.py:82} INFO - Reintentando... intento 1/5
[2025-01-17T20:02:44.594+0000] {spaceflight_data_ingest_v2.py:78} ERROR - Error en la solicitud: 'total_pages'
[2025-01-17T20:02:44.594+0000] {spaceflight_data_ingest_v2.py:82} INFO - Reintentando... intento 1/5
[2025-01-17T20:02:50.034+0000] {spaceflight_data_ingest_v2.py:78} ERROR - Error en la solicitud: 'total_pages'
[2025-01-17T20:02:50.035+0000] {spaceflight_data_ingest_v2.py:82} INFO - Reintentando... intento 1/5
[2025-01-17T20:02:55.599+0000] {spaceflight_data_ingest_v2.py:78} ERROR - Error en la solicitud: 'total_pages'
[2025-01-17T20:02:55.599+0000] {spaceflight_data_ingest_v2.py:82} INFO - Reintentando... intento 1/5
[2025-01-17T20:03:01.095+0000] {spaceflight_data_ingest_v2.py:78} ERROR - Error en la solicitud: 'total_pages'
[2025-01-17T20:03:01.096+0000] {spaceflight_data_ingest_v2.py:82} INFO - Reintentando... intento 1/5
[2025-01-17T20:03:06.544+0000] {spaceflight_data_ingest_v2.py:78} ERROR - Error en la solicitud: 'total_pages'
[2025-01-17T20:03:06.545+0000] {spaceflight_data_ingest_v2.py:82} INFO - Reintentando... intento 1/5
[2025-01-17T20:03:09.870+0000] {spaceflight_data_ingest_v2.py:78} ERROR - Error en la solicitud: 'total_pages'
[2025-01-17T20:03:09.870+0000] {spaceflight_data_ingest_v2.py:82} INFO - Reintentando... intento 1/5
[2025-01-17T20:03:15.355+0000] {spaceflight_data_ingest_v2.py:78} ERROR - Error en la solicitud: 'total_pages'
[2025-01-17T20:03:15.356+0000] {spaceflight_data_ingest_v2.py:82} INFO - Reintentando... intento 1/5
[2025-01-17T20:03:20.895+0000] {spaceflight_data_ingest_v2.py:78} ERROR - Error en la solicitud: 'total_pages'
[2025-01-17T20:03:20.895+0000] {spaceflight_data_ingest_v2.py:82} INFO - Reintentando... intento 1/5
[2025-01-17T20:03:26.343+0000] {spaceflight_data_ingest_v2.py:78} ERROR - Error en la solicitud: 'total_pages'
[2025-01-17T20:03:26.343+0000] {spaceflight_data_ingest_v2.py:82} INFO - Reintentando... intento 1/5
[2025-01-17T20:03:32.705+0000] {spaceflight_data_ingest_v2.py:78} ERROR - Error en la solicitud: 'total_pages'
[2025-01-17T20:03:32.706+0000] {spaceflight_data_ingest_v2.py:82} INFO - Reintentando... intento 1/5
[2025-01-17T20:03:36.202+0000] {spaceflight_data_ingest_v2.py:78} ERROR - Error en la solicitud: 'total_pages'
[2025-01-17T20:03:36.202+0000] {spaceflight_data_ingest_v2.py:82} INFO - Reintentando... intento 1/5
[2025-01-17T20:03:41.590+0000] {spaceflight_data_ingest_v2.py:78} ERROR - Error en la solicitud: 'total_pages'
[2025-01-17T20:03:41.590+0000] {spaceflight_data_ingest_v2.py:82} INFO - Reintentando... intento 1/5
[2025-01-17T20:03:46.976+0000] {spaceflight_data_ingest_v2.py:78} ERROR - Error en la solicitud: 'total_pages'
[2025-01-17T20:03:46.977+0000] {spaceflight_data_ingest_v2.py:82} INFO - Reintentando... intento 1/5
[2025-01-17T20:03:52.455+0000] {spaceflight_data_ingest_v2.py:78} ERROR - Error en la solicitud: 'total_pages'
[2025-01-17T20:03:52.455+0000] {spaceflight_data_ingest_v2.py:82} INFO - Reintentando... intento 1/5
[2025-01-17T20:03:57.930+0000] {spaceflight_data_ingest_v2.py:78} ERROR - Error en la solicitud: 'total_pages'
[2025-01-17T20:03:57.930+0000] {spaceflight_data_ingest_v2.py:82} INFO - Reintentando... intento 1/5
[2025-01-17T20:04:03.421+0000] {spaceflight_data_ingest_v2.py:78} ERROR - Error en la solicitud: 'total_pages'
[2025-01-17T20:04:03.422+0000] {spaceflight_data_ingest_v2.py:82} INFO - Reintentando... intento 1/5
[2025-01-17T20:04:06.871+0000] {spaceflight_data_ingest_v2.py:78} ERROR - Error en la solicitud: 'total_pages'
[2025-01-17T20:04:06.871+0000] {spaceflight_data_ingest_v2.py:82} INFO - Reintentando... intento 1/5
[2025-01-17T20:04:12.264+0000] {spaceflight_data_ingest_v2.py:78} ERROR - Error en la solicitud: 'total_pages'
[2025-01-17T20:04:12.264+0000] {spaceflight_data_ingest_v2.py:82} INFO - Reintentando... intento 1/5
[2025-01-17T20:04:17.849+0000] {spaceflight_data_ingest_v2.py:78} ERROR - Error en la solicitud: 'total_pages'
[2025-01-17T20:04:17.849+0000] {spaceflight_data_ingest_v2.py:82} INFO - Reintentando... intento 1/5
[2025-01-17T20:04:23.336+0000] {spaceflight_data_ingest_v2.py:78} ERROR - Error en la solicitud: 'total_pages'
[2025-01-17T20:04:23.336+0000] {spaceflight_data_ingest_v2.py:82} INFO - Reintentando... intento 1/5
[2025-01-17T20:04:28.838+0000] {spaceflight_data_ingest_v2.py:78} ERROR - Error en la solicitud: 'total_pages'
[2025-01-17T20:04:28.838+0000] {spaceflight_data_ingest_v2.py:82} INFO - Reintentando... intento 1/5
[2025-01-17T20:04:32.223+0000] {spaceflight_data_ingest_v2.py:78} ERROR - Error en la solicitud: 'total_pages'
[2025-01-17T20:04:32.224+0000] {spaceflight_data_ingest_v2.py:82} INFO - Reintentando... intento 1/5
[2025-01-17T20:04:37.688+0000] {spaceflight_data_ingest_v2.py:78} ERROR - Error en la solicitud: 'total_pages'
[2025-01-17T20:04:37.688+0000] {spaceflight_data_ingest_v2.py:82} INFO - Reintentando... intento 1/5
[2025-01-17T20:04:43.064+0000] {spaceflight_data_ingest_v2.py:78} ERROR - Error en la solicitud: 'total_pages'
[2025-01-17T20:04:43.064+0000] {spaceflight_data_ingest_v2.py:82} INFO - Reintentando... intento 1/5
[2025-01-17T20:04:48.538+0000] {spaceflight_data_ingest_v2.py:78} ERROR - Error en la solicitud: 'total_pages'
[2025-01-17T20:04:48.539+0000] {spaceflight_data_ingest_v2.py:82} INFO - Reintentando... intento 1/5
[2025-01-17T20:04:54.003+0000] {spaceflight_data_ingest_v2.py:78} ERROR - Error en la solicitud: 'total_pages'
[2025-01-17T20:04:54.004+0000] {spaceflight_data_ingest_v2.py:82} INFO - Reintentando... intento 1/5
[2025-01-17T20:04:59.419+0000] {spaceflight_data_ingest_v2.py:78} ERROR - Error en la solicitud: 'total_pages'
[2025-01-17T20:04:59.420+0000] {spaceflight_data_ingest_v2.py:82} INFO - Reintentando... intento 1/5
[2025-01-17T20:05:02.865+0000] {spaceflight_data_ingest_v2.py:78} ERROR - Error en la solicitud: 'total_pages'
[2025-01-17T20:05:02.865+0000] {spaceflight_data_ingest_v2.py:82} INFO - Reintentando... intento 1/5
[2025-01-17T20:05:08.337+0000] {spaceflight_data_ingest_v2.py:78} ERROR - Error en la solicitud: 'total_pages'
[2025-01-17T20:05:08.337+0000] {spaceflight_data_ingest_v2.py:82} INFO - Reintentando... intento 1/5
[2025-01-17T20:05:13.805+0000] {spaceflight_data_ingest_v2.py:78} ERROR - Error en la solicitud: 'total_pages'
[2025-01-17T20:05:13.806+0000] {spaceflight_data_ingest_v2.py:82} INFO - Reintentando... intento 1/5
[2025-01-17T20:05:19.367+0000] {spaceflight_data_ingest_v2.py:78} ERROR - Error en la solicitud: 'total_pages'
[2025-01-17T20:05:19.367+0000] {spaceflight_data_ingest_v2.py:82} INFO - Reintentando... intento 1/5
[2025-01-17T20:05:24.858+0000] {spaceflight_data_ingest_v2.py:78} ERROR - Error en la solicitud: 'total_pages'
[2025-01-17T20:05:24.859+0000] {spaceflight_data_ingest_v2.py:82} INFO - Reintentando... intento 1/5
[2025-01-17T20:05:28.286+0000] {spaceflight_data_ingest_v2.py:78} ERROR - Error en la solicitud: 'total_pages'
[2025-01-17T20:05:28.286+0000] {spaceflight_data_ingest_v2.py:82} INFO - Reintentando... intento 1/5
[2025-01-17T20:05:33.753+0000] {spaceflight_data_ingest_v2.py:78} ERROR - Error en la solicitud: 'total_pages'
[2025-01-17T20:05:33.753+0000] {spaceflight_data_ingest_v2.py:82} INFO - Reintentando... intento 1/5
[2025-01-17T20:05:39.118+0000] {spaceflight_data_ingest_v2.py:78} ERROR - Error en la solicitud: 'total_pages'
[2025-01-17T20:05:39.118+0000] {spaceflight_data_ingest_v2.py:82} INFO - Reintentando... intento 1/5
[2025-01-17T20:05:44.642+0000] {spaceflight_data_ingest_v2.py:78} ERROR - Error en la solicitud: 'total_pages'
[2025-01-17T20:05:44.642+0000] {spaceflight_data_ingest_v2.py:82} INFO - Reintentando... intento 1/5
[2025-01-17T20:05:50.018+0000] {spaceflight_data_ingest_v2.py:78} ERROR - Error en la solicitud: 'total_pages'
[2025-01-17T20:05:50.019+0000] {spaceflight_data_ingest_v2.py:82} INFO - Reintentando... intento 1/5
[2025-01-17T20:05:55.481+0000] {spaceflight_data_ingest_v2.py:78} ERROR - Error en la solicitud: 'total_pages'
[2025-01-17T20:05:55.481+0000] {spaceflight_data_ingest_v2.py:82} INFO - Reintentando... intento 1/5
[2025-01-17T20:05:58.908+0000] {spaceflight_data_ingest_v2.py:78} ERROR - Error en la solicitud: 'total_pages'
[2025-01-17T20:05:58.909+0000] {spaceflight_data_ingest_v2.py:82} INFO - Reintentando... intento 1/5
[2025-01-17T20:06:04.359+0000] {spaceflight_data_ingest_v2.py:78} ERROR - Error en la solicitud: 'total_pages'
[2025-01-17T20:06:04.360+0000] {spaceflight_data_ingest_v2.py:82} INFO - Reintentando... intento 1/5
[2025-01-17T20:06:09.834+0000] {spaceflight_data_ingest_v2.py:78} ERROR - Error en la solicitud: 'total_pages'
[2025-01-17T20:06:09.834+0000] {spaceflight_data_ingest_v2.py:82} INFO - Reintentando... intento 1/5
[2025-01-17T20:06:15.291+0000] {spaceflight_data_ingest_v2.py:78} ERROR - Error en la solicitud: 'total_pages'
[2025-01-17T20:06:15.292+0000] {spaceflight_data_ingest_v2.py:82} INFO - Reintentando... intento 1/5
[2025-01-17T20:06:20.809+0000] {spaceflight_data_ingest_v2.py:78} ERROR - Error en la solicitud: 'total_pages'
[2025-01-17T20:06:20.809+0000] {spaceflight_data_ingest_v2.py:82} INFO - Reintentando... intento 1/5
[2025-01-17T20:06:24.224+0000] {spaceflight_data_ingest_v2.py:78} ERROR - Error en la solicitud: 'total_pages'
[2025-01-17T20:06:24.224+0000] {spaceflight_data_ingest_v2.py:82} INFO - Reintentando... intento 1/5
[2025-01-17T20:06:29.739+0000] {spaceflight_data_ingest_v2.py:78} ERROR - Error en la solicitud: 'total_pages'
[2025-01-17T20:06:29.739+0000] {spaceflight_data_ingest_v2.py:82} INFO - Reintentando... intento 1/5
[2025-01-17T20:06:35.239+0000] {spaceflight_data_ingest_v2.py:78} ERROR - Error en la solicitud: 'total_pages'
[2025-01-17T20:06:35.240+0000] {spaceflight_data_ingest_v2.py:82} INFO - Reintentando... intento 1/5
[2025-01-17T20:06:40.698+0000] {spaceflight_data_ingest_v2.py:78} ERROR - Error en la solicitud: 'total_pages'
[2025-01-17T20:06:40.698+0000] {spaceflight_data_ingest_v2.py:82} INFO - Reintentando... intento 1/5
[2025-01-17T20:06:46.138+0000] {spaceflight_data_ingest_v2.py:78} ERROR - Error en la solicitud: 'total_pages'
[2025-01-17T20:06:46.138+0000] {spaceflight_data_ingest_v2.py:82} INFO - Reintentando... intento 1/5
[2025-01-17T20:06:51.621+0000] {spaceflight_data_ingest_v2.py:78} ERROR - Error en la solicitud: 'total_pages'
[2025-01-17T20:06:51.622+0000] {spaceflight_data_ingest_v2.py:82} INFO - Reintentando... intento 1/5
[2025-01-17T20:06:54.925+0000] {spaceflight_data_ingest_v2.py:78} ERROR - Error en la solicitud: 'total_pages'
[2025-01-17T20:06:54.925+0000] {spaceflight_data_ingest_v2.py:82} INFO - Reintentando... intento 1/5
[2025-01-17T20:07:00.376+0000] {spaceflight_data_ingest_v2.py:78} ERROR - Error en la solicitud: 'total_pages'
[2025-01-17T20:07:00.377+0000] {spaceflight_data_ingest_v2.py:82} INFO - Reintentando... intento 1/5
[2025-01-17T20:07:05.836+0000] {spaceflight_data_ingest_v2.py:78} ERROR - Error en la solicitud: 'total_pages'
[2025-01-17T20:07:05.836+0000] {spaceflight_data_ingest_v2.py:82} INFO - Reintentando... intento 1/5
[2025-01-17T20:07:11.383+0000] {spaceflight_data_ingest_v2.py:78} ERROR - Error en la solicitud: 'total_pages'
[2025-01-17T20:07:11.383+0000] {spaceflight_data_ingest_v2.py:82} INFO - Reintentando... intento 1/5
[2025-01-17T20:07:16.830+0000] {spaceflight_data_ingest_v2.py:78} ERROR - Error en la solicitud: 'total_pages'
[2025-01-17T20:07:16.830+0000] {spaceflight_data_ingest_v2.py:82} INFO - Reintentando... intento 1/5
[2025-01-17T20:07:20.246+0000] {spaceflight_data_ingest_v2.py:78} ERROR - Error en la solicitud: 'total_pages'
[2025-01-17T20:07:20.247+0000] {spaceflight_data_ingest_v2.py:82} INFO - Reintentando... intento 1/5
[2025-01-17T20:07:25.689+0000] {spaceflight_data_ingest_v2.py:78} ERROR - Error en la solicitud: 'total_pages'
[2025-01-17T20:07:25.689+0000] {spaceflight_data_ingest_v2.py:82} INFO - Reintentando... intento 1/5
[2025-01-17T20:07:31.325+0000] {spaceflight_data_ingest_v2.py:78} ERROR - Error en la solicitud: 'total_pages'
[2025-01-17T20:07:31.325+0000] {spaceflight_data_ingest_v2.py:82} INFO - Reintentando... intento 1/5
[2025-01-17T20:07:36.780+0000] {spaceflight_data_ingest_v2.py:78} ERROR - Error en la solicitud: 'total_pages'
[2025-01-17T20:07:36.781+0000] {spaceflight_data_ingest_v2.py:82} INFO - Reintentando... intento 1/5
[2025-01-17T20:07:42.249+0000] {spaceflight_data_ingest_v2.py:78} ERROR - Error en la solicitud: 'total_pages'
[2025-01-17T20:07:42.249+0000] {spaceflight_data_ingest_v2.py:82} INFO - Reintentando... intento 1/5
[2025-01-17T20:07:47.707+0000] {spaceflight_data_ingest_v2.py:78} ERROR - Error en la solicitud: 'total_pages'
[2025-01-17T20:07:47.708+0000] {spaceflight_data_ingest_v2.py:82} INFO - Reintentando... intento 1/5
[2025-01-17T20:07:51.157+0000] {spaceflight_data_ingest_v2.py:78} ERROR - Error en la solicitud: 'total_pages'
[2025-01-17T20:07:51.157+0000] {spaceflight_data_ingest_v2.py:82} INFO - Reintentando... intento 1/5
[2025-01-17T20:07:56.656+0000] {spaceflight_data_ingest_v2.py:78} ERROR - Error en la solicitud: 'total_pages'
[2025-01-17T20:07:56.656+0000] {spaceflight_data_ingest_v2.py:82} INFO - Reintentando... intento 1/5
[2025-01-17T20:08:02.100+0000] {spaceflight_data_ingest_v2.py:78} ERROR - Error en la solicitud: 'total_pages'
[2025-01-17T20:08:02.101+0000] {spaceflight_data_ingest_v2.py:82} INFO - Reintentando... intento 1/5
[2025-01-17T20:08:07.726+0000] {spaceflight_data_ingest_v2.py:78} ERROR - Error en la solicitud: 'total_pages'
[2025-01-17T20:08:07.727+0000] {spaceflight_data_ingest_v2.py:82} INFO - Reintentando... intento 1/5
[2025-01-17T20:08:13.159+0000] {spaceflight_data_ingest_v2.py:78} ERROR - Error en la solicitud: 'total_pages'
[2025-01-17T20:08:13.159+0000] {spaceflight_data_ingest_v2.py:82} INFO - Reintentando... intento 1/5
[2025-01-17T20:08:16.528+0000] {spaceflight_data_ingest_v2.py:78} ERROR - Error en la solicitud: 'total_pages'
[2025-01-17T20:08:16.528+0000] {spaceflight_data_ingest_v2.py:82} INFO - Reintentando... intento 1/5
[2025-01-17T20:08:21.992+0000] {spaceflight_data_ingest_v2.py:78} ERROR - Error en la solicitud: 'total_pages'
[2025-01-17T20:08:21.993+0000] {spaceflight_data_ingest_v2.py:82} INFO - Reintentando... intento 1/5
[2025-01-17T20:08:27.477+0000] {spaceflight_data_ingest_v2.py:78} ERROR - Error en la solicitud: 'total_pages'
[2025-01-17T20:08:27.477+0000] {spaceflight_data_ingest_v2.py:82} INFO - Reintentando... intento 1/5
[2025-01-17T20:08:32.948+0000] {spaceflight_data_ingest_v2.py:78} ERROR - Error en la solicitud: 'total_pages'
[2025-01-17T20:08:32.948+0000] {spaceflight_data_ingest_v2.py:82} INFO - Reintentando... intento 1/5
[2025-01-17T20:08:38.425+0000] {spaceflight_data_ingest_v2.py:78} ERROR - Error en la solicitud: 'total_pages'
[2025-01-17T20:08:38.426+0000] {spaceflight_data_ingest_v2.py:82} INFO - Reintentando... intento 1/5
[2025-01-17T20:08:43.886+0000] {spaceflight_data_ingest_v2.py:78} ERROR - Error en la solicitud: 'total_pages'
[2025-01-17T20:08:43.886+0000] {spaceflight_data_ingest_v2.py:82} INFO - Reintentando... intento 1/5
[2025-01-17T20:08:47.259+0000] {spaceflight_data_ingest_v2.py:78} ERROR - Error en la solicitud: 'total_pages'
[2025-01-17T20:08:47.259+0000] {spaceflight_data_ingest_v2.py:82} INFO - Reintentando... intento 1/5
[2025-01-17T20:08:53.913+0000] {spaceflight_data_ingest_v2.py:78} ERROR - Error en la solicitud: 'total_pages'
[2025-01-17T20:08:53.913+0000] {spaceflight_data_ingest_v2.py:82} INFO - Reintentando... intento 1/5
[2025-01-17T20:08:59.504+0000] {spaceflight_data_ingest_v2.py:78} ERROR - Error en la solicitud: 'total_pages'
[2025-01-17T20:08:59.504+0000] {spaceflight_data_ingest_v2.py:82} INFO - Reintentando... intento 1/5
[2025-01-17T20:09:04.935+0000] {spaceflight_data_ingest_v2.py:78} ERROR - Error en la solicitud: 'total_pages'
[2025-01-17T20:09:04.935+0000] {spaceflight_data_ingest_v2.py:82} INFO - Reintentando... intento 1/5
[2025-01-17T20:09:10.405+0000] {spaceflight_data_ingest_v2.py:78} ERROR - Error en la solicitud: 'total_pages'
[2025-01-17T20:09:10.406+0000] {spaceflight_data_ingest_v2.py:82} INFO - Reintentando... intento 1/5
[2025-01-17T20:09:13.695+0000] {spaceflight_data_ingest_v2.py:78} ERROR - Error en la solicitud: 'total_pages'
[2025-01-17T20:09:13.695+0000] {spaceflight_data_ingest_v2.py:82} INFO - Reintentando... intento 1/5
[2025-01-17T20:09:19.168+0000] {spaceflight_data_ingest_v2.py:78} ERROR - Error en la solicitud: 'total_pages'
[2025-01-17T20:09:19.168+0000] {spaceflight_data_ingest_v2.py:82} INFO - Reintentando... intento 1/5
[2025-01-17T20:09:24.613+0000] {spaceflight_data_ingest_v2.py:78} ERROR - Error en la solicitud: 'total_pages'
[2025-01-17T20:09:24.613+0000] {spaceflight_data_ingest_v2.py:82} INFO - Reintentando... intento 1/5
[2025-01-17T20:09:30.096+0000] {spaceflight_data_ingest_v2.py:78} ERROR - Error en la solicitud: 'total_pages'
[2025-01-17T20:09:30.096+0000] {spaceflight_data_ingest_v2.py:82} INFO - Reintentando... intento 1/5
