[2025-01-21T14:21:12.542+0000] {local_task_job_runner.py:123} INFO - ::group::Pre task execution logs
[2025-01-21T14:21:12.557+0000] {taskinstance.py:2613} INFO - Dependencies all met for dep_context=non-requeueable deps ti=<TaskInstance: DAG_AWS_PIPELINE.extract_events manual__2025-01-21T14:21:09.316245+00:00 [queued]>
[2025-01-21T14:21:12.564+0000] {taskinstance.py:2613} INFO - Dependencies all met for dep_context=requeueable deps ti=<TaskInstance: DAG_AWS_PIPELINE.extract_events manual__2025-01-21T14:21:09.316245+00:00 [queued]>
[2025-01-21T14:21:12.565+0000] {taskinstance.py:2866} INFO - Starting attempt 1 of 2
[2025-01-21T14:21:12.577+0000] {taskinstance.py:2889} INFO - Executing <Task(PythonOperator): extract_events> on 2025-01-21 14:21:09.316245+00:00
[2025-01-21T14:21:12.586+0000] {warnings.py:112} WARNING - /home/***/.local/lib/python3.12/site-packages/***/task/task_runner/standard_task_runner.py:70: DeprecationWarning: This process (pid=269) is multi-threaded, use of fork() may lead to deadlocks in the child.
  pid = os.fork()

[2025-01-21T14:21:12.588+0000] {standard_task_runner.py:72} INFO - Started process 275 to run task
[2025-01-21T14:21:12.589+0000] {standard_task_runner.py:104} INFO - Running: ['***', 'tasks', 'run', 'DAG_AWS_PIPELINE', 'extract_events', 'manual__2025-01-21T14:21:09.316245+00:00', '--job-id', '352', '--raw', '--subdir', 'DAGS_FOLDER/Ingesta_aws.py', '--cfg-path', '/tmp/tmp49grqzcm']
[2025-01-21T14:21:12.590+0000] {standard_task_runner.py:105} INFO - Job 352: Subtask extract_events
[2025-01-21T14:21:12.633+0000] {task_command.py:467} INFO - Running <TaskInstance: DAG_AWS_PIPELINE.extract_events manual__2025-01-21T14:21:09.316245+00:00 [running]> on host 59ff16f1d4fb
[2025-01-21T14:21:12.722+0000] {taskinstance.py:3132} INFO - Exporting env vars: AIRFLOW_CTX_DAG_OWNER='Wilfrido Rondon' AIRFLOW_CTX_DAG_ID='DAG_AWS_PIPELINE' AIRFLOW_CTX_TASK_ID='extract_events' AIRFLOW_CTX_EXECUTION_DATE='2025-01-21T14:21:09.316245+00:00' AIRFLOW_CTX_TRY_NUMBER='1' AIRFLOW_CTX_DAG_RUN_ID='manual__2025-01-21T14:21:09.316245+00:00'
[2025-01-21T14:21:12.724+0000] {logging_mixin.py:190} INFO - Task instance is in running state
[2025-01-21T14:21:12.725+0000] {logging_mixin.py:190} INFO -  Previous state of the Task instance: queued
[2025-01-21T14:21:12.725+0000] {logging_mixin.py:190} INFO - Current task name:extract_events state:running start_date:2025-01-21 14:21:12.557729+00:00
[2025-01-21T14:21:12.725+0000] {logging_mixin.py:190} INFO - Dag name:DAG_AWS_PIPELINE and current dag run status:running
[2025-01-21T14:21:12.726+0000] {taskinstance.py:731} INFO - ::endgroup::
[2025-01-21T14:21:12.726+0000] {Ingesta_aws.py:119} INFO - Recuperando página 1...
[2025-01-21T14:21:13.278+0000] {Ingesta_aws.py:129} INFO - Reportes recuperados: 10, total acumulado: 10
[2025-01-21T14:21:13.278+0000] {Ingesta_aws.py:119} INFO - Recuperando página 2...
[2025-01-21T14:21:13.641+0000] {Ingesta_aws.py:129} INFO - Reportes recuperados: 10, total acumulado: 20
[2025-01-21T14:21:13.641+0000] {Ingesta_aws.py:119} INFO - Recuperando página 3...
[2025-01-21T14:21:13.935+0000] {Ingesta_aws.py:134} WARNING - Rate limit alcanzado. Esperando 60 segundos...
[2025-01-21T14:22:13.912+0000] {Ingesta_aws.py:119} INFO - Recuperando página 3...
[2025-01-21T14:22:14.207+0000] {Ingesta_aws.py:129} INFO - Reportes recuperados: 10, total acumulado: 30
[2025-01-21T14:22:14.207+0000] {Ingesta_aws.py:119} INFO - Recuperando página 4...
[2025-01-21T14:22:14.563+0000] {Ingesta_aws.py:129} INFO - Reportes recuperados: 10, total acumulado: 40
[2025-01-21T14:22:14.563+0000] {Ingesta_aws.py:119} INFO - Recuperando página 5...
[2025-01-21T14:22:14.879+0000] {Ingesta_aws.py:134} WARNING - Rate limit alcanzado. Esperando 60 segundos...
[2025-01-21T14:23:14.861+0000] {Ingesta_aws.py:119} INFO - Recuperando página 5...
[2025-01-21T14:23:15.223+0000] {Ingesta_aws.py:129} INFO - Reportes recuperados: 10, total acumulado: 50
[2025-01-21T14:23:15.223+0000] {Ingesta_aws.py:119} INFO - Recuperando página 6...
[2025-01-21T14:23:15.582+0000] {Ingesta_aws.py:129} INFO - Reportes recuperados: 10, total acumulado: 60
[2025-01-21T14:23:15.582+0000] {Ingesta_aws.py:119} INFO - Recuperando página 7...
[2025-01-21T14:23:15.811+0000] {Ingesta_aws.py:129} INFO - Reportes recuperados: 10, total acumulado: 70
[2025-01-21T14:23:15.811+0000] {Ingesta_aws.py:119} INFO - Recuperando página 8...
[2025-01-21T14:23:15.962+0000] {Ingesta_aws.py:134} WARNING - Rate limit alcanzado. Esperando 60 segundos...
[2025-01-21T14:24:15.947+0000] {Ingesta_aws.py:119} INFO - Recuperando página 8...
[2025-01-21T14:24:16.296+0000] {Ingesta_aws.py:129} INFO - Reportes recuperados: 10, total acumulado: 80
[2025-01-21T14:24:16.296+0000] {Ingesta_aws.py:119} INFO - Recuperando página 9...
[2025-01-21T14:24:16.794+0000] {Ingesta_aws.py:129} INFO - Reportes recuperados: 10, total acumulado: 90
[2025-01-21T14:24:16.794+0000] {Ingesta_aws.py:119} INFO - Recuperando página 10...
[2025-01-21T14:24:17.106+0000] {Ingesta_aws.py:134} WARNING - Rate limit alcanzado. Esperando 60 segundos...
[2025-01-21T14:25:17.096+0000] {Ingesta_aws.py:119} INFO - Recuperando página 10...
[2025-01-21T14:25:17.483+0000] {Ingesta_aws.py:129} INFO - Reportes recuperados: 10, total acumulado: 100
[2025-01-21T14:25:17.483+0000] {Ingesta_aws.py:141} INFO - Transformando los datos a CSV...
[2025-01-21T14:25:17.490+0000] {Ingesta_aws.py:148} INFO - CSV guardado temporalmente en: /tmp/reports.csv
[2025-01-21T14:25:17.491+0000] {python.py:240} INFO - Done. Returned value was: /tmp/reports.csv
[2025-01-21T14:25:17.516+0000] {taskinstance.py:340} INFO - ::group::Post task execution logs
[2025-01-21T14:25:17.517+0000] {taskinstance.py:352} INFO - Marking task as SUCCESS. dag_id=DAG_AWS_PIPELINE, task_id=extract_events, run_id=manual__2025-01-21T14:21:09.316245+00:00, execution_date=20250121T142109, start_date=20250121T142112, end_date=20250121T142517
[2025-01-21T14:25:17.528+0000] {logging_mixin.py:190} INFO - Task instance in success state
[2025-01-21T14:25:17.529+0000] {logging_mixin.py:190} INFO -  Previous state of the Task instance: running
[2025-01-21T14:25:17.529+0000] {logging_mixin.py:190} INFO - Dag name:DAG_AWS_PIPELINE queued_at:2025-01-21 14:21:09.479395+00:00
[2025-01-21T14:25:17.529+0000] {logging_mixin.py:190} INFO - Task hostname:59ff16f1d4fb operator:PythonOperator
[2025-01-21T14:25:17.540+0000] {local_task_job_runner.py:266} INFO - Task exited with return code 0
[2025-01-21T14:25:17.543+0000] {standard_task_runner.py:217} INFO - Process not found (most likely exited), stop collecting metrics
[2025-01-21T14:25:17.567+0000] {taskinstance.py:3895} INFO - 1 downstream tasks scheduled from follow-on schedule check
[2025-01-21T14:25:17.569+0000] {local_task_job_runner.py:245} INFO - ::endgroup::
