[2025-01-19T22:03:59.220+0000] {local_task_job_runner.py:123} INFO - ::group::Pre task execution logs
[2025-01-19T22:03:59.242+0000] {taskinstance.py:2613} INFO - Dependencies all met for dep_context=non-requeueable deps ti=<TaskInstance: DAG_AWS_PIPELINE.glue_sparkJob manual__2025-01-19T22:00:08.661390+00:00 [queued]>
[2025-01-19T22:03:59.434+0000] {taskinstance.py:2613} INFO - Dependencies all met for dep_context=requeueable deps ti=<TaskInstance: DAG_AWS_PIPELINE.glue_sparkJob manual__2025-01-19T22:00:08.661390+00:00 [queued]>
[2025-01-19T22:03:59.434+0000] {taskinstance.py:2866} INFO - Starting attempt 3 of 3
[2025-01-19T22:03:59.450+0000] {taskinstance.py:2889} INFO - Executing <Task(GlueJobOperator): glue_sparkJob> on 2025-01-19 22:00:08.661390+00:00
[2025-01-19T22:03:59.459+0000] {warnings.py:112} WARNING - /home/***/.local/lib/python3.12/site-packages/***/task/task_runner/standard_task_runner.py:70: DeprecationWarning: This process (pid=9956) is multi-threaded, use of fork() may lead to deadlocks in the child.
  pid = os.fork()

[2025-01-19T22:03:59.460+0000] {standard_task_runner.py:72} INFO - Started process 9958 to run task
[2025-01-19T22:03:59.461+0000] {standard_task_runner.py:104} INFO - Running: ['***', 'tasks', 'run', 'DAG_AWS_PIPELINE', 'glue_sparkJob', 'manual__2025-01-19T22:00:08.661390+00:00', '--job-id', '234', '--raw', '--subdir', 'DAGS_FOLDER/Ingesta_aws.py', '--cfg-path', '/tmp/tmp4bs77gof']
[2025-01-19T22:03:59.462+0000] {standard_task_runner.py:105} INFO - Job 234: Subtask glue_sparkJob
[2025-01-19T22:03:59.512+0000] {task_command.py:467} INFO - Running <TaskInstance: DAG_AWS_PIPELINE.glue_sparkJob manual__2025-01-19T22:00:08.661390+00:00 [running]> on host 59ff16f1d4fb
[2025-01-19T22:03:59.603+0000] {taskinstance.py:3132} INFO - Exporting env vars: AIRFLOW_CTX_DAG_OWNER='Wilfrido Rondon' AIRFLOW_CTX_DAG_ID='DAG_AWS_PIPELINE' AIRFLOW_CTX_TASK_ID='glue_sparkJob' AIRFLOW_CTX_EXECUTION_DATE='2025-01-19T22:00:08.661390+00:00' AIRFLOW_CTX_TRY_NUMBER='3' AIRFLOW_CTX_DAG_RUN_ID='manual__2025-01-19T22:00:08.661390+00:00'
[2025-01-19T22:03:59.604+0000] {logging_mixin.py:190} INFO - Task instance is in running state
[2025-01-19T22:03:59.605+0000] {logging_mixin.py:190} INFO -  Previous state of the Task instance: queued
[2025-01-19T22:03:59.605+0000] {logging_mixin.py:190} INFO - Current task name:glue_sparkJob state:running start_date:2025-01-19 22:03:59.243220+00:00
[2025-01-19T22:03:59.605+0000] {logging_mixin.py:190} INFO - Dag name:DAG_AWS_PIPELINE and current dag run status:running
[2025-01-19T22:03:59.605+0000] {taskinstance.py:731} INFO - ::endgroup::
[2025-01-19T22:03:59.606+0000] {glue.py:195} INFO - Initializing AWS Glue Job: aws_glue_default_job. Wait for completion: True
[2025-01-19T22:03:59.606+0000] {glue.py:369} INFO - Checking if job already exists: aws_glue_default_job
[2025-01-19T22:03:59.616+0000] {base.py:84} INFO - Retrieving connection 'aws_conn'
[2025-01-19T22:03:59.616+0000] {connection_wrapper.py:325} INFO - AWS Connection (conn_id='aws_conn', conn_type='aws') credentials retrieved from login and password.
[2025-01-19T22:04:01.505+0000] {glue.py:163} INFO - Iam Role Name: AWSGlueServiceRole
[2025-01-19T22:04:01.507+0000] {glue.py:414} INFO - Creating job: aws_glue_default_job
[2025-01-19T22:04:01.900+0000] {glue.py:216} INFO - You can monitor this Glue Job run at: https://console.aws.amazon.com/gluestudio/home?region=us-east-2#/job/aws_glue_default_job/run/jr_26c0ff1c56563d234cab51d70ba0b36666b53b54d33356d988c4e594ee91f85a
[2025-01-19T22:04:02.009+0000] {glue.py:352} INFO - Polling for AWS Glue Job aws_glue_default_job current run state with status RUNNING
[2025-01-19T22:04:05.401+0000] {glue.py:352} INFO - Polling for AWS Glue Job aws_glue_default_job current run state with status RUNNING
[2025-01-19T22:04:11.525+0000] {glue.py:352} INFO - Polling for AWS Glue Job aws_glue_default_job current run state with status RUNNING
[2025-01-19T22:04:17.642+0000] {glue.py:352} INFO - Polling for AWS Glue Job aws_glue_default_job current run state with status RUNNING
[2025-01-19T22:04:23.765+0000] {glue.py:352} INFO - Polling for AWS Glue Job aws_glue_default_job current run state with status RUNNING
[2025-01-19T22:04:29.872+0000] {glue.py:349} INFO - Exiting Job jr_26c0ff1c56563d234cab51d70ba0b36666b53b54d33356d988c4e594ee91f85a Run State: FAILED
[2025-01-19T22:04:29.883+0000] {taskinstance.py:3311} ERROR - Task failed with exception
Traceback (most recent call last):
  File "/home/airflow/.local/lib/python3.12/site-packages/airflow/models/taskinstance.py", line 767, in _execute_task
    result = _execute_callable(context=context, **execute_callable_kwargs)
             ^^^^^^^^^^^^^^^^^^^^^^^^^^^^^^^^^^^^^^^^^^^^^^^^^^^^^^^^^^^^^
  File "/home/airflow/.local/lib/python3.12/site-packages/airflow/models/taskinstance.py", line 733, in _execute_callable
    return ExecutionCallableRunner(
           ^^^^^^^^^^^^^^^^^^^^^^^^
  File "/home/airflow/.local/lib/python3.12/site-packages/airflow/utils/operator_helpers.py", line 252, in run
    return self.func(*args, **kwargs)
           ^^^^^^^^^^^^^^^^^^^^^^^^^^
  File "/home/airflow/.local/lib/python3.12/site-packages/airflow/models/baseoperator.py", line 422, in wrapper
    return func(self, *args, **kwargs)
           ^^^^^^^^^^^^^^^^^^^^^^^^^^^
  File "/home/airflow/.local/lib/python3.12/site-packages/airflow/providers/amazon/aws/operators/glue.py", line 230, in execute
    glue_job_run = self.glue_job_hook.job_completion(
                   ^^^^^^^^^^^^^^^^^^^^^^^^^^^^^^^^^^
  File "/home/airflow/.local/lib/python3.12/site-packages/airflow/providers/amazon/aws/hooks/glue.py", line 300, in job_completion
    ret = self._handle_state(job_run_state, job_name, run_id, verbose, next_log_tokens)
          ^^^^^^^^^^^^^^^^^^^^^^^^^^^^^^^^^^^^^^^^^^^^^^^^^^^^^^^^^^^^^^^^^^^^^^^^^^^^^
  File "/home/airflow/.local/lib/python3.12/site-packages/airflow/providers/amazon/aws/hooks/glue.py", line 350, in _handle_state
    raise AirflowException(job_error_message)
airflow.exceptions.AirflowException: Exiting Job jr_26c0ff1c56563d234cab51d70ba0b36666b53b54d33356d988c4e594ee91f85a Run State: FAILED
[2025-01-19T22:04:29.886+0000] {logging_mixin.py:190} INFO - Task instance in failure state
[2025-01-19T22:04:29.887+0000] {logging_mixin.py:190} INFO - Task start:2025-01-19 22:03:59.243220+00:00 end:2025-01-19 22:04:29.886332+00:00 duration:30.643112
[2025-01-19T22:04:29.887+0000] {logging_mixin.py:190} INFO - Task:<Task(GlueJobOperator): glue_sparkJob> dag:<DAG: DAG_AWS_PIPELINE> dagrun:<DagRun DAG_AWS_PIPELINE @ 2025-01-19 22:00:08.661390+00:00: manual__2025-01-19T22:00:08.661390+00:00, state:running, queued_at: 2025-01-19 22:00:08.675608+00:00. externally triggered: True>
[2025-01-19T22:04:29.887+0000] {logging_mixin.py:190} INFO - Failure caused by Exiting Job jr_26c0ff1c56563d234cab51d70ba0b36666b53b54d33356d988c4e594ee91f85a Run State: FAILED
[2025-01-19T22:04:29.888+0000] {taskinstance.py:1225} INFO - Marking task as FAILED. dag_id=DAG_AWS_PIPELINE, task_id=glue_sparkJob, run_id=manual__2025-01-19T22:00:08.661390+00:00, execution_date=20250119T220008, start_date=20250119T220359, end_date=20250119T220429
[2025-01-19T22:04:29.903+0000] {taskinstance.py:340} INFO - ::group::Post task execution logs
[2025-01-19T22:04:29.904+0000] {standard_task_runner.py:124} ERROR - Failed to execute job 234 for task glue_sparkJob (Exiting Job jr_26c0ff1c56563d234cab51d70ba0b36666b53b54d33356d988c4e594ee91f85a Run State: FAILED; 9958)
Traceback (most recent call last):
  File "/home/airflow/.local/lib/python3.12/site-packages/airflow/task/task_runner/standard_task_runner.py", line 117, in _start_by_fork
    ret = args.func(args, dag=self.dag)
          ^^^^^^^^^^^^^^^^^^^^^^^^^^^^^
  File "/home/airflow/.local/lib/python3.12/site-packages/airflow/cli/cli_config.py", line 49, in command
    return func(*args, **kwargs)
           ^^^^^^^^^^^^^^^^^^^^^
  File "/home/airflow/.local/lib/python3.12/site-packages/airflow/utils/cli.py", line 116, in wrapper
    return f(*args, **kwargs)
           ^^^^^^^^^^^^^^^^^^
  File "/home/airflow/.local/lib/python3.12/site-packages/airflow/cli/commands/task_command.py", line 483, in task_run
    task_return_code = _run_task_by_selected_method(args, _dag, ti)
                       ^^^^^^^^^^^^^^^^^^^^^^^^^^^^^^^^^^^^^^^^^^^^
  File "/home/airflow/.local/lib/python3.12/site-packages/airflow/cli/commands/task_command.py", line 256, in _run_task_by_selected_method
    return _run_raw_task(args, ti)
           ^^^^^^^^^^^^^^^^^^^^^^^
  File "/home/airflow/.local/lib/python3.12/site-packages/airflow/cli/commands/task_command.py", line 341, in _run_raw_task
    return ti._run_raw_task(
           ^^^^^^^^^^^^^^^^^
  File "/home/airflow/.local/lib/python3.12/site-packages/airflow/utils/session.py", line 97, in wrapper
    return func(*args, session=session, **kwargs)
           ^^^^^^^^^^^^^^^^^^^^^^^^^^^^^^^^^^^^^^
  File "/home/airflow/.local/lib/python3.12/site-packages/airflow/models/taskinstance.py", line 3005, in _run_raw_task
    return _run_raw_task(
           ^^^^^^^^^^^^^^
  File "/home/airflow/.local/lib/python3.12/site-packages/airflow/models/taskinstance.py", line 273, in _run_raw_task
    TaskInstance._execute_task_with_callbacks(
  File "/home/airflow/.local/lib/python3.12/site-packages/airflow/models/taskinstance.py", line 3159, in _execute_task_with_callbacks
    result = self._execute_task(context, task_orig)
             ^^^^^^^^^^^^^^^^^^^^^^^^^^^^^^^^^^^^^^
  File "/home/airflow/.local/lib/python3.12/site-packages/airflow/models/taskinstance.py", line 3183, in _execute_task
    return _execute_task(self, context, task_orig)
           ^^^^^^^^^^^^^^^^^^^^^^^^^^^^^^^^^^^^^^^
  File "/home/airflow/.local/lib/python3.12/site-packages/airflow/models/taskinstance.py", line 767, in _execute_task
    result = _execute_callable(context=context, **execute_callable_kwargs)
             ^^^^^^^^^^^^^^^^^^^^^^^^^^^^^^^^^^^^^^^^^^^^^^^^^^^^^^^^^^^^^
  File "/home/airflow/.local/lib/python3.12/site-packages/airflow/models/taskinstance.py", line 733, in _execute_callable
    return ExecutionCallableRunner(
           ^^^^^^^^^^^^^^^^^^^^^^^^
  File "/home/airflow/.local/lib/python3.12/site-packages/airflow/utils/operator_helpers.py", line 252, in run
    return self.func(*args, **kwargs)
           ^^^^^^^^^^^^^^^^^^^^^^^^^^
  File "/home/airflow/.local/lib/python3.12/site-packages/airflow/models/baseoperator.py", line 422, in wrapper
    return func(self, *args, **kwargs)
           ^^^^^^^^^^^^^^^^^^^^^^^^^^^
  File "/home/airflow/.local/lib/python3.12/site-packages/airflow/providers/amazon/aws/operators/glue.py", line 230, in execute
    glue_job_run = self.glue_job_hook.job_completion(
                   ^^^^^^^^^^^^^^^^^^^^^^^^^^^^^^^^^^
  File "/home/airflow/.local/lib/python3.12/site-packages/airflow/providers/amazon/aws/hooks/glue.py", line 300, in job_completion
    ret = self._handle_state(job_run_state, job_name, run_id, verbose, next_log_tokens)
          ^^^^^^^^^^^^^^^^^^^^^^^^^^^^^^^^^^^^^^^^^^^^^^^^^^^^^^^^^^^^^^^^^^^^^^^^^^^^^
  File "/home/airflow/.local/lib/python3.12/site-packages/airflow/providers/amazon/aws/hooks/glue.py", line 350, in _handle_state
    raise AirflowException(job_error_message)
airflow.exceptions.AirflowException: Exiting Job jr_26c0ff1c56563d234cab51d70ba0b36666b53b54d33356d988c4e594ee91f85a Run State: FAILED
[2025-01-19T22:04:29.961+0000] {local_task_job_runner.py:266} INFO - Task exited with return code 1
[2025-01-19T22:04:29.986+0000] {taskinstance.py:3895} INFO - 0 downstream tasks scheduled from follow-on schedule check
[2025-01-19T22:04:29.994+0000] {local_task_job_runner.py:245} INFO - ::endgroup::
