[2025-01-17T18:35:12.324+0000] {local_task_job_runner.py:123} INFO - ::group::Pre task execution logs
[2025-01-17T18:35:12.342+0000] {taskinstance.py:2613} INFO - Dependencies all met for dep_context=non-requeueable deps ti=<TaskInstance: DAG_ELT_PostgreSQL.join_trans manual__2025-01-17T18:35:07.326766+00:00 [queued]>
[2025-01-17T18:35:12.350+0000] {taskinstance.py:2613} INFO - Dependencies all met for dep_context=requeueable deps ti=<TaskInstance: DAG_ELT_PostgreSQL.join_trans manual__2025-01-17T18:35:07.326766+00:00 [queued]>
[2025-01-17T18:35:12.350+0000] {taskinstance.py:2866} INFO - Starting attempt 1 of 2
[2025-01-17T18:35:12.363+0000] {taskinstance.py:2889} INFO - Executing <Task(PythonOperator): join_trans> on 2025-01-17 18:35:07.326766+00:00
[2025-01-17T18:35:12.372+0000] {warnings.py:112} WARNING - /home/***/.local/lib/python3.12/site-packages/***/task/task_runner/standard_task_runner.py:70: DeprecationWarning: This process (pid=3579) is multi-threaded, use of fork() may lead to deadlocks in the child.
  pid = os.fork()

[2025-01-17T18:35:12.373+0000] {standard_task_runner.py:72} INFO - Started process 3581 to run task
[2025-01-17T18:35:12.373+0000] {standard_task_runner.py:104} INFO - Running: ['***', 'tasks', 'run', 'DAG_ELT_PostgreSQL', 'join_trans', 'manual__2025-01-17T18:35:07.326766+00:00', '--job-id', '50', '--raw', '--subdir', 'DAGS_FOLDER/ETL_PostgreSQL.py', '--cfg-path', '/tmp/tmpky3h_fee']
[2025-01-17T18:35:12.374+0000] {standard_task_runner.py:105} INFO - Job 50: Subtask join_trans
[2025-01-17T18:35:12.414+0000] {task_command.py:467} INFO - Running <TaskInstance: DAG_ELT_PostgreSQL.join_trans manual__2025-01-17T18:35:07.326766+00:00 [running]> on host 59ff16f1d4fb
[2025-01-17T18:35:12.687+0000] {taskinstance.py:3132} INFO - Exporting env vars: AIRFLOW_CTX_DAG_OWNER='Wilfrido Rondon' AIRFLOW_CTX_DAG_ID='DAG_ELT_PostgreSQL' AIRFLOW_CTX_TASK_ID='join_trans' AIRFLOW_CTX_EXECUTION_DATE='2025-01-17T18:35:07.326766+00:00' AIRFLOW_CTX_TRY_NUMBER='1' AIRFLOW_CTX_DAG_RUN_ID='manual__2025-01-17T18:35:07.326766+00:00'
[2025-01-17T18:35:12.688+0000] {logging_mixin.py:190} INFO - Task instance is in running state
[2025-01-17T18:35:12.688+0000] {logging_mixin.py:190} INFO -  Previous state of the Task instance: queued
[2025-01-17T18:35:12.688+0000] {logging_mixin.py:190} INFO - Current task name:join_trans state:running start_date:2025-01-17 18:35:12.342922+00:00
[2025-01-17T18:35:12.689+0000] {logging_mixin.py:190} INFO - Dag name:DAG_ELT_PostgreSQL and current dag run status:running
[2025-01-17T18:35:12.689+0000] {taskinstance.py:731} INFO - ::endgroup::
[2025-01-17T18:35:12.694+0000] {logging_mixin.py:190} INFO - Columnas en df_py: Index(['date', 'country', 'city', 'store', 'sales'], dtype='object')
[2025-01-17T18:35:12.695+0000] {logging_mixin.py:190} INFO - Columnas en df_bash: Index(['date', 'country', 'city', 'store', 'sales'], dtype='object')
[2025-01-17T18:35:12.702+0000] {python.py:240} INFO - Done. Returned value was: None
[2025-01-17T18:35:12.714+0000] {taskinstance.py:340} INFO - ::group::Post task execution logs
[2025-01-17T18:35:12.715+0000] {taskinstance.py:352} INFO - Marking task as SUCCESS. dag_id=DAG_ELT_PostgreSQL, task_id=join_trans, run_id=manual__2025-01-17T18:35:07.326766+00:00, execution_date=20250117T183507, start_date=20250117T183512, end_date=20250117T183512
[2025-01-17T18:35:12.722+0000] {logging_mixin.py:190} INFO - Task instance in success state
[2025-01-17T18:35:12.723+0000] {logging_mixin.py:190} INFO -  Previous state of the Task instance: running
[2025-01-17T18:35:12.723+0000] {logging_mixin.py:190} INFO - Dag name:DAG_ELT_PostgreSQL queued_at:2025-01-17 18:35:07.339472+00:00
[2025-01-17T18:35:12.723+0000] {logging_mixin.py:190} INFO - Task hostname:59ff16f1d4fb operator:PythonOperator
[2025-01-17T18:35:12.758+0000] {local_task_job_runner.py:266} INFO - Task exited with return code 0
[2025-01-17T18:35:12.782+0000] {taskinstance.py:3895} INFO - 1 downstream tasks scheduled from follow-on schedule check
[2025-01-17T18:35:12.785+0000] {local_task_job_runner.py:245} INFO - ::endgroup::
