[2025-01-16T20:38:50.023+0000] {local_task_job_runner.py:123} INFO - ::group::Pre task execution logs
[2025-01-16T20:38:50.040+0000] {taskinstance.py:2613} INFO - Dependencies all met for dep_context=non-requeueable deps ti=<TaskInstance: spaceflight_news_etl.fetch_and_save_articles manual__2025-01-16T20:38:48.223475+00:00 [queued]>
[2025-01-16T20:38:50.046+0000] {taskinstance.py:2613} INFO - Dependencies all met for dep_context=requeueable deps ti=<TaskInstance: spaceflight_news_etl.fetch_and_save_articles manual__2025-01-16T20:38:48.223475+00:00 [queued]>
[2025-01-16T20:38:50.046+0000] {taskinstance.py:2866} INFO - Starting attempt 1 of 2
[2025-01-16T20:38:50.063+0000] {taskinstance.py:2889} INFO - Executing <Task(PythonOperator): fetch_and_save_articles> on 2025-01-16 20:38:48.223475+00:00
[2025-01-16T20:38:50.072+0000] {warnings.py:112} WARNING - /home/***/.local/lib/python3.12/site-packages/***/task/task_runner/standard_task_runner.py:70: DeprecationWarning: This process (pid=5702) is multi-threaded, use of fork() may lead to deadlocks in the child.
  pid = os.fork()

[2025-01-16T20:38:50.073+0000] {standard_task_runner.py:72} INFO - Started process 5704 to run task
[2025-01-16T20:38:50.073+0000] {standard_task_runner.py:104} INFO - Running: ['***', 'tasks', 'run', 'spaceflight_news_etl', 'fetch_and_save_articles', 'manual__2025-01-16T20:38:48.223475+00:00', '--job-id', '15', '--raw', '--subdir', 'DAGS_FOLDER/Extracion_datos.py', '--cfg-path', '/tmp/tmplfqj_285']
[2025-01-16T20:38:50.074+0000] {standard_task_runner.py:105} INFO - Job 15: Subtask fetch_and_save_articles
[2025-01-16T20:38:50.319+0000] {task_command.py:467} INFO - Running <TaskInstance: spaceflight_news_etl.fetch_and_save_articles manual__2025-01-16T20:38:48.223475+00:00 [running]> on host 59ff16f1d4fb
[2025-01-16T20:38:50.394+0000] {taskinstance.py:3132} INFO - Exporting env vars: AIRFLOW_CTX_DAG_OWNER='***' AIRFLOW_CTX_DAG_ID='spaceflight_news_etl' AIRFLOW_CTX_TASK_ID='fetch_and_save_articles' AIRFLOW_CTX_EXECUTION_DATE='2025-01-16T20:38:48.223475+00:00' AIRFLOW_CTX_TRY_NUMBER='1' AIRFLOW_CTX_DAG_RUN_ID='manual__2025-01-16T20:38:48.223475+00:00'
[2025-01-16T20:38:50.394+0000] {logging_mixin.py:190} INFO - Task instance is in running state
[2025-01-16T20:38:50.395+0000] {logging_mixin.py:190} INFO -  Previous state of the Task instance: queued
[2025-01-16T20:38:50.395+0000] {logging_mixin.py:190} INFO - Current task name:fetch_and_save_articles state:running start_date:2025-01-16 20:38:50.040848+00:00
[2025-01-16T20:38:50.395+0000] {logging_mixin.py:190} INFO - Dag name:spaceflight_news_etl and current dag run status:running
[2025-01-16T20:38:50.395+0000] {taskinstance.py:731} INFO - ::endgroup::
[2025-01-16T20:38:50.395+0000] {Extracion_datos.py:38} INFO - Solicitando página: 0
[2025-01-16T20:38:48.449+0000] {Extracion_datos.py:45} ERROR - Error en la solicitud: 404 - 
<!doctype html>
<html lang="en">
<head>
  <title>Not Found</title>
</head>
<body>
  <h1>Not Found</h1><p>The requested resource was not found on this server.</p>
</body>
</html>

[2025-01-16T20:38:48.450+0000] {Extracion_datos.py:95} INFO - Total de artículos extraídos: 0
[2025-01-16T20:38:48.453+0000] {Extracion_datos.py:54} INFO - Artículos después de la deduplicación: 0
[2025-01-16T20:38:48.455+0000] {Extracion_datos.py:62} INFO - Artículos guardados en /home/***/***/data/muestra.csv
[2025-01-16T20:38:48.455+0000] {python.py:240} INFO - Done. Returned value was: None
[2025-01-16T20:38:48.466+0000] {taskinstance.py:340} INFO - ::group::Post task execution logs
[2025-01-16T20:38:48.467+0000] {taskinstance.py:352} INFO - Marking task as SUCCESS. dag_id=spaceflight_news_etl, task_id=fetch_and_save_articles, run_id=manual__2025-01-16T20:38:48.223475+00:00, execution_date=20250116T203848, start_date=20250116T203850, end_date=20250116T203848
[2025-01-16T20:38:48.479+0000] {logging_mixin.py:190} INFO - Task instance in success state
[2025-01-16T20:38:48.480+0000] {logging_mixin.py:190} INFO -  Previous state of the Task instance: running
[2025-01-16T20:38:48.480+0000] {logging_mixin.py:190} INFO - Dag name:spaceflight_news_etl queued_at:2025-01-16 20:38:48.238821+00:00
[2025-01-16T20:38:48.480+0000] {logging_mixin.py:190} INFO - Task hostname:59ff16f1d4fb operator:PythonOperator
[2025-01-16T20:38:48.519+0000] {local_task_job_runner.py:266} INFO - Task exited with return code 0
[2025-01-16T20:38:48.722+0000] {taskinstance.py:3895} INFO - 0 downstream tasks scheduled from follow-on schedule check
[2025-01-16T20:38:48.725+0000] {local_task_job_runner.py:245} INFO - ::endgroup::
