[2025-01-21T00:01:37.582+0000] {local_task_job_runner.py:123} INFO - ::group::Pre task execution logs
[2025-01-21T00:01:37.599+0000] {taskinstance.py:2613} INFO - Dependencies all met for dep_context=non-requeueable deps ti=<TaskInstance: spaceflight_data_ingest_v2.fetch_events scheduled__2025-01-20T00:00:00+00:00 [queued]>
[2025-01-21T00:01:37.606+0000] {taskinstance.py:2613} INFO - Dependencies all met for dep_context=requeueable deps ti=<TaskInstance: spaceflight_data_ingest_v2.fetch_events scheduled__2025-01-20T00:00:00+00:00 [queued]>
[2025-01-21T00:01:37.607+0000] {taskinstance.py:2866} INFO - Starting attempt 1 of 2
[2025-01-21T00:01:37.620+0000] {taskinstance.py:2889} INFO - Executing <Task(PythonOperator): fetch_events> on 2025-01-20 00:00:00+00:00
[2025-01-21T00:01:37.629+0000] {warnings.py:112} WARNING - /home/***/.local/lib/python3.12/site-packages/***/task/task_runner/standard_task_runner.py:70: DeprecationWarning: This process (pid=3024) is multi-threaded, use of fork() may lead to deadlocks in the child.
  pid = os.fork()

[2025-01-21T00:01:37.631+0000] {standard_task_runner.py:72} INFO - Started process 3026 to run task
[2025-01-21T00:01:37.631+0000] {standard_task_runner.py:104} INFO - Running: ['***', 'tasks', 'run', 'spaceflight_data_ingest_v2', 'fetch_events', 'scheduled__2025-01-20T00:00:00+00:00', '--job-id', '320', '--raw', '--subdir', 'DAGS_FOLDER/spaceflight_data_ingest_v2.py', '--cfg-path', '/tmp/tmppgb4uy13']
[2025-01-21T00:01:37.632+0000] {standard_task_runner.py:105} INFO - Job 320: Subtask fetch_events
[2025-01-21T00:01:37.678+0000] {task_command.py:467} INFO - Running <TaskInstance: spaceflight_data_ingest_v2.fetch_events scheduled__2025-01-20T00:00:00+00:00 [running]> on host 59ff16f1d4fb
[2025-01-21T00:01:38.001+0000] {taskinstance.py:3132} INFO - Exporting env vars: AIRFLOW_CTX_DAG_OWNER='***' AIRFLOW_CTX_DAG_ID='spaceflight_data_ingest_v2' AIRFLOW_CTX_TASK_ID='fetch_events' AIRFLOW_CTX_EXECUTION_DATE='2025-01-20T00:00:00+00:00' AIRFLOW_CTX_TRY_NUMBER='1' AIRFLOW_CTX_DAG_RUN_ID='scheduled__2025-01-20T00:00:00+00:00'
[2025-01-21T00:01:38.002+0000] {logging_mixin.py:190} INFO - Task instance is in running state
[2025-01-21T00:01:38.002+0000] {logging_mixin.py:190} INFO -  Previous state of the Task instance: queued
[2025-01-21T00:01:38.003+0000] {logging_mixin.py:190} INFO - Current task name:fetch_events state:running start_date:2025-01-21 00:01:37.600132+00:00
[2025-01-21T00:01:38.003+0000] {logging_mixin.py:190} INFO - Dag name:spaceflight_data_ingest_v2 and current dag run status:running
[2025-01-21T00:01:38.003+0000] {taskinstance.py:731} INFO - ::endgroup::
[2025-01-21T00:01:38.333+0000] {spaceflight_data_ingest_v2.py:74} ERROR - Error al obtener events: 404
[2025-01-21T00:02:33.230+0000] {spaceflight_data_ingest_v2.py:74} ERROR - Error al obtener events: 404
[2025-01-21T00:03:28.099+0000] {spaceflight_data_ingest_v2.py:74} ERROR - Error al obtener events: 404
[2025-01-21T00:04:22.993+0000] {spaceflight_data_ingest_v2.py:74} ERROR - Error al obtener events: 404
[2025-01-21T00:05:17.870+0000] {spaceflight_data_ingest_v2.py:74} ERROR - Error al obtener events: 404
[2025-01-21T00:06:12.557+0000] {spaceflight_data_ingest_v2.py:74} ERROR - Error al obtener events: 404
[2025-01-21T00:07:07.404+0000] {spaceflight_data_ingest_v2.py:74} ERROR - Error al obtener events: 404
[2025-01-21T00:08:02.353+0000] {spaceflight_data_ingest_v2.py:74} ERROR - Error al obtener events: 404
[2025-01-21T00:08:57.213+0000] {spaceflight_data_ingest_v2.py:74} ERROR - Error al obtener events: 404
[2025-01-21T00:09:52.062+0000] {spaceflight_data_ingest_v2.py:74} ERROR - Error al obtener events: 404
[2025-01-21T00:10:47.035+0000] {spaceflight_data_ingest_v2.py:74} ERROR - Error al obtener events: 404
[2025-01-21T00:11:41.934+0000] {spaceflight_data_ingest_v2.py:74} ERROR - Error al obtener events: 404
[2025-01-21T00:12:36.795+0000] {spaceflight_data_ingest_v2.py:74} ERROR - Error al obtener events: 404
[2025-01-21T00:13:31.691+0000] {spaceflight_data_ingest_v2.py:74} ERROR - Error al obtener events: 404
[2025-01-21T00:14:26.566+0000] {spaceflight_data_ingest_v2.py:74} ERROR - Error al obtener events: 404
[2025-01-21T00:15:21.406+0000] {spaceflight_data_ingest_v2.py:74} ERROR - Error al obtener events: 404
[2025-01-21T00:16:16.227+0000] {spaceflight_data_ingest_v2.py:74} ERROR - Error al obtener events: 404
[2025-01-21T00:17:11.179+0000] {spaceflight_data_ingest_v2.py:74} ERROR - Error al obtener events: 404
[2025-01-21T00:18:06.046+0000] {spaceflight_data_ingest_v2.py:74} ERROR - Error al obtener events: 404
[2025-01-21T00:19:00.936+0000] {spaceflight_data_ingest_v2.py:74} ERROR - Error al obtener events: 404
[2025-01-21T00:19:55.803+0000] {spaceflight_data_ingest_v2.py:74} ERROR - Error al obtener events: 404
[2025-01-21T00:20:50.727+0000] {spaceflight_data_ingest_v2.py:74} ERROR - Error al obtener events: 404
[2025-01-21T00:21:45.622+0000] {spaceflight_data_ingest_v2.py:74} ERROR - Error al obtener events: 404
[2025-01-21T00:22:40.532+0000] {spaceflight_data_ingest_v2.py:74} ERROR - Error al obtener events: 404
[2025-01-21T00:23:35.430+0000] {spaceflight_data_ingest_v2.py:74} ERROR - Error al obtener events: 404
[2025-01-21T00:24:30.244+0000] {spaceflight_data_ingest_v2.py:74} ERROR - Error al obtener events: 404
[2025-01-21T00:25:25.073+0000] {spaceflight_data_ingest_v2.py:74} ERROR - Error al obtener events: 404
[2025-01-21T00:26:19.873+0000] {spaceflight_data_ingest_v2.py:74} ERROR - Error al obtener events: 404
[2025-01-21T00:27:14.923+0000] {spaceflight_data_ingest_v2.py:74} ERROR - Error al obtener events: 404
[2025-01-21T00:28:09.871+0000] {spaceflight_data_ingest_v2.py:74} ERROR - Error al obtener events: 404
[2025-01-21T00:29:02.016+0000] {spaceflight_data_ingest_v2.py:74} ERROR - Error al obtener events: 404
[2025-01-21T00:29:56.888+0000] {spaceflight_data_ingest_v2.py:74} ERROR - Error al obtener events: 404
[2025-01-21T00:30:51.752+0000] {spaceflight_data_ingest_v2.py:74} ERROR - Error al obtener events: 404
[2025-01-21T00:31:46.854+0000] {spaceflight_data_ingest_v2.py:74} ERROR - Error al obtener events: 404
[2025-01-21T00:32:41.898+0000] {spaceflight_data_ingest_v2.py:74} ERROR - Error al obtener events: 404
[2025-01-21T00:33:36.785+0000] {spaceflight_data_ingest_v2.py:74} ERROR - Error al obtener events: 404
[2025-01-21T00:34:31.658+0000] {spaceflight_data_ingest_v2.py:74} ERROR - Error al obtener events: 404
[2025-01-21T00:35:26.526+0000] {spaceflight_data_ingest_v2.py:74} ERROR - Error al obtener events: 404
[2025-01-21T00:36:21.381+0000] {spaceflight_data_ingest_v2.py:74} ERROR - Error al obtener events: 404
[2025-01-21T00:37:17.727+0000] {spaceflight_data_ingest_v2.py:74} ERROR - Error al obtener events: 404
[2025-01-21T00:38:12.570+0000] {spaceflight_data_ingest_v2.py:74} ERROR - Error al obtener events: 404
[2025-01-21T00:39:07.389+0000] {spaceflight_data_ingest_v2.py:74} ERROR - Error al obtener events: 404
[2025-01-21T00:40:02.226+0000] {spaceflight_data_ingest_v2.py:74} ERROR - Error al obtener events: 404
[2025-01-21T00:40:57.290+0000] {spaceflight_data_ingest_v2.py:74} ERROR - Error al obtener events: 404
[2025-01-21T00:41:52.145+0000] {spaceflight_data_ingest_v2.py:74} ERROR - Error al obtener events: 404
[2025-01-21T00:42:47.034+0000] {spaceflight_data_ingest_v2.py:74} ERROR - Error al obtener events: 404
[2025-01-21T00:43:41.781+0000] {spaceflight_data_ingest_v2.py:74} ERROR - Error al obtener events: 404
[2025-01-21T00:44:36.502+0000] {spaceflight_data_ingest_v2.py:74} ERROR - Error al obtener events: 404
[2025-01-21T00:45:31.373+0000] {spaceflight_data_ingest_v2.py:74} ERROR - Error al obtener events: 404
[2025-01-21T00:46:26.226+0000] {spaceflight_data_ingest_v2.py:74} ERROR - Error al obtener events: 404
[2025-01-21T00:47:21.033+0000] {spaceflight_data_ingest_v2.py:74} ERROR - Error al obtener events: 404
[2025-01-21T00:48:15.860+0000] {spaceflight_data_ingest_v2.py:74} ERROR - Error al obtener events: 404
[2025-01-21T00:49:10.675+0000] {spaceflight_data_ingest_v2.py:74} ERROR - Error al obtener events: 404
[2025-01-21T00:50:05.766+0000] {spaceflight_data_ingest_v2.py:74} ERROR - Error al obtener events: 404
[2025-01-21T00:51:00.651+0000] {spaceflight_data_ingest_v2.py:74} ERROR - Error al obtener events: 404
[2025-01-21T00:51:55.527+0000] {spaceflight_data_ingest_v2.py:74} ERROR - Error al obtener events: 404
[2025-01-21T00:52:50.418+0000] {spaceflight_data_ingest_v2.py:74} ERROR - Error al obtener events: 404
[2025-01-21T00:53:45.288+0000] {spaceflight_data_ingest_v2.py:74} ERROR - Error al obtener events: 404
[2025-01-21T00:54:40.135+0000] {spaceflight_data_ingest_v2.py:74} ERROR - Error al obtener events: 404
[2025-01-21T00:55:34.984+0000] {spaceflight_data_ingest_v2.py:74} ERROR - Error al obtener events: 404
[2025-01-21T00:56:29.798+0000] {spaceflight_data_ingest_v2.py:74} ERROR - Error al obtener events: 404
[2025-01-21T00:57:24.468+0000] {spaceflight_data_ingest_v2.py:74} ERROR - Error al obtener events: 404
[2025-01-21T00:58:19.309+0000] {spaceflight_data_ingest_v2.py:74} ERROR - Error al obtener events: 404
[2025-01-21T00:59:14.279+0000] {spaceflight_data_ingest_v2.py:74} ERROR - Error al obtener events: 404
[2025-01-21T01:00:09.525+0000] {spaceflight_data_ingest_v2.py:74} ERROR - Error al obtener events: 404
[2025-01-21T01:01:08.670+0000] {spaceflight_data_ingest_v2.py:74} ERROR - Error al obtener events: 404
[2025-01-21T01:02:07.304+0000] {spaceflight_data_ingest_v2.py:74} ERROR - Error al obtener events: 404
[2025-01-21T01:03:05.853+0000] {spaceflight_data_ingest_v2.py:74} ERROR - Error al obtener events: 404
[2025-01-21T01:04:04.849+0000] {spaceflight_data_ingest_v2.py:74} ERROR - Error al obtener events: 404
[2025-01-21T01:05:03.564+0000] {spaceflight_data_ingest_v2.py:74} ERROR - Error al obtener events: 404
[2025-01-21T01:06:02.268+0000] {spaceflight_data_ingest_v2.py:74} ERROR - Error al obtener events: 404
[2025-01-21T01:07:00.880+0000] {spaceflight_data_ingest_v2.py:74} ERROR - Error al obtener events: 404
[2025-01-21T01:07:59.614+0000] {spaceflight_data_ingest_v2.py:74} ERROR - Error al obtener events: 404
[2025-01-21T01:08:58.969+0000] {spaceflight_data_ingest_v2.py:74} ERROR - Error al obtener events: 404
[2025-01-21T01:09:58.656+0000] {spaceflight_data_ingest_v2.py:74} ERROR - Error al obtener events: 404
[2025-01-21T01:10:58.303+0000] {spaceflight_data_ingest_v2.py:74} ERROR - Error al obtener events: 404
[2025-01-21T01:11:57.908+0000] {spaceflight_data_ingest_v2.py:74} ERROR - Error al obtener events: 404
[2025-01-21T01:12:57.613+0000] {spaceflight_data_ingest_v2.py:74} ERROR - Error al obtener events: 404
[2025-01-21T01:13:57.427+0000] {spaceflight_data_ingest_v2.py:74} ERROR - Error al obtener events: 404
[2025-01-21T01:14:57.522+0000] {spaceflight_data_ingest_v2.py:74} ERROR - Error al obtener events: 404
[2025-01-21T01:15:57.748+0000] {spaceflight_data_ingest_v2.py:74} ERROR - Error al obtener events: 404
[2025-01-21T01:16:57.846+0000] {spaceflight_data_ingest_v2.py:74} ERROR - Error al obtener events: 404
[2025-01-21T01:17:57.965+0000] {spaceflight_data_ingest_v2.py:74} ERROR - Error al obtener events: 404
[2025-01-21T01:18:58.066+0000] {spaceflight_data_ingest_v2.py:74} ERROR - Error al obtener events: 404
[2025-01-21T01:19:58.213+0000] {spaceflight_data_ingest_v2.py:74} ERROR - Error al obtener events: 404
[2025-01-21T01:20:58.464+0000] {spaceflight_data_ingest_v2.py:74} ERROR - Error al obtener events: 404
[2025-01-21T01:21:58.677+0000] {spaceflight_data_ingest_v2.py:74} ERROR - Error al obtener events: 404
[2025-01-21T01:22:58.827+0000] {spaceflight_data_ingest_v2.py:74} ERROR - Error al obtener events: 404
[2025-01-21T01:23:59.004+0000] {spaceflight_data_ingest_v2.py:74} ERROR - Error al obtener events: 404
[2025-01-21T01:24:59.018+0000] {spaceflight_data_ingest_v2.py:74} ERROR - Error al obtener events: 404
[2025-01-21T01:25:59.258+0000] {spaceflight_data_ingest_v2.py:74} ERROR - Error al obtener events: 404
[2025-01-21T01:26:59.428+0000] {spaceflight_data_ingest_v2.py:74} ERROR - Error al obtener events: 404
[2025-01-21T01:27:59.616+0000] {spaceflight_data_ingest_v2.py:74} ERROR - Error al obtener events: 404
[2025-01-21T01:28:59.807+0000] {spaceflight_data_ingest_v2.py:74} ERROR - Error al obtener events: 404
[2025-01-21T01:30:00.014+0000] {spaceflight_data_ingest_v2.py:74} ERROR - Error al obtener events: 404
[2025-01-21T01:31:00.243+0000] {spaceflight_data_ingest_v2.py:74} ERROR - Error al obtener events: 404
[2025-01-21T01:32:01.465+0000] {spaceflight_data_ingest_v2.py:74} ERROR - Error al obtener events: 404
[2025-01-21T01:33:01.669+0000] {spaceflight_data_ingest_v2.py:74} ERROR - Error al obtener events: 404
[2025-01-21T01:34:01.848+0000] {spaceflight_data_ingest_v2.py:74} ERROR - Error al obtener events: 404
[2025-01-21T01:35:02.185+0000] {spaceflight_data_ingest_v2.py:74} ERROR - Error al obtener events: 404
[2025-01-21T01:36:02.376+0000] {spaceflight_data_ingest_v2.py:74} ERROR - Error al obtener events: 404
[2025-01-21T01:37:02.435+0000] {spaceflight_data_ingest_v2.py:74} ERROR - Error al obtener events: 404
[2025-01-21T01:38:02.634+0000] {spaceflight_data_ingest_v2.py:74} ERROR - Error al obtener events: 404
[2025-01-21T01:39:02.865+0000] {spaceflight_data_ingest_v2.py:74} ERROR - Error al obtener events: 404
[2025-01-21T01:40:03.087+0000] {spaceflight_data_ingest_v2.py:74} ERROR - Error al obtener events: 404
[2025-01-21T01:41:03.312+0000] {spaceflight_data_ingest_v2.py:74} ERROR - Error al obtener events: 404
[2025-01-21T01:42:03.515+0000] {spaceflight_data_ingest_v2.py:74} ERROR - Error al obtener events: 404
[2025-01-21T01:43:03.741+0000] {spaceflight_data_ingest_v2.py:74} ERROR - Error al obtener events: 404
[2025-01-21T01:44:03.995+0000] {spaceflight_data_ingest_v2.py:74} ERROR - Error al obtener events: 404
[2025-01-21T01:45:04.972+0000] {spaceflight_data_ingest_v2.py:74} ERROR - Error al obtener events: 404
[2025-01-21T01:46:05.164+0000] {spaceflight_data_ingest_v2.py:74} ERROR - Error al obtener events: 404
[2025-01-21T01:47:05.694+0000] {spaceflight_data_ingest_v2.py:74} ERROR - Error al obtener events: 404
[2025-01-21T01:48:05.890+0000] {spaceflight_data_ingest_v2.py:74} ERROR - Error al obtener events: 404
[2025-01-21T01:49:06.093+0000] {spaceflight_data_ingest_v2.py:74} ERROR - Error al obtener events: 404
[2025-01-21T01:50:06.193+0000] {spaceflight_data_ingest_v2.py:74} ERROR - Error al obtener events: 404
[2025-01-21T01:51:06.374+0000] {spaceflight_data_ingest_v2.py:74} ERROR - Error al obtener events: 404
[2025-01-21T01:52:06.517+0000] {spaceflight_data_ingest_v2.py:74} ERROR - Error al obtener events: 404
[2025-01-21T01:53:06.720+0000] {spaceflight_data_ingest_v2.py:74} ERROR - Error al obtener events: 404
[2025-01-21T01:54:07.046+0000] {spaceflight_data_ingest_v2.py:74} ERROR - Error al obtener events: 404
[2025-01-21T01:55:07.334+0000] {spaceflight_data_ingest_v2.py:74} ERROR - Error al obtener events: 404
[2025-01-21T01:56:07.510+0000] {spaceflight_data_ingest_v2.py:74} ERROR - Error al obtener events: 404
[2025-01-21T01:57:07.707+0000] {spaceflight_data_ingest_v2.py:74} ERROR - Error al obtener events: 404
[2025-01-21T01:58:07.872+0000] {spaceflight_data_ingest_v2.py:74} ERROR - Error al obtener events: 404
[2025-01-21T01:59:08.041+0000] {spaceflight_data_ingest_v2.py:74} ERROR - Error al obtener events: 404
[2025-01-21T02:00:08.244+0000] {spaceflight_data_ingest_v2.py:74} ERROR - Error al obtener events: 404
[2025-01-21T02:01:08.470+0000] {spaceflight_data_ingest_v2.py:74} ERROR - Error al obtener events: 404
[2025-01-21T02:02:08.611+0000] {spaceflight_data_ingest_v2.py:74} ERROR - Error al obtener events: 404
[2025-01-21T02:03:08.759+0000] {spaceflight_data_ingest_v2.py:74} ERROR - Error al obtener events: 404
[2025-01-21T02:04:08.869+0000] {spaceflight_data_ingest_v2.py:74} ERROR - Error al obtener events: 404
[2025-01-21T02:05:09.019+0000] {spaceflight_data_ingest_v2.py:74} ERROR - Error al obtener events: 404
[2025-01-21T02:06:09.137+0000] {spaceflight_data_ingest_v2.py:74} ERROR - Error al obtener events: 404
[2025-01-21T02:07:09.320+0000] {spaceflight_data_ingest_v2.py:74} ERROR - Error al obtener events: 404
[2025-01-21T02:08:10.139+0000] {spaceflight_data_ingest_v2.py:74} ERROR - Error al obtener events: 404
[2025-01-21T02:09:10.271+0000] {spaceflight_data_ingest_v2.py:74} ERROR - Error al obtener events: 404
[2025-01-21T02:10:10.388+0000] {spaceflight_data_ingest_v2.py:74} ERROR - Error al obtener events: 404
[2025-01-21T02:11:10.535+0000] {spaceflight_data_ingest_v2.py:74} ERROR - Error al obtener events: 404
[2025-01-21T02:12:10.674+0000] {spaceflight_data_ingest_v2.py:74} ERROR - Error al obtener events: 404
[2025-01-21T02:13:10.738+0000] {spaceflight_data_ingest_v2.py:74} ERROR - Error al obtener events: 404
[2025-01-21T02:14:10.934+0000] {spaceflight_data_ingest_v2.py:74} ERROR - Error al obtener events: 404
[2025-01-21T02:15:11.033+0000] {spaceflight_data_ingest_v2.py:74} ERROR - Error al obtener events: 404
[2025-01-21T02:16:11.146+0000] {spaceflight_data_ingest_v2.py:74} ERROR - Error al obtener events: 404
[2025-01-21T02:17:11.229+0000] {spaceflight_data_ingest_v2.py:74} ERROR - Error al obtener events: 404
[2025-01-21T02:18:11.182+0000] {spaceflight_data_ingest_v2.py:74} ERROR - Error al obtener events: 404
[2025-01-21T02:19:11.254+0000] {spaceflight_data_ingest_v2.py:74} ERROR - Error al obtener events: 404
[2025-01-21T03:12:49.366+0000] {job.py:229} INFO - Heartbeat recovered after 3200.09 seconds
[2025-01-21T03:20:07.016+0000] {job.py:229} INFO - Heartbeat recovered after 437.71 seconds
[2025-01-21T03:20:37.825+0000] {spaceflight_data_ingest_v2.py:74} ERROR - Error al obtener events: 404
[2025-01-21T03:21:36.268+0000] {spaceflight_data_ingest_v2.py:74} ERROR - Error al obtener events: 404
[2025-01-21T03:22:34.425+0000] {spaceflight_data_ingest_v2.py:74} ERROR - Error al obtener events: 404
[2025-01-21T03:23:32.594+0000] {spaceflight_data_ingest_v2.py:74} ERROR - Error al obtener events: 404
[2025-01-21T03:24:30.854+0000] {spaceflight_data_ingest_v2.py:74} ERROR - Error al obtener events: 404
[2025-01-21T03:25:29.150+0000] {spaceflight_data_ingest_v2.py:74} ERROR - Error al obtener events: 404
[2025-01-21T03:26:27.409+0000] {spaceflight_data_ingest_v2.py:74} ERROR - Error al obtener events: 404
[2025-01-21T03:27:25.736+0000] {spaceflight_data_ingest_v2.py:74} ERROR - Error al obtener events: 404
[2025-01-21T03:28:24.044+0000] {spaceflight_data_ingest_v2.py:74} ERROR - Error al obtener events: 404
[2025-01-21T03:29:22.491+0000] {spaceflight_data_ingest_v2.py:74} ERROR - Error al obtener events: 404
[2025-01-21T03:30:20.493+0000] {spaceflight_data_ingest_v2.py:74} ERROR - Error al obtener events: 404
[2025-01-21T03:31:18.777+0000] {spaceflight_data_ingest_v2.py:74} ERROR - Error al obtener events: 404
[2025-01-21T03:32:17.032+0000] {spaceflight_data_ingest_v2.py:74} ERROR - Error al obtener events: 404
[2025-01-21T03:33:15.288+0000] {spaceflight_data_ingest_v2.py:74} ERROR - Error al obtener events: 404
[2025-01-21T03:34:13.486+0000] {spaceflight_data_ingest_v2.py:74} ERROR - Error al obtener events: 404
[2025-01-21T03:35:11.726+0000] {spaceflight_data_ingest_v2.py:74} ERROR - Error al obtener events: 404
[2025-01-21T03:36:09.925+0000] {spaceflight_data_ingest_v2.py:74} ERROR - Error al obtener events: 404
[2025-01-21T03:37:08.188+0000] {spaceflight_data_ingest_v2.py:74} ERROR - Error al obtener events: 404
[2025-01-21T03:38:06.423+0000] {spaceflight_data_ingest_v2.py:74} ERROR - Error al obtener events: 404
[2025-01-21T03:39:04.621+0000] {spaceflight_data_ingest_v2.py:74} ERROR - Error al obtener events: 404
[2025-01-21T03:40:02.718+0000] {spaceflight_data_ingest_v2.py:74} ERROR - Error al obtener events: 404
[2025-01-21T03:41:00.981+0000] {spaceflight_data_ingest_v2.py:74} ERROR - Error al obtener events: 404
[2025-01-21T03:41:59.137+0000] {spaceflight_data_ingest_v2.py:74} ERROR - Error al obtener events: 404
[2025-01-21T03:42:57.231+0000] {spaceflight_data_ingest_v2.py:74} ERROR - Error al obtener events: 404
[2025-01-21T03:43:55.374+0000] {spaceflight_data_ingest_v2.py:74} ERROR - Error al obtener events: 404
[2025-01-21T03:44:53.465+0000] {spaceflight_data_ingest_v2.py:74} ERROR - Error al obtener events: 404
[2025-01-21T03:45:51.933+0000] {spaceflight_data_ingest_v2.py:74} ERROR - Error al obtener events: 404
[2025-01-21T03:46:50.060+0000] {spaceflight_data_ingest_v2.py:74} ERROR - Error al obtener events: 404
[2025-01-21T03:47:48.128+0000] {spaceflight_data_ingest_v2.py:74} ERROR - Error al obtener events: 404
[2025-01-21T03:48:46.162+0000] {spaceflight_data_ingest_v2.py:74} ERROR - Error al obtener events: 404
[2025-01-21T03:49:44.316+0000] {spaceflight_data_ingest_v2.py:74} ERROR - Error al obtener events: 404
[2025-01-21T03:50:42.339+0000] {spaceflight_data_ingest_v2.py:74} ERROR - Error al obtener events: 404
[2025-01-21T03:51:40.507+0000] {spaceflight_data_ingest_v2.py:74} ERROR - Error al obtener events: 404
[2025-01-21T03:52:38.502+0000] {spaceflight_data_ingest_v2.py:74} ERROR - Error al obtener events: 404
[2025-01-21T03:53:36.566+0000] {spaceflight_data_ingest_v2.py:74} ERROR - Error al obtener events: 404
[2025-01-21T03:54:34.568+0000] {spaceflight_data_ingest_v2.py:74} ERROR - Error al obtener events: 404
[2025-01-21T03:55:32.765+0000] {spaceflight_data_ingest_v2.py:74} ERROR - Error al obtener events: 404
[2025-01-21T03:56:30.732+0000] {spaceflight_data_ingest_v2.py:74} ERROR - Error al obtener events: 404
[2025-01-21T03:57:28.736+0000] {spaceflight_data_ingest_v2.py:74} ERROR - Error al obtener events: 404
[2025-01-21T03:58:26.748+0000] {spaceflight_data_ingest_v2.py:74} ERROR - Error al obtener events: 404
[2025-01-21T03:59:24.756+0000] {spaceflight_data_ingest_v2.py:74} ERROR - Error al obtener events: 404
[2025-01-21T04:00:22.736+0000] {spaceflight_data_ingest_v2.py:74} ERROR - Error al obtener events: 404
[2025-01-21T04:01:20.793+0000] {spaceflight_data_ingest_v2.py:74} ERROR - Error al obtener events: 404
[2025-01-21T04:02:18.720+0000] {spaceflight_data_ingest_v2.py:74} ERROR - Error al obtener events: 404
[2025-01-21T04:03:16.655+0000] {spaceflight_data_ingest_v2.py:74} ERROR - Error al obtener events: 404
[2025-01-21T04:04:14.608+0000] {spaceflight_data_ingest_v2.py:74} ERROR - Error al obtener events: 404
[2025-01-21T04:05:12.531+0000] {spaceflight_data_ingest_v2.py:74} ERROR - Error al obtener events: 404
[2025-01-21T04:06:10.416+0000] {spaceflight_data_ingest_v2.py:74} ERROR - Error al obtener events: 404
[2025-01-21T04:07:08.393+0000] {spaceflight_data_ingest_v2.py:74} ERROR - Error al obtener events: 404
[2025-01-21T04:08:06.283+0000] {spaceflight_data_ingest_v2.py:74} ERROR - Error al obtener events: 404
[2025-01-21T04:09:04.118+0000] {spaceflight_data_ingest_v2.py:74} ERROR - Error al obtener events: 404
[2025-01-21T04:10:01.964+0000] {spaceflight_data_ingest_v2.py:74} ERROR - Error al obtener events: 404
[2025-01-21T04:10:59.778+0000] {spaceflight_data_ingest_v2.py:74} ERROR - Error al obtener events: 404
[2025-01-21T04:11:57.830+0000] {spaceflight_data_ingest_v2.py:74} ERROR - Error al obtener events: 404
[2025-01-21T04:12:55.731+0000] {spaceflight_data_ingest_v2.py:74} ERROR - Error al obtener events: 404
[2025-01-21T04:13:53.576+0000] {spaceflight_data_ingest_v2.py:74} ERROR - Error al obtener events: 404
[2025-01-21T04:14:51.376+0000] {spaceflight_data_ingest_v2.py:74} ERROR - Error al obtener events: 404
[2025-01-21T04:15:49.120+0000] {spaceflight_data_ingest_v2.py:74} ERROR - Error al obtener events: 404
[2025-01-21T04:16:46.927+0000] {spaceflight_data_ingest_v2.py:74} ERROR - Error al obtener events: 404
[2025-01-21T04:17:44.303+0000] {spaceflight_data_ingest_v2.py:74} ERROR - Error al obtener events: 404
[2025-01-21T04:18:41.355+0000] {spaceflight_data_ingest_v2.py:74} ERROR - Error al obtener events: 404
[2025-01-21T04:19:39.077+0000] {spaceflight_data_ingest_v2.py:74} ERROR - Error al obtener events: 404
