[2025-01-19T04:13:16.310+0000] {local_task_job_runner.py:123} INFO - ::group::Pre task execution logs
[2025-01-19T04:13:16.329+0000] {taskinstance.py:2613} INFO - Dependencies all met for dep_context=non-requeueable deps ti=<TaskInstance: spaceflight_data_ingest_v2.fetch_articles manual__2025-01-17T22:00:09.158485+00:00 [queued]>
[2025-01-19T04:13:16.339+0000] {taskinstance.py:2613} INFO - Dependencies all met for dep_context=requeueable deps ti=<TaskInstance: spaceflight_data_ingest_v2.fetch_articles manual__2025-01-17T22:00:09.158485+00:00 [queued]>
[2025-01-19T04:13:16.340+0000] {taskinstance.py:2866} INFO - Starting attempt 2 of 2
[2025-01-19T04:13:16.359+0000] {taskinstance.py:2889} INFO - Executing <Task(PythonOperator): fetch_articles> on 2025-01-17 22:00:09.158485+00:00
[2025-01-19T04:13:16.370+0000] {warnings.py:112} WARNING - /home/***/.local/lib/python3.12/site-packages/***/task/task_runner/standard_task_runner.py:70: DeprecationWarning: This process (pid=200) is multi-threaded, use of fork() may lead to deadlocks in the child.
  pid = os.fork()

[2025-01-19T04:13:16.372+0000] {standard_task_runner.py:72} INFO - Started process 215 to run task
[2025-01-19T04:13:16.372+0000] {standard_task_runner.py:104} INFO - Running: ['***', 'tasks', 'run', 'spaceflight_data_ingest_v2', 'fetch_articles', 'manual__2025-01-17T22:00:09.158485+00:00', '--job-id', '142', '--raw', '--subdir', 'DAGS_FOLDER/spaceflight_data_ingest_v2.py', '--cfg-path', '/tmp/tmpnzumuf6h']
[2025-01-19T04:13:16.373+0000] {standard_task_runner.py:105} INFO - Job 142: Subtask fetch_articles
[2025-01-19T04:13:16.425+0000] {task_command.py:467} INFO - Running <TaskInstance: spaceflight_data_ingest_v2.fetch_articles manual__2025-01-17T22:00:09.158485+00:00 [running]> on host 59ff16f1d4fb
[2025-01-19T04:13:16.779+0000] {taskinstance.py:3132} INFO - Exporting env vars: AIRFLOW_CTX_DAG_OWNER='***' AIRFLOW_CTX_DAG_ID='spaceflight_data_ingest_v2' AIRFLOW_CTX_TASK_ID='fetch_articles' AIRFLOW_CTX_EXECUTION_DATE='2025-01-17T22:00:09.158485+00:00' AIRFLOW_CTX_TRY_NUMBER='2' AIRFLOW_CTX_DAG_RUN_ID='manual__2025-01-17T22:00:09.158485+00:00'
[2025-01-19T04:13:16.780+0000] {logging_mixin.py:190} INFO - Task instance is in running state
[2025-01-19T04:13:16.780+0000] {logging_mixin.py:190} INFO -  Previous state of the Task instance: queued
[2025-01-19T04:13:16.780+0000] {logging_mixin.py:190} INFO - Current task name:fetch_articles state:running start_date:2025-01-19 04:13:16.329860+00:00
[2025-01-19T04:13:16.781+0000] {logging_mixin.py:190} INFO - Dag name:spaceflight_data_ingest_v2 and current dag run status:running
[2025-01-19T04:13:16.781+0000] {taskinstance.py:731} INFO - ::endgroup::
[2025-01-19T04:13:17.541+0000] {spaceflight_data_ingest_v2.py:77} ERROR - Error en la solicitud: 'id'
[2025-01-19T04:13:17.542+0000] {spaceflight_data_ingest_v2.py:81} INFO - Reintentando... intento 1/5
[2025-01-19T04:13:20.495+0000] {spaceflight_data_ingest_v2.py:81} INFO - Reintentando... intento 2/5
[2025-01-19T04:13:25.504+0000] {spaceflight_data_ingest_v2.py:81} INFO - Reintentando... intento 3/5
[2025-01-19T04:13:30.506+0000] {spaceflight_data_ingest_v2.py:81} INFO - Reintentando... intento 4/5
[2025-01-19T04:13:35.509+0000] {spaceflight_data_ingest_v2.py:81} INFO - Reintentando... intento 5/5
[2025-01-19T04:13:40.972+0000] {spaceflight_data_ingest_v2.py:56} WARNING - Articles duplicado omitido: 28704
[2025-01-19T04:13:40.972+0000] {spaceflight_data_ingest_v2.py:56} WARNING - Articles duplicado omitido: 28703
[2025-01-19T04:13:40.973+0000] {spaceflight_data_ingest_v2.py:56} WARNING - Articles duplicado omitido: 28702
[2025-01-19T04:13:40.973+0000] {spaceflight_data_ingest_v2.py:56} WARNING - Articles duplicado omitido: 28701
[2025-01-19T04:13:40.973+0000] {spaceflight_data_ingest_v2.py:56} WARNING - Articles duplicado omitido: 28700
[2025-01-19T04:13:40.973+0000] {spaceflight_data_ingest_v2.py:56} WARNING - Articles duplicado omitido: 28699
[2025-01-19T04:13:40.974+0000] {spaceflight_data_ingest_v2.py:56} WARNING - Articles duplicado omitido: 28698
[2025-01-19T04:13:40.974+0000] {spaceflight_data_ingest_v2.py:56} WARNING - Articles duplicado omitido: 28696
[2025-01-19T04:13:40.974+0000] {spaceflight_data_ingest_v2.py:56} WARNING - Articles duplicado omitido: 28697
[2025-01-19T04:13:40.975+0000] {spaceflight_data_ingest_v2.py:56} WARNING - Articles duplicado omitido: 28695
[2025-01-19T04:13:41.315+0000] {spaceflight_data_ingest_v2.py:77} ERROR - Error en la solicitud: 'id'
[2025-01-19T04:13:41.316+0000] {spaceflight_data_ingest_v2.py:81} INFO - Reintentando... intento 1/5
[2025-01-19T04:13:46.323+0000] {spaceflight_data_ingest_v2.py:81} INFO - Reintentando... intento 2/5
[2025-01-19T04:13:49.429+0000] {spaceflight_data_ingest_v2.py:81} INFO - Reintentando... intento 3/5
[2025-01-19T04:13:54.430+0000] {spaceflight_data_ingest_v2.py:81} INFO - Reintentando... intento 4/5
[2025-01-19T04:13:59.454+0000] {spaceflight_data_ingest_v2.py:81} INFO - Reintentando... intento 5/5
[2025-01-19T04:14:04.884+0000] {spaceflight_data_ingest_v2.py:56} WARNING - Articles duplicado omitido: 28694
[2025-01-19T04:14:04.885+0000] {spaceflight_data_ingest_v2.py:56} WARNING - Articles duplicado omitido: 28693
[2025-01-19T04:14:04.885+0000] {spaceflight_data_ingest_v2.py:56} WARNING - Articles duplicado omitido: 28692
[2025-01-19T04:14:04.886+0000] {spaceflight_data_ingest_v2.py:56} WARNING - Articles duplicado omitido: 28691
[2025-01-19T04:14:04.886+0000] {spaceflight_data_ingest_v2.py:56} WARNING - Articles duplicado omitido: 28690
[2025-01-19T04:14:04.886+0000] {spaceflight_data_ingest_v2.py:56} WARNING - Articles duplicado omitido: 28689
[2025-01-19T04:14:04.887+0000] {spaceflight_data_ingest_v2.py:56} WARNING - Articles duplicado omitido: 28687
[2025-01-19T04:14:04.887+0000] {spaceflight_data_ingest_v2.py:56} WARNING - Articles duplicado omitido: 28688
[2025-01-19T04:14:04.888+0000] {spaceflight_data_ingest_v2.py:56} WARNING - Articles duplicado omitido: 28686
[2025-01-19T04:14:04.888+0000] {spaceflight_data_ingest_v2.py:56} WARNING - Articles duplicado omitido: 28684
[2025-01-19T04:14:05.363+0000] {spaceflight_data_ingest_v2.py:77} ERROR - Error en la solicitud: 'id'
[2025-01-19T04:14:05.364+0000] {spaceflight_data_ingest_v2.py:81} INFO - Reintentando... intento 1/5
[2025-01-19T04:14:10.369+0000] {spaceflight_data_ingest_v2.py:81} INFO - Reintentando... intento 2/5
[2025-01-19T04:14:15.370+0000] {spaceflight_data_ingest_v2.py:81} INFO - Reintentando... intento 3/5
[2025-01-19T04:14:18.358+0000] {spaceflight_data_ingest_v2.py:81} INFO - Reintentando... intento 4/5
[2025-01-19T04:14:23.359+0000] {spaceflight_data_ingest_v2.py:81} INFO - Reintentando... intento 5/5
[2025-01-19T04:14:28.805+0000] {spaceflight_data_ingest_v2.py:56} WARNING - Articles duplicado omitido: 28685
[2025-01-19T04:14:28.806+0000] {spaceflight_data_ingest_v2.py:56} WARNING - Articles duplicado omitido: 28683
[2025-01-19T04:14:28.807+0000] {spaceflight_data_ingest_v2.py:56} WARNING - Articles duplicado omitido: 28682
[2025-01-19T04:14:28.807+0000] {spaceflight_data_ingest_v2.py:56} WARNING - Articles duplicado omitido: 28681
[2025-01-19T04:14:28.808+0000] {spaceflight_data_ingest_v2.py:56} WARNING - Articles duplicado omitido: 28680
[2025-01-19T04:14:28.808+0000] {spaceflight_data_ingest_v2.py:56} WARNING - Articles duplicado omitido: 28678
[2025-01-19T04:14:28.808+0000] {spaceflight_data_ingest_v2.py:56} WARNING - Articles duplicado omitido: 28679
[2025-01-19T04:14:28.809+0000] {spaceflight_data_ingest_v2.py:56} WARNING - Articles duplicado omitido: 28677
[2025-01-19T04:14:28.809+0000] {spaceflight_data_ingest_v2.py:56} WARNING - Articles duplicado omitido: 28676
[2025-01-19T04:14:28.809+0000] {spaceflight_data_ingest_v2.py:56} WARNING - Articles duplicado omitido: 28675
[2025-01-19T04:14:29.285+0000] {spaceflight_data_ingest_v2.py:77} ERROR - Error en la solicitud: 'id'
[2025-01-19T04:14:29.286+0000] {spaceflight_data_ingest_v2.py:81} INFO - Reintentando... intento 1/5
[2025-01-19T04:14:34.286+0000] {spaceflight_data_ingest_v2.py:81} INFO - Reintentando... intento 2/5
[2025-01-19T04:14:39.292+0000] {spaceflight_data_ingest_v2.py:81} INFO - Reintentando... intento 3/5
[2025-01-19T04:14:44.294+0000] {spaceflight_data_ingest_v2.py:81} INFO - Reintentando... intento 4/5
[2025-01-19T04:14:47.444+0000] {spaceflight_data_ingest_v2.py:81} INFO - Reintentando... intento 5/5
[2025-01-19T04:14:53.162+0000] {spaceflight_data_ingest_v2.py:56} WARNING - Articles duplicado omitido: 28674
[2025-01-19T04:14:53.163+0000] {spaceflight_data_ingest_v2.py:56} WARNING - Articles duplicado omitido: 28673
[2025-01-19T04:14:53.163+0000] {spaceflight_data_ingest_v2.py:56} WARNING - Articles duplicado omitido: 28671
[2025-01-19T04:14:53.163+0000] {spaceflight_data_ingest_v2.py:56} WARNING - Articles duplicado omitido: 28672
[2025-01-19T04:14:53.164+0000] {spaceflight_data_ingest_v2.py:56} WARNING - Articles duplicado omitido: 28669
[2025-01-19T04:14:53.164+0000] {spaceflight_data_ingest_v2.py:56} WARNING - Articles duplicado omitido: 28668
[2025-01-19T04:14:53.165+0000] {spaceflight_data_ingest_v2.py:56} WARNING - Articles duplicado omitido: 28670
[2025-01-19T04:14:53.165+0000] {spaceflight_data_ingest_v2.py:56} WARNING - Articles duplicado omitido: 28667
[2025-01-19T04:14:53.165+0000] {spaceflight_data_ingest_v2.py:56} WARNING - Articles duplicado omitido: 28666
[2025-01-19T04:14:53.166+0000] {spaceflight_data_ingest_v2.py:56} WARNING - Articles duplicado omitido: 28664
[2025-01-19T04:14:53.656+0000] {spaceflight_data_ingest_v2.py:77} ERROR - Error en la solicitud: 'id'
[2025-01-19T04:14:53.657+0000] {spaceflight_data_ingest_v2.py:81} INFO - Reintentando... intento 1/5
[2025-01-19T04:14:58.659+0000] {spaceflight_data_ingest_v2.py:81} INFO - Reintentando... intento 2/5
[2025-01-19T04:15:03.667+0000] {spaceflight_data_ingest_v2.py:81} INFO - Reintentando... intento 3/5
[2025-01-19T04:15:08.669+0000] {spaceflight_data_ingest_v2.py:81} INFO - Reintentando... intento 4/5
[2025-01-19T04:15:13.670+0000] {spaceflight_data_ingest_v2.py:81} INFO - Reintentando... intento 5/5
[2025-01-19T04:15:17.009+0000] {spaceflight_data_ingest_v2.py:56} WARNING - Articles duplicado omitido: 28662
[2025-01-19T04:15:17.010+0000] {spaceflight_data_ingest_v2.py:56} WARNING - Articles duplicado omitido: 28665
[2025-01-19T04:15:17.010+0000] {spaceflight_data_ingest_v2.py:56} WARNING - Articles duplicado omitido: 28663
[2025-01-19T04:15:17.010+0000] {spaceflight_data_ingest_v2.py:56} WARNING - Articles duplicado omitido: 28660
[2025-01-19T04:15:17.011+0000] {spaceflight_data_ingest_v2.py:56} WARNING - Articles duplicado omitido: 28661
[2025-01-19T04:15:17.011+0000] {spaceflight_data_ingest_v2.py:56} WARNING - Articles duplicado omitido: 28659
[2025-01-19T04:15:17.011+0000] {spaceflight_data_ingest_v2.py:56} WARNING - Articles duplicado omitido: 28658
[2025-01-19T04:15:17.011+0000] {spaceflight_data_ingest_v2.py:56} WARNING - Articles duplicado omitido: 28657
[2025-01-19T04:15:17.012+0000] {spaceflight_data_ingest_v2.py:56} WARNING - Articles duplicado omitido: 28656
[2025-01-19T04:15:17.012+0000] {spaceflight_data_ingest_v2.py:56} WARNING - Articles duplicado omitido: 28654
[2025-01-19T04:15:17.013+0000] {python.py:240} INFO - Done. Returned value was: None
[2025-01-19T04:15:17.027+0000] {taskinstance.py:340} INFO - ::group::Post task execution logs
[2025-01-19T04:15:17.027+0000] {taskinstance.py:352} INFO - Marking task as SUCCESS. dag_id=spaceflight_data_ingest_v2, task_id=fetch_articles, run_id=manual__2025-01-17T22:00:09.158485+00:00, execution_date=20250117T220009, start_date=20250119T041316, end_date=20250119T041517
[2025-01-19T04:15:17.046+0000] {logging_mixin.py:190} INFO - Task instance in success state
[2025-01-19T04:15:17.046+0000] {logging_mixin.py:190} INFO -  Previous state of the Task instance: running
[2025-01-19T04:15:17.047+0000] {logging_mixin.py:190} INFO - Dag name:spaceflight_data_ingest_v2 queued_at:2025-01-17 22:00:09.177258+00:00
[2025-01-19T04:15:17.047+0000] {logging_mixin.py:190} INFO - Task hostname:59ff16f1d4fb operator:PythonOperator
[2025-01-19T04:15:17.761+0000] {local_task_job_runner.py:266} INFO - Task exited with return code 0
[2025-01-19T04:15:17.773+0000] {local_task_job_runner.py:245} INFO - ::endgroup::
