[2025-01-21T18:35:50.146+0000] {local_task_job_runner.py:123} INFO - ::group::Pre task execution logs
[2025-01-21T18:35:50.163+0000] {taskinstance.py:2613} INFO - Dependencies all met for dep_context=non-requeueable deps ti=<TaskInstance: DAG_AWS_PIPELINE.extract_articles manual__2025-01-21T18:35:45.730388+00:00 [queued]>
[2025-01-21T18:35:50.170+0000] {taskinstance.py:2613} INFO - Dependencies all met for dep_context=requeueable deps ti=<TaskInstance: DAG_AWS_PIPELINE.extract_articles manual__2025-01-21T18:35:45.730388+00:00 [queued]>
[2025-01-21T18:35:50.170+0000] {taskinstance.py:2866} INFO - Starting attempt 1 of 2
[2025-01-21T18:35:50.182+0000] {taskinstance.py:2889} INFO - Executing <Task(PythonOperator): extract_articles> on 2025-01-21 18:35:45.730388+00:00
[2025-01-21T18:35:50.191+0000] {warnings.py:112} WARNING - /home/***/.local/lib/python3.12/site-packages/***/task/task_runner/standard_task_runner.py:70: DeprecationWarning: This process (pid=3714) is multi-threaded, use of fork() may lead to deadlocks in the child.
  pid = os.fork()

[2025-01-21T18:35:50.194+0000] {standard_task_runner.py:72} INFO - Started process 3719 to run task
[2025-01-21T18:35:50.195+0000] {standard_task_runner.py:104} INFO - Running: ['***', 'tasks', 'run', 'DAG_AWS_PIPELINE', 'extract_articles', 'manual__2025-01-21T18:35:45.730388+00:00', '--job-id', '360', '--raw', '--subdir', 'DAGS_FOLDER/DAG_AWS_PIPELINE.py', '--cfg-path', '/tmp/tmp6h56o4lh']
[2025-01-21T18:35:50.196+0000] {standard_task_runner.py:105} INFO - Job 360: Subtask extract_articles
[2025-01-21T18:35:50.242+0000] {task_command.py:467} INFO - Running <TaskInstance: DAG_AWS_PIPELINE.extract_articles manual__2025-01-21T18:35:45.730388+00:00 [running]> on host 59ff16f1d4fb
[2025-01-21T18:35:50.324+0000] {taskinstance.py:3132} INFO - Exporting env vars: AIRFLOW_CTX_DAG_OWNER='Wilfrido Rondon' AIRFLOW_CTX_DAG_ID='DAG_AWS_PIPELINE' AIRFLOW_CTX_TASK_ID='extract_articles' AIRFLOW_CTX_EXECUTION_DATE='2025-01-21T18:35:45.730388+00:00' AIRFLOW_CTX_TRY_NUMBER='1' AIRFLOW_CTX_DAG_RUN_ID='manual__2025-01-21T18:35:45.730388+00:00'
[2025-01-21T18:35:50.325+0000] {logging_mixin.py:190} INFO - Task instance is in running state
[2025-01-21T18:35:50.326+0000] {logging_mixin.py:190} INFO -  Previous state of the Task instance: queued
[2025-01-21T18:35:50.326+0000] {logging_mixin.py:190} INFO - Current task name:extract_articles state:running start_date:2025-01-21 18:35:50.163488+00:00
[2025-01-21T18:35:50.326+0000] {logging_mixin.py:190} INFO - Dag name:DAG_AWS_PIPELINE and current dag run status:running
[2025-01-21T18:35:50.326+0000] {taskinstance.py:731} INFO - ::endgroup::
[2025-01-21T18:35:50.327+0000] {DAG_AWS_PIPELINE.py:34} INFO - Recuperando página 1...
[2025-01-21T18:35:50.665+0000] {DAG_AWS_PIPELINE.py:44} INFO - Artículos recuperados: 10, total acumulado: 10
[2025-01-21T18:35:50.666+0000] {DAG_AWS_PIPELINE.py:34} INFO - Recuperando página 2...
[2025-01-21T18:35:51.114+0000] {DAG_AWS_PIPELINE.py:44} INFO - Artículos recuperados: 10, total acumulado: 20
[2025-01-21T18:35:51.114+0000] {DAG_AWS_PIPELINE.py:34} INFO - Recuperando página 3...
[2025-01-21T18:35:51.450+0000] {DAG_AWS_PIPELINE.py:49} WARNING - Rate limit alcanzado. Esperando 60 segundos...
[2025-01-21T18:36:48.217+0000] {DAG_AWS_PIPELINE.py:34} INFO - Recuperando página 3...
[2025-01-21T18:36:48.733+0000] {DAG_AWS_PIPELINE.py:44} INFO - Artículos recuperados: 10, total acumulado: 30
[2025-01-21T18:36:48.733+0000] {DAG_AWS_PIPELINE.py:34} INFO - Recuperando página 4...
[2025-01-21T18:36:49.420+0000] {DAG_AWS_PIPELINE.py:44} INFO - Artículos recuperados: 10, total acumulado: 40
[2025-01-21T18:36:49.421+0000] {DAG_AWS_PIPELINE.py:34} INFO - Recuperando página 5...
[2025-01-21T18:36:49.871+0000] {DAG_AWS_PIPELINE.py:44} INFO - Artículos recuperados: 10, total acumulado: 50
[2025-01-21T18:36:49.872+0000] {DAG_AWS_PIPELINE.py:34} INFO - Recuperando página 6...
[2025-01-21T18:36:50.173+0000] {DAG_AWS_PIPELINE.py:44} INFO - Artículos recuperados: 10, total acumulado: 60
[2025-01-21T18:36:50.173+0000] {DAG_AWS_PIPELINE.py:34} INFO - Recuperando página 7...
[2025-01-21T18:36:50.707+0000] {DAG_AWS_PIPELINE.py:44} INFO - Artículos recuperados: 10, total acumulado: 70
[2025-01-21T18:36:50.707+0000] {DAG_AWS_PIPELINE.py:34} INFO - Recuperando página 8...
[2025-01-21T18:36:51.015+0000] {DAG_AWS_PIPELINE.py:44} INFO - Artículos recuperados: 10, total acumulado: 80
[2025-01-21T18:36:51.016+0000] {DAG_AWS_PIPELINE.py:34} INFO - Recuperando página 9...
[2025-01-21T18:36:51.332+0000] {DAG_AWS_PIPELINE.py:44} INFO - Artículos recuperados: 10, total acumulado: 90
[2025-01-21T18:36:51.333+0000] {DAG_AWS_PIPELINE.py:34} INFO - Recuperando página 10...
[2025-01-21T18:36:51.855+0000] {DAG_AWS_PIPELINE.py:44} INFO - Artículos recuperados: 10, total acumulado: 100
[2025-01-21T18:36:51.855+0000] {DAG_AWS_PIPELINE.py:56} INFO - Transformando los datos a CSV...
[2025-01-21T18:36:51.865+0000] {DAG_AWS_PIPELINE.py:63} INFO - CSV guardado temporalmente en: /tmp/articulos.csv
[2025-01-21T18:36:51.866+0000] {python.py:240} INFO - Done. Returned value was: /tmp/articulos.csv
[2025-01-21T18:36:51.890+0000] {taskinstance.py:340} INFO - ::group::Post task execution logs
[2025-01-21T18:36:51.890+0000] {taskinstance.py:352} INFO - Marking task as SUCCESS. dag_id=DAG_AWS_PIPELINE, task_id=extract_articles, run_id=manual__2025-01-21T18:35:45.730388+00:00, execution_date=20250121T183545, start_date=20250121T183550, end_date=20250121T183651
[2025-01-21T18:36:51.902+0000] {logging_mixin.py:190} INFO - Task instance in success state
[2025-01-21T18:36:51.902+0000] {logging_mixin.py:190} INFO -  Previous state of the Task instance: running
[2025-01-21T18:36:51.902+0000] {logging_mixin.py:190} INFO - Dag name:DAG_AWS_PIPELINE queued_at:2025-01-21 18:35:45.767546+00:00
[2025-01-21T18:36:51.903+0000] {logging_mixin.py:190} INFO - Task hostname:59ff16f1d4fb operator:PythonOperator
[2025-01-21T18:36:51.952+0000] {local_task_job_runner.py:266} INFO - Task exited with return code 0
[2025-01-21T18:36:51.981+0000] {taskinstance.py:3895} INFO - 1 downstream tasks scheduled from follow-on schedule check
[2025-01-21T18:36:51.983+0000] {standard_task_runner.py:217} INFO - Process not found (most likely exited), stop collecting metrics
[2025-01-21T18:36:51.984+0000] {local_task_job_runner.py:245} INFO - ::endgroup::
