[2025-01-18T00:00:03.178+0000] {processor.py:186} INFO - Started process (PID=17350) to work on /opt/airflow/dags/ETL_PostgreSQL.py
[2025-01-18T00:00:03.178+0000] {processor.py:914} INFO - Processing file /opt/airflow/dags/ETL_PostgreSQL.py for tasks to queue
[2025-01-18T00:00:03.180+0000] {logging_mixin.py:190} INFO - [2025-01-18T00:00:03.180+0000] {dagbag.py:588} INFO - Filling up the DagBag from /opt/airflow/dags/ETL_PostgreSQL.py
[2025-01-18T00:00:03.192+0000] {processor.py:925} INFO - DAG(s) 'DAG_ELT_PostgreSQL' retrieved from /opt/airflow/dags/ETL_PostgreSQL.py
[2025-01-18T00:00:03.214+0000] {logging_mixin.py:190} INFO - [2025-01-18T00:00:03.214+0000] {dag.py:3239} INFO - Sync 1 DAGs
[2025-01-18T00:00:03.230+0000] {logging_mixin.py:190} INFO - [2025-01-18T00:00:03.230+0000] {dag.py:4180} INFO - Setting next_dagrun for DAG_ELT_PostgreSQL to None, run_after=None
[2025-01-18T00:00:03.252+0000] {processor.py:208} INFO - Processing /opt/airflow/dags/ETL_PostgreSQL.py took 0.080 seconds
[2025-01-18T00:00:33.893+0000] {processor.py:186} INFO - Started process (PID=17417) to work on /opt/airflow/dags/ETL_PostgreSQL.py
[2025-01-18T00:00:33.896+0000] {processor.py:914} INFO - Processing file /opt/airflow/dags/ETL_PostgreSQL.py for tasks to queue
[2025-01-18T00:00:33.899+0000] {logging_mixin.py:190} INFO - [2025-01-18T00:00:33.898+0000] {dagbag.py:588} INFO - Filling up the DagBag from /opt/airflow/dags/ETL_PostgreSQL.py
[2025-01-18T00:00:33.910+0000] {processor.py:925} INFO - DAG(s) 'DAG_ELT_PostgreSQL' retrieved from /opt/airflow/dags/ETL_PostgreSQL.py
[2025-01-18T00:00:33.932+0000] {logging_mixin.py:190} INFO - [2025-01-18T00:00:33.932+0000] {dag.py:3239} INFO - Sync 1 DAGs
[2025-01-18T00:00:33.948+0000] {logging_mixin.py:190} INFO - [2025-01-18T00:00:33.947+0000] {dag.py:4180} INFO - Setting next_dagrun for DAG_ELT_PostgreSQL to None, run_after=None
[2025-01-18T00:00:33.968+0000] {processor.py:208} INFO - Processing /opt/airflow/dags/ETL_PostgreSQL.py took 0.080 seconds
[2025-01-18T00:01:04.669+0000] {processor.py:186} INFO - Started process (PID=17484) to work on /opt/airflow/dags/ETL_PostgreSQL.py
[2025-01-18T00:01:04.670+0000] {processor.py:914} INFO - Processing file /opt/airflow/dags/ETL_PostgreSQL.py for tasks to queue
[2025-01-18T00:01:04.673+0000] {logging_mixin.py:190} INFO - [2025-01-18T00:01:04.673+0000] {dagbag.py:588} INFO - Filling up the DagBag from /opt/airflow/dags/ETL_PostgreSQL.py
[2025-01-18T00:01:04.688+0000] {processor.py:925} INFO - DAG(s) 'DAG_ELT_PostgreSQL' retrieved from /opt/airflow/dags/ETL_PostgreSQL.py
[2025-01-18T00:01:04.720+0000] {logging_mixin.py:190} INFO - [2025-01-18T00:01:04.719+0000] {dag.py:3239} INFO - Sync 1 DAGs
[2025-01-18T00:01:04.744+0000] {logging_mixin.py:190} INFO - [2025-01-18T00:01:04.744+0000] {dag.py:4180} INFO - Setting next_dagrun for DAG_ELT_PostgreSQL to None, run_after=None
[2025-01-18T00:01:04.781+0000] {processor.py:208} INFO - Processing /opt/airflow/dags/ETL_PostgreSQL.py took 0.119 seconds
[2025-01-18T00:01:35.272+0000] {processor.py:186} INFO - Started process (PID=17551) to work on /opt/airflow/dags/ETL_PostgreSQL.py
[2025-01-18T00:01:35.273+0000] {processor.py:914} INFO - Processing file /opt/airflow/dags/ETL_PostgreSQL.py for tasks to queue
[2025-01-18T00:01:35.276+0000] {logging_mixin.py:190} INFO - [2025-01-18T00:01:35.276+0000] {dagbag.py:588} INFO - Filling up the DagBag from /opt/airflow/dags/ETL_PostgreSQL.py
[2025-01-18T00:01:35.291+0000] {processor.py:925} INFO - DAG(s) 'DAG_ELT_PostgreSQL' retrieved from /opt/airflow/dags/ETL_PostgreSQL.py
[2025-01-18T00:01:35.314+0000] {logging_mixin.py:190} INFO - [2025-01-18T00:01:35.313+0000] {dag.py:3239} INFO - Sync 1 DAGs
[2025-01-18T00:01:35.328+0000] {logging_mixin.py:190} INFO - [2025-01-18T00:01:35.327+0000] {dag.py:4180} INFO - Setting next_dagrun for DAG_ELT_PostgreSQL to None, run_after=None
[2025-01-18T00:01:35.348+0000] {processor.py:208} INFO - Processing /opt/airflow/dags/ETL_PostgreSQL.py took 0.083 seconds
[2025-01-18T00:02:06.183+0000] {processor.py:186} INFO - Started process (PID=17617) to work on /opt/airflow/dags/ETL_PostgreSQL.py
[2025-01-18T00:02:06.184+0000] {processor.py:914} INFO - Processing file /opt/airflow/dags/ETL_PostgreSQL.py for tasks to queue
[2025-01-18T00:02:06.186+0000] {logging_mixin.py:190} INFO - [2025-01-18T00:02:06.186+0000] {dagbag.py:588} INFO - Filling up the DagBag from /opt/airflow/dags/ETL_PostgreSQL.py
[2025-01-18T00:02:06.198+0000] {processor.py:925} INFO - DAG(s) 'DAG_ELT_PostgreSQL' retrieved from /opt/airflow/dags/ETL_PostgreSQL.py
[2025-01-18T00:02:06.221+0000] {logging_mixin.py:190} INFO - [2025-01-18T00:02:06.221+0000] {dag.py:3239} INFO - Sync 1 DAGs
[2025-01-18T00:02:06.241+0000] {logging_mixin.py:190} INFO - [2025-01-18T00:02:06.241+0000] {dag.py:4180} INFO - Setting next_dagrun for DAG_ELT_PostgreSQL to None, run_after=None
[2025-01-18T00:02:06.269+0000] {processor.py:208} INFO - Processing /opt/airflow/dags/ETL_PostgreSQL.py took 0.091 seconds
[2025-01-18T00:02:36.360+0000] {processor.py:186} INFO - Started process (PID=17684) to work on /opt/airflow/dags/ETL_PostgreSQL.py
[2025-01-18T00:02:36.361+0000] {processor.py:914} INFO - Processing file /opt/airflow/dags/ETL_PostgreSQL.py for tasks to queue
[2025-01-18T00:02:36.364+0000] {logging_mixin.py:190} INFO - [2025-01-18T00:02:36.364+0000] {dagbag.py:588} INFO - Filling up the DagBag from /opt/airflow/dags/ETL_PostgreSQL.py
[2025-01-18T00:02:36.381+0000] {processor.py:925} INFO - DAG(s) 'DAG_ELT_PostgreSQL' retrieved from /opt/airflow/dags/ETL_PostgreSQL.py
[2025-01-18T00:02:36.408+0000] {logging_mixin.py:190} INFO - [2025-01-18T00:02:36.407+0000] {dag.py:3239} INFO - Sync 1 DAGs
[2025-01-18T00:02:36.428+0000] {logging_mixin.py:190} INFO - [2025-01-18T00:02:36.427+0000] {dag.py:4180} INFO - Setting next_dagrun for DAG_ELT_PostgreSQL to None, run_after=None
[2025-01-18T00:02:36.455+0000] {processor.py:208} INFO - Processing /opt/airflow/dags/ETL_PostgreSQL.py took 0.102 seconds
[2025-01-18T00:03:06.875+0000] {processor.py:186} INFO - Started process (PID=17749) to work on /opt/airflow/dags/ETL_PostgreSQL.py
[2025-01-18T00:03:06.878+0000] {processor.py:914} INFO - Processing file /opt/airflow/dags/ETL_PostgreSQL.py for tasks to queue
[2025-01-18T00:03:06.881+0000] {logging_mixin.py:190} INFO - [2025-01-18T00:03:06.881+0000] {dagbag.py:588} INFO - Filling up the DagBag from /opt/airflow/dags/ETL_PostgreSQL.py
[2025-01-18T00:03:06.895+0000] {processor.py:925} INFO - DAG(s) 'DAG_ELT_PostgreSQL' retrieved from /opt/airflow/dags/ETL_PostgreSQL.py
[2025-01-18T00:03:06.922+0000] {logging_mixin.py:190} INFO - [2025-01-18T00:03:06.921+0000] {dag.py:3239} INFO - Sync 1 DAGs
[2025-01-18T00:03:06.939+0000] {logging_mixin.py:190} INFO - [2025-01-18T00:03:06.939+0000] {dag.py:4180} INFO - Setting next_dagrun for DAG_ELT_PostgreSQL to None, run_after=None
[2025-01-18T00:03:06.966+0000] {processor.py:208} INFO - Processing /opt/airflow/dags/ETL_PostgreSQL.py took 0.097 seconds
[2025-01-18T00:03:37.291+0000] {processor.py:186} INFO - Started process (PID=17816) to work on /opt/airflow/dags/ETL_PostgreSQL.py
[2025-01-18T00:03:37.292+0000] {processor.py:914} INFO - Processing file /opt/airflow/dags/ETL_PostgreSQL.py for tasks to queue
[2025-01-18T00:03:37.294+0000] {logging_mixin.py:190} INFO - [2025-01-18T00:03:37.294+0000] {dagbag.py:588} INFO - Filling up the DagBag from /opt/airflow/dags/ETL_PostgreSQL.py
[2025-01-18T00:03:37.305+0000] {processor.py:925} INFO - DAG(s) 'DAG_ELT_PostgreSQL' retrieved from /opt/airflow/dags/ETL_PostgreSQL.py
[2025-01-18T00:03:37.331+0000] {logging_mixin.py:190} INFO - [2025-01-18T00:03:37.331+0000] {dag.py:3239} INFO - Sync 1 DAGs
[2025-01-18T00:03:37.349+0000] {logging_mixin.py:190} INFO - [2025-01-18T00:03:37.349+0000] {dag.py:4180} INFO - Setting next_dagrun for DAG_ELT_PostgreSQL to None, run_after=None
[2025-01-18T00:03:37.375+0000] {processor.py:208} INFO - Processing /opt/airflow/dags/ETL_PostgreSQL.py took 0.090 seconds
[2025-01-18T00:04:07.864+0000] {processor.py:186} INFO - Started process (PID=17883) to work on /opt/airflow/dags/ETL_PostgreSQL.py
[2025-01-18T00:04:07.867+0000] {processor.py:914} INFO - Processing file /opt/airflow/dags/ETL_PostgreSQL.py for tasks to queue
[2025-01-18T00:04:07.869+0000] {logging_mixin.py:190} INFO - [2025-01-18T00:04:07.869+0000] {dagbag.py:588} INFO - Filling up the DagBag from /opt/airflow/dags/ETL_PostgreSQL.py
[2025-01-18T00:04:07.883+0000] {processor.py:925} INFO - DAG(s) 'DAG_ELT_PostgreSQL' retrieved from /opt/airflow/dags/ETL_PostgreSQL.py
[2025-01-18T00:04:07.907+0000] {logging_mixin.py:190} INFO - [2025-01-18T00:04:07.907+0000] {dag.py:3239} INFO - Sync 1 DAGs
[2025-01-18T00:04:07.924+0000] {logging_mixin.py:190} INFO - [2025-01-18T00:04:07.924+0000] {dag.py:4180} INFO - Setting next_dagrun for DAG_ELT_PostgreSQL to None, run_after=None
[2025-01-18T00:04:07.946+0000] {processor.py:208} INFO - Processing /opt/airflow/dags/ETL_PostgreSQL.py took 0.089 seconds
[2025-01-18T00:04:38.469+0000] {processor.py:186} INFO - Started process (PID=17950) to work on /opt/airflow/dags/ETL_PostgreSQL.py
[2025-01-18T00:04:38.470+0000] {processor.py:914} INFO - Processing file /opt/airflow/dags/ETL_PostgreSQL.py for tasks to queue
[2025-01-18T00:04:38.473+0000] {logging_mixin.py:190} INFO - [2025-01-18T00:04:38.472+0000] {dagbag.py:588} INFO - Filling up the DagBag from /opt/airflow/dags/ETL_PostgreSQL.py
[2025-01-18T00:04:38.488+0000] {processor.py:925} INFO - DAG(s) 'DAG_ELT_PostgreSQL' retrieved from /opt/airflow/dags/ETL_PostgreSQL.py
[2025-01-18T00:04:38.513+0000] {logging_mixin.py:190} INFO - [2025-01-18T00:04:38.512+0000] {dag.py:3239} INFO - Sync 1 DAGs
[2025-01-18T00:04:38.529+0000] {logging_mixin.py:190} INFO - [2025-01-18T00:04:38.529+0000] {dag.py:4180} INFO - Setting next_dagrun for DAG_ELT_PostgreSQL to None, run_after=None
[2025-01-18T00:04:38.550+0000] {processor.py:208} INFO - Processing /opt/airflow/dags/ETL_PostgreSQL.py took 0.086 seconds
[2025-01-18T00:05:08.647+0000] {processor.py:186} INFO - Started process (PID=18017) to work on /opt/airflow/dags/ETL_PostgreSQL.py
[2025-01-18T00:05:08.648+0000] {processor.py:914} INFO - Processing file /opt/airflow/dags/ETL_PostgreSQL.py for tasks to queue
[2025-01-18T00:05:08.650+0000] {logging_mixin.py:190} INFO - [2025-01-18T00:05:08.650+0000] {dagbag.py:588} INFO - Filling up the DagBag from /opt/airflow/dags/ETL_PostgreSQL.py
[2025-01-18T00:05:08.662+0000] {processor.py:925} INFO - DAG(s) 'DAG_ELT_PostgreSQL' retrieved from /opt/airflow/dags/ETL_PostgreSQL.py
[2025-01-18T00:05:08.684+0000] {logging_mixin.py:190} INFO - [2025-01-18T00:05:08.683+0000] {dag.py:3239} INFO - Sync 1 DAGs
[2025-01-18T00:05:08.700+0000] {logging_mixin.py:190} INFO - [2025-01-18T00:05:08.700+0000] {dag.py:4180} INFO - Setting next_dagrun for DAG_ELT_PostgreSQL to None, run_after=None
[2025-01-18T00:05:08.722+0000] {processor.py:208} INFO - Processing /opt/airflow/dags/ETL_PostgreSQL.py took 0.080 seconds
[2025-01-18T00:05:38.929+0000] {processor.py:186} INFO - Started process (PID=18078) to work on /opt/airflow/dags/ETL_PostgreSQL.py
[2025-01-18T00:05:38.931+0000] {processor.py:914} INFO - Processing file /opt/airflow/dags/ETL_PostgreSQL.py for tasks to queue
[2025-01-18T00:05:38.934+0000] {logging_mixin.py:190} INFO - [2025-01-18T00:05:38.933+0000] {dagbag.py:588} INFO - Filling up the DagBag from /opt/airflow/dags/ETL_PostgreSQL.py
[2025-01-18T00:05:38.945+0000] {processor.py:925} INFO - DAG(s) 'DAG_ELT_PostgreSQL' retrieved from /opt/airflow/dags/ETL_PostgreSQL.py
[2025-01-18T00:05:38.970+0000] {logging_mixin.py:190} INFO - [2025-01-18T00:05:38.970+0000] {dag.py:3239} INFO - Sync 1 DAGs
[2025-01-18T00:05:38.991+0000] {logging_mixin.py:190} INFO - [2025-01-18T00:05:38.991+0000] {dag.py:4180} INFO - Setting next_dagrun for DAG_ELT_PostgreSQL to None, run_after=None
[2025-01-18T00:05:39.016+0000] {processor.py:208} INFO - Processing /opt/airflow/dags/ETL_PostgreSQL.py took 0.092 seconds
[2025-01-18T00:06:09.444+0000] {processor.py:186} INFO - Started process (PID=18145) to work on /opt/airflow/dags/ETL_PostgreSQL.py
[2025-01-18T00:06:09.446+0000] {processor.py:914} INFO - Processing file /opt/airflow/dags/ETL_PostgreSQL.py for tasks to queue
[2025-01-18T00:06:09.450+0000] {logging_mixin.py:190} INFO - [2025-01-18T00:06:09.450+0000] {dagbag.py:588} INFO - Filling up the DagBag from /opt/airflow/dags/ETL_PostgreSQL.py
[2025-01-18T00:06:09.467+0000] {processor.py:925} INFO - DAG(s) 'DAG_ELT_PostgreSQL' retrieved from /opt/airflow/dags/ETL_PostgreSQL.py
[2025-01-18T00:06:09.495+0000] {logging_mixin.py:190} INFO - [2025-01-18T00:06:09.495+0000] {dag.py:3239} INFO - Sync 1 DAGs
[2025-01-18T00:06:09.518+0000] {logging_mixin.py:190} INFO - [2025-01-18T00:06:09.517+0000] {dag.py:4180} INFO - Setting next_dagrun for DAG_ELT_PostgreSQL to None, run_after=None
[2025-01-18T00:06:09.544+0000] {processor.py:208} INFO - Processing /opt/airflow/dags/ETL_PostgreSQL.py took 0.116 seconds
[2025-01-18T00:06:39.797+0000] {processor.py:186} INFO - Started process (PID=18212) to work on /opt/airflow/dags/ETL_PostgreSQL.py
[2025-01-18T00:06:39.809+0000] {processor.py:914} INFO - Processing file /opt/airflow/dags/ETL_PostgreSQL.py for tasks to queue
[2025-01-18T00:06:39.813+0000] {logging_mixin.py:190} INFO - [2025-01-18T00:06:39.812+0000] {dagbag.py:588} INFO - Filling up the DagBag from /opt/airflow/dags/ETL_PostgreSQL.py
[2025-01-18T00:06:39.835+0000] {processor.py:925} INFO - DAG(s) 'DAG_ELT_PostgreSQL' retrieved from /opt/airflow/dags/ETL_PostgreSQL.py
[2025-01-18T00:06:39.887+0000] {logging_mixin.py:190} INFO - [2025-01-18T00:06:39.886+0000] {dag.py:3239} INFO - Sync 1 DAGs
[2025-01-18T00:06:39.921+0000] {logging_mixin.py:190} INFO - [2025-01-18T00:06:39.920+0000] {dag.py:4180} INFO - Setting next_dagrun for DAG_ELT_PostgreSQL to None, run_after=None
[2025-01-18T00:06:39.957+0000] {processor.py:208} INFO - Processing /opt/airflow/dags/ETL_PostgreSQL.py took 0.169 seconds
[2025-01-18T00:07:10.075+0000] {processor.py:186} INFO - Started process (PID=18279) to work on /opt/airflow/dags/ETL_PostgreSQL.py
[2025-01-18T00:07:10.076+0000] {processor.py:914} INFO - Processing file /opt/airflow/dags/ETL_PostgreSQL.py for tasks to queue
[2025-01-18T00:07:10.078+0000] {logging_mixin.py:190} INFO - [2025-01-18T00:07:10.078+0000] {dagbag.py:588} INFO - Filling up the DagBag from /opt/airflow/dags/ETL_PostgreSQL.py
[2025-01-18T00:07:10.091+0000] {processor.py:925} INFO - DAG(s) 'DAG_ELT_PostgreSQL' retrieved from /opt/airflow/dags/ETL_PostgreSQL.py
[2025-01-18T00:07:10.116+0000] {logging_mixin.py:190} INFO - [2025-01-18T00:07:10.116+0000] {dag.py:3239} INFO - Sync 1 DAGs
[2025-01-18T00:07:10.132+0000] {logging_mixin.py:190} INFO - [2025-01-18T00:07:10.131+0000] {dag.py:4180} INFO - Setting next_dagrun for DAG_ELT_PostgreSQL to None, run_after=None
[2025-01-18T00:07:10.152+0000] {processor.py:208} INFO - Processing /opt/airflow/dags/ETL_PostgreSQL.py took 0.083 seconds
[2025-01-18T00:07:40.340+0000] {processor.py:186} INFO - Started process (PID=18352) to work on /opt/airflow/dags/ETL_PostgreSQL.py
[2025-01-18T00:07:40.341+0000] {processor.py:914} INFO - Processing file /opt/airflow/dags/ETL_PostgreSQL.py for tasks to queue
[2025-01-18T00:07:40.344+0000] {logging_mixin.py:190} INFO - [2025-01-18T00:07:40.344+0000] {dagbag.py:588} INFO - Filling up the DagBag from /opt/airflow/dags/ETL_PostgreSQL.py
[2025-01-18T00:07:40.356+0000] {processor.py:925} INFO - DAG(s) 'DAG_ELT_PostgreSQL' retrieved from /opt/airflow/dags/ETL_PostgreSQL.py
[2025-01-18T00:07:40.380+0000] {logging_mixin.py:190} INFO - [2025-01-18T00:07:40.379+0000] {dag.py:3239} INFO - Sync 1 DAGs
[2025-01-18T00:07:40.395+0000] {logging_mixin.py:190} INFO - [2025-01-18T00:07:40.395+0000] {dag.py:4180} INFO - Setting next_dagrun for DAG_ELT_PostgreSQL to None, run_after=None
[2025-01-18T00:07:40.421+0000] {processor.py:208} INFO - Processing /opt/airflow/dags/ETL_PostgreSQL.py took 0.087 seconds
[2025-01-18T00:08:10.616+0000] {processor.py:186} INFO - Started process (PID=18419) to work on /opt/airflow/dags/ETL_PostgreSQL.py
[2025-01-18T00:08:10.619+0000] {processor.py:914} INFO - Processing file /opt/airflow/dags/ETL_PostgreSQL.py for tasks to queue
[2025-01-18T00:08:10.621+0000] {logging_mixin.py:190} INFO - [2025-01-18T00:08:10.620+0000] {dagbag.py:588} INFO - Filling up the DagBag from /opt/airflow/dags/ETL_PostgreSQL.py
[2025-01-18T00:08:10.632+0000] {processor.py:925} INFO - DAG(s) 'DAG_ELT_PostgreSQL' retrieved from /opt/airflow/dags/ETL_PostgreSQL.py
[2025-01-18T00:08:10.654+0000] {logging_mixin.py:190} INFO - [2025-01-18T00:08:10.654+0000] {dag.py:3239} INFO - Sync 1 DAGs
[2025-01-18T00:08:10.669+0000] {logging_mixin.py:190} INFO - [2025-01-18T00:08:10.669+0000] {dag.py:4180} INFO - Setting next_dagrun for DAG_ELT_PostgreSQL to None, run_after=None
[2025-01-18T00:08:10.689+0000] {processor.py:208} INFO - Processing /opt/airflow/dags/ETL_PostgreSQL.py took 0.078 seconds
[2025-01-18T00:08:41.006+0000] {processor.py:186} INFO - Started process (PID=18486) to work on /opt/airflow/dags/ETL_PostgreSQL.py
[2025-01-18T00:08:41.018+0000] {processor.py:914} INFO - Processing file /opt/airflow/dags/ETL_PostgreSQL.py for tasks to queue
[2025-01-18T00:08:41.022+0000] {logging_mixin.py:190} INFO - [2025-01-18T00:08:41.021+0000] {dagbag.py:588} INFO - Filling up the DagBag from /opt/airflow/dags/ETL_PostgreSQL.py
[2025-01-18T00:08:41.047+0000] {processor.py:925} INFO - DAG(s) 'DAG_ELT_PostgreSQL' retrieved from /opt/airflow/dags/ETL_PostgreSQL.py
[2025-01-18T00:08:41.081+0000] {logging_mixin.py:190} INFO - [2025-01-18T00:08:41.081+0000] {dag.py:3239} INFO - Sync 1 DAGs
[2025-01-18T00:08:41.109+0000] {logging_mixin.py:190} INFO - [2025-01-18T00:08:41.108+0000] {dag.py:4180} INFO - Setting next_dagrun for DAG_ELT_PostgreSQL to None, run_after=None
[2025-01-18T00:08:41.137+0000] {processor.py:208} INFO - Processing /opt/airflow/dags/ETL_PostgreSQL.py took 0.143 seconds
[2025-01-18T00:09:11.503+0000] {processor.py:186} INFO - Started process (PID=18554) to work on /opt/airflow/dags/ETL_PostgreSQL.py
[2025-01-18T00:09:11.505+0000] {processor.py:914} INFO - Processing file /opt/airflow/dags/ETL_PostgreSQL.py for tasks to queue
[2025-01-18T00:09:11.508+0000] {logging_mixin.py:190} INFO - [2025-01-18T00:09:11.507+0000] {dagbag.py:588} INFO - Filling up the DagBag from /opt/airflow/dags/ETL_PostgreSQL.py
[2025-01-18T00:09:11.519+0000] {processor.py:925} INFO - DAG(s) 'DAG_ELT_PostgreSQL' retrieved from /opt/airflow/dags/ETL_PostgreSQL.py
[2025-01-18T00:09:11.541+0000] {logging_mixin.py:190} INFO - [2025-01-18T00:09:11.540+0000] {dag.py:3239} INFO - Sync 1 DAGs
[2025-01-18T00:09:11.555+0000] {logging_mixin.py:190} INFO - [2025-01-18T00:09:11.555+0000] {dag.py:4180} INFO - Setting next_dagrun for DAG_ELT_PostgreSQL to None, run_after=None
[2025-01-18T00:09:11.578+0000] {processor.py:208} INFO - Processing /opt/airflow/dags/ETL_PostgreSQL.py took 0.080 seconds
[2025-01-18T00:09:41.719+0000] {processor.py:186} INFO - Started process (PID=18621) to work on /opt/airflow/dags/ETL_PostgreSQL.py
[2025-01-18T00:09:41.721+0000] {processor.py:914} INFO - Processing file /opt/airflow/dags/ETL_PostgreSQL.py for tasks to queue
[2025-01-18T00:09:41.723+0000] {logging_mixin.py:190} INFO - [2025-01-18T00:09:41.723+0000] {dagbag.py:588} INFO - Filling up the DagBag from /opt/airflow/dags/ETL_PostgreSQL.py
[2025-01-18T00:09:41.735+0000] {processor.py:925} INFO - DAG(s) 'DAG_ELT_PostgreSQL' retrieved from /opt/airflow/dags/ETL_PostgreSQL.py
[2025-01-18T00:09:41.760+0000] {logging_mixin.py:190} INFO - [2025-01-18T00:09:41.759+0000] {dag.py:3239} INFO - Sync 1 DAGs
[2025-01-18T00:09:41.777+0000] {logging_mixin.py:190} INFO - [2025-01-18T00:09:41.777+0000] {dag.py:4180} INFO - Setting next_dagrun for DAG_ELT_PostgreSQL to None, run_after=None
[2025-01-18T00:09:41.802+0000] {processor.py:208} INFO - Processing /opt/airflow/dags/ETL_PostgreSQL.py took 0.090 seconds
[2025-01-18T00:10:12.667+0000] {processor.py:186} INFO - Started process (PID=18688) to work on /opt/airflow/dags/ETL_PostgreSQL.py
[2025-01-18T00:10:12.668+0000] {processor.py:914} INFO - Processing file /opt/airflow/dags/ETL_PostgreSQL.py for tasks to queue
[2025-01-18T00:10:12.670+0000] {logging_mixin.py:190} INFO - [2025-01-18T00:10:12.670+0000] {dagbag.py:588} INFO - Filling up the DagBag from /opt/airflow/dags/ETL_PostgreSQL.py
[2025-01-18T00:10:12.680+0000] {processor.py:925} INFO - DAG(s) 'DAG_ELT_PostgreSQL' retrieved from /opt/airflow/dags/ETL_PostgreSQL.py
[2025-01-18T00:10:12.701+0000] {logging_mixin.py:190} INFO - [2025-01-18T00:10:12.700+0000] {dag.py:3239} INFO - Sync 1 DAGs
[2025-01-18T00:10:12.715+0000] {logging_mixin.py:190} INFO - [2025-01-18T00:10:12.715+0000] {dag.py:4180} INFO - Setting next_dagrun for DAG_ELT_PostgreSQL to None, run_after=None
[2025-01-18T00:10:12.737+0000] {processor.py:208} INFO - Processing /opt/airflow/dags/ETL_PostgreSQL.py took 0.076 seconds
[2025-01-18T00:10:43.093+0000] {processor.py:186} INFO - Started process (PID=18755) to work on /opt/airflow/dags/ETL_PostgreSQL.py
[2025-01-18T00:10:43.095+0000] {processor.py:914} INFO - Processing file /opt/airflow/dags/ETL_PostgreSQL.py for tasks to queue
[2025-01-18T00:10:43.098+0000] {logging_mixin.py:190} INFO - [2025-01-18T00:10:43.098+0000] {dagbag.py:588} INFO - Filling up the DagBag from /opt/airflow/dags/ETL_PostgreSQL.py
[2025-01-18T00:10:43.108+0000] {processor.py:925} INFO - DAG(s) 'DAG_ELT_PostgreSQL' retrieved from /opt/airflow/dags/ETL_PostgreSQL.py
[2025-01-18T00:10:43.130+0000] {logging_mixin.py:190} INFO - [2025-01-18T00:10:43.129+0000] {dag.py:3239} INFO - Sync 1 DAGs
[2025-01-18T00:10:43.146+0000] {logging_mixin.py:190} INFO - [2025-01-18T00:10:43.145+0000] {dag.py:4180} INFO - Setting next_dagrun for DAG_ELT_PostgreSQL to None, run_after=None
[2025-01-18T00:10:43.168+0000] {processor.py:208} INFO - Processing /opt/airflow/dags/ETL_PostgreSQL.py took 0.081 seconds
[2025-01-18T00:11:13.273+0000] {processor.py:186} INFO - Started process (PID=18822) to work on /opt/airflow/dags/ETL_PostgreSQL.py
[2025-01-18T00:11:13.275+0000] {processor.py:914} INFO - Processing file /opt/airflow/dags/ETL_PostgreSQL.py for tasks to queue
[2025-01-18T00:11:13.277+0000] {logging_mixin.py:190} INFO - [2025-01-18T00:11:13.277+0000] {dagbag.py:588} INFO - Filling up the DagBag from /opt/airflow/dags/ETL_PostgreSQL.py
[2025-01-18T00:11:13.286+0000] {processor.py:925} INFO - DAG(s) 'DAG_ELT_PostgreSQL' retrieved from /opt/airflow/dags/ETL_PostgreSQL.py
[2025-01-18T00:11:13.305+0000] {logging_mixin.py:190} INFO - [2025-01-18T00:11:13.304+0000] {dag.py:3239} INFO - Sync 1 DAGs
[2025-01-18T00:11:13.317+0000] {logging_mixin.py:190} INFO - [2025-01-18T00:11:13.317+0000] {dag.py:4180} INFO - Setting next_dagrun for DAG_ELT_PostgreSQL to None, run_after=None
[2025-01-18T00:11:13.334+0000] {processor.py:208} INFO - Processing /opt/airflow/dags/ETL_PostgreSQL.py took 0.065 seconds
[2025-01-18T00:11:43.490+0000] {processor.py:186} INFO - Started process (PID=18889) to work on /opt/airflow/dags/ETL_PostgreSQL.py
[2025-01-18T00:11:43.491+0000] {processor.py:914} INFO - Processing file /opt/airflow/dags/ETL_PostgreSQL.py for tasks to queue
[2025-01-18T00:11:43.493+0000] {logging_mixin.py:190} INFO - [2025-01-18T00:11:43.493+0000] {dagbag.py:588} INFO - Filling up the DagBag from /opt/airflow/dags/ETL_PostgreSQL.py
[2025-01-18T00:11:43.502+0000] {processor.py:925} INFO - DAG(s) 'DAG_ELT_PostgreSQL' retrieved from /opt/airflow/dags/ETL_PostgreSQL.py
[2025-01-18T00:11:43.520+0000] {logging_mixin.py:190} INFO - [2025-01-18T00:11:43.520+0000] {dag.py:3239} INFO - Sync 1 DAGs
[2025-01-18T00:11:43.533+0000] {logging_mixin.py:190} INFO - [2025-01-18T00:11:43.533+0000] {dag.py:4180} INFO - Setting next_dagrun for DAG_ELT_PostgreSQL to None, run_after=None
[2025-01-18T00:11:43.554+0000] {processor.py:208} INFO - Processing /opt/airflow/dags/ETL_PostgreSQL.py took 0.069 seconds
[2025-01-18T00:12:13.778+0000] {processor.py:186} INFO - Started process (PID=18963) to work on /opt/airflow/dags/ETL_PostgreSQL.py
[2025-01-18T00:12:13.779+0000] {processor.py:914} INFO - Processing file /opt/airflow/dags/ETL_PostgreSQL.py for tasks to queue
[2025-01-18T00:12:13.782+0000] {logging_mixin.py:190} INFO - [2025-01-18T00:12:13.781+0000] {dagbag.py:588} INFO - Filling up the DagBag from /opt/airflow/dags/ETL_PostgreSQL.py
[2025-01-18T00:12:13.809+0000] {processor.py:925} INFO - DAG(s) 'DAG_ELT_PostgreSQL' retrieved from /opt/airflow/dags/ETL_PostgreSQL.py
[2025-01-18T00:12:13.836+0000] {logging_mixin.py:190} INFO - [2025-01-18T00:12:13.836+0000] {dag.py:3239} INFO - Sync 1 DAGs
[2025-01-18T00:12:13.854+0000] {logging_mixin.py:190} INFO - [2025-01-18T00:12:13.853+0000] {dag.py:4180} INFO - Setting next_dagrun for DAG_ELT_PostgreSQL to None, run_after=None
[2025-01-18T00:12:13.875+0000] {processor.py:208} INFO - Processing /opt/airflow/dags/ETL_PostgreSQL.py took 0.105 seconds
[2025-01-18T00:12:44.189+0000] {processor.py:186} INFO - Started process (PID=19030) to work on /opt/airflow/dags/ETL_PostgreSQL.py
[2025-01-18T00:12:44.190+0000] {processor.py:914} INFO - Processing file /opt/airflow/dags/ETL_PostgreSQL.py for tasks to queue
[2025-01-18T00:12:44.192+0000] {logging_mixin.py:190} INFO - [2025-01-18T00:12:44.192+0000] {dagbag.py:588} INFO - Filling up the DagBag from /opt/airflow/dags/ETL_PostgreSQL.py
[2025-01-18T00:12:44.203+0000] {processor.py:925} INFO - DAG(s) 'DAG_ELT_PostgreSQL' retrieved from /opt/airflow/dags/ETL_PostgreSQL.py
[2025-01-18T00:12:44.224+0000] {logging_mixin.py:190} INFO - [2025-01-18T00:12:44.223+0000] {dag.py:3239} INFO - Sync 1 DAGs
[2025-01-18T00:12:44.237+0000] {logging_mixin.py:190} INFO - [2025-01-18T00:12:44.236+0000] {dag.py:4180} INFO - Setting next_dagrun for DAG_ELT_PostgreSQL to None, run_after=None
[2025-01-18T00:12:44.253+0000] {processor.py:208} INFO - Processing /opt/airflow/dags/ETL_PostgreSQL.py took 0.069 seconds
[2025-01-18T00:13:15.147+0000] {processor.py:186} INFO - Started process (PID=19097) to work on /opt/airflow/dags/ETL_PostgreSQL.py
[2025-01-18T00:13:15.150+0000] {processor.py:914} INFO - Processing file /opt/airflow/dags/ETL_PostgreSQL.py for tasks to queue
[2025-01-18T00:13:15.152+0000] {logging_mixin.py:190} INFO - [2025-01-18T00:13:15.152+0000] {dagbag.py:588} INFO - Filling up the DagBag from /opt/airflow/dags/ETL_PostgreSQL.py
[2025-01-18T00:13:15.163+0000] {processor.py:925} INFO - DAG(s) 'DAG_ELT_PostgreSQL' retrieved from /opt/airflow/dags/ETL_PostgreSQL.py
[2025-01-18T00:13:15.186+0000] {logging_mixin.py:190} INFO - [2025-01-18T00:13:15.186+0000] {dag.py:3239} INFO - Sync 1 DAGs
[2025-01-18T00:13:15.202+0000] {logging_mixin.py:190} INFO - [2025-01-18T00:13:15.202+0000] {dag.py:4180} INFO - Setting next_dagrun for DAG_ELT_PostgreSQL to None, run_after=None
[2025-01-18T00:13:15.223+0000] {processor.py:208} INFO - Processing /opt/airflow/dags/ETL_PostgreSQL.py took 0.081 seconds
[2025-01-18T00:13:45.896+0000] {processor.py:186} INFO - Started process (PID=19164) to work on /opt/airflow/dags/ETL_PostgreSQL.py
[2025-01-18T00:13:45.897+0000] {processor.py:914} INFO - Processing file /opt/airflow/dags/ETL_PostgreSQL.py for tasks to queue
[2025-01-18T00:13:45.900+0000] {logging_mixin.py:190} INFO - [2025-01-18T00:13:45.900+0000] {dagbag.py:588} INFO - Filling up the DagBag from /opt/airflow/dags/ETL_PostgreSQL.py
[2025-01-18T00:13:45.914+0000] {processor.py:925} INFO - DAG(s) 'DAG_ELT_PostgreSQL' retrieved from /opt/airflow/dags/ETL_PostgreSQL.py
[2025-01-18T00:13:45.941+0000] {logging_mixin.py:190} INFO - [2025-01-18T00:13:45.940+0000] {dag.py:3239} INFO - Sync 1 DAGs
[2025-01-18T00:13:45.972+0000] {logging_mixin.py:190} INFO - [2025-01-18T00:13:45.971+0000] {dag.py:4180} INFO - Setting next_dagrun for DAG_ELT_PostgreSQL to None, run_after=None
[2025-01-18T00:13:46.000+0000] {processor.py:208} INFO - Processing /opt/airflow/dags/ETL_PostgreSQL.py took 0.111 seconds
[2025-01-18T00:14:16.058+0000] {processor.py:186} INFO - Started process (PID=19231) to work on /opt/airflow/dags/ETL_PostgreSQL.py
[2025-01-18T00:14:16.061+0000] {processor.py:914} INFO - Processing file /opt/airflow/dags/ETL_PostgreSQL.py for tasks to queue
[2025-01-18T00:14:16.063+0000] {logging_mixin.py:190} INFO - [2025-01-18T00:14:16.063+0000] {dagbag.py:588} INFO - Filling up the DagBag from /opt/airflow/dags/ETL_PostgreSQL.py
[2025-01-18T00:14:16.075+0000] {processor.py:925} INFO - DAG(s) 'DAG_ELT_PostgreSQL' retrieved from /opt/airflow/dags/ETL_PostgreSQL.py
[2025-01-18T00:14:16.099+0000] {logging_mixin.py:190} INFO - [2025-01-18T00:14:16.098+0000] {dag.py:3239} INFO - Sync 1 DAGs
[2025-01-18T00:14:16.116+0000] {logging_mixin.py:190} INFO - [2025-01-18T00:14:16.116+0000] {dag.py:4180} INFO - Setting next_dagrun for DAG_ELT_PostgreSQL to None, run_after=None
[2025-01-18T00:14:16.142+0000] {processor.py:208} INFO - Processing /opt/airflow/dags/ETL_PostgreSQL.py took 0.090 seconds
[2025-01-18T00:14:46.390+0000] {processor.py:186} INFO - Started process (PID=19299) to work on /opt/airflow/dags/ETL_PostgreSQL.py
[2025-01-18T00:14:46.391+0000] {processor.py:914} INFO - Processing file /opt/airflow/dags/ETL_PostgreSQL.py for tasks to queue
[2025-01-18T00:14:46.394+0000] {logging_mixin.py:190} INFO - [2025-01-18T00:14:46.393+0000] {dagbag.py:588} INFO - Filling up the DagBag from /opt/airflow/dags/ETL_PostgreSQL.py
[2025-01-18T00:14:46.405+0000] {processor.py:925} INFO - DAG(s) 'DAG_ELT_PostgreSQL' retrieved from /opt/airflow/dags/ETL_PostgreSQL.py
[2025-01-18T00:14:46.427+0000] {logging_mixin.py:190} INFO - [2025-01-18T00:14:46.427+0000] {dag.py:3239} INFO - Sync 1 DAGs
[2025-01-18T00:14:46.445+0000] {logging_mixin.py:190} INFO - [2025-01-18T00:14:46.444+0000] {dag.py:4180} INFO - Setting next_dagrun for DAG_ELT_PostgreSQL to None, run_after=None
[2025-01-18T00:14:46.470+0000] {processor.py:208} INFO - Processing /opt/airflow/dags/ETL_PostgreSQL.py took 0.085 seconds
[2025-01-18T00:15:16.647+0000] {processor.py:186} INFO - Started process (PID=19366) to work on /opt/airflow/dags/ETL_PostgreSQL.py
[2025-01-18T00:15:16.657+0000] {processor.py:914} INFO - Processing file /opt/airflow/dags/ETL_PostgreSQL.py for tasks to queue
[2025-01-18T00:15:16.660+0000] {logging_mixin.py:190} INFO - [2025-01-18T00:15:16.659+0000] {dagbag.py:588} INFO - Filling up the DagBag from /opt/airflow/dags/ETL_PostgreSQL.py
[2025-01-18T00:15:16.670+0000] {processor.py:925} INFO - DAG(s) 'DAG_ELT_PostgreSQL' retrieved from /opt/airflow/dags/ETL_PostgreSQL.py
[2025-01-18T00:15:16.693+0000] {logging_mixin.py:190} INFO - [2025-01-18T00:15:16.693+0000] {dag.py:3239} INFO - Sync 1 DAGs
[2025-01-18T00:15:16.708+0000] {logging_mixin.py:190} INFO - [2025-01-18T00:15:16.707+0000] {dag.py:4180} INFO - Setting next_dagrun for DAG_ELT_PostgreSQL to None, run_after=None
[2025-01-18T00:15:16.733+0000] {processor.py:208} INFO - Processing /opt/airflow/dags/ETL_PostgreSQL.py took 0.092 seconds
[2025-01-18T00:15:47.020+0000] {processor.py:186} INFO - Started process (PID=19433) to work on /opt/airflow/dags/ETL_PostgreSQL.py
[2025-01-18T00:15:47.031+0000] {processor.py:914} INFO - Processing file /opt/airflow/dags/ETL_PostgreSQL.py for tasks to queue
[2025-01-18T00:15:47.033+0000] {logging_mixin.py:190} INFO - [2025-01-18T00:15:47.033+0000] {dagbag.py:588} INFO - Filling up the DagBag from /opt/airflow/dags/ETL_PostgreSQL.py
[2025-01-18T00:15:47.042+0000] {processor.py:925} INFO - DAG(s) 'DAG_ELT_PostgreSQL' retrieved from /opt/airflow/dags/ETL_PostgreSQL.py
[2025-01-18T00:15:47.060+0000] {logging_mixin.py:190} INFO - [2025-01-18T00:15:47.060+0000] {dag.py:3239} INFO - Sync 1 DAGs
[2025-01-18T00:15:47.073+0000] {logging_mixin.py:190} INFO - [2025-01-18T00:15:47.073+0000] {dag.py:4180} INFO - Setting next_dagrun for DAG_ELT_PostgreSQL to None, run_after=None
[2025-01-18T00:15:47.093+0000] {processor.py:208} INFO - Processing /opt/airflow/dags/ETL_PostgreSQL.py took 0.077 seconds
[2025-01-18T00:16:17.505+0000] {processor.py:186} INFO - Started process (PID=19506) to work on /opt/airflow/dags/ETL_PostgreSQL.py
[2025-01-18T00:16:17.506+0000] {processor.py:914} INFO - Processing file /opt/airflow/dags/ETL_PostgreSQL.py for tasks to queue
[2025-01-18T00:16:17.510+0000] {logging_mixin.py:190} INFO - [2025-01-18T00:16:17.509+0000] {dagbag.py:588} INFO - Filling up the DagBag from /opt/airflow/dags/ETL_PostgreSQL.py
[2025-01-18T00:16:17.523+0000] {processor.py:925} INFO - DAG(s) 'DAG_ELT_PostgreSQL' retrieved from /opt/airflow/dags/ETL_PostgreSQL.py
[2025-01-18T00:16:17.559+0000] {logging_mixin.py:190} INFO - [2025-01-18T00:16:17.558+0000] {dag.py:3239} INFO - Sync 1 DAGs
[2025-01-18T00:16:17.583+0000] {logging_mixin.py:190} INFO - [2025-01-18T00:16:17.583+0000] {dag.py:4180} INFO - Setting next_dagrun for DAG_ELT_PostgreSQL to None, run_after=None
[2025-01-18T00:16:17.607+0000] {processor.py:208} INFO - Processing /opt/airflow/dags/ETL_PostgreSQL.py took 0.108 seconds
[2025-01-18T00:16:47.869+0000] {processor.py:186} INFO - Started process (PID=19573) to work on /opt/airflow/dags/ETL_PostgreSQL.py
[2025-01-18T00:16:47.870+0000] {processor.py:914} INFO - Processing file /opt/airflow/dags/ETL_PostgreSQL.py for tasks to queue
[2025-01-18T00:16:47.872+0000] {logging_mixin.py:190} INFO - [2025-01-18T00:16:47.872+0000] {dagbag.py:588} INFO - Filling up the DagBag from /opt/airflow/dags/ETL_PostgreSQL.py
[2025-01-18T00:16:47.883+0000] {processor.py:925} INFO - DAG(s) 'DAG_ELT_PostgreSQL' retrieved from /opt/airflow/dags/ETL_PostgreSQL.py
[2025-01-18T00:16:47.908+0000] {logging_mixin.py:190} INFO - [2025-01-18T00:16:47.908+0000] {dag.py:3239} INFO - Sync 1 DAGs
[2025-01-18T00:16:47.924+0000] {logging_mixin.py:190} INFO - [2025-01-18T00:16:47.924+0000] {dag.py:4180} INFO - Setting next_dagrun for DAG_ELT_PostgreSQL to None, run_after=None
[2025-01-18T00:16:47.945+0000] {processor.py:208} INFO - Processing /opt/airflow/dags/ETL_PostgreSQL.py took 0.082 seconds
[2025-01-18T00:17:18.627+0000] {processor.py:186} INFO - Started process (PID=19640) to work on /opt/airflow/dags/ETL_PostgreSQL.py
[2025-01-18T00:17:18.629+0000] {processor.py:914} INFO - Processing file /opt/airflow/dags/ETL_PostgreSQL.py for tasks to queue
[2025-01-18T00:17:18.631+0000] {logging_mixin.py:190} INFO - [2025-01-18T00:17:18.631+0000] {dagbag.py:588} INFO - Filling up the DagBag from /opt/airflow/dags/ETL_PostgreSQL.py
[2025-01-18T00:17:18.642+0000] {processor.py:925} INFO - DAG(s) 'DAG_ELT_PostgreSQL' retrieved from /opt/airflow/dags/ETL_PostgreSQL.py
[2025-01-18T00:17:18.662+0000] {logging_mixin.py:190} INFO - [2025-01-18T00:17:18.661+0000] {dag.py:3239} INFO - Sync 1 DAGs
[2025-01-18T00:17:18.680+0000] {logging_mixin.py:190} INFO - [2025-01-18T00:17:18.680+0000] {dag.py:4180} INFO - Setting next_dagrun for DAG_ELT_PostgreSQL to None, run_after=None
[2025-01-18T00:17:18.707+0000] {processor.py:208} INFO - Processing /opt/airflow/dags/ETL_PostgreSQL.py took 0.085 seconds
[2025-01-18T00:17:48.814+0000] {processor.py:186} INFO - Started process (PID=19708) to work on /opt/airflow/dags/ETL_PostgreSQL.py
[2025-01-18T00:17:48.817+0000] {processor.py:914} INFO - Processing file /opt/airflow/dags/ETL_PostgreSQL.py for tasks to queue
[2025-01-18T00:17:48.821+0000] {logging_mixin.py:190} INFO - [2025-01-18T00:17:48.820+0000] {dagbag.py:588} INFO - Filling up the DagBag from /opt/airflow/dags/ETL_PostgreSQL.py
[2025-01-18T00:17:48.834+0000] {processor.py:925} INFO - DAG(s) 'DAG_ELT_PostgreSQL' retrieved from /opt/airflow/dags/ETL_PostgreSQL.py
[2025-01-18T00:17:48.864+0000] {logging_mixin.py:190} INFO - [2025-01-18T00:17:48.863+0000] {dag.py:3239} INFO - Sync 1 DAGs
[2025-01-18T00:17:48.885+0000] {logging_mixin.py:190} INFO - [2025-01-18T00:17:48.885+0000] {dag.py:4180} INFO - Setting next_dagrun for DAG_ELT_PostgreSQL to None, run_after=None
[2025-01-18T00:17:48.920+0000] {processor.py:208} INFO - Processing /opt/airflow/dags/ETL_PostgreSQL.py took 0.113 seconds
[2025-01-18T00:18:19.698+0000] {processor.py:186} INFO - Started process (PID=19775) to work on /opt/airflow/dags/ETL_PostgreSQL.py
[2025-01-18T00:18:19.700+0000] {processor.py:914} INFO - Processing file /opt/airflow/dags/ETL_PostgreSQL.py for tasks to queue
[2025-01-18T00:18:19.703+0000] {logging_mixin.py:190} INFO - [2025-01-18T00:18:19.702+0000] {dagbag.py:588} INFO - Filling up the DagBag from /opt/airflow/dags/ETL_PostgreSQL.py
[2025-01-18T00:18:19.715+0000] {processor.py:925} INFO - DAG(s) 'DAG_ELT_PostgreSQL' retrieved from /opt/airflow/dags/ETL_PostgreSQL.py
[2025-01-18T00:18:19.736+0000] {logging_mixin.py:190} INFO - [2025-01-18T00:18:19.736+0000] {dag.py:3239} INFO - Sync 1 DAGs
[2025-01-18T00:18:19.752+0000] {logging_mixin.py:190} INFO - [2025-01-18T00:18:19.751+0000] {dag.py:4180} INFO - Setting next_dagrun for DAG_ELT_PostgreSQL to None, run_after=None
[2025-01-18T00:18:19.773+0000] {processor.py:208} INFO - Processing /opt/airflow/dags/ETL_PostgreSQL.py took 0.080 seconds
[2025-01-18T00:18:49.919+0000] {processor.py:186} INFO - Started process (PID=19842) to work on /opt/airflow/dags/ETL_PostgreSQL.py
[2025-01-18T00:18:49.920+0000] {processor.py:914} INFO - Processing file /opt/airflow/dags/ETL_PostgreSQL.py for tasks to queue
[2025-01-18T00:18:49.922+0000] {logging_mixin.py:190} INFO - [2025-01-18T00:18:49.922+0000] {dagbag.py:588} INFO - Filling up the DagBag from /opt/airflow/dags/ETL_PostgreSQL.py
[2025-01-18T00:18:49.934+0000] {processor.py:925} INFO - DAG(s) 'DAG_ELT_PostgreSQL' retrieved from /opt/airflow/dags/ETL_PostgreSQL.py
[2025-01-18T00:18:49.956+0000] {logging_mixin.py:190} INFO - [2025-01-18T00:18:49.956+0000] {dag.py:3239} INFO - Sync 1 DAGs
[2025-01-18T00:18:49.974+0000] {logging_mixin.py:190} INFO - [2025-01-18T00:18:49.973+0000] {dag.py:4180} INFO - Setting next_dagrun for DAG_ELT_PostgreSQL to None, run_after=None
[2025-01-18T00:18:50.003+0000] {processor.py:208} INFO - Processing /opt/airflow/dags/ETL_PostgreSQL.py took 0.089 seconds
[2025-01-18T00:19:20.688+0000] {processor.py:186} INFO - Started process (PID=19909) to work on /opt/airflow/dags/ETL_PostgreSQL.py
[2025-01-18T00:19:20.698+0000] {processor.py:914} INFO - Processing file /opt/airflow/dags/ETL_PostgreSQL.py for tasks to queue
[2025-01-18T00:19:20.701+0000] {logging_mixin.py:190} INFO - [2025-01-18T00:19:20.701+0000] {dagbag.py:588} INFO - Filling up the DagBag from /opt/airflow/dags/ETL_PostgreSQL.py
[2025-01-18T00:19:20.713+0000] {processor.py:925} INFO - DAG(s) 'DAG_ELT_PostgreSQL' retrieved from /opt/airflow/dags/ETL_PostgreSQL.py
[2025-01-18T00:19:20.733+0000] {logging_mixin.py:190} INFO - [2025-01-18T00:19:20.733+0000] {dag.py:3239} INFO - Sync 1 DAGs
[2025-01-18T00:19:20.748+0000] {logging_mixin.py:190} INFO - [2025-01-18T00:19:20.747+0000] {dag.py:4180} INFO - Setting next_dagrun for DAG_ELT_PostgreSQL to None, run_after=None
[2025-01-18T00:19:20.770+0000] {processor.py:208} INFO - Processing /opt/airflow/dags/ETL_PostgreSQL.py took 0.088 seconds
[2025-01-18T00:19:51.255+0000] {processor.py:186} INFO - Started process (PID=19976) to work on /opt/airflow/dags/ETL_PostgreSQL.py
[2025-01-18T00:19:51.256+0000] {processor.py:914} INFO - Processing file /opt/airflow/dags/ETL_PostgreSQL.py for tasks to queue
[2025-01-18T00:19:51.260+0000] {logging_mixin.py:190} INFO - [2025-01-18T00:19:51.259+0000] {dagbag.py:588} INFO - Filling up the DagBag from /opt/airflow/dags/ETL_PostgreSQL.py
[2025-01-18T00:19:51.271+0000] {processor.py:925} INFO - DAG(s) 'DAG_ELT_PostgreSQL' retrieved from /opt/airflow/dags/ETL_PostgreSQL.py
[2025-01-18T00:19:51.299+0000] {logging_mixin.py:190} INFO - [2025-01-18T00:19:51.299+0000] {dag.py:3239} INFO - Sync 1 DAGs
[2025-01-18T00:19:51.319+0000] {logging_mixin.py:190} INFO - [2025-01-18T00:19:51.319+0000] {dag.py:4180} INFO - Setting next_dagrun for DAG_ELT_PostgreSQL to None, run_after=None
[2025-01-18T00:19:51.351+0000] {processor.py:208} INFO - Processing /opt/airflow/dags/ETL_PostgreSQL.py took 0.102 seconds
[2025-01-18T00:20:21.671+0000] {processor.py:186} INFO - Started process (PID=20043) to work on /opt/airflow/dags/ETL_PostgreSQL.py
[2025-01-18T00:20:21.674+0000] {processor.py:914} INFO - Processing file /opt/airflow/dags/ETL_PostgreSQL.py for tasks to queue
[2025-01-18T00:20:21.678+0000] {logging_mixin.py:190} INFO - [2025-01-18T00:20:21.678+0000] {dagbag.py:588} INFO - Filling up the DagBag from /opt/airflow/dags/ETL_PostgreSQL.py
[2025-01-18T00:20:21.701+0000] {processor.py:925} INFO - DAG(s) 'DAG_ELT_PostgreSQL' retrieved from /opt/airflow/dags/ETL_PostgreSQL.py
[2025-01-18T00:20:21.746+0000] {logging_mixin.py:190} INFO - [2025-01-18T00:20:21.745+0000] {dag.py:3239} INFO - Sync 1 DAGs
[2025-01-18T00:20:21.775+0000] {logging_mixin.py:190} INFO - [2025-01-18T00:20:21.774+0000] {dag.py:4180} INFO - Setting next_dagrun for DAG_ELT_PostgreSQL to None, run_after=None
[2025-01-18T00:20:21.812+0000] {processor.py:208} INFO - Processing /opt/airflow/dags/ETL_PostgreSQL.py took 0.153 seconds
[2025-01-18T00:20:52.172+0000] {processor.py:186} INFO - Started process (PID=20116) to work on /opt/airflow/dags/ETL_PostgreSQL.py
[2025-01-18T00:20:52.173+0000] {processor.py:914} INFO - Processing file /opt/airflow/dags/ETL_PostgreSQL.py for tasks to queue
[2025-01-18T00:20:52.176+0000] {logging_mixin.py:190} INFO - [2025-01-18T00:20:52.176+0000] {dagbag.py:588} INFO - Filling up the DagBag from /opt/airflow/dags/ETL_PostgreSQL.py
[2025-01-18T00:20:52.188+0000] {processor.py:925} INFO - DAG(s) 'DAG_ELT_PostgreSQL' retrieved from /opt/airflow/dags/ETL_PostgreSQL.py
[2025-01-18T00:20:52.212+0000] {logging_mixin.py:190} INFO - [2025-01-18T00:20:52.211+0000] {dag.py:3239} INFO - Sync 1 DAGs
[2025-01-18T00:20:52.226+0000] {logging_mixin.py:190} INFO - [2025-01-18T00:20:52.226+0000] {dag.py:4180} INFO - Setting next_dagrun for DAG_ELT_PostgreSQL to None, run_after=None
[2025-01-18T00:20:52.249+0000] {processor.py:208} INFO - Processing /opt/airflow/dags/ETL_PostgreSQL.py took 0.083 seconds
[2025-01-18T00:21:22.702+0000] {processor.py:186} INFO - Started process (PID=20183) to work on /opt/airflow/dags/ETL_PostgreSQL.py
[2025-01-18T00:21:22.712+0000] {processor.py:914} INFO - Processing file /opt/airflow/dags/ETL_PostgreSQL.py for tasks to queue
[2025-01-18T00:21:22.715+0000] {logging_mixin.py:190} INFO - [2025-01-18T00:21:22.715+0000] {dagbag.py:588} INFO - Filling up the DagBag from /opt/airflow/dags/ETL_PostgreSQL.py
[2025-01-18T00:21:22.729+0000] {processor.py:925} INFO - DAG(s) 'DAG_ELT_PostgreSQL' retrieved from /opt/airflow/dags/ETL_PostgreSQL.py
[2025-01-18T00:21:22.760+0000] {logging_mixin.py:190} INFO - [2025-01-18T00:21:22.760+0000] {dag.py:3239} INFO - Sync 1 DAGs
[2025-01-18T00:21:22.786+0000] {logging_mixin.py:190} INFO - [2025-01-18T00:21:22.786+0000] {dag.py:4180} INFO - Setting next_dagrun for DAG_ELT_PostgreSQL to None, run_after=None
[2025-01-18T00:21:22.825+0000] {processor.py:208} INFO - Processing /opt/airflow/dags/ETL_PostgreSQL.py took 0.130 seconds
[2025-01-18T00:21:53.114+0000] {processor.py:186} INFO - Started process (PID=20250) to work on /opt/airflow/dags/ETL_PostgreSQL.py
[2025-01-18T00:21:53.117+0000] {processor.py:914} INFO - Processing file /opt/airflow/dags/ETL_PostgreSQL.py for tasks to queue
[2025-01-18T00:21:53.121+0000] {logging_mixin.py:190} INFO - [2025-01-18T00:21:53.120+0000] {dagbag.py:588} INFO - Filling up the DagBag from /opt/airflow/dags/ETL_PostgreSQL.py
[2025-01-18T00:21:53.143+0000] {processor.py:925} INFO - DAG(s) 'DAG_ELT_PostgreSQL' retrieved from /opt/airflow/dags/ETL_PostgreSQL.py
[2025-01-18T00:21:53.181+0000] {logging_mixin.py:190} INFO - [2025-01-18T00:21:53.181+0000] {dag.py:3239} INFO - Sync 1 DAGs
[2025-01-18T00:21:53.209+0000] {logging_mixin.py:190} INFO - [2025-01-18T00:21:53.209+0000] {dag.py:4180} INFO - Setting next_dagrun for DAG_ELT_PostgreSQL to None, run_after=None
[2025-01-18T00:21:53.240+0000] {processor.py:208} INFO - Processing /opt/airflow/dags/ETL_PostgreSQL.py took 0.137 seconds
[2025-01-18T00:22:23.278+0000] {processor.py:186} INFO - Started process (PID=20316) to work on /opt/airflow/dags/ETL_PostgreSQL.py
[2025-01-18T00:22:23.280+0000] {processor.py:914} INFO - Processing file /opt/airflow/dags/ETL_PostgreSQL.py for tasks to queue
[2025-01-18T00:22:23.283+0000] {logging_mixin.py:190} INFO - [2025-01-18T00:22:23.283+0000] {dagbag.py:588} INFO - Filling up the DagBag from /opt/airflow/dags/ETL_PostgreSQL.py
[2025-01-18T00:22:23.297+0000] {processor.py:925} INFO - DAG(s) 'DAG_ELT_PostgreSQL' retrieved from /opt/airflow/dags/ETL_PostgreSQL.py
[2025-01-18T00:22:23.328+0000] {logging_mixin.py:190} INFO - [2025-01-18T00:22:23.328+0000] {dag.py:3239} INFO - Sync 1 DAGs
[2025-01-18T00:22:23.354+0000] {logging_mixin.py:190} INFO - [2025-01-18T00:22:23.354+0000] {dag.py:4180} INFO - Setting next_dagrun for DAG_ELT_PostgreSQL to None, run_after=None
[2025-01-18T00:22:23.392+0000] {processor.py:208} INFO - Processing /opt/airflow/dags/ETL_PostgreSQL.py took 0.123 seconds
[2025-01-18T00:22:53.755+0000] {processor.py:186} INFO - Started process (PID=20383) to work on /opt/airflow/dags/ETL_PostgreSQL.py
[2025-01-18T00:22:53.756+0000] {processor.py:914} INFO - Processing file /opt/airflow/dags/ETL_PostgreSQL.py for tasks to queue
[2025-01-18T00:22:53.758+0000] {logging_mixin.py:190} INFO - [2025-01-18T00:22:53.758+0000] {dagbag.py:588} INFO - Filling up the DagBag from /opt/airflow/dags/ETL_PostgreSQL.py
[2025-01-18T00:22:53.771+0000] {processor.py:925} INFO - DAG(s) 'DAG_ELT_PostgreSQL' retrieved from /opt/airflow/dags/ETL_PostgreSQL.py
[2025-01-18T00:22:53.796+0000] {logging_mixin.py:190} INFO - [2025-01-18T00:22:53.795+0000] {dag.py:3239} INFO - Sync 1 DAGs
[2025-01-18T00:22:53.813+0000] {logging_mixin.py:190} INFO - [2025-01-18T00:22:53.813+0000] {dag.py:4180} INFO - Setting next_dagrun for DAG_ELT_PostgreSQL to None, run_after=None
[2025-01-18T00:22:53.836+0000] {processor.py:208} INFO - Processing /opt/airflow/dags/ETL_PostgreSQL.py took 0.090 seconds
[2025-01-18T00:23:24.217+0000] {processor.py:186} INFO - Started process (PID=20448) to work on /opt/airflow/dags/ETL_PostgreSQL.py
[2025-01-18T00:23:24.218+0000] {processor.py:914} INFO - Processing file /opt/airflow/dags/ETL_PostgreSQL.py for tasks to queue
[2025-01-18T00:23:24.220+0000] {logging_mixin.py:190} INFO - [2025-01-18T00:23:24.220+0000] {dagbag.py:588} INFO - Filling up the DagBag from /opt/airflow/dags/ETL_PostgreSQL.py
[2025-01-18T00:23:24.232+0000] {processor.py:925} INFO - DAG(s) 'DAG_ELT_PostgreSQL' retrieved from /opt/airflow/dags/ETL_PostgreSQL.py
[2025-01-18T00:23:24.253+0000] {logging_mixin.py:190} INFO - [2025-01-18T00:23:24.253+0000] {dag.py:3239} INFO - Sync 1 DAGs
[2025-01-18T00:23:24.269+0000] {logging_mixin.py:190} INFO - [2025-01-18T00:23:24.269+0000] {dag.py:4180} INFO - Setting next_dagrun for DAG_ELT_PostgreSQL to None, run_after=None
[2025-01-18T00:23:24.289+0000] {processor.py:208} INFO - Processing /opt/airflow/dags/ETL_PostgreSQL.py took 0.076 seconds
[2025-01-18T00:23:55.401+0000] {processor.py:186} INFO - Started process (PID=20515) to work on /opt/airflow/dags/ETL_PostgreSQL.py
[2025-01-18T00:23:55.403+0000] {processor.py:914} INFO - Processing file /opt/airflow/dags/ETL_PostgreSQL.py for tasks to queue
[2025-01-18T00:23:55.406+0000] {logging_mixin.py:190} INFO - [2025-01-18T00:23:55.405+0000] {dagbag.py:588} INFO - Filling up the DagBag from /opt/airflow/dags/ETL_PostgreSQL.py
[2025-01-18T00:23:55.419+0000] {processor.py:925} INFO - DAG(s) 'DAG_ELT_PostgreSQL' retrieved from /opt/airflow/dags/ETL_PostgreSQL.py
[2025-01-18T00:23:55.445+0000] {logging_mixin.py:190} INFO - [2025-01-18T00:23:55.444+0000] {dag.py:3239} INFO - Sync 1 DAGs
[2025-01-18T00:23:55.462+0000] {logging_mixin.py:190} INFO - [2025-01-18T00:23:55.462+0000] {dag.py:4180} INFO - Setting next_dagrun for DAG_ELT_PostgreSQL to None, run_after=None
[2025-01-18T00:23:55.484+0000] {processor.py:208} INFO - Processing /opt/airflow/dags/ETL_PostgreSQL.py took 0.090 seconds
[2025-01-18T00:24:25.662+0000] {processor.py:186} INFO - Started process (PID=20579) to work on /opt/airflow/dags/ETL_PostgreSQL.py
[2025-01-18T00:24:25.663+0000] {processor.py:914} INFO - Processing file /opt/airflow/dags/ETL_PostgreSQL.py for tasks to queue
[2025-01-18T00:24:25.665+0000] {logging_mixin.py:190} INFO - [2025-01-18T00:24:25.664+0000] {dagbag.py:588} INFO - Filling up the DagBag from /opt/airflow/dags/ETL_PostgreSQL.py
[2025-01-18T00:24:25.677+0000] {processor.py:925} INFO - DAG(s) 'DAG_ELT_PostgreSQL' retrieved from /opt/airflow/dags/ETL_PostgreSQL.py
[2025-01-18T00:24:25.699+0000] {logging_mixin.py:190} INFO - [2025-01-18T00:24:25.698+0000] {dag.py:3239} INFO - Sync 1 DAGs
[2025-01-18T00:24:25.715+0000] {logging_mixin.py:190} INFO - [2025-01-18T00:24:25.714+0000] {dag.py:4180} INFO - Setting next_dagrun for DAG_ELT_PostgreSQL to None, run_after=None
[2025-01-18T00:24:25.736+0000] {processor.py:208} INFO - Processing /opt/airflow/dags/ETL_PostgreSQL.py took 0.081 seconds
[2025-01-18T00:24:56.542+0000] {processor.py:186} INFO - Started process (PID=20650) to work on /opt/airflow/dags/ETL_PostgreSQL.py
[2025-01-18T00:24:56.554+0000] {processor.py:914} INFO - Processing file /opt/airflow/dags/ETL_PostgreSQL.py for tasks to queue
[2025-01-18T00:24:56.556+0000] {logging_mixin.py:190} INFO - [2025-01-18T00:24:56.556+0000] {dagbag.py:588} INFO - Filling up the DagBag from /opt/airflow/dags/ETL_PostgreSQL.py
[2025-01-18T00:24:56.568+0000] {processor.py:925} INFO - DAG(s) 'DAG_ELT_PostgreSQL' retrieved from /opt/airflow/dags/ETL_PostgreSQL.py
[2025-01-18T00:24:56.594+0000] {logging_mixin.py:190} INFO - [2025-01-18T00:24:56.593+0000] {dag.py:3239} INFO - Sync 1 DAGs
[2025-01-18T00:24:56.611+0000] {logging_mixin.py:190} INFO - [2025-01-18T00:24:56.611+0000] {dag.py:4180} INFO - Setting next_dagrun for DAG_ELT_PostgreSQL to None, run_after=None
[2025-01-18T00:24:56.642+0000] {processor.py:208} INFO - Processing /opt/airflow/dags/ETL_PostgreSQL.py took 0.106 seconds
[2025-01-18T00:25:27.324+0000] {processor.py:186} INFO - Started process (PID=20717) to work on /opt/airflow/dags/ETL_PostgreSQL.py
[2025-01-18T00:25:27.326+0000] {processor.py:914} INFO - Processing file /opt/airflow/dags/ETL_PostgreSQL.py for tasks to queue
[2025-01-18T00:25:27.330+0000] {logging_mixin.py:190} INFO - [2025-01-18T00:25:27.329+0000] {dagbag.py:588} INFO - Filling up the DagBag from /opt/airflow/dags/ETL_PostgreSQL.py
[2025-01-18T00:25:27.347+0000] {processor.py:925} INFO - DAG(s) 'DAG_ELT_PostgreSQL' retrieved from /opt/airflow/dags/ETL_PostgreSQL.py
[2025-01-18T00:25:27.386+0000] {logging_mixin.py:190} INFO - [2025-01-18T00:25:27.385+0000] {dag.py:3239} INFO - Sync 1 DAGs
[2025-01-18T00:25:27.420+0000] {logging_mixin.py:190} INFO - [2025-01-18T00:25:27.420+0000] {dag.py:4180} INFO - Setting next_dagrun for DAG_ELT_PostgreSQL to None, run_after=None
[2025-01-18T00:25:27.455+0000] {processor.py:208} INFO - Processing /opt/airflow/dags/ETL_PostgreSQL.py took 0.139 seconds
[2025-01-18T00:25:57.776+0000] {processor.py:186} INFO - Started process (PID=20784) to work on /opt/airflow/dags/ETL_PostgreSQL.py
[2025-01-18T00:25:57.778+0000] {processor.py:914} INFO - Processing file /opt/airflow/dags/ETL_PostgreSQL.py for tasks to queue
[2025-01-18T00:25:57.781+0000] {logging_mixin.py:190} INFO - [2025-01-18T00:25:57.780+0000] {dagbag.py:588} INFO - Filling up the DagBag from /opt/airflow/dags/ETL_PostgreSQL.py
[2025-01-18T00:25:57.795+0000] {processor.py:925} INFO - DAG(s) 'DAG_ELT_PostgreSQL' retrieved from /opt/airflow/dags/ETL_PostgreSQL.py
[2025-01-18T00:25:57.820+0000] {logging_mixin.py:190} INFO - [2025-01-18T00:25:57.820+0000] {dag.py:3239} INFO - Sync 1 DAGs
[2025-01-18T00:25:57.840+0000] {logging_mixin.py:190} INFO - [2025-01-18T00:25:57.839+0000] {dag.py:4180} INFO - Setting next_dagrun for DAG_ELT_PostgreSQL to None, run_after=None
[2025-01-18T00:25:57.863+0000] {processor.py:208} INFO - Processing /opt/airflow/dags/ETL_PostgreSQL.py took 0.094 seconds
[2025-01-18T00:26:27.931+0000] {processor.py:186} INFO - Started process (PID=20855) to work on /opt/airflow/dags/ETL_PostgreSQL.py
[2025-01-18T00:26:27.934+0000] {processor.py:914} INFO - Processing file /opt/airflow/dags/ETL_PostgreSQL.py for tasks to queue
[2025-01-18T00:26:27.936+0000] {logging_mixin.py:190} INFO - [2025-01-18T00:26:27.936+0000] {dagbag.py:588} INFO - Filling up the DagBag from /opt/airflow/dags/ETL_PostgreSQL.py
[2025-01-18T00:26:27.949+0000] {processor.py:925} INFO - DAG(s) 'DAG_ELT_PostgreSQL' retrieved from /opt/airflow/dags/ETL_PostgreSQL.py
[2025-01-18T00:26:27.974+0000] {logging_mixin.py:190} INFO - [2025-01-18T00:26:27.973+0000] {dag.py:3239} INFO - Sync 1 DAGs
[2025-01-18T00:26:27.991+0000] {logging_mixin.py:190} INFO - [2025-01-18T00:26:27.991+0000] {dag.py:4180} INFO - Setting next_dagrun for DAG_ELT_PostgreSQL to None, run_after=None
[2025-01-18T00:26:28.015+0000] {processor.py:208} INFO - Processing /opt/airflow/dags/ETL_PostgreSQL.py took 0.091 seconds
[2025-01-18T00:26:58.365+0000] {processor.py:186} INFO - Started process (PID=20921) to work on /opt/airflow/dags/ETL_PostgreSQL.py
[2025-01-18T00:26:58.366+0000] {processor.py:914} INFO - Processing file /opt/airflow/dags/ETL_PostgreSQL.py for tasks to queue
[2025-01-18T00:26:58.369+0000] {logging_mixin.py:190} INFO - [2025-01-18T00:26:58.368+0000] {dagbag.py:588} INFO - Filling up the DagBag from /opt/airflow/dags/ETL_PostgreSQL.py
[2025-01-18T00:26:58.381+0000] {processor.py:925} INFO - DAG(s) 'DAG_ELT_PostgreSQL' retrieved from /opt/airflow/dags/ETL_PostgreSQL.py
[2025-01-18T00:26:58.413+0000] {logging_mixin.py:190} INFO - [2025-01-18T00:26:58.412+0000] {dag.py:3239} INFO - Sync 1 DAGs
[2025-01-18T00:26:58.433+0000] {logging_mixin.py:190} INFO - [2025-01-18T00:26:58.432+0000] {dag.py:4180} INFO - Setting next_dagrun for DAG_ELT_PostgreSQL to None, run_after=None
[2025-01-18T00:26:58.457+0000] {processor.py:208} INFO - Processing /opt/airflow/dags/ETL_PostgreSQL.py took 0.098 seconds
[2025-01-18T00:27:29.014+0000] {processor.py:186} INFO - Started process (PID=20986) to work on /opt/airflow/dags/ETL_PostgreSQL.py
[2025-01-18T00:27:29.015+0000] {processor.py:914} INFO - Processing file /opt/airflow/dags/ETL_PostgreSQL.py for tasks to queue
[2025-01-18T00:27:29.020+0000] {logging_mixin.py:190} INFO - [2025-01-18T00:27:29.019+0000] {dagbag.py:588} INFO - Filling up the DagBag from /opt/airflow/dags/ETL_PostgreSQL.py
[2025-01-18T00:27:29.035+0000] {processor.py:925} INFO - DAG(s) 'DAG_ELT_PostgreSQL' retrieved from /opt/airflow/dags/ETL_PostgreSQL.py
[2025-01-18T00:27:29.060+0000] {logging_mixin.py:190} INFO - [2025-01-18T00:27:29.059+0000] {dag.py:3239} INFO - Sync 1 DAGs
[2025-01-18T00:27:29.078+0000] {logging_mixin.py:190} INFO - [2025-01-18T00:27:29.077+0000] {dag.py:4180} INFO - Setting next_dagrun for DAG_ELT_PostgreSQL to None, run_after=None
[2025-01-18T00:27:29.102+0000] {processor.py:208} INFO - Processing /opt/airflow/dags/ETL_PostgreSQL.py took 0.095 seconds
[2025-01-18T00:27:59.366+0000] {processor.py:186} INFO - Started process (PID=21053) to work on /opt/airflow/dags/ETL_PostgreSQL.py
[2025-01-18T00:27:59.376+0000] {processor.py:914} INFO - Processing file /opt/airflow/dags/ETL_PostgreSQL.py for tasks to queue
[2025-01-18T00:27:59.378+0000] {logging_mixin.py:190} INFO - [2025-01-18T00:27:59.378+0000] {dagbag.py:588} INFO - Filling up the DagBag from /opt/airflow/dags/ETL_PostgreSQL.py
[2025-01-18T00:27:59.389+0000] {processor.py:925} INFO - DAG(s) 'DAG_ELT_PostgreSQL' retrieved from /opt/airflow/dags/ETL_PostgreSQL.py
[2025-01-18T00:27:59.412+0000] {logging_mixin.py:190} INFO - [2025-01-18T00:27:59.412+0000] {dag.py:3239} INFO - Sync 1 DAGs
[2025-01-18T00:27:59.427+0000] {logging_mixin.py:190} INFO - [2025-01-18T00:27:59.426+0000] {dag.py:4180} INFO - Setting next_dagrun for DAG_ELT_PostgreSQL to None, run_after=None
[2025-01-18T00:27:59.449+0000] {processor.py:208} INFO - Processing /opt/airflow/dags/ETL_PostgreSQL.py took 0.088 seconds
[2025-01-18T00:28:29.583+0000] {processor.py:186} INFO - Started process (PID=21118) to work on /opt/airflow/dags/ETL_PostgreSQL.py
[2025-01-18T00:28:29.584+0000] {processor.py:914} INFO - Processing file /opt/airflow/dags/ETL_PostgreSQL.py for tasks to queue
[2025-01-18T00:28:29.586+0000] {logging_mixin.py:190} INFO - [2025-01-18T00:28:29.586+0000] {dagbag.py:588} INFO - Filling up the DagBag from /opt/airflow/dags/ETL_PostgreSQL.py
[2025-01-18T00:28:29.597+0000] {processor.py:925} INFO - DAG(s) 'DAG_ELT_PostgreSQL' retrieved from /opt/airflow/dags/ETL_PostgreSQL.py
[2025-01-18T00:28:29.622+0000] {logging_mixin.py:190} INFO - [2025-01-18T00:28:29.621+0000] {dag.py:3239} INFO - Sync 1 DAGs
[2025-01-18T00:28:29.637+0000] {logging_mixin.py:190} INFO - [2025-01-18T00:28:29.637+0000] {dag.py:4180} INFO - Setting next_dagrun for DAG_ELT_PostgreSQL to None, run_after=None
[2025-01-18T00:28:29.661+0000] {processor.py:208} INFO - Processing /opt/airflow/dags/ETL_PostgreSQL.py took 0.084 seconds
[2025-01-18T00:29:00.120+0000] {processor.py:186} INFO - Started process (PID=21185) to work on /opt/airflow/dags/ETL_PostgreSQL.py
[2025-01-18T00:29:00.122+0000] {processor.py:914} INFO - Processing file /opt/airflow/dags/ETL_PostgreSQL.py for tasks to queue
[2025-01-18T00:29:00.124+0000] {logging_mixin.py:190} INFO - [2025-01-18T00:29:00.123+0000] {dagbag.py:588} INFO - Filling up the DagBag from /opt/airflow/dags/ETL_PostgreSQL.py
[2025-01-18T00:29:00.134+0000] {processor.py:925} INFO - DAG(s) 'DAG_ELT_PostgreSQL' retrieved from /opt/airflow/dags/ETL_PostgreSQL.py
[2025-01-18T00:29:00.155+0000] {logging_mixin.py:190} INFO - [2025-01-18T00:29:00.154+0000] {dag.py:3239} INFO - Sync 1 DAGs
[2025-01-18T00:29:00.170+0000] {logging_mixin.py:190} INFO - [2025-01-18T00:29:00.170+0000] {dag.py:4180} INFO - Setting next_dagrun for DAG_ELT_PostgreSQL to None, run_after=None
[2025-01-18T00:29:00.199+0000] {processor.py:208} INFO - Processing /opt/airflow/dags/ETL_PostgreSQL.py took 0.084 seconds
[2025-01-18T00:29:30.741+0000] {processor.py:186} INFO - Started process (PID=21258) to work on /opt/airflow/dags/ETL_PostgreSQL.py
[2025-01-18T00:29:30.742+0000] {processor.py:914} INFO - Processing file /opt/airflow/dags/ETL_PostgreSQL.py for tasks to queue
[2025-01-18T00:29:30.745+0000] {logging_mixin.py:190} INFO - [2025-01-18T00:29:30.744+0000] {dagbag.py:588} INFO - Filling up the DagBag from /opt/airflow/dags/ETL_PostgreSQL.py
[2025-01-18T00:29:30.756+0000] {processor.py:925} INFO - DAG(s) 'DAG_ELT_PostgreSQL' retrieved from /opt/airflow/dags/ETL_PostgreSQL.py
[2025-01-18T00:29:30.777+0000] {logging_mixin.py:190} INFO - [2025-01-18T00:29:30.776+0000] {dag.py:3239} INFO - Sync 1 DAGs
[2025-01-18T00:29:30.792+0000] {logging_mixin.py:190} INFO - [2025-01-18T00:29:30.791+0000] {dag.py:4180} INFO - Setting next_dagrun for DAG_ELT_PostgreSQL to None, run_after=None
[2025-01-18T00:29:30.814+0000] {processor.py:208} INFO - Processing /opt/airflow/dags/ETL_PostgreSQL.py took 0.078 seconds
[2025-01-18T00:30:01.508+0000] {processor.py:186} INFO - Started process (PID=21325) to work on /opt/airflow/dags/ETL_PostgreSQL.py
[2025-01-18T00:30:01.510+0000] {processor.py:914} INFO - Processing file /opt/airflow/dags/ETL_PostgreSQL.py for tasks to queue
[2025-01-18T00:30:01.512+0000] {logging_mixin.py:190} INFO - [2025-01-18T00:30:01.512+0000] {dagbag.py:588} INFO - Filling up the DagBag from /opt/airflow/dags/ETL_PostgreSQL.py
[2025-01-18T00:30:01.522+0000] {processor.py:925} INFO - DAG(s) 'DAG_ELT_PostgreSQL' retrieved from /opt/airflow/dags/ETL_PostgreSQL.py
[2025-01-18T00:30:01.545+0000] {logging_mixin.py:190} INFO - [2025-01-18T00:30:01.545+0000] {dag.py:3239} INFO - Sync 1 DAGs
[2025-01-18T00:30:01.561+0000] {logging_mixin.py:190} INFO - [2025-01-18T00:30:01.561+0000] {dag.py:4180} INFO - Setting next_dagrun for DAG_ELT_PostgreSQL to None, run_after=None
[2025-01-18T00:30:01.586+0000] {processor.py:208} INFO - Processing /opt/airflow/dags/ETL_PostgreSQL.py took 0.083 seconds
[2025-01-18T00:30:32.452+0000] {processor.py:186} INFO - Started process (PID=21392) to work on /opt/airflow/dags/ETL_PostgreSQL.py
[2025-01-18T00:30:32.453+0000] {processor.py:914} INFO - Processing file /opt/airflow/dags/ETL_PostgreSQL.py for tasks to queue
[2025-01-18T00:30:32.456+0000] {logging_mixin.py:190} INFO - [2025-01-18T00:30:32.455+0000] {dagbag.py:588} INFO - Filling up the DagBag from /opt/airflow/dags/ETL_PostgreSQL.py
[2025-01-18T00:30:32.466+0000] {processor.py:925} INFO - DAG(s) 'DAG_ELT_PostgreSQL' retrieved from /opt/airflow/dags/ETL_PostgreSQL.py
[2025-01-18T00:30:32.499+0000] {logging_mixin.py:190} INFO - [2025-01-18T00:30:32.499+0000] {dag.py:3239} INFO - Sync 1 DAGs
[2025-01-18T00:30:32.520+0000] {logging_mixin.py:190} INFO - [2025-01-18T00:30:32.520+0000] {dag.py:4180} INFO - Setting next_dagrun for DAG_ELT_PostgreSQL to None, run_after=None
[2025-01-18T00:30:32.551+0000] {processor.py:208} INFO - Processing /opt/airflow/dags/ETL_PostgreSQL.py took 0.105 seconds
[2025-01-18T00:31:03.002+0000] {processor.py:186} INFO - Started process (PID=21459) to work on /opt/airflow/dags/ETL_PostgreSQL.py
[2025-01-18T00:31:03.004+0000] {processor.py:914} INFO - Processing file /opt/airflow/dags/ETL_PostgreSQL.py for tasks to queue
[2025-01-18T00:31:03.008+0000] {logging_mixin.py:190} INFO - [2025-01-18T00:31:03.007+0000] {dagbag.py:588} INFO - Filling up the DagBag from /opt/airflow/dags/ETL_PostgreSQL.py
[2025-01-18T00:31:03.020+0000] {processor.py:925} INFO - DAG(s) 'DAG_ELT_PostgreSQL' retrieved from /opt/airflow/dags/ETL_PostgreSQL.py
[2025-01-18T00:31:03.047+0000] {logging_mixin.py:190} INFO - [2025-01-18T00:31:03.047+0000] {dag.py:3239} INFO - Sync 1 DAGs
[2025-01-18T00:31:03.068+0000] {logging_mixin.py:190} INFO - [2025-01-18T00:31:03.067+0000] {dag.py:4180} INFO - Setting next_dagrun for DAG_ELT_PostgreSQL to None, run_after=None
[2025-01-18T00:31:03.091+0000] {processor.py:208} INFO - Processing /opt/airflow/dags/ETL_PostgreSQL.py took 0.096 seconds
[2025-01-18T00:31:33.166+0000] {processor.py:186} INFO - Started process (PID=21526) to work on /opt/airflow/dags/ETL_PostgreSQL.py
[2025-01-18T00:31:33.167+0000] {processor.py:914} INFO - Processing file /opt/airflow/dags/ETL_PostgreSQL.py for tasks to queue
[2025-01-18T00:31:33.169+0000] {logging_mixin.py:190} INFO - [2025-01-18T00:31:33.169+0000] {dagbag.py:588} INFO - Filling up the DagBag from /opt/airflow/dags/ETL_PostgreSQL.py
[2025-01-18T00:31:33.182+0000] {processor.py:925} INFO - DAG(s) 'DAG_ELT_PostgreSQL' retrieved from /opt/airflow/dags/ETL_PostgreSQL.py
[2025-01-18T00:31:33.206+0000] {logging_mixin.py:190} INFO - [2025-01-18T00:31:33.206+0000] {dag.py:3239} INFO - Sync 1 DAGs
[2025-01-18T00:31:33.222+0000] {logging_mixin.py:190} INFO - [2025-01-18T00:31:33.222+0000] {dag.py:4180} INFO - Setting next_dagrun for DAG_ELT_PostgreSQL to None, run_after=None
[2025-01-18T00:31:33.244+0000] {processor.py:208} INFO - Processing /opt/airflow/dags/ETL_PostgreSQL.py took 0.084 seconds
[2025-01-18T00:32:03.739+0000] {processor.py:186} INFO - Started process (PID=21593) to work on /opt/airflow/dags/ETL_PostgreSQL.py
[2025-01-18T00:32:03.741+0000] {processor.py:914} INFO - Processing file /opt/airflow/dags/ETL_PostgreSQL.py for tasks to queue
[2025-01-18T00:32:03.743+0000] {logging_mixin.py:190} INFO - [2025-01-18T00:32:03.743+0000] {dagbag.py:588} INFO - Filling up the DagBag from /opt/airflow/dags/ETL_PostgreSQL.py
[2025-01-18T00:32:03.755+0000] {processor.py:925} INFO - DAG(s) 'DAG_ELT_PostgreSQL' retrieved from /opt/airflow/dags/ETL_PostgreSQL.py
[2025-01-18T00:32:03.776+0000] {logging_mixin.py:190} INFO - [2025-01-18T00:32:03.776+0000] {dag.py:3239} INFO - Sync 1 DAGs
[2025-01-18T00:32:03.792+0000] {logging_mixin.py:190} INFO - [2025-01-18T00:32:03.791+0000] {dag.py:4180} INFO - Setting next_dagrun for DAG_ELT_PostgreSQL to None, run_after=None
[2025-01-18T00:32:03.815+0000] {processor.py:208} INFO - Processing /opt/airflow/dags/ETL_PostgreSQL.py took 0.082 seconds
[2025-01-18T00:32:33.967+0000] {processor.py:186} INFO - Started process (PID=21660) to work on /opt/airflow/dags/ETL_PostgreSQL.py
[2025-01-18T00:32:33.968+0000] {processor.py:914} INFO - Processing file /opt/airflow/dags/ETL_PostgreSQL.py for tasks to queue
[2025-01-18T00:32:33.970+0000] {logging_mixin.py:190} INFO - [2025-01-18T00:32:33.970+0000] {dagbag.py:588} INFO - Filling up the DagBag from /opt/airflow/dags/ETL_PostgreSQL.py
[2025-01-18T00:32:33.982+0000] {processor.py:925} INFO - DAG(s) 'DAG_ELT_PostgreSQL' retrieved from /opt/airflow/dags/ETL_PostgreSQL.py
[2025-01-18T00:32:34.002+0000] {logging_mixin.py:190} INFO - [2025-01-18T00:32:34.002+0000] {dag.py:3239} INFO - Sync 1 DAGs
[2025-01-18T00:32:34.019+0000] {logging_mixin.py:190} INFO - [2025-01-18T00:32:34.019+0000] {dag.py:4180} INFO - Setting next_dagrun for DAG_ELT_PostgreSQL to None, run_after=None
[2025-01-18T00:32:34.043+0000] {processor.py:208} INFO - Processing /opt/airflow/dags/ETL_PostgreSQL.py took 0.081 seconds
[2025-01-18T00:33:04.822+0000] {processor.py:186} INFO - Started process (PID=21727) to work on /opt/airflow/dags/ETL_PostgreSQL.py
[2025-01-18T00:33:04.823+0000] {processor.py:914} INFO - Processing file /opt/airflow/dags/ETL_PostgreSQL.py for tasks to queue
[2025-01-18T00:33:04.825+0000] {logging_mixin.py:190} INFO - [2025-01-18T00:33:04.825+0000] {dagbag.py:588} INFO - Filling up the DagBag from /opt/airflow/dags/ETL_PostgreSQL.py
[2025-01-18T00:33:04.835+0000] {processor.py:925} INFO - DAG(s) 'DAG_ELT_PostgreSQL' retrieved from /opt/airflow/dags/ETL_PostgreSQL.py
[2025-01-18T00:33:04.854+0000] {logging_mixin.py:190} INFO - [2025-01-18T00:33:04.854+0000] {dag.py:3239} INFO - Sync 1 DAGs
[2025-01-18T00:33:04.868+0000] {logging_mixin.py:190} INFO - [2025-01-18T00:33:04.867+0000] {dag.py:4180} INFO - Setting next_dagrun for DAG_ELT_PostgreSQL to None, run_after=None
[2025-01-18T00:33:04.887+0000] {processor.py:208} INFO - Processing /opt/airflow/dags/ETL_PostgreSQL.py took 0.070 seconds
[2025-01-18T00:33:35.179+0000] {processor.py:186} INFO - Started process (PID=21800) to work on /opt/airflow/dags/ETL_PostgreSQL.py
[2025-01-18T00:33:35.181+0000] {processor.py:914} INFO - Processing file /opt/airflow/dags/ETL_PostgreSQL.py for tasks to queue
[2025-01-18T00:33:35.183+0000] {logging_mixin.py:190} INFO - [2025-01-18T00:33:35.183+0000] {dagbag.py:588} INFO - Filling up the DagBag from /opt/airflow/dags/ETL_PostgreSQL.py
[2025-01-18T00:33:35.193+0000] {processor.py:925} INFO - DAG(s) 'DAG_ELT_PostgreSQL' retrieved from /opt/airflow/dags/ETL_PostgreSQL.py
[2025-01-18T00:33:35.213+0000] {logging_mixin.py:190} INFO - [2025-01-18T00:33:35.212+0000] {dag.py:3239} INFO - Sync 1 DAGs
[2025-01-18T00:33:35.229+0000] {logging_mixin.py:190} INFO - [2025-01-18T00:33:35.228+0000] {dag.py:4180} INFO - Setting next_dagrun for DAG_ELT_PostgreSQL to None, run_after=None
[2025-01-18T00:33:35.262+0000] {processor.py:208} INFO - Processing /opt/airflow/dags/ETL_PostgreSQL.py took 0.087 seconds
[2025-01-18T00:34:05.376+0000] {processor.py:186} INFO - Started process (PID=21868) to work on /opt/airflow/dags/ETL_PostgreSQL.py
[2025-01-18T00:34:05.378+0000] {processor.py:914} INFO - Processing file /opt/airflow/dags/ETL_PostgreSQL.py for tasks to queue
[2025-01-18T00:34:05.381+0000] {logging_mixin.py:190} INFO - [2025-01-18T00:34:05.381+0000] {dagbag.py:588} INFO - Filling up the DagBag from /opt/airflow/dags/ETL_PostgreSQL.py
[2025-01-18T00:34:05.394+0000] {processor.py:925} INFO - DAG(s) 'DAG_ELT_PostgreSQL' retrieved from /opt/airflow/dags/ETL_PostgreSQL.py
[2025-01-18T00:34:05.418+0000] {logging_mixin.py:190} INFO - [2025-01-18T00:34:05.417+0000] {dag.py:3239} INFO - Sync 1 DAGs
[2025-01-18T00:34:05.434+0000] {logging_mixin.py:190} INFO - [2025-01-18T00:34:05.434+0000] {dag.py:4180} INFO - Setting next_dagrun for DAG_ELT_PostgreSQL to None, run_after=None
[2025-01-18T00:34:05.455+0000] {processor.py:208} INFO - Processing /opt/airflow/dags/ETL_PostgreSQL.py took 0.085 seconds
[2025-01-18T00:34:35.642+0000] {processor.py:186} INFO - Started process (PID=21935) to work on /opt/airflow/dags/ETL_PostgreSQL.py
[2025-01-18T00:34:35.643+0000] {processor.py:914} INFO - Processing file /opt/airflow/dags/ETL_PostgreSQL.py for tasks to queue
[2025-01-18T00:34:35.646+0000] {logging_mixin.py:190} INFO - [2025-01-18T00:34:35.645+0000] {dagbag.py:588} INFO - Filling up the DagBag from /opt/airflow/dags/ETL_PostgreSQL.py
[2025-01-18T00:34:35.663+0000] {processor.py:925} INFO - DAG(s) 'DAG_ELT_PostgreSQL' retrieved from /opt/airflow/dags/ETL_PostgreSQL.py
[2025-01-18T00:34:35.688+0000] {logging_mixin.py:190} INFO - [2025-01-18T00:34:35.687+0000] {dag.py:3239} INFO - Sync 1 DAGs
[2025-01-18T00:34:35.703+0000] {logging_mixin.py:190} INFO - [2025-01-18T00:34:35.703+0000] {dag.py:4180} INFO - Setting next_dagrun for DAG_ELT_PostgreSQL to None, run_after=None
[2025-01-18T00:34:35.723+0000] {processor.py:208} INFO - Processing /opt/airflow/dags/ETL_PostgreSQL.py took 0.087 seconds
[2025-01-18T00:35:06.198+0000] {processor.py:186} INFO - Started process (PID=22002) to work on /opt/airflow/dags/ETL_PostgreSQL.py
[2025-01-18T00:35:06.199+0000] {processor.py:914} INFO - Processing file /opt/airflow/dags/ETL_PostgreSQL.py for tasks to queue
[2025-01-18T00:35:06.201+0000] {logging_mixin.py:190} INFO - [2025-01-18T00:35:06.201+0000] {dagbag.py:588} INFO - Filling up the DagBag from /opt/airflow/dags/ETL_PostgreSQL.py
[2025-01-18T00:35:06.211+0000] {processor.py:925} INFO - DAG(s) 'DAG_ELT_PostgreSQL' retrieved from /opt/airflow/dags/ETL_PostgreSQL.py
[2025-01-18T00:35:06.230+0000] {logging_mixin.py:190} INFO - [2025-01-18T00:35:06.229+0000] {dag.py:3239} INFO - Sync 1 DAGs
[2025-01-18T00:35:06.243+0000] {logging_mixin.py:190} INFO - [2025-01-18T00:35:06.243+0000] {dag.py:4180} INFO - Setting next_dagrun for DAG_ELT_PostgreSQL to None, run_after=None
[2025-01-18T00:35:06.261+0000] {processor.py:208} INFO - Processing /opt/airflow/dags/ETL_PostgreSQL.py took 0.068 seconds
[2025-01-18T00:35:36.471+0000] {processor.py:186} INFO - Started process (PID=22069) to work on /opt/airflow/dags/ETL_PostgreSQL.py
[2025-01-18T00:35:36.472+0000] {processor.py:914} INFO - Processing file /opt/airflow/dags/ETL_PostgreSQL.py for tasks to queue
[2025-01-18T00:35:36.475+0000] {logging_mixin.py:190} INFO - [2025-01-18T00:35:36.475+0000] {dagbag.py:588} INFO - Filling up the DagBag from /opt/airflow/dags/ETL_PostgreSQL.py
[2025-01-18T00:35:36.487+0000] {processor.py:925} INFO - DAG(s) 'DAG_ELT_PostgreSQL' retrieved from /opt/airflow/dags/ETL_PostgreSQL.py
[2025-01-18T00:35:36.512+0000] {logging_mixin.py:190} INFO - [2025-01-18T00:35:36.511+0000] {dag.py:3239} INFO - Sync 1 DAGs
[2025-01-18T00:35:36.530+0000] {logging_mixin.py:190} INFO - [2025-01-18T00:35:36.530+0000] {dag.py:4180} INFO - Setting next_dagrun for DAG_ELT_PostgreSQL to None, run_after=None
[2025-01-18T00:35:36.554+0000] {processor.py:208} INFO - Processing /opt/airflow/dags/ETL_PostgreSQL.py took 0.088 seconds
