[2025-01-18T00:00:23.491+0000] {processor.py:186} INFO - Started process (PID=17389) to work on /opt/airflow/dags/prueba_api.py
[2025-01-18T00:00:23.492+0000] {processor.py:914} INFO - Processing file /opt/airflow/dags/prueba_api.py for tasks to queue
[2025-01-18T00:00:23.494+0000] {logging_mixin.py:190} INFO - [2025-01-18T00:00:23.494+0000] {dagbag.py:588} INFO - Filling up the DagBag from /opt/airflow/dags/prueba_api.py
[2025-01-18T00:00:23.504+0000] {processor.py:925} INFO - DAG(s) 'api_to_csv_dag' retrieved from /opt/airflow/dags/prueba_api.py
[2025-01-18T00:00:23.525+0000] {logging_mixin.py:190} INFO - [2025-01-18T00:00:23.525+0000] {dag.py:3239} INFO - Sync 1 DAGs
[2025-01-18T00:00:23.563+0000] {logging_mixin.py:190} INFO - [2025-01-18T00:00:23.563+0000] {dag.py:4180} INFO - Setting next_dagrun for api_to_csv_dag to 2025-01-17 00:00:00+00:00, run_after=2025-01-18 00:00:00+00:00
[2025-01-18T00:00:23.604+0000] {processor.py:208} INFO - Processing /opt/airflow/dags/prueba_api.py took 0.120 seconds
[2025-01-18T00:00:54.136+0000] {processor.py:186} INFO - Started process (PID=17456) to work on /opt/airflow/dags/prueba_api.py
[2025-01-18T00:00:54.138+0000] {processor.py:914} INFO - Processing file /opt/airflow/dags/prueba_api.py for tasks to queue
[2025-01-18T00:00:54.140+0000] {logging_mixin.py:190} INFO - [2025-01-18T00:00:54.139+0000] {dagbag.py:588} INFO - Filling up the DagBag from /opt/airflow/dags/prueba_api.py
[2025-01-18T00:00:54.149+0000] {processor.py:925} INFO - DAG(s) 'api_to_csv_dag' retrieved from /opt/airflow/dags/prueba_api.py
[2025-01-18T00:00:54.172+0000] {logging_mixin.py:190} INFO - [2025-01-18T00:00:54.172+0000] {dag.py:3239} INFO - Sync 1 DAGs
[2025-01-18T00:00:54.209+0000] {logging_mixin.py:190} INFO - [2025-01-18T00:00:54.209+0000] {dag.py:4180} INFO - Setting next_dagrun for api_to_csv_dag to 2025-01-17 00:00:00+00:00, run_after=2025-01-18 00:00:00+00:00
[2025-01-18T00:00:54.235+0000] {processor.py:208} INFO - Processing /opt/airflow/dags/prueba_api.py took 0.104 seconds
[2025-01-18T00:01:24.833+0000] {processor.py:186} INFO - Started process (PID=17522) to work on /opt/airflow/dags/prueba_api.py
[2025-01-18T00:01:24.835+0000] {processor.py:914} INFO - Processing file /opt/airflow/dags/prueba_api.py for tasks to queue
[2025-01-18T00:01:24.838+0000] {logging_mixin.py:190} INFO - [2025-01-18T00:01:24.838+0000] {dagbag.py:588} INFO - Filling up the DagBag from /opt/airflow/dags/prueba_api.py
[2025-01-18T00:01:24.847+0000] {processor.py:925} INFO - DAG(s) 'api_to_csv_dag' retrieved from /opt/airflow/dags/prueba_api.py
[2025-01-18T00:01:24.869+0000] {logging_mixin.py:190} INFO - [2025-01-18T00:01:24.869+0000] {dag.py:3239} INFO - Sync 1 DAGs
[2025-01-18T00:01:24.899+0000] {logging_mixin.py:190} INFO - [2025-01-18T00:01:24.899+0000] {dag.py:4180} INFO - Setting next_dagrun for api_to_csv_dag to 2025-01-17 00:00:00+00:00, run_after=2025-01-18 00:00:00+00:00
[2025-01-18T00:01:24.926+0000] {processor.py:208} INFO - Processing /opt/airflow/dags/prueba_api.py took 0.101 seconds
[2025-01-18T00:01:55.705+0000] {processor.py:186} INFO - Started process (PID=17589) to work on /opt/airflow/dags/prueba_api.py
[2025-01-18T00:01:55.706+0000] {processor.py:914} INFO - Processing file /opt/airflow/dags/prueba_api.py for tasks to queue
[2025-01-18T00:01:55.709+0000] {logging_mixin.py:190} INFO - [2025-01-18T00:01:55.708+0000] {dagbag.py:588} INFO - Filling up the DagBag from /opt/airflow/dags/prueba_api.py
[2025-01-18T00:01:55.717+0000] {processor.py:925} INFO - DAG(s) 'api_to_csv_dag' retrieved from /opt/airflow/dags/prueba_api.py
[2025-01-18T00:01:55.738+0000] {logging_mixin.py:190} INFO - [2025-01-18T00:01:55.738+0000] {dag.py:3239} INFO - Sync 1 DAGs
[2025-01-18T00:01:55.769+0000] {logging_mixin.py:190} INFO - [2025-01-18T00:01:55.769+0000] {dag.py:4180} INFO - Setting next_dagrun for api_to_csv_dag to 2025-01-17 00:00:00+00:00, run_after=2025-01-18 00:00:00+00:00
[2025-01-18T00:01:55.790+0000] {processor.py:208} INFO - Processing /opt/airflow/dags/prueba_api.py took 0.090 seconds
[2025-01-18T00:02:26.474+0000] {processor.py:186} INFO - Started process (PID=17656) to work on /opt/airflow/dags/prueba_api.py
[2025-01-18T00:02:26.476+0000] {processor.py:914} INFO - Processing file /opt/airflow/dags/prueba_api.py for tasks to queue
[2025-01-18T00:02:26.479+0000] {logging_mixin.py:190} INFO - [2025-01-18T00:02:26.479+0000] {dagbag.py:588} INFO - Filling up the DagBag from /opt/airflow/dags/prueba_api.py
[2025-01-18T00:02:26.488+0000] {processor.py:925} INFO - DAG(s) 'api_to_csv_dag' retrieved from /opt/airflow/dags/prueba_api.py
[2025-01-18T00:02:26.510+0000] {logging_mixin.py:190} INFO - [2025-01-18T00:02:26.510+0000] {dag.py:3239} INFO - Sync 1 DAGs
[2025-01-18T00:02:26.539+0000] {logging_mixin.py:190} INFO - [2025-01-18T00:02:26.539+0000] {dag.py:4180} INFO - Setting next_dagrun for api_to_csv_dag to 2025-01-17 00:00:00+00:00, run_after=2025-01-18 00:00:00+00:00
[2025-01-18T00:02:26.561+0000] {processor.py:208} INFO - Processing /opt/airflow/dags/prueba_api.py took 0.093 seconds
[2025-01-18T00:02:56.924+0000] {processor.py:186} INFO - Started process (PID=17724) to work on /opt/airflow/dags/prueba_api.py
[2025-01-18T00:02:56.925+0000] {processor.py:914} INFO - Processing file /opt/airflow/dags/prueba_api.py for tasks to queue
[2025-01-18T00:02:56.929+0000] {logging_mixin.py:190} INFO - [2025-01-18T00:02:56.928+0000] {dagbag.py:588} INFO - Filling up the DagBag from /opt/airflow/dags/prueba_api.py
[2025-01-18T00:02:56.936+0000] {processor.py:925} INFO - DAG(s) 'api_to_csv_dag' retrieved from /opt/airflow/dags/prueba_api.py
[2025-01-18T00:02:56.955+0000] {logging_mixin.py:190} INFO - [2025-01-18T00:02:56.955+0000] {dag.py:3239} INFO - Sync 1 DAGs
[2025-01-18T00:02:56.978+0000] {logging_mixin.py:190} INFO - [2025-01-18T00:02:56.977+0000] {dag.py:4180} INFO - Setting next_dagrun for api_to_csv_dag to 2025-01-17 00:00:00+00:00, run_after=2025-01-18 00:00:00+00:00
[2025-01-18T00:02:56.998+0000] {processor.py:208} INFO - Processing /opt/airflow/dags/prueba_api.py took 0.078 seconds
[2025-01-18T00:03:27.309+0000] {processor.py:186} INFO - Started process (PID=17791) to work on /opt/airflow/dags/prueba_api.py
[2025-01-18T00:03:27.311+0000] {processor.py:914} INFO - Processing file /opt/airflow/dags/prueba_api.py for tasks to queue
[2025-01-18T00:03:27.313+0000] {logging_mixin.py:190} INFO - [2025-01-18T00:03:27.313+0000] {dagbag.py:588} INFO - Filling up the DagBag from /opt/airflow/dags/prueba_api.py
[2025-01-18T00:03:27.325+0000] {processor.py:925} INFO - DAG(s) 'api_to_csv_dag' retrieved from /opt/airflow/dags/prueba_api.py
[2025-01-18T00:03:27.352+0000] {logging_mixin.py:190} INFO - [2025-01-18T00:03:27.352+0000] {dag.py:3239} INFO - Sync 1 DAGs
[2025-01-18T00:03:27.395+0000] {logging_mixin.py:190} INFO - [2025-01-18T00:03:27.395+0000] {dag.py:4180} INFO - Setting next_dagrun for api_to_csv_dag to 2025-01-17 00:00:00+00:00, run_after=2025-01-18 00:00:00+00:00
[2025-01-18T00:03:27.416+0000] {processor.py:208} INFO - Processing /opt/airflow/dags/prueba_api.py took 0.115 seconds
[2025-01-18T00:03:57.906+0000] {processor.py:186} INFO - Started process (PID=17858) to work on /opt/airflow/dags/prueba_api.py
[2025-01-18T00:03:57.917+0000] {processor.py:914} INFO - Processing file /opt/airflow/dags/prueba_api.py for tasks to queue
[2025-01-18T00:03:57.920+0000] {logging_mixin.py:190} INFO - [2025-01-18T00:03:57.919+0000] {dagbag.py:588} INFO - Filling up the DagBag from /opt/airflow/dags/prueba_api.py
[2025-01-18T00:03:57.927+0000] {processor.py:925} INFO - DAG(s) 'api_to_csv_dag' retrieved from /opt/airflow/dags/prueba_api.py
[2025-01-18T00:03:57.946+0000] {logging_mixin.py:190} INFO - [2025-01-18T00:03:57.946+0000] {dag.py:3239} INFO - Sync 1 DAGs
[2025-01-18T00:03:57.981+0000] {logging_mixin.py:190} INFO - [2025-01-18T00:03:57.980+0000] {dag.py:4180} INFO - Setting next_dagrun for api_to_csv_dag to 2025-01-17 00:00:00+00:00, run_after=2025-01-18 00:00:00+00:00
[2025-01-18T00:03:58.009+0000] {processor.py:208} INFO - Processing /opt/airflow/dags/prueba_api.py took 0.108 seconds
[2025-01-18T00:04:28.237+0000] {processor.py:186} INFO - Started process (PID=17931) to work on /opt/airflow/dags/prueba_api.py
[2025-01-18T00:04:28.239+0000] {processor.py:914} INFO - Processing file /opt/airflow/dags/prueba_api.py for tasks to queue
[2025-01-18T00:04:28.241+0000] {logging_mixin.py:190} INFO - [2025-01-18T00:04:28.241+0000] {dagbag.py:588} INFO - Filling up the DagBag from /opt/airflow/dags/prueba_api.py
[2025-01-18T00:04:28.253+0000] {processor.py:925} INFO - DAG(s) 'api_to_csv_dag' retrieved from /opt/airflow/dags/prueba_api.py
[2025-01-18T00:04:28.278+0000] {logging_mixin.py:190} INFO - [2025-01-18T00:04:28.277+0000] {dag.py:3239} INFO - Sync 1 DAGs
[2025-01-18T00:04:28.313+0000] {logging_mixin.py:190} INFO - [2025-01-18T00:04:28.313+0000] {dag.py:4180} INFO - Setting next_dagrun for api_to_csv_dag to 2025-01-17 00:00:00+00:00, run_after=2025-01-18 00:00:00+00:00
[2025-01-18T00:04:28.340+0000] {processor.py:208} INFO - Processing /opt/airflow/dags/prueba_api.py took 0.109 seconds
[2025-01-18T00:04:58.619+0000] {processor.py:186} INFO - Started process (PID=17998) to work on /opt/airflow/dags/prueba_api.py
[2025-01-18T00:04:58.620+0000] {processor.py:914} INFO - Processing file /opt/airflow/dags/prueba_api.py for tasks to queue
[2025-01-18T00:04:58.623+0000] {logging_mixin.py:190} INFO - [2025-01-18T00:04:58.622+0000] {dagbag.py:588} INFO - Filling up the DagBag from /opt/airflow/dags/prueba_api.py
[2025-01-18T00:04:58.629+0000] {processor.py:925} INFO - DAG(s) 'api_to_csv_dag' retrieved from /opt/airflow/dags/prueba_api.py
[2025-01-18T00:04:58.647+0000] {logging_mixin.py:190} INFO - [2025-01-18T00:04:58.646+0000] {dag.py:3239} INFO - Sync 1 DAGs
[2025-01-18T00:04:58.670+0000] {logging_mixin.py:190} INFO - [2025-01-18T00:04:58.670+0000] {dag.py:4180} INFO - Setting next_dagrun for api_to_csv_dag to 2025-01-17 00:00:00+00:00, run_after=2025-01-18 00:00:00+00:00
[2025-01-18T00:04:58.689+0000] {processor.py:208} INFO - Processing /opt/airflow/dags/prueba_api.py took 0.076 seconds
[2025-01-18T00:05:29.070+0000] {processor.py:186} INFO - Started process (PID=18065) to work on /opt/airflow/dags/prueba_api.py
[2025-01-18T00:05:29.072+0000] {processor.py:914} INFO - Processing file /opt/airflow/dags/prueba_api.py for tasks to queue
[2025-01-18T00:05:29.076+0000] {logging_mixin.py:190} INFO - [2025-01-18T00:05:29.075+0000] {dagbag.py:588} INFO - Filling up the DagBag from /opt/airflow/dags/prueba_api.py
[2025-01-18T00:05:29.086+0000] {processor.py:925} INFO - DAG(s) 'api_to_csv_dag' retrieved from /opt/airflow/dags/prueba_api.py
[2025-01-18T00:05:29.109+0000] {logging_mixin.py:190} INFO - [2025-01-18T00:05:29.108+0000] {dag.py:3239} INFO - Sync 1 DAGs
[2025-01-18T00:05:29.138+0000] {logging_mixin.py:190} INFO - [2025-01-18T00:05:29.137+0000] {dag.py:4180} INFO - Setting next_dagrun for api_to_csv_dag to 2025-01-17 00:00:00+00:00, run_after=2025-01-18 00:00:00+00:00
[2025-01-18T00:05:29.161+0000] {processor.py:208} INFO - Processing /opt/airflow/dags/prueba_api.py took 0.096 seconds
[2025-01-18T00:05:59.719+0000] {processor.py:186} INFO - Started process (PID=18132) to work on /opt/airflow/dags/prueba_api.py
[2025-01-18T00:05:59.721+0000] {processor.py:914} INFO - Processing file /opt/airflow/dags/prueba_api.py for tasks to queue
[2025-01-18T00:05:59.723+0000] {logging_mixin.py:190} INFO - [2025-01-18T00:05:59.723+0000] {dagbag.py:588} INFO - Filling up the DagBag from /opt/airflow/dags/prueba_api.py
[2025-01-18T00:05:59.732+0000] {processor.py:925} INFO - DAG(s) 'api_to_csv_dag' retrieved from /opt/airflow/dags/prueba_api.py
[2025-01-18T00:05:59.751+0000] {logging_mixin.py:190} INFO - [2025-01-18T00:05:59.751+0000] {dag.py:3239} INFO - Sync 1 DAGs
[2025-01-18T00:05:59.780+0000] {logging_mixin.py:190} INFO - [2025-01-18T00:05:59.779+0000] {dag.py:4180} INFO - Setting next_dagrun for api_to_csv_dag to 2025-01-17 00:00:00+00:00, run_after=2025-01-18 00:00:00+00:00
[2025-01-18T00:05:59.801+0000] {processor.py:208} INFO - Processing /opt/airflow/dags/prueba_api.py took 0.089 seconds
[2025-01-18T00:06:29.957+0000] {processor.py:186} INFO - Started process (PID=18200) to work on /opt/airflow/dags/prueba_api.py
[2025-01-18T00:06:29.968+0000] {processor.py:914} INFO - Processing file /opt/airflow/dags/prueba_api.py for tasks to queue
[2025-01-18T00:06:29.972+0000] {logging_mixin.py:190} INFO - [2025-01-18T00:06:29.971+0000] {dagbag.py:588} INFO - Filling up the DagBag from /opt/airflow/dags/prueba_api.py
[2025-01-18T00:06:29.988+0000] {processor.py:925} INFO - DAG(s) 'api_to_csv_dag' retrieved from /opt/airflow/dags/prueba_api.py
[2025-01-18T00:06:30.024+0000] {logging_mixin.py:190} INFO - [2025-01-18T00:06:30.023+0000] {dag.py:3239} INFO - Sync 1 DAGs
[2025-01-18T00:06:30.096+0000] {logging_mixin.py:190} INFO - [2025-01-18T00:06:30.095+0000] {dag.py:4180} INFO - Setting next_dagrun for api_to_csv_dag to 2025-01-17 00:00:00+00:00, run_after=2025-01-18 00:00:00+00:00
[2025-01-18T00:06:30.151+0000] {processor.py:208} INFO - Processing /opt/airflow/dags/prueba_api.py took 0.218 seconds
[2025-01-18T00:07:00.286+0000] {processor.py:186} INFO - Started process (PID=18267) to work on /opt/airflow/dags/prueba_api.py
[2025-01-18T00:07:00.289+0000] {processor.py:914} INFO - Processing file /opt/airflow/dags/prueba_api.py for tasks to queue
[2025-01-18T00:07:00.294+0000] {logging_mixin.py:190} INFO - [2025-01-18T00:07:00.293+0000] {dagbag.py:588} INFO - Filling up the DagBag from /opt/airflow/dags/prueba_api.py
[2025-01-18T00:07:00.308+0000] {processor.py:925} INFO - DAG(s) 'api_to_csv_dag' retrieved from /opt/airflow/dags/prueba_api.py
[2025-01-18T00:07:00.332+0000] {logging_mixin.py:190} INFO - [2025-01-18T00:07:00.331+0000] {dag.py:3239} INFO - Sync 1 DAGs
[2025-01-18T00:07:00.359+0000] {logging_mixin.py:190} INFO - [2025-01-18T00:07:00.359+0000] {dag.py:4180} INFO - Setting next_dagrun for api_to_csv_dag to 2025-01-17 00:00:00+00:00, run_after=2025-01-18 00:00:00+00:00
[2025-01-18T00:07:00.379+0000] {processor.py:208} INFO - Processing /opt/airflow/dags/prueba_api.py took 0.103 seconds
[2025-01-18T00:07:30.461+0000] {processor.py:186} INFO - Started process (PID=18334) to work on /opt/airflow/dags/prueba_api.py
[2025-01-18T00:07:30.472+0000] {processor.py:914} INFO - Processing file /opt/airflow/dags/prueba_api.py for tasks to queue
[2025-01-18T00:07:30.477+0000] {logging_mixin.py:190} INFO - [2025-01-18T00:07:30.476+0000] {dagbag.py:588} INFO - Filling up the DagBag from /opt/airflow/dags/prueba_api.py
[2025-01-18T00:07:30.493+0000] {processor.py:925} INFO - DAG(s) 'api_to_csv_dag' retrieved from /opt/airflow/dags/prueba_api.py
[2025-01-18T00:07:30.528+0000] {logging_mixin.py:190} INFO - [2025-01-18T00:07:30.527+0000] {dag.py:3239} INFO - Sync 1 DAGs
[2025-01-18T00:07:30.577+0000] {logging_mixin.py:190} INFO - [2025-01-18T00:07:30.577+0000] {dag.py:4180} INFO - Setting next_dagrun for api_to_csv_dag to 2025-01-17 00:00:00+00:00, run_after=2025-01-18 00:00:00+00:00
[2025-01-18T00:07:30.608+0000] {processor.py:208} INFO - Processing /opt/airflow/dags/prueba_api.py took 0.154 seconds
[2025-01-18T00:08:00.663+0000] {processor.py:186} INFO - Started process (PID=18401) to work on /opt/airflow/dags/prueba_api.py
[2025-01-18T00:08:00.665+0000] {processor.py:914} INFO - Processing file /opt/airflow/dags/prueba_api.py for tasks to queue
[2025-01-18T00:08:00.668+0000] {logging_mixin.py:190} INFO - [2025-01-18T00:08:00.667+0000] {dagbag.py:588} INFO - Filling up the DagBag from /opt/airflow/dags/prueba_api.py
[2025-01-18T00:08:00.679+0000] {processor.py:925} INFO - DAG(s) 'api_to_csv_dag' retrieved from /opt/airflow/dags/prueba_api.py
[2025-01-18T00:08:00.702+0000] {logging_mixin.py:190} INFO - [2025-01-18T00:08:00.701+0000] {dag.py:3239} INFO - Sync 1 DAGs
[2025-01-18T00:08:00.730+0000] {logging_mixin.py:190} INFO - [2025-01-18T00:08:00.730+0000] {dag.py:4180} INFO - Setting next_dagrun for api_to_csv_dag to 2025-01-17 00:00:00+00:00, run_after=2025-01-18 00:00:00+00:00
[2025-01-18T00:08:00.755+0000] {processor.py:208} INFO - Processing /opt/airflow/dags/prueba_api.py took 0.099 seconds
[2025-01-18T00:08:31.134+0000] {processor.py:186} INFO - Started process (PID=18468) to work on /opt/airflow/dags/prueba_api.py
[2025-01-18T00:08:31.136+0000] {processor.py:914} INFO - Processing file /opt/airflow/dags/prueba_api.py for tasks to queue
[2025-01-18T00:08:31.140+0000] {logging_mixin.py:190} INFO - [2025-01-18T00:08:31.140+0000] {dagbag.py:588} INFO - Filling up the DagBag from /opt/airflow/dags/prueba_api.py
[2025-01-18T00:08:31.158+0000] {processor.py:925} INFO - DAG(s) 'api_to_csv_dag' retrieved from /opt/airflow/dags/prueba_api.py
[2025-01-18T00:08:31.190+0000] {logging_mixin.py:190} INFO - [2025-01-18T00:08:31.190+0000] {dag.py:3239} INFO - Sync 1 DAGs
[2025-01-18T00:08:31.227+0000] {logging_mixin.py:190} INFO - [2025-01-18T00:08:31.226+0000] {dag.py:4180} INFO - Setting next_dagrun for api_to_csv_dag to 2025-01-17 00:00:00+00:00, run_after=2025-01-18 00:00:00+00:00
[2025-01-18T00:08:31.252+0000] {processor.py:208} INFO - Processing /opt/airflow/dags/prueba_api.py took 0.130 seconds
[2025-01-18T00:09:01.392+0000] {processor.py:186} INFO - Started process (PID=18542) to work on /opt/airflow/dags/prueba_api.py
[2025-01-18T00:09:01.393+0000] {processor.py:914} INFO - Processing file /opt/airflow/dags/prueba_api.py for tasks to queue
[2025-01-18T00:09:01.397+0000] {logging_mixin.py:190} INFO - [2025-01-18T00:09:01.396+0000] {dagbag.py:588} INFO - Filling up the DagBag from /opt/airflow/dags/prueba_api.py
[2025-01-18T00:09:01.409+0000] {processor.py:925} INFO - DAG(s) 'api_to_csv_dag' retrieved from /opt/airflow/dags/prueba_api.py
[2025-01-18T00:09:01.433+0000] {logging_mixin.py:190} INFO - [2025-01-18T00:09:01.433+0000] {dag.py:3239} INFO - Sync 1 DAGs
[2025-01-18T00:09:01.475+0000] {logging_mixin.py:190} INFO - [2025-01-18T00:09:01.474+0000] {dag.py:4180} INFO - Setting next_dagrun for api_to_csv_dag to 2025-01-17 00:00:00+00:00, run_after=2025-01-18 00:00:00+00:00
[2025-01-18T00:09:01.506+0000] {processor.py:208} INFO - Processing /opt/airflow/dags/prueba_api.py took 0.122 seconds
[2025-01-18T00:09:31.620+0000] {processor.py:186} INFO - Started process (PID=18609) to work on /opt/airflow/dags/prueba_api.py
[2025-01-18T00:09:31.624+0000] {processor.py:914} INFO - Processing file /opt/airflow/dags/prueba_api.py for tasks to queue
[2025-01-18T00:09:31.629+0000] {logging_mixin.py:190} INFO - [2025-01-18T00:09:31.628+0000] {dagbag.py:588} INFO - Filling up the DagBag from /opt/airflow/dags/prueba_api.py
[2025-01-18T00:09:31.651+0000] {processor.py:925} INFO - DAG(s) 'api_to_csv_dag' retrieved from /opt/airflow/dags/prueba_api.py
[2025-01-18T00:09:31.693+0000] {logging_mixin.py:190} INFO - [2025-01-18T00:09:31.693+0000] {dag.py:3239} INFO - Sync 1 DAGs
[2025-01-18T00:09:31.749+0000] {logging_mixin.py:190} INFO - [2025-01-18T00:09:31.749+0000] {dag.py:4180} INFO - Setting next_dagrun for api_to_csv_dag to 2025-01-17 00:00:00+00:00, run_after=2025-01-18 00:00:00+00:00
[2025-01-18T00:09:31.794+0000] {processor.py:208} INFO - Processing /opt/airflow/dags/prueba_api.py took 0.193 seconds
[2025-01-18T00:10:02.591+0000] {processor.py:186} INFO - Started process (PID=18676) to work on /opt/airflow/dags/prueba_api.py
[2025-01-18T00:10:02.594+0000] {processor.py:914} INFO - Processing file /opt/airflow/dags/prueba_api.py for tasks to queue
[2025-01-18T00:10:02.596+0000] {logging_mixin.py:190} INFO - [2025-01-18T00:10:02.596+0000] {dagbag.py:588} INFO - Filling up the DagBag from /opt/airflow/dags/prueba_api.py
[2025-01-18T00:10:02.607+0000] {processor.py:925} INFO - DAG(s) 'api_to_csv_dag' retrieved from /opt/airflow/dags/prueba_api.py
[2025-01-18T00:10:02.629+0000] {logging_mixin.py:190} INFO - [2025-01-18T00:10:02.628+0000] {dag.py:3239} INFO - Sync 1 DAGs
[2025-01-18T00:10:02.656+0000] {logging_mixin.py:190} INFO - [2025-01-18T00:10:02.656+0000] {dag.py:4180} INFO - Setting next_dagrun for api_to_csv_dag to 2025-01-17 00:00:00+00:00, run_after=2025-01-18 00:00:00+00:00
[2025-01-18T00:10:02.681+0000] {processor.py:208} INFO - Processing /opt/airflow/dags/prueba_api.py took 0.098 seconds
[2025-01-18T00:10:33.367+0000] {processor.py:186} INFO - Started process (PID=18743) to work on /opt/airflow/dags/prueba_api.py
[2025-01-18T00:10:33.377+0000] {processor.py:914} INFO - Processing file /opt/airflow/dags/prueba_api.py for tasks to queue
[2025-01-18T00:10:33.380+0000] {logging_mixin.py:190} INFO - [2025-01-18T00:10:33.379+0000] {dagbag.py:588} INFO - Filling up the DagBag from /opt/airflow/dags/prueba_api.py
[2025-01-18T00:10:33.388+0000] {processor.py:925} INFO - DAG(s) 'api_to_csv_dag' retrieved from /opt/airflow/dags/prueba_api.py
[2025-01-18T00:10:33.409+0000] {logging_mixin.py:190} INFO - [2025-01-18T00:10:33.408+0000] {dag.py:3239} INFO - Sync 1 DAGs
[2025-01-18T00:10:33.438+0000] {logging_mixin.py:190} INFO - [2025-01-18T00:10:33.438+0000] {dag.py:4180} INFO - Setting next_dagrun for api_to_csv_dag to 2025-01-17 00:00:00+00:00, run_after=2025-01-18 00:00:00+00:00
[2025-01-18T00:10:33.461+0000] {processor.py:208} INFO - Processing /opt/airflow/dags/prueba_api.py took 0.100 seconds
[2025-01-18T00:11:04.399+0000] {processor.py:186} INFO - Started process (PID=18810) to work on /opt/airflow/dags/prueba_api.py
[2025-01-18T00:11:04.401+0000] {processor.py:914} INFO - Processing file /opt/airflow/dags/prueba_api.py for tasks to queue
[2025-01-18T00:11:04.404+0000] {logging_mixin.py:190} INFO - [2025-01-18T00:11:04.404+0000] {dagbag.py:588} INFO - Filling up the DagBag from /opt/airflow/dags/prueba_api.py
[2025-01-18T00:11:04.415+0000] {processor.py:925} INFO - DAG(s) 'api_to_csv_dag' retrieved from /opt/airflow/dags/prueba_api.py
[2025-01-18T00:11:04.438+0000] {logging_mixin.py:190} INFO - [2025-01-18T00:11:04.437+0000] {dag.py:3239} INFO - Sync 1 DAGs
[2025-01-18T00:11:04.465+0000] {logging_mixin.py:190} INFO - [2025-01-18T00:11:04.465+0000] {dag.py:4180} INFO - Setting next_dagrun for api_to_csv_dag to 2025-01-17 00:00:00+00:00, run_after=2025-01-18 00:00:00+00:00
[2025-01-18T00:11:04.484+0000] {processor.py:208} INFO - Processing /opt/airflow/dags/prueba_api.py took 0.092 seconds
[2025-01-18T00:11:34.715+0000] {processor.py:186} INFO - Started process (PID=18877) to work on /opt/airflow/dags/prueba_api.py
[2025-01-18T00:11:34.717+0000] {processor.py:914} INFO - Processing file /opt/airflow/dags/prueba_api.py for tasks to queue
[2025-01-18T00:11:34.720+0000] {logging_mixin.py:190} INFO - [2025-01-18T00:11:34.719+0000] {dagbag.py:588} INFO - Filling up the DagBag from /opt/airflow/dags/prueba_api.py
[2025-01-18T00:11:34.728+0000] {processor.py:925} INFO - DAG(s) 'api_to_csv_dag' retrieved from /opt/airflow/dags/prueba_api.py
[2025-01-18T00:11:34.747+0000] {logging_mixin.py:190} INFO - [2025-01-18T00:11:34.747+0000] {dag.py:3239} INFO - Sync 1 DAGs
[2025-01-18T00:11:34.772+0000] {logging_mixin.py:190} INFO - [2025-01-18T00:11:34.772+0000] {dag.py:4180} INFO - Setting next_dagrun for api_to_csv_dag to 2025-01-17 00:00:00+00:00, run_after=2025-01-18 00:00:00+00:00
[2025-01-18T00:11:34.789+0000] {processor.py:208} INFO - Processing /opt/airflow/dags/prueba_api.py took 0.080 seconds
[2025-01-18T00:12:04.999+0000] {processor.py:186} INFO - Started process (PID=18945) to work on /opt/airflow/dags/prueba_api.py
[2025-01-18T00:12:05.001+0000] {processor.py:914} INFO - Processing file /opt/airflow/dags/prueba_api.py for tasks to queue
[2025-01-18T00:12:05.003+0000] {logging_mixin.py:190} INFO - [2025-01-18T00:12:05.003+0000] {dagbag.py:588} INFO - Filling up the DagBag from /opt/airflow/dags/prueba_api.py
[2025-01-18T00:12:05.012+0000] {processor.py:925} INFO - DAG(s) 'api_to_csv_dag' retrieved from /opt/airflow/dags/prueba_api.py
[2025-01-18T00:12:05.033+0000] {logging_mixin.py:190} INFO - [2025-01-18T00:12:05.032+0000] {dag.py:3239} INFO - Sync 1 DAGs
[2025-01-18T00:12:05.061+0000] {logging_mixin.py:190} INFO - [2025-01-18T00:12:05.060+0000] {dag.py:4180} INFO - Setting next_dagrun for api_to_csv_dag to 2025-01-17 00:00:00+00:00, run_after=2025-01-18 00:00:00+00:00
[2025-01-18T00:12:05.081+0000] {processor.py:208} INFO - Processing /opt/airflow/dags/prueba_api.py took 0.088 seconds
[2025-01-18T00:12:35.360+0000] {processor.py:186} INFO - Started process (PID=19012) to work on /opt/airflow/dags/prueba_api.py
[2025-01-18T00:12:35.361+0000] {processor.py:914} INFO - Processing file /opt/airflow/dags/prueba_api.py for tasks to queue
[2025-01-18T00:12:35.369+0000] {logging_mixin.py:190} INFO - [2025-01-18T00:12:35.368+0000] {dagbag.py:588} INFO - Filling up the DagBag from /opt/airflow/dags/prueba_api.py
[2025-01-18T00:12:35.382+0000] {processor.py:925} INFO - DAG(s) 'api_to_csv_dag' retrieved from /opt/airflow/dags/prueba_api.py
[2025-01-18T00:12:35.410+0000] {logging_mixin.py:190} INFO - [2025-01-18T00:12:35.409+0000] {dag.py:3239} INFO - Sync 1 DAGs
[2025-01-18T00:12:35.442+0000] {logging_mixin.py:190} INFO - [2025-01-18T00:12:35.441+0000] {dag.py:4180} INFO - Setting next_dagrun for api_to_csv_dag to 2025-01-17 00:00:00+00:00, run_after=2025-01-18 00:00:00+00:00
[2025-01-18T00:12:35.468+0000] {processor.py:208} INFO - Processing /opt/airflow/dags/prueba_api.py took 0.114 seconds
[2025-01-18T00:13:06.412+0000] {processor.py:186} INFO - Started process (PID=19085) to work on /opt/airflow/dags/prueba_api.py
[2025-01-18T00:13:06.413+0000] {processor.py:914} INFO - Processing file /opt/airflow/dags/prueba_api.py for tasks to queue
[2025-01-18T00:13:06.416+0000] {logging_mixin.py:190} INFO - [2025-01-18T00:13:06.416+0000] {dagbag.py:588} INFO - Filling up the DagBag from /opt/airflow/dags/prueba_api.py
[2025-01-18T00:13:06.427+0000] {processor.py:925} INFO - DAG(s) 'api_to_csv_dag' retrieved from /opt/airflow/dags/prueba_api.py
[2025-01-18T00:13:06.452+0000] {logging_mixin.py:190} INFO - [2025-01-18T00:13:06.452+0000] {dag.py:3239} INFO - Sync 1 DAGs
[2025-01-18T00:13:06.505+0000] {logging_mixin.py:190} INFO - [2025-01-18T00:13:06.505+0000] {dag.py:4180} INFO - Setting next_dagrun for api_to_csv_dag to 2025-01-17 00:00:00+00:00, run_after=2025-01-18 00:00:00+00:00
[2025-01-18T00:13:06.549+0000] {processor.py:208} INFO - Processing /opt/airflow/dags/prueba_api.py took 0.145 seconds
[2025-01-18T00:13:37.482+0000] {processor.py:186} INFO - Started process (PID=19152) to work on /opt/airflow/dags/prueba_api.py
[2025-01-18T00:13:37.483+0000] {processor.py:914} INFO - Processing file /opt/airflow/dags/prueba_api.py for tasks to queue
[2025-01-18T00:13:37.487+0000] {logging_mixin.py:190} INFO - [2025-01-18T00:13:37.486+0000] {dagbag.py:588} INFO - Filling up the DagBag from /opt/airflow/dags/prueba_api.py
[2025-01-18T00:13:37.499+0000] {processor.py:925} INFO - DAG(s) 'api_to_csv_dag' retrieved from /opt/airflow/dags/prueba_api.py
[2025-01-18T00:13:37.523+0000] {logging_mixin.py:190} INFO - [2025-01-18T00:13:37.523+0000] {dag.py:3239} INFO - Sync 1 DAGs
[2025-01-18T00:13:37.555+0000] {logging_mixin.py:190} INFO - [2025-01-18T00:13:37.555+0000] {dag.py:4180} INFO - Setting next_dagrun for api_to_csv_dag to 2025-01-17 00:00:00+00:00, run_after=2025-01-18 00:00:00+00:00
[2025-01-18T00:13:37.577+0000] {processor.py:208} INFO - Processing /opt/airflow/dags/prueba_api.py took 0.103 seconds
[2025-01-18T00:14:07.926+0000] {processor.py:186} INFO - Started process (PID=19219) to work on /opt/airflow/dags/prueba_api.py
[2025-01-18T00:14:07.928+0000] {processor.py:914} INFO - Processing file /opt/airflow/dags/prueba_api.py for tasks to queue
[2025-01-18T00:14:07.931+0000] {logging_mixin.py:190} INFO - [2025-01-18T00:14:07.930+0000] {dagbag.py:588} INFO - Filling up the DagBag from /opt/airflow/dags/prueba_api.py
[2025-01-18T00:14:07.943+0000] {processor.py:925} INFO - DAG(s) 'api_to_csv_dag' retrieved from /opt/airflow/dags/prueba_api.py
[2025-01-18T00:14:07.965+0000] {logging_mixin.py:190} INFO - [2025-01-18T00:14:07.965+0000] {dag.py:3239} INFO - Sync 1 DAGs
[2025-01-18T00:14:07.993+0000] {logging_mixin.py:190} INFO - [2025-01-18T00:14:07.993+0000] {dag.py:4180} INFO - Setting next_dagrun for api_to_csv_dag to 2025-01-17 00:00:00+00:00, run_after=2025-01-18 00:00:00+00:00
[2025-01-18T00:14:08.016+0000] {processor.py:208} INFO - Processing /opt/airflow/dags/prueba_api.py took 0.097 seconds
[2025-01-18T00:14:38.964+0000] {processor.py:186} INFO - Started process (PID=19291) to work on /opt/airflow/dags/prueba_api.py
[2025-01-18T00:14:38.967+0000] {processor.py:914} INFO - Processing file /opt/airflow/dags/prueba_api.py for tasks to queue
[2025-01-18T00:14:38.970+0000] {logging_mixin.py:190} INFO - [2025-01-18T00:14:38.970+0000] {dagbag.py:588} INFO - Filling up the DagBag from /opt/airflow/dags/prueba_api.py
[2025-01-18T00:14:38.981+0000] {processor.py:925} INFO - DAG(s) 'api_to_csv_dag' retrieved from /opt/airflow/dags/prueba_api.py
[2025-01-18T00:14:39.004+0000] {logging_mixin.py:190} INFO - [2025-01-18T00:14:39.003+0000] {dag.py:3239} INFO - Sync 1 DAGs
[2025-01-18T00:14:39.031+0000] {logging_mixin.py:190} INFO - [2025-01-18T00:14:39.030+0000] {dag.py:4180} INFO - Setting next_dagrun for api_to_csv_dag to 2025-01-17 00:00:00+00:00, run_after=2025-01-18 00:00:00+00:00
[2025-01-18T00:14:39.053+0000] {processor.py:208} INFO - Processing /opt/airflow/dags/prueba_api.py took 0.095 seconds
[2025-01-18T00:15:09.189+0000] {processor.py:186} INFO - Started process (PID=19358) to work on /opt/airflow/dags/prueba_api.py
[2025-01-18T00:15:09.191+0000] {processor.py:914} INFO - Processing file /opt/airflow/dags/prueba_api.py for tasks to queue
[2025-01-18T00:15:09.193+0000] {logging_mixin.py:190} INFO - [2025-01-18T00:15:09.193+0000] {dagbag.py:588} INFO - Filling up the DagBag from /opt/airflow/dags/prueba_api.py
[2025-01-18T00:15:09.204+0000] {processor.py:925} INFO - DAG(s) 'api_to_csv_dag' retrieved from /opt/airflow/dags/prueba_api.py
[2025-01-18T00:15:09.227+0000] {logging_mixin.py:190} INFO - [2025-01-18T00:15:09.226+0000] {dag.py:3239} INFO - Sync 1 DAGs
[2025-01-18T00:15:09.258+0000] {logging_mixin.py:190} INFO - [2025-01-18T00:15:09.257+0000] {dag.py:4180} INFO - Setting next_dagrun for api_to_csv_dag to 2025-01-17 00:00:00+00:00, run_after=2025-01-18 00:00:00+00:00
[2025-01-18T00:15:09.282+0000] {processor.py:208} INFO - Processing /opt/airflow/dags/prueba_api.py took 0.100 seconds
[2025-01-18T00:15:39.513+0000] {processor.py:186} INFO - Started process (PID=19425) to work on /opt/airflow/dags/prueba_api.py
[2025-01-18T00:15:39.517+0000] {processor.py:914} INFO - Processing file /opt/airflow/dags/prueba_api.py for tasks to queue
[2025-01-18T00:15:39.520+0000] {logging_mixin.py:190} INFO - [2025-01-18T00:15:39.519+0000] {dagbag.py:588} INFO - Filling up the DagBag from /opt/airflow/dags/prueba_api.py
[2025-01-18T00:15:39.532+0000] {processor.py:925} INFO - DAG(s) 'api_to_csv_dag' retrieved from /opt/airflow/dags/prueba_api.py
[2025-01-18T00:15:39.558+0000] {logging_mixin.py:190} INFO - [2025-01-18T00:15:39.558+0000] {dag.py:3239} INFO - Sync 1 DAGs
[2025-01-18T00:15:39.599+0000] {logging_mixin.py:190} INFO - [2025-01-18T00:15:39.598+0000] {dag.py:4180} INFO - Setting next_dagrun for api_to_csv_dag to 2025-01-17 00:00:00+00:00, run_after=2025-01-18 00:00:00+00:00
[2025-01-18T00:15:39.629+0000] {processor.py:208} INFO - Processing /opt/airflow/dags/prueba_api.py took 0.123 seconds
[2025-01-18T00:16:10.320+0000] {processor.py:186} INFO - Started process (PID=19486) to work on /opt/airflow/dags/prueba_api.py
[2025-01-18T00:16:10.322+0000] {processor.py:914} INFO - Processing file /opt/airflow/dags/prueba_api.py for tasks to queue
[2025-01-18T00:16:10.325+0000] {logging_mixin.py:190} INFO - [2025-01-18T00:16:10.325+0000] {dagbag.py:588} INFO - Filling up the DagBag from /opt/airflow/dags/prueba_api.py
[2025-01-18T00:16:10.339+0000] {processor.py:925} INFO - DAG(s) 'api_to_csv_dag' retrieved from /opt/airflow/dags/prueba_api.py
[2025-01-18T00:16:10.366+0000] {logging_mixin.py:190} INFO - [2025-01-18T00:16:10.365+0000] {dag.py:3239} INFO - Sync 1 DAGs
[2025-01-18T00:16:10.409+0000] {logging_mixin.py:190} INFO - [2025-01-18T00:16:10.408+0000] {dag.py:4180} INFO - Setting next_dagrun for api_to_csv_dag to 2025-01-17 00:00:00+00:00, run_after=2025-01-18 00:00:00+00:00
[2025-01-18T00:16:10.443+0000] {processor.py:208} INFO - Processing /opt/airflow/dags/prueba_api.py took 0.133 seconds
[2025-01-18T00:16:41.263+0000] {processor.py:186} INFO - Started process (PID=19552) to work on /opt/airflow/dags/prueba_api.py
[2025-01-18T00:16:41.264+0000] {processor.py:914} INFO - Processing file /opt/airflow/dags/prueba_api.py for tasks to queue
[2025-01-18T00:16:41.268+0000] {logging_mixin.py:190} INFO - [2025-01-18T00:16:41.268+0000] {dagbag.py:588} INFO - Filling up the DagBag from /opt/airflow/dags/prueba_api.py
[2025-01-18T00:16:41.279+0000] {processor.py:925} INFO - DAG(s) 'api_to_csv_dag' retrieved from /opt/airflow/dags/prueba_api.py
[2025-01-18T00:16:41.307+0000] {logging_mixin.py:190} INFO - [2025-01-18T00:16:41.306+0000] {dag.py:3239} INFO - Sync 1 DAGs
[2025-01-18T00:16:41.357+0000] {logging_mixin.py:190} INFO - [2025-01-18T00:16:41.357+0000] {dag.py:4180} INFO - Setting next_dagrun for api_to_csv_dag to 2025-01-17 00:00:00+00:00, run_after=2025-01-18 00:00:00+00:00
[2025-01-18T00:16:41.397+0000] {processor.py:208} INFO - Processing /opt/airflow/dags/prueba_api.py took 0.141 seconds
[2025-01-18T00:17:11.572+0000] {processor.py:186} INFO - Started process (PID=19624) to work on /opt/airflow/dags/prueba_api.py
[2025-01-18T00:17:11.575+0000] {processor.py:914} INFO - Processing file /opt/airflow/dags/prueba_api.py for tasks to queue
[2025-01-18T00:17:11.579+0000] {logging_mixin.py:190} INFO - [2025-01-18T00:17:11.578+0000] {dagbag.py:588} INFO - Filling up the DagBag from /opt/airflow/dags/prueba_api.py
[2025-01-18T00:17:11.595+0000] {processor.py:925} INFO - DAG(s) 'api_to_csv_dag' retrieved from /opt/airflow/dags/prueba_api.py
[2025-01-18T00:17:11.631+0000] {logging_mixin.py:190} INFO - [2025-01-18T00:17:11.630+0000] {dag.py:3239} INFO - Sync 1 DAGs
[2025-01-18T00:17:11.687+0000] {logging_mixin.py:190} INFO - [2025-01-18T00:17:11.686+0000] {dag.py:4180} INFO - Setting next_dagrun for api_to_csv_dag to 2025-01-17 00:00:00+00:00, run_after=2025-01-18 00:00:00+00:00
[2025-01-18T00:17:11.720+0000] {processor.py:208} INFO - Processing /opt/airflow/dags/prueba_api.py took 0.161 seconds
[2025-01-18T00:17:42.208+0000] {processor.py:186} INFO - Started process (PID=19691) to work on /opt/airflow/dags/prueba_api.py
[2025-01-18T00:17:42.210+0000] {processor.py:914} INFO - Processing file /opt/airflow/dags/prueba_api.py for tasks to queue
[2025-01-18T00:17:42.212+0000] {logging_mixin.py:190} INFO - [2025-01-18T00:17:42.212+0000] {dagbag.py:588} INFO - Filling up the DagBag from /opt/airflow/dags/prueba_api.py
[2025-01-18T00:17:42.225+0000] {processor.py:925} INFO - DAG(s) 'api_to_csv_dag' retrieved from /opt/airflow/dags/prueba_api.py
[2025-01-18T00:17:42.250+0000] {logging_mixin.py:190} INFO - [2025-01-18T00:17:42.250+0000] {dag.py:3239} INFO - Sync 1 DAGs
[2025-01-18T00:17:42.287+0000] {logging_mixin.py:190} INFO - [2025-01-18T00:17:42.287+0000] {dag.py:4180} INFO - Setting next_dagrun for api_to_csv_dag to 2025-01-17 00:00:00+00:00, run_after=2025-01-18 00:00:00+00:00
[2025-01-18T00:17:42.320+0000] {processor.py:208} INFO - Processing /opt/airflow/dags/prueba_api.py took 0.120 seconds
[2025-01-18T00:18:12.392+0000] {processor.py:186} INFO - Started process (PID=19757) to work on /opt/airflow/dags/prueba_api.py
[2025-01-18T00:18:12.393+0000] {processor.py:914} INFO - Processing file /opt/airflow/dags/prueba_api.py for tasks to queue
[2025-01-18T00:18:12.397+0000] {logging_mixin.py:190} INFO - [2025-01-18T00:18:12.396+0000] {dagbag.py:588} INFO - Filling up the DagBag from /opt/airflow/dags/prueba_api.py
[2025-01-18T00:18:12.405+0000] {processor.py:925} INFO - DAG(s) 'api_to_csv_dag' retrieved from /opt/airflow/dags/prueba_api.py
[2025-01-18T00:18:12.428+0000] {logging_mixin.py:190} INFO - [2025-01-18T00:18:12.427+0000] {dag.py:3239} INFO - Sync 1 DAGs
[2025-01-18T00:18:12.458+0000] {logging_mixin.py:190} INFO - [2025-01-18T00:18:12.457+0000] {dag.py:4180} INFO - Setting next_dagrun for api_to_csv_dag to 2025-01-17 00:00:00+00:00, run_after=2025-01-18 00:00:00+00:00
[2025-01-18T00:18:12.486+0000] {processor.py:208} INFO - Processing /opt/airflow/dags/prueba_api.py took 0.100 seconds
[2025-01-18T00:18:42.747+0000] {processor.py:186} INFO - Started process (PID=19824) to work on /opt/airflow/dags/prueba_api.py
[2025-01-18T00:18:42.750+0000] {processor.py:914} INFO - Processing file /opt/airflow/dags/prueba_api.py for tasks to queue
[2025-01-18T00:18:42.753+0000] {logging_mixin.py:190} INFO - [2025-01-18T00:18:42.752+0000] {dagbag.py:588} INFO - Filling up the DagBag from /opt/airflow/dags/prueba_api.py
[2025-01-18T00:18:40.313+0000] {processor.py:925} INFO - DAG(s) 'api_to_csv_dag' retrieved from /opt/airflow/dags/prueba_api.py
[2025-01-18T00:18:40.339+0000] {logging_mixin.py:190} INFO - [2025-01-18T00:18:40.338+0000] {dag.py:3239} INFO - Sync 1 DAGs
[2025-01-18T00:18:40.399+0000] {logging_mixin.py:190} INFO - [2025-01-18T00:18:40.398+0000] {dag.py:4180} INFO - Setting next_dagrun for api_to_csv_dag to 2025-01-17 00:00:00+00:00, run_after=2025-01-18 00:00:00+00:00
[2025-01-18T00:18:40.438+0000] {processor.py:208} INFO - Processing /opt/airflow/dags/prueba_api.py took 0.429 seconds
[2025-01-18T00:19:11.182+0000] {processor.py:186} INFO - Started process (PID=19889) to work on /opt/airflow/dags/prueba_api.py
[2025-01-18T00:19:11.183+0000] {processor.py:914} INFO - Processing file /opt/airflow/dags/prueba_api.py for tasks to queue
[2025-01-18T00:19:11.186+0000] {logging_mixin.py:190} INFO - [2025-01-18T00:19:11.185+0000] {dagbag.py:588} INFO - Filling up the DagBag from /opt/airflow/dags/prueba_api.py
[2025-01-18T00:19:11.198+0000] {processor.py:925} INFO - DAG(s) 'api_to_csv_dag' retrieved from /opt/airflow/dags/prueba_api.py
[2025-01-18T00:19:11.223+0000] {logging_mixin.py:190} INFO - [2025-01-18T00:19:11.223+0000] {dag.py:3239} INFO - Sync 1 DAGs
[2025-01-18T00:19:11.254+0000] {logging_mixin.py:190} INFO - [2025-01-18T00:19:11.254+0000] {dag.py:4180} INFO - Setting next_dagrun for api_to_csv_dag to 2025-01-17 00:00:00+00:00, run_after=2025-01-18 00:00:00+00:00
[2025-01-18T00:19:11.277+0000] {processor.py:208} INFO - Processing /opt/airflow/dags/prueba_api.py took 0.100 seconds
[2025-01-18T00:19:41.647+0000] {processor.py:186} INFO - Started process (PID=19956) to work on /opt/airflow/dags/prueba_api.py
[2025-01-18T00:19:41.649+0000] {processor.py:914} INFO - Processing file /opt/airflow/dags/prueba_api.py for tasks to queue
[2025-01-18T00:19:41.652+0000] {logging_mixin.py:190} INFO - [2025-01-18T00:19:41.652+0000] {dagbag.py:588} INFO - Filling up the DagBag from /opt/airflow/dags/prueba_api.py
[2025-01-18T00:19:41.663+0000] {processor.py:925} INFO - DAG(s) 'api_to_csv_dag' retrieved from /opt/airflow/dags/prueba_api.py
[2025-01-18T00:19:41.686+0000] {logging_mixin.py:190} INFO - [2025-01-18T00:19:41.685+0000] {dag.py:3239} INFO - Sync 1 DAGs
[2025-01-18T00:19:41.716+0000] {logging_mixin.py:190} INFO - [2025-01-18T00:19:41.716+0000] {dag.py:4180} INFO - Setting next_dagrun for api_to_csv_dag to 2025-01-17 00:00:00+00:00, run_after=2025-01-18 00:00:00+00:00
[2025-01-18T00:19:41.739+0000] {processor.py:208} INFO - Processing /opt/airflow/dags/prueba_api.py took 0.099 seconds
[2025-01-18T00:20:11.936+0000] {processor.py:186} INFO - Started process (PID=20023) to work on /opt/airflow/dags/prueba_api.py
[2025-01-18T00:20:11.939+0000] {processor.py:914} INFO - Processing file /opt/airflow/dags/prueba_api.py for tasks to queue
[2025-01-18T00:20:11.942+0000] {logging_mixin.py:190} INFO - [2025-01-18T00:20:11.941+0000] {dagbag.py:588} INFO - Filling up the DagBag from /opt/airflow/dags/prueba_api.py
[2025-01-18T00:20:11.952+0000] {processor.py:925} INFO - DAG(s) 'api_to_csv_dag' retrieved from /opt/airflow/dags/prueba_api.py
[2025-01-18T00:20:11.978+0000] {logging_mixin.py:190} INFO - [2025-01-18T00:20:11.978+0000] {dag.py:3239} INFO - Sync 1 DAGs
[2025-01-18T00:20:12.012+0000] {logging_mixin.py:190} INFO - [2025-01-18T00:20:12.012+0000] {dag.py:4180} INFO - Setting next_dagrun for api_to_csv_dag to 2025-01-17 00:00:00+00:00, run_after=2025-01-18 00:00:00+00:00
[2025-01-18T00:20:12.040+0000] {processor.py:208} INFO - Processing /opt/airflow/dags/prueba_api.py took 0.111 seconds
[2025-01-18T00:20:42.979+0000] {processor.py:186} INFO - Started process (PID=20089) to work on /opt/airflow/dags/prueba_api.py
[2025-01-18T00:20:42.980+0000] {processor.py:914} INFO - Processing file /opt/airflow/dags/prueba_api.py for tasks to queue
[2025-01-18T00:20:42.984+0000] {logging_mixin.py:190} INFO - [2025-01-18T00:20:42.983+0000] {dagbag.py:588} INFO - Filling up the DagBag from /opt/airflow/dags/prueba_api.py
[2025-01-18T00:20:42.995+0000] {processor.py:925} INFO - DAG(s) 'api_to_csv_dag' retrieved from /opt/airflow/dags/prueba_api.py
[2025-01-18T00:20:43.020+0000] {logging_mixin.py:190} INFO - [2025-01-18T00:20:43.020+0000] {dag.py:3239} INFO - Sync 1 DAGs
[2025-01-18T00:20:43.058+0000] {logging_mixin.py:190} INFO - [2025-01-18T00:20:43.057+0000] {dag.py:4180} INFO - Setting next_dagrun for api_to_csv_dag to 2025-01-17 00:00:00+00:00, run_after=2025-01-18 00:00:00+00:00
[2025-01-18T00:20:43.089+0000] {processor.py:208} INFO - Processing /opt/airflow/dags/prueba_api.py took 0.116 seconds
[2025-01-18T00:21:13.303+0000] {processor.py:186} INFO - Started process (PID=20156) to work on /opt/airflow/dags/prueba_api.py
[2025-01-18T00:21:13.305+0000] {processor.py:914} INFO - Processing file /opt/airflow/dags/prueba_api.py for tasks to queue
[2025-01-18T00:21:13.307+0000] {logging_mixin.py:190} INFO - [2025-01-18T00:21:13.307+0000] {dagbag.py:588} INFO - Filling up the DagBag from /opt/airflow/dags/prueba_api.py
[2025-01-18T00:21:13.320+0000] {processor.py:925} INFO - DAG(s) 'api_to_csv_dag' retrieved from /opt/airflow/dags/prueba_api.py
[2025-01-18T00:21:13.342+0000] {logging_mixin.py:190} INFO - [2025-01-18T00:21:13.342+0000] {dag.py:3239} INFO - Sync 1 DAGs
[2025-01-18T00:21:13.380+0000] {logging_mixin.py:190} INFO - [2025-01-18T00:21:13.379+0000] {dag.py:4180} INFO - Setting next_dagrun for api_to_csv_dag to 2025-01-17 00:00:00+00:00, run_after=2025-01-18 00:00:00+00:00
[2025-01-18T00:21:13.415+0000] {processor.py:208} INFO - Processing /opt/airflow/dags/prueba_api.py took 0.118 seconds
[2025-01-18T00:21:43.758+0000] {processor.py:186} INFO - Started process (PID=20223) to work on /opt/airflow/dags/prueba_api.py
[2025-01-18T00:21:43.759+0000] {processor.py:914} INFO - Processing file /opt/airflow/dags/prueba_api.py for tasks to queue
[2025-01-18T00:21:43.761+0000] {logging_mixin.py:190} INFO - [2025-01-18T00:21:43.761+0000] {dagbag.py:588} INFO - Filling up the DagBag from /opt/airflow/dags/prueba_api.py
[2025-01-18T00:21:43.772+0000] {processor.py:925} INFO - DAG(s) 'api_to_csv_dag' retrieved from /opt/airflow/dags/prueba_api.py
[2025-01-18T00:21:43.795+0000] {logging_mixin.py:190} INFO - [2025-01-18T00:21:43.794+0000] {dag.py:3239} INFO - Sync 1 DAGs
[2025-01-18T00:21:43.826+0000] {logging_mixin.py:190} INFO - [2025-01-18T00:21:43.826+0000] {dag.py:4180} INFO - Setting next_dagrun for api_to_csv_dag to 2025-01-17 00:00:00+00:00, run_after=2025-01-18 00:00:00+00:00
[2025-01-18T00:21:43.853+0000] {processor.py:208} INFO - Processing /opt/airflow/dags/prueba_api.py took 0.102 seconds
[2025-01-18T00:22:14.140+0000] {processor.py:186} INFO - Started process (PID=20296) to work on /opt/airflow/dags/prueba_api.py
[2025-01-18T00:22:14.142+0000] {processor.py:914} INFO - Processing file /opt/airflow/dags/prueba_api.py for tasks to queue
[2025-01-18T00:22:14.146+0000] {logging_mixin.py:190} INFO - [2025-01-18T00:22:14.145+0000] {dagbag.py:588} INFO - Filling up the DagBag from /opt/airflow/dags/prueba_api.py
[2025-01-18T00:22:14.160+0000] {processor.py:925} INFO - DAG(s) 'api_to_csv_dag' retrieved from /opt/airflow/dags/prueba_api.py
[2025-01-18T00:22:14.190+0000] {logging_mixin.py:190} INFO - [2025-01-18T00:22:14.190+0000] {dag.py:3239} INFO - Sync 1 DAGs
[2025-01-18T00:22:14.231+0000] {logging_mixin.py:190} INFO - [2025-01-18T00:22:14.231+0000] {dag.py:4180} INFO - Setting next_dagrun for api_to_csv_dag to 2025-01-17 00:00:00+00:00, run_after=2025-01-18 00:00:00+00:00
[2025-01-18T00:22:14.262+0000] {processor.py:208} INFO - Processing /opt/airflow/dags/prueba_api.py took 0.130 seconds
[2025-01-18T00:22:44.927+0000] {processor.py:186} INFO - Started process (PID=20363) to work on /opt/airflow/dags/prueba_api.py
[2025-01-18T00:22:44.928+0000] {processor.py:914} INFO - Processing file /opt/airflow/dags/prueba_api.py for tasks to queue
[2025-01-18T00:22:44.931+0000] {logging_mixin.py:190} INFO - [2025-01-18T00:22:44.931+0000] {dagbag.py:588} INFO - Filling up the DagBag from /opt/airflow/dags/prueba_api.py
[2025-01-18T00:22:44.941+0000] {processor.py:925} INFO - DAG(s) 'api_to_csv_dag' retrieved from /opt/airflow/dags/prueba_api.py
[2025-01-18T00:22:44.962+0000] {logging_mixin.py:190} INFO - [2025-01-18T00:22:44.962+0000] {dag.py:3239} INFO - Sync 1 DAGs
[2025-01-18T00:22:44.992+0000] {logging_mixin.py:190} INFO - [2025-01-18T00:22:44.992+0000] {dag.py:4180} INFO - Setting next_dagrun for api_to_csv_dag to 2025-01-17 00:00:00+00:00, run_after=2025-01-18 00:00:00+00:00
[2025-01-18T00:22:45.017+0000] {processor.py:208} INFO - Processing /opt/airflow/dags/prueba_api.py took 0.095 seconds
[2025-01-18T00:23:15.096+0000] {processor.py:186} INFO - Started process (PID=20430) to work on /opt/airflow/dags/prueba_api.py
[2025-01-18T00:23:15.099+0000] {processor.py:914} INFO - Processing file /opt/airflow/dags/prueba_api.py for tasks to queue
[2025-01-18T00:23:15.101+0000] {logging_mixin.py:190} INFO - [2025-01-18T00:23:15.101+0000] {dagbag.py:588} INFO - Filling up the DagBag from /opt/airflow/dags/prueba_api.py
[2025-01-18T00:23:15.113+0000] {processor.py:925} INFO - DAG(s) 'api_to_csv_dag' retrieved from /opt/airflow/dags/prueba_api.py
[2025-01-18T00:23:15.144+0000] {logging_mixin.py:190} INFO - [2025-01-18T00:23:15.144+0000] {dag.py:3239} INFO - Sync 1 DAGs
[2025-01-18T00:23:15.181+0000] {logging_mixin.py:190} INFO - [2025-01-18T00:23:15.181+0000] {dag.py:4180} INFO - Setting next_dagrun for api_to_csv_dag to 2025-01-17 00:00:00+00:00, run_after=2025-01-18 00:00:00+00:00
[2025-01-18T00:23:15.214+0000] {processor.py:208} INFO - Processing /opt/airflow/dags/prueba_api.py took 0.124 seconds
[2025-01-18T00:23:45.919+0000] {processor.py:186} INFO - Started process (PID=20497) to work on /opt/airflow/dags/prueba_api.py
[2025-01-18T00:23:45.921+0000] {processor.py:914} INFO - Processing file /opt/airflow/dags/prueba_api.py for tasks to queue
[2025-01-18T00:23:45.925+0000] {logging_mixin.py:190} INFO - [2025-01-18T00:23:45.924+0000] {dagbag.py:588} INFO - Filling up the DagBag from /opt/airflow/dags/prueba_api.py
[2025-01-18T00:23:45.936+0000] {processor.py:925} INFO - DAG(s) 'api_to_csv_dag' retrieved from /opt/airflow/dags/prueba_api.py
[2025-01-18T00:23:45.959+0000] {logging_mixin.py:190} INFO - [2025-01-18T00:23:45.959+0000] {dag.py:3239} INFO - Sync 1 DAGs
[2025-01-18T00:23:45.994+0000] {logging_mixin.py:190} INFO - [2025-01-18T00:23:45.994+0000] {dag.py:4180} INFO - Setting next_dagrun for api_to_csv_dag to 2025-01-17 00:00:00+00:00, run_after=2025-01-18 00:00:00+00:00
[2025-01-18T00:23:46.020+0000] {processor.py:208} INFO - Processing /opt/airflow/dags/prueba_api.py took 0.107 seconds
[2025-01-18T00:24:16.446+0000] {processor.py:186} INFO - Started process (PID=20564) to work on /opt/airflow/dags/prueba_api.py
[2025-01-18T00:24:16.447+0000] {processor.py:914} INFO - Processing file /opt/airflow/dags/prueba_api.py for tasks to queue
[2025-01-18T00:24:16.449+0000] {logging_mixin.py:190} INFO - [2025-01-18T00:24:16.449+0000] {dagbag.py:588} INFO - Filling up the DagBag from /opt/airflow/dags/prueba_api.py
[2025-01-18T00:24:16.459+0000] {processor.py:925} INFO - DAG(s) 'api_to_csv_dag' retrieved from /opt/airflow/dags/prueba_api.py
[2025-01-18T00:24:16.482+0000] {logging_mixin.py:190} INFO - [2025-01-18T00:24:16.482+0000] {dag.py:3239} INFO - Sync 1 DAGs
[2025-01-18T00:24:16.510+0000] {logging_mixin.py:190} INFO - [2025-01-18T00:24:16.510+0000] {dag.py:4180} INFO - Setting next_dagrun for api_to_csv_dag to 2025-01-17 00:00:00+00:00, run_after=2025-01-18 00:00:00+00:00
[2025-01-18T00:24:16.534+0000] {processor.py:208} INFO - Processing /opt/airflow/dags/prueba_api.py took 0.095 seconds
[2025-01-18T00:24:46.767+0000] {processor.py:186} INFO - Started process (PID=20631) to work on /opt/airflow/dags/prueba_api.py
[2025-01-18T00:24:46.770+0000] {processor.py:914} INFO - Processing file /opt/airflow/dags/prueba_api.py for tasks to queue
[2025-01-18T00:24:46.772+0000] {logging_mixin.py:190} INFO - [2025-01-18T00:24:46.772+0000] {dagbag.py:588} INFO - Filling up the DagBag from /opt/airflow/dags/prueba_api.py
[2025-01-18T00:24:46.784+0000] {processor.py:925} INFO - DAG(s) 'api_to_csv_dag' retrieved from /opt/airflow/dags/prueba_api.py
[2025-01-18T00:24:46.811+0000] {logging_mixin.py:190} INFO - [2025-01-18T00:24:46.811+0000] {dag.py:3239} INFO - Sync 1 DAGs
[2025-01-18T00:24:46.852+0000] {logging_mixin.py:190} INFO - [2025-01-18T00:24:46.852+0000] {dag.py:4180} INFO - Setting next_dagrun for api_to_csv_dag to 2025-01-17 00:00:00+00:00, run_after=2025-01-18 00:00:00+00:00
[2025-01-18T00:24:46.882+0000] {processor.py:208} INFO - Processing /opt/airflow/dags/prueba_api.py took 0.122 seconds
[2025-01-18T00:25:17.676+0000] {processor.py:186} INFO - Started process (PID=20698) to work on /opt/airflow/dags/prueba_api.py
[2025-01-18T00:25:17.679+0000] {processor.py:914} INFO - Processing file /opt/airflow/dags/prueba_api.py for tasks to queue
[2025-01-18T00:25:17.684+0000] {logging_mixin.py:190} INFO - [2025-01-18T00:25:17.682+0000] {dagbag.py:588} INFO - Filling up the DagBag from /opt/airflow/dags/prueba_api.py
[2025-01-18T00:25:17.698+0000] {processor.py:925} INFO - DAG(s) 'api_to_csv_dag' retrieved from /opt/airflow/dags/prueba_api.py
[2025-01-18T00:25:17.724+0000] {logging_mixin.py:190} INFO - [2025-01-18T00:25:17.723+0000] {dag.py:3239} INFO - Sync 1 DAGs
[2025-01-18T00:25:17.766+0000] {logging_mixin.py:190} INFO - [2025-01-18T00:25:17.766+0000] {dag.py:4180} INFO - Setting next_dagrun for api_to_csv_dag to 2025-01-17 00:00:00+00:00, run_after=2025-01-18 00:00:00+00:00
[2025-01-18T00:25:17.795+0000] {processor.py:208} INFO - Processing /opt/airflow/dags/prueba_api.py took 0.126 seconds
[2025-01-18T00:25:48.411+0000] {processor.py:186} INFO - Started process (PID=20765) to work on /opt/airflow/dags/prueba_api.py
[2025-01-18T00:25:48.422+0000] {processor.py:914} INFO - Processing file /opt/airflow/dags/prueba_api.py for tasks to queue
[2025-01-18T00:25:48.424+0000] {logging_mixin.py:190} INFO - [2025-01-18T00:25:48.424+0000] {dagbag.py:588} INFO - Filling up the DagBag from /opt/airflow/dags/prueba_api.py
[2025-01-18T00:25:48.433+0000] {processor.py:925} INFO - DAG(s) 'api_to_csv_dag' retrieved from /opt/airflow/dags/prueba_api.py
[2025-01-18T00:25:48.455+0000] {logging_mixin.py:190} INFO - [2025-01-18T00:25:48.454+0000] {dag.py:3239} INFO - Sync 1 DAGs
[2025-01-18T00:25:48.482+0000] {logging_mixin.py:190} INFO - [2025-01-18T00:25:48.482+0000] {dag.py:4180} INFO - Setting next_dagrun for api_to_csv_dag to 2025-01-17 00:00:00+00:00, run_after=2025-01-18 00:00:00+00:00
[2025-01-18T00:25:48.506+0000] {processor.py:208} INFO - Processing /opt/airflow/dags/prueba_api.py took 0.100 seconds
[2025-01-18T00:26:19.074+0000] {processor.py:186} INFO - Started process (PID=20838) to work on /opt/airflow/dags/prueba_api.py
[2025-01-18T00:26:19.076+0000] {processor.py:914} INFO - Processing file /opt/airflow/dags/prueba_api.py for tasks to queue
[2025-01-18T00:26:19.080+0000] {logging_mixin.py:190} INFO - [2025-01-18T00:26:19.079+0000] {dagbag.py:588} INFO - Filling up the DagBag from /opt/airflow/dags/prueba_api.py
[2025-01-18T00:26:19.095+0000] {processor.py:925} INFO - DAG(s) 'api_to_csv_dag' retrieved from /opt/airflow/dags/prueba_api.py
[2025-01-18T00:26:19.118+0000] {logging_mixin.py:190} INFO - [2025-01-18T00:26:19.118+0000] {dag.py:3239} INFO - Sync 1 DAGs
[2025-01-18T00:26:19.147+0000] {logging_mixin.py:190} INFO - [2025-01-18T00:26:19.147+0000] {dag.py:4180} INFO - Setting next_dagrun for api_to_csv_dag to 2025-01-17 00:00:00+00:00, run_after=2025-01-18 00:00:00+00:00
[2025-01-18T00:26:19.172+0000] {processor.py:208} INFO - Processing /opt/airflow/dags/prueba_api.py took 0.103 seconds
[2025-01-18T00:26:49.848+0000] {processor.py:186} INFO - Started process (PID=20905) to work on /opt/airflow/dags/prueba_api.py
[2025-01-18T00:26:49.849+0000] {processor.py:914} INFO - Processing file /opt/airflow/dags/prueba_api.py for tasks to queue
[2025-01-18T00:26:49.851+0000] {logging_mixin.py:190} INFO - [2025-01-18T00:26:49.851+0000] {dagbag.py:588} INFO - Filling up the DagBag from /opt/airflow/dags/prueba_api.py
[2025-01-18T00:26:49.859+0000] {processor.py:925} INFO - DAG(s) 'api_to_csv_dag' retrieved from /opt/airflow/dags/prueba_api.py
[2025-01-18T00:26:49.876+0000] {logging_mixin.py:190} INFO - [2025-01-18T00:26:49.876+0000] {dag.py:3239} INFO - Sync 1 DAGs
[2025-01-18T00:26:49.909+0000] {logging_mixin.py:190} INFO - [2025-01-18T00:26:49.908+0000] {dag.py:4180} INFO - Setting next_dagrun for api_to_csv_dag to 2025-01-17 00:00:00+00:00, run_after=2025-01-18 00:00:00+00:00
[2025-01-18T00:26:49.934+0000] {processor.py:208} INFO - Processing /opt/airflow/dags/prueba_api.py took 0.092 seconds
[2025-01-18T00:27:20.761+0000] {processor.py:186} INFO - Started process (PID=20972) to work on /opt/airflow/dags/prueba_api.py
[2025-01-18T00:27:20.764+0000] {processor.py:914} INFO - Processing file /opt/airflow/dags/prueba_api.py for tasks to queue
[2025-01-18T00:27:20.766+0000] {logging_mixin.py:190} INFO - [2025-01-18T00:27:20.766+0000] {dagbag.py:588} INFO - Filling up the DagBag from /opt/airflow/dags/prueba_api.py
[2025-01-18T00:27:20.776+0000] {processor.py:925} INFO - DAG(s) 'api_to_csv_dag' retrieved from /opt/airflow/dags/prueba_api.py
[2025-01-18T00:27:20.797+0000] {logging_mixin.py:190} INFO - [2025-01-18T00:27:20.797+0000] {dag.py:3239} INFO - Sync 1 DAGs
[2025-01-18T00:27:20.825+0000] {logging_mixin.py:190} INFO - [2025-01-18T00:27:20.825+0000] {dag.py:4180} INFO - Setting next_dagrun for api_to_csv_dag to 2025-01-17 00:00:00+00:00, run_after=2025-01-18 00:00:00+00:00
[2025-01-18T00:27:20.849+0000] {processor.py:208} INFO - Processing /opt/airflow/dags/prueba_api.py took 0.092 seconds
[2025-01-18T00:27:51.413+0000] {processor.py:186} INFO - Started process (PID=21039) to work on /opt/airflow/dags/prueba_api.py
[2025-01-18T00:27:51.415+0000] {processor.py:914} INFO - Processing file /opt/airflow/dags/prueba_api.py for tasks to queue
[2025-01-18T00:27:51.418+0000] {logging_mixin.py:190} INFO - [2025-01-18T00:27:51.418+0000] {dagbag.py:588} INFO - Filling up the DagBag from /opt/airflow/dags/prueba_api.py
[2025-01-18T00:27:51.435+0000] {processor.py:925} INFO - DAG(s) 'api_to_csv_dag' retrieved from /opt/airflow/dags/prueba_api.py
[2025-01-18T00:27:51.471+0000] {logging_mixin.py:190} INFO - [2025-01-18T00:27:51.471+0000] {dag.py:3239} INFO - Sync 1 DAGs
[2025-01-18T00:27:51.506+0000] {logging_mixin.py:190} INFO - [2025-01-18T00:27:51.506+0000] {dag.py:4180} INFO - Setting next_dagrun for api_to_csv_dag to 2025-01-17 00:00:00+00:00, run_after=2025-01-18 00:00:00+00:00
[2025-01-18T00:27:51.529+0000] {processor.py:208} INFO - Processing /opt/airflow/dags/prueba_api.py took 0.124 seconds
[2025-01-18T00:28:21.808+0000] {processor.py:186} INFO - Started process (PID=21105) to work on /opt/airflow/dags/prueba_api.py
[2025-01-18T00:28:21.810+0000] {processor.py:914} INFO - Processing file /opt/airflow/dags/prueba_api.py for tasks to queue
[2025-01-18T00:28:21.813+0000] {logging_mixin.py:190} INFO - [2025-01-18T00:28:21.812+0000] {dagbag.py:588} INFO - Filling up the DagBag from /opt/airflow/dags/prueba_api.py
[2025-01-18T00:28:21.822+0000] {processor.py:925} INFO - DAG(s) 'api_to_csv_dag' retrieved from /opt/airflow/dags/prueba_api.py
[2025-01-18T00:28:21.845+0000] {logging_mixin.py:190} INFO - [2025-01-18T00:28:21.844+0000] {dag.py:3239} INFO - Sync 1 DAGs
[2025-01-18T00:28:21.875+0000] {logging_mixin.py:190} INFO - [2025-01-18T00:28:21.874+0000] {dag.py:4180} INFO - Setting next_dagrun for api_to_csv_dag to 2025-01-17 00:00:00+00:00, run_after=2025-01-18 00:00:00+00:00
[2025-01-18T00:28:21.898+0000] {processor.py:208} INFO - Processing /opt/airflow/dags/prueba_api.py took 0.095 seconds
[2025-01-18T00:28:52.277+0000] {processor.py:186} INFO - Started process (PID=21172) to work on /opt/airflow/dags/prueba_api.py
[2025-01-18T00:28:52.278+0000] {processor.py:914} INFO - Processing file /opt/airflow/dags/prueba_api.py for tasks to queue
[2025-01-18T00:28:52.281+0000] {logging_mixin.py:190} INFO - [2025-01-18T00:28:52.280+0000] {dagbag.py:588} INFO - Filling up the DagBag from /opt/airflow/dags/prueba_api.py
[2025-01-18T00:28:52.291+0000] {processor.py:925} INFO - DAG(s) 'api_to_csv_dag' retrieved from /opt/airflow/dags/prueba_api.py
[2025-01-18T00:28:52.313+0000] {logging_mixin.py:190} INFO - [2025-01-18T00:28:52.313+0000] {dag.py:3239} INFO - Sync 1 DAGs
[2025-01-18T00:28:52.345+0000] {logging_mixin.py:190} INFO - [2025-01-18T00:28:52.344+0000] {dag.py:4180} INFO - Setting next_dagrun for api_to_csv_dag to 2025-01-17 00:00:00+00:00, run_after=2025-01-18 00:00:00+00:00
[2025-01-18T00:28:52.369+0000] {processor.py:208} INFO - Processing /opt/airflow/dags/prueba_api.py took 0.098 seconds
[2025-01-18T00:29:22.881+0000] {processor.py:186} INFO - Started process (PID=21239) to work on /opt/airflow/dags/prueba_api.py
[2025-01-18T00:29:22.882+0000] {processor.py:914} INFO - Processing file /opt/airflow/dags/prueba_api.py for tasks to queue
[2025-01-18T00:29:22.883+0000] {logging_mixin.py:190} INFO - [2025-01-18T00:29:22.883+0000] {dagbag.py:588} INFO - Filling up the DagBag from /opt/airflow/dags/prueba_api.py
[2025-01-18T00:29:22.892+0000] {processor.py:925} INFO - DAG(s) 'api_to_csv_dag' retrieved from /opt/airflow/dags/prueba_api.py
[2025-01-18T00:29:22.913+0000] {logging_mixin.py:190} INFO - [2025-01-18T00:29:22.912+0000] {dag.py:3239} INFO - Sync 1 DAGs
[2025-01-18T00:29:22.947+0000] {logging_mixin.py:190} INFO - [2025-01-18T00:29:22.947+0000] {dag.py:4180} INFO - Setting next_dagrun for api_to_csv_dag to 2025-01-17 00:00:00+00:00, run_after=2025-01-18 00:00:00+00:00
[2025-01-18T00:29:22.973+0000] {processor.py:208} INFO - Processing /opt/airflow/dags/prueba_api.py took 0.097 seconds
[2025-01-18T00:29:53.752+0000] {processor.py:186} INFO - Started process (PID=21306) to work on /opt/airflow/dags/prueba_api.py
[2025-01-18T00:29:53.753+0000] {processor.py:914} INFO - Processing file /opt/airflow/dags/prueba_api.py for tasks to queue
[2025-01-18T00:29:53.756+0000] {logging_mixin.py:190} INFO - [2025-01-18T00:29:53.756+0000] {dagbag.py:588} INFO - Filling up the DagBag from /opt/airflow/dags/prueba_api.py
[2025-01-18T00:29:53.767+0000] {processor.py:925} INFO - DAG(s) 'api_to_csv_dag' retrieved from /opt/airflow/dags/prueba_api.py
[2025-01-18T00:29:53.793+0000] {logging_mixin.py:190} INFO - [2025-01-18T00:29:53.792+0000] {dag.py:3239} INFO - Sync 1 DAGs
[2025-01-18T00:29:53.830+0000] {logging_mixin.py:190} INFO - [2025-01-18T00:29:53.830+0000] {dag.py:4180} INFO - Setting next_dagrun for api_to_csv_dag to 2025-01-17 00:00:00+00:00, run_after=2025-01-18 00:00:00+00:00
[2025-01-18T00:29:53.856+0000] {processor.py:208} INFO - Processing /opt/airflow/dags/prueba_api.py took 0.110 seconds
[2025-01-18T00:30:24.207+0000] {processor.py:186} INFO - Started process (PID=21379) to work on /opt/airflow/dags/prueba_api.py
[2025-01-18T00:30:24.208+0000] {processor.py:914} INFO - Processing file /opt/airflow/dags/prueba_api.py for tasks to queue
[2025-01-18T00:30:24.210+0000] {logging_mixin.py:190} INFO - [2025-01-18T00:30:24.210+0000] {dagbag.py:588} INFO - Filling up the DagBag from /opt/airflow/dags/prueba_api.py
[2025-01-18T00:30:24.227+0000] {processor.py:925} INFO - DAG(s) 'api_to_csv_dag' retrieved from /opt/airflow/dags/prueba_api.py
[2025-01-18T00:30:24.255+0000] {logging_mixin.py:190} INFO - [2025-01-18T00:30:24.255+0000] {dag.py:3239} INFO - Sync 1 DAGs
[2025-01-18T00:30:24.303+0000] {logging_mixin.py:190} INFO - [2025-01-18T00:30:24.303+0000] {dag.py:4180} INFO - Setting next_dagrun for api_to_csv_dag to 2025-01-17 00:00:00+00:00, run_after=2025-01-18 00:00:00+00:00
[2025-01-18T00:30:24.335+0000] {processor.py:208} INFO - Processing /opt/airflow/dags/prueba_api.py took 0.134 seconds
[2025-01-18T00:30:54.804+0000] {processor.py:186} INFO - Started process (PID=21446) to work on /opt/airflow/dags/prueba_api.py
[2025-01-18T00:30:54.806+0000] {processor.py:914} INFO - Processing file /opt/airflow/dags/prueba_api.py for tasks to queue
[2025-01-18T00:30:54.808+0000] {logging_mixin.py:190} INFO - [2025-01-18T00:30:54.808+0000] {dagbag.py:588} INFO - Filling up the DagBag from /opt/airflow/dags/prueba_api.py
[2025-01-18T00:30:54.820+0000] {processor.py:925} INFO - DAG(s) 'api_to_csv_dag' retrieved from /opt/airflow/dags/prueba_api.py
[2025-01-18T00:30:54.848+0000] {logging_mixin.py:190} INFO - [2025-01-18T00:30:54.847+0000] {dag.py:3239} INFO - Sync 1 DAGs
[2025-01-18T00:30:54.881+0000] {logging_mixin.py:190} INFO - [2025-01-18T00:30:54.881+0000] {dag.py:4180} INFO - Setting next_dagrun for api_to_csv_dag to 2025-01-17 00:00:00+00:00, run_after=2025-01-18 00:00:00+00:00
[2025-01-18T00:30:54.907+0000] {processor.py:208} INFO - Processing /opt/airflow/dags/prueba_api.py took 0.111 seconds
[2025-01-18T00:31:24.989+0000] {processor.py:186} INFO - Started process (PID=21513) to work on /opt/airflow/dags/prueba_api.py
[2025-01-18T00:31:24.992+0000] {processor.py:914} INFO - Processing file /opt/airflow/dags/prueba_api.py for tasks to queue
[2025-01-18T00:31:24.995+0000] {logging_mixin.py:190} INFO - [2025-01-18T00:31:24.995+0000] {dagbag.py:588} INFO - Filling up the DagBag from /opt/airflow/dags/prueba_api.py
[2025-01-18T00:31:25.006+0000] {processor.py:925} INFO - DAG(s) 'api_to_csv_dag' retrieved from /opt/airflow/dags/prueba_api.py
[2025-01-18T00:31:25.030+0000] {logging_mixin.py:190} INFO - [2025-01-18T00:31:25.029+0000] {dag.py:3239} INFO - Sync 1 DAGs
[2025-01-18T00:31:25.067+0000] {logging_mixin.py:190} INFO - [2025-01-18T00:31:25.067+0000] {dag.py:4180} INFO - Setting next_dagrun for api_to_csv_dag to 2025-01-17 00:00:00+00:00, run_after=2025-01-18 00:00:00+00:00
[2025-01-18T00:31:25.094+0000] {processor.py:208} INFO - Processing /opt/airflow/dags/prueba_api.py took 0.111 seconds
[2025-01-18T00:31:55.794+0000] {processor.py:186} INFO - Started process (PID=21580) to work on /opt/airflow/dags/prueba_api.py
[2025-01-18T00:31:55.796+0000] {processor.py:914} INFO - Processing file /opt/airflow/dags/prueba_api.py for tasks to queue
[2025-01-18T00:31:55.802+0000] {logging_mixin.py:190} INFO - [2025-01-18T00:31:55.802+0000] {dagbag.py:588} INFO - Filling up the DagBag from /opt/airflow/dags/prueba_api.py
[2025-01-18T00:31:55.820+0000] {processor.py:925} INFO - DAG(s) 'api_to_csv_dag' retrieved from /opt/airflow/dags/prueba_api.py
[2025-01-18T00:31:55.855+0000] {logging_mixin.py:190} INFO - [2025-01-18T00:31:55.854+0000] {dag.py:3239} INFO - Sync 1 DAGs
[2025-01-18T00:31:55.914+0000] {logging_mixin.py:190} INFO - [2025-01-18T00:31:55.914+0000] {dag.py:4180} INFO - Setting next_dagrun for api_to_csv_dag to 2025-01-17 00:00:00+00:00, run_after=2025-01-18 00:00:00+00:00
[2025-01-18T00:31:55.959+0000] {processor.py:208} INFO - Processing /opt/airflow/dags/prueba_api.py took 0.174 seconds
[2025-01-18T00:32:26.056+0000] {processor.py:186} INFO - Started process (PID=21647) to work on /opt/airflow/dags/prueba_api.py
[2025-01-18T00:32:26.059+0000] {processor.py:914} INFO - Processing file /opt/airflow/dags/prueba_api.py for tasks to queue
[2025-01-18T00:32:26.063+0000] {logging_mixin.py:190} INFO - [2025-01-18T00:32:26.063+0000] {dagbag.py:588} INFO - Filling up the DagBag from /opt/airflow/dags/prueba_api.py
[2025-01-18T00:32:26.080+0000] {processor.py:925} INFO - DAG(s) 'api_to_csv_dag' retrieved from /opt/airflow/dags/prueba_api.py
[2025-01-18T00:32:26.117+0000] {logging_mixin.py:190} INFO - [2025-01-18T00:32:26.117+0000] {dag.py:3239} INFO - Sync 1 DAGs
[2025-01-18T00:32:26.166+0000] {logging_mixin.py:190} INFO - [2025-01-18T00:32:26.166+0000] {dag.py:4180} INFO - Setting next_dagrun for api_to_csv_dag to 2025-01-17 00:00:00+00:00, run_after=2025-01-18 00:00:00+00:00
[2025-01-18T00:32:26.201+0000] {processor.py:208} INFO - Processing /opt/airflow/dags/prueba_api.py took 0.158 seconds
[2025-01-18T00:32:56.931+0000] {processor.py:186} INFO - Started process (PID=21714) to work on /opt/airflow/dags/prueba_api.py
[2025-01-18T00:32:56.933+0000] {processor.py:914} INFO - Processing file /opt/airflow/dags/prueba_api.py for tasks to queue
[2025-01-18T00:32:56.936+0000] {logging_mixin.py:190} INFO - [2025-01-18T00:32:56.936+0000] {dagbag.py:588} INFO - Filling up the DagBag from /opt/airflow/dags/prueba_api.py
[2025-01-18T00:32:56.948+0000] {processor.py:925} INFO - DAG(s) 'api_to_csv_dag' retrieved from /opt/airflow/dags/prueba_api.py
[2025-01-18T00:32:56.976+0000] {logging_mixin.py:190} INFO - [2025-01-18T00:32:56.976+0000] {dag.py:3239} INFO - Sync 1 DAGs
[2025-01-18T00:32:57.004+0000] {logging_mixin.py:190} INFO - [2025-01-18T00:32:57.004+0000] {dag.py:4180} INFO - Setting next_dagrun for api_to_csv_dag to 2025-01-17 00:00:00+00:00, run_after=2025-01-18 00:00:00+00:00
[2025-01-18T00:32:57.030+0000] {processor.py:208} INFO - Processing /opt/airflow/dags/prueba_api.py took 0.106 seconds
[2025-01-18T00:33:27.203+0000] {processor.py:186} INFO - Started process (PID=21781) to work on /opt/airflow/dags/prueba_api.py
[2025-01-18T00:33:27.206+0000] {processor.py:914} INFO - Processing file /opt/airflow/dags/prueba_api.py for tasks to queue
[2025-01-18T00:33:27.208+0000] {logging_mixin.py:190} INFO - [2025-01-18T00:33:27.208+0000] {dagbag.py:588} INFO - Filling up the DagBag from /opt/airflow/dags/prueba_api.py
[2025-01-18T00:33:27.223+0000] {processor.py:925} INFO - DAG(s) 'api_to_csv_dag' retrieved from /opt/airflow/dags/prueba_api.py
[2025-01-18T00:33:27.252+0000] {logging_mixin.py:190} INFO - [2025-01-18T00:33:27.252+0000] {dag.py:3239} INFO - Sync 1 DAGs
[2025-01-18T00:33:27.293+0000] {logging_mixin.py:190} INFO - [2025-01-18T00:33:27.293+0000] {dag.py:4180} INFO - Setting next_dagrun for api_to_csv_dag to 2025-01-17 00:00:00+00:00, run_after=2025-01-18 00:00:00+00:00
[2025-01-18T00:33:27.327+0000] {processor.py:208} INFO - Processing /opt/airflow/dags/prueba_api.py took 0.130 seconds
[2025-01-18T00:33:57.423+0000] {processor.py:186} INFO - Started process (PID=21848) to work on /opt/airflow/dags/prueba_api.py
[2025-01-18T00:33:57.425+0000] {processor.py:914} INFO - Processing file /opt/airflow/dags/prueba_api.py for tasks to queue
[2025-01-18T00:33:57.427+0000] {logging_mixin.py:190} INFO - [2025-01-18T00:33:57.427+0000] {dagbag.py:588} INFO - Filling up the DagBag from /opt/airflow/dags/prueba_api.py
[2025-01-18T00:33:57.440+0000] {processor.py:925} INFO - DAG(s) 'api_to_csv_dag' retrieved from /opt/airflow/dags/prueba_api.py
[2025-01-18T00:33:57.465+0000] {logging_mixin.py:190} INFO - [2025-01-18T00:33:57.465+0000] {dag.py:3239} INFO - Sync 1 DAGs
[2025-01-18T00:33:57.512+0000] {logging_mixin.py:190} INFO - [2025-01-18T00:33:57.511+0000] {dag.py:4180} INFO - Setting next_dagrun for api_to_csv_dag to 2025-01-17 00:00:00+00:00, run_after=2025-01-18 00:00:00+00:00
[2025-01-18T00:33:57.552+0000] {processor.py:208} INFO - Processing /opt/airflow/dags/prueba_api.py took 0.135 seconds
[2025-01-18T00:34:27.632+0000] {processor.py:186} INFO - Started process (PID=21916) to work on /opt/airflow/dags/prueba_api.py
[2025-01-18T00:34:27.633+0000] {processor.py:914} INFO - Processing file /opt/airflow/dags/prueba_api.py for tasks to queue
[2025-01-18T00:34:27.635+0000] {logging_mixin.py:190} INFO - [2025-01-18T00:34:27.635+0000] {dagbag.py:588} INFO - Filling up the DagBag from /opt/airflow/dags/prueba_api.py
[2025-01-18T00:34:27.647+0000] {processor.py:925} INFO - DAG(s) 'api_to_csv_dag' retrieved from /opt/airflow/dags/prueba_api.py
[2025-01-18T00:34:27.674+0000] {logging_mixin.py:190} INFO - [2025-01-18T00:34:27.673+0000] {dag.py:3239} INFO - Sync 1 DAGs
[2025-01-18T00:34:27.713+0000] {logging_mixin.py:190} INFO - [2025-01-18T00:34:27.712+0000] {dag.py:4180} INFO - Setting next_dagrun for api_to_csv_dag to 2025-01-17 00:00:00+00:00, run_after=2025-01-18 00:00:00+00:00
[2025-01-18T00:34:27.745+0000] {processor.py:208} INFO - Processing /opt/airflow/dags/prueba_api.py took 0.120 seconds
[2025-01-18T00:34:57.916+0000] {processor.py:186} INFO - Started process (PID=21989) to work on /opt/airflow/dags/prueba_api.py
[2025-01-18T00:34:57.918+0000] {processor.py:914} INFO - Processing file /opt/airflow/dags/prueba_api.py for tasks to queue
[2025-01-18T00:34:57.920+0000] {logging_mixin.py:190} INFO - [2025-01-18T00:34:57.920+0000] {dagbag.py:588} INFO - Filling up the DagBag from /opt/airflow/dags/prueba_api.py
[2025-01-18T00:34:57.929+0000] {processor.py:925} INFO - DAG(s) 'api_to_csv_dag' retrieved from /opt/airflow/dags/prueba_api.py
[2025-01-18T00:34:57.951+0000] {logging_mixin.py:190} INFO - [2025-01-18T00:34:57.950+0000] {dag.py:3239} INFO - Sync 1 DAGs
[2025-01-18T00:34:57.980+0000] {logging_mixin.py:190} INFO - [2025-01-18T00:34:57.980+0000] {dag.py:4180} INFO - Setting next_dagrun for api_to_csv_dag to 2025-01-17 00:00:00+00:00, run_after=2025-01-18 00:00:00+00:00
[2025-01-18T00:34:58.002+0000] {processor.py:208} INFO - Processing /opt/airflow/dags/prueba_api.py took 0.092 seconds
[2025-01-18T00:35:28.094+0000] {processor.py:186} INFO - Started process (PID=22056) to work on /opt/airflow/dags/prueba_api.py
[2025-01-18T00:35:28.095+0000] {processor.py:914} INFO - Processing file /opt/airflow/dags/prueba_api.py for tasks to queue
[2025-01-18T00:35:28.098+0000] {logging_mixin.py:190} INFO - [2025-01-18T00:35:28.098+0000] {dagbag.py:588} INFO - Filling up the DagBag from /opt/airflow/dags/prueba_api.py
[2025-01-18T00:35:28.108+0000] {processor.py:925} INFO - DAG(s) 'api_to_csv_dag' retrieved from /opt/airflow/dags/prueba_api.py
[2025-01-18T00:35:28.132+0000] {logging_mixin.py:190} INFO - [2025-01-18T00:35:28.131+0000] {dag.py:3239} INFO - Sync 1 DAGs
[2025-01-18T00:35:28.158+0000] {logging_mixin.py:190} INFO - [2025-01-18T00:35:28.158+0000] {dag.py:4180} INFO - Setting next_dagrun for api_to_csv_dag to 2025-01-17 00:00:00+00:00, run_after=2025-01-18 00:00:00+00:00
[2025-01-18T00:35:28.182+0000] {processor.py:208} INFO - Processing /opt/airflow/dags/prueba_api.py took 0.094 seconds
