[2025-01-19T14:14:05.525+0000] {local_task_job_runner.py:123} INFO - ::group::Pre task execution logs
[2025-01-19T14:14:05.544+0000] {taskinstance.py:2613} INFO - Dependencies all met for dep_context=non-requeueable deps ti=<TaskInstance: DAG_AWS_PIPELINE.transf_articles manual__2025-01-19T13:55:06.695476+00:00 [queued]>
[2025-01-19T14:14:05.553+0000] {taskinstance.py:2613} INFO - Dependencies all met for dep_context=requeueable deps ti=<TaskInstance: DAG_AWS_PIPELINE.transf_articles manual__2025-01-19T13:55:06.695476+00:00 [queued]>
[2025-01-19T14:14:05.554+0000] {taskinstance.py:2866} INFO - Starting attempt 5 of 6
[2025-01-19T14:14:05.569+0000] {taskinstance.py:2889} INFO - Executing <Task(LocalFilesystemToS3Operator): transf_articles> on 2025-01-19 13:55:06.695476+00:00
[2025-01-19T14:14:05.579+0000] {warnings.py:112} WARNING - /home/***/.local/lib/python3.12/site-packages/***/task/task_runner/standard_task_runner.py:70: DeprecationWarning: This process (pid=2867) is multi-threaded, use of fork() may lead to deadlocks in the child.
  pid = os.fork()

[2025-01-19T14:14:05.580+0000] {standard_task_runner.py:72} INFO - Started process 2869 to run task
[2025-01-19T14:14:05.581+0000] {standard_task_runner.py:104} INFO - Running: ['***', 'tasks', 'run', 'DAG_AWS_PIPELINE', 'transf_articles', 'manual__2025-01-19T13:55:06.695476+00:00', '--job-id', '151', '--raw', '--subdir', 'DAGS_FOLDER/Ingesta_aws.py', '--cfg-path', '/tmp/tmpait1_h03']
[2025-01-19T14:14:05.582+0000] {standard_task_runner.py:105} INFO - Job 151: Subtask transf_articles
[2025-01-19T14:14:05.625+0000] {task_command.py:467} INFO - Running <TaskInstance: DAG_AWS_PIPELINE.transf_articles manual__2025-01-19T13:55:06.695476+00:00 [running]> on host 59ff16f1d4fb
[2025-01-19T14:14:05.699+0000] {taskinstance.py:3132} INFO - Exporting env vars: AIRFLOW_CTX_DAG_OWNER='Wilfrido Rondon' AIRFLOW_CTX_DAG_ID='DAG_AWS_PIPELINE' AIRFLOW_CTX_TASK_ID='transf_articles' AIRFLOW_CTX_EXECUTION_DATE='2025-01-19T13:55:06.695476+00:00' AIRFLOW_CTX_TRY_NUMBER='5' AIRFLOW_CTX_DAG_RUN_ID='manual__2025-01-19T13:55:06.695476+00:00'
[2025-01-19T14:14:05.700+0000] {logging_mixin.py:190} INFO - Task instance is in running state
[2025-01-19T14:14:05.700+0000] {logging_mixin.py:190} INFO -  Previous state of the Task instance: queued
[2025-01-19T14:14:05.701+0000] {logging_mixin.py:190} INFO - Current task name:transf_articles state:running start_date:2025-01-19 14:14:05.545127+00:00
[2025-01-19T14:14:05.701+0000] {logging_mixin.py:190} INFO - Dag name:DAG_AWS_PIPELINE and current dag run status:running
[2025-01-19T14:14:05.701+0000] {taskinstance.py:731} INFO - ::endgroup::
[2025-01-19T14:14:05.711+0000] {base.py:84} INFO - Retrieving connection 'aws_conn'
[2025-01-19T14:14:05.712+0000] {connection_wrapper.py:325} INFO - AWS Connection (conn_id='aws_conn', conn_type='aws') credentials retrieved from login and password.
[2025-01-19T14:14:07.342+0000] {hook.py:208} WARNING - Data lineage tracking is disabled. Register a hook lineage reader to start tracking hook lineage.
[2025-01-19T14:14:07.357+0000] {taskinstance.py:340} INFO - ::group::Post task execution logs
[2025-01-19T14:14:07.357+0000] {taskinstance.py:352} INFO - Marking task as SUCCESS. dag_id=DAG_AWS_PIPELINE, task_id=transf_articles, run_id=manual__2025-01-19T13:55:06.695476+00:00, execution_date=20250119T135506, start_date=20250119T141405, end_date=20250119T141407
[2025-01-19T14:14:07.377+0000] {logging_mixin.py:190} INFO - Task instance in success state
[2025-01-19T14:14:07.378+0000] {logging_mixin.py:190} INFO -  Previous state of the Task instance: running
[2025-01-19T14:14:07.378+0000] {logging_mixin.py:190} INFO - Dag name:DAG_AWS_PIPELINE queued_at:2025-01-19 14:14:03.161206+00:00
[2025-01-19T14:14:07.379+0000] {logging_mixin.py:190} INFO - Task hostname:59ff16f1d4fb operator:LocalFilesystemToS3Operator
[2025-01-19T14:14:07.425+0000] {local_task_job_runner.py:266} INFO - Task exited with return code 0
[2025-01-19T14:14:07.444+0000] {taskinstance.py:3895} INFO - 0 downstream tasks scheduled from follow-on schedule check
[2025-01-19T14:14:07.446+0000] {local_task_job_runner.py:245} INFO - ::endgroup::
