[2025-01-19T14:08:25.752+0000] {local_task_job_runner.py:123} INFO - ::group::Pre task execution logs
[2025-01-19T14:08:25.769+0000] {taskinstance.py:2613} INFO - Dependencies all met for dep_context=non-requeueable deps ti=<TaskInstance: DAG_AWS_PIPELINE.transf_articles manual__2025-01-19T13:55:06.695476+00:00 [queued]>
[2025-01-19T14:08:25.777+0000] {taskinstance.py:2613} INFO - Dependencies all met for dep_context=requeueable deps ti=<TaskInstance: DAG_AWS_PIPELINE.transf_articles manual__2025-01-19T13:55:06.695476+00:00 [queued]>
[2025-01-19T14:08:25.777+0000] {taskinstance.py:2866} INFO - Starting attempt 3 of 4
[2025-01-19T14:08:25.788+0000] {taskinstance.py:2889} INFO - Executing <Task(LocalFilesystemToS3Operator): transf_articles> on 2025-01-19 13:55:06.695476+00:00
[2025-01-19T14:08:25.797+0000] {warnings.py:112} WARNING - /home/***/.local/lib/python3.12/site-packages/***/task/task_runner/standard_task_runner.py:70: DeprecationWarning: This process (pid=2778) is multi-threaded, use of fork() may lead to deadlocks in the child.
  pid = os.fork()

[2025-01-19T14:08:25.798+0000] {standard_task_runner.py:72} INFO - Started process 2780 to run task
[2025-01-19T14:08:25.799+0000] {standard_task_runner.py:104} INFO - Running: ['***', 'tasks', 'run', 'DAG_AWS_PIPELINE', 'transf_articles', 'manual__2025-01-19T13:55:06.695476+00:00', '--job-id', '149', '--raw', '--subdir', 'DAGS_FOLDER/Ingesta_aws.py', '--cfg-path', '/tmp/tmp4en6yii6']
[2025-01-19T14:08:25.800+0000] {standard_task_runner.py:105} INFO - Job 149: Subtask transf_articles
[2025-01-19T14:08:25.840+0000] {task_command.py:467} INFO - Running <TaskInstance: DAG_AWS_PIPELINE.transf_articles manual__2025-01-19T13:55:06.695476+00:00 [running]> on host 59ff16f1d4fb
[2025-01-19T14:08:25.913+0000] {taskinstance.py:3132} INFO - Exporting env vars: AIRFLOW_CTX_DAG_OWNER='Wilfrido Rondon' AIRFLOW_CTX_DAG_ID='DAG_AWS_PIPELINE' AIRFLOW_CTX_TASK_ID='transf_articles' AIRFLOW_CTX_EXECUTION_DATE='2025-01-19T13:55:06.695476+00:00' AIRFLOW_CTX_TRY_NUMBER='3' AIRFLOW_CTX_DAG_RUN_ID='manual__2025-01-19T13:55:06.695476+00:00'
[2025-01-19T14:08:25.915+0000] {logging_mixin.py:190} INFO - Task instance is in running state
[2025-01-19T14:08:25.915+0000] {logging_mixin.py:190} INFO -  Previous state of the Task instance: queued
[2025-01-19T14:08:25.915+0000] {logging_mixin.py:190} INFO - Current task name:transf_articles state:running start_date:2025-01-19 14:08:25.770241+00:00
[2025-01-19T14:08:25.915+0000] {logging_mixin.py:190} INFO - Dag name:DAG_AWS_PIPELINE and current dag run status:running
[2025-01-19T14:08:25.916+0000] {taskinstance.py:731} INFO - ::endgroup::
[2025-01-19T14:08:25.924+0000] {base.py:84} INFO - Retrieving connection 'aws_conn'
[2025-01-19T14:08:25.925+0000] {connection_wrapper.py:325} INFO - AWS Connection (conn_id='aws_conn', conn_type='aws') credentials retrieved from login and password.
[2025-01-19T14:08:27.378+0000] {hook.py:208} WARNING - Data lineage tracking is disabled. Register a hook lineage reader to start tracking hook lineage.
[2025-01-19T14:08:27.392+0000] {taskinstance.py:340} INFO - ::group::Post task execution logs
[2025-01-19T14:08:27.392+0000] {taskinstance.py:352} INFO - Marking task as SUCCESS. dag_id=DAG_AWS_PIPELINE, task_id=transf_articles, run_id=manual__2025-01-19T13:55:06.695476+00:00, execution_date=20250119T135506, start_date=20250119T140825, end_date=20250119T140827
[2025-01-19T14:08:27.405+0000] {logging_mixin.py:190} INFO - Task instance in success state
[2025-01-19T14:08:27.405+0000] {logging_mixin.py:190} INFO -  Previous state of the Task instance: running
[2025-01-19T14:08:27.405+0000] {logging_mixin.py:190} INFO - Dag name:DAG_AWS_PIPELINE queued_at:2025-01-19 14:08:23.834129+00:00
[2025-01-19T14:08:27.406+0000] {logging_mixin.py:190} INFO - Task hostname:59ff16f1d4fb operator:LocalFilesystemToS3Operator
[2025-01-19T14:08:27.459+0000] {local_task_job_runner.py:266} INFO - Task exited with return code 0
[2025-01-19T14:08:27.476+0000] {taskinstance.py:3895} INFO - 0 downstream tasks scheduled from follow-on schedule check
[2025-01-19T14:08:27.478+0000] {local_task_job_runner.py:245} INFO - ::endgroup::
