[2025-01-20T20:46:13.039+0000] {local_task_job_runner.py:123} INFO - ::group::Pre task execution logs
[2025-01-20T20:46:13.062+0000] {taskinstance.py:2613} INFO - Dependencies all met for dep_context=non-requeueable deps ti=<TaskInstance: DAG_AWS_PIPELINE.extract_articles manual__2025-01-20T20:46:08.722287+00:00 [queued]>
[2025-01-20T20:46:13.074+0000] {taskinstance.py:2613} INFO - Dependencies all met for dep_context=requeueable deps ti=<TaskInstance: DAG_AWS_PIPELINE.extract_articles manual__2025-01-20T20:46:08.722287+00:00 [queued]>
[2025-01-20T20:46:13.074+0000] {taskinstance.py:2866} INFO - Starting attempt 1 of 2
[2025-01-20T20:46:13.099+0000] {taskinstance.py:2889} INFO - Executing <Task(PythonOperator): extract_articles> on 2025-01-20 20:46:08.722287+00:00
[2025-01-20T20:46:13.111+0000] {warnings.py:112} WARNING - /home/***/.local/lib/python3.12/site-packages/***/task/task_runner/standard_task_runner.py:70: DeprecationWarning: This process (pid=85) is multi-threaded, use of fork() may lead to deadlocks in the child.
  pid = os.fork()

[2025-01-20T20:46:13.112+0000] {standard_task_runner.py:72} INFO - Started process 92 to run task
[2025-01-20T20:46:13.113+0000] {standard_task_runner.py:104} INFO - Running: ['***', 'tasks', 'run', 'DAG_AWS_PIPELINE', 'extract_articles', 'manual__2025-01-20T20:46:08.722287+00:00', '--job-id', '282', '--raw', '--subdir', 'DAGS_FOLDER/Ingesta_aws.py', '--cfg-path', '/tmp/tmp3e0yqc5g']
[2025-01-20T20:46:13.114+0000] {standard_task_runner.py:105} INFO - Job 282: Subtask extract_articles
[2025-01-20T20:46:13.171+0000] {task_command.py:467} INFO - Running <TaskInstance: DAG_AWS_PIPELINE.extract_articles manual__2025-01-20T20:46:08.722287+00:00 [running]> on host 59ff16f1d4fb
[2025-01-20T20:46:13.303+0000] {taskinstance.py:3132} INFO - Exporting env vars: AIRFLOW_CTX_DAG_OWNER='Wilfrido Rondon' AIRFLOW_CTX_DAG_ID='DAG_AWS_PIPELINE' AIRFLOW_CTX_TASK_ID='extract_articles' AIRFLOW_CTX_EXECUTION_DATE='2025-01-20T20:46:08.722287+00:00' AIRFLOW_CTX_TRY_NUMBER='1' AIRFLOW_CTX_DAG_RUN_ID='manual__2025-01-20T20:46:08.722287+00:00'
[2025-01-20T20:46:13.304+0000] {logging_mixin.py:190} INFO - Task instance is in running state
[2025-01-20T20:46:13.304+0000] {logging_mixin.py:190} INFO -  Previous state of the Task instance: queued
[2025-01-20T20:46:13.305+0000] {logging_mixin.py:190} INFO - Current task name:extract_articles state:running start_date:2025-01-20 20:46:13.063355+00:00
[2025-01-20T20:46:13.305+0000] {logging_mixin.py:190} INFO - Dag name:DAG_AWS_PIPELINE and current dag run status:running
[2025-01-20T20:46:13.306+0000] {taskinstance.py:731} INFO - ::endgroup::
[2025-01-20T20:46:13.307+0000] {Ingesta_aws.py:34} INFO - Recuperando página 1...
[2025-01-20T20:46:14.021+0000] {Ingesta_aws.py:44} INFO - Artículos recuperados: 10, total acumulado: 10
[2025-01-20T20:46:14.021+0000] {Ingesta_aws.py:34} INFO - Recuperando página 2...
[2025-01-20T20:46:14.505+0000] {Ingesta_aws.py:44} INFO - Artículos recuperados: 10, total acumulado: 20
[2025-01-20T20:46:14.506+0000] {Ingesta_aws.py:34} INFO - Recuperando página 3...
[2025-01-20T20:46:14.961+0000] {Ingesta_aws.py:44} INFO - Artículos recuperados: 10, total acumulado: 30
[2025-01-20T20:46:14.961+0000] {Ingesta_aws.py:34} INFO - Recuperando página 4...
[2025-01-20T20:46:15.410+0000] {Ingesta_aws.py:44} INFO - Artículos recuperados: 10, total acumulado: 40
[2025-01-20T20:46:15.410+0000] {Ingesta_aws.py:34} INFO - Recuperando página 5...
[2025-01-20T20:46:15.869+0000] {Ingesta_aws.py:44} INFO - Artículos recuperados: 10, total acumulado: 50
[2025-01-20T20:46:15.870+0000] {Ingesta_aws.py:34} INFO - Recuperando página 6...
[2025-01-20T20:46:16.319+0000] {Ingesta_aws.py:44} INFO - Artículos recuperados: 10, total acumulado: 60
[2025-01-20T20:46:16.320+0000] {Ingesta_aws.py:34} INFO - Recuperando página 7...
[2025-01-20T20:46:16.839+0000] {Ingesta_aws.py:44} INFO - Artículos recuperados: 10, total acumulado: 70
[2025-01-20T20:46:16.839+0000] {Ingesta_aws.py:34} INFO - Recuperando página 8...
[2025-01-20T20:46:17.407+0000] {Ingesta_aws.py:44} INFO - Artículos recuperados: 10, total acumulado: 80
[2025-01-20T20:46:17.407+0000] {Ingesta_aws.py:34} INFO - Recuperando página 9...
[2025-01-20T20:46:17.857+0000] {Ingesta_aws.py:44} INFO - Artículos recuperados: 10, total acumulado: 90
[2025-01-20T20:46:17.857+0000] {Ingesta_aws.py:34} INFO - Recuperando página 10...
[2025-01-20T20:46:18.350+0000] {Ingesta_aws.py:44} INFO - Artículos recuperados: 10, total acumulado: 100
[2025-01-20T20:46:18.350+0000] {Ingesta_aws.py:56} INFO - Transformando los datos a CSV...
[2025-01-20T20:46:18.360+0000] {Ingesta_aws.py:63} INFO - CSV guardado temporalmente en: /tmp/articulos.csv
[2025-01-20T20:46:18.361+0000] {python.py:240} INFO - Done. Returned value was: /tmp/articulos.csv
[2025-01-20T20:46:18.402+0000] {taskinstance.py:340} INFO - ::group::Post task execution logs
[2025-01-20T20:46:18.403+0000] {taskinstance.py:352} INFO - Marking task as SUCCESS. dag_id=DAG_AWS_PIPELINE, task_id=extract_articles, run_id=manual__2025-01-20T20:46:08.722287+00:00, execution_date=20250120T204608, start_date=20250120T204613, end_date=20250120T204618
[2025-01-20T20:46:18.424+0000] {logging_mixin.py:190} INFO - Task instance in success state
[2025-01-20T20:46:18.425+0000] {logging_mixin.py:190} INFO -  Previous state of the Task instance: running
[2025-01-20T20:46:18.425+0000] {logging_mixin.py:190} INFO - Dag name:DAG_AWS_PIPELINE queued_at:2025-01-20 20:46:08.735322+00:00
[2025-01-20T20:46:18.426+0000] {logging_mixin.py:190} INFO - Task hostname:59ff16f1d4fb operator:PythonOperator
[2025-01-20T20:46:18.448+0000] {local_task_job_runner.py:266} INFO - Task exited with return code 0
[2025-01-20T20:46:18.460+0000] {local_task_job_runner.py:245} INFO - ::endgroup::
