[2025-01-15T14:28:29.305+0000] {local_task_job_runner.py:123} INFO - ::group::Pre task execution logs
[2025-01-15T14:28:29.321+0000] {taskinstance.py:2613} INFO - Dependencies all met for dep_context=non-requeueable deps ti=<TaskInstance: tutorial_dag.load manual__2025-01-15T14:28:21.048634+00:00 [queued]>
[2025-01-15T14:28:29.327+0000] {taskinstance.py:2613} INFO - Dependencies all met for dep_context=requeueable deps ti=<TaskInstance: tutorial_dag.load manual__2025-01-15T14:28:21.048634+00:00 [queued]>
[2025-01-15T14:28:29.328+0000] {taskinstance.py:2866} INFO - Starting attempt 1 of 3
[2025-01-15T14:28:29.338+0000] {taskinstance.py:2889} INFO - Executing <Task(PythonOperator): load> on 2025-01-15 14:28:21.048634+00:00
[2025-01-15T14:28:29.346+0000] {warnings.py:112} WARNING - /home/***/.local/lib/python3.12/site-packages/***/task/task_runner/standard_task_runner.py:70: DeprecationWarning: This process (pid=319) is multi-threaded, use of fork() may lead to deadlocks in the child.
  pid = os.fork()

[2025-01-15T14:28:29.347+0000] {standard_task_runner.py:72} INFO - Started process 321 to run task
[2025-01-15T14:28:29.348+0000] {standard_task_runner.py:104} INFO - Running: ['***', 'tasks', 'run', 'tutorial_dag', 'load', 'manual__2025-01-15T14:28:21.048634+00:00', '--job-id', '5', '--raw', '--subdir', '/home/***/.local/lib/python3.12/site-packages/***/example_dags/tutorial_dag.py', '--cfg-path', '/tmp/tmp9uqfxrts']
[2025-01-15T14:28:29.348+0000] {standard_task_runner.py:105} INFO - Job 5: Subtask load
[2025-01-15T14:28:29.384+0000] {task_command.py:467} INFO - Running <TaskInstance: tutorial_dag.load manual__2025-01-15T14:28:21.048634+00:00 [running]> on host 59ff16f1d4fb
[2025-01-15T14:28:29.643+0000] {taskinstance.py:3132} INFO - Exporting env vars: AIRFLOW_CTX_DAG_OWNER='***' AIRFLOW_CTX_DAG_ID='tutorial_dag' AIRFLOW_CTX_TASK_ID='load' AIRFLOW_CTX_EXECUTION_DATE='2025-01-15T14:28:21.048634+00:00' AIRFLOW_CTX_TRY_NUMBER='1' AIRFLOW_CTX_DAG_RUN_ID='manual__2025-01-15T14:28:21.048634+00:00'
[2025-01-15T14:28:29.644+0000] {logging_mixin.py:190} INFO - Task instance is in running state
[2025-01-15T14:28:29.644+0000] {logging_mixin.py:190} INFO -  Previous state of the Task instance: queued
[2025-01-15T14:28:29.644+0000] {logging_mixin.py:190} INFO - Current task name:load state:running start_date:2025-01-15 14:28:29.321541+00:00
[2025-01-15T14:28:29.644+0000] {logging_mixin.py:190} INFO - Dag name:tutorial_dag and current dag run status:running
[2025-01-15T14:28:29.644+0000] {taskinstance.py:731} INFO - ::endgroup::
[2025-01-15T14:28:29.653+0000] {logging_mixin.py:190} INFO - {'total_order_value': 1236.7}
[2025-01-15T14:28:29.653+0000] {python.py:240} INFO - Done. Returned value was: None
[2025-01-15T14:28:29.661+0000] {taskinstance.py:340} INFO - ::group::Post task execution logs
[2025-01-15T14:28:29.661+0000] {taskinstance.py:352} INFO - Marking task as SUCCESS. dag_id=tutorial_dag, task_id=load, run_id=manual__2025-01-15T14:28:21.048634+00:00, execution_date=20250115T142821, start_date=20250115T142829, end_date=20250115T142829
[2025-01-15T14:28:29.669+0000] {logging_mixin.py:190} INFO - Task instance in success state
[2025-01-15T14:28:29.669+0000] {logging_mixin.py:190} INFO -  Previous state of the Task instance: running
[2025-01-15T14:28:29.669+0000] {logging_mixin.py:190} INFO - Dag name:tutorial_dag queued_at:2025-01-15 14:28:21.062323+00:00
[2025-01-15T14:28:29.669+0000] {logging_mixin.py:190} INFO - Task hostname:59ff16f1d4fb operator:PythonOperator
[2025-01-15T14:28:29.723+0000] {local_task_job_runner.py:266} INFO - Task exited with return code 0
[2025-01-15T14:28:29.740+0000] {taskinstance.py:3895} INFO - 0 downstream tasks scheduled from follow-on schedule check
[2025-01-15T14:28:29.742+0000] {local_task_job_runner.py:245} INFO - ::endgroup::
