[2025-01-19T22:04:06.560+0000] {local_task_job_runner.py:123} INFO - ::group::Pre task execution logs
[2025-01-19T22:04:06.581+0000] {taskinstance.py:2613} INFO - Dependencies all met for dep_context=non-requeueable deps ti=<TaskInstance: DAG_AWS_PIPELINE.extract_blogs manual__2025-01-19T22:04:02.784376+00:00 [queued]>
[2025-01-19T22:04:06.765+0000] {taskinstance.py:2613} INFO - Dependencies all met for dep_context=requeueable deps ti=<TaskInstance: DAG_AWS_PIPELINE.extract_blogs manual__2025-01-19T22:04:02.784376+00:00 [queued]>
[2025-01-19T22:04:06.765+0000] {taskinstance.py:2866} INFO - Starting attempt 1 of 2
[2025-01-19T22:04:06.782+0000] {taskinstance.py:2889} INFO - Executing <Task(PythonOperator): extract_blogs> on 2025-01-19 22:04:02.784376+00:00
[2025-01-19T22:04:06.790+0000] {warnings.py:112} WARNING - /home/***/.local/lib/python3.12/site-packages/***/task/task_runner/standard_task_runner.py:70: DeprecationWarning: This process (pid=9967) is multi-threaded, use of fork() may lead to deadlocks in the child.
  pid = os.fork()

[2025-01-19T22:04:06.791+0000] {standard_task_runner.py:72} INFO - Started process 9973 to run task
[2025-01-19T22:04:06.792+0000] {standard_task_runner.py:104} INFO - Running: ['***', 'tasks', 'run', 'DAG_AWS_PIPELINE', 'extract_blogs', 'manual__2025-01-19T22:04:02.784376+00:00', '--job-id', '235', '--raw', '--subdir', 'DAGS_FOLDER/Ingesta_aws.py', '--cfg-path', '/tmp/tmpsyvcyrdj']
[2025-01-19T22:04:06.793+0000] {standard_task_runner.py:105} INFO - Job 235: Subtask extract_blogs
[2025-01-19T22:04:06.840+0000] {task_command.py:467} INFO - Running <TaskInstance: DAG_AWS_PIPELINE.extract_blogs manual__2025-01-19T22:04:02.784376+00:00 [running]> on host 59ff16f1d4fb
[2025-01-19T22:04:06.932+0000] {taskinstance.py:3132} INFO - Exporting env vars: AIRFLOW_CTX_DAG_OWNER='Wilfrido Rondon' AIRFLOW_CTX_DAG_ID='DAG_AWS_PIPELINE' AIRFLOW_CTX_TASK_ID='extract_blogs' AIRFLOW_CTX_EXECUTION_DATE='2025-01-19T22:04:02.784376+00:00' AIRFLOW_CTX_TRY_NUMBER='1' AIRFLOW_CTX_DAG_RUN_ID='manual__2025-01-19T22:04:02.784376+00:00'
[2025-01-19T22:04:06.934+0000] {logging_mixin.py:190} INFO - Task instance is in running state
[2025-01-19T22:04:06.934+0000] {logging_mixin.py:190} INFO -  Previous state of the Task instance: queued
[2025-01-19T22:04:06.934+0000] {logging_mixin.py:190} INFO - Current task name:extract_blogs state:running start_date:2025-01-19 22:04:06.581859+00:00
[2025-01-19T22:04:06.935+0000] {logging_mixin.py:190} INFO - Dag name:DAG_AWS_PIPELINE and current dag run status:running
[2025-01-19T22:04:06.935+0000] {taskinstance.py:731} INFO - ::endgroup::
[2025-01-19T22:04:06.935+0000] {Ingesta_aws.py:72} INFO - Recuperando página 1...
[2025-01-19T22:04:07.793+0000] {Ingesta_aws.py:82} INFO - Blogs recuperados: 10, total acumulado: 10
[2025-01-19T22:04:07.794+0000] {Ingesta_aws.py:72} INFO - Recuperando página 2...
[2025-01-19T22:04:09.285+0000] {Ingesta_aws.py:82} INFO - Blogs recuperados: 10, total acumulado: 20
[2025-01-19T22:04:09.285+0000] {Ingesta_aws.py:72} INFO - Recuperando página 3...
[2025-01-19T22:04:09.674+0000] {Ingesta_aws.py:82} INFO - Blogs recuperados: 10, total acumulado: 30
[2025-01-19T22:04:09.674+0000] {Ingesta_aws.py:72} INFO - Recuperando página 4...
[2025-01-19T22:04:10.047+0000] {Ingesta_aws.py:82} INFO - Blogs recuperados: 10, total acumulado: 40
[2025-01-19T22:04:10.047+0000] {Ingesta_aws.py:72} INFO - Recuperando página 5...
[2025-01-19T22:04:10.821+0000] {Ingesta_aws.py:82} INFO - Blogs recuperados: 10, total acumulado: 50
[2025-01-19T22:04:10.822+0000] {Ingesta_aws.py:72} INFO - Recuperando página 6...
[2025-01-19T22:04:11.265+0000] {Ingesta_aws.py:82} INFO - Blogs recuperados: 10, total acumulado: 60
[2025-01-19T22:04:11.265+0000] {Ingesta_aws.py:72} INFO - Recuperando página 7...
[2025-01-19T22:04:11.726+0000] {Ingesta_aws.py:82} INFO - Blogs recuperados: 10, total acumulado: 70
[2025-01-19T22:04:11.727+0000] {Ingesta_aws.py:72} INFO - Recuperando página 8...
[2025-01-19T22:04:12.354+0000] {Ingesta_aws.py:82} INFO - Blogs recuperados: 10, total acumulado: 80
[2025-01-19T22:04:12.355+0000] {Ingesta_aws.py:72} INFO - Recuperando página 9...
[2025-01-19T22:04:12.748+0000] {Ingesta_aws.py:82} INFO - Blogs recuperados: 10, total acumulado: 90
[2025-01-19T22:04:12.748+0000] {Ingesta_aws.py:72} INFO - Recuperando página 10...
[2025-01-19T22:04:13.689+0000] {Ingesta_aws.py:82} INFO - Blogs recuperados: 10, total acumulado: 100
[2025-01-19T22:04:13.690+0000] {Ingesta_aws.py:94} INFO - Transformando los datos a CSV...
[2025-01-19T22:04:13.696+0000] {Ingesta_aws.py:101} INFO - CSV guardado temporalmente en: /tmp/blogs.csv
[2025-01-19T22:04:13.697+0000] {python.py:240} INFO - Done. Returned value was: /tmp/blogs.csv
[2025-01-19T22:04:13.722+0000] {taskinstance.py:340} INFO - ::group::Post task execution logs
[2025-01-19T22:04:13.723+0000] {taskinstance.py:352} INFO - Marking task as SUCCESS. dag_id=DAG_AWS_PIPELINE, task_id=extract_blogs, run_id=manual__2025-01-19T22:04:02.784376+00:00, execution_date=20250119T220402, start_date=20250119T220406, end_date=20250119T220413
[2025-01-19T22:04:13.735+0000] {logging_mixin.py:190} INFO - Task instance in success state
[2025-01-19T22:04:13.736+0000] {logging_mixin.py:190} INFO -  Previous state of the Task instance: running
[2025-01-19T22:04:13.736+0000] {logging_mixin.py:190} INFO - Dag name:DAG_AWS_PIPELINE queued_at:2025-01-19 22:04:02.792807+00:00
[2025-01-19T22:04:13.736+0000] {logging_mixin.py:190} INFO - Task hostname:59ff16f1d4fb operator:PythonOperator
[2025-01-19T22:04:13.749+0000] {local_task_job_runner.py:266} INFO - Task exited with return code 0
[2025-01-19T22:04:13.785+0000] {taskinstance.py:3895} INFO - 1 downstream tasks scheduled from follow-on schedule check
[2025-01-19T22:04:13.788+0000] {local_task_job_runner.py:245} INFO - ::endgroup::
