[2025-01-17T14:23:53.403+0000] {processor.py:186} INFO - Started process (PID=57) to work on /opt/airflow/dags/Extracion_datos.py
[2025-01-17T14:23:53.404+0000] {processor.py:914} INFO - Processing file /opt/airflow/dags/Extracion_datos.py for tasks to queue
[2025-01-17T14:23:53.406+0000] {logging_mixin.py:190} INFO - [2025-01-17T14:23:53.406+0000] {dagbag.py:588} INFO - Filling up the DagBag from /opt/airflow/dags/Extracion_datos.py
[2025-01-17T14:23:53.418+0000] {processor.py:925} INFO - DAG(s) 'spaceflight_news_etl' retrieved from /opt/airflow/dags/Extracion_datos.py
[2025-01-17T14:23:53.444+0000] {logging_mixin.py:190} INFO - [2025-01-17T14:23:53.444+0000] {dag.py:3239} INFO - Sync 1 DAGs
[2025-01-17T14:23:53.459+0000] {logging_mixin.py:190} INFO - [2025-01-17T14:23:53.459+0000] {dag.py:4180} INFO - Setting next_dagrun for spaceflight_news_etl to None, run_after=None
[2025-01-17T14:23:53.477+0000] {processor.py:208} INFO - Processing /opt/airflow/dags/Extracion_datos.py took 0.079 seconds
[2025-01-17T14:24:23.850+0000] {processor.py:186} INFO - Started process (PID=122) to work on /opt/airflow/dags/Extracion_datos.py
[2025-01-17T14:24:23.852+0000] {processor.py:914} INFO - Processing file /opt/airflow/dags/Extracion_datos.py for tasks to queue
[2025-01-17T14:24:23.854+0000] {logging_mixin.py:190} INFO - [2025-01-17T14:24:23.853+0000] {dagbag.py:588} INFO - Filling up the DagBag from /opt/airflow/dags/Extracion_datos.py
[2025-01-17T14:24:23.858+0000] {processor.py:925} INFO - DAG(s) 'spaceflight_news_etl' retrieved from /opt/airflow/dags/Extracion_datos.py
[2025-01-17T14:24:23.874+0000] {logging_mixin.py:190} INFO - [2025-01-17T14:24:23.873+0000] {dag.py:3239} INFO - Sync 1 DAGs
[2025-01-17T14:24:23.886+0000] {logging_mixin.py:190} INFO - [2025-01-17T14:24:23.886+0000] {dag.py:4180} INFO - Setting next_dagrun for spaceflight_news_etl to None, run_after=None
[2025-01-17T14:24:23.904+0000] {processor.py:208} INFO - Processing /opt/airflow/dags/Extracion_datos.py took 0.057 seconds
[2025-01-17T14:24:54.922+0000] {processor.py:186} INFO - Started process (PID=187) to work on /opt/airflow/dags/Extracion_datos.py
[2025-01-17T14:24:54.923+0000] {processor.py:914} INFO - Processing file /opt/airflow/dags/Extracion_datos.py for tasks to queue
[2025-01-17T14:24:54.925+0000] {logging_mixin.py:190} INFO - [2025-01-17T14:24:54.925+0000] {dagbag.py:588} INFO - Filling up the DagBag from /opt/airflow/dags/Extracion_datos.py
[2025-01-17T14:24:54.931+0000] {processor.py:925} INFO - DAG(s) 'spaceflight_news_etl' retrieved from /opt/airflow/dags/Extracion_datos.py
[2025-01-17T14:24:54.949+0000] {logging_mixin.py:190} INFO - [2025-01-17T14:24:54.949+0000] {dag.py:3239} INFO - Sync 1 DAGs
[2025-01-17T14:24:54.966+0000] {logging_mixin.py:190} INFO - [2025-01-17T14:24:54.965+0000] {dag.py:4180} INFO - Setting next_dagrun for spaceflight_news_etl to None, run_after=None
[2025-01-17T14:24:54.986+0000] {processor.py:208} INFO - Processing /opt/airflow/dags/Extracion_datos.py took 0.068 seconds
[2025-01-17T14:25:25.231+0000] {processor.py:186} INFO - Started process (PID=252) to work on /opt/airflow/dags/Extracion_datos.py
[2025-01-17T14:25:25.233+0000] {processor.py:914} INFO - Processing file /opt/airflow/dags/Extracion_datos.py for tasks to queue
[2025-01-17T14:25:25.235+0000] {logging_mixin.py:190} INFO - [2025-01-17T14:25:25.235+0000] {dagbag.py:588} INFO - Filling up the DagBag from /opt/airflow/dags/Extracion_datos.py
[2025-01-17T14:25:25.240+0000] {processor.py:925} INFO - DAG(s) 'spaceflight_news_etl' retrieved from /opt/airflow/dags/Extracion_datos.py
[2025-01-17T14:25:25.257+0000] {logging_mixin.py:190} INFO - [2025-01-17T14:25:25.257+0000] {dag.py:3239} INFO - Sync 1 DAGs
[2025-01-17T14:25:25.269+0000] {logging_mixin.py:190} INFO - [2025-01-17T14:25:25.269+0000] {dag.py:4180} INFO - Setting next_dagrun for spaceflight_news_etl to None, run_after=None
[2025-01-17T14:25:25.287+0000] {processor.py:208} INFO - Processing /opt/airflow/dags/Extracion_datos.py took 0.060 seconds
[2025-01-17T14:25:55.978+0000] {processor.py:186} INFO - Started process (PID=317) to work on /opt/airflow/dags/Extracion_datos.py
[2025-01-17T14:25:55.988+0000] {processor.py:914} INFO - Processing file /opt/airflow/dags/Extracion_datos.py for tasks to queue
[2025-01-17T14:25:55.990+0000] {logging_mixin.py:190} INFO - [2025-01-17T14:25:55.990+0000] {dagbag.py:588} INFO - Filling up the DagBag from /opt/airflow/dags/Extracion_datos.py
[2025-01-17T14:25:55.995+0000] {processor.py:925} INFO - DAG(s) 'spaceflight_news_etl' retrieved from /opt/airflow/dags/Extracion_datos.py
[2025-01-17T14:25:56.012+0000] {logging_mixin.py:190} INFO - [2025-01-17T14:25:56.012+0000] {dag.py:3239} INFO - Sync 1 DAGs
[2025-01-17T14:25:56.026+0000] {logging_mixin.py:190} INFO - [2025-01-17T14:25:56.026+0000] {dag.py:4180} INFO - Setting next_dagrun for spaceflight_news_etl to None, run_after=None
[2025-01-17T14:25:56.044+0000] {processor.py:208} INFO - Processing /opt/airflow/dags/Extracion_datos.py took 0.070 seconds
[2025-01-17T14:26:26.680+0000] {processor.py:186} INFO - Started process (PID=388) to work on /opt/airflow/dags/Extracion_datos.py
[2025-01-17T14:26:26.682+0000] {processor.py:914} INFO - Processing file /opt/airflow/dags/Extracion_datos.py for tasks to queue
[2025-01-17T14:26:26.684+0000] {logging_mixin.py:190} INFO - [2025-01-17T14:26:26.683+0000] {dagbag.py:588} INFO - Filling up the DagBag from /opt/airflow/dags/Extracion_datos.py
[2025-01-17T14:26:26.689+0000] {processor.py:925} INFO - DAG(s) 'spaceflight_news_etl' retrieved from /opt/airflow/dags/Extracion_datos.py
[2025-01-17T14:26:26.704+0000] {logging_mixin.py:190} INFO - [2025-01-17T14:26:26.704+0000] {dag.py:3239} INFO - Sync 1 DAGs
[2025-01-17T14:26:26.717+0000] {logging_mixin.py:190} INFO - [2025-01-17T14:26:26.716+0000] {dag.py:4180} INFO - Setting next_dagrun for spaceflight_news_etl to None, run_after=None
[2025-01-17T14:26:26.732+0000] {processor.py:208} INFO - Processing /opt/airflow/dags/Extracion_datos.py took 0.057 seconds
