[2025-01-17T21:44:51.022+0000] {local_task_job_runner.py:123} INFO - ::group::Pre task execution logs
[2025-01-17T21:44:51.039+0000] {taskinstance.py:2613} INFO - Dependencies all met for dep_context=non-requeueable deps ti=<TaskInstance: spaceflight_data_ingest_v2.fetch_articles manual__2025-01-17T21:44:48.317318+00:00 [queued]>
[2025-01-17T21:44:51.046+0000] {taskinstance.py:2613} INFO - Dependencies all met for dep_context=requeueable deps ti=<TaskInstance: spaceflight_data_ingest_v2.fetch_articles manual__2025-01-17T21:44:48.317318+00:00 [queued]>
[2025-01-17T21:44:51.047+0000] {taskinstance.py:2866} INFO - Starting attempt 1 of 2
[2025-01-17T21:44:51.060+0000] {taskinstance.py:2889} INFO - Executing <Task(PythonOperator): fetch_articles> on 2025-01-17 21:44:48.317318+00:00
[2025-01-17T21:44:51.069+0000] {warnings.py:112} WARNING - /home/***/.local/lib/python3.12/site-packages/***/task/task_runner/standard_task_runner.py:70: DeprecationWarning: This process (pid=1501) is multi-threaded, use of fork() may lead to deadlocks in the child.
  pid = os.fork()

[2025-01-17T21:44:51.070+0000] {standard_task_runner.py:72} INFO - Started process 1503 to run task
[2025-01-17T21:44:51.071+0000] {standard_task_runner.py:104} INFO - Running: ['***', 'tasks', 'run', 'spaceflight_data_ingest_v2', 'fetch_articles', 'manual__2025-01-17T21:44:48.317318+00:00', '--job-id', '86', '--raw', '--subdir', 'DAGS_FOLDER/spaceflight_data_ingest_v2.py', '--cfg-path', '/tmp/tmpe6hpot27']
[2025-01-17T21:44:51.072+0000] {standard_task_runner.py:105} INFO - Job 86: Subtask fetch_articles
[2025-01-17T21:44:51.115+0000] {task_command.py:467} INFO - Running <TaskInstance: spaceflight_data_ingest_v2.fetch_articles manual__2025-01-17T21:44:48.317318+00:00 [running]> on host 59ff16f1d4fb
[2025-01-17T21:44:51.401+0000] {taskinstance.py:3132} INFO - Exporting env vars: AIRFLOW_CTX_DAG_OWNER='***' AIRFLOW_CTX_DAG_ID='spaceflight_data_ingest_v2' AIRFLOW_CTX_TASK_ID='fetch_articles' AIRFLOW_CTX_EXECUTION_DATE='2025-01-17T21:44:48.317318+00:00' AIRFLOW_CTX_TRY_NUMBER='1' AIRFLOW_CTX_DAG_RUN_ID='manual__2025-01-17T21:44:48.317318+00:00'
[2025-01-17T21:44:51.402+0000] {logging_mixin.py:190} INFO - Task instance is in running state
[2025-01-17T21:44:51.402+0000] {logging_mixin.py:190} INFO -  Previous state of the Task instance: queued
[2025-01-17T21:44:51.402+0000] {logging_mixin.py:190} INFO - Current task name:fetch_articles state:running start_date:2025-01-17 21:44:51.039537+00:00
[2025-01-17T21:44:51.402+0000] {logging_mixin.py:190} INFO - Dag name:spaceflight_data_ingest_v2 and current dag run status:running
[2025-01-17T21:44:51.402+0000] {taskinstance.py:731} INFO - ::endgroup::
[2025-01-17T21:44:51.716+0000] {spaceflight_data_ingest_v2.py:69} INFO - Guardados 5 articles de la página 1
[2025-01-17T21:44:52.072+0000] {spaceflight_data_ingest_v2.py:76} ERROR - Error en la solicitud: 'id'
[2025-01-17T21:44:52.072+0000] {spaceflight_data_ingest_v2.py:80} INFO - Reintentando... intento 1/5
[2025-01-17T21:44:57.073+0000] {spaceflight_data_ingest_v2.py:80} INFO - Reintentando... intento 2/5
[2025-01-17T21:45:02.086+0000] {spaceflight_data_ingest_v2.py:80} INFO - Reintentando... intento 3/5
[2025-01-17T21:45:07.087+0000] {spaceflight_data_ingest_v2.py:80} INFO - Reintentando... intento 4/5
[2025-01-17T21:45:12.098+0000] {spaceflight_data_ingest_v2.py:80} INFO - Reintentando... intento 5/5
[2025-01-17T21:45:15.023+0000] {spaceflight_data_ingest_v2.py:55} WARNING - Articles duplicado omitido: 28693
[2025-01-17T21:45:15.023+0000] {spaceflight_data_ingest_v2.py:55} WARNING - Articles duplicado omitido: 28692
[2025-01-17T21:45:15.024+0000] {spaceflight_data_ingest_v2.py:55} WARNING - Articles duplicado omitido: 28691
[2025-01-17T21:45:15.024+0000] {spaceflight_data_ingest_v2.py:55} WARNING - Articles duplicado omitido: 28690
[2025-01-17T21:45:15.024+0000] {spaceflight_data_ingest_v2.py:55} WARNING - Articles duplicado omitido: 28689
[2025-01-17T21:45:15.382+0000] {spaceflight_data_ingest_v2.py:69} INFO - Guardados 5 articles de la página 3
[2025-01-17T21:45:15.769+0000] {spaceflight_data_ingest_v2.py:76} ERROR - Error en la solicitud: 'id'
[2025-01-17T21:45:15.770+0000] {spaceflight_data_ingest_v2.py:80} INFO - Reintentando... intento 1/5
[2025-01-17T21:45:20.771+0000] {spaceflight_data_ingest_v2.py:80} INFO - Reintentando... intento 2/5
[2025-01-17T21:45:25.772+0000] {spaceflight_data_ingest_v2.py:80} INFO - Reintentando... intento 3/5
[2025-01-17T21:45:30.772+0000] {spaceflight_data_ingest_v2.py:80} INFO - Reintentando... intento 4/5
[2025-01-17T21:45:35.780+0000] {spaceflight_data_ingest_v2.py:80} INFO - Reintentando... intento 5/5
[2025-01-17T21:45:38.619+0000] {spaceflight_data_ingest_v2.py:55} WARNING - Articles duplicado omitido: 28683
[2025-01-17T21:45:38.620+0000] {spaceflight_data_ingest_v2.py:55} WARNING - Articles duplicado omitido: 28682
[2025-01-17T21:45:38.620+0000] {spaceflight_data_ingest_v2.py:55} WARNING - Articles duplicado omitido: 28681
[2025-01-17T21:45:38.620+0000] {spaceflight_data_ingest_v2.py:55} WARNING - Articles duplicado omitido: 28680
[2025-01-17T21:45:38.620+0000] {spaceflight_data_ingest_v2.py:55} WARNING - Articles duplicado omitido: 28678
[2025-01-17T21:45:38.897+0000] {spaceflight_data_ingest_v2.py:76} ERROR - Error en la solicitud: 'id'
[2025-01-17T21:45:38.897+0000] {spaceflight_data_ingest_v2.py:80} INFO - Reintentando... intento 1/5
[2025-01-17T21:45:43.898+0000] {spaceflight_data_ingest_v2.py:80} INFO - Reintentando... intento 2/5
[2025-01-17T21:45:48.900+0000] {spaceflight_data_ingest_v2.py:80} INFO - Reintentando... intento 3/5
[2025-01-17T21:45:53.911+0000] {spaceflight_data_ingest_v2.py:80} INFO - Reintentando... intento 4/5
[2025-01-17T21:45:58.912+0000] {spaceflight_data_ingest_v2.py:80} INFO - Reintentando... intento 5/5
[2025-01-17T21:46:04.313+0000] {spaceflight_data_ingest_v2.py:55} WARNING - Articles duplicado omitido: 28679
[2025-01-17T21:46:04.313+0000] {spaceflight_data_ingest_v2.py:55} WARNING - Articles duplicado omitido: 28677
[2025-01-17T21:46:04.313+0000] {spaceflight_data_ingest_v2.py:55} WARNING - Articles duplicado omitido: 28676
[2025-01-17T21:46:04.313+0000] {spaceflight_data_ingest_v2.py:55} WARNING - Articles duplicado omitido: 28675
[2025-01-17T21:46:04.314+0000] {spaceflight_data_ingest_v2.py:55} WARNING - Articles duplicado omitido: 28674
[2025-01-17T21:46:04.766+0000] {spaceflight_data_ingest_v2.py:76} ERROR - Error en la solicitud: 'id'
[2025-01-17T21:46:04.766+0000] {spaceflight_data_ingest_v2.py:80} INFO - Reintentando... intento 1/5
[2025-01-17T21:46:07.334+0000] {spaceflight_data_ingest_v2.py:80} INFO - Reintentando... intento 2/5
[2025-01-17T21:46:12.336+0000] {spaceflight_data_ingest_v2.py:80} INFO - Reintentando... intento 3/5
[2025-01-17T21:46:17.337+0000] {spaceflight_data_ingest_v2.py:80} INFO - Reintentando... intento 4/5
[2025-01-17T21:46:22.339+0000] {spaceflight_data_ingest_v2.py:80} INFO - Reintentando... intento 5/5
[2025-01-17T21:46:27.617+0000] {spaceflight_data_ingest_v2.py:55} WARNING - Articles duplicado omitido: 28673
[2025-01-17T21:46:27.618+0000] {spaceflight_data_ingest_v2.py:55} WARNING - Articles duplicado omitido: 28671
[2025-01-17T21:46:27.618+0000] {spaceflight_data_ingest_v2.py:55} WARNING - Articles duplicado omitido: 28672
[2025-01-17T21:46:27.618+0000] {spaceflight_data_ingest_v2.py:55} WARNING - Articles duplicado omitido: 28669
[2025-01-17T21:46:27.618+0000] {spaceflight_data_ingest_v2.py:55} WARNING - Articles duplicado omitido: 28668
[2025-01-17T21:46:27.967+0000] {spaceflight_data_ingest_v2.py:76} ERROR - Error en la solicitud: 'id'
[2025-01-17T21:46:27.967+0000] {spaceflight_data_ingest_v2.py:80} INFO - Reintentando... intento 1/5
[2025-01-17T21:46:32.968+0000] {spaceflight_data_ingest_v2.py:80} INFO - Reintentando... intento 2/5
[2025-01-17T21:46:35.459+0000] {spaceflight_data_ingest_v2.py:80} INFO - Reintentando... intento 3/5
[2025-01-17T21:46:40.461+0000] {spaceflight_data_ingest_v2.py:80} INFO - Reintentando... intento 4/5
[2025-01-17T21:46:45.463+0000] {spaceflight_data_ingest_v2.py:80} INFO - Reintentando... intento 5/5
[2025-01-17T21:46:50.737+0000] {spaceflight_data_ingest_v2.py:55} WARNING - Articles duplicado omitido: 28670
[2025-01-17T21:46:50.738+0000] {spaceflight_data_ingest_v2.py:55} WARNING - Articles duplicado omitido: 28667
[2025-01-17T21:46:50.738+0000] {spaceflight_data_ingest_v2.py:55} WARNING - Articles duplicado omitido: 28666
[2025-01-17T21:46:50.738+0000] {spaceflight_data_ingest_v2.py:55} WARNING - Articles duplicado omitido: 28664
[2025-01-17T21:46:50.738+0000] {spaceflight_data_ingest_v2.py:55} WARNING - Articles duplicado omitido: 28662
[2025-01-17T21:46:51.090+0000] {spaceflight_data_ingest_v2.py:76} ERROR - Error en la solicitud: 'id'
[2025-01-17T21:46:51.091+0000] {spaceflight_data_ingest_v2.py:80} INFO - Reintentando... intento 1/5
[2025-01-17T21:46:56.091+0000] {spaceflight_data_ingest_v2.py:80} INFO - Reintentando... intento 2/5
[2025-01-17T21:47:01.092+0000] {spaceflight_data_ingest_v2.py:80} INFO - Reintentando... intento 3/5
[2025-01-17T21:47:03.595+0000] {spaceflight_data_ingest_v2.py:80} INFO - Reintentando... intento 4/5
[2025-01-17T21:47:08.596+0000] {spaceflight_data_ingest_v2.py:80} INFO - Reintentando... intento 5/5
[2025-01-17T21:47:13.921+0000] {spaceflight_data_ingest_v2.py:55} WARNING - Articles duplicado omitido: 28665
[2025-01-17T21:47:13.921+0000] {spaceflight_data_ingest_v2.py:55} WARNING - Articles duplicado omitido: 28663
[2025-01-17T21:47:13.921+0000] {spaceflight_data_ingest_v2.py:55} WARNING - Articles duplicado omitido: 28660
[2025-01-17T21:47:13.921+0000] {spaceflight_data_ingest_v2.py:55} WARNING - Articles duplicado omitido: 28661
[2025-01-17T21:47:13.921+0000] {spaceflight_data_ingest_v2.py:55} WARNING - Articles duplicado omitido: 28659
[2025-01-17T21:47:14.269+0000] {spaceflight_data_ingest_v2.py:76} ERROR - Error en la solicitud: 'id'
[2025-01-17T21:47:14.270+0000] {spaceflight_data_ingest_v2.py:80} INFO - Reintentando... intento 1/5
[2025-01-17T21:47:19.270+0000] {spaceflight_data_ingest_v2.py:80} INFO - Reintentando... intento 2/5
[2025-01-17T21:47:24.271+0000] {spaceflight_data_ingest_v2.py:80} INFO - Reintentando... intento 3/5
[2025-01-17T21:47:29.274+0000] {spaceflight_data_ingest_v2.py:80} INFO - Reintentando... intento 4/5
[2025-01-17T21:47:31.778+0000] {spaceflight_data_ingest_v2.py:80} INFO - Reintentando... intento 5/5
[2025-01-17T21:47:37.128+0000] {spaceflight_data_ingest_v2.py:55} WARNING - Articles duplicado omitido: 28658
[2025-01-17T21:47:37.128+0000] {spaceflight_data_ingest_v2.py:55} WARNING - Articles duplicado omitido: 28657
[2025-01-17T21:47:37.128+0000] {spaceflight_data_ingest_v2.py:55} WARNING - Articles duplicado omitido: 28656
[2025-01-17T21:47:37.129+0000] {spaceflight_data_ingest_v2.py:55} WARNING - Articles duplicado omitido: 28654
[2025-01-17T21:47:37.129+0000] {spaceflight_data_ingest_v2.py:55} WARNING - Articles duplicado omitido: 28655
[2025-01-17T21:47:37.512+0000] {spaceflight_data_ingest_v2.py:76} ERROR - Error en la solicitud: 'id'
[2025-01-17T21:47:37.513+0000] {spaceflight_data_ingest_v2.py:80} INFO - Reintentando... intento 1/5
[2025-01-17T21:47:42.514+0000] {spaceflight_data_ingest_v2.py:80} INFO - Reintentando... intento 2/5
[2025-01-17T21:47:47.532+0000] {spaceflight_data_ingest_v2.py:80} INFO - Reintentando... intento 3/5
[2025-01-17T21:47:52.537+0000] {spaceflight_data_ingest_v2.py:80} INFO - Reintentando... intento 4/5
[2025-01-17T21:47:57.545+0000] {spaceflight_data_ingest_v2.py:80} INFO - Reintentando... intento 5/5
[2025-01-17T21:48:02.124+0000] {spaceflight_data_ingest_v2.py:55} WARNING - Articles duplicado omitido: 28653
[2025-01-17T21:48:02.125+0000] {spaceflight_data_ingest_v2.py:55} WARNING - Articles duplicado omitido: 28652
[2025-01-17T21:48:02.125+0000] {spaceflight_data_ingest_v2.py:55} WARNING - Articles duplicado omitido: 28651
[2025-01-17T21:48:02.125+0000] {spaceflight_data_ingest_v2.py:55} WARNING - Articles duplicado omitido: 28650
[2025-01-17T21:48:02.125+0000] {spaceflight_data_ingest_v2.py:55} WARNING - Articles duplicado omitido: 28649
[2025-01-17T21:48:02.538+0000] {spaceflight_data_ingest_v2.py:76} ERROR - Error en la solicitud: 'id'
[2025-01-17T21:48:02.538+0000] {spaceflight_data_ingest_v2.py:80} INFO - Reintentando... intento 1/5
[2025-01-17T21:48:07.539+0000] {spaceflight_data_ingest_v2.py:80} INFO - Reintentando... intento 2/5
[2025-01-17T21:48:09.648+0000] {spaceflight_data_ingest_v2.py:80} INFO - Reintentando... intento 3/5
[2025-01-17T21:48:14.649+0000] {spaceflight_data_ingest_v2.py:80} INFO - Reintentando... intento 4/5
[2025-01-17T21:48:19.650+0000] {spaceflight_data_ingest_v2.py:80} INFO - Reintentando... intento 5/5
[2025-01-17T21:48:23.871+0000] {spaceflight_data_ingest_v2.py:55} WARNING - Articles duplicado omitido: 28646
[2025-01-17T21:48:23.872+0000] {spaceflight_data_ingest_v2.py:55} WARNING - Articles duplicado omitido: 28647
[2025-01-17T21:48:23.872+0000] {spaceflight_data_ingest_v2.py:55} WARNING - Articles duplicado omitido: 28644
[2025-01-17T21:48:23.872+0000] {spaceflight_data_ingest_v2.py:55} WARNING - Articles duplicado omitido: 28643
[2025-01-17T21:48:23.872+0000] {spaceflight_data_ingest_v2.py:55} WARNING - Articles duplicado omitido: 28642
[2025-01-17T21:48:24.147+0000] {spaceflight_data_ingest_v2.py:76} ERROR - Error en la solicitud: 'id'
[2025-01-17T21:48:24.147+0000] {spaceflight_data_ingest_v2.py:80} INFO - Reintentando... intento 1/5
[2025-01-17T21:48:29.159+0000] {spaceflight_data_ingest_v2.py:80} INFO - Reintentando... intento 2/5
[2025-01-17T21:48:34.176+0000] {spaceflight_data_ingest_v2.py:80} INFO - Reintentando... intento 3/5
[2025-01-17T21:48:39.179+0000] {spaceflight_data_ingest_v2.py:80} INFO - Reintentando... intento 4/5
[2025-01-17T21:48:44.205+0000] {spaceflight_data_ingest_v2.py:80} INFO - Reintentando... intento 5/5
[2025-01-17T21:48:49.565+0000] {spaceflight_data_ingest_v2.py:55} WARNING - Articles duplicado omitido: 28641
[2025-01-17T21:48:49.565+0000] {spaceflight_data_ingest_v2.py:55} WARNING - Articles duplicado omitido: 28648
[2025-01-17T21:48:49.565+0000] {spaceflight_data_ingest_v2.py:55} WARNING - Articles duplicado omitido: 28618
[2025-01-17T21:48:49.566+0000] {spaceflight_data_ingest_v2.py:55} WARNING - Articles duplicado omitido: 28645
[2025-01-17T21:48:49.566+0000] {spaceflight_data_ingest_v2.py:55} WARNING - Articles duplicado omitido: 28619
[2025-01-17T21:48:49.885+0000] {spaceflight_data_ingest_v2.py:69} INFO - Guardados 5 articles de la página 13
[2025-01-17T21:48:50.236+0000] {spaceflight_data_ingest_v2.py:76} ERROR - Error en la solicitud: 'id'
[2025-01-17T21:48:50.236+0000] {spaceflight_data_ingest_v2.py:80} INFO - Reintentando... intento 1/5
[2025-01-17T21:48:52.619+0000] {spaceflight_data_ingest_v2.py:80} INFO - Reintentando... intento 2/5
[2025-01-17T21:48:57.623+0000] {spaceflight_data_ingest_v2.py:80} INFO - Reintentando... intento 3/5
[2025-01-17T21:49:02.634+0000] {spaceflight_data_ingest_v2.py:80} INFO - Reintentando... intento 4/5
[2025-01-17T21:49:07.637+0000] {spaceflight_data_ingest_v2.py:80} INFO - Reintentando... intento 5/5
[2025-01-17T21:49:13.018+0000] {spaceflight_data_ingest_v2.py:55} WARNING - Articles duplicado omitido: 28613
[2025-01-17T21:49:13.019+0000] {spaceflight_data_ingest_v2.py:55} WARNING - Articles duplicado omitido: 28612
[2025-01-17T21:49:13.019+0000] {spaceflight_data_ingest_v2.py:55} WARNING - Articles duplicado omitido: 28614
[2025-01-17T21:49:13.019+0000] {spaceflight_data_ingest_v2.py:55} WARNING - Articles duplicado omitido: 28611
[2025-01-17T21:49:13.019+0000] {spaceflight_data_ingest_v2.py:55} WARNING - Articles duplicado omitido: 28610
[2025-01-17T21:49:13.500+0000] {spaceflight_data_ingest_v2.py:76} ERROR - Error en la solicitud: 'id'
[2025-01-17T21:49:13.500+0000] {spaceflight_data_ingest_v2.py:80} INFO - Reintentando... intento 1/5
[2025-01-17T21:49:18.511+0000] {spaceflight_data_ingest_v2.py:80} INFO - Reintentando... intento 2/5
[2025-01-17T21:49:21.150+0000] {spaceflight_data_ingest_v2.py:80} INFO - Reintentando... intento 3/5
[2025-01-17T21:49:26.151+0000] {spaceflight_data_ingest_v2.py:80} INFO - Reintentando... intento 4/5
[2025-01-17T21:49:31.153+0000] {spaceflight_data_ingest_v2.py:80} INFO - Reintentando... intento 5/5
